[2023-12-08T14:40:02.994+0000] {processor.py:157} INFO - Started process (PID=362) to work on /opt/airflow/dags/sec_python_operator.py
[2023-12-08T14:40:02.997+0000] {processor.py:829} INFO - Processing file /opt/airflow/dags/sec_python_operator.py for tasks to queue
[2023-12-08T14:40:03.004+0000] {logging_mixin.py:154} INFO - [2023-12-08T14:40:03.003+0000] {dagbag.py:536} INFO - Filling up the DagBag from /opt/airflow/dags/sec_python_operator.py
[2023-12-08T14:40:03.061+0000] {logging_mixin.py:154} INFO - [2023-12-08T14:40:03.014+0000] {dagbag.py:346} ERROR - Failed to import: /opt/airflow/dags/sec_python_operator.py
Traceback (most recent call last):
  File "/home/airflow/.local/lib/python3.8/site-packages/airflow/models/dagbag.py", line 342, in parse
    loader.exec_module(new_module)
  File "<frozen importlib._bootstrap_external>", line 839, in exec_module
  File "<frozen importlib._bootstrap_external>", line 976, in get_code
  File "<frozen importlib._bootstrap_external>", line 906, in source_to_code
  File "<frozen importlib._bootstrap>", line 219, in _call_with_frames_removed
  File "/opt/airflow/dags/sec_python_operator.py", line 21
    task1= PythonOperator{
                         ^
SyntaxError: invalid syntax
[2023-12-08T14:40:03.062+0000] {processor.py:841} WARNING - No viable dags retrieved from /opt/airflow/dags/sec_python_operator.py
[2023-12-08T14:40:03.167+0000] {processor.py:179} INFO - Processing /opt/airflow/dags/sec_python_operator.py took 0.199 seconds
[2023-12-08T14:40:33.505+0000] {processor.py:157} INFO - Started process (PID=371) to work on /opt/airflow/dags/sec_python_operator.py
[2023-12-08T14:40:33.508+0000] {processor.py:829} INFO - Processing file /opt/airflow/dags/sec_python_operator.py for tasks to queue
[2023-12-08T14:40:33.511+0000] {logging_mixin.py:154} INFO - [2023-12-08T14:40:33.511+0000] {dagbag.py:536} INFO - Filling up the DagBag from /opt/airflow/dags/sec_python_operator.py
[2023-12-08T14:40:33.517+0000] {logging_mixin.py:154} INFO - [2023-12-08T14:40:33.515+0000] {dagbag.py:346} ERROR - Failed to import: /opt/airflow/dags/sec_python_operator.py
Traceback (most recent call last):
  File "/home/airflow/.local/lib/python3.8/site-packages/airflow/models/dagbag.py", line 342, in parse
    loader.exec_module(new_module)
  File "<frozen importlib._bootstrap_external>", line 839, in exec_module
  File "<frozen importlib._bootstrap_external>", line 976, in get_code
  File "<frozen importlib._bootstrap_external>", line 906, in source_to_code
  File "<frozen importlib._bootstrap>", line 219, in _call_with_frames_removed
  File "/opt/airflow/dags/sec_python_operator.py", line 21
    task1= PythonOperator{
                         ^
SyntaxError: invalid syntax
[2023-12-08T14:40:33.518+0000] {processor.py:841} WARNING - No viable dags retrieved from /opt/airflow/dags/sec_python_operator.py
[2023-12-08T14:40:33.553+0000] {processor.py:179} INFO - Processing /opt/airflow/dags/sec_python_operator.py took 0.054 seconds
[2023-12-08T14:41:03.762+0000] {processor.py:157} INFO - Started process (PID=380) to work on /opt/airflow/dags/sec_python_operator.py
[2023-12-08T14:41:03.764+0000] {processor.py:829} INFO - Processing file /opt/airflow/dags/sec_python_operator.py for tasks to queue
[2023-12-08T14:41:03.770+0000] {logging_mixin.py:154} INFO - [2023-12-08T14:41:03.769+0000] {dagbag.py:536} INFO - Filling up the DagBag from /opt/airflow/dags/sec_python_operator.py
[2023-12-08T14:41:03.776+0000] {logging_mixin.py:154} INFO - [2023-12-08T14:41:03.775+0000] {dagbag.py:346} ERROR - Failed to import: /opt/airflow/dags/sec_python_operator.py
Traceback (most recent call last):
  File "/home/airflow/.local/lib/python3.8/site-packages/airflow/models/dagbag.py", line 342, in parse
    loader.exec_module(new_module)
  File "<frozen importlib._bootstrap_external>", line 839, in exec_module
  File "<frozen importlib._bootstrap_external>", line 976, in get_code
  File "<frozen importlib._bootstrap_external>", line 906, in source_to_code
  File "<frozen importlib._bootstrap>", line 219, in _call_with_frames_removed
  File "/opt/airflow/dags/sec_python_operator.py", line 21
    task1= PythonOperator{
                         ^
SyntaxError: invalid syntax
[2023-12-08T14:41:03.777+0000] {processor.py:841} WARNING - No viable dags retrieved from /opt/airflow/dags/sec_python_operator.py
[2023-12-08T14:41:03.824+0000] {processor.py:179} INFO - Processing /opt/airflow/dags/sec_python_operator.py took 0.071 seconds
[2023-12-08T14:41:33.948+0000] {processor.py:157} INFO - Started process (PID=389) to work on /opt/airflow/dags/sec_python_operator.py
[2023-12-08T14:41:33.956+0000] {processor.py:829} INFO - Processing file /opt/airflow/dags/sec_python_operator.py for tasks to queue
[2023-12-08T14:41:33.962+0000] {logging_mixin.py:154} INFO - [2023-12-08T14:41:33.961+0000] {dagbag.py:536} INFO - Filling up the DagBag from /opt/airflow/dags/sec_python_operator.py
[2023-12-08T14:41:33.972+0000] {logging_mixin.py:154} INFO - [2023-12-08T14:41:33.967+0000] {dagbag.py:346} ERROR - Failed to import: /opt/airflow/dags/sec_python_operator.py
Traceback (most recent call last):
  File "/home/airflow/.local/lib/python3.8/site-packages/airflow/models/dagbag.py", line 342, in parse
    loader.exec_module(new_module)
  File "<frozen importlib._bootstrap_external>", line 839, in exec_module
  File "<frozen importlib._bootstrap_external>", line 976, in get_code
  File "<frozen importlib._bootstrap_external>", line 906, in source_to_code
  File "<frozen importlib._bootstrap>", line 219, in _call_with_frames_removed
  File "/opt/airflow/dags/sec_python_operator.py", line 21
    task1= PythonOperator{
                         ^
SyntaxError: invalid syntax
[2023-12-08T14:41:33.973+0000] {processor.py:841} WARNING - No viable dags retrieved from /opt/airflow/dags/sec_python_operator.py
[2023-12-08T14:41:34.030+0000] {processor.py:179} INFO - Processing /opt/airflow/dags/sec_python_operator.py took 0.091 seconds
[2023-12-08T14:42:04.248+0000] {processor.py:157} INFO - Started process (PID=405) to work on /opt/airflow/dags/sec_python_operator.py
[2023-12-08T14:42:04.250+0000] {processor.py:829} INFO - Processing file /opt/airflow/dags/sec_python_operator.py for tasks to queue
[2023-12-08T14:42:04.255+0000] {logging_mixin.py:154} INFO - [2023-12-08T14:42:04.255+0000] {dagbag.py:536} INFO - Filling up the DagBag from /opt/airflow/dags/sec_python_operator.py
[2023-12-08T14:42:04.260+0000] {logging_mixin.py:154} INFO - [2023-12-08T14:42:04.258+0000] {dagbag.py:346} ERROR - Failed to import: /opt/airflow/dags/sec_python_operator.py
Traceback (most recent call last):
  File "/home/airflow/.local/lib/python3.8/site-packages/airflow/models/dagbag.py", line 342, in parse
    loader.exec_module(new_module)
  File "<frozen importlib._bootstrap_external>", line 839, in exec_module
  File "<frozen importlib._bootstrap_external>", line 976, in get_code
  File "<frozen importlib._bootstrap_external>", line 906, in source_to_code
  File "<frozen importlib._bootstrap>", line 219, in _call_with_frames_removed
  File "/opt/airflow/dags/sec_python_operator.py", line 21
    task1= PythonOperator{
                         ^
SyntaxError: invalid syntax
[2023-12-08T14:42:04.261+0000] {processor.py:841} WARNING - No viable dags retrieved from /opt/airflow/dags/sec_python_operator.py
[2023-12-08T14:42:04.296+0000] {processor.py:179} INFO - Processing /opt/airflow/dags/sec_python_operator.py took 0.055 seconds
[2023-12-08T14:42:20.481+0000] {processor.py:157} INFO - Started process (PID=407) to work on /opt/airflow/dags/sec_python_operator.py
[2023-12-08T14:42:20.483+0000] {processor.py:829} INFO - Processing file /opt/airflow/dags/sec_python_operator.py for tasks to queue
[2023-12-08T14:42:20.487+0000] {logging_mixin.py:154} INFO - [2023-12-08T14:42:20.487+0000] {dagbag.py:536} INFO - Filling up the DagBag from /opt/airflow/dags/sec_python_operator.py
[2023-12-08T14:42:20.516+0000] {processor.py:839} INFO - DAG(s) dict_keys(['second_dag']) retrieved from /opt/airflow/dags/sec_python_operator.py
[2023-12-08T14:42:20.734+0000] {logging_mixin.py:154} INFO - [2023-12-08T14:42:20.734+0000] {manager.py:499} INFO - Created Permission View: %s
[2023-12-08T14:42:20.765+0000] {logging_mixin.py:154} INFO - [2023-12-08T14:42:20.764+0000] {manager.py:499} INFO - Created Permission View: %s
[2023-12-08T14:42:20.777+0000] {logging_mixin.py:154} INFO - [2023-12-08T14:42:20.776+0000] {manager.py:499} INFO - Created Permission View: %s
[2023-12-08T14:42:20.778+0000] {logging_mixin.py:154} INFO - [2023-12-08T14:42:20.778+0000] {dag.py:2941} INFO - Sync 1 DAGs
[2023-12-08T14:42:20.800+0000] {logging_mixin.py:154} INFO - [2023-12-08T14:42:20.800+0000] {dag.py:2963} INFO - Creating ORM DAG for second_dag
[2023-12-08T14:42:20.822+0000] {logging_mixin.py:154} INFO - [2023-12-08T14:42:20.822+0000] {dag.py:3722} INFO - Setting next_dagrun for second_dag to 2023-12-10T00:00:00+00:00, run_after=2023-12-11T00:00:00+00:00
[2023-12-08T14:42:20.855+0000] {processor.py:179} INFO - Processing /opt/airflow/dags/sec_python_operator.py took 0.383 seconds
[2023-12-08T14:42:51.157+0000] {processor.py:157} INFO - Started process (PID=417) to work on /opt/airflow/dags/sec_python_operator.py
[2023-12-08T14:42:51.174+0000] {processor.py:829} INFO - Processing file /opt/airflow/dags/sec_python_operator.py for tasks to queue
[2023-12-08T14:42:51.180+0000] {logging_mixin.py:154} INFO - [2023-12-08T14:42:51.179+0000] {dagbag.py:536} INFO - Filling up the DagBag from /opt/airflow/dags/sec_python_operator.py
[2023-12-08T14:42:51.219+0000] {processor.py:839} INFO - DAG(s) dict_keys(['second_dag']) retrieved from /opt/airflow/dags/sec_python_operator.py
[2023-12-08T14:42:51.305+0000] {logging_mixin.py:154} INFO - [2023-12-08T14:42:51.304+0000] {dag.py:2941} INFO - Sync 1 DAGs
[2023-12-08T14:42:51.426+0000] {logging_mixin.py:154} INFO - [2023-12-08T14:42:51.426+0000] {dag.py:3722} INFO - Setting next_dagrun for second_dag to 2023-12-10T00:00:00+00:00, run_after=2023-12-11T00:00:00+00:00
[2023-12-08T14:42:51.502+0000] {processor.py:179} INFO - Processing /opt/airflow/dags/sec_python_operator.py took 0.364 seconds
[2023-12-08T14:43:12.436+0000] {processor.py:157} INFO - Started process (PID=426) to work on /opt/airflow/dags/sec_python_operator.py
[2023-12-08T14:43:12.449+0000] {processor.py:829} INFO - Processing file /opt/airflow/dags/sec_python_operator.py for tasks to queue
[2023-12-08T14:43:12.464+0000] {logging_mixin.py:154} INFO - [2023-12-08T14:43:12.463+0000] {dagbag.py:536} INFO - Filling up the DagBag from /opt/airflow/dags/sec_python_operator.py
[2023-12-08T14:43:12.494+0000] {processor.py:839} INFO - DAG(s) dict_keys(['second_dag']) retrieved from /opt/airflow/dags/sec_python_operator.py
[2023-12-08T14:43:12.826+0000] {logging_mixin.py:154} INFO - [2023-12-08T14:43:12.826+0000] {dag.py:2941} INFO - Sync 1 DAGs
[2023-12-08T14:43:12.896+0000] {logging_mixin.py:154} INFO - [2023-12-08T14:43:12.896+0000] {dag.py:3722} INFO - Setting next_dagrun for second_dag to 2023-12-10T00:00:00+00:00, run_after=2023-12-11T00:00:00+00:00
[2023-12-08T14:43:13.068+0000] {processor.py:179} INFO - Processing /opt/airflow/dags/sec_python_operator.py took 0.662 seconds
[2023-12-08T14:43:20.241+0000] {processor.py:157} INFO - Started process (PID=427) to work on /opt/airflow/dags/sec_python_operator.py
[2023-12-08T14:43:20.255+0000] {processor.py:829} INFO - Processing file /opt/airflow/dags/sec_python_operator.py for tasks to queue
[2023-12-08T14:43:20.273+0000] {logging_mixin.py:154} INFO - [2023-12-08T14:43:20.272+0000] {dagbag.py:536} INFO - Filling up the DagBag from /opt/airflow/dags/sec_python_operator.py
[2023-12-08T14:43:20.425+0000] {processor.py:839} INFO - DAG(s) dict_keys(['second_dag']) retrieved from /opt/airflow/dags/sec_python_operator.py
[2023-12-08T14:43:20.601+0000] {logging_mixin.py:154} INFO - [2023-12-08T14:43:20.600+0000] {dag.py:2941} INFO - Sync 1 DAGs
[2023-12-08T14:43:21.195+0000] {logging_mixin.py:154} INFO - [2023-12-08T14:43:21.195+0000] {dag.py:3722} INFO - Setting next_dagrun for second_dag to 2023-12-10T00:00:00+00:00, run_after=2023-12-11T00:00:00+00:00
[2023-12-08T14:43:22.164+0000] {processor.py:179} INFO - Processing /opt/airflow/dags/sec_python_operator.py took 1.956 seconds
[2023-12-08T14:43:52.793+0000] {processor.py:157} INFO - Started process (PID=436) to work on /opt/airflow/dags/sec_python_operator.py
[2023-12-08T14:43:52.807+0000] {processor.py:829} INFO - Processing file /opt/airflow/dags/sec_python_operator.py for tasks to queue
[2023-12-08T14:43:52.822+0000] {logging_mixin.py:154} INFO - [2023-12-08T14:43:52.821+0000] {dagbag.py:536} INFO - Filling up the DagBag from /opt/airflow/dags/sec_python_operator.py
[2023-12-08T14:43:52.897+0000] {processor.py:839} INFO - DAG(s) dict_keys(['second_dag']) retrieved from /opt/airflow/dags/sec_python_operator.py
[2023-12-08T14:43:53.971+0000] {logging_mixin.py:154} INFO - [2023-12-08T14:43:53.971+0000] {dag.py:2941} INFO - Sync 1 DAGs
[2023-12-08T14:43:54.044+0000] {logging_mixin.py:154} INFO - [2023-12-08T14:43:54.043+0000] {dag.py:3722} INFO - Setting next_dagrun for second_dag to 2023-12-10T00:00:00+00:00, run_after=2023-12-11T00:00:00+00:00
[2023-12-08T14:43:54.139+0000] {processor.py:179} INFO - Processing /opt/airflow/dags/sec_python_operator.py took 1.369 seconds
[2023-12-08T14:44:24.377+0000] {processor.py:157} INFO - Started process (PID=445) to work on /opt/airflow/dags/sec_python_operator.py
[2023-12-08T14:44:24.390+0000] {processor.py:829} INFO - Processing file /opt/airflow/dags/sec_python_operator.py for tasks to queue
[2023-12-08T14:44:24.399+0000] {logging_mixin.py:154} INFO - [2023-12-08T14:44:24.398+0000] {dagbag.py:536} INFO - Filling up the DagBag from /opt/airflow/dags/sec_python_operator.py
[2023-12-08T14:44:24.466+0000] {processor.py:839} INFO - DAG(s) dict_keys(['second_dag']) retrieved from /opt/airflow/dags/sec_python_operator.py
[2023-12-08T14:44:24.646+0000] {logging_mixin.py:154} INFO - [2023-12-08T14:44:24.645+0000] {dag.py:2941} INFO - Sync 1 DAGs
[2023-12-08T14:44:24.727+0000] {logging_mixin.py:154} INFO - [2023-12-08T14:44:24.726+0000] {dag.py:3722} INFO - Setting next_dagrun for second_dag to 2023-12-10T00:00:00+00:00, run_after=2023-12-11T00:00:00+00:00
[2023-12-08T14:44:24.842+0000] {processor.py:179} INFO - Processing /opt/airflow/dags/sec_python_operator.py took 0.485 seconds
[2023-12-08T14:44:55.039+0000] {processor.py:157} INFO - Started process (PID=455) to work on /opt/airflow/dags/sec_python_operator.py
[2023-12-08T14:44:55.043+0000] {processor.py:829} INFO - Processing file /opt/airflow/dags/sec_python_operator.py for tasks to queue
[2023-12-08T14:44:55.050+0000] {logging_mixin.py:154} INFO - [2023-12-08T14:44:55.049+0000] {dagbag.py:536} INFO - Filling up the DagBag from /opt/airflow/dags/sec_python_operator.py
[2023-12-08T14:44:55.089+0000] {processor.py:839} INFO - DAG(s) dict_keys(['second_dag']) retrieved from /opt/airflow/dags/sec_python_operator.py
[2023-12-08T14:44:55.153+0000] {logging_mixin.py:154} INFO - [2023-12-08T14:44:55.152+0000] {dag.py:2941} INFO - Sync 1 DAGs
[2023-12-08T14:44:55.204+0000] {logging_mixin.py:154} INFO - [2023-12-08T14:44:55.203+0000] {dag.py:3722} INFO - Setting next_dagrun for second_dag to 2023-12-10T00:00:00+00:00, run_after=2023-12-11T00:00:00+00:00
[2023-12-08T14:44:55.247+0000] {processor.py:179} INFO - Processing /opt/airflow/dags/sec_python_operator.py took 0.218 seconds
[2023-12-08T14:45:25.519+0000] {processor.py:157} INFO - Started process (PID=464) to work on /opt/airflow/dags/sec_python_operator.py
[2023-12-08T14:45:25.523+0000] {processor.py:829} INFO - Processing file /opt/airflow/dags/sec_python_operator.py for tasks to queue
[2023-12-08T14:45:25.535+0000] {logging_mixin.py:154} INFO - [2023-12-08T14:45:25.535+0000] {dagbag.py:536} INFO - Filling up the DagBag from /opt/airflow/dags/sec_python_operator.py
[2023-12-08T14:45:25.572+0000] {processor.py:839} INFO - DAG(s) dict_keys(['second_dag']) retrieved from /opt/airflow/dags/sec_python_operator.py
[2023-12-08T14:45:25.619+0000] {logging_mixin.py:154} INFO - [2023-12-08T14:45:25.619+0000] {dag.py:2941} INFO - Sync 1 DAGs
[2023-12-08T14:45:25.666+0000] {logging_mixin.py:154} INFO - [2023-12-08T14:45:25.665+0000] {dag.py:3722} INFO - Setting next_dagrun for second_dag to 2023-12-10T00:00:00+00:00, run_after=2023-12-11T00:00:00+00:00
[2023-12-08T14:45:25.695+0000] {processor.py:179} INFO - Processing /opt/airflow/dags/sec_python_operator.py took 0.193 seconds
[2023-12-08T14:45:55.967+0000] {processor.py:157} INFO - Started process (PID=473) to work on /opt/airflow/dags/sec_python_operator.py
[2023-12-08T14:45:55.968+0000] {processor.py:829} INFO - Processing file /opt/airflow/dags/sec_python_operator.py for tasks to queue
[2023-12-08T14:45:55.974+0000] {logging_mixin.py:154} INFO - [2023-12-08T14:45:55.973+0000] {dagbag.py:536} INFO - Filling up the DagBag from /opt/airflow/dags/sec_python_operator.py
[2023-12-08T14:45:55.997+0000] {processor.py:839} INFO - DAG(s) dict_keys(['second_dag']) retrieved from /opt/airflow/dags/sec_python_operator.py
[2023-12-08T14:45:56.079+0000] {logging_mixin.py:154} INFO - [2023-12-08T14:45:56.078+0000] {dag.py:2941} INFO - Sync 1 DAGs
[2023-12-08T14:45:56.192+0000] {logging_mixin.py:154} INFO - [2023-12-08T14:45:56.192+0000] {dag.py:3722} INFO - Setting next_dagrun for second_dag to 2023-12-10T00:00:00+00:00, run_after=2023-12-11T00:00:00+00:00
[2023-12-08T14:45:56.270+0000] {processor.py:179} INFO - Processing /opt/airflow/dags/sec_python_operator.py took 0.311 seconds
[2023-12-08T14:46:26.533+0000] {processor.py:157} INFO - Started process (PID=483) to work on /opt/airflow/dags/sec_python_operator.py
[2023-12-08T14:46:26.537+0000] {processor.py:829} INFO - Processing file /opt/airflow/dags/sec_python_operator.py for tasks to queue
[2023-12-08T14:46:26.542+0000] {logging_mixin.py:154} INFO - [2023-12-08T14:46:26.541+0000] {dagbag.py:536} INFO - Filling up the DagBag from /opt/airflow/dags/sec_python_operator.py
[2023-12-08T14:46:26.566+0000] {processor.py:839} INFO - DAG(s) dict_keys(['second_dag']) retrieved from /opt/airflow/dags/sec_python_operator.py
[2023-12-08T14:46:26.615+0000] {logging_mixin.py:154} INFO - [2023-12-08T14:46:26.615+0000] {dag.py:2941} INFO - Sync 1 DAGs
[2023-12-08T14:46:26.666+0000] {logging_mixin.py:154} INFO - [2023-12-08T14:46:26.665+0000] {dag.py:3722} INFO - Setting next_dagrun for second_dag to 2023-12-10T00:00:00+00:00, run_after=2023-12-11T00:00:00+00:00
[2023-12-08T14:46:26.701+0000] {processor.py:179} INFO - Processing /opt/airflow/dags/sec_python_operator.py took 0.177 seconds
[2023-12-08T14:46:56.928+0000] {processor.py:157} INFO - Started process (PID=492) to work on /opt/airflow/dags/sec_python_operator.py
[2023-12-08T14:46:56.930+0000] {processor.py:829} INFO - Processing file /opt/airflow/dags/sec_python_operator.py for tasks to queue
[2023-12-08T14:46:56.937+0000] {logging_mixin.py:154} INFO - [2023-12-08T14:46:56.936+0000] {dagbag.py:536} INFO - Filling up the DagBag from /opt/airflow/dags/sec_python_operator.py
[2023-12-08T14:46:56.982+0000] {processor.py:839} INFO - DAG(s) dict_keys(['second_dag']) retrieved from /opt/airflow/dags/sec_python_operator.py
[2023-12-08T14:46:57.034+0000] {logging_mixin.py:154} INFO - [2023-12-08T14:46:57.034+0000] {dag.py:2941} INFO - Sync 1 DAGs
[2023-12-08T14:46:57.107+0000] {logging_mixin.py:154} INFO - [2023-12-08T14:46:57.106+0000] {dag.py:3722} INFO - Setting next_dagrun for second_dag to 2023-12-10T00:00:00+00:00, run_after=2023-12-11T00:00:00+00:00
[2023-12-08T14:46:57.198+0000] {processor.py:179} INFO - Processing /opt/airflow/dags/sec_python_operator.py took 0.282 seconds
[2023-12-08T14:47:27.638+0000] {processor.py:157} INFO - Started process (PID=501) to work on /opt/airflow/dags/sec_python_operator.py
[2023-12-08T14:47:27.704+0000] {processor.py:829} INFO - Processing file /opt/airflow/dags/sec_python_operator.py for tasks to queue
[2023-12-08T14:47:27.722+0000] {logging_mixin.py:154} INFO - [2023-12-08T14:47:27.721+0000] {dagbag.py:536} INFO - Filling up the DagBag from /opt/airflow/dags/sec_python_operator.py
[2023-12-08T14:47:27.837+0000] {processor.py:839} INFO - DAG(s) dict_keys(['second_dag']) retrieved from /opt/airflow/dags/sec_python_operator.py
[2023-12-08T14:47:28.067+0000] {logging_mixin.py:154} INFO - [2023-12-08T14:47:28.067+0000] {dag.py:2941} INFO - Sync 1 DAGs
[2023-12-08T14:47:28.262+0000] {logging_mixin.py:154} INFO - [2023-12-08T14:47:28.262+0000] {dag.py:3722} INFO - Setting next_dagrun for second_dag to 2023-12-10T00:00:00+00:00, run_after=2023-12-11T00:00:00+00:00
[2023-12-08T14:47:28.387+0000] {processor.py:179} INFO - Processing /opt/airflow/dags/sec_python_operator.py took 0.784 seconds
[2023-12-08T14:47:58.737+0000] {processor.py:157} INFO - Started process (PID=510) to work on /opt/airflow/dags/sec_python_operator.py
[2023-12-08T14:47:58.739+0000] {processor.py:829} INFO - Processing file /opt/airflow/dags/sec_python_operator.py for tasks to queue
[2023-12-08T14:47:58.745+0000] {logging_mixin.py:154} INFO - [2023-12-08T14:47:58.745+0000] {dagbag.py:536} INFO - Filling up the DagBag from /opt/airflow/dags/sec_python_operator.py
[2023-12-08T14:47:58.821+0000] {processor.py:839} INFO - DAG(s) dict_keys(['second_dag']) retrieved from /opt/airflow/dags/sec_python_operator.py
[2023-12-08T14:47:58.956+0000] {logging_mixin.py:154} INFO - [2023-12-08T14:47:58.956+0000] {dag.py:2941} INFO - Sync 1 DAGs
[2023-12-08T14:47:59.081+0000] {logging_mixin.py:154} INFO - [2023-12-08T14:47:59.080+0000] {dag.py:3722} INFO - Setting next_dagrun for second_dag to 2023-12-10T00:00:00+00:00, run_after=2023-12-11T00:00:00+00:00
[2023-12-08T14:47:59.148+0000] {processor.py:179} INFO - Processing /opt/airflow/dags/sec_python_operator.py took 0.421 seconds
[2023-12-08T14:48:29.280+0000] {processor.py:157} INFO - Started process (PID=519) to work on /opt/airflow/dags/sec_python_operator.py
[2023-12-08T14:48:29.282+0000] {processor.py:829} INFO - Processing file /opt/airflow/dags/sec_python_operator.py for tasks to queue
[2023-12-08T14:48:29.288+0000] {logging_mixin.py:154} INFO - [2023-12-08T14:48:29.287+0000] {dagbag.py:536} INFO - Filling up the DagBag from /opt/airflow/dags/sec_python_operator.py
[2023-12-08T14:48:29.364+0000] {processor.py:839} INFO - DAG(s) dict_keys(['second_dag']) retrieved from /opt/airflow/dags/sec_python_operator.py
[2023-12-08T14:48:29.600+0000] {logging_mixin.py:154} INFO - [2023-12-08T14:48:29.599+0000] {dag.py:2941} INFO - Sync 1 DAGs
[2023-12-08T14:48:29.819+0000] {logging_mixin.py:154} INFO - [2023-12-08T14:48:29.818+0000] {dag.py:3722} INFO - Setting next_dagrun for second_dag to 2023-12-10T00:00:00+00:00, run_after=2023-12-11T00:00:00+00:00
[2023-12-08T14:48:29.962+0000] {processor.py:179} INFO - Processing /opt/airflow/dags/sec_python_operator.py took 0.690 seconds
[2023-12-08T14:49:00.228+0000] {processor.py:157} INFO - Started process (PID=528) to work on /opt/airflow/dags/sec_python_operator.py
[2023-12-08T14:49:00.234+0000] {processor.py:829} INFO - Processing file /opt/airflow/dags/sec_python_operator.py for tasks to queue
[2023-12-08T14:49:00.241+0000] {logging_mixin.py:154} INFO - [2023-12-08T14:49:00.241+0000] {dagbag.py:536} INFO - Filling up the DagBag from /opt/airflow/dags/sec_python_operator.py
[2023-12-08T14:49:00.293+0000] {processor.py:839} INFO - DAG(s) dict_keys(['second_dag']) retrieved from /opt/airflow/dags/sec_python_operator.py
[2023-12-08T14:49:00.428+0000] {logging_mixin.py:154} INFO - [2023-12-08T14:49:00.417+0000] {dag.py:2941} INFO - Sync 1 DAGs
[2023-12-08T14:49:00.519+0000] {logging_mixin.py:154} INFO - [2023-12-08T14:49:00.518+0000] {dag.py:3722} INFO - Setting next_dagrun for second_dag to 2023-12-10T00:00:00+00:00, run_after=2023-12-11T00:00:00+00:00
[2023-12-08T14:49:00.597+0000] {processor.py:179} INFO - Processing /opt/airflow/dags/sec_python_operator.py took 0.383 seconds
[2023-12-08T14:49:30.832+0000] {processor.py:157} INFO - Started process (PID=536) to work on /opt/airflow/dags/sec_python_operator.py
[2023-12-08T14:49:30.834+0000] {processor.py:829} INFO - Processing file /opt/airflow/dags/sec_python_operator.py for tasks to queue
[2023-12-08T14:49:30.841+0000] {logging_mixin.py:154} INFO - [2023-12-08T14:49:30.840+0000] {dagbag.py:536} INFO - Filling up the DagBag from /opt/airflow/dags/sec_python_operator.py
[2023-12-08T14:49:30.865+0000] {processor.py:839} INFO - DAG(s) dict_keys(['second_dag']) retrieved from /opt/airflow/dags/sec_python_operator.py
[2023-12-08T14:49:30.916+0000] {logging_mixin.py:154} INFO - [2023-12-08T14:49:30.915+0000] {dag.py:2941} INFO - Sync 1 DAGs
[2023-12-08T14:49:30.974+0000] {logging_mixin.py:154} INFO - [2023-12-08T14:49:30.973+0000] {dag.py:3722} INFO - Setting next_dagrun for second_dag to 2023-12-10T00:00:00+00:00, run_after=2023-12-11T00:00:00+00:00
[2023-12-08T14:49:31.011+0000] {processor.py:179} INFO - Processing /opt/airflow/dags/sec_python_operator.py took 0.186 seconds
