[2023-12-08T02:39:17.086+0000] {processor.py:157} INFO - Started process (PID=66) to work on /home/airflow/.local/lib/python3.8/site-packages/airflow/example_dags/example_datasets.py
[2023-12-08T02:39:17.089+0000] {processor.py:829} INFO - Processing file /home/airflow/.local/lib/python3.8/site-packages/airflow/example_dags/example_datasets.py for tasks to queue
[2023-12-08T02:39:17.096+0000] {logging_mixin.py:154} INFO - [2023-12-08T02:39:17.095+0000] {dagbag.py:536} INFO - Filling up the DagBag from /home/airflow/.local/lib/python3.8/site-packages/airflow/example_dags/example_datasets.py
[2023-12-08T02:39:17.140+0000] {processor.py:839} INFO - DAG(s) dict_keys(['dataset_consumes_1_and_2', 'dataset_produces_2', 'dataset_consumes_1', 'dataset_consumes_unknown_never_scheduled', 'dataset_consumes_1_never_scheduled', 'dataset_produces_1']) retrieved from /home/airflow/.local/lib/python3.8/site-packages/airflow/example_dags/example_datasets.py
[2023-12-08T02:39:17.391+0000] {logging_mixin.py:154} INFO - [2023-12-08T02:39:17.391+0000] {dag.py:2941} INFO - Sync 6 DAGs
[2023-12-08T02:39:17.593+0000] {logging_mixin.py:154} INFO - [2023-12-08T02:39:17.592+0000] {dag.py:3722} INFO - Setting next_dagrun for dataset_consumes_1 to None, run_after=None
[2023-12-08T02:39:17.614+0000] {logging_mixin.py:154} INFO - [2023-12-08T02:39:17.613+0000] {dag.py:3722} INFO - Setting next_dagrun for dataset_consumes_1_and_2 to None, run_after=None
[2023-12-08T02:39:17.619+0000] {logging_mixin.py:154} INFO - [2023-12-08T02:39:17.617+0000] {dag.py:3722} INFO - Setting next_dagrun for dataset_consumes_1_never_scheduled to None, run_after=None
[2023-12-08T02:39:17.639+0000] {logging_mixin.py:154} INFO - [2023-12-08T02:39:17.637+0000] {dag.py:3722} INFO - Setting next_dagrun for dataset_consumes_unknown_never_scheduled to None, run_after=None
[2023-12-08T02:39:17.659+0000] {logging_mixin.py:154} INFO - [2023-12-08T02:39:17.658+0000] {dag.py:3722} INFO - Setting next_dagrun for dataset_produces_1 to 2023-12-07T00:00:00+00:00, run_after=2023-12-08T00:00:00+00:00
[2023-12-08T02:39:17.676+0000] {logging_mixin.py:154} INFO - [2023-12-08T02:39:17.676+0000] {dag.py:3722} INFO - Setting next_dagrun for dataset_produces_2 to None, run_after=None
[2023-12-08T02:39:17.807+0000] {processor.py:179} INFO - Processing /home/airflow/.local/lib/python3.8/site-packages/airflow/example_dags/example_datasets.py took 0.730 seconds
[2023-12-08T02:39:48.050+0000] {processor.py:157} INFO - Started process (PID=119) to work on /home/airflow/.local/lib/python3.8/site-packages/airflow/example_dags/example_datasets.py
[2023-12-08T02:39:48.053+0000] {processor.py:829} INFO - Processing file /home/airflow/.local/lib/python3.8/site-packages/airflow/example_dags/example_datasets.py for tasks to queue
[2023-12-08T02:39:48.069+0000] {logging_mixin.py:154} INFO - [2023-12-08T02:39:48.068+0000] {dagbag.py:536} INFO - Filling up the DagBag from /home/airflow/.local/lib/python3.8/site-packages/airflow/example_dags/example_datasets.py
[2023-12-08T02:39:48.122+0000] {processor.py:839} INFO - DAG(s) dict_keys(['dataset_consumes_1_and_2', 'dataset_produces_1', 'dataset_consumes_unknown_never_scheduled', 'dataset_produces_2', 'dataset_consumes_1', 'dataset_consumes_1_never_scheduled']) retrieved from /home/airflow/.local/lib/python3.8/site-packages/airflow/example_dags/example_datasets.py
[2023-12-08T02:39:48.198+0000] {logging_mixin.py:154} INFO - [2023-12-08T02:39:48.198+0000] {dag.py:2941} INFO - Sync 6 DAGs
[2023-12-08T02:39:48.245+0000] {logging_mixin.py:154} INFO - [2023-12-08T02:39:48.245+0000] {dag.py:3722} INFO - Setting next_dagrun for dataset_consumes_1 to None, run_after=None
[2023-12-08T02:39:48.253+0000] {logging_mixin.py:154} INFO - [2023-12-08T02:39:48.253+0000] {dag.py:3722} INFO - Setting next_dagrun for dataset_consumes_1_and_2 to None, run_after=None
[2023-12-08T02:39:48.256+0000] {logging_mixin.py:154} INFO - [2023-12-08T02:39:48.256+0000] {dag.py:3722} INFO - Setting next_dagrun for dataset_consumes_1_never_scheduled to None, run_after=None
[2023-12-08T02:39:48.259+0000] {logging_mixin.py:154} INFO - [2023-12-08T02:39:48.259+0000] {dag.py:3722} INFO - Setting next_dagrun for dataset_consumes_unknown_never_scheduled to None, run_after=None
[2023-12-08T02:39:48.267+0000] {logging_mixin.py:154} INFO - [2023-12-08T02:39:48.267+0000] {dag.py:3722} INFO - Setting next_dagrun for dataset_produces_1 to 2023-12-07T00:00:00+00:00, run_after=2023-12-08T00:00:00+00:00
[2023-12-08T02:39:48.270+0000] {logging_mixin.py:154} INFO - [2023-12-08T02:39:48.270+0000] {dag.py:3722} INFO - Setting next_dagrun for dataset_produces_2 to None, run_after=None
[2023-12-08T02:39:48.398+0000] {processor.py:179} INFO - Processing /home/airflow/.local/lib/python3.8/site-packages/airflow/example_dags/example_datasets.py took 0.366 seconds
[2023-12-08T02:40:18.720+0000] {processor.py:157} INFO - Started process (PID=173) to work on /home/airflow/.local/lib/python3.8/site-packages/airflow/example_dags/example_datasets.py
[2023-12-08T02:40:18.723+0000] {processor.py:829} INFO - Processing file /home/airflow/.local/lib/python3.8/site-packages/airflow/example_dags/example_datasets.py for tasks to queue
[2023-12-08T02:40:18.728+0000] {logging_mixin.py:154} INFO - [2023-12-08T02:40:18.728+0000] {dagbag.py:536} INFO - Filling up the DagBag from /home/airflow/.local/lib/python3.8/site-packages/airflow/example_dags/example_datasets.py
[2023-12-08T02:40:18.753+0000] {processor.py:839} INFO - DAG(s) dict_keys(['dataset_produces_1', 'dataset_consumes_1', 'dataset_consumes_1_and_2', 'dataset_consumes_unknown_never_scheduled', 'dataset_consumes_1_never_scheduled', 'dataset_produces_2']) retrieved from /home/airflow/.local/lib/python3.8/site-packages/airflow/example_dags/example_datasets.py
[2023-12-08T02:40:18.855+0000] {logging_mixin.py:154} INFO - [2023-12-08T02:40:18.855+0000] {dag.py:2941} INFO - Sync 6 DAGs
[2023-12-08T02:40:18.913+0000] {logging_mixin.py:154} INFO - [2023-12-08T02:40:18.912+0000] {dag.py:3722} INFO - Setting next_dagrun for dataset_consumes_1 to None, run_after=None
[2023-12-08T02:40:18.922+0000] {logging_mixin.py:154} INFO - [2023-12-08T02:40:18.921+0000] {dag.py:3722} INFO - Setting next_dagrun for dataset_consumes_1_and_2 to None, run_after=None
[2023-12-08T02:40:18.925+0000] {logging_mixin.py:154} INFO - [2023-12-08T02:40:18.925+0000] {dag.py:3722} INFO - Setting next_dagrun for dataset_consumes_1_never_scheduled to None, run_after=None
[2023-12-08T02:40:18.928+0000] {logging_mixin.py:154} INFO - [2023-12-08T02:40:18.928+0000] {dag.py:3722} INFO - Setting next_dagrun for dataset_consumes_unknown_never_scheduled to None, run_after=None
[2023-12-08T02:40:18.939+0000] {logging_mixin.py:154} INFO - [2023-12-08T02:40:18.938+0000] {dag.py:3722} INFO - Setting next_dagrun for dataset_produces_1 to 2023-12-07T00:00:00+00:00, run_after=2023-12-08T00:00:00+00:00
[2023-12-08T02:40:18.945+0000] {logging_mixin.py:154} INFO - [2023-12-08T02:40:18.945+0000] {dag.py:3722} INFO - Setting next_dagrun for dataset_produces_2 to None, run_after=None
[2023-12-08T02:40:19.093+0000] {processor.py:179} INFO - Processing /home/airflow/.local/lib/python3.8/site-packages/airflow/example_dags/example_datasets.py took 0.382 seconds
[2023-12-08T02:40:49.465+0000] {processor.py:157} INFO - Started process (PID=227) to work on /home/airflow/.local/lib/python3.8/site-packages/airflow/example_dags/example_datasets.py
[2023-12-08T02:40:49.467+0000] {processor.py:829} INFO - Processing file /home/airflow/.local/lib/python3.8/site-packages/airflow/example_dags/example_datasets.py for tasks to queue
[2023-12-08T02:40:49.471+0000] {logging_mixin.py:154} INFO - [2023-12-08T02:40:49.470+0000] {dagbag.py:536} INFO - Filling up the DagBag from /home/airflow/.local/lib/python3.8/site-packages/airflow/example_dags/example_datasets.py
[2023-12-08T02:40:49.491+0000] {processor.py:839} INFO - DAG(s) dict_keys(['dataset_consumes_1', 'dataset_consumes_1_and_2', 'dataset_produces_2', 'dataset_consumes_unknown_never_scheduled', 'dataset_consumes_1_never_scheduled', 'dataset_produces_1']) retrieved from /home/airflow/.local/lib/python3.8/site-packages/airflow/example_dags/example_datasets.py
[2023-12-08T02:40:49.640+0000] {logging_mixin.py:154} INFO - [2023-12-08T02:40:49.639+0000] {dag.py:2941} INFO - Sync 6 DAGs
[2023-12-08T02:40:49.731+0000] {logging_mixin.py:154} INFO - [2023-12-08T02:40:49.731+0000] {dag.py:3722} INFO - Setting next_dagrun for dataset_consumes_1 to None, run_after=None
[2023-12-08T02:40:49.739+0000] {logging_mixin.py:154} INFO - [2023-12-08T02:40:49.739+0000] {dag.py:3722} INFO - Setting next_dagrun for dataset_consumes_1_and_2 to None, run_after=None
[2023-12-08T02:40:49.742+0000] {logging_mixin.py:154} INFO - [2023-12-08T02:40:49.741+0000] {dag.py:3722} INFO - Setting next_dagrun for dataset_consumes_1_never_scheduled to None, run_after=None
[2023-12-08T02:40:49.745+0000] {logging_mixin.py:154} INFO - [2023-12-08T02:40:49.745+0000] {dag.py:3722} INFO - Setting next_dagrun for dataset_consumes_unknown_never_scheduled to None, run_after=None
[2023-12-08T02:40:49.752+0000] {logging_mixin.py:154} INFO - [2023-12-08T02:40:49.752+0000] {dag.py:3722} INFO - Setting next_dagrun for dataset_produces_1 to 2023-12-07T00:00:00+00:00, run_after=2023-12-08T00:00:00+00:00
[2023-12-08T02:40:49.754+0000] {logging_mixin.py:154} INFO - [2023-12-08T02:40:49.754+0000] {dag.py:3722} INFO - Setting next_dagrun for dataset_produces_2 to None, run_after=None
[2023-12-08T02:40:49.815+0000] {processor.py:179} INFO - Processing /home/airflow/.local/lib/python3.8/site-packages/airflow/example_dags/example_datasets.py took 0.363 seconds
[2023-12-08T02:41:20.980+0000] {processor.py:157} INFO - Started process (PID=281) to work on /home/airflow/.local/lib/python3.8/site-packages/airflow/example_dags/example_datasets.py
[2023-12-08T02:41:20.987+0000] {processor.py:829} INFO - Processing file /home/airflow/.local/lib/python3.8/site-packages/airflow/example_dags/example_datasets.py for tasks to queue
[2023-12-08T02:41:20.994+0000] {logging_mixin.py:154} INFO - [2023-12-08T02:41:20.994+0000] {dagbag.py:536} INFO - Filling up the DagBag from /home/airflow/.local/lib/python3.8/site-packages/airflow/example_dags/example_datasets.py
[2023-12-08T02:41:21.023+0000] {processor.py:839} INFO - DAG(s) dict_keys(['dataset_produces_2', 'dataset_produces_1', 'dataset_consumes_1_never_scheduled', 'dataset_consumes_1', 'dataset_consumes_unknown_never_scheduled', 'dataset_consumes_1_and_2']) retrieved from /home/airflow/.local/lib/python3.8/site-packages/airflow/example_dags/example_datasets.py
[2023-12-08T02:41:21.123+0000] {logging_mixin.py:154} INFO - [2023-12-08T02:41:21.123+0000] {dag.py:2941} INFO - Sync 6 DAGs
[2023-12-08T02:41:21.181+0000] {logging_mixin.py:154} INFO - [2023-12-08T02:41:21.180+0000] {dag.py:3722} INFO - Setting next_dagrun for dataset_consumes_1 to None, run_after=None
[2023-12-08T02:41:21.186+0000] {logging_mixin.py:154} INFO - [2023-12-08T02:41:21.186+0000] {dag.py:3722} INFO - Setting next_dagrun for dataset_consumes_1_and_2 to None, run_after=None
[2023-12-08T02:41:21.188+0000] {logging_mixin.py:154} INFO - [2023-12-08T02:41:21.188+0000] {dag.py:3722} INFO - Setting next_dagrun for dataset_consumes_1_never_scheduled to None, run_after=None
[2023-12-08T02:41:21.190+0000] {logging_mixin.py:154} INFO - [2023-12-08T02:41:21.190+0000] {dag.py:3722} INFO - Setting next_dagrun for dataset_consumes_unknown_never_scheduled to None, run_after=None
[2023-12-08T02:41:21.196+0000] {logging_mixin.py:154} INFO - [2023-12-08T02:41:21.195+0000] {dag.py:3722} INFO - Setting next_dagrun for dataset_produces_1 to 2023-12-07T00:00:00+00:00, run_after=2023-12-08T00:00:00+00:00
[2023-12-08T02:41:21.198+0000] {logging_mixin.py:154} INFO - [2023-12-08T02:41:21.198+0000] {dag.py:3722} INFO - Setting next_dagrun for dataset_produces_2 to None, run_after=None
[2023-12-08T02:41:21.272+0000] {processor.py:179} INFO - Processing /home/airflow/.local/lib/python3.8/site-packages/airflow/example_dags/example_datasets.py took 0.304 seconds
[2023-12-08T02:41:54.925+0000] {processor.py:157} INFO - Started process (PID=336) to work on /home/airflow/.local/lib/python3.8/site-packages/airflow/example_dags/example_datasets.py
[2023-12-08T02:41:55.048+0000] {processor.py:829} INFO - Processing file /home/airflow/.local/lib/python3.8/site-packages/airflow/example_dags/example_datasets.py for tasks to queue
[2023-12-08T02:41:55.056+0000] {logging_mixin.py:154} INFO - [2023-12-08T02:41:55.056+0000] {dagbag.py:536} INFO - Filling up the DagBag from /home/airflow/.local/lib/python3.8/site-packages/airflow/example_dags/example_datasets.py
[2023-12-08T02:41:55.166+0000] {processor.py:839} INFO - DAG(s) dict_keys(['dataset_consumes_unknown_never_scheduled', 'dataset_produces_2', 'dataset_consumes_1', 'dataset_produces_1', 'dataset_consumes_1_never_scheduled', 'dataset_consumes_1_and_2']) retrieved from /home/airflow/.local/lib/python3.8/site-packages/airflow/example_dags/example_datasets.py
[2023-12-08T02:41:55.851+0000] {logging_mixin.py:154} INFO - [2023-12-08T02:41:55.851+0000] {dag.py:2941} INFO - Sync 6 DAGs
[2023-12-08T02:41:56.068+0000] {logging_mixin.py:154} INFO - [2023-12-08T02:41:56.068+0000] {dag.py:3722} INFO - Setting next_dagrun for dataset_consumes_1 to None, run_after=None
[2023-12-08T02:41:56.101+0000] {logging_mixin.py:154} INFO - [2023-12-08T02:41:56.101+0000] {dag.py:3722} INFO - Setting next_dagrun for dataset_consumes_1_and_2 to None, run_after=None
[2023-12-08T02:41:56.114+0000] {logging_mixin.py:154} INFO - [2023-12-08T02:41:56.114+0000] {dag.py:3722} INFO - Setting next_dagrun for dataset_consumes_1_never_scheduled to None, run_after=None
[2023-12-08T02:41:56.128+0000] {logging_mixin.py:154} INFO - [2023-12-08T02:41:56.118+0000] {dag.py:3722} INFO - Setting next_dagrun for dataset_consumes_unknown_never_scheduled to None, run_after=None
[2023-12-08T02:41:56.148+0000] {logging_mixin.py:154} INFO - [2023-12-08T02:41:56.148+0000] {dag.py:3722} INFO - Setting next_dagrun for dataset_produces_1 to 2023-12-07T00:00:00+00:00, run_after=2023-12-08T00:00:00+00:00
[2023-12-08T02:41:56.164+0000] {logging_mixin.py:154} INFO - [2023-12-08T02:41:56.163+0000] {dag.py:3722} INFO - Setting next_dagrun for dataset_produces_2 to None, run_after=None
[2023-12-08T02:41:56.405+0000] {processor.py:179} INFO - Processing /home/airflow/.local/lib/python3.8/site-packages/airflow/example_dags/example_datasets.py took 1.513 seconds
[2023-12-08T02:42:27.596+0000] {processor.py:157} INFO - Started process (PID=390) to work on /home/airflow/.local/lib/python3.8/site-packages/airflow/example_dags/example_datasets.py
[2023-12-08T02:42:27.615+0000] {processor.py:829} INFO - Processing file /home/airflow/.local/lib/python3.8/site-packages/airflow/example_dags/example_datasets.py for tasks to queue
[2023-12-08T02:42:27.630+0000] {logging_mixin.py:154} INFO - [2023-12-08T02:42:27.629+0000] {dagbag.py:536} INFO - Filling up the DagBag from /home/airflow/.local/lib/python3.8/site-packages/airflow/example_dags/example_datasets.py
[2023-12-08T02:42:27.739+0000] {processor.py:839} INFO - DAG(s) dict_keys(['dataset_consumes_1_never_scheduled', 'dataset_consumes_1', 'dataset_consumes_1_and_2', 'dataset_produces_1', 'dataset_consumes_unknown_never_scheduled', 'dataset_produces_2']) retrieved from /home/airflow/.local/lib/python3.8/site-packages/airflow/example_dags/example_datasets.py
[2023-12-08T02:42:28.047+0000] {logging_mixin.py:154} INFO - [2023-12-08T02:42:28.047+0000] {dag.py:2941} INFO - Sync 6 DAGs
[2023-12-08T02:42:28.291+0000] {logging_mixin.py:154} INFO - [2023-12-08T02:42:28.290+0000] {dag.py:3722} INFO - Setting next_dagrun for dataset_consumes_1 to None, run_after=None
[2023-12-08T02:42:28.337+0000] {logging_mixin.py:154} INFO - [2023-12-08T02:42:28.337+0000] {dag.py:3722} INFO - Setting next_dagrun for dataset_consumes_1_and_2 to None, run_after=None
[2023-12-08T02:42:28.345+0000] {logging_mixin.py:154} INFO - [2023-12-08T02:42:28.344+0000] {dag.py:3722} INFO - Setting next_dagrun for dataset_consumes_1_never_scheduled to None, run_after=None
[2023-12-08T02:42:28.371+0000] {logging_mixin.py:154} INFO - [2023-12-08T02:42:28.370+0000] {dag.py:3722} INFO - Setting next_dagrun for dataset_consumes_unknown_never_scheduled to None, run_after=None
[2023-12-08T02:42:28.409+0000] {logging_mixin.py:154} INFO - [2023-12-08T02:42:28.396+0000] {dag.py:3722} INFO - Setting next_dagrun for dataset_produces_1 to 2023-12-07T00:00:00+00:00, run_after=2023-12-08T00:00:00+00:00
[2023-12-08T02:42:28.413+0000] {logging_mixin.py:154} INFO - [2023-12-08T02:42:28.413+0000] {dag.py:3722} INFO - Setting next_dagrun for dataset_produces_2 to None, run_after=None
[2023-12-08T02:42:28.724+0000] {processor.py:179} INFO - Processing /home/airflow/.local/lib/python3.8/site-packages/airflow/example_dags/example_datasets.py took 1.177 seconds
[2023-12-08T02:43:04.382+0000] {processor.py:157} INFO - Started process (PID=444) to work on /home/airflow/.local/lib/python3.8/site-packages/airflow/example_dags/example_datasets.py
[2023-12-08T02:43:04.399+0000] {processor.py:829} INFO - Processing file /home/airflow/.local/lib/python3.8/site-packages/airflow/example_dags/example_datasets.py for tasks to queue
[2023-12-08T02:43:04.418+0000] {logging_mixin.py:154} INFO - [2023-12-08T02:43:04.417+0000] {dagbag.py:536} INFO - Filling up the DagBag from /home/airflow/.local/lib/python3.8/site-packages/airflow/example_dags/example_datasets.py
[2023-12-08T02:43:04.480+0000] {processor.py:839} INFO - DAG(s) dict_keys(['dataset_consumes_1', 'dataset_produces_1', 'dataset_consumes_1_and_2', 'dataset_consumes_1_never_scheduled', 'dataset_consumes_unknown_never_scheduled', 'dataset_produces_2']) retrieved from /home/airflow/.local/lib/python3.8/site-packages/airflow/example_dags/example_datasets.py
[2023-12-08T02:43:04.888+0000] {logging_mixin.py:154} INFO - [2023-12-08T02:43:04.859+0000] {dag.py:2941} INFO - Sync 6 DAGs
[2023-12-08T02:43:05.030+0000] {logging_mixin.py:154} INFO - [2023-12-08T02:43:05.030+0000] {dag.py:3722} INFO - Setting next_dagrun for dataset_consumes_1 to None, run_after=None
[2023-12-08T02:43:05.056+0000] {logging_mixin.py:154} INFO - [2023-12-08T02:43:05.051+0000] {dag.py:3722} INFO - Setting next_dagrun for dataset_consumes_1_and_2 to None, run_after=None
[2023-12-08T02:43:05.059+0000] {logging_mixin.py:154} INFO - [2023-12-08T02:43:05.059+0000] {dag.py:3722} INFO - Setting next_dagrun for dataset_consumes_1_never_scheduled to None, run_after=None
[2023-12-08T02:43:05.065+0000] {logging_mixin.py:154} INFO - [2023-12-08T02:43:05.065+0000] {dag.py:3722} INFO - Setting next_dagrun for dataset_consumes_unknown_never_scheduled to None, run_after=None
[2023-12-08T02:43:05.086+0000] {logging_mixin.py:154} INFO - [2023-12-08T02:43:05.085+0000] {dag.py:3722} INFO - Setting next_dagrun for dataset_produces_1 to 2023-12-07T00:00:00+00:00, run_after=2023-12-08T00:00:00+00:00
[2023-12-08T02:43:05.099+0000] {logging_mixin.py:154} INFO - [2023-12-08T02:43:05.099+0000] {dag.py:3722} INFO - Setting next_dagrun for dataset_produces_2 to None, run_after=None
[2023-12-08T02:43:05.329+0000] {processor.py:179} INFO - Processing /home/airflow/.local/lib/python3.8/site-packages/airflow/example_dags/example_datasets.py took 0.993 seconds
[2023-12-08T02:43:37.057+0000] {processor.py:157} INFO - Started process (PID=499) to work on /home/airflow/.local/lib/python3.8/site-packages/airflow/example_dags/example_datasets.py
[2023-12-08T02:43:37.060+0000] {processor.py:829} INFO - Processing file /home/airflow/.local/lib/python3.8/site-packages/airflow/example_dags/example_datasets.py for tasks to queue
[2023-12-08T02:43:37.077+0000] {logging_mixin.py:154} INFO - [2023-12-08T02:43:37.076+0000] {dagbag.py:536} INFO - Filling up the DagBag from /home/airflow/.local/lib/python3.8/site-packages/airflow/example_dags/example_datasets.py
[2023-12-08T02:43:37.153+0000] {processor.py:839} INFO - DAG(s) dict_keys(['dataset_produces_1', 'dataset_consumes_1', 'dataset_consumes_unknown_never_scheduled', 'dataset_produces_2', 'dataset_consumes_1_and_2', 'dataset_consumes_1_never_scheduled']) retrieved from /home/airflow/.local/lib/python3.8/site-packages/airflow/example_dags/example_datasets.py
[2023-12-08T02:43:37.415+0000] {logging_mixin.py:154} INFO - [2023-12-08T02:43:37.415+0000] {dag.py:2941} INFO - Sync 6 DAGs
[2023-12-08T02:43:37.565+0000] {logging_mixin.py:154} INFO - [2023-12-08T02:43:37.564+0000] {dag.py:3722} INFO - Setting next_dagrun for dataset_consumes_1 to None, run_after=None
[2023-12-08T02:43:37.600+0000] {logging_mixin.py:154} INFO - [2023-12-08T02:43:37.587+0000] {dag.py:3722} INFO - Setting next_dagrun for dataset_consumes_1_and_2 to None, run_after=None
[2023-12-08T02:43:37.616+0000] {logging_mixin.py:154} INFO - [2023-12-08T02:43:37.604+0000] {dag.py:3722} INFO - Setting next_dagrun for dataset_consumes_1_never_scheduled to None, run_after=None
[2023-12-08T02:43:37.620+0000] {logging_mixin.py:154} INFO - [2023-12-08T02:43:37.620+0000] {dag.py:3722} INFO - Setting next_dagrun for dataset_consumes_unknown_never_scheduled to None, run_after=None
[2023-12-08T02:43:37.666+0000] {logging_mixin.py:154} INFO - [2023-12-08T02:43:37.665+0000] {dag.py:3722} INFO - Setting next_dagrun for dataset_produces_1 to 2023-12-07T00:00:00+00:00, run_after=2023-12-08T00:00:00+00:00
[2023-12-08T02:43:37.680+0000] {logging_mixin.py:154} INFO - [2023-12-08T02:43:37.680+0000] {dag.py:3722} INFO - Setting next_dagrun for dataset_produces_2 to None, run_after=None
[2023-12-08T02:43:38.029+0000] {processor.py:179} INFO - Processing /home/airflow/.local/lib/python3.8/site-packages/airflow/example_dags/example_datasets.py took 1.008 seconds
[2023-12-08T02:44:08.462+0000] {processor.py:157} INFO - Started process (PID=551) to work on /home/airflow/.local/lib/python3.8/site-packages/airflow/example_dags/example_datasets.py
[2023-12-08T02:44:08.464+0000] {processor.py:829} INFO - Processing file /home/airflow/.local/lib/python3.8/site-packages/airflow/example_dags/example_datasets.py for tasks to queue
[2023-12-08T02:44:08.467+0000] {logging_mixin.py:154} INFO - [2023-12-08T02:44:08.467+0000] {dagbag.py:536} INFO - Filling up the DagBag from /home/airflow/.local/lib/python3.8/site-packages/airflow/example_dags/example_datasets.py
[2023-12-08T02:44:08.483+0000] {processor.py:839} INFO - DAG(s) dict_keys(['dataset_consumes_unknown_never_scheduled', 'dataset_consumes_1', 'dataset_produces_1', 'dataset_consumes_1_and_2', 'dataset_consumes_1_never_scheduled', 'dataset_produces_2']) retrieved from /home/airflow/.local/lib/python3.8/site-packages/airflow/example_dags/example_datasets.py
[2023-12-08T02:44:08.552+0000] {logging_mixin.py:154} INFO - [2023-12-08T02:44:08.551+0000] {dag.py:2941} INFO - Sync 6 DAGs
[2023-12-08T02:44:08.596+0000] {logging_mixin.py:154} INFO - [2023-12-08T02:44:08.596+0000] {dag.py:3722} INFO - Setting next_dagrun for dataset_consumes_1 to None, run_after=None
[2023-12-08T02:44:08.603+0000] {logging_mixin.py:154} INFO - [2023-12-08T02:44:08.603+0000] {dag.py:3722} INFO - Setting next_dagrun for dataset_consumes_1_and_2 to None, run_after=None
[2023-12-08T02:44:08.607+0000] {logging_mixin.py:154} INFO - [2023-12-08T02:44:08.607+0000] {dag.py:3722} INFO - Setting next_dagrun for dataset_consumes_1_never_scheduled to None, run_after=None
[2023-12-08T02:44:08.611+0000] {logging_mixin.py:154} INFO - [2023-12-08T02:44:08.611+0000] {dag.py:3722} INFO - Setting next_dagrun for dataset_consumes_unknown_never_scheduled to None, run_after=None
[2023-12-08T02:44:08.618+0000] {logging_mixin.py:154} INFO - [2023-12-08T02:44:08.618+0000] {dag.py:3722} INFO - Setting next_dagrun for dataset_produces_1 to 2023-12-07T00:00:00+00:00, run_after=2023-12-08T00:00:00+00:00
[2023-12-08T02:44:08.623+0000] {logging_mixin.py:154} INFO - [2023-12-08T02:44:08.622+0000] {dag.py:3722} INFO - Setting next_dagrun for dataset_produces_2 to None, run_after=None
[2023-12-08T02:44:08.743+0000] {processor.py:179} INFO - Processing /home/airflow/.local/lib/python3.8/site-packages/airflow/example_dags/example_datasets.py took 0.287 seconds
[2023-12-08T02:44:39.123+0000] {processor.py:157} INFO - Started process (PID=606) to work on /home/airflow/.local/lib/python3.8/site-packages/airflow/example_dags/example_datasets.py
[2023-12-08T02:44:39.126+0000] {processor.py:829} INFO - Processing file /home/airflow/.local/lib/python3.8/site-packages/airflow/example_dags/example_datasets.py for tasks to queue
[2023-12-08T02:44:39.130+0000] {logging_mixin.py:154} INFO - [2023-12-08T02:44:39.129+0000] {dagbag.py:536} INFO - Filling up the DagBag from /home/airflow/.local/lib/python3.8/site-packages/airflow/example_dags/example_datasets.py
[2023-12-08T02:44:39.146+0000] {processor.py:839} INFO - DAG(s) dict_keys(['dataset_consumes_1_and_2', 'dataset_produces_1', 'dataset_produces_2', 'dataset_consumes_1_never_scheduled', 'dataset_consumes_1', 'dataset_consumes_unknown_never_scheduled']) retrieved from /home/airflow/.local/lib/python3.8/site-packages/airflow/example_dags/example_datasets.py
[2023-12-08T02:44:39.238+0000] {logging_mixin.py:154} INFO - [2023-12-08T02:44:39.237+0000] {dag.py:2941} INFO - Sync 6 DAGs
[2023-12-08T02:44:39.276+0000] {logging_mixin.py:154} INFO - [2023-12-08T02:44:39.276+0000] {dag.py:3722} INFO - Setting next_dagrun for dataset_consumes_1 to None, run_after=None
[2023-12-08T02:44:39.284+0000] {logging_mixin.py:154} INFO - [2023-12-08T02:44:39.283+0000] {dag.py:3722} INFO - Setting next_dagrun for dataset_consumes_1_and_2 to None, run_after=None
[2023-12-08T02:44:39.286+0000] {logging_mixin.py:154} INFO - [2023-12-08T02:44:39.286+0000] {dag.py:3722} INFO - Setting next_dagrun for dataset_consumes_1_never_scheduled to None, run_after=None
[2023-12-08T02:44:39.288+0000] {logging_mixin.py:154} INFO - [2023-12-08T02:44:39.287+0000] {dag.py:3722} INFO - Setting next_dagrun for dataset_consumes_unknown_never_scheduled to None, run_after=None
[2023-12-08T02:44:39.293+0000] {logging_mixin.py:154} INFO - [2023-12-08T02:44:39.293+0000] {dag.py:3722} INFO - Setting next_dagrun for dataset_produces_1 to 2023-12-07T00:00:00+00:00, run_after=2023-12-08T00:00:00+00:00
[2023-12-08T02:44:39.295+0000] {logging_mixin.py:154} INFO - [2023-12-08T02:44:39.295+0000] {dag.py:3722} INFO - Setting next_dagrun for dataset_produces_2 to None, run_after=None
[2023-12-08T02:44:39.350+0000] {processor.py:179} INFO - Processing /home/airflow/.local/lib/python3.8/site-packages/airflow/example_dags/example_datasets.py took 0.233 seconds
[2023-12-08T02:45:09.765+0000] {processor.py:157} INFO - Started process (PID=660) to work on /home/airflow/.local/lib/python3.8/site-packages/airflow/example_dags/example_datasets.py
[2023-12-08T02:45:09.769+0000] {processor.py:829} INFO - Processing file /home/airflow/.local/lib/python3.8/site-packages/airflow/example_dags/example_datasets.py for tasks to queue
[2023-12-08T02:45:09.775+0000] {logging_mixin.py:154} INFO - [2023-12-08T02:45:09.774+0000] {dagbag.py:536} INFO - Filling up the DagBag from /home/airflow/.local/lib/python3.8/site-packages/airflow/example_dags/example_datasets.py
[2023-12-08T02:45:09.800+0000] {processor.py:839} INFO - DAG(s) dict_keys(['dataset_consumes_1_never_scheduled', 'dataset_consumes_1_and_2', 'dataset_consumes_1', 'dataset_produces_2', 'dataset_consumes_unknown_never_scheduled', 'dataset_produces_1']) retrieved from /home/airflow/.local/lib/python3.8/site-packages/airflow/example_dags/example_datasets.py
[2023-12-08T02:45:09.879+0000] {logging_mixin.py:154} INFO - [2023-12-08T02:45:09.878+0000] {dag.py:2941} INFO - Sync 6 DAGs
[2023-12-08T02:45:09.923+0000] {logging_mixin.py:154} INFO - [2023-12-08T02:45:09.922+0000] {dag.py:3722} INFO - Setting next_dagrun for dataset_consumes_1 to None, run_after=None
[2023-12-08T02:45:09.929+0000] {logging_mixin.py:154} INFO - [2023-12-08T02:45:09.929+0000] {dag.py:3722} INFO - Setting next_dagrun for dataset_consumes_1_and_2 to None, run_after=None
[2023-12-08T02:45:09.932+0000] {logging_mixin.py:154} INFO - [2023-12-08T02:45:09.932+0000] {dag.py:3722} INFO - Setting next_dagrun for dataset_consumes_1_never_scheduled to None, run_after=None
[2023-12-08T02:45:09.934+0000] {logging_mixin.py:154} INFO - [2023-12-08T02:45:09.934+0000] {dag.py:3722} INFO - Setting next_dagrun for dataset_consumes_unknown_never_scheduled to None, run_after=None
[2023-12-08T02:45:09.941+0000] {logging_mixin.py:154} INFO - [2023-12-08T02:45:09.941+0000] {dag.py:3722} INFO - Setting next_dagrun for dataset_produces_1 to 2023-12-07T00:00:00+00:00, run_after=2023-12-08T00:00:00+00:00
[2023-12-08T02:45:09.944+0000] {logging_mixin.py:154} INFO - [2023-12-08T02:45:09.943+0000] {dag.py:3722} INFO - Setting next_dagrun for dataset_produces_2 to None, run_after=None
[2023-12-08T02:45:10.023+0000] {processor.py:179} INFO - Processing /home/airflow/.local/lib/python3.8/site-packages/airflow/example_dags/example_datasets.py took 0.271 seconds
[2023-12-08T02:45:40.713+0000] {processor.py:157} INFO - Started process (PID=713) to work on /home/airflow/.local/lib/python3.8/site-packages/airflow/example_dags/example_datasets.py
[2023-12-08T02:45:40.741+0000] {processor.py:829} INFO - Processing file /home/airflow/.local/lib/python3.8/site-packages/airflow/example_dags/example_datasets.py for tasks to queue
[2023-12-08T02:45:40.822+0000] {logging_mixin.py:154} INFO - [2023-12-08T02:45:40.791+0000] {dagbag.py:536} INFO - Filling up the DagBag from /home/airflow/.local/lib/python3.8/site-packages/airflow/example_dags/example_datasets.py
[2023-12-08T02:45:40.911+0000] {processor.py:839} INFO - DAG(s) dict_keys(['dataset_consumes_unknown_never_scheduled', 'dataset_consumes_1_and_2', 'dataset_consumes_1', 'dataset_consumes_1_never_scheduled', 'dataset_produces_1', 'dataset_produces_2']) retrieved from /home/airflow/.local/lib/python3.8/site-packages/airflow/example_dags/example_datasets.py
[2023-12-08T02:45:41.391+0000] {logging_mixin.py:154} INFO - [2023-12-08T02:45:41.390+0000] {dag.py:2941} INFO - Sync 6 DAGs
[2023-12-08T02:45:41.572+0000] {logging_mixin.py:154} INFO - [2023-12-08T02:45:41.572+0000] {dag.py:3722} INFO - Setting next_dagrun for dataset_consumes_1 to None, run_after=None
[2023-12-08T02:45:41.588+0000] {logging_mixin.py:154} INFO - [2023-12-08T02:45:41.588+0000] {dag.py:3722} INFO - Setting next_dagrun for dataset_consumes_1_and_2 to None, run_after=None
[2023-12-08T02:45:41.603+0000] {logging_mixin.py:154} INFO - [2023-12-08T02:45:41.603+0000] {dag.py:3722} INFO - Setting next_dagrun for dataset_consumes_1_never_scheduled to None, run_after=None
[2023-12-08T02:45:41.607+0000] {logging_mixin.py:154} INFO - [2023-12-08T02:45:41.606+0000] {dag.py:3722} INFO - Setting next_dagrun for dataset_consumes_unknown_never_scheduled to None, run_after=None
[2023-12-08T02:45:41.617+0000] {logging_mixin.py:154} INFO - [2023-12-08T02:45:41.616+0000] {dag.py:3722} INFO - Setting next_dagrun for dataset_produces_1 to 2023-12-07T00:00:00+00:00, run_after=2023-12-08T00:00:00+00:00
[2023-12-08T02:45:41.622+0000] {logging_mixin.py:154} INFO - [2023-12-08T02:45:41.622+0000] {dag.py:3722} INFO - Setting next_dagrun for dataset_produces_2 to None, run_after=None
[2023-12-08T02:45:42.571+0000] {processor.py:179} INFO - Processing /home/airflow/.local/lib/python3.8/site-packages/airflow/example_dags/example_datasets.py took 1.927 seconds
[2023-12-08T02:46:12.800+0000] {processor.py:157} INFO - Started process (PID=767) to work on /home/airflow/.local/lib/python3.8/site-packages/airflow/example_dags/example_datasets.py
[2023-12-08T02:46:12.802+0000] {processor.py:829} INFO - Processing file /home/airflow/.local/lib/python3.8/site-packages/airflow/example_dags/example_datasets.py for tasks to queue
[2023-12-08T02:46:12.819+0000] {logging_mixin.py:154} INFO - [2023-12-08T02:46:12.819+0000] {dagbag.py:536} INFO - Filling up the DagBag from /home/airflow/.local/lib/python3.8/site-packages/airflow/example_dags/example_datasets.py
[2023-12-08T02:46:12.935+0000] {processor.py:839} INFO - DAG(s) dict_keys(['dataset_consumes_1_and_2', 'dataset_consumes_1', 'dataset_consumes_1_never_scheduled', 'dataset_consumes_unknown_never_scheduled', 'dataset_produces_2', 'dataset_produces_1']) retrieved from /home/airflow/.local/lib/python3.8/site-packages/airflow/example_dags/example_datasets.py
[2023-12-08T02:46:13.376+0000] {logging_mixin.py:154} INFO - [2023-12-08T02:46:13.375+0000] {dag.py:2941} INFO - Sync 6 DAGs
[2023-12-08T02:46:13.776+0000] {logging_mixin.py:154} INFO - [2023-12-08T02:46:13.776+0000] {dag.py:3722} INFO - Setting next_dagrun for dataset_consumes_1 to None, run_after=None
[2023-12-08T02:46:13.791+0000] {logging_mixin.py:154} INFO - [2023-12-08T02:46:13.791+0000] {dag.py:3722} INFO - Setting next_dagrun for dataset_consumes_1_and_2 to None, run_after=None
[2023-12-08T02:46:13.812+0000] {logging_mixin.py:154} INFO - [2023-12-08T02:46:13.811+0000] {dag.py:3722} INFO - Setting next_dagrun for dataset_consumes_1_never_scheduled to None, run_after=None
[2023-12-08T02:46:13.823+0000] {logging_mixin.py:154} INFO - [2023-12-08T02:46:13.823+0000] {dag.py:3722} INFO - Setting next_dagrun for dataset_consumes_unknown_never_scheduled to None, run_after=None
[2023-12-08T02:46:13.855+0000] {logging_mixin.py:154} INFO - [2023-12-08T02:46:13.855+0000] {dag.py:3722} INFO - Setting next_dagrun for dataset_produces_1 to 2023-12-07T00:00:00+00:00, run_after=2023-12-08T00:00:00+00:00
[2023-12-08T02:46:13.863+0000] {logging_mixin.py:154} INFO - [2023-12-08T02:46:13.858+0000] {dag.py:3722} INFO - Setting next_dagrun for dataset_produces_2 to None, run_after=None
[2023-12-08T02:46:14.142+0000] {processor.py:179} INFO - Processing /home/airflow/.local/lib/python3.8/site-packages/airflow/example_dags/example_datasets.py took 1.363 seconds
[2023-12-08T02:46:53.442+0000] {processor.py:157} INFO - Started process (PID=820) to work on /home/airflow/.local/lib/python3.8/site-packages/airflow/example_dags/example_datasets.py
[2023-12-08T02:46:53.458+0000] {processor.py:829} INFO - Processing file /home/airflow/.local/lib/python3.8/site-packages/airflow/example_dags/example_datasets.py for tasks to queue
[2023-12-08T02:46:53.488+0000] {logging_mixin.py:154} INFO - [2023-12-08T02:46:53.476+0000] {dagbag.py:536} INFO - Filling up the DagBag from /home/airflow/.local/lib/python3.8/site-packages/airflow/example_dags/example_datasets.py
[2023-12-08T02:46:53.634+0000] {processor.py:839} INFO - DAG(s) dict_keys(['dataset_consumes_1_and_2', 'dataset_consumes_unknown_never_scheduled', 'dataset_consumes_1_never_scheduled', 'dataset_produces_1', 'dataset_produces_2', 'dataset_consumes_1']) retrieved from /home/airflow/.local/lib/python3.8/site-packages/airflow/example_dags/example_datasets.py
[2023-12-08T02:46:54.367+0000] {logging_mixin.py:154} INFO - [2023-12-08T02:46:54.366+0000] {dag.py:2941} INFO - Sync 6 DAGs
[2023-12-08T02:46:54.659+0000] {logging_mixin.py:154} INFO - [2023-12-08T02:46:54.658+0000] {dag.py:3722} INFO - Setting next_dagrun for dataset_consumes_1 to None, run_after=None
[2023-12-08T02:46:54.720+0000] {logging_mixin.py:154} INFO - [2023-12-08T02:46:54.708+0000] {dag.py:3722} INFO - Setting next_dagrun for dataset_consumes_1_and_2 to None, run_after=None
[2023-12-08T02:46:54.739+0000] {logging_mixin.py:154} INFO - [2023-12-08T02:46:54.739+0000] {dag.py:3722} INFO - Setting next_dagrun for dataset_consumes_1_never_scheduled to None, run_after=None
[2023-12-08T02:46:54.771+0000] {logging_mixin.py:154} INFO - [2023-12-08T02:46:54.770+0000] {dag.py:3722} INFO - Setting next_dagrun for dataset_consumes_unknown_never_scheduled to None, run_after=None
[2023-12-08T02:46:54.849+0000] {logging_mixin.py:154} INFO - [2023-12-08T02:46:54.837+0000] {dag.py:3722} INFO - Setting next_dagrun for dataset_produces_1 to 2023-12-07T00:00:00+00:00, run_after=2023-12-08T00:00:00+00:00
[2023-12-08T02:46:54.852+0000] {logging_mixin.py:154} INFO - [2023-12-08T02:46:54.852+0000] {dag.py:3722} INFO - Setting next_dagrun for dataset_produces_2 to None, run_after=None
[2023-12-08T02:46:55.268+0000] {processor.py:179} INFO - Processing /home/airflow/.local/lib/python3.8/site-packages/airflow/example_dags/example_datasets.py took 1.892 seconds
[2023-12-08T02:47:25.467+0000] {processor.py:157} INFO - Started process (PID=881) to work on /home/airflow/.local/lib/python3.8/site-packages/airflow/example_dags/example_datasets.py
[2023-12-08T02:47:25.473+0000] {processor.py:829} INFO - Processing file /home/airflow/.local/lib/python3.8/site-packages/airflow/example_dags/example_datasets.py for tasks to queue
[2023-12-08T02:47:25.477+0000] {logging_mixin.py:154} INFO - [2023-12-08T02:47:25.477+0000] {dagbag.py:536} INFO - Filling up the DagBag from /home/airflow/.local/lib/python3.8/site-packages/airflow/example_dags/example_datasets.py
[2023-12-08T02:47:25.500+0000] {processor.py:839} INFO - DAG(s) dict_keys(['dataset_produces_2', 'dataset_consumes_1_never_scheduled', 'dataset_consumes_1', 'dataset_consumes_1_and_2', 'dataset_produces_1', 'dataset_consumes_unknown_never_scheduled']) retrieved from /home/airflow/.local/lib/python3.8/site-packages/airflow/example_dags/example_datasets.py
[2023-12-08T02:47:25.571+0000] {logging_mixin.py:154} INFO - [2023-12-08T02:47:25.571+0000] {dag.py:2941} INFO - Sync 6 DAGs
[2023-12-08T02:47:25.620+0000] {logging_mixin.py:154} INFO - [2023-12-08T02:47:25.620+0000] {dag.py:3722} INFO - Setting next_dagrun for dataset_consumes_1 to None, run_after=None
[2023-12-08T02:47:25.627+0000] {logging_mixin.py:154} INFO - [2023-12-08T02:47:25.627+0000] {dag.py:3722} INFO - Setting next_dagrun for dataset_consumes_1_and_2 to None, run_after=None
[2023-12-08T02:47:25.629+0000] {logging_mixin.py:154} INFO - [2023-12-08T02:47:25.629+0000] {dag.py:3722} INFO - Setting next_dagrun for dataset_consumes_1_never_scheduled to None, run_after=None
[2023-12-08T02:47:25.631+0000] {logging_mixin.py:154} INFO - [2023-12-08T02:47:25.631+0000] {dag.py:3722} INFO - Setting next_dagrun for dataset_consumes_unknown_never_scheduled to None, run_after=None
[2023-12-08T02:47:25.637+0000] {logging_mixin.py:154} INFO - [2023-12-08T02:47:25.637+0000] {dag.py:3722} INFO - Setting next_dagrun for dataset_produces_1 to 2023-12-07T00:00:00+00:00, run_after=2023-12-08T00:00:00+00:00
[2023-12-08T02:47:25.640+0000] {logging_mixin.py:154} INFO - [2023-12-08T02:47:25.640+0000] {dag.py:3722} INFO - Setting next_dagrun for dataset_produces_2 to None, run_after=None
[2023-12-08T02:47:25.708+0000] {processor.py:179} INFO - Processing /home/airflow/.local/lib/python3.8/site-packages/airflow/example_dags/example_datasets.py took 0.248 seconds
[2023-12-08T02:47:57.394+0000] {processor.py:157} INFO - Started process (PID=935) to work on /home/airflow/.local/lib/python3.8/site-packages/airflow/example_dags/example_datasets.py
[2023-12-08T02:47:57.415+0000] {processor.py:829} INFO - Processing file /home/airflow/.local/lib/python3.8/site-packages/airflow/example_dags/example_datasets.py for tasks to queue
[2023-12-08T02:47:57.442+0000] {logging_mixin.py:154} INFO - [2023-12-08T02:47:57.441+0000] {dagbag.py:536} INFO - Filling up the DagBag from /home/airflow/.local/lib/python3.8/site-packages/airflow/example_dags/example_datasets.py
[2023-12-08T02:47:57.538+0000] {processor.py:839} INFO - DAG(s) dict_keys(['dataset_produces_2', 'dataset_consumes_1_never_scheduled', 'dataset_produces_1', 'dataset_consumes_1_and_2', 'dataset_consumes_unknown_never_scheduled', 'dataset_consumes_1']) retrieved from /home/airflow/.local/lib/python3.8/site-packages/airflow/example_dags/example_datasets.py
[2023-12-08T02:47:57.842+0000] {logging_mixin.py:154} INFO - [2023-12-08T02:47:57.841+0000] {dag.py:2941} INFO - Sync 6 DAGs
[2023-12-08T02:47:59.067+0000] {logging_mixin.py:154} INFO - [2023-12-08T02:47:59.057+0000] {dag.py:3722} INFO - Setting next_dagrun for dataset_consumes_1 to None, run_after=None
[2023-12-08T02:47:59.115+0000] {logging_mixin.py:154} INFO - [2023-12-08T02:47:59.114+0000] {dag.py:3722} INFO - Setting next_dagrun for dataset_consumes_1_and_2 to None, run_after=None
[2023-12-08T02:47:59.130+0000] {logging_mixin.py:154} INFO - [2023-12-08T02:47:59.129+0000] {dag.py:3722} INFO - Setting next_dagrun for dataset_consumes_1_never_scheduled to None, run_after=None
[2023-12-08T02:47:59.147+0000] {logging_mixin.py:154} INFO - [2023-12-08T02:47:59.146+0000] {dag.py:3722} INFO - Setting next_dagrun for dataset_consumes_unknown_never_scheduled to None, run_after=None
[2023-12-08T02:47:59.188+0000] {logging_mixin.py:154} INFO - [2023-12-08T02:47:59.187+0000] {dag.py:3722} INFO - Setting next_dagrun for dataset_produces_1 to 2023-12-07T00:00:00+00:00, run_after=2023-12-08T00:00:00+00:00
[2023-12-08T02:47:59.203+0000] {logging_mixin.py:154} INFO - [2023-12-08T02:47:59.193+0000] {dag.py:3722} INFO - Setting next_dagrun for dataset_produces_2 to None, run_after=None
[2023-12-08T02:47:59.701+0000] {processor.py:179} INFO - Processing /home/airflow/.local/lib/python3.8/site-packages/airflow/example_dags/example_datasets.py took 2.339 seconds
[2023-12-08T02:48:29.875+0000] {processor.py:157} INFO - Started process (PID=989) to work on /home/airflow/.local/lib/python3.8/site-packages/airflow/example_dags/example_datasets.py
[2023-12-08T02:48:29.877+0000] {processor.py:829} INFO - Processing file /home/airflow/.local/lib/python3.8/site-packages/airflow/example_dags/example_datasets.py for tasks to queue
[2023-12-08T02:48:29.881+0000] {logging_mixin.py:154} INFO - [2023-12-08T02:48:29.880+0000] {dagbag.py:536} INFO - Filling up the DagBag from /home/airflow/.local/lib/python3.8/site-packages/airflow/example_dags/example_datasets.py
[2023-12-08T02:48:29.908+0000] {processor.py:839} INFO - DAG(s) dict_keys(['dataset_consumes_1_never_scheduled', 'dataset_consumes_unknown_never_scheduled', 'dataset_produces_1', 'dataset_consumes_1', 'dataset_produces_2', 'dataset_consumes_1_and_2']) retrieved from /home/airflow/.local/lib/python3.8/site-packages/airflow/example_dags/example_datasets.py
[2023-12-08T02:48:30.013+0000] {logging_mixin.py:154} INFO - [2023-12-08T02:48:30.012+0000] {dag.py:2941} INFO - Sync 6 DAGs
[2023-12-08T02:48:30.075+0000] {logging_mixin.py:154} INFO - [2023-12-08T02:48:30.075+0000] {dag.py:3722} INFO - Setting next_dagrun for dataset_consumes_1 to None, run_after=None
[2023-12-08T02:48:30.085+0000] {logging_mixin.py:154} INFO - [2023-12-08T02:48:30.084+0000] {dag.py:3722} INFO - Setting next_dagrun for dataset_consumes_1_and_2 to None, run_after=None
[2023-12-08T02:48:30.089+0000] {logging_mixin.py:154} INFO - [2023-12-08T02:48:30.088+0000] {dag.py:3722} INFO - Setting next_dagrun for dataset_consumes_1_never_scheduled to None, run_after=None
[2023-12-08T02:48:30.092+0000] {logging_mixin.py:154} INFO - [2023-12-08T02:48:30.091+0000] {dag.py:3722} INFO - Setting next_dagrun for dataset_consumes_unknown_never_scheduled to None, run_after=None
[2023-12-08T02:48:30.099+0000] {logging_mixin.py:154} INFO - [2023-12-08T02:48:30.099+0000] {dag.py:3722} INFO - Setting next_dagrun for dataset_produces_1 to 2023-12-07T00:00:00+00:00, run_after=2023-12-08T00:00:00+00:00
[2023-12-08T02:48:30.102+0000] {logging_mixin.py:154} INFO - [2023-12-08T02:48:30.102+0000] {dag.py:3722} INFO - Setting next_dagrun for dataset_produces_2 to None, run_after=None
[2023-12-08T02:48:30.474+0000] {processor.py:179} INFO - Processing /home/airflow/.local/lib/python3.8/site-packages/airflow/example_dags/example_datasets.py took 0.608 seconds
[2023-12-08T02:49:00.734+0000] {processor.py:157} INFO - Started process (PID=1043) to work on /home/airflow/.local/lib/python3.8/site-packages/airflow/example_dags/example_datasets.py
[2023-12-08T02:49:00.739+0000] {processor.py:829} INFO - Processing file /home/airflow/.local/lib/python3.8/site-packages/airflow/example_dags/example_datasets.py for tasks to queue
[2023-12-08T02:49:00.746+0000] {logging_mixin.py:154} INFO - [2023-12-08T02:49:00.746+0000] {dagbag.py:536} INFO - Filling up the DagBag from /home/airflow/.local/lib/python3.8/site-packages/airflow/example_dags/example_datasets.py
[2023-12-08T02:49:00.790+0000] {processor.py:839} INFO - DAG(s) dict_keys(['dataset_produces_2', 'dataset_consumes_1', 'dataset_consumes_unknown_never_scheduled', 'dataset_consumes_1_never_scheduled', 'dataset_consumes_1_and_2', 'dataset_produces_1']) retrieved from /home/airflow/.local/lib/python3.8/site-packages/airflow/example_dags/example_datasets.py
[2023-12-08T02:49:00.931+0000] {logging_mixin.py:154} INFO - [2023-12-08T02:49:00.930+0000] {dag.py:2941} INFO - Sync 6 DAGs
[2023-12-08T02:49:00.993+0000] {logging_mixin.py:154} INFO - [2023-12-08T02:49:00.993+0000] {dag.py:3722} INFO - Setting next_dagrun for dataset_consumes_1 to None, run_after=None
[2023-12-08T02:49:01.001+0000] {logging_mixin.py:154} INFO - [2023-12-08T02:49:01.000+0000] {dag.py:3722} INFO - Setting next_dagrun for dataset_consumes_1_and_2 to None, run_after=None
[2023-12-08T02:49:01.004+0000] {logging_mixin.py:154} INFO - [2023-12-08T02:49:01.004+0000] {dag.py:3722} INFO - Setting next_dagrun for dataset_consumes_1_never_scheduled to None, run_after=None
[2023-12-08T02:49:01.010+0000] {logging_mixin.py:154} INFO - [2023-12-08T02:49:01.009+0000] {dag.py:3722} INFO - Setting next_dagrun for dataset_consumes_unknown_never_scheduled to None, run_after=None
[2023-12-08T02:49:01.016+0000] {logging_mixin.py:154} INFO - [2023-12-08T02:49:01.016+0000] {dag.py:3722} INFO - Setting next_dagrun for dataset_produces_1 to 2023-12-07T00:00:00+00:00, run_after=2023-12-08T00:00:00+00:00
[2023-12-08T02:49:01.018+0000] {logging_mixin.py:154} INFO - [2023-12-08T02:49:01.018+0000] {dag.py:3722} INFO - Setting next_dagrun for dataset_produces_2 to None, run_after=None
[2023-12-08T02:49:01.103+0000] {processor.py:179} INFO - Processing /home/airflow/.local/lib/python3.8/site-packages/airflow/example_dags/example_datasets.py took 0.377 seconds
[2023-12-08T02:49:31.434+0000] {processor.py:157} INFO - Started process (PID=1096) to work on /home/airflow/.local/lib/python3.8/site-packages/airflow/example_dags/example_datasets.py
[2023-12-08T02:49:31.442+0000] {processor.py:829} INFO - Processing file /home/airflow/.local/lib/python3.8/site-packages/airflow/example_dags/example_datasets.py for tasks to queue
[2023-12-08T02:49:31.449+0000] {logging_mixin.py:154} INFO - [2023-12-08T02:49:31.448+0000] {dagbag.py:536} INFO - Filling up the DagBag from /home/airflow/.local/lib/python3.8/site-packages/airflow/example_dags/example_datasets.py
[2023-12-08T02:49:31.483+0000] {processor.py:839} INFO - DAG(s) dict_keys(['dataset_consumes_1_never_scheduled', 'dataset_consumes_unknown_never_scheduled', 'dataset_produces_2', 'dataset_consumes_1', 'dataset_produces_1', 'dataset_consumes_1_and_2']) retrieved from /home/airflow/.local/lib/python3.8/site-packages/airflow/example_dags/example_datasets.py
[2023-12-08T02:49:31.615+0000] {logging_mixin.py:154} INFO - [2023-12-08T02:49:31.611+0000] {dag.py:2941} INFO - Sync 6 DAGs
[2023-12-08T02:49:31.744+0000] {logging_mixin.py:154} INFO - [2023-12-08T02:49:31.744+0000] {dag.py:3722} INFO - Setting next_dagrun for dataset_consumes_1 to None, run_after=None
[2023-12-08T02:49:31.763+0000] {logging_mixin.py:154} INFO - [2023-12-08T02:49:31.755+0000] {dag.py:3722} INFO - Setting next_dagrun for dataset_consumes_1_and_2 to None, run_after=None
[2023-12-08T02:49:31.767+0000] {logging_mixin.py:154} INFO - [2023-12-08T02:49:31.766+0000] {dag.py:3722} INFO - Setting next_dagrun for dataset_consumes_1_never_scheduled to None, run_after=None
[2023-12-08T02:49:31.770+0000] {logging_mixin.py:154} INFO - [2023-12-08T02:49:31.769+0000] {dag.py:3722} INFO - Setting next_dagrun for dataset_consumes_unknown_never_scheduled to None, run_after=None
[2023-12-08T02:49:31.780+0000] {logging_mixin.py:154} INFO - [2023-12-08T02:49:31.780+0000] {dag.py:3722} INFO - Setting next_dagrun for dataset_produces_1 to 2023-12-07T00:00:00+00:00, run_after=2023-12-08T00:00:00+00:00
[2023-12-08T02:49:31.784+0000] {logging_mixin.py:154} INFO - [2023-12-08T02:49:31.783+0000] {dag.py:3722} INFO - Setting next_dagrun for dataset_produces_2 to None, run_after=None
[2023-12-08T02:49:31.869+0000] {processor.py:179} INFO - Processing /home/airflow/.local/lib/python3.8/site-packages/airflow/example_dags/example_datasets.py took 0.446 seconds
[2023-12-08T02:50:02.317+0000] {processor.py:157} INFO - Started process (PID=1152) to work on /home/airflow/.local/lib/python3.8/site-packages/airflow/example_dags/example_datasets.py
[2023-12-08T02:50:02.319+0000] {processor.py:829} INFO - Processing file /home/airflow/.local/lib/python3.8/site-packages/airflow/example_dags/example_datasets.py for tasks to queue
[2023-12-08T02:50:02.327+0000] {logging_mixin.py:154} INFO - [2023-12-08T02:50:02.326+0000] {dagbag.py:536} INFO - Filling up the DagBag from /home/airflow/.local/lib/python3.8/site-packages/airflow/example_dags/example_datasets.py
[2023-12-08T02:50:02.357+0000] {processor.py:839} INFO - DAG(s) dict_keys(['dataset_consumes_unknown_never_scheduled', 'dataset_consumes_1_and_2', 'dataset_produces_1', 'dataset_consumes_1_never_scheduled', 'dataset_consumes_1', 'dataset_produces_2']) retrieved from /home/airflow/.local/lib/python3.8/site-packages/airflow/example_dags/example_datasets.py
[2023-12-08T02:50:02.450+0000] {logging_mixin.py:154} INFO - [2023-12-08T02:50:02.450+0000] {dag.py:2941} INFO - Sync 6 DAGs
[2023-12-08T02:50:02.802+0000] {logging_mixin.py:154} INFO - [2023-12-08T02:50:02.802+0000] {dag.py:3722} INFO - Setting next_dagrun for dataset_consumes_1 to None, run_after=None
[2023-12-08T02:50:02.808+0000] {logging_mixin.py:154} INFO - [2023-12-08T02:50:02.808+0000] {dag.py:3722} INFO - Setting next_dagrun for dataset_consumes_1_and_2 to None, run_after=None
[2023-12-08T02:50:02.812+0000] {logging_mixin.py:154} INFO - [2023-12-08T02:50:02.811+0000] {dag.py:3722} INFO - Setting next_dagrun for dataset_consumes_1_never_scheduled to None, run_after=None
[2023-12-08T02:50:02.815+0000] {logging_mixin.py:154} INFO - [2023-12-08T02:50:02.815+0000] {dag.py:3722} INFO - Setting next_dagrun for dataset_consumes_unknown_never_scheduled to None, run_after=None
[2023-12-08T02:50:02.822+0000] {logging_mixin.py:154} INFO - [2023-12-08T02:50:02.822+0000] {dag.py:3722} INFO - Setting next_dagrun for dataset_produces_1 to 2023-12-07T00:00:00+00:00, run_after=2023-12-08T00:00:00+00:00
[2023-12-08T02:50:02.826+0000] {logging_mixin.py:154} INFO - [2023-12-08T02:50:02.825+0000] {dag.py:3722} INFO - Setting next_dagrun for dataset_produces_2 to None, run_after=None
[2023-12-08T02:50:02.890+0000] {processor.py:179} INFO - Processing /home/airflow/.local/lib/python3.8/site-packages/airflow/example_dags/example_datasets.py took 0.584 seconds
[2023-12-08T02:50:33.564+0000] {processor.py:157} INFO - Started process (PID=1205) to work on /home/airflow/.local/lib/python3.8/site-packages/airflow/example_dags/example_datasets.py
[2023-12-08T02:50:33.574+0000] {processor.py:829} INFO - Processing file /home/airflow/.local/lib/python3.8/site-packages/airflow/example_dags/example_datasets.py for tasks to queue
[2023-12-08T02:50:33.594+0000] {logging_mixin.py:154} INFO - [2023-12-08T02:50:33.583+0000] {dagbag.py:536} INFO - Filling up the DagBag from /home/airflow/.local/lib/python3.8/site-packages/airflow/example_dags/example_datasets.py
[2023-12-08T02:50:33.684+0000] {processor.py:839} INFO - DAG(s) dict_keys(['dataset_produces_2', 'dataset_consumes_unknown_never_scheduled', 'dataset_consumes_1_and_2', 'dataset_produces_1', 'dataset_consumes_1', 'dataset_consumes_1_never_scheduled']) retrieved from /home/airflow/.local/lib/python3.8/site-packages/airflow/example_dags/example_datasets.py
[2023-12-08T02:50:33.954+0000] {logging_mixin.py:154} INFO - [2023-12-08T02:50:33.953+0000] {dag.py:2941} INFO - Sync 6 DAGs
[2023-12-08T02:50:34.174+0000] {logging_mixin.py:154} INFO - [2023-12-08T02:50:34.173+0000] {dag.py:3722} INFO - Setting next_dagrun for dataset_consumes_1 to None, run_after=None
[2023-12-08T02:50:34.205+0000] {logging_mixin.py:154} INFO - [2023-12-08T02:50:34.204+0000] {dag.py:3722} INFO - Setting next_dagrun for dataset_consumes_1_and_2 to None, run_after=None
[2023-12-08T02:50:34.210+0000] {logging_mixin.py:154} INFO - [2023-12-08T02:50:34.209+0000] {dag.py:3722} INFO - Setting next_dagrun for dataset_consumes_1_never_scheduled to None, run_after=None
[2023-12-08T02:50:34.224+0000] {logging_mixin.py:154} INFO - [2023-12-08T02:50:34.214+0000] {dag.py:3722} INFO - Setting next_dagrun for dataset_consumes_unknown_never_scheduled to None, run_after=None
[2023-12-08T02:50:34.246+0000] {logging_mixin.py:154} INFO - [2023-12-08T02:50:34.245+0000] {dag.py:3722} INFO - Setting next_dagrun for dataset_produces_1 to 2023-12-07T00:00:00+00:00, run_after=2023-12-08T00:00:00+00:00
[2023-12-08T02:50:34.261+0000] {logging_mixin.py:154} INFO - [2023-12-08T02:50:34.256+0000] {dag.py:3722} INFO - Setting next_dagrun for dataset_produces_2 to None, run_after=None
[2023-12-08T02:50:34.978+0000] {processor.py:179} INFO - Processing /home/airflow/.local/lib/python3.8/site-packages/airflow/example_dags/example_datasets.py took 1.448 seconds
[2023-12-08T02:51:05.236+0000] {processor.py:157} INFO - Started process (PID=1259) to work on /home/airflow/.local/lib/python3.8/site-packages/airflow/example_dags/example_datasets.py
[2023-12-08T02:51:05.240+0000] {processor.py:829} INFO - Processing file /home/airflow/.local/lib/python3.8/site-packages/airflow/example_dags/example_datasets.py for tasks to queue
[2023-12-08T02:51:05.248+0000] {logging_mixin.py:154} INFO - [2023-12-08T02:51:05.247+0000] {dagbag.py:536} INFO - Filling up the DagBag from /home/airflow/.local/lib/python3.8/site-packages/airflow/example_dags/example_datasets.py
[2023-12-08T02:51:05.280+0000] {processor.py:839} INFO - DAG(s) dict_keys(['dataset_consumes_1_and_2', 'dataset_consumes_1_never_scheduled', 'dataset_produces_2', 'dataset_consumes_unknown_never_scheduled', 'dataset_produces_1', 'dataset_consumes_1']) retrieved from /home/airflow/.local/lib/python3.8/site-packages/airflow/example_dags/example_datasets.py
[2023-12-08T02:51:05.366+0000] {logging_mixin.py:154} INFO - [2023-12-08T02:51:05.366+0000] {dag.py:2941} INFO - Sync 6 DAGs
[2023-12-08T02:51:05.410+0000] {logging_mixin.py:154} INFO - [2023-12-08T02:51:05.410+0000] {dag.py:3722} INFO - Setting next_dagrun for dataset_consumes_1 to None, run_after=None
[2023-12-08T02:51:05.417+0000] {logging_mixin.py:154} INFO - [2023-12-08T02:51:05.417+0000] {dag.py:3722} INFO - Setting next_dagrun for dataset_consumes_1_and_2 to None, run_after=None
[2023-12-08T02:51:05.422+0000] {logging_mixin.py:154} INFO - [2023-12-08T02:51:05.421+0000] {dag.py:3722} INFO - Setting next_dagrun for dataset_consumes_1_never_scheduled to None, run_after=None
[2023-12-08T02:51:05.426+0000] {logging_mixin.py:154} INFO - [2023-12-08T02:51:05.425+0000] {dag.py:3722} INFO - Setting next_dagrun for dataset_consumes_unknown_never_scheduled to None, run_after=None
[2023-12-08T02:51:05.432+0000] {logging_mixin.py:154} INFO - [2023-12-08T02:51:05.432+0000] {dag.py:3722} INFO - Setting next_dagrun for dataset_produces_1 to 2023-12-07T00:00:00+00:00, run_after=2023-12-08T00:00:00+00:00
[2023-12-08T02:51:05.435+0000] {logging_mixin.py:154} INFO - [2023-12-08T02:51:05.434+0000] {dag.py:3722} INFO - Setting next_dagrun for dataset_produces_2 to None, run_after=None
[2023-12-08T02:51:05.497+0000] {processor.py:179} INFO - Processing /home/airflow/.local/lib/python3.8/site-packages/airflow/example_dags/example_datasets.py took 0.272 seconds
[2023-12-08T02:51:35.861+0000] {processor.py:157} INFO - Started process (PID=1312) to work on /home/airflow/.local/lib/python3.8/site-packages/airflow/example_dags/example_datasets.py
[2023-12-08T02:51:35.873+0000] {processor.py:829} INFO - Processing file /home/airflow/.local/lib/python3.8/site-packages/airflow/example_dags/example_datasets.py for tasks to queue
[2023-12-08T02:51:35.878+0000] {logging_mixin.py:154} INFO - [2023-12-08T02:51:35.877+0000] {dagbag.py:536} INFO - Filling up the DagBag from /home/airflow/.local/lib/python3.8/site-packages/airflow/example_dags/example_datasets.py
[2023-12-08T02:51:35.907+0000] {processor.py:839} INFO - DAG(s) dict_keys(['dataset_produces_2', 'dataset_consumes_unknown_never_scheduled', 'dataset_consumes_1', 'dataset_produces_1', 'dataset_consumes_1_never_scheduled', 'dataset_consumes_1_and_2']) retrieved from /home/airflow/.local/lib/python3.8/site-packages/airflow/example_dags/example_datasets.py
[2023-12-08T02:51:36.230+0000] {logging_mixin.py:154} INFO - [2023-12-08T02:51:36.229+0000] {dag.py:2941} INFO - Sync 6 DAGs
[2023-12-08T02:51:36.283+0000] {logging_mixin.py:154} INFO - [2023-12-08T02:51:36.282+0000] {dag.py:3722} INFO - Setting next_dagrun for dataset_consumes_1 to None, run_after=None
[2023-12-08T02:51:36.288+0000] {logging_mixin.py:154} INFO - [2023-12-08T02:51:36.288+0000] {dag.py:3722} INFO - Setting next_dagrun for dataset_consumes_1_and_2 to None, run_after=None
[2023-12-08T02:51:36.293+0000] {logging_mixin.py:154} INFO - [2023-12-08T02:51:36.293+0000] {dag.py:3722} INFO - Setting next_dagrun for dataset_consumes_1_never_scheduled to None, run_after=None
[2023-12-08T02:51:36.296+0000] {logging_mixin.py:154} INFO - [2023-12-08T02:51:36.296+0000] {dag.py:3722} INFO - Setting next_dagrun for dataset_consumes_unknown_never_scheduled to None, run_after=None
[2023-12-08T02:51:36.304+0000] {logging_mixin.py:154} INFO - [2023-12-08T02:51:36.303+0000] {dag.py:3722} INFO - Setting next_dagrun for dataset_produces_1 to 2023-12-07T00:00:00+00:00, run_after=2023-12-08T00:00:00+00:00
[2023-12-08T02:51:36.307+0000] {logging_mixin.py:154} INFO - [2023-12-08T02:51:36.307+0000] {dag.py:3722} INFO - Setting next_dagrun for dataset_produces_2 to None, run_after=None
[2023-12-08T02:51:36.383+0000] {processor.py:179} INFO - Processing /home/airflow/.local/lib/python3.8/site-packages/airflow/example_dags/example_datasets.py took 0.533 seconds
[2023-12-08T02:52:06.518+0000] {processor.py:157} INFO - Started process (PID=1365) to work on /home/airflow/.local/lib/python3.8/site-packages/airflow/example_dags/example_datasets.py
[2023-12-08T02:52:06.531+0000] {processor.py:829} INFO - Processing file /home/airflow/.local/lib/python3.8/site-packages/airflow/example_dags/example_datasets.py for tasks to queue
[2023-12-08T02:52:06.537+0000] {logging_mixin.py:154} INFO - [2023-12-08T02:52:06.536+0000] {dagbag.py:536} INFO - Filling up the DagBag from /home/airflow/.local/lib/python3.8/site-packages/airflow/example_dags/example_datasets.py
[2023-12-08T02:52:06.586+0000] {processor.py:839} INFO - DAG(s) dict_keys(['dataset_consumes_unknown_never_scheduled', 'dataset_produces_2', 'dataset_produces_1', 'dataset_consumes_1_and_2', 'dataset_consumes_1_never_scheduled', 'dataset_consumes_1']) retrieved from /home/airflow/.local/lib/python3.8/site-packages/airflow/example_dags/example_datasets.py
[2023-12-08T02:52:06.759+0000] {logging_mixin.py:154} INFO - [2023-12-08T02:52:06.755+0000] {dag.py:2941} INFO - Sync 6 DAGs
[2023-12-08T02:52:06.850+0000] {logging_mixin.py:154} INFO - [2023-12-08T02:52:06.849+0000] {dag.py:3722} INFO - Setting next_dagrun for dataset_consumes_1 to None, run_after=None
[2023-12-08T02:52:06.866+0000] {logging_mixin.py:154} INFO - [2023-12-08T02:52:06.866+0000] {dag.py:3722} INFO - Setting next_dagrun for dataset_consumes_1_and_2 to None, run_after=None
[2023-12-08T02:52:06.871+0000] {logging_mixin.py:154} INFO - [2023-12-08T02:52:06.870+0000] {dag.py:3722} INFO - Setting next_dagrun for dataset_consumes_1_never_scheduled to None, run_after=None
[2023-12-08T02:52:06.881+0000] {logging_mixin.py:154} INFO - [2023-12-08T02:52:06.879+0000] {dag.py:3722} INFO - Setting next_dagrun for dataset_consumes_unknown_never_scheduled to None, run_after=None
[2023-12-08T02:52:06.905+0000] {logging_mixin.py:154} INFO - [2023-12-08T02:52:06.904+0000] {dag.py:3722} INFO - Setting next_dagrun for dataset_produces_1 to 2023-12-07T00:00:00+00:00, run_after=2023-12-08T00:00:00+00:00
[2023-12-08T02:52:06.919+0000] {logging_mixin.py:154} INFO - [2023-12-08T02:52:06.919+0000] {dag.py:3722} INFO - Setting next_dagrun for dataset_produces_2 to None, run_after=None
[2023-12-08T02:52:07.056+0000] {processor.py:179} INFO - Processing /home/airflow/.local/lib/python3.8/site-packages/airflow/example_dags/example_datasets.py took 0.544 seconds
[2023-12-08T02:52:37.144+0000] {processor.py:157} INFO - Started process (PID=1420) to work on /home/airflow/.local/lib/python3.8/site-packages/airflow/example_dags/example_datasets.py
[2023-12-08T02:52:37.146+0000] {processor.py:829} INFO - Processing file /home/airflow/.local/lib/python3.8/site-packages/airflow/example_dags/example_datasets.py for tasks to queue
[2023-12-08T02:52:37.153+0000] {logging_mixin.py:154} INFO - [2023-12-08T02:52:37.152+0000] {dagbag.py:536} INFO - Filling up the DagBag from /home/airflow/.local/lib/python3.8/site-packages/airflow/example_dags/example_datasets.py
[2023-12-08T02:52:37.192+0000] {processor.py:839} INFO - DAG(s) dict_keys(['dataset_produces_1', 'dataset_consumes_1_and_2', 'dataset_produces_2', 'dataset_consumes_1_never_scheduled', 'dataset_consumes_unknown_never_scheduled', 'dataset_consumes_1']) retrieved from /home/airflow/.local/lib/python3.8/site-packages/airflow/example_dags/example_datasets.py
[2023-12-08T02:52:37.291+0000] {logging_mixin.py:154} INFO - [2023-12-08T02:52:37.290+0000] {dag.py:2941} INFO - Sync 6 DAGs
[2023-12-08T02:52:37.357+0000] {logging_mixin.py:154} INFO - [2023-12-08T02:52:37.356+0000] {dag.py:3722} INFO - Setting next_dagrun for dataset_consumes_1 to None, run_after=None
[2023-12-08T02:52:37.371+0000] {logging_mixin.py:154} INFO - [2023-12-08T02:52:37.371+0000] {dag.py:3722} INFO - Setting next_dagrun for dataset_consumes_1_and_2 to None, run_after=None
[2023-12-08T02:52:37.375+0000] {logging_mixin.py:154} INFO - [2023-12-08T02:52:37.374+0000] {dag.py:3722} INFO - Setting next_dagrun for dataset_consumes_1_never_scheduled to None, run_after=None
[2023-12-08T02:52:37.380+0000] {logging_mixin.py:154} INFO - [2023-12-08T02:52:37.379+0000] {dag.py:3722} INFO - Setting next_dagrun for dataset_consumes_unknown_never_scheduled to None, run_after=None
[2023-12-08T02:52:37.390+0000] {logging_mixin.py:154} INFO - [2023-12-08T02:52:37.389+0000] {dag.py:3722} INFO - Setting next_dagrun for dataset_produces_1 to 2023-12-07T00:00:00+00:00, run_after=2023-12-08T00:00:00+00:00
[2023-12-08T02:52:37.400+0000] {logging_mixin.py:154} INFO - [2023-12-08T02:52:37.400+0000] {dag.py:3722} INFO - Setting next_dagrun for dataset_produces_2 to None, run_after=None
[2023-12-08T02:52:37.496+0000] {processor.py:179} INFO - Processing /home/airflow/.local/lib/python3.8/site-packages/airflow/example_dags/example_datasets.py took 0.363 seconds
[2023-12-08T02:53:07.603+0000] {processor.py:157} INFO - Started process (PID=1475) to work on /home/airflow/.local/lib/python3.8/site-packages/airflow/example_dags/example_datasets.py
[2023-12-08T02:53:07.605+0000] {processor.py:829} INFO - Processing file /home/airflow/.local/lib/python3.8/site-packages/airflow/example_dags/example_datasets.py for tasks to queue
[2023-12-08T02:53:07.611+0000] {logging_mixin.py:154} INFO - [2023-12-08T02:53:07.611+0000] {dagbag.py:536} INFO - Filling up the DagBag from /home/airflow/.local/lib/python3.8/site-packages/airflow/example_dags/example_datasets.py
[2023-12-08T02:53:07.636+0000] {processor.py:839} INFO - DAG(s) dict_keys(['dataset_consumes_1_and_2', 'dataset_produces_1', 'dataset_produces_2', 'dataset_consumes_1_never_scheduled', 'dataset_consumes_1', 'dataset_consumes_unknown_never_scheduled']) retrieved from /home/airflow/.local/lib/python3.8/site-packages/airflow/example_dags/example_datasets.py
[2023-12-08T02:53:07.719+0000] {logging_mixin.py:154} INFO - [2023-12-08T02:53:07.719+0000] {dag.py:2941} INFO - Sync 6 DAGs
[2023-12-08T02:53:07.765+0000] {logging_mixin.py:154} INFO - [2023-12-08T02:53:07.765+0000] {dag.py:3722} INFO - Setting next_dagrun for dataset_consumes_1 to None, run_after=None
[2023-12-08T02:53:07.771+0000] {logging_mixin.py:154} INFO - [2023-12-08T02:53:07.771+0000] {dag.py:3722} INFO - Setting next_dagrun for dataset_consumes_1_and_2 to None, run_after=None
[2023-12-08T02:53:07.774+0000] {logging_mixin.py:154} INFO - [2023-12-08T02:53:07.773+0000] {dag.py:3722} INFO - Setting next_dagrun for dataset_consumes_1_never_scheduled to None, run_after=None
[2023-12-08T02:53:07.777+0000] {logging_mixin.py:154} INFO - [2023-12-08T02:53:07.777+0000] {dag.py:3722} INFO - Setting next_dagrun for dataset_consumes_unknown_never_scheduled to None, run_after=None
[2023-12-08T02:53:07.784+0000] {logging_mixin.py:154} INFO - [2023-12-08T02:53:07.783+0000] {dag.py:3722} INFO - Setting next_dagrun for dataset_produces_1 to 2023-12-07T00:00:00+00:00, run_after=2023-12-08T00:00:00+00:00
[2023-12-08T02:53:07.786+0000] {logging_mixin.py:154} INFO - [2023-12-08T02:53:07.786+0000] {dag.py:3722} INFO - Setting next_dagrun for dataset_produces_2 to None, run_after=None
[2023-12-08T02:53:07.851+0000] {processor.py:179} INFO - Processing /home/airflow/.local/lib/python3.8/site-packages/airflow/example_dags/example_datasets.py took 0.261 seconds
[2023-12-08T02:53:38.323+0000] {processor.py:157} INFO - Started process (PID=1527) to work on /home/airflow/.local/lib/python3.8/site-packages/airflow/example_dags/example_datasets.py
[2023-12-08T02:53:38.326+0000] {processor.py:829} INFO - Processing file /home/airflow/.local/lib/python3.8/site-packages/airflow/example_dags/example_datasets.py for tasks to queue
[2023-12-08T02:53:38.331+0000] {logging_mixin.py:154} INFO - [2023-12-08T02:53:38.330+0000] {dagbag.py:536} INFO - Filling up the DagBag from /home/airflow/.local/lib/python3.8/site-packages/airflow/example_dags/example_datasets.py
[2023-12-08T02:53:38.368+0000] {processor.py:839} INFO - DAG(s) dict_keys(['dataset_consumes_unknown_never_scheduled', 'dataset_produces_1', 'dataset_produces_2', 'dataset_consumes_1_and_2', 'dataset_consumes_1_never_scheduled', 'dataset_consumes_1']) retrieved from /home/airflow/.local/lib/python3.8/site-packages/airflow/example_dags/example_datasets.py
[2023-12-08T02:53:38.491+0000] {logging_mixin.py:154} INFO - [2023-12-08T02:53:38.489+0000] {dag.py:2941} INFO - Sync 6 DAGs
[2023-12-08T02:53:38.563+0000] {logging_mixin.py:154} INFO - [2023-12-08T02:53:38.562+0000] {dag.py:3722} INFO - Setting next_dagrun for dataset_consumes_1 to None, run_after=None
[2023-12-08T02:53:38.572+0000] {logging_mixin.py:154} INFO - [2023-12-08T02:53:38.571+0000] {dag.py:3722} INFO - Setting next_dagrun for dataset_consumes_1_and_2 to None, run_after=None
[2023-12-08T02:53:38.577+0000] {logging_mixin.py:154} INFO - [2023-12-08T02:53:38.577+0000] {dag.py:3722} INFO - Setting next_dagrun for dataset_consumes_1_never_scheduled to None, run_after=None
[2023-12-08T02:53:38.581+0000] {logging_mixin.py:154} INFO - [2023-12-08T02:53:38.581+0000] {dag.py:3722} INFO - Setting next_dagrun for dataset_consumes_unknown_never_scheduled to None, run_after=None
[2023-12-08T02:53:38.595+0000] {logging_mixin.py:154} INFO - [2023-12-08T02:53:38.594+0000] {dag.py:3722} INFO - Setting next_dagrun for dataset_produces_1 to 2023-12-07T00:00:00+00:00, run_after=2023-12-08T00:00:00+00:00
[2023-12-08T02:53:38.599+0000] {logging_mixin.py:154} INFO - [2023-12-08T02:53:38.598+0000] {dag.py:3722} INFO - Setting next_dagrun for dataset_produces_2 to None, run_after=None
[2023-12-08T02:53:38.709+0000] {processor.py:179} INFO - Processing /home/airflow/.local/lib/python3.8/site-packages/airflow/example_dags/example_datasets.py took 0.395 seconds
[2023-12-08T02:54:09.306+0000] {processor.py:157} INFO - Started process (PID=1582) to work on /home/airflow/.local/lib/python3.8/site-packages/airflow/example_dags/example_datasets.py
[2023-12-08T02:54:09.338+0000] {processor.py:829} INFO - Processing file /home/airflow/.local/lib/python3.8/site-packages/airflow/example_dags/example_datasets.py for tasks to queue
[2023-12-08T02:54:09.354+0000] {logging_mixin.py:154} INFO - [2023-12-08T02:54:09.354+0000] {dagbag.py:536} INFO - Filling up the DagBag from /home/airflow/.local/lib/python3.8/site-packages/airflow/example_dags/example_datasets.py
[2023-12-08T02:54:09.428+0000] {processor.py:839} INFO - DAG(s) dict_keys(['dataset_consumes_1_and_2', 'dataset_consumes_unknown_never_scheduled', 'dataset_produces_2', 'dataset_consumes_1_never_scheduled', 'dataset_produces_1', 'dataset_consumes_1']) retrieved from /home/airflow/.local/lib/python3.8/site-packages/airflow/example_dags/example_datasets.py
[2023-12-08T02:54:09.572+0000] {logging_mixin.py:154} INFO - [2023-12-08T02:54:09.572+0000] {dag.py:2941} INFO - Sync 6 DAGs
[2023-12-08T02:54:09.659+0000] {logging_mixin.py:154} INFO - [2023-12-08T02:54:09.658+0000] {dag.py:3722} INFO - Setting next_dagrun for dataset_consumes_1 to None, run_after=None
[2023-12-08T02:54:09.676+0000] {logging_mixin.py:154} INFO - [2023-12-08T02:54:09.675+0000] {dag.py:3722} INFO - Setting next_dagrun for dataset_consumes_1_and_2 to None, run_after=None
[2023-12-08T02:54:09.690+0000] {logging_mixin.py:154} INFO - [2023-12-08T02:54:09.690+0000] {dag.py:3722} INFO - Setting next_dagrun for dataset_consumes_1_never_scheduled to None, run_after=None
[2023-12-08T02:54:09.705+0000] {logging_mixin.py:154} INFO - [2023-12-08T02:54:09.705+0000] {dag.py:3722} INFO - Setting next_dagrun for dataset_consumes_unknown_never_scheduled to None, run_after=None
[2023-12-08T02:54:09.737+0000] {logging_mixin.py:154} INFO - [2023-12-08T02:54:09.737+0000] {dag.py:3722} INFO - Setting next_dagrun for dataset_produces_1 to 2023-12-07T00:00:00+00:00, run_after=2023-12-08T00:00:00+00:00
[2023-12-08T02:54:09.742+0000] {logging_mixin.py:154} INFO - [2023-12-08T02:54:09.741+0000] {dag.py:3722} INFO - Setting next_dagrun for dataset_produces_2 to None, run_after=None
[2023-12-08T02:54:10.071+0000] {processor.py:179} INFO - Processing /home/airflow/.local/lib/python3.8/site-packages/airflow/example_dags/example_datasets.py took 0.831 seconds
[2023-12-08T02:54:40.461+0000] {processor.py:157} INFO - Started process (PID=1637) to work on /home/airflow/.local/lib/python3.8/site-packages/airflow/example_dags/example_datasets.py
[2023-12-08T02:54:40.465+0000] {processor.py:829} INFO - Processing file /home/airflow/.local/lib/python3.8/site-packages/airflow/example_dags/example_datasets.py for tasks to queue
[2023-12-08T02:54:40.473+0000] {logging_mixin.py:154} INFO - [2023-12-08T02:54:40.472+0000] {dagbag.py:536} INFO - Filling up the DagBag from /home/airflow/.local/lib/python3.8/site-packages/airflow/example_dags/example_datasets.py
[2023-12-08T02:54:40.544+0000] {processor.py:839} INFO - DAG(s) dict_keys(['dataset_consumes_unknown_never_scheduled', 'dataset_produces_1', 'dataset_consumes_1_and_2', 'dataset_consumes_1_never_scheduled', 'dataset_produces_2', 'dataset_consumes_1']) retrieved from /home/airflow/.local/lib/python3.8/site-packages/airflow/example_dags/example_datasets.py
[2023-12-08T02:54:40.697+0000] {logging_mixin.py:154} INFO - [2023-12-08T02:54:40.697+0000] {dag.py:2941} INFO - Sync 6 DAGs
[2023-12-08T02:54:40.762+0000] {logging_mixin.py:154} INFO - [2023-12-08T02:54:40.762+0000] {dag.py:3722} INFO - Setting next_dagrun for dataset_consumes_1 to None, run_after=None
[2023-12-08T02:54:40.771+0000] {logging_mixin.py:154} INFO - [2023-12-08T02:54:40.771+0000] {dag.py:3722} INFO - Setting next_dagrun for dataset_consumes_1_and_2 to None, run_after=None
[2023-12-08T02:54:40.774+0000] {logging_mixin.py:154} INFO - [2023-12-08T02:54:40.773+0000] {dag.py:3722} INFO - Setting next_dagrun for dataset_consumes_1_never_scheduled to None, run_after=None
[2023-12-08T02:54:40.776+0000] {logging_mixin.py:154} INFO - [2023-12-08T02:54:40.776+0000] {dag.py:3722} INFO - Setting next_dagrun for dataset_consumes_unknown_never_scheduled to None, run_after=None
[2023-12-08T02:54:40.782+0000] {logging_mixin.py:154} INFO - [2023-12-08T02:54:40.782+0000] {dag.py:3722} INFO - Setting next_dagrun for dataset_produces_1 to 2023-12-07T00:00:00+00:00, run_after=2023-12-08T00:00:00+00:00
[2023-12-08T02:54:40.786+0000] {logging_mixin.py:154} INFO - [2023-12-08T02:54:40.785+0000] {dag.py:3722} INFO - Setting next_dagrun for dataset_produces_2 to None, run_after=None
[2023-12-08T02:54:40.872+0000] {processor.py:179} INFO - Processing /home/airflow/.local/lib/python3.8/site-packages/airflow/example_dags/example_datasets.py took 0.418 seconds
[2023-12-08T02:55:10.965+0000] {processor.py:157} INFO - Started process (PID=1691) to work on /home/airflow/.local/lib/python3.8/site-packages/airflow/example_dags/example_datasets.py
[2023-12-08T02:55:10.969+0000] {processor.py:829} INFO - Processing file /home/airflow/.local/lib/python3.8/site-packages/airflow/example_dags/example_datasets.py for tasks to queue
[2023-12-08T02:55:10.978+0000] {logging_mixin.py:154} INFO - [2023-12-08T02:55:10.977+0000] {dagbag.py:536} INFO - Filling up the DagBag from /home/airflow/.local/lib/python3.8/site-packages/airflow/example_dags/example_datasets.py
[2023-12-08T02:55:11.009+0000] {processor.py:839} INFO - DAG(s) dict_keys(['dataset_consumes_1_never_scheduled', 'dataset_produces_2', 'dataset_consumes_1_and_2', 'dataset_consumes_unknown_never_scheduled', 'dataset_produces_1', 'dataset_consumes_1']) retrieved from /home/airflow/.local/lib/python3.8/site-packages/airflow/example_dags/example_datasets.py
[2023-12-08T02:55:11.129+0000] {logging_mixin.py:154} INFO - [2023-12-08T02:55:11.129+0000] {dag.py:2941} INFO - Sync 6 DAGs
[2023-12-08T02:55:11.199+0000] {logging_mixin.py:154} INFO - [2023-12-08T02:55:11.199+0000] {dag.py:3722} INFO - Setting next_dagrun for dataset_consumes_1 to None, run_after=None
[2023-12-08T02:55:11.210+0000] {logging_mixin.py:154} INFO - [2023-12-08T02:55:11.209+0000] {dag.py:3722} INFO - Setting next_dagrun for dataset_consumes_1_and_2 to None, run_after=None
[2023-12-08T02:55:11.212+0000] {logging_mixin.py:154} INFO - [2023-12-08T02:55:11.212+0000] {dag.py:3722} INFO - Setting next_dagrun for dataset_consumes_1_never_scheduled to None, run_after=None
[2023-12-08T02:55:11.215+0000] {logging_mixin.py:154} INFO - [2023-12-08T02:55:11.215+0000] {dag.py:3722} INFO - Setting next_dagrun for dataset_consumes_unknown_never_scheduled to None, run_after=None
[2023-12-08T02:55:11.226+0000] {logging_mixin.py:154} INFO - [2023-12-08T02:55:11.225+0000] {dag.py:3722} INFO - Setting next_dagrun for dataset_produces_1 to 2023-12-07T00:00:00+00:00, run_after=2023-12-08T00:00:00+00:00
[2023-12-08T02:55:11.229+0000] {logging_mixin.py:154} INFO - [2023-12-08T02:55:11.229+0000] {dag.py:3722} INFO - Setting next_dagrun for dataset_produces_2 to None, run_after=None
[2023-12-08T02:55:11.313+0000] {processor.py:179} INFO - Processing /home/airflow/.local/lib/python3.8/site-packages/airflow/example_dags/example_datasets.py took 0.365 seconds
[2023-12-08T02:55:41.403+0000] {processor.py:157} INFO - Started process (PID=1746) to work on /home/airflow/.local/lib/python3.8/site-packages/airflow/example_dags/example_datasets.py
[2023-12-08T02:55:41.407+0000] {processor.py:829} INFO - Processing file /home/airflow/.local/lib/python3.8/site-packages/airflow/example_dags/example_datasets.py for tasks to queue
[2023-12-08T02:55:41.415+0000] {logging_mixin.py:154} INFO - [2023-12-08T02:55:41.414+0000] {dagbag.py:536} INFO - Filling up the DagBag from /home/airflow/.local/lib/python3.8/site-packages/airflow/example_dags/example_datasets.py
[2023-12-08T02:55:41.456+0000] {processor.py:839} INFO - DAG(s) dict_keys(['dataset_produces_2', 'dataset_consumes_1_never_scheduled', 'dataset_consumes_1_and_2', 'dataset_consumes_1', 'dataset_consumes_unknown_never_scheduled', 'dataset_produces_1']) retrieved from /home/airflow/.local/lib/python3.8/site-packages/airflow/example_dags/example_datasets.py
[2023-12-08T02:55:41.650+0000] {logging_mixin.py:154} INFO - [2023-12-08T02:55:41.639+0000] {dag.py:2941} INFO - Sync 6 DAGs
[2023-12-08T02:55:41.818+0000] {logging_mixin.py:154} INFO - [2023-12-08T02:55:41.817+0000] {dag.py:3722} INFO - Setting next_dagrun for dataset_consumes_1 to None, run_after=None
[2023-12-08T02:55:41.830+0000] {logging_mixin.py:154} INFO - [2023-12-08T02:55:41.829+0000] {dag.py:3722} INFO - Setting next_dagrun for dataset_consumes_1_and_2 to None, run_after=None
[2023-12-08T02:55:41.834+0000] {logging_mixin.py:154} INFO - [2023-12-08T02:55:41.833+0000] {dag.py:3722} INFO - Setting next_dagrun for dataset_consumes_1_never_scheduled to None, run_after=None
[2023-12-08T02:55:41.839+0000] {logging_mixin.py:154} INFO - [2023-12-08T02:55:41.839+0000] {dag.py:3722} INFO - Setting next_dagrun for dataset_consumes_unknown_never_scheduled to None, run_after=None
[2023-12-08T02:55:41.859+0000] {logging_mixin.py:154} INFO - [2023-12-08T02:55:41.859+0000] {dag.py:3722} INFO - Setting next_dagrun for dataset_produces_1 to 2023-12-07T00:00:00+00:00, run_after=2023-12-08T00:00:00+00:00
[2023-12-08T02:55:41.863+0000] {logging_mixin.py:154} INFO - [2023-12-08T02:55:41.863+0000] {dag.py:3722} INFO - Setting next_dagrun for dataset_produces_2 to None, run_after=None
[2023-12-08T02:55:42.091+0000] {processor.py:179} INFO - Processing /home/airflow/.local/lib/python3.8/site-packages/airflow/example_dags/example_datasets.py took 0.696 seconds
[2023-12-08T02:56:12.366+0000] {processor.py:157} INFO - Started process (PID=1800) to work on /home/airflow/.local/lib/python3.8/site-packages/airflow/example_dags/example_datasets.py
[2023-12-08T02:56:12.368+0000] {processor.py:829} INFO - Processing file /home/airflow/.local/lib/python3.8/site-packages/airflow/example_dags/example_datasets.py for tasks to queue
[2023-12-08T02:56:12.377+0000] {logging_mixin.py:154} INFO - [2023-12-08T02:56:12.376+0000] {dagbag.py:536} INFO - Filling up the DagBag from /home/airflow/.local/lib/python3.8/site-packages/airflow/example_dags/example_datasets.py
[2023-12-08T02:56:12.410+0000] {processor.py:839} INFO - DAG(s) dict_keys(['dataset_consumes_unknown_never_scheduled', 'dataset_consumes_1', 'dataset_produces_1', 'dataset_produces_2', 'dataset_consumes_1_and_2', 'dataset_consumes_1_never_scheduled']) retrieved from /home/airflow/.local/lib/python3.8/site-packages/airflow/example_dags/example_datasets.py
[2023-12-08T02:56:12.536+0000] {logging_mixin.py:154} INFO - [2023-12-08T02:56:12.536+0000] {dag.py:2941} INFO - Sync 6 DAGs
[2023-12-08T02:56:12.602+0000] {logging_mixin.py:154} INFO - [2023-12-08T02:56:12.602+0000] {dag.py:3722} INFO - Setting next_dagrun for dataset_consumes_1 to None, run_after=None
[2023-12-08T02:56:12.611+0000] {logging_mixin.py:154} INFO - [2023-12-08T02:56:12.609+0000] {dag.py:3722} INFO - Setting next_dagrun for dataset_consumes_1_and_2 to None, run_after=None
[2023-12-08T02:56:12.614+0000] {logging_mixin.py:154} INFO - [2023-12-08T02:56:12.613+0000] {dag.py:3722} INFO - Setting next_dagrun for dataset_consumes_1_never_scheduled to None, run_after=None
[2023-12-08T02:56:12.616+0000] {logging_mixin.py:154} INFO - [2023-12-08T02:56:12.616+0000] {dag.py:3722} INFO - Setting next_dagrun for dataset_consumes_unknown_never_scheduled to None, run_after=None
[2023-12-08T02:56:12.623+0000] {logging_mixin.py:154} INFO - [2023-12-08T02:56:12.622+0000] {dag.py:3722} INFO - Setting next_dagrun for dataset_produces_1 to 2023-12-07T00:00:00+00:00, run_after=2023-12-08T00:00:00+00:00
[2023-12-08T02:56:12.627+0000] {logging_mixin.py:154} INFO - [2023-12-08T02:56:12.627+0000] {dag.py:3722} INFO - Setting next_dagrun for dataset_produces_2 to None, run_after=None
[2023-12-08T02:56:12.715+0000] {processor.py:179} INFO - Processing /home/airflow/.local/lib/python3.8/site-packages/airflow/example_dags/example_datasets.py took 0.362 seconds
[2023-12-08T02:56:42.767+0000] {processor.py:157} INFO - Started process (PID=1854) to work on /home/airflow/.local/lib/python3.8/site-packages/airflow/example_dags/example_datasets.py
[2023-12-08T02:56:42.769+0000] {processor.py:829} INFO - Processing file /home/airflow/.local/lib/python3.8/site-packages/airflow/example_dags/example_datasets.py for tasks to queue
[2023-12-08T02:56:42.779+0000] {logging_mixin.py:154} INFO - [2023-12-08T02:56:42.778+0000] {dagbag.py:536} INFO - Filling up the DagBag from /home/airflow/.local/lib/python3.8/site-packages/airflow/example_dags/example_datasets.py
[2023-12-08T02:56:42.808+0000] {processor.py:839} INFO - DAG(s) dict_keys(['dataset_consumes_1', 'dataset_consumes_1_and_2', 'dataset_consumes_1_never_scheduled', 'dataset_produces_1', 'dataset_produces_2', 'dataset_consumes_unknown_never_scheduled']) retrieved from /home/airflow/.local/lib/python3.8/site-packages/airflow/example_dags/example_datasets.py
[2023-12-08T02:56:42.918+0000] {logging_mixin.py:154} INFO - [2023-12-08T02:56:42.917+0000] {dag.py:2941} INFO - Sync 6 DAGs
[2023-12-08T02:56:42.984+0000] {logging_mixin.py:154} INFO - [2023-12-08T02:56:42.983+0000] {dag.py:3722} INFO - Setting next_dagrun for dataset_consumes_1 to None, run_after=None
[2023-12-08T02:56:42.993+0000] {logging_mixin.py:154} INFO - [2023-12-08T02:56:42.993+0000] {dag.py:3722} INFO - Setting next_dagrun for dataset_consumes_1_and_2 to None, run_after=None
[2023-12-08T02:56:42.996+0000] {logging_mixin.py:154} INFO - [2023-12-08T02:56:42.995+0000] {dag.py:3722} INFO - Setting next_dagrun for dataset_consumes_1_never_scheduled to None, run_after=None
[2023-12-08T02:56:42.999+0000] {logging_mixin.py:154} INFO - [2023-12-08T02:56:42.998+0000] {dag.py:3722} INFO - Setting next_dagrun for dataset_consumes_unknown_never_scheduled to None, run_after=None
[2023-12-08T02:56:43.011+0000] {logging_mixin.py:154} INFO - [2023-12-08T02:56:43.011+0000] {dag.py:3722} INFO - Setting next_dagrun for dataset_produces_1 to 2023-12-07T00:00:00+00:00, run_after=2023-12-08T00:00:00+00:00
[2023-12-08T02:56:43.017+0000] {logging_mixin.py:154} INFO - [2023-12-08T02:56:43.017+0000] {dag.py:3722} INFO - Setting next_dagrun for dataset_produces_2 to None, run_after=None
[2023-12-08T02:56:43.118+0000] {processor.py:179} INFO - Processing /home/airflow/.local/lib/python3.8/site-packages/airflow/example_dags/example_datasets.py took 0.361 seconds
