[2023-12-08T02:39:18.607+0000] {processor.py:157} INFO - Started process (PID=69) to work on /home/airflow/.local/lib/python3.8/site-packages/airflow/example_dags/example_latest_only_with_trigger.py
[2023-12-08T02:39:18.610+0000] {processor.py:829} INFO - Processing file /home/airflow/.local/lib/python3.8/site-packages/airflow/example_dags/example_latest_only_with_trigger.py for tasks to queue
[2023-12-08T02:39:18.615+0000] {logging_mixin.py:154} INFO - [2023-12-08T02:39:18.615+0000] {dagbag.py:536} INFO - Filling up the DagBag from /home/airflow/.local/lib/python3.8/site-packages/airflow/example_dags/example_latest_only_with_trigger.py
[2023-12-08T02:39:18.647+0000] {processor.py:839} INFO - DAG(s) dict_keys(['latest_only_with_trigger']) retrieved from /home/airflow/.local/lib/python3.8/site-packages/airflow/example_dags/example_latest_only_with_trigger.py
[2023-12-08T02:39:18.740+0000] {logging_mixin.py:154} INFO - [2023-12-08T02:39:18.739+0000] {dag.py:2941} INFO - Sync 1 DAGs
[2023-12-08T02:39:18.806+0000] {logging_mixin.py:154} INFO - [2023-12-08T02:39:18.805+0000] {dag.py:3722} INFO - Setting next_dagrun for latest_only_with_trigger to 2023-12-07T22:39:18.804673+00:00, run_after=2023-12-08T02:39:18.804673+00:00
[2023-12-08T02:39:18.855+0000] {processor.py:179} INFO - Processing /home/airflow/.local/lib/python3.8/site-packages/airflow/example_dags/example_latest_only_with_trigger.py took 0.261 seconds
[2023-12-08T02:39:51.258+0000] {processor.py:157} INFO - Started process (PID=123) to work on /home/airflow/.local/lib/python3.8/site-packages/airflow/example_dags/example_latest_only_with_trigger.py
[2023-12-08T02:39:51.261+0000] {processor.py:829} INFO - Processing file /home/airflow/.local/lib/python3.8/site-packages/airflow/example_dags/example_latest_only_with_trigger.py for tasks to queue
[2023-12-08T02:39:51.268+0000] {logging_mixin.py:154} INFO - [2023-12-08T02:39:51.267+0000] {dagbag.py:536} INFO - Filling up the DagBag from /home/airflow/.local/lib/python3.8/site-packages/airflow/example_dags/example_latest_only_with_trigger.py
[2023-12-08T02:39:51.297+0000] {processor.py:839} INFO - DAG(s) dict_keys(['latest_only_with_trigger']) retrieved from /home/airflow/.local/lib/python3.8/site-packages/airflow/example_dags/example_latest_only_with_trigger.py
[2023-12-08T02:39:51.377+0000] {logging_mixin.py:154} INFO - [2023-12-08T02:39:51.377+0000] {dag.py:2941} INFO - Sync 1 DAGs
[2023-12-08T02:39:51.437+0000] {logging_mixin.py:154} INFO - [2023-12-08T02:39:51.437+0000] {dag.py:3722} INFO - Setting next_dagrun for latest_only_with_trigger to 2023-12-07T22:39:51.436846+00:00, run_after=2023-12-08T02:39:51.436846+00:00
[2023-12-08T02:39:51.485+0000] {processor.py:179} INFO - Processing /home/airflow/.local/lib/python3.8/site-packages/airflow/example_dags/example_latest_only_with_trigger.py took 0.246 seconds
[2023-12-08T02:40:22.732+0000] {processor.py:157} INFO - Started process (PID=177) to work on /home/airflow/.local/lib/python3.8/site-packages/airflow/example_dags/example_latest_only_with_trigger.py
[2023-12-08T02:40:22.764+0000] {processor.py:829} INFO - Processing file /home/airflow/.local/lib/python3.8/site-packages/airflow/example_dags/example_latest_only_with_trigger.py for tasks to queue
[2023-12-08T02:40:22.791+0000] {logging_mixin.py:154} INFO - [2023-12-08T02:40:22.784+0000] {dagbag.py:536} INFO - Filling up the DagBag from /home/airflow/.local/lib/python3.8/site-packages/airflow/example_dags/example_latest_only_with_trigger.py
[2023-12-08T02:40:22.841+0000] {processor.py:839} INFO - DAG(s) dict_keys(['latest_only_with_trigger']) retrieved from /home/airflow/.local/lib/python3.8/site-packages/airflow/example_dags/example_latest_only_with_trigger.py
[2023-12-08T02:40:23.013+0000] {logging_mixin.py:154} INFO - [2023-12-08T02:40:23.013+0000] {dag.py:2941} INFO - Sync 1 DAGs
[2023-12-08T02:40:23.146+0000] {logging_mixin.py:154} INFO - [2023-12-08T02:40:23.145+0000] {dag.py:3722} INFO - Setting next_dagrun for latest_only_with_trigger to 2023-12-07T22:40:23.144837+00:00, run_after=2023-12-08T02:40:23.144837+00:00
[2023-12-08T02:40:23.251+0000] {processor.py:179} INFO - Processing /home/airflow/.local/lib/python3.8/site-packages/airflow/example_dags/example_latest_only_with_trigger.py took 0.627 seconds
[2023-12-08T02:40:54.175+0000] {processor.py:157} INFO - Started process (PID=231) to work on /home/airflow/.local/lib/python3.8/site-packages/airflow/example_dags/example_latest_only_with_trigger.py
[2023-12-08T02:40:54.182+0000] {processor.py:829} INFO - Processing file /home/airflow/.local/lib/python3.8/site-packages/airflow/example_dags/example_latest_only_with_trigger.py for tasks to queue
[2023-12-08T02:40:54.189+0000] {logging_mixin.py:154} INFO - [2023-12-08T02:40:54.188+0000] {dagbag.py:536} INFO - Filling up the DagBag from /home/airflow/.local/lib/python3.8/site-packages/airflow/example_dags/example_latest_only_with_trigger.py
[2023-12-08T02:40:54.221+0000] {processor.py:839} INFO - DAG(s) dict_keys(['latest_only_with_trigger']) retrieved from /home/airflow/.local/lib/python3.8/site-packages/airflow/example_dags/example_latest_only_with_trigger.py
[2023-12-08T02:40:54.320+0000] {logging_mixin.py:154} INFO - [2023-12-08T02:40:54.320+0000] {dag.py:2941} INFO - Sync 1 DAGs
[2023-12-08T02:40:54.380+0000] {logging_mixin.py:154} INFO - [2023-12-08T02:40:54.380+0000] {dag.py:3722} INFO - Setting next_dagrun for latest_only_with_trigger to 2023-12-07T22:40:54.379462+00:00, run_after=2023-12-08T02:40:54.379462+00:00
[2023-12-08T02:40:54.480+0000] {processor.py:179} INFO - Processing /home/airflow/.local/lib/python3.8/site-packages/airflow/example_dags/example_latest_only_with_trigger.py took 0.328 seconds
[2023-12-08T02:41:24.562+0000] {processor.py:157} INFO - Started process (PID=284) to work on /home/airflow/.local/lib/python3.8/site-packages/airflow/example_dags/example_latest_only_with_trigger.py
[2023-12-08T02:41:24.565+0000] {processor.py:829} INFO - Processing file /home/airflow/.local/lib/python3.8/site-packages/airflow/example_dags/example_latest_only_with_trigger.py for tasks to queue
[2023-12-08T02:41:24.576+0000] {logging_mixin.py:154} INFO - [2023-12-08T02:41:24.575+0000] {dagbag.py:536} INFO - Filling up the DagBag from /home/airflow/.local/lib/python3.8/site-packages/airflow/example_dags/example_latest_only_with_trigger.py
[2023-12-08T02:41:24.592+0000] {processor.py:839} INFO - DAG(s) dict_keys(['latest_only_with_trigger']) retrieved from /home/airflow/.local/lib/python3.8/site-packages/airflow/example_dags/example_latest_only_with_trigger.py
[2023-12-08T02:41:24.665+0000] {logging_mixin.py:154} INFO - [2023-12-08T02:41:24.664+0000] {dag.py:2941} INFO - Sync 1 DAGs
[2023-12-08T02:41:24.746+0000] {logging_mixin.py:154} INFO - [2023-12-08T02:41:24.746+0000] {dag.py:3722} INFO - Setting next_dagrun for latest_only_with_trigger to 2023-12-07T22:41:24.745577+00:00, run_after=2023-12-08T02:41:24.745577+00:00
[2023-12-08T02:41:24.794+0000] {processor.py:179} INFO - Processing /home/airflow/.local/lib/python3.8/site-packages/airflow/example_dags/example_latest_only_with_trigger.py took 0.244 seconds
[2023-12-08T02:41:56.741+0000] {processor.py:157} INFO - Started process (PID=339) to work on /home/airflow/.local/lib/python3.8/site-packages/airflow/example_dags/example_latest_only_with_trigger.py
[2023-12-08T02:41:56.765+0000] {processor.py:829} INFO - Processing file /home/airflow/.local/lib/python3.8/site-packages/airflow/example_dags/example_latest_only_with_trigger.py for tasks to queue
[2023-12-08T02:41:56.785+0000] {logging_mixin.py:154} INFO - [2023-12-08T02:41:56.773+0000] {dagbag.py:536} INFO - Filling up the DagBag from /home/airflow/.local/lib/python3.8/site-packages/airflow/example_dags/example_latest_only_with_trigger.py
[2023-12-08T02:41:56.851+0000] {processor.py:839} INFO - DAG(s) dict_keys(['latest_only_with_trigger']) retrieved from /home/airflow/.local/lib/python3.8/site-packages/airflow/example_dags/example_latest_only_with_trigger.py
[2023-12-08T02:41:57.109+0000] {logging_mixin.py:154} INFO - [2023-12-08T02:41:57.109+0000] {dag.py:2941} INFO - Sync 1 DAGs
[2023-12-08T02:41:57.403+0000] {logging_mixin.py:154} INFO - [2023-12-08T02:41:57.403+0000] {dag.py:3722} INFO - Setting next_dagrun for latest_only_with_trigger to 2023-12-07T22:41:57.402209+00:00, run_after=2023-12-08T02:41:57.402209+00:00
[2023-12-08T02:41:57.599+0000] {processor.py:179} INFO - Processing /home/airflow/.local/lib/python3.8/site-packages/airflow/example_dags/example_latest_only_with_trigger.py took 0.891 seconds
[2023-12-08T02:42:29.664+0000] {processor.py:157} INFO - Started process (PID=393) to work on /home/airflow/.local/lib/python3.8/site-packages/airflow/example_dags/example_latest_only_with_trigger.py
[2023-12-08T02:42:29.676+0000] {processor.py:829} INFO - Processing file /home/airflow/.local/lib/python3.8/site-packages/airflow/example_dags/example_latest_only_with_trigger.py for tasks to queue
[2023-12-08T02:42:29.698+0000] {logging_mixin.py:154} INFO - [2023-12-08T02:42:29.697+0000] {dagbag.py:536} INFO - Filling up the DagBag from /home/airflow/.local/lib/python3.8/site-packages/airflow/example_dags/example_latest_only_with_trigger.py
[2023-12-08T02:42:29.764+0000] {processor.py:839} INFO - DAG(s) dict_keys(['latest_only_with_trigger']) retrieved from /home/airflow/.local/lib/python3.8/site-packages/airflow/example_dags/example_latest_only_with_trigger.py
[2023-12-08T02:42:30.090+0000] {logging_mixin.py:154} INFO - [2023-12-08T02:42:30.089+0000] {dag.py:2941} INFO - Sync 1 DAGs
[2023-12-08T02:42:30.369+0000] {logging_mixin.py:154} INFO - [2023-12-08T02:42:30.358+0000] {dag.py:3722} INFO - Setting next_dagrun for latest_only_with_trigger to 2023-12-07T22:42:30.357379+00:00, run_after=2023-12-08T02:42:30.357379+00:00
[2023-12-08T02:42:30.669+0000] {processor.py:179} INFO - Processing /home/airflow/.local/lib/python3.8/site-packages/airflow/example_dags/example_latest_only_with_trigger.py took 1.051 seconds
[2023-12-08T02:43:06.182+0000] {processor.py:157} INFO - Started process (PID=447) to work on /home/airflow/.local/lib/python3.8/site-packages/airflow/example_dags/example_latest_only_with_trigger.py
[2023-12-08T02:43:06.191+0000] {processor.py:829} INFO - Processing file /home/airflow/.local/lib/python3.8/site-packages/airflow/example_dags/example_latest_only_with_trigger.py for tasks to queue
[2023-12-08T02:43:06.206+0000] {logging_mixin.py:154} INFO - [2023-12-08T02:43:06.204+0000] {dagbag.py:536} INFO - Filling up the DagBag from /home/airflow/.local/lib/python3.8/site-packages/airflow/example_dags/example_latest_only_with_trigger.py
[2023-12-08T02:43:06.243+0000] {processor.py:839} INFO - DAG(s) dict_keys(['latest_only_with_trigger']) retrieved from /home/airflow/.local/lib/python3.8/site-packages/airflow/example_dags/example_latest_only_with_trigger.py
[2023-12-08T02:43:06.391+0000] {logging_mixin.py:154} INFO - [2023-12-08T02:43:06.390+0000] {dag.py:2941} INFO - Sync 1 DAGs
[2023-12-08T02:43:06.562+0000] {logging_mixin.py:154} INFO - [2023-12-08T02:43:06.561+0000] {dag.py:3722} INFO - Setting next_dagrun for latest_only_with_trigger to 2023-12-07T22:43:06.560985+00:00, run_after=2023-12-08T02:43:06.560985+00:00
[2023-12-08T02:43:06.706+0000] {processor.py:179} INFO - Processing /home/airflow/.local/lib/python3.8/site-packages/airflow/example_dags/example_latest_only_with_trigger.py took 0.564 seconds
[2023-12-08T02:43:40.394+0000] {processor.py:157} INFO - Started process (PID=502) to work on /home/airflow/.local/lib/python3.8/site-packages/airflow/example_dags/example_latest_only_with_trigger.py
[2023-12-08T02:43:40.415+0000] {processor.py:829} INFO - Processing file /home/airflow/.local/lib/python3.8/site-packages/airflow/example_dags/example_latest_only_with_trigger.py for tasks to queue
[2023-12-08T02:43:40.442+0000] {logging_mixin.py:154} INFO - [2023-12-08T02:43:40.441+0000] {dagbag.py:536} INFO - Filling up the DagBag from /home/airflow/.local/lib/python3.8/site-packages/airflow/example_dags/example_latest_only_with_trigger.py
[2023-12-08T02:43:40.495+0000] {processor.py:839} INFO - DAG(s) dict_keys(['latest_only_with_trigger']) retrieved from /home/airflow/.local/lib/python3.8/site-packages/airflow/example_dags/example_latest_only_with_trigger.py
[2023-12-08T02:43:40.670+0000] {logging_mixin.py:154} INFO - [2023-12-08T02:43:40.669+0000] {dag.py:2941} INFO - Sync 1 DAGs
[2023-12-08T02:43:40.959+0000] {logging_mixin.py:154} INFO - [2023-12-08T02:43:40.958+0000] {dag.py:3722} INFO - Setting next_dagrun for latest_only_with_trigger to 2023-12-07T22:43:40.957795+00:00, run_after=2023-12-08T02:43:40.957795+00:00
[2023-12-08T02:43:41.182+0000] {processor.py:179} INFO - Processing /home/airflow/.local/lib/python3.8/site-packages/airflow/example_dags/example_latest_only_with_trigger.py took 0.835 seconds
[2023-12-08T02:44:11.476+0000] {processor.py:157} INFO - Started process (PID=556) to work on /home/airflow/.local/lib/python3.8/site-packages/airflow/example_dags/example_latest_only_with_trigger.py
[2023-12-08T02:44:11.478+0000] {processor.py:829} INFO - Processing file /home/airflow/.local/lib/python3.8/site-packages/airflow/example_dags/example_latest_only_with_trigger.py for tasks to queue
[2023-12-08T02:44:11.481+0000] {logging_mixin.py:154} INFO - [2023-12-08T02:44:11.481+0000] {dagbag.py:536} INFO - Filling up the DagBag from /home/airflow/.local/lib/python3.8/site-packages/airflow/example_dags/example_latest_only_with_trigger.py
[2023-12-08T02:44:11.490+0000] {processor.py:839} INFO - DAG(s) dict_keys(['latest_only_with_trigger']) retrieved from /home/airflow/.local/lib/python3.8/site-packages/airflow/example_dags/example_latest_only_with_trigger.py
[2023-12-08T02:44:11.526+0000] {logging_mixin.py:154} INFO - [2023-12-08T02:44:11.525+0000] {dag.py:2941} INFO - Sync 1 DAGs
[2023-12-08T02:44:11.562+0000] {logging_mixin.py:154} INFO - [2023-12-08T02:44:11.562+0000] {dag.py:3722} INFO - Setting next_dagrun for latest_only_with_trigger to 2023-12-07T22:44:11.562103+00:00, run_after=2023-12-08T02:44:11.562103+00:00
[2023-12-08T02:44:11.592+0000] {processor.py:179} INFO - Processing /home/airflow/.local/lib/python3.8/site-packages/airflow/example_dags/example_latest_only_with_trigger.py took 0.121 seconds
[2023-12-08T02:44:41.741+0000] {processor.py:157} INFO - Started process (PID=611) to work on /home/airflow/.local/lib/python3.8/site-packages/airflow/example_dags/example_latest_only_with_trigger.py
[2023-12-08T02:44:41.745+0000] {processor.py:829} INFO - Processing file /home/airflow/.local/lib/python3.8/site-packages/airflow/example_dags/example_latest_only_with_trigger.py for tasks to queue
[2023-12-08T02:44:41.752+0000] {logging_mixin.py:154} INFO - [2023-12-08T02:44:41.751+0000] {dagbag.py:536} INFO - Filling up the DagBag from /home/airflow/.local/lib/python3.8/site-packages/airflow/example_dags/example_latest_only_with_trigger.py
[2023-12-08T02:44:41.767+0000] {processor.py:839} INFO - DAG(s) dict_keys(['latest_only_with_trigger']) retrieved from /home/airflow/.local/lib/python3.8/site-packages/airflow/example_dags/example_latest_only_with_trigger.py
[2023-12-08T02:44:41.826+0000] {logging_mixin.py:154} INFO - [2023-12-08T02:44:41.825+0000] {dag.py:2941} INFO - Sync 1 DAGs
[2023-12-08T02:44:41.887+0000] {logging_mixin.py:154} INFO - [2023-12-08T02:44:41.887+0000] {dag.py:3722} INFO - Setting next_dagrun for latest_only_with_trigger to 2023-12-07T22:44:41.886537+00:00, run_after=2023-12-08T02:44:41.886537+00:00
[2023-12-08T02:44:41.955+0000] {processor.py:179} INFO - Processing /home/airflow/.local/lib/python3.8/site-packages/airflow/example_dags/example_latest_only_with_trigger.py took 0.225 seconds
[2023-12-08T02:45:12.681+0000] {processor.py:157} INFO - Started process (PID=665) to work on /home/airflow/.local/lib/python3.8/site-packages/airflow/example_dags/example_latest_only_with_trigger.py
[2023-12-08T02:45:12.682+0000] {processor.py:829} INFO - Processing file /home/airflow/.local/lib/python3.8/site-packages/airflow/example_dags/example_latest_only_with_trigger.py for tasks to queue
[2023-12-08T02:45:12.685+0000] {logging_mixin.py:154} INFO - [2023-12-08T02:45:12.685+0000] {dagbag.py:536} INFO - Filling up the DagBag from /home/airflow/.local/lib/python3.8/site-packages/airflow/example_dags/example_latest_only_with_trigger.py
[2023-12-08T02:45:12.695+0000] {processor.py:839} INFO - DAG(s) dict_keys(['latest_only_with_trigger']) retrieved from /home/airflow/.local/lib/python3.8/site-packages/airflow/example_dags/example_latest_only_with_trigger.py
[2023-12-08T02:45:12.735+0000] {logging_mixin.py:154} INFO - [2023-12-08T02:45:12.734+0000] {dag.py:2941} INFO - Sync 1 DAGs
[2023-12-08T02:45:12.776+0000] {logging_mixin.py:154} INFO - [2023-12-08T02:45:12.776+0000] {dag.py:3722} INFO - Setting next_dagrun for latest_only_with_trigger to 2023-12-07T22:45:12.775925+00:00, run_after=2023-12-08T02:45:12.775925+00:00
[2023-12-08T02:45:12.811+0000] {processor.py:179} INFO - Processing /home/airflow/.local/lib/python3.8/site-packages/airflow/example_dags/example_latest_only_with_trigger.py took 0.138 seconds
[2023-12-08T02:45:43.669+0000] {processor.py:157} INFO - Started process (PID=716) to work on /home/airflow/.local/lib/python3.8/site-packages/airflow/example_dags/example_latest_only_with_trigger.py
[2023-12-08T02:45:43.711+0000] {processor.py:829} INFO - Processing file /home/airflow/.local/lib/python3.8/site-packages/airflow/example_dags/example_latest_only_with_trigger.py for tasks to queue
[2023-12-08T02:45:43.740+0000] {logging_mixin.py:154} INFO - [2023-12-08T02:45:43.719+0000] {dagbag.py:536} INFO - Filling up the DagBag from /home/airflow/.local/lib/python3.8/site-packages/airflow/example_dags/example_latest_only_with_trigger.py
[2023-12-08T02:45:43.774+0000] {processor.py:839} INFO - DAG(s) dict_keys(['latest_only_with_trigger']) retrieved from /home/airflow/.local/lib/python3.8/site-packages/airflow/example_dags/example_latest_only_with_trigger.py
[2023-12-08T02:45:43.970+0000] {logging_mixin.py:154} INFO - [2023-12-08T02:45:43.970+0000] {dag.py:2941} INFO - Sync 1 DAGs
[2023-12-08T02:45:44.439+0000] {logging_mixin.py:154} INFO - [2023-12-08T02:45:44.438+0000] {dag.py:3722} INFO - Setting next_dagrun for latest_only_with_trigger to 2023-12-07T22:45:44.425296+00:00, run_after=2023-12-08T02:45:44.425296+00:00
[2023-12-08T02:45:44.679+0000] {processor.py:179} INFO - Processing /home/airflow/.local/lib/python3.8/site-packages/airflow/example_dags/example_latest_only_with_trigger.py took 1.027 seconds
[2023-12-08T02:46:15.451+0000] {processor.py:157} INFO - Started process (PID=769) to work on /home/airflow/.local/lib/python3.8/site-packages/airflow/example_dags/example_latest_only_with_trigger.py
[2023-12-08T02:46:15.460+0000] {processor.py:829} INFO - Processing file /home/airflow/.local/lib/python3.8/site-packages/airflow/example_dags/example_latest_only_with_trigger.py for tasks to queue
[2023-12-08T02:46:15.496+0000] {logging_mixin.py:154} INFO - [2023-12-08T02:46:15.490+0000] {dagbag.py:536} INFO - Filling up the DagBag from /home/airflow/.local/lib/python3.8/site-packages/airflow/example_dags/example_latest_only_with_trigger.py
[2023-12-08T02:46:15.522+0000] {processor.py:839} INFO - DAG(s) dict_keys(['latest_only_with_trigger']) retrieved from /home/airflow/.local/lib/python3.8/site-packages/airflow/example_dags/example_latest_only_with_trigger.py
[2023-12-08T02:46:15.769+0000] {logging_mixin.py:154} INFO - [2023-12-08T02:46:15.768+0000] {dag.py:2941} INFO - Sync 1 DAGs
[2023-12-08T02:46:16.078+0000] {logging_mixin.py:154} INFO - [2023-12-08T02:46:16.076+0000] {dag.py:3722} INFO - Setting next_dagrun for latest_only_with_trigger to 2023-12-07T22:46:16.076145+00:00, run_after=2023-12-08T02:46:16.076145+00:00
[2023-12-08T02:46:16.302+0000] {processor.py:179} INFO - Processing /home/airflow/.local/lib/python3.8/site-packages/airflow/example_dags/example_latest_only_with_trigger.py took 0.904 seconds
[2023-12-08T02:46:55.946+0000] {processor.py:157} INFO - Started process (PID=830) to work on /home/airflow/.local/lib/python3.8/site-packages/airflow/example_dags/example_latest_only_with_trigger.py
[2023-12-08T02:46:55.955+0000] {processor.py:829} INFO - Processing file /home/airflow/.local/lib/python3.8/site-packages/airflow/example_dags/example_latest_only_with_trigger.py for tasks to queue
[2023-12-08T02:46:55.964+0000] {logging_mixin.py:154} INFO - [2023-12-08T02:46:55.964+0000] {dagbag.py:536} INFO - Filling up the DagBag from /home/airflow/.local/lib/python3.8/site-packages/airflow/example_dags/example_latest_only_with_trigger.py
[2023-12-08T02:46:56.017+0000] {processor.py:839} INFO - DAG(s) dict_keys(['latest_only_with_trigger']) retrieved from /home/airflow/.local/lib/python3.8/site-packages/airflow/example_dags/example_latest_only_with_trigger.py
[2023-12-08T02:46:56.258+0000] {logging_mixin.py:154} INFO - [2023-12-08T02:46:56.257+0000] {dag.py:2941} INFO - Sync 1 DAGs
[2023-12-08T02:46:56.517+0000] {logging_mixin.py:154} INFO - [2023-12-08T02:46:56.516+0000] {dag.py:3722} INFO - Setting next_dagrun for latest_only_with_trigger to 2023-12-07T22:46:56.516204+00:00, run_after=2023-12-08T02:46:56.516204+00:00
[2023-12-08T02:46:56.691+0000] {processor.py:179} INFO - Processing /home/airflow/.local/lib/python3.8/site-packages/airflow/example_dags/example_latest_only_with_trigger.py took 0.778 seconds
[2023-12-08T02:47:27.540+0000] {processor.py:157} INFO - Started process (PID=884) to work on /home/airflow/.local/lib/python3.8/site-packages/airflow/example_dags/example_latest_only_with_trigger.py
[2023-12-08T02:47:27.546+0000] {processor.py:829} INFO - Processing file /home/airflow/.local/lib/python3.8/site-packages/airflow/example_dags/example_latest_only_with_trigger.py for tasks to queue
[2023-12-08T02:47:27.553+0000] {logging_mixin.py:154} INFO - [2023-12-08T02:47:27.552+0000] {dagbag.py:536} INFO - Filling up the DagBag from /home/airflow/.local/lib/python3.8/site-packages/airflow/example_dags/example_latest_only_with_trigger.py
[2023-12-08T02:47:27.571+0000] {processor.py:839} INFO - DAG(s) dict_keys(['latest_only_with_trigger']) retrieved from /home/airflow/.local/lib/python3.8/site-packages/airflow/example_dags/example_latest_only_with_trigger.py
[2023-12-08T02:47:27.649+0000] {logging_mixin.py:154} INFO - [2023-12-08T02:47:27.648+0000] {dag.py:2941} INFO - Sync 1 DAGs
[2023-12-08T02:47:27.746+0000] {logging_mixin.py:154} INFO - [2023-12-08T02:47:27.746+0000] {dag.py:3722} INFO - Setting next_dagrun for latest_only_with_trigger to 2023-12-07T22:47:27.745212+00:00, run_after=2023-12-08T02:47:27.745212+00:00
[2023-12-08T02:47:27.868+0000] {processor.py:179} INFO - Processing /home/airflow/.local/lib/python3.8/site-packages/airflow/example_dags/example_latest_only_with_trigger.py took 0.341 seconds
[2023-12-08T02:47:59.891+0000] {processor.py:157} INFO - Started process (PID=938) to work on /home/airflow/.local/lib/python3.8/site-packages/airflow/example_dags/example_latest_only_with_trigger.py
[2023-12-08T02:47:59.894+0000] {processor.py:829} INFO - Processing file /home/airflow/.local/lib/python3.8/site-packages/airflow/example_dags/example_latest_only_with_trigger.py for tasks to queue
[2023-12-08T02:47:59.924+0000] {logging_mixin.py:154} INFO - [2023-12-08T02:47:59.923+0000] {dagbag.py:536} INFO - Filling up the DagBag from /home/airflow/.local/lib/python3.8/site-packages/airflow/example_dags/example_latest_only_with_trigger.py
[2023-12-08T02:47:59.985+0000] {processor.py:839} INFO - DAG(s) dict_keys(['latest_only_with_trigger']) retrieved from /home/airflow/.local/lib/python3.8/site-packages/airflow/example_dags/example_latest_only_with_trigger.py
[2023-12-08T02:48:00.192+0000] {logging_mixin.py:154} INFO - [2023-12-08T02:48:00.191+0000] {dag.py:2941} INFO - Sync 1 DAGs
[2023-12-08T02:48:01.322+0000] {logging_mixin.py:154} INFO - [2023-12-08T02:48:01.322+0000] {dag.py:3722} INFO - Setting next_dagrun for latest_only_with_trigger to 2023-12-07T22:48:01.321410+00:00, run_after=2023-12-08T02:48:01.321410+00:00
[2023-12-08T02:48:01.653+0000] {processor.py:179} INFO - Processing /home/airflow/.local/lib/python3.8/site-packages/airflow/example_dags/example_latest_only_with_trigger.py took 1.796 seconds
[2023-12-08T02:48:31.999+0000] {processor.py:157} INFO - Started process (PID=992) to work on /home/airflow/.local/lib/python3.8/site-packages/airflow/example_dags/example_latest_only_with_trigger.py
[2023-12-08T02:48:32.002+0000] {processor.py:829} INFO - Processing file /home/airflow/.local/lib/python3.8/site-packages/airflow/example_dags/example_latest_only_with_trigger.py for tasks to queue
[2023-12-08T02:48:32.006+0000] {logging_mixin.py:154} INFO - [2023-12-08T02:48:32.006+0000] {dagbag.py:536} INFO - Filling up the DagBag from /home/airflow/.local/lib/python3.8/site-packages/airflow/example_dags/example_latest_only_with_trigger.py
[2023-12-08T02:48:32.020+0000] {processor.py:839} INFO - DAG(s) dict_keys(['latest_only_with_trigger']) retrieved from /home/airflow/.local/lib/python3.8/site-packages/airflow/example_dags/example_latest_only_with_trigger.py
[2023-12-08T02:48:32.070+0000] {logging_mixin.py:154} INFO - [2023-12-08T02:48:32.070+0000] {dag.py:2941} INFO - Sync 1 DAGs
[2023-12-08T02:48:32.118+0000] {logging_mixin.py:154} INFO - [2023-12-08T02:48:32.118+0000] {dag.py:3722} INFO - Setting next_dagrun for latest_only_with_trigger to 2023-12-07T22:48:32.117665+00:00, run_after=2023-12-08T02:48:32.117665+00:00
[2023-12-08T02:48:32.157+0000] {processor.py:179} INFO - Processing /home/airflow/.local/lib/python3.8/site-packages/airflow/example_dags/example_latest_only_with_trigger.py took 0.168 seconds
[2023-12-08T02:49:02.359+0000] {processor.py:157} INFO - Started process (PID=1045) to work on /home/airflow/.local/lib/python3.8/site-packages/airflow/example_dags/example_latest_only_with_trigger.py
[2023-12-08T02:49:02.361+0000] {processor.py:829} INFO - Processing file /home/airflow/.local/lib/python3.8/site-packages/airflow/example_dags/example_latest_only_with_trigger.py for tasks to queue
[2023-12-08T02:49:02.367+0000] {logging_mixin.py:154} INFO - [2023-12-08T02:49:02.367+0000] {dagbag.py:536} INFO - Filling up the DagBag from /home/airflow/.local/lib/python3.8/site-packages/airflow/example_dags/example_latest_only_with_trigger.py
[2023-12-08T02:49:02.376+0000] {processor.py:839} INFO - DAG(s) dict_keys(['latest_only_with_trigger']) retrieved from /home/airflow/.local/lib/python3.8/site-packages/airflow/example_dags/example_latest_only_with_trigger.py
[2023-12-08T02:49:02.426+0000] {logging_mixin.py:154} INFO - [2023-12-08T02:49:02.426+0000] {dag.py:2941} INFO - Sync 1 DAGs
[2023-12-08T02:49:02.472+0000] {logging_mixin.py:154} INFO - [2023-12-08T02:49:02.472+0000] {dag.py:3722} INFO - Setting next_dagrun for latest_only_with_trigger to 2023-12-07T22:49:02.471672+00:00, run_after=2023-12-08T02:49:02.471672+00:00
[2023-12-08T02:49:02.507+0000] {processor.py:179} INFO - Processing /home/airflow/.local/lib/python3.8/site-packages/airflow/example_dags/example_latest_only_with_trigger.py took 0.154 seconds
[2023-12-08T02:49:32.829+0000] {processor.py:157} INFO - Started process (PID=1099) to work on /home/airflow/.local/lib/python3.8/site-packages/airflow/example_dags/example_latest_only_with_trigger.py
[2023-12-08T02:49:32.839+0000] {processor.py:829} INFO - Processing file /home/airflow/.local/lib/python3.8/site-packages/airflow/example_dags/example_latest_only_with_trigger.py for tasks to queue
[2023-12-08T02:49:32.848+0000] {logging_mixin.py:154} INFO - [2023-12-08T02:49:32.846+0000] {dagbag.py:536} INFO - Filling up the DagBag from /home/airflow/.local/lib/python3.8/site-packages/airflow/example_dags/example_latest_only_with_trigger.py
[2023-12-08T02:49:32.877+0000] {processor.py:839} INFO - DAG(s) dict_keys(['latest_only_with_trigger']) retrieved from /home/airflow/.local/lib/python3.8/site-packages/airflow/example_dags/example_latest_only_with_trigger.py
[2023-12-08T02:49:32.960+0000] {logging_mixin.py:154} INFO - [2023-12-08T02:49:32.960+0000] {dag.py:2941} INFO - Sync 1 DAGs
[2023-12-08T02:49:33.041+0000] {logging_mixin.py:154} INFO - [2023-12-08T02:49:33.041+0000] {dag.py:3722} INFO - Setting next_dagrun for latest_only_with_trigger to 2023-12-07T22:49:33.040507+00:00, run_after=2023-12-08T02:49:33.040507+00:00
[2023-12-08T02:49:33.100+0000] {processor.py:179} INFO - Processing /home/airflow/.local/lib/python3.8/site-packages/airflow/example_dags/example_latest_only_with_trigger.py took 0.283 seconds
[2023-12-08T02:50:03.390+0000] {processor.py:157} INFO - Started process (PID=1154) to work on /home/airflow/.local/lib/python3.8/site-packages/airflow/example_dags/example_latest_only_with_trigger.py
[2023-12-08T02:50:03.392+0000] {processor.py:829} INFO - Processing file /home/airflow/.local/lib/python3.8/site-packages/airflow/example_dags/example_latest_only_with_trigger.py for tasks to queue
[2023-12-08T02:50:03.398+0000] {logging_mixin.py:154} INFO - [2023-12-08T02:50:03.397+0000] {dagbag.py:536} INFO - Filling up the DagBag from /home/airflow/.local/lib/python3.8/site-packages/airflow/example_dags/example_latest_only_with_trigger.py
[2023-12-08T02:50:03.409+0000] {processor.py:839} INFO - DAG(s) dict_keys(['latest_only_with_trigger']) retrieved from /home/airflow/.local/lib/python3.8/site-packages/airflow/example_dags/example_latest_only_with_trigger.py
[2023-12-08T02:50:03.462+0000] {logging_mixin.py:154} INFO - [2023-12-08T02:50:03.461+0000] {dag.py:2941} INFO - Sync 1 DAGs
[2023-12-08T02:50:03.823+0000] {logging_mixin.py:154} INFO - [2023-12-08T02:50:03.823+0000] {dag.py:3722} INFO - Setting next_dagrun for latest_only_with_trigger to 2023-12-07T22:50:03.823097+00:00, run_after=2023-12-08T02:50:03.823097+00:00
[2023-12-08T02:50:03.887+0000] {processor.py:179} INFO - Processing /home/airflow/.local/lib/python3.8/site-packages/airflow/example_dags/example_latest_only_with_trigger.py took 0.507 seconds
[2023-12-08T02:50:35.105+0000] {processor.py:157} INFO - Started process (PID=1207) to work on /home/airflow/.local/lib/python3.8/site-packages/airflow/example_dags/example_latest_only_with_trigger.py
[2023-12-08T02:50:35.108+0000] {processor.py:829} INFO - Processing file /home/airflow/.local/lib/python3.8/site-packages/airflow/example_dags/example_latest_only_with_trigger.py for tasks to queue
[2023-12-08T02:50:35.123+0000] {logging_mixin.py:154} INFO - [2023-12-08T02:50:35.122+0000] {dagbag.py:536} INFO - Filling up the DagBag from /home/airflow/.local/lib/python3.8/site-packages/airflow/example_dags/example_latest_only_with_trigger.py
[2023-12-08T02:50:35.160+0000] {processor.py:839} INFO - DAG(s) dict_keys(['latest_only_with_trigger']) retrieved from /home/airflow/.local/lib/python3.8/site-packages/airflow/example_dags/example_latest_only_with_trigger.py
[2023-12-08T02:50:35.352+0000] {logging_mixin.py:154} INFO - [2023-12-08T02:50:35.351+0000] {dag.py:2941} INFO - Sync 1 DAGs
[2023-12-08T02:50:35.545+0000] {logging_mixin.py:154} INFO - [2023-12-08T02:50:35.544+0000] {dag.py:3722} INFO - Setting next_dagrun for latest_only_with_trigger to 2023-12-07T22:50:35.543600+00:00, run_after=2023-12-08T02:50:35.543600+00:00
[2023-12-08T02:50:35.629+0000] {processor.py:179} INFO - Processing /home/airflow/.local/lib/python3.8/site-packages/airflow/example_dags/example_latest_only_with_trigger.py took 0.543 seconds
[2023-12-08T02:51:05.813+0000] {processor.py:157} INFO - Started process (PID=1261) to work on /home/airflow/.local/lib/python3.8/site-packages/airflow/example_dags/example_latest_only_with_trigger.py
[2023-12-08T02:51:05.817+0000] {processor.py:829} INFO - Processing file /home/airflow/.local/lib/python3.8/site-packages/airflow/example_dags/example_latest_only_with_trigger.py for tasks to queue
[2023-12-08T02:51:05.829+0000] {logging_mixin.py:154} INFO - [2023-12-08T02:51:05.828+0000] {dagbag.py:536} INFO - Filling up the DagBag from /home/airflow/.local/lib/python3.8/site-packages/airflow/example_dags/example_latest_only_with_trigger.py
[2023-12-08T02:51:05.850+0000] {processor.py:839} INFO - DAG(s) dict_keys(['latest_only_with_trigger']) retrieved from /home/airflow/.local/lib/python3.8/site-packages/airflow/example_dags/example_latest_only_with_trigger.py
[2023-12-08T02:51:05.910+0000] {logging_mixin.py:154} INFO - [2023-12-08T02:51:05.909+0000] {dag.py:2941} INFO - Sync 1 DAGs
[2023-12-08T02:51:05.954+0000] {logging_mixin.py:154} INFO - [2023-12-08T02:51:05.954+0000] {dag.py:3722} INFO - Setting next_dagrun for latest_only_with_trigger to 2023-12-07T22:51:05.953733+00:00, run_after=2023-12-08T02:51:05.953733+00:00
[2023-12-08T02:51:05.990+0000] {processor.py:179} INFO - Processing /home/airflow/.local/lib/python3.8/site-packages/airflow/example_dags/example_latest_only_with_trigger.py took 0.190 seconds
[2023-12-08T02:51:36.443+0000] {processor.py:157} INFO - Started process (PID=1315) to work on /home/airflow/.local/lib/python3.8/site-packages/airflow/example_dags/example_latest_only_with_trigger.py
[2023-12-08T02:51:36.445+0000] {processor.py:829} INFO - Processing file /home/airflow/.local/lib/python3.8/site-packages/airflow/example_dags/example_latest_only_with_trigger.py for tasks to queue
[2023-12-08T02:51:36.449+0000] {logging_mixin.py:154} INFO - [2023-12-08T02:51:36.448+0000] {dagbag.py:536} INFO - Filling up the DagBag from /home/airflow/.local/lib/python3.8/site-packages/airflow/example_dags/example_latest_only_with_trigger.py
[2023-12-08T02:51:36.464+0000] {processor.py:839} INFO - DAG(s) dict_keys(['latest_only_with_trigger']) retrieved from /home/airflow/.local/lib/python3.8/site-packages/airflow/example_dags/example_latest_only_with_trigger.py
[2023-12-08T02:51:36.766+0000] {logging_mixin.py:154} INFO - [2023-12-08T02:51:36.765+0000] {dag.py:2941} INFO - Sync 1 DAGs
[2023-12-08T02:51:36.818+0000] {logging_mixin.py:154} INFO - [2023-12-08T02:51:36.817+0000] {dag.py:3722} INFO - Setting next_dagrun for latest_only_with_trigger to 2023-12-07T22:51:36.817532+00:00, run_after=2023-12-08T02:51:36.817532+00:00
[2023-12-08T02:51:36.858+0000] {processor.py:179} INFO - Processing /home/airflow/.local/lib/python3.8/site-packages/airflow/example_dags/example_latest_only_with_trigger.py took 0.426 seconds
[2023-12-08T02:52:06.949+0000] {processor.py:157} INFO - Started process (PID=1367) to work on /home/airflow/.local/lib/python3.8/site-packages/airflow/example_dags/example_latest_only_with_trigger.py
[2023-12-08T02:52:06.968+0000] {processor.py:829} INFO - Processing file /home/airflow/.local/lib/python3.8/site-packages/airflow/example_dags/example_latest_only_with_trigger.py for tasks to queue
[2023-12-08T02:52:06.975+0000] {logging_mixin.py:154} INFO - [2023-12-08T02:52:06.974+0000] {dagbag.py:536} INFO - Filling up the DagBag from /home/airflow/.local/lib/python3.8/site-packages/airflow/example_dags/example_latest_only_with_trigger.py
[2023-12-08T02:52:07.005+0000] {processor.py:839} INFO - DAG(s) dict_keys(['latest_only_with_trigger']) retrieved from /home/airflow/.local/lib/python3.8/site-packages/airflow/example_dags/example_latest_only_with_trigger.py
[2023-12-08T02:52:07.074+0000] {logging_mixin.py:154} INFO - [2023-12-08T02:52:07.074+0000] {dag.py:2941} INFO - Sync 1 DAGs
[2023-12-08T02:52:07.167+0000] {logging_mixin.py:154} INFO - [2023-12-08T02:52:07.166+0000] {dag.py:3722} INFO - Setting next_dagrun for latest_only_with_trigger to 2023-12-07T22:52:07.159771+00:00, run_after=2023-12-08T02:52:07.159771+00:00
[2023-12-08T02:52:07.232+0000] {processor.py:179} INFO - Processing /home/airflow/.local/lib/python3.8/site-packages/airflow/example_dags/example_latest_only_with_trigger.py took 0.305 seconds
[2023-12-08T02:52:37.541+0000] {processor.py:157} INFO - Started process (PID=1421) to work on /home/airflow/.local/lib/python3.8/site-packages/airflow/example_dags/example_latest_only_with_trigger.py
[2023-12-08T02:52:37.544+0000] {processor.py:829} INFO - Processing file /home/airflow/.local/lib/python3.8/site-packages/airflow/example_dags/example_latest_only_with_trigger.py for tasks to queue
[2023-12-08T02:52:37.550+0000] {logging_mixin.py:154} INFO - [2023-12-08T02:52:37.550+0000] {dagbag.py:536} INFO - Filling up the DagBag from /home/airflow/.local/lib/python3.8/site-packages/airflow/example_dags/example_latest_only_with_trigger.py
[2023-12-08T02:52:37.567+0000] {processor.py:839} INFO - DAG(s) dict_keys(['latest_only_with_trigger']) retrieved from /home/airflow/.local/lib/python3.8/site-packages/airflow/example_dags/example_latest_only_with_trigger.py
[2023-12-08T02:52:37.635+0000] {logging_mixin.py:154} INFO - [2023-12-08T02:52:37.635+0000] {dag.py:2941} INFO - Sync 1 DAGs
[2023-12-08T02:52:37.715+0000] {logging_mixin.py:154} INFO - [2023-12-08T02:52:37.715+0000] {dag.py:3722} INFO - Setting next_dagrun for latest_only_with_trigger to 2023-12-07T22:52:37.714840+00:00, run_after=2023-12-08T02:52:37.714840+00:00
[2023-12-08T02:52:37.770+0000] {processor.py:179} INFO - Processing /home/airflow/.local/lib/python3.8/site-packages/airflow/example_dags/example_latest_only_with_trigger.py took 0.240 seconds
[2023-12-08T02:53:07.888+0000] {processor.py:157} INFO - Started process (PID=1476) to work on /home/airflow/.local/lib/python3.8/site-packages/airflow/example_dags/example_latest_only_with_trigger.py
[2023-12-08T02:53:07.890+0000] {processor.py:829} INFO - Processing file /home/airflow/.local/lib/python3.8/site-packages/airflow/example_dags/example_latest_only_with_trigger.py for tasks to queue
[2023-12-08T02:53:07.896+0000] {logging_mixin.py:154} INFO - [2023-12-08T02:53:07.895+0000] {dagbag.py:536} INFO - Filling up the DagBag from /home/airflow/.local/lib/python3.8/site-packages/airflow/example_dags/example_latest_only_with_trigger.py
[2023-12-08T02:53:07.906+0000] {processor.py:839} INFO - DAG(s) dict_keys(['latest_only_with_trigger']) retrieved from /home/airflow/.local/lib/python3.8/site-packages/airflow/example_dags/example_latest_only_with_trigger.py
[2023-12-08T02:53:07.950+0000] {logging_mixin.py:154} INFO - [2023-12-08T02:53:07.949+0000] {dag.py:2941} INFO - Sync 1 DAGs
[2023-12-08T02:53:07.998+0000] {logging_mixin.py:154} INFO - [2023-12-08T02:53:07.997+0000] {dag.py:3722} INFO - Setting next_dagrun for latest_only_with_trigger to 2023-12-07T22:53:07.997291+00:00, run_after=2023-12-08T02:53:07.997291+00:00
[2023-12-08T02:53:08.034+0000] {processor.py:179} INFO - Processing /home/airflow/.local/lib/python3.8/site-packages/airflow/example_dags/example_latest_only_with_trigger.py took 0.153 seconds
[2023-12-08T02:53:38.642+0000] {processor.py:157} INFO - Started process (PID=1529) to work on /home/airflow/.local/lib/python3.8/site-packages/airflow/example_dags/example_latest_only_with_trigger.py
[2023-12-08T02:53:38.650+0000] {processor.py:829} INFO - Processing file /home/airflow/.local/lib/python3.8/site-packages/airflow/example_dags/example_latest_only_with_trigger.py for tasks to queue
[2023-12-08T02:53:38.657+0000] {logging_mixin.py:154} INFO - [2023-12-08T02:53:38.657+0000] {dagbag.py:536} INFO - Filling up the DagBag from /home/airflow/.local/lib/python3.8/site-packages/airflow/example_dags/example_latest_only_with_trigger.py
[2023-12-08T02:53:38.675+0000] {processor.py:839} INFO - DAG(s) dict_keys(['latest_only_with_trigger']) retrieved from /home/airflow/.local/lib/python3.8/site-packages/airflow/example_dags/example_latest_only_with_trigger.py
[2023-12-08T02:53:38.747+0000] {logging_mixin.py:154} INFO - [2023-12-08T02:53:38.747+0000] {dag.py:2941} INFO - Sync 1 DAGs
[2023-12-08T02:53:38.815+0000] {logging_mixin.py:154} INFO - [2023-12-08T02:53:38.814+0000] {dag.py:3722} INFO - Setting next_dagrun for latest_only_with_trigger to 2023-12-07T22:53:38.813722+00:00, run_after=2023-12-08T02:53:38.813722+00:00
[2023-12-08T02:53:38.871+0000] {processor.py:179} INFO - Processing /home/airflow/.local/lib/python3.8/site-packages/airflow/example_dags/example_latest_only_with_trigger.py took 0.238 seconds
[2023-12-08T02:54:09.861+0000] {processor.py:157} INFO - Started process (PID=1584) to work on /home/airflow/.local/lib/python3.8/site-packages/airflow/example_dags/example_latest_only_with_trigger.py
[2023-12-08T02:54:09.906+0000] {processor.py:829} INFO - Processing file /home/airflow/.local/lib/python3.8/site-packages/airflow/example_dags/example_latest_only_with_trigger.py for tasks to queue
[2023-12-08T02:54:09.924+0000] {logging_mixin.py:154} INFO - [2023-12-08T02:54:09.923+0000] {dagbag.py:536} INFO - Filling up the DagBag from /home/airflow/.local/lib/python3.8/site-packages/airflow/example_dags/example_latest_only_with_trigger.py
[2023-12-08T02:54:09.973+0000] {processor.py:839} INFO - DAG(s) dict_keys(['latest_only_with_trigger']) retrieved from /home/airflow/.local/lib/python3.8/site-packages/airflow/example_dags/example_latest_only_with_trigger.py
[2023-12-08T02:54:10.149+0000] {logging_mixin.py:154} INFO - [2023-12-08T02:54:10.148+0000] {dag.py:2941} INFO - Sync 1 DAGs
[2023-12-08T02:54:10.232+0000] {logging_mixin.py:154} INFO - [2023-12-08T02:54:10.231+0000] {dag.py:3722} INFO - Setting next_dagrun for latest_only_with_trigger to 2023-12-07T22:54:10.231284+00:00, run_after=2023-12-08T02:54:10.231284+00:00
[2023-12-08T02:54:10.299+0000] {processor.py:179} INFO - Processing /home/airflow/.local/lib/python3.8/site-packages/airflow/example_dags/example_latest_only_with_trigger.py took 0.485 seconds
[2023-12-08T02:54:40.480+0000] {processor.py:157} INFO - Started process (PID=1638) to work on /home/airflow/.local/lib/python3.8/site-packages/airflow/example_dags/example_latest_only_with_trigger.py
[2023-12-08T02:54:40.482+0000] {processor.py:829} INFO - Processing file /home/airflow/.local/lib/python3.8/site-packages/airflow/example_dags/example_latest_only_with_trigger.py for tasks to queue
[2023-12-08T02:54:40.492+0000] {logging_mixin.py:154} INFO - [2023-12-08T02:54:40.491+0000] {dagbag.py:536} INFO - Filling up the DagBag from /home/airflow/.local/lib/python3.8/site-packages/airflow/example_dags/example_latest_only_with_trigger.py
[2023-12-08T02:54:40.531+0000] {processor.py:839} INFO - DAG(s) dict_keys(['latest_only_with_trigger']) retrieved from /home/airflow/.local/lib/python3.8/site-packages/airflow/example_dags/example_latest_only_with_trigger.py
[2023-12-08T02:54:40.652+0000] {logging_mixin.py:154} INFO - [2023-12-08T02:54:40.651+0000] {dag.py:2941} INFO - Sync 1 DAGs
[2023-12-08T02:54:40.706+0000] {logging_mixin.py:154} INFO - [2023-12-08T02:54:40.705+0000] {dag.py:3722} INFO - Setting next_dagrun for latest_only_with_trigger to 2023-12-07T22:54:40.705138+00:00, run_after=2023-12-08T02:54:40.705138+00:00
[2023-12-08T02:54:40.751+0000] {processor.py:179} INFO - Processing /home/airflow/.local/lib/python3.8/site-packages/airflow/example_dags/example_latest_only_with_trigger.py took 0.287 seconds
[2023-12-08T02:55:10.980+0000] {processor.py:157} INFO - Started process (PID=1692) to work on /home/airflow/.local/lib/python3.8/site-packages/airflow/example_dags/example_latest_only_with_trigger.py
[2023-12-08T02:55:10.990+0000] {processor.py:829} INFO - Processing file /home/airflow/.local/lib/python3.8/site-packages/airflow/example_dags/example_latest_only_with_trigger.py for tasks to queue
[2023-12-08T02:55:10.995+0000] {logging_mixin.py:154} INFO - [2023-12-08T02:55:10.995+0000] {dagbag.py:536} INFO - Filling up the DagBag from /home/airflow/.local/lib/python3.8/site-packages/airflow/example_dags/example_latest_only_with_trigger.py
[2023-12-08T02:55:11.012+0000] {processor.py:839} INFO - DAG(s) dict_keys(['latest_only_with_trigger']) retrieved from /home/airflow/.local/lib/python3.8/site-packages/airflow/example_dags/example_latest_only_with_trigger.py
[2023-12-08T02:55:11.075+0000] {logging_mixin.py:154} INFO - [2023-12-08T02:55:11.074+0000] {dag.py:2941} INFO - Sync 1 DAGs
[2023-12-08T02:55:11.144+0000] {logging_mixin.py:154} INFO - [2023-12-08T02:55:11.143+0000] {dag.py:3722} INFO - Setting next_dagrun for latest_only_with_trigger to 2023-12-07T22:55:11.143208+00:00, run_after=2023-12-08T02:55:11.143208+00:00
[2023-12-08T02:55:11.187+0000] {processor.py:179} INFO - Processing /home/airflow/.local/lib/python3.8/site-packages/airflow/example_dags/example_latest_only_with_trigger.py took 0.224 seconds
[2023-12-08T02:55:41.434+0000] {processor.py:157} INFO - Started process (PID=1747) to work on /home/airflow/.local/lib/python3.8/site-packages/airflow/example_dags/example_latest_only_with_trigger.py
[2023-12-08T02:55:41.438+0000] {processor.py:829} INFO - Processing file /home/airflow/.local/lib/python3.8/site-packages/airflow/example_dags/example_latest_only_with_trigger.py for tasks to queue
[2023-12-08T02:55:41.448+0000] {logging_mixin.py:154} INFO - [2023-12-08T02:55:41.448+0000] {dagbag.py:536} INFO - Filling up the DagBag from /home/airflow/.local/lib/python3.8/site-packages/airflow/example_dags/example_latest_only_with_trigger.py
[2023-12-08T02:55:41.467+0000] {processor.py:839} INFO - DAG(s) dict_keys(['latest_only_with_trigger']) retrieved from /home/airflow/.local/lib/python3.8/site-packages/airflow/example_dags/example_latest_only_with_trigger.py
[2023-12-08T02:55:41.578+0000] {logging_mixin.py:154} INFO - [2023-12-08T02:55:41.578+0000] {dag.py:2941} INFO - Sync 1 DAGs
[2023-12-08T02:55:41.741+0000] {logging_mixin.py:154} INFO - [2023-12-08T02:55:41.731+0000] {dag.py:3722} INFO - Setting next_dagrun for latest_only_with_trigger to 2023-12-07T22:55:41.730353+00:00, run_after=2023-12-08T02:55:41.730353+00:00
[2023-12-08T02:55:41.826+0000] {processor.py:179} INFO - Processing /home/airflow/.local/lib/python3.8/site-packages/airflow/example_dags/example_latest_only_with_trigger.py took 0.409 seconds
[2023-12-08T02:56:12.427+0000] {processor.py:157} INFO - Started process (PID=1801) to work on /home/airflow/.local/lib/python3.8/site-packages/airflow/example_dags/example_latest_only_with_trigger.py
[2023-12-08T02:56:12.430+0000] {processor.py:829} INFO - Processing file /home/airflow/.local/lib/python3.8/site-packages/airflow/example_dags/example_latest_only_with_trigger.py for tasks to queue
[2023-12-08T02:56:12.436+0000] {logging_mixin.py:154} INFO - [2023-12-08T02:56:12.435+0000] {dagbag.py:536} INFO - Filling up the DagBag from /home/airflow/.local/lib/python3.8/site-packages/airflow/example_dags/example_latest_only_with_trigger.py
[2023-12-08T02:56:12.465+0000] {processor.py:839} INFO - DAG(s) dict_keys(['latest_only_with_trigger']) retrieved from /home/airflow/.local/lib/python3.8/site-packages/airflow/example_dags/example_latest_only_with_trigger.py
[2023-12-08T02:56:12.534+0000] {logging_mixin.py:154} INFO - [2023-12-08T02:56:12.534+0000] {dag.py:2941} INFO - Sync 1 DAGs
[2023-12-08T02:56:12.598+0000] {logging_mixin.py:154} INFO - [2023-12-08T02:56:12.598+0000] {dag.py:3722} INFO - Setting next_dagrun for latest_only_with_trigger to 2023-12-07T22:56:12.598153+00:00, run_after=2023-12-08T02:56:12.598153+00:00
[2023-12-08T02:56:12.637+0000] {processor.py:179} INFO - Processing /home/airflow/.local/lib/python3.8/site-packages/airflow/example_dags/example_latest_only_with_trigger.py took 0.224 seconds
[2023-12-08T02:56:42.823+0000] {processor.py:157} INFO - Started process (PID=1855) to work on /home/airflow/.local/lib/python3.8/site-packages/airflow/example_dags/example_latest_only_with_trigger.py
[2023-12-08T02:56:42.827+0000] {processor.py:829} INFO - Processing file /home/airflow/.local/lib/python3.8/site-packages/airflow/example_dags/example_latest_only_with_trigger.py for tasks to queue
[2023-12-08T02:56:42.833+0000] {logging_mixin.py:154} INFO - [2023-12-08T02:56:42.833+0000] {dagbag.py:536} INFO - Filling up the DagBag from /home/airflow/.local/lib/python3.8/site-packages/airflow/example_dags/example_latest_only_with_trigger.py
[2023-12-08T02:56:42.851+0000] {processor.py:839} INFO - DAG(s) dict_keys(['latest_only_with_trigger']) retrieved from /home/airflow/.local/lib/python3.8/site-packages/airflow/example_dags/example_latest_only_with_trigger.py
[2023-12-08T02:56:42.900+0000] {logging_mixin.py:154} INFO - [2023-12-08T02:56:42.900+0000] {dag.py:2941} INFO - Sync 1 DAGs
[2023-12-08T02:56:42.962+0000] {logging_mixin.py:154} INFO - [2023-12-08T02:56:42.962+0000] {dag.py:3722} INFO - Setting next_dagrun for latest_only_with_trigger to 2023-12-07T22:56:42.961778+00:00, run_after=2023-12-08T02:56:42.961778+00:00
[2023-12-08T02:56:43.010+0000] {processor.py:179} INFO - Processing /home/airflow/.local/lib/python3.8/site-packages/airflow/example_dags/example_latest_only_with_trigger.py took 0.198 seconds
