[2023-12-08T02:39:16.554+0000] {processor.py:157} INFO - Started process (PID=65) to work on /home/airflow/.local/lib/python3.8/site-packages/airflow/example_dags/example_branch_operator_decorator.py
[2023-12-08T02:39:16.556+0000] {processor.py:829} INFO - Processing file /home/airflow/.local/lib/python3.8/site-packages/airflow/example_dags/example_branch_operator_decorator.py for tasks to queue
[2023-12-08T02:39:16.563+0000] {logging_mixin.py:154} INFO - [2023-12-08T02:39:16.562+0000] {dagbag.py:536} INFO - Filling up the DagBag from /home/airflow/.local/lib/python3.8/site-packages/airflow/example_dags/example_branch_operator_decorator.py
[2023-12-08T02:39:16.612+0000] {processor.py:839} INFO - DAG(s) dict_keys(['example_branch_python_operator_decorator']) retrieved from /home/airflow/.local/lib/python3.8/site-packages/airflow/example_dags/example_branch_operator_decorator.py
[2023-12-08T02:39:16.807+0000] {logging_mixin.py:154} INFO - [2023-12-08T02:39:16.807+0000] {dag.py:2941} INFO - Sync 1 DAGs
[2023-12-08T02:39:16.905+0000] {logging_mixin.py:154} INFO - [2023-12-08T02:39:16.904+0000] {dag.py:3722} INFO - Setting next_dagrun for example_branch_python_operator_decorator to 2023-12-07T00:00:00+00:00, run_after=2023-12-08T00:00:00+00:00
[2023-12-08T02:39:17.008+0000] {processor.py:179} INFO - Processing /home/airflow/.local/lib/python3.8/site-packages/airflow/example_dags/example_branch_operator_decorator.py took 0.465 seconds
[2023-12-08T02:39:47.698+0000] {processor.py:157} INFO - Started process (PID=118) to work on /home/airflow/.local/lib/python3.8/site-packages/airflow/example_dags/example_branch_operator_decorator.py
[2023-12-08T02:39:47.701+0000] {processor.py:829} INFO - Processing file /home/airflow/.local/lib/python3.8/site-packages/airflow/example_dags/example_branch_operator_decorator.py for tasks to queue
[2023-12-08T02:39:47.713+0000] {logging_mixin.py:154} INFO - [2023-12-08T02:39:47.712+0000] {dagbag.py:536} INFO - Filling up the DagBag from /home/airflow/.local/lib/python3.8/site-packages/airflow/example_dags/example_branch_operator_decorator.py
[2023-12-08T02:39:47.756+0000] {processor.py:839} INFO - DAG(s) dict_keys(['example_branch_python_operator_decorator']) retrieved from /home/airflow/.local/lib/python3.8/site-packages/airflow/example_dags/example_branch_operator_decorator.py
[2023-12-08T02:39:47.842+0000] {logging_mixin.py:154} INFO - [2023-12-08T02:39:47.841+0000] {dag.py:2941} INFO - Sync 1 DAGs
[2023-12-08T02:39:47.906+0000] {logging_mixin.py:154} INFO - [2023-12-08T02:39:47.906+0000] {dag.py:3722} INFO - Setting next_dagrun for example_branch_python_operator_decorator to 2023-12-07T00:00:00+00:00, run_after=2023-12-08T00:00:00+00:00
[2023-12-08T02:39:47.967+0000] {processor.py:179} INFO - Processing /home/airflow/.local/lib/python3.8/site-packages/airflow/example_dags/example_branch_operator_decorator.py took 0.279 seconds
[2023-12-08T02:40:18.533+0000] {processor.py:157} INFO - Started process (PID=172) to work on /home/airflow/.local/lib/python3.8/site-packages/airflow/example_dags/example_branch_operator_decorator.py
[2023-12-08T02:40:18.551+0000] {processor.py:829} INFO - Processing file /home/airflow/.local/lib/python3.8/site-packages/airflow/example_dags/example_branch_operator_decorator.py for tasks to queue
[2023-12-08T02:40:18.562+0000] {logging_mixin.py:154} INFO - [2023-12-08T02:40:18.561+0000] {dagbag.py:536} INFO - Filling up the DagBag from /home/airflow/.local/lib/python3.8/site-packages/airflow/example_dags/example_branch_operator_decorator.py
[2023-12-08T02:40:18.594+0000] {processor.py:839} INFO - DAG(s) dict_keys(['example_branch_python_operator_decorator']) retrieved from /home/airflow/.local/lib/python3.8/site-packages/airflow/example_dags/example_branch_operator_decorator.py
[2023-12-08T02:40:18.661+0000] {logging_mixin.py:154} INFO - [2023-12-08T02:40:18.660+0000] {dag.py:2941} INFO - Sync 1 DAGs
[2023-12-08T02:40:18.728+0000] {logging_mixin.py:154} INFO - [2023-12-08T02:40:18.727+0000] {dag.py:3722} INFO - Setting next_dagrun for example_branch_python_operator_decorator to 2023-12-07T00:00:00+00:00, run_after=2023-12-08T00:00:00+00:00
[2023-12-08T02:40:18.782+0000] {processor.py:179} INFO - Processing /home/airflow/.local/lib/python3.8/site-packages/airflow/example_dags/example_branch_operator_decorator.py took 0.262 seconds
[2023-12-08T02:40:49.153+0000] {processor.py:157} INFO - Started process (PID=226) to work on /home/airflow/.local/lib/python3.8/site-packages/airflow/example_dags/example_branch_operator_decorator.py
[2023-12-08T02:40:49.155+0000] {processor.py:829} INFO - Processing file /home/airflow/.local/lib/python3.8/site-packages/airflow/example_dags/example_branch_operator_decorator.py for tasks to queue
[2023-12-08T02:40:49.161+0000] {logging_mixin.py:154} INFO - [2023-12-08T02:40:49.160+0000] {dagbag.py:536} INFO - Filling up the DagBag from /home/airflow/.local/lib/python3.8/site-packages/airflow/example_dags/example_branch_operator_decorator.py
[2023-12-08T02:40:49.199+0000] {processor.py:839} INFO - DAG(s) dict_keys(['example_branch_python_operator_decorator']) retrieved from /home/airflow/.local/lib/python3.8/site-packages/airflow/example_dags/example_branch_operator_decorator.py
[2023-12-08T02:40:49.263+0000] {logging_mixin.py:154} INFO - [2023-12-08T02:40:49.262+0000] {dag.py:2941} INFO - Sync 1 DAGs
[2023-12-08T02:40:49.347+0000] {logging_mixin.py:154} INFO - [2023-12-08T02:40:49.347+0000] {dag.py:3722} INFO - Setting next_dagrun for example_branch_python_operator_decorator to 2023-12-07T00:00:00+00:00, run_after=2023-12-08T00:00:00+00:00
[2023-12-08T02:40:49.412+0000] {processor.py:179} INFO - Processing /home/airflow/.local/lib/python3.8/site-packages/airflow/example_dags/example_branch_operator_decorator.py took 0.271 seconds
[2023-12-08T02:41:20.816+0000] {processor.py:157} INFO - Started process (PID=280) to work on /home/airflow/.local/lib/python3.8/site-packages/airflow/example_dags/example_branch_operator_decorator.py
[2023-12-08T02:41:20.819+0000] {processor.py:829} INFO - Processing file /home/airflow/.local/lib/python3.8/site-packages/airflow/example_dags/example_branch_operator_decorator.py for tasks to queue
[2023-12-08T02:41:20.829+0000] {logging_mixin.py:154} INFO - [2023-12-08T02:41:20.828+0000] {dagbag.py:536} INFO - Filling up the DagBag from /home/airflow/.local/lib/python3.8/site-packages/airflow/example_dags/example_branch_operator_decorator.py
[2023-12-08T02:41:20.871+0000] {processor.py:839} INFO - DAG(s) dict_keys(['example_branch_python_operator_decorator']) retrieved from /home/airflow/.local/lib/python3.8/site-packages/airflow/example_dags/example_branch_operator_decorator.py
[2023-12-08T02:41:20.980+0000] {logging_mixin.py:154} INFO - [2023-12-08T02:41:20.979+0000] {dag.py:2941} INFO - Sync 1 DAGs
[2023-12-08T02:41:21.054+0000] {logging_mixin.py:154} INFO - [2023-12-08T02:41:21.054+0000] {dag.py:3722} INFO - Setting next_dagrun for example_branch_python_operator_decorator to 2023-12-07T00:00:00+00:00, run_after=2023-12-08T00:00:00+00:00
[2023-12-08T02:41:21.099+0000] {processor.py:179} INFO - Processing /home/airflow/.local/lib/python3.8/site-packages/airflow/example_dags/example_branch_operator_decorator.py took 0.296 seconds
[2023-12-08T02:41:54.510+0000] {processor.py:157} INFO - Started process (PID=335) to work on /home/airflow/.local/lib/python3.8/site-packages/airflow/example_dags/example_branch_operator_decorator.py
[2023-12-08T02:41:54.526+0000] {processor.py:829} INFO - Processing file /home/airflow/.local/lib/python3.8/site-packages/airflow/example_dags/example_branch_operator_decorator.py for tasks to queue
[2023-12-08T02:41:54.544+0000] {logging_mixin.py:154} INFO - [2023-12-08T02:41:54.544+0000] {dagbag.py:536} INFO - Filling up the DagBag from /home/airflow/.local/lib/python3.8/site-packages/airflow/example_dags/example_branch_operator_decorator.py
[2023-12-08T02:41:54.657+0000] {processor.py:839} INFO - DAG(s) dict_keys(['example_branch_python_operator_decorator']) retrieved from /home/airflow/.local/lib/python3.8/site-packages/airflow/example_dags/example_branch_operator_decorator.py
[2023-12-08T02:41:54.851+0000] {logging_mixin.py:154} INFO - [2023-12-08T02:41:54.840+0000] {dag.py:2941} INFO - Sync 1 DAGs
[2023-12-08T02:41:55.066+0000] {logging_mixin.py:154} INFO - [2023-12-08T02:41:55.065+0000] {dag.py:3722} INFO - Setting next_dagrun for example_branch_python_operator_decorator to 2023-12-07T00:00:00+00:00, run_after=2023-12-08T00:00:00+00:00
[2023-12-08T02:41:55.566+0000] {processor.py:179} INFO - Processing /home/airflow/.local/lib/python3.8/site-packages/airflow/example_dags/example_branch_operator_decorator.py took 1.090 seconds
[2023-12-08T02:42:27.454+0000] {processor.py:157} INFO - Started process (PID=389) to work on /home/airflow/.local/lib/python3.8/site-packages/airflow/example_dags/example_branch_operator_decorator.py
[2023-12-08T02:42:27.468+0000] {processor.py:829} INFO - Processing file /home/airflow/.local/lib/python3.8/site-packages/airflow/example_dags/example_branch_operator_decorator.py for tasks to queue
[2023-12-08T02:42:27.499+0000] {logging_mixin.py:154} INFO - [2023-12-08T02:42:27.487+0000] {dagbag.py:536} INFO - Filling up the DagBag from /home/airflow/.local/lib/python3.8/site-packages/airflow/example_dags/example_branch_operator_decorator.py
[2023-12-08T02:42:27.630+0000] {processor.py:839} INFO - DAG(s) dict_keys(['example_branch_python_operator_decorator']) retrieved from /home/airflow/.local/lib/python3.8/site-packages/airflow/example_dags/example_branch_operator_decorator.py
[2023-12-08T02:42:27.848+0000] {logging_mixin.py:154} INFO - [2023-12-08T02:42:27.847+0000] {dag.py:2941} INFO - Sync 1 DAGs
[2023-12-08T02:42:28.071+0000] {logging_mixin.py:154} INFO - [2023-12-08T02:42:28.059+0000] {dag.py:3722} INFO - Setting next_dagrun for example_branch_python_operator_decorator to 2023-12-07T00:00:00+00:00, run_after=2023-12-08T00:00:00+00:00
[2023-12-08T02:42:28.293+0000] {processor.py:179} INFO - Processing /home/airflow/.local/lib/python3.8/site-packages/airflow/example_dags/example_branch_operator_decorator.py took 0.889 seconds
[2023-12-08T02:43:02.893+0000] {processor.py:157} INFO - Started process (PID=443) to work on /home/airflow/.local/lib/python3.8/site-packages/airflow/example_dags/example_branch_operator_decorator.py
[2023-12-08T02:43:02.942+0000] {processor.py:829} INFO - Processing file /home/airflow/.local/lib/python3.8/site-packages/airflow/example_dags/example_branch_operator_decorator.py for tasks to queue
[2023-12-08T02:43:02.976+0000] {logging_mixin.py:154} INFO - [2023-12-08T02:43:02.975+0000] {dagbag.py:536} INFO - Filling up the DagBag from /home/airflow/.local/lib/python3.8/site-packages/airflow/example_dags/example_branch_operator_decorator.py
[2023-12-08T02:43:03.266+0000] {processor.py:839} INFO - DAG(s) dict_keys(['example_branch_python_operator_decorator']) retrieved from /home/airflow/.local/lib/python3.8/site-packages/airflow/example_dags/example_branch_operator_decorator.py
[2023-12-08T02:43:03.829+0000] {logging_mixin.py:154} INFO - [2023-12-08T02:43:03.829+0000] {dag.py:2941} INFO - Sync 1 DAGs
[2023-12-08T02:43:04.042+0000] {logging_mixin.py:154} INFO - [2023-12-08T02:43:04.039+0000] {dag.py:3722} INFO - Setting next_dagrun for example_branch_python_operator_decorator to 2023-12-07T00:00:00+00:00, run_after=2023-12-08T00:00:00+00:00
[2023-12-08T02:43:04.240+0000] {processor.py:179} INFO - Processing /home/airflow/.local/lib/python3.8/site-packages/airflow/example_dags/example_branch_operator_decorator.py took 1.396 seconds
[2023-12-08T02:43:35.082+0000] {processor.py:157} INFO - Started process (PID=498) to work on /home/airflow/.local/lib/python3.8/site-packages/airflow/example_dags/example_branch_operator_decorator.py
[2023-12-08T02:43:35.091+0000] {processor.py:829} INFO - Processing file /home/airflow/.local/lib/python3.8/site-packages/airflow/example_dags/example_branch_operator_decorator.py for tasks to queue
[2023-12-08T02:43:35.103+0000] {logging_mixin.py:154} INFO - [2023-12-08T02:43:35.102+0000] {dagbag.py:536} INFO - Filling up the DagBag from /home/airflow/.local/lib/python3.8/site-packages/airflow/example_dags/example_branch_operator_decorator.py
[2023-12-08T02:43:35.217+0000] {processor.py:839} INFO - DAG(s) dict_keys(['example_branch_python_operator_decorator']) retrieved from /home/airflow/.local/lib/python3.8/site-packages/airflow/example_dags/example_branch_operator_decorator.py
[2023-12-08T02:43:35.452+0000] {logging_mixin.py:154} INFO - [2023-12-08T02:43:35.451+0000] {dag.py:2941} INFO - Sync 1 DAGs
[2023-12-08T02:43:36.331+0000] {logging_mixin.py:154} INFO - [2023-12-08T02:43:36.330+0000] {dag.py:3722} INFO - Setting next_dagrun for example_branch_python_operator_decorator to 2023-12-07T00:00:00+00:00, run_after=2023-12-08T00:00:00+00:00
[2023-12-08T02:43:36.801+0000] {processor.py:179} INFO - Processing /home/airflow/.local/lib/python3.8/site-packages/airflow/example_dags/example_branch_operator_decorator.py took 1.754 seconds
[2023-12-08T02:44:07.443+0000] {processor.py:157} INFO - Started process (PID=550) to work on /home/airflow/.local/lib/python3.8/site-packages/airflow/example_dags/example_branch_operator_decorator.py
[2023-12-08T02:44:07.444+0000] {processor.py:829} INFO - Processing file /home/airflow/.local/lib/python3.8/site-packages/airflow/example_dags/example_branch_operator_decorator.py for tasks to queue
[2023-12-08T02:44:07.448+0000] {logging_mixin.py:154} INFO - [2023-12-08T02:44:07.448+0000] {dagbag.py:536} INFO - Filling up the DagBag from /home/airflow/.local/lib/python3.8/site-packages/airflow/example_dags/example_branch_operator_decorator.py
[2023-12-08T02:44:07.464+0000] {processor.py:839} INFO - DAG(s) dict_keys(['example_branch_python_operator_decorator']) retrieved from /home/airflow/.local/lib/python3.8/site-packages/airflow/example_dags/example_branch_operator_decorator.py
[2023-12-08T02:44:07.523+0000] {logging_mixin.py:154} INFO - [2023-12-08T02:44:07.523+0000] {dag.py:2941} INFO - Sync 1 DAGs
[2023-12-08T02:44:07.569+0000] {logging_mixin.py:154} INFO - [2023-12-08T02:44:07.567+0000] {dag.py:3722} INFO - Setting next_dagrun for example_branch_python_operator_decorator to 2023-12-07T00:00:00+00:00, run_after=2023-12-08T00:00:00+00:00
[2023-12-08T02:44:07.621+0000] {processor.py:179} INFO - Processing /home/airflow/.local/lib/python3.8/site-packages/airflow/example_dags/example_branch_operator_decorator.py took 0.183 seconds
[2023-12-08T02:44:38.111+0000] {processor.py:157} INFO - Started process (PID=605) to work on /home/airflow/.local/lib/python3.8/site-packages/airflow/example_dags/example_branch_operator_decorator.py
[2023-12-08T02:44:38.113+0000] {processor.py:829} INFO - Processing file /home/airflow/.local/lib/python3.8/site-packages/airflow/example_dags/example_branch_operator_decorator.py for tasks to queue
[2023-12-08T02:44:38.120+0000] {logging_mixin.py:154} INFO - [2023-12-08T02:44:38.119+0000] {dagbag.py:536} INFO - Filling up the DagBag from /home/airflow/.local/lib/python3.8/site-packages/airflow/example_dags/example_branch_operator_decorator.py
[2023-12-08T02:44:38.141+0000] {processor.py:839} INFO - DAG(s) dict_keys(['example_branch_python_operator_decorator']) retrieved from /home/airflow/.local/lib/python3.8/site-packages/airflow/example_dags/example_branch_operator_decorator.py
[2023-12-08T02:44:38.194+0000] {logging_mixin.py:154} INFO - [2023-12-08T02:44:38.194+0000] {dag.py:2941} INFO - Sync 1 DAGs
[2023-12-08T02:44:38.235+0000] {logging_mixin.py:154} INFO - [2023-12-08T02:44:38.235+0000] {dag.py:3722} INFO - Setting next_dagrun for example_branch_python_operator_decorator to 2023-12-07T00:00:00+00:00, run_after=2023-12-08T00:00:00+00:00
[2023-12-08T02:44:38.295+0000] {processor.py:179} INFO - Processing /home/airflow/.local/lib/python3.8/site-packages/airflow/example_dags/example_branch_operator_decorator.py took 0.192 seconds
[2023-12-08T02:45:09.068+0000] {processor.py:157} INFO - Started process (PID=659) to work on /home/airflow/.local/lib/python3.8/site-packages/airflow/example_dags/example_branch_operator_decorator.py
[2023-12-08T02:45:09.070+0000] {processor.py:829} INFO - Processing file /home/airflow/.local/lib/python3.8/site-packages/airflow/example_dags/example_branch_operator_decorator.py for tasks to queue
[2023-12-08T02:45:09.075+0000] {logging_mixin.py:154} INFO - [2023-12-08T02:45:09.074+0000] {dagbag.py:536} INFO - Filling up the DagBag from /home/airflow/.local/lib/python3.8/site-packages/airflow/example_dags/example_branch_operator_decorator.py
[2023-12-08T02:45:09.103+0000] {processor.py:839} INFO - DAG(s) dict_keys(['example_branch_python_operator_decorator']) retrieved from /home/airflow/.local/lib/python3.8/site-packages/airflow/example_dags/example_branch_operator_decorator.py
[2023-12-08T02:45:09.159+0000] {logging_mixin.py:154} INFO - [2023-12-08T02:45:09.159+0000] {dag.py:2941} INFO - Sync 1 DAGs
[2023-12-08T02:45:09.212+0000] {logging_mixin.py:154} INFO - [2023-12-08T02:45:09.212+0000] {dag.py:3722} INFO - Setting next_dagrun for example_branch_python_operator_decorator to 2023-12-07T00:00:00+00:00, run_after=2023-12-08T00:00:00+00:00
[2023-12-08T02:45:09.716+0000] {processor.py:179} INFO - Processing /home/airflow/.local/lib/python3.8/site-packages/airflow/example_dags/example_branch_operator_decorator.py took 0.654 seconds
[2023-12-08T02:45:40.094+0000] {processor.py:157} INFO - Started process (PID=712) to work on /home/airflow/.local/lib/python3.8/site-packages/airflow/example_dags/example_branch_operator_decorator.py
[2023-12-08T02:45:40.118+0000] {processor.py:829} INFO - Processing file /home/airflow/.local/lib/python3.8/site-packages/airflow/example_dags/example_branch_operator_decorator.py for tasks to queue
[2023-12-08T02:45:40.140+0000] {logging_mixin.py:154} INFO - [2023-12-08T02:45:40.139+0000] {dagbag.py:536} INFO - Filling up the DagBag from /home/airflow/.local/lib/python3.8/site-packages/airflow/example_dags/example_branch_operator_decorator.py
[2023-12-08T02:45:40.322+0000] {processor.py:839} INFO - DAG(s) dict_keys(['example_branch_python_operator_decorator']) retrieved from /home/airflow/.local/lib/python3.8/site-packages/airflow/example_dags/example_branch_operator_decorator.py
[2023-12-08T02:45:40.790+0000] {logging_mixin.py:154} INFO - [2023-12-08T02:45:40.790+0000] {dag.py:2941} INFO - Sync 1 DAGs
[2023-12-08T02:45:41.117+0000] {logging_mixin.py:154} INFO - [2023-12-08T02:45:41.117+0000] {dag.py:3722} INFO - Setting next_dagrun for example_branch_python_operator_decorator to 2023-12-07T00:00:00+00:00, run_after=2023-12-08T00:00:00+00:00
[2023-12-08T02:45:41.261+0000] {processor.py:179} INFO - Processing /home/airflow/.local/lib/python3.8/site-packages/airflow/example_dags/example_branch_operator_decorator.py took 1.211 seconds
[2023-12-08T02:46:11.400+0000] {processor.py:157} INFO - Started process (PID=765) to work on /home/airflow/.local/lib/python3.8/site-packages/airflow/example_dags/example_branch_operator_decorator.py
[2023-12-08T02:46:11.402+0000] {processor.py:829} INFO - Processing file /home/airflow/.local/lib/python3.8/site-packages/airflow/example_dags/example_branch_operator_decorator.py for tasks to queue
[2023-12-08T02:46:11.408+0000] {logging_mixin.py:154} INFO - [2023-12-08T02:46:11.408+0000] {dagbag.py:536} INFO - Filling up the DagBag from /home/airflow/.local/lib/python3.8/site-packages/airflow/example_dags/example_branch_operator_decorator.py
[2023-12-08T02:46:11.437+0000] {processor.py:839} INFO - DAG(s) dict_keys(['example_branch_python_operator_decorator']) retrieved from /home/airflow/.local/lib/python3.8/site-packages/airflow/example_dags/example_branch_operator_decorator.py
[2023-12-08T02:46:11.508+0000] {logging_mixin.py:154} INFO - [2023-12-08T02:46:11.508+0000] {dag.py:2941} INFO - Sync 1 DAGs
[2023-12-08T02:46:11.576+0000] {logging_mixin.py:154} INFO - [2023-12-08T02:46:11.576+0000] {dag.py:3722} INFO - Setting next_dagrun for example_branch_python_operator_decorator to 2023-12-07T00:00:00+00:00, run_after=2023-12-08T00:00:00+00:00
[2023-12-08T02:46:11.625+0000] {processor.py:179} INFO - Processing /home/airflow/.local/lib/python3.8/site-packages/airflow/example_dags/example_branch_operator_decorator.py took 0.233 seconds
[2023-12-08T02:46:52.840+0000] {processor.py:157} INFO - Started process (PID=819) to work on /home/airflow/.local/lib/python3.8/site-packages/airflow/example_dags/example_branch_operator_decorator.py
[2023-12-08T02:46:52.854+0000] {processor.py:829} INFO - Processing file /home/airflow/.local/lib/python3.8/site-packages/airflow/example_dags/example_branch_operator_decorator.py for tasks to queue
[2023-12-08T02:46:52.872+0000] {logging_mixin.py:154} INFO - [2023-12-08T02:46:52.871+0000] {dagbag.py:536} INFO - Filling up the DagBag from /home/airflow/.local/lib/python3.8/site-packages/airflow/example_dags/example_branch_operator_decorator.py
[2023-12-08T02:46:52.995+0000] {processor.py:839} INFO - DAG(s) dict_keys(['example_branch_python_operator_decorator']) retrieved from /home/airflow/.local/lib/python3.8/site-packages/airflow/example_dags/example_branch_operator_decorator.py
[2023-12-08T02:46:53.296+0000] {logging_mixin.py:154} INFO - [2023-12-08T02:46:53.295+0000] {dag.py:2941} INFO - Sync 1 DAGs
[2023-12-08T02:46:53.642+0000] {logging_mixin.py:154} INFO - [2023-12-08T02:46:53.641+0000] {dag.py:3722} INFO - Setting next_dagrun for example_branch_python_operator_decorator to 2023-12-07T00:00:00+00:00, run_after=2023-12-08T00:00:00+00:00
[2023-12-08T02:46:54.061+0000] {processor.py:179} INFO - Processing /home/airflow/.local/lib/python3.8/site-packages/airflow/example_dags/example_branch_operator_decorator.py took 1.254 seconds
[2023-12-08T02:47:24.225+0000] {processor.py:157} INFO - Started process (PID=873) to work on /home/airflow/.local/lib/python3.8/site-packages/airflow/example_dags/example_branch_operator_decorator.py
[2023-12-08T02:47:24.228+0000] {processor.py:829} INFO - Processing file /home/airflow/.local/lib/python3.8/site-packages/airflow/example_dags/example_branch_operator_decorator.py for tasks to queue
[2023-12-08T02:47:24.233+0000] {logging_mixin.py:154} INFO - [2023-12-08T02:47:24.233+0000] {dagbag.py:536} INFO - Filling up the DagBag from /home/airflow/.local/lib/python3.8/site-packages/airflow/example_dags/example_branch_operator_decorator.py
[2023-12-08T02:47:24.256+0000] {processor.py:839} INFO - DAG(s) dict_keys(['example_branch_python_operator_decorator']) retrieved from /home/airflow/.local/lib/python3.8/site-packages/airflow/example_dags/example_branch_operator_decorator.py
[2023-12-08T02:47:24.315+0000] {logging_mixin.py:154} INFO - [2023-12-08T02:47:24.315+0000] {dag.py:2941} INFO - Sync 1 DAGs
[2023-12-08T02:47:24.381+0000] {logging_mixin.py:154} INFO - [2023-12-08T02:47:24.380+0000] {dag.py:3722} INFO - Setting next_dagrun for example_branch_python_operator_decorator to 2023-12-07T00:00:00+00:00, run_after=2023-12-08T00:00:00+00:00
[2023-12-08T02:47:24.436+0000] {processor.py:179} INFO - Processing /home/airflow/.local/lib/python3.8/site-packages/airflow/example_dags/example_branch_operator_decorator.py took 0.219 seconds
[2023-12-08T02:47:55.749+0000] {processor.py:157} INFO - Started process (PID=934) to work on /home/airflow/.local/lib/python3.8/site-packages/airflow/example_dags/example_branch_operator_decorator.py
[2023-12-08T02:47:55.752+0000] {processor.py:829} INFO - Processing file /home/airflow/.local/lib/python3.8/site-packages/airflow/example_dags/example_branch_operator_decorator.py for tasks to queue
[2023-12-08T02:47:55.767+0000] {logging_mixin.py:154} INFO - [2023-12-08T02:47:55.766+0000] {dagbag.py:536} INFO - Filling up the DagBag from /home/airflow/.local/lib/python3.8/site-packages/airflow/example_dags/example_branch_operator_decorator.py
[2023-12-08T02:47:55.824+0000] {processor.py:839} INFO - DAG(s) dict_keys(['example_branch_python_operator_decorator']) retrieved from /home/airflow/.local/lib/python3.8/site-packages/airflow/example_dags/example_branch_operator_decorator.py
[2023-12-08T02:47:56.063+0000] {logging_mixin.py:154} INFO - [2023-12-08T02:47:56.063+0000] {dag.py:2941} INFO - Sync 1 DAGs
[2023-12-08T02:47:57.186+0000] {logging_mixin.py:154} INFO - [2023-12-08T02:47:57.185+0000] {dag.py:3722} INFO - Setting next_dagrun for example_branch_python_operator_decorator to 2023-12-07T00:00:00+00:00, run_after=2023-12-08T00:00:00+00:00
[2023-12-08T02:47:57.353+0000] {processor.py:179} INFO - Processing /home/airflow/.local/lib/python3.8/site-packages/airflow/example_dags/example_branch_operator_decorator.py took 1.620 seconds
[2023-12-08T02:48:27.879+0000] {processor.py:157} INFO - Started process (PID=988) to work on /home/airflow/.local/lib/python3.8/site-packages/airflow/example_dags/example_branch_operator_decorator.py
[2023-12-08T02:48:27.881+0000] {processor.py:829} INFO - Processing file /home/airflow/.local/lib/python3.8/site-packages/airflow/example_dags/example_branch_operator_decorator.py for tasks to queue
[2023-12-08T02:48:27.896+0000] {logging_mixin.py:154} INFO - [2023-12-08T02:48:27.895+0000] {dagbag.py:536} INFO - Filling up the DagBag from /home/airflow/.local/lib/python3.8/site-packages/airflow/example_dags/example_branch_operator_decorator.py
[2023-12-08T02:48:27.967+0000] {processor.py:839} INFO - DAG(s) dict_keys(['example_branch_python_operator_decorator']) retrieved from /home/airflow/.local/lib/python3.8/site-packages/airflow/example_dags/example_branch_operator_decorator.py
[2023-12-08T02:48:28.052+0000] {logging_mixin.py:154} INFO - [2023-12-08T02:48:28.052+0000] {dag.py:2941} INFO - Sync 1 DAGs
[2023-12-08T02:48:28.171+0000] {logging_mixin.py:154} INFO - [2023-12-08T02:48:28.170+0000] {dag.py:3722} INFO - Setting next_dagrun for example_branch_python_operator_decorator to 2023-12-07T00:00:00+00:00, run_after=2023-12-08T00:00:00+00:00
[2023-12-08T02:48:28.253+0000] {processor.py:179} INFO - Processing /home/airflow/.local/lib/python3.8/site-packages/airflow/example_dags/example_branch_operator_decorator.py took 0.408 seconds
[2023-12-08T02:48:58.332+0000] {processor.py:157} INFO - Started process (PID=1041) to work on /home/airflow/.local/lib/python3.8/site-packages/airflow/example_dags/example_branch_operator_decorator.py
[2023-12-08T02:48:58.335+0000] {processor.py:829} INFO - Processing file /home/airflow/.local/lib/python3.8/site-packages/airflow/example_dags/example_branch_operator_decorator.py for tasks to queue
[2023-12-08T02:48:58.345+0000] {logging_mixin.py:154} INFO - [2023-12-08T02:48:58.344+0000] {dagbag.py:536} INFO - Filling up the DagBag from /home/airflow/.local/lib/python3.8/site-packages/airflow/example_dags/example_branch_operator_decorator.py
[2023-12-08T02:48:58.389+0000] {processor.py:839} INFO - DAG(s) dict_keys(['example_branch_python_operator_decorator']) retrieved from /home/airflow/.local/lib/python3.8/site-packages/airflow/example_dags/example_branch_operator_decorator.py
[2023-12-08T02:48:58.529+0000] {logging_mixin.py:154} INFO - [2023-12-08T02:48:58.528+0000] {dag.py:2941} INFO - Sync 1 DAGs
[2023-12-08T02:48:58.645+0000] {logging_mixin.py:154} INFO - [2023-12-08T02:48:58.644+0000] {dag.py:3722} INFO - Setting next_dagrun for example_branch_python_operator_decorator to 2023-12-07T00:00:00+00:00, run_after=2023-12-08T00:00:00+00:00
[2023-12-08T02:48:58.707+0000] {processor.py:179} INFO - Processing /home/airflow/.local/lib/python3.8/site-packages/airflow/example_dags/example_branch_operator_decorator.py took 0.392 seconds
[2023-12-08T02:49:29.181+0000] {processor.py:157} INFO - Started process (PID=1095) to work on /home/airflow/.local/lib/python3.8/site-packages/airflow/example_dags/example_branch_operator_decorator.py
[2023-12-08T02:49:29.184+0000] {processor.py:829} INFO - Processing file /home/airflow/.local/lib/python3.8/site-packages/airflow/example_dags/example_branch_operator_decorator.py for tasks to queue
[2023-12-08T02:49:29.189+0000] {logging_mixin.py:154} INFO - [2023-12-08T02:49:29.189+0000] {dagbag.py:536} INFO - Filling up the DagBag from /home/airflow/.local/lib/python3.8/site-packages/airflow/example_dags/example_branch_operator_decorator.py
[2023-12-08T02:49:29.236+0000] {processor.py:839} INFO - DAG(s) dict_keys(['example_branch_python_operator_decorator']) retrieved from /home/airflow/.local/lib/python3.8/site-packages/airflow/example_dags/example_branch_operator_decorator.py
[2023-12-08T02:49:29.299+0000] {logging_mixin.py:154} INFO - [2023-12-08T02:49:29.298+0000] {dag.py:2941} INFO - Sync 1 DAGs
[2023-12-08T02:49:29.370+0000] {logging_mixin.py:154} INFO - [2023-12-08T02:49:29.369+0000] {dag.py:3722} INFO - Setting next_dagrun for example_branch_python_operator_decorator to 2023-12-07T00:00:00+00:00, run_after=2023-12-08T00:00:00+00:00
[2023-12-08T02:49:29.411+0000] {processor.py:179} INFO - Processing /home/airflow/.local/lib/python3.8/site-packages/airflow/example_dags/example_branch_operator_decorator.py took 0.241 seconds
[2023-12-08T02:50:00.223+0000] {processor.py:157} INFO - Started process (PID=1148) to work on /home/airflow/.local/lib/python3.8/site-packages/airflow/example_dags/example_branch_operator_decorator.py
[2023-12-08T02:50:00.225+0000] {processor.py:829} INFO - Processing file /home/airflow/.local/lib/python3.8/site-packages/airflow/example_dags/example_branch_operator_decorator.py for tasks to queue
[2023-12-08T02:50:00.231+0000] {logging_mixin.py:154} INFO - [2023-12-08T02:50:00.230+0000] {dagbag.py:536} INFO - Filling up the DagBag from /home/airflow/.local/lib/python3.8/site-packages/airflow/example_dags/example_branch_operator_decorator.py
[2023-12-08T02:50:00.257+0000] {processor.py:839} INFO - DAG(s) dict_keys(['example_branch_python_operator_decorator']) retrieved from /home/airflow/.local/lib/python3.8/site-packages/airflow/example_dags/example_branch_operator_decorator.py
[2023-12-08T02:50:00.309+0000] {logging_mixin.py:154} INFO - [2023-12-08T02:50:00.309+0000] {dag.py:2941} INFO - Sync 1 DAGs
[2023-12-08T02:50:00.651+0000] {logging_mixin.py:154} INFO - [2023-12-08T02:50:00.649+0000] {dag.py:3722} INFO - Setting next_dagrun for example_branch_python_operator_decorator to 2023-12-07T00:00:00+00:00, run_after=2023-12-08T00:00:00+00:00
[2023-12-08T02:50:00.708+0000] {processor.py:179} INFO - Processing /home/airflow/.local/lib/python3.8/site-packages/airflow/example_dags/example_branch_operator_decorator.py took 0.495 seconds
[2023-12-08T02:50:31.645+0000] {processor.py:157} INFO - Started process (PID=1201) to work on /home/airflow/.local/lib/python3.8/site-packages/airflow/example_dags/example_branch_operator_decorator.py
[2023-12-08T02:50:31.655+0000] {processor.py:829} INFO - Processing file /home/airflow/.local/lib/python3.8/site-packages/airflow/example_dags/example_branch_operator_decorator.py for tasks to queue
[2023-12-08T02:50:31.663+0000] {logging_mixin.py:154} INFO - [2023-12-08T02:50:31.662+0000] {dagbag.py:536} INFO - Filling up the DagBag from /home/airflow/.local/lib/python3.8/site-packages/airflow/example_dags/example_branch_operator_decorator.py
[2023-12-08T02:50:31.728+0000] {processor.py:839} INFO - DAG(s) dict_keys(['example_branch_python_operator_decorator']) retrieved from /home/airflow/.local/lib/python3.8/site-packages/airflow/example_dags/example_branch_operator_decorator.py
[2023-12-08T02:50:31.933+0000] {logging_mixin.py:154} INFO - [2023-12-08T02:50:31.933+0000] {dag.py:2941} INFO - Sync 1 DAGs
[2023-12-08T02:50:32.148+0000] {logging_mixin.py:154} INFO - [2023-12-08T02:50:32.147+0000] {dag.py:3722} INFO - Setting next_dagrun for example_branch_python_operator_decorator to 2023-12-07T00:00:00+00:00, run_after=2023-12-08T00:00:00+00:00
[2023-12-08T02:50:32.300+0000] {processor.py:179} INFO - Processing /home/airflow/.local/lib/python3.8/site-packages/airflow/example_dags/example_branch_operator_decorator.py took 0.677 seconds
[2023-12-08T02:51:02.700+0000] {processor.py:157} INFO - Started process (PID=1255) to work on /home/airflow/.local/lib/python3.8/site-packages/airflow/example_dags/example_branch_operator_decorator.py
[2023-12-08T02:51:02.702+0000] {processor.py:829} INFO - Processing file /home/airflow/.local/lib/python3.8/site-packages/airflow/example_dags/example_branch_operator_decorator.py for tasks to queue
[2023-12-08T02:51:02.711+0000] {logging_mixin.py:154} INFO - [2023-12-08T02:51:02.710+0000] {dagbag.py:536} INFO - Filling up the DagBag from /home/airflow/.local/lib/python3.8/site-packages/airflow/example_dags/example_branch_operator_decorator.py
[2023-12-08T02:51:02.735+0000] {processor.py:839} INFO - DAG(s) dict_keys(['example_branch_python_operator_decorator']) retrieved from /home/airflow/.local/lib/python3.8/site-packages/airflow/example_dags/example_branch_operator_decorator.py
[2023-12-08T02:51:02.795+0000] {logging_mixin.py:154} INFO - [2023-12-08T02:51:02.794+0000] {dag.py:2941} INFO - Sync 1 DAGs
[2023-12-08T02:51:02.858+0000] {logging_mixin.py:154} INFO - [2023-12-08T02:51:02.857+0000] {dag.py:3722} INFO - Setting next_dagrun for example_branch_python_operator_decorator to 2023-12-07T00:00:00+00:00, run_after=2023-12-08T00:00:00+00:00
[2023-12-08T02:51:02.921+0000] {processor.py:179} INFO - Processing /home/airflow/.local/lib/python3.8/site-packages/airflow/example_dags/example_branch_operator_decorator.py took 0.234 seconds
[2023-12-08T02:51:34.337+0000] {processor.py:157} INFO - Started process (PID=1309) to work on /home/airflow/.local/lib/python3.8/site-packages/airflow/example_dags/example_branch_operator_decorator.py
[2023-12-08T02:51:34.339+0000] {processor.py:829} INFO - Processing file /home/airflow/.local/lib/python3.8/site-packages/airflow/example_dags/example_branch_operator_decorator.py for tasks to queue
[2023-12-08T02:51:34.345+0000] {logging_mixin.py:154} INFO - [2023-12-08T02:51:34.344+0000] {dagbag.py:536} INFO - Filling up the DagBag from /home/airflow/.local/lib/python3.8/site-packages/airflow/example_dags/example_branch_operator_decorator.py
[2023-12-08T02:51:34.376+0000] {processor.py:839} INFO - DAG(s) dict_keys(['example_branch_python_operator_decorator']) retrieved from /home/airflow/.local/lib/python3.8/site-packages/airflow/example_dags/example_branch_operator_decorator.py
[2023-12-08T02:51:34.438+0000] {logging_mixin.py:154} INFO - [2023-12-08T02:51:34.438+0000] {dag.py:2941} INFO - Sync 1 DAGs
[2023-12-08T02:51:34.750+0000] {logging_mixin.py:154} INFO - [2023-12-08T02:51:34.750+0000] {dag.py:3722} INFO - Setting next_dagrun for example_branch_python_operator_decorator to 2023-12-07T00:00:00+00:00, run_after=2023-12-08T00:00:00+00:00
[2023-12-08T02:51:34.795+0000] {processor.py:179} INFO - Processing /home/airflow/.local/lib/python3.8/site-packages/airflow/example_dags/example_branch_operator_decorator.py took 0.469 seconds
[2023-12-08T02:52:04.968+0000] {processor.py:157} INFO - Started process (PID=1363) to work on /home/airflow/.local/lib/python3.8/site-packages/airflow/example_dags/example_branch_operator_decorator.py
[2023-12-08T02:52:04.970+0000] {processor.py:829} INFO - Processing file /home/airflow/.local/lib/python3.8/site-packages/airflow/example_dags/example_branch_operator_decorator.py for tasks to queue
[2023-12-08T02:52:04.975+0000] {logging_mixin.py:154} INFO - [2023-12-08T02:52:04.975+0000] {dagbag.py:536} INFO - Filling up the DagBag from /home/airflow/.local/lib/python3.8/site-packages/airflow/example_dags/example_branch_operator_decorator.py
[2023-12-08T02:52:05.011+0000] {processor.py:839} INFO - DAG(s) dict_keys(['example_branch_python_operator_decorator']) retrieved from /home/airflow/.local/lib/python3.8/site-packages/airflow/example_dags/example_branch_operator_decorator.py
[2023-12-08T02:52:05.107+0000] {logging_mixin.py:154} INFO - [2023-12-08T02:52:05.107+0000] {dag.py:2941} INFO - Sync 1 DAGs
[2023-12-08T02:52:05.190+0000] {logging_mixin.py:154} INFO - [2023-12-08T02:52:05.189+0000] {dag.py:3722} INFO - Setting next_dagrun for example_branch_python_operator_decorator to 2023-12-07T00:00:00+00:00, run_after=2023-12-08T00:00:00+00:00
[2023-12-08T02:52:05.247+0000] {processor.py:179} INFO - Processing /home/airflow/.local/lib/python3.8/site-packages/airflow/example_dags/example_branch_operator_decorator.py took 0.290 seconds
[2023-12-08T02:52:35.877+0000] {processor.py:157} INFO - Started process (PID=1417) to work on /home/airflow/.local/lib/python3.8/site-packages/airflow/example_dags/example_branch_operator_decorator.py
[2023-12-08T02:52:35.879+0000] {processor.py:829} INFO - Processing file /home/airflow/.local/lib/python3.8/site-packages/airflow/example_dags/example_branch_operator_decorator.py for tasks to queue
[2023-12-08T02:52:35.889+0000] {logging_mixin.py:154} INFO - [2023-12-08T02:52:35.889+0000] {dagbag.py:536} INFO - Filling up the DagBag from /home/airflow/.local/lib/python3.8/site-packages/airflow/example_dags/example_branch_operator_decorator.py
[2023-12-08T02:52:35.921+0000] {processor.py:839} INFO - DAG(s) dict_keys(['example_branch_python_operator_decorator']) retrieved from /home/airflow/.local/lib/python3.8/site-packages/airflow/example_dags/example_branch_operator_decorator.py
[2023-12-08T02:52:35.989+0000] {logging_mixin.py:154} INFO - [2023-12-08T02:52:35.989+0000] {dag.py:2941} INFO - Sync 1 DAGs
[2023-12-08T02:52:36.067+0000] {logging_mixin.py:154} INFO - [2023-12-08T02:52:36.067+0000] {dag.py:3722} INFO - Setting next_dagrun for example_branch_python_operator_decorator to 2023-12-07T00:00:00+00:00, run_after=2023-12-08T00:00:00+00:00
[2023-12-08T02:52:36.134+0000] {processor.py:179} INFO - Processing /home/airflow/.local/lib/python3.8/site-packages/airflow/example_dags/example_branch_operator_decorator.py took 0.270 seconds
[2023-12-08T02:53:06.189+0000] {processor.py:157} INFO - Started process (PID=1472) to work on /home/airflow/.local/lib/python3.8/site-packages/airflow/example_dags/example_branch_operator_decorator.py
[2023-12-08T02:53:06.191+0000] {processor.py:829} INFO - Processing file /home/airflow/.local/lib/python3.8/site-packages/airflow/example_dags/example_branch_operator_decorator.py for tasks to queue
[2023-12-08T02:53:06.196+0000] {logging_mixin.py:154} INFO - [2023-12-08T02:53:06.195+0000] {dagbag.py:536} INFO - Filling up the DagBag from /home/airflow/.local/lib/python3.8/site-packages/airflow/example_dags/example_branch_operator_decorator.py
[2023-12-08T02:53:06.222+0000] {processor.py:839} INFO - DAG(s) dict_keys(['example_branch_python_operator_decorator']) retrieved from /home/airflow/.local/lib/python3.8/site-packages/airflow/example_dags/example_branch_operator_decorator.py
[2023-12-08T02:53:06.272+0000] {logging_mixin.py:154} INFO - [2023-12-08T02:53:06.272+0000] {dag.py:2941} INFO - Sync 1 DAGs
[2023-12-08T02:53:06.320+0000] {logging_mixin.py:154} INFO - [2023-12-08T02:53:06.320+0000] {dag.py:3722} INFO - Setting next_dagrun for example_branch_python_operator_decorator to 2023-12-07T00:00:00+00:00, run_after=2023-12-08T00:00:00+00:00
[2023-12-08T02:53:06.356+0000] {processor.py:179} INFO - Processing /home/airflow/.local/lib/python3.8/site-packages/airflow/example_dags/example_branch_operator_decorator.py took 0.176 seconds
[2023-12-08T02:53:36.965+0000] {processor.py:157} INFO - Started process (PID=1525) to work on /home/airflow/.local/lib/python3.8/site-packages/airflow/example_dags/example_branch_operator_decorator.py
[2023-12-08T02:53:36.968+0000] {processor.py:829} INFO - Processing file /home/airflow/.local/lib/python3.8/site-packages/airflow/example_dags/example_branch_operator_decorator.py for tasks to queue
[2023-12-08T02:53:36.979+0000] {logging_mixin.py:154} INFO - [2023-12-08T02:53:36.978+0000] {dagbag.py:536} INFO - Filling up the DagBag from /home/airflow/.local/lib/python3.8/site-packages/airflow/example_dags/example_branch_operator_decorator.py
[2023-12-08T02:53:37.023+0000] {processor.py:839} INFO - DAG(s) dict_keys(['example_branch_python_operator_decorator']) retrieved from /home/airflow/.local/lib/python3.8/site-packages/airflow/example_dags/example_branch_operator_decorator.py
[2023-12-08T02:53:37.117+0000] {logging_mixin.py:154} INFO - [2023-12-08T02:53:37.117+0000] {dag.py:2941} INFO - Sync 1 DAGs
[2023-12-08T02:53:37.201+0000] {logging_mixin.py:154} INFO - [2023-12-08T02:53:37.200+0000] {dag.py:3722} INFO - Setting next_dagrun for example_branch_python_operator_decorator to 2023-12-07T00:00:00+00:00, run_after=2023-12-08T00:00:00+00:00
[2023-12-08T02:53:37.260+0000] {processor.py:179} INFO - Processing /home/airflow/.local/lib/python3.8/site-packages/airflow/example_dags/example_branch_operator_decorator.py took 0.310 seconds
[2023-12-08T02:54:08.639+0000] {processor.py:157} INFO - Started process (PID=1579) to work on /home/airflow/.local/lib/python3.8/site-packages/airflow/example_dags/example_branch_operator_decorator.py
[2023-12-08T02:54:08.642+0000] {processor.py:829} INFO - Processing file /home/airflow/.local/lib/python3.8/site-packages/airflow/example_dags/example_branch_operator_decorator.py for tasks to queue
[2023-12-08T02:54:08.653+0000] {logging_mixin.py:154} INFO - [2023-12-08T02:54:08.653+0000] {dagbag.py:536} INFO - Filling up the DagBag from /home/airflow/.local/lib/python3.8/site-packages/airflow/example_dags/example_branch_operator_decorator.py
[2023-12-08T02:54:08.731+0000] {processor.py:839} INFO - DAG(s) dict_keys(['example_branch_python_operator_decorator']) retrieved from /home/airflow/.local/lib/python3.8/site-packages/airflow/example_dags/example_branch_operator_decorator.py
[2023-12-08T02:54:08.827+0000] {logging_mixin.py:154} INFO - [2023-12-08T02:54:08.827+0000] {dag.py:2941} INFO - Sync 1 DAGs
[2023-12-08T02:54:08.921+0000] {logging_mixin.py:154} INFO - [2023-12-08T02:54:08.920+0000] {dag.py:3722} INFO - Setting next_dagrun for example_branch_python_operator_decorator to 2023-12-07T00:00:00+00:00, run_after=2023-12-08T00:00:00+00:00
[2023-12-08T02:54:09.003+0000] {processor.py:179} INFO - Processing /home/airflow/.local/lib/python3.8/site-packages/airflow/example_dags/example_branch_operator_decorator.py took 0.382 seconds
[2023-12-08T02:54:39.867+0000] {processor.py:157} INFO - Started process (PID=1633) to work on /home/airflow/.local/lib/python3.8/site-packages/airflow/example_dags/example_branch_operator_decorator.py
[2023-12-08T02:54:39.869+0000] {processor.py:829} INFO - Processing file /home/airflow/.local/lib/python3.8/site-packages/airflow/example_dags/example_branch_operator_decorator.py for tasks to queue
[2023-12-08T02:54:39.874+0000] {logging_mixin.py:154} INFO - [2023-12-08T02:54:39.874+0000] {dagbag.py:536} INFO - Filling up the DagBag from /home/airflow/.local/lib/python3.8/site-packages/airflow/example_dags/example_branch_operator_decorator.py
[2023-12-08T02:54:39.896+0000] {processor.py:839} INFO - DAG(s) dict_keys(['example_branch_python_operator_decorator']) retrieved from /home/airflow/.local/lib/python3.8/site-packages/airflow/example_dags/example_branch_operator_decorator.py
[2023-12-08T02:54:39.952+0000] {logging_mixin.py:154} INFO - [2023-12-08T02:54:39.952+0000] {dag.py:2941} INFO - Sync 1 DAGs
[2023-12-08T02:54:40.076+0000] {logging_mixin.py:154} INFO - [2023-12-08T02:54:40.076+0000] {dag.py:3722} INFO - Setting next_dagrun for example_branch_python_operator_decorator to 2023-12-07T00:00:00+00:00, run_after=2023-12-08T00:00:00+00:00
[2023-12-08T02:54:40.128+0000] {processor.py:179} INFO - Processing /home/airflow/.local/lib/python3.8/site-packages/airflow/example_dags/example_branch_operator_decorator.py took 0.272 seconds
[2023-12-08T02:55:10.296+0000] {processor.py:157} INFO - Started process (PID=1687) to work on /home/airflow/.local/lib/python3.8/site-packages/airflow/example_dags/example_branch_operator_decorator.py
[2023-12-08T02:55:10.306+0000] {processor.py:829} INFO - Processing file /home/airflow/.local/lib/python3.8/site-packages/airflow/example_dags/example_branch_operator_decorator.py for tasks to queue
[2023-12-08T02:55:10.313+0000] {logging_mixin.py:154} INFO - [2023-12-08T02:55:10.312+0000] {dagbag.py:536} INFO - Filling up the DagBag from /home/airflow/.local/lib/python3.8/site-packages/airflow/example_dags/example_branch_operator_decorator.py
[2023-12-08T02:55:10.338+0000] {processor.py:839} INFO - DAG(s) dict_keys(['example_branch_python_operator_decorator']) retrieved from /home/airflow/.local/lib/python3.8/site-packages/airflow/example_dags/example_branch_operator_decorator.py
[2023-12-08T02:55:10.444+0000] {logging_mixin.py:154} INFO - [2023-12-08T02:55:10.443+0000] {dag.py:2941} INFO - Sync 1 DAGs
[2023-12-08T02:55:10.520+0000] {logging_mixin.py:154} INFO - [2023-12-08T02:55:10.519+0000] {dag.py:3722} INFO - Setting next_dagrun for example_branch_python_operator_decorator to 2023-12-07T00:00:00+00:00, run_after=2023-12-08T00:00:00+00:00
[2023-12-08T02:55:10.568+0000] {processor.py:179} INFO - Processing /home/airflow/.local/lib/python3.8/site-packages/airflow/example_dags/example_branch_operator_decorator.py took 0.279 seconds
[2023-12-08T02:55:40.784+0000] {processor.py:157} INFO - Started process (PID=1742) to work on /home/airflow/.local/lib/python3.8/site-packages/airflow/example_dags/example_branch_operator_decorator.py
[2023-12-08T02:55:40.785+0000] {processor.py:829} INFO - Processing file /home/airflow/.local/lib/python3.8/site-packages/airflow/example_dags/example_branch_operator_decorator.py for tasks to queue
[2023-12-08T02:55:40.793+0000] {logging_mixin.py:154} INFO - [2023-12-08T02:55:40.792+0000] {dagbag.py:536} INFO - Filling up the DagBag from /home/airflow/.local/lib/python3.8/site-packages/airflow/example_dags/example_branch_operator_decorator.py
[2023-12-08T02:55:40.828+0000] {processor.py:839} INFO - DAG(s) dict_keys(['example_branch_python_operator_decorator']) retrieved from /home/airflow/.local/lib/python3.8/site-packages/airflow/example_dags/example_branch_operator_decorator.py
[2023-12-08T02:55:40.888+0000] {logging_mixin.py:154} INFO - [2023-12-08T02:55:40.888+0000] {dag.py:2941} INFO - Sync 1 DAGs
[2023-12-08T02:55:40.948+0000] {logging_mixin.py:154} INFO - [2023-12-08T02:55:40.948+0000] {dag.py:3722} INFO - Setting next_dagrun for example_branch_python_operator_decorator to 2023-12-07T00:00:00+00:00, run_after=2023-12-08T00:00:00+00:00
[2023-12-08T02:55:41.021+0000] {processor.py:179} INFO - Processing /home/airflow/.local/lib/python3.8/site-packages/airflow/example_dags/example_branch_operator_decorator.py took 0.246 seconds
[2023-12-08T02:56:11.771+0000] {processor.py:157} INFO - Started process (PID=1796) to work on /home/airflow/.local/lib/python3.8/site-packages/airflow/example_dags/example_branch_operator_decorator.py
[2023-12-08T02:56:11.774+0000] {processor.py:829} INFO - Processing file /home/airflow/.local/lib/python3.8/site-packages/airflow/example_dags/example_branch_operator_decorator.py for tasks to queue
[2023-12-08T02:56:11.780+0000] {logging_mixin.py:154} INFO - [2023-12-08T02:56:11.780+0000] {dagbag.py:536} INFO - Filling up the DagBag from /home/airflow/.local/lib/python3.8/site-packages/airflow/example_dags/example_branch_operator_decorator.py
[2023-12-08T02:56:11.813+0000] {processor.py:839} INFO - DAG(s) dict_keys(['example_branch_python_operator_decorator']) retrieved from /home/airflow/.local/lib/python3.8/site-packages/airflow/example_dags/example_branch_operator_decorator.py
[2023-12-08T02:56:11.881+0000] {logging_mixin.py:154} INFO - [2023-12-08T02:56:11.880+0000] {dag.py:2941} INFO - Sync 1 DAGs
[2023-12-08T02:56:11.956+0000] {logging_mixin.py:154} INFO - [2023-12-08T02:56:11.956+0000] {dag.py:3722} INFO - Setting next_dagrun for example_branch_python_operator_decorator to 2023-12-07T00:00:00+00:00, run_after=2023-12-08T00:00:00+00:00
[2023-12-08T02:56:12.003+0000] {processor.py:179} INFO - Processing /home/airflow/.local/lib/python3.8/site-packages/airflow/example_dags/example_branch_operator_decorator.py took 0.246 seconds
[2023-12-08T02:56:42.213+0000] {processor.py:157} INFO - Started process (PID=1850) to work on /home/airflow/.local/lib/python3.8/site-packages/airflow/example_dags/example_branch_operator_decorator.py
[2023-12-08T02:56:42.218+0000] {processor.py:829} INFO - Processing file /home/airflow/.local/lib/python3.8/site-packages/airflow/example_dags/example_branch_operator_decorator.py for tasks to queue
[2023-12-08T02:56:42.224+0000] {logging_mixin.py:154} INFO - [2023-12-08T02:56:42.224+0000] {dagbag.py:536} INFO - Filling up the DagBag from /home/airflow/.local/lib/python3.8/site-packages/airflow/example_dags/example_branch_operator_decorator.py
[2023-12-08T02:56:42.259+0000] {processor.py:839} INFO - DAG(s) dict_keys(['example_branch_python_operator_decorator']) retrieved from /home/airflow/.local/lib/python3.8/site-packages/airflow/example_dags/example_branch_operator_decorator.py
[2023-12-08T02:56:42.313+0000] {logging_mixin.py:154} INFO - [2023-12-08T02:56:42.313+0000] {dag.py:2941} INFO - Sync 1 DAGs
[2023-12-08T02:56:42.377+0000] {logging_mixin.py:154} INFO - [2023-12-08T02:56:42.377+0000] {dag.py:3722} INFO - Setting next_dagrun for example_branch_python_operator_decorator to 2023-12-07T00:00:00+00:00, run_after=2023-12-08T00:00:00+00:00
[2023-12-08T02:56:42.426+0000] {processor.py:179} INFO - Processing /home/airflow/.local/lib/python3.8/site-packages/airflow/example_dags/example_branch_operator_decorator.py took 0.220 seconds
