[2023-12-08T02:39:26.584+0000] {processor.py:157} INFO - Started process (PID=90) to work on /home/airflow/.local/lib/python3.8/site-packages/airflow/example_dags/example_xcom.py
[2023-12-08T02:39:26.617+0000] {processor.py:829} INFO - Processing file /home/airflow/.local/lib/python3.8/site-packages/airflow/example_dags/example_xcom.py for tasks to queue
[2023-12-08T02:39:26.651+0000] {logging_mixin.py:154} INFO - [2023-12-08T02:39:26.650+0000] {dagbag.py:536} INFO - Filling up the DagBag from /home/airflow/.local/lib/python3.8/site-packages/airflow/example_dags/example_xcom.py
[2023-12-08T02:39:27.156+0000] {processor.py:839} INFO - DAG(s) dict_keys(['example_xcom']) retrieved from /home/airflow/.local/lib/python3.8/site-packages/airflow/example_dags/example_xcom.py
[2023-12-08T02:39:27.471+0000] {logging_mixin.py:154} INFO - [2023-12-08T02:39:27.470+0000] {dag.py:2941} INFO - Sync 1 DAGs
[2023-12-08T02:39:27.634+0000] {logging_mixin.py:154} INFO - [2023-12-08T02:39:27.633+0000] {dag.py:3722} INFO - Setting next_dagrun for example_xcom to 2021-01-01T00:00:00+00:00, run_after=2021-01-01T00:00:00+00:00
[2023-12-08T02:39:27.779+0000] {processor.py:179} INFO - Processing /home/airflow/.local/lib/python3.8/site-packages/airflow/example_dags/example_xcom.py took 1.321 seconds
[2023-12-08T02:39:58.032+0000] {processor.py:157} INFO - Started process (PID=144) to work on /home/airflow/.local/lib/python3.8/site-packages/airflow/example_dags/example_xcom.py
[2023-12-08T02:39:58.034+0000] {processor.py:829} INFO - Processing file /home/airflow/.local/lib/python3.8/site-packages/airflow/example_dags/example_xcom.py for tasks to queue
[2023-12-08T02:39:58.041+0000] {logging_mixin.py:154} INFO - [2023-12-08T02:39:58.041+0000] {dagbag.py:536} INFO - Filling up the DagBag from /home/airflow/.local/lib/python3.8/site-packages/airflow/example_dags/example_xcom.py
[2023-12-08T02:39:58.069+0000] {processor.py:839} INFO - DAG(s) dict_keys(['example_xcom']) retrieved from /home/airflow/.local/lib/python3.8/site-packages/airflow/example_dags/example_xcom.py
[2023-12-08T02:39:58.160+0000] {logging_mixin.py:154} INFO - [2023-12-08T02:39:58.160+0000] {dag.py:2941} INFO - Sync 1 DAGs
[2023-12-08T02:39:58.224+0000] {logging_mixin.py:154} INFO - [2023-12-08T02:39:58.223+0000] {dag.py:3722} INFO - Setting next_dagrun for example_xcom to 2021-01-01T00:00:00+00:00, run_after=2021-01-01T00:00:00+00:00
[2023-12-08T02:39:58.297+0000] {processor.py:179} INFO - Processing /home/airflow/.local/lib/python3.8/site-packages/airflow/example_dags/example_xcom.py took 0.275 seconds
[2023-12-08T02:40:28.496+0000] {processor.py:157} INFO - Started process (PID=198) to work on /home/airflow/.local/lib/python3.8/site-packages/airflow/example_dags/example_xcom.py
[2023-12-08T02:40:28.499+0000] {processor.py:829} INFO - Processing file /home/airflow/.local/lib/python3.8/site-packages/airflow/example_dags/example_xcom.py for tasks to queue
[2023-12-08T02:40:28.505+0000] {logging_mixin.py:154} INFO - [2023-12-08T02:40:28.504+0000] {dagbag.py:536} INFO - Filling up the DagBag from /home/airflow/.local/lib/python3.8/site-packages/airflow/example_dags/example_xcom.py
[2023-12-08T02:40:28.521+0000] {processor.py:839} INFO - DAG(s) dict_keys(['example_xcom']) retrieved from /home/airflow/.local/lib/python3.8/site-packages/airflow/example_dags/example_xcom.py
[2023-12-08T02:40:28.557+0000] {logging_mixin.py:154} INFO - [2023-12-08T02:40:28.557+0000] {dag.py:2941} INFO - Sync 1 DAGs
[2023-12-08T02:40:28.597+0000] {logging_mixin.py:154} INFO - [2023-12-08T02:40:28.596+0000] {dag.py:3722} INFO - Setting next_dagrun for example_xcom to 2021-01-01T00:00:00+00:00, run_after=2021-01-01T00:00:00+00:00
[2023-12-08T02:40:28.631+0000] {processor.py:179} INFO - Processing /home/airflow/.local/lib/python3.8/site-packages/airflow/example_dags/example_xcom.py took 0.146 seconds
[2023-12-08T02:41:01.820+0000] {processor.py:157} INFO - Started process (PID=252) to work on /home/airflow/.local/lib/python3.8/site-packages/airflow/example_dags/example_xcom.py
[2023-12-08T02:41:01.831+0000] {processor.py:829} INFO - Processing file /home/airflow/.local/lib/python3.8/site-packages/airflow/example_dags/example_xcom.py for tasks to queue
[2023-12-08T02:41:01.840+0000] {logging_mixin.py:154} INFO - [2023-12-08T02:41:01.839+0000] {dagbag.py:536} INFO - Filling up the DagBag from /home/airflow/.local/lib/python3.8/site-packages/airflow/example_dags/example_xcom.py
[2023-12-08T02:41:01.896+0000] {processor.py:839} INFO - DAG(s) dict_keys(['example_xcom']) retrieved from /home/airflow/.local/lib/python3.8/site-packages/airflow/example_dags/example_xcom.py
[2023-12-08T02:41:02.064+0000] {logging_mixin.py:154} INFO - [2023-12-08T02:41:02.063+0000] {dag.py:2941} INFO - Sync 1 DAGs
[2023-12-08T02:41:02.278+0000] {logging_mixin.py:154} INFO - [2023-12-08T02:41:02.277+0000] {dag.py:3722} INFO - Setting next_dagrun for example_xcom to 2021-01-01T00:00:00+00:00, run_after=2021-01-01T00:00:00+00:00
[2023-12-08T02:41:02.498+0000] {processor.py:179} INFO - Processing /home/airflow/.local/lib/python3.8/site-packages/airflow/example_dags/example_xcom.py took 0.697 seconds
[2023-12-08T02:41:34.454+0000] {processor.py:157} INFO - Started process (PID=306) to work on /home/airflow/.local/lib/python3.8/site-packages/airflow/example_dags/example_xcom.py
[2023-12-08T02:41:34.494+0000] {processor.py:829} INFO - Processing file /home/airflow/.local/lib/python3.8/site-packages/airflow/example_dags/example_xcom.py for tasks to queue
[2023-12-08T02:41:34.535+0000] {logging_mixin.py:154} INFO - [2023-12-08T02:41:34.534+0000] {dagbag.py:536} INFO - Filling up the DagBag from /home/airflow/.local/lib/python3.8/site-packages/airflow/example_dags/example_xcom.py
[2023-12-08T02:41:34.663+0000] {processor.py:839} INFO - DAG(s) dict_keys(['example_xcom']) retrieved from /home/airflow/.local/lib/python3.8/site-packages/airflow/example_dags/example_xcom.py
[2023-12-08T02:41:35.015+0000] {logging_mixin.py:154} INFO - [2023-12-08T02:41:35.014+0000] {dag.py:2941} INFO - Sync 1 DAGs
[2023-12-08T02:41:35.561+0000] {logging_mixin.py:154} INFO - [2023-12-08T02:41:35.560+0000] {dag.py:3722} INFO - Setting next_dagrun for example_xcom to 2021-01-01T00:00:00+00:00, run_after=2021-01-01T00:00:00+00:00
[2023-12-08T02:41:35.717+0000] {processor.py:179} INFO - Processing /home/airflow/.local/lib/python3.8/site-packages/airflow/example_dags/example_xcom.py took 1.297 seconds
[2023-12-08T02:42:06.720+0000] {processor.py:157} INFO - Started process (PID=361) to work on /home/airflow/.local/lib/python3.8/site-packages/airflow/example_dags/example_xcom.py
[2023-12-08T02:42:06.725+0000] {processor.py:829} INFO - Processing file /home/airflow/.local/lib/python3.8/site-packages/airflow/example_dags/example_xcom.py for tasks to queue
[2023-12-08T02:42:06.729+0000] {logging_mixin.py:154} INFO - [2023-12-08T02:42:06.729+0000] {dagbag.py:536} INFO - Filling up the DagBag from /home/airflow/.local/lib/python3.8/site-packages/airflow/example_dags/example_xcom.py
[2023-12-08T02:42:06.746+0000] {processor.py:839} INFO - DAG(s) dict_keys(['example_xcom']) retrieved from /home/airflow/.local/lib/python3.8/site-packages/airflow/example_dags/example_xcom.py
[2023-12-08T02:42:06.804+0000] {logging_mixin.py:154} INFO - [2023-12-08T02:42:06.803+0000] {dag.py:2941} INFO - Sync 1 DAGs
[2023-12-08T02:42:06.866+0000] {logging_mixin.py:154} INFO - [2023-12-08T02:42:06.866+0000] {dag.py:3722} INFO - Setting next_dagrun for example_xcom to 2021-01-01T00:00:00+00:00, run_after=2021-01-01T00:00:00+00:00
[2023-12-08T02:42:06.969+0000] {processor.py:179} INFO - Processing /home/airflow/.local/lib/python3.8/site-packages/airflow/example_dags/example_xcom.py took 0.257 seconds
[2023-12-08T02:42:46.079+0000] {processor.py:157} INFO - Started process (PID=415) to work on /home/airflow/.local/lib/python3.8/site-packages/airflow/example_dags/example_xcom.py
[2023-12-08T02:42:46.084+0000] {processor.py:829} INFO - Processing file /home/airflow/.local/lib/python3.8/site-packages/airflow/example_dags/example_xcom.py for tasks to queue
[2023-12-08T02:42:46.112+0000] {logging_mixin.py:154} INFO - [2023-12-08T02:42:46.111+0000] {dagbag.py:536} INFO - Filling up the DagBag from /home/airflow/.local/lib/python3.8/site-packages/airflow/example_dags/example_xcom.py
[2023-12-08T02:42:46.196+0000] {processor.py:839} INFO - DAG(s) dict_keys(['example_xcom']) retrieved from /home/airflow/.local/lib/python3.8/site-packages/airflow/example_dags/example_xcom.py
[2023-12-08T02:42:46.377+0000] {logging_mixin.py:154} INFO - [2023-12-08T02:42:46.376+0000] {dag.py:2941} INFO - Sync 1 DAGs
[2023-12-08T02:42:46.603+0000] {logging_mixin.py:154} INFO - [2023-12-08T02:42:46.603+0000] {dag.py:3722} INFO - Setting next_dagrun for example_xcom to 2021-01-01T00:00:00+00:00, run_after=2021-01-01T00:00:00+00:00
[2023-12-08T02:42:46.770+0000] {processor.py:179} INFO - Processing /home/airflow/.local/lib/python3.8/site-packages/airflow/example_dags/example_xcom.py took 0.726 seconds
[2023-12-08T02:43:17.933+0000] {processor.py:157} INFO - Started process (PID=469) to work on /home/airflow/.local/lib/python3.8/site-packages/airflow/example_dags/example_xcom.py
[2023-12-08T02:43:17.936+0000] {processor.py:829} INFO - Processing file /home/airflow/.local/lib/python3.8/site-packages/airflow/example_dags/example_xcom.py for tasks to queue
[2023-12-08T02:43:17.953+0000] {logging_mixin.py:154} INFO - [2023-12-08T02:43:17.952+0000] {dagbag.py:536} INFO - Filling up the DagBag from /home/airflow/.local/lib/python3.8/site-packages/airflow/example_dags/example_xcom.py
[2023-12-08T02:43:18.018+0000] {processor.py:839} INFO - DAG(s) dict_keys(['example_xcom']) retrieved from /home/airflow/.local/lib/python3.8/site-packages/airflow/example_dags/example_xcom.py
[2023-12-08T02:43:18.189+0000] {logging_mixin.py:154} INFO - [2023-12-08T02:43:18.188+0000] {dag.py:2941} INFO - Sync 1 DAGs
[2023-12-08T02:43:18.421+0000] {logging_mixin.py:154} INFO - [2023-12-08T02:43:18.420+0000] {dag.py:3722} INFO - Setting next_dagrun for example_xcom to 2021-01-01T00:00:00+00:00, run_after=2021-01-01T00:00:00+00:00
[2023-12-08T02:43:18.628+0000] {processor.py:179} INFO - Processing /home/airflow/.local/lib/python3.8/site-packages/airflow/example_dags/example_xcom.py took 0.728 seconds
[2023-12-08T02:43:49.345+0000] {processor.py:157} INFO - Started process (PID=524) to work on /home/airflow/.local/lib/python3.8/site-packages/airflow/example_dags/example_xcom.py
[2023-12-08T02:43:49.360+0000] {processor.py:829} INFO - Processing file /home/airflow/.local/lib/python3.8/site-packages/airflow/example_dags/example_xcom.py for tasks to queue
[2023-12-08T02:43:49.367+0000] {logging_mixin.py:154} INFO - [2023-12-08T02:43:49.366+0000] {dagbag.py:536} INFO - Filling up the DagBag from /home/airflow/.local/lib/python3.8/site-packages/airflow/example_dags/example_xcom.py
[2023-12-08T02:43:49.401+0000] {processor.py:839} INFO - DAG(s) dict_keys(['example_xcom']) retrieved from /home/airflow/.local/lib/python3.8/site-packages/airflow/example_dags/example_xcom.py
[2023-12-08T02:43:49.485+0000] {logging_mixin.py:154} INFO - [2023-12-08T02:43:49.485+0000] {dag.py:2941} INFO - Sync 1 DAGs
[2023-12-08T02:43:49.574+0000] {logging_mixin.py:154} INFO - [2023-12-08T02:43:49.573+0000] {dag.py:3722} INFO - Setting next_dagrun for example_xcom to 2021-01-01T00:00:00+00:00, run_after=2021-01-01T00:00:00+00:00
[2023-12-08T02:43:49.632+0000] {processor.py:179} INFO - Processing /home/airflow/.local/lib/python3.8/site-packages/airflow/example_dags/example_xcom.py took 0.298 seconds
[2023-12-08T02:44:19.968+0000] {processor.py:157} INFO - Started process (PID=586) to work on /home/airflow/.local/lib/python3.8/site-packages/airflow/example_dags/example_xcom.py
[2023-12-08T02:44:19.970+0000] {processor.py:829} INFO - Processing file /home/airflow/.local/lib/python3.8/site-packages/airflow/example_dags/example_xcom.py for tasks to queue
[2023-12-08T02:44:19.983+0000] {logging_mixin.py:154} INFO - [2023-12-08T02:44:19.983+0000] {dagbag.py:536} INFO - Filling up the DagBag from /home/airflow/.local/lib/python3.8/site-packages/airflow/example_dags/example_xcom.py
[2023-12-08T02:44:20.004+0000] {processor.py:839} INFO - DAG(s) dict_keys(['example_xcom']) retrieved from /home/airflow/.local/lib/python3.8/site-packages/airflow/example_dags/example_xcom.py
[2023-12-08T02:44:20.104+0000] {logging_mixin.py:154} INFO - [2023-12-08T02:44:20.103+0000] {dag.py:2941} INFO - Sync 1 DAGs
[2023-12-08T02:44:20.169+0000] {logging_mixin.py:154} INFO - [2023-12-08T02:44:20.168+0000] {dag.py:3722} INFO - Setting next_dagrun for example_xcom to 2021-01-01T00:00:00+00:00, run_after=2021-01-01T00:00:00+00:00
[2023-12-08T02:44:20.242+0000] {processor.py:179} INFO - Processing /home/airflow/.local/lib/python3.8/site-packages/airflow/example_dags/example_xcom.py took 0.292 seconds
[2023-12-08T02:44:50.307+0000] {processor.py:157} INFO - Started process (PID=640) to work on /home/airflow/.local/lib/python3.8/site-packages/airflow/example_dags/example_xcom.py
[2023-12-08T02:44:50.310+0000] {processor.py:829} INFO - Processing file /home/airflow/.local/lib/python3.8/site-packages/airflow/example_dags/example_xcom.py for tasks to queue
[2023-12-08T02:44:50.314+0000] {logging_mixin.py:154} INFO - [2023-12-08T02:44:50.314+0000] {dagbag.py:536} INFO - Filling up the DagBag from /home/airflow/.local/lib/python3.8/site-packages/airflow/example_dags/example_xcom.py
[2023-12-08T02:44:50.327+0000] {processor.py:839} INFO - DAG(s) dict_keys(['example_xcom']) retrieved from /home/airflow/.local/lib/python3.8/site-packages/airflow/example_dags/example_xcom.py
[2023-12-08T02:44:50.377+0000] {logging_mixin.py:154} INFO - [2023-12-08T02:44:50.376+0000] {dag.py:2941} INFO - Sync 1 DAGs
[2023-12-08T02:44:50.412+0000] {logging_mixin.py:154} INFO - [2023-12-08T02:44:50.412+0000] {dag.py:3722} INFO - Setting next_dagrun for example_xcom to 2021-01-01T00:00:00+00:00, run_after=2021-01-01T00:00:00+00:00
[2023-12-08T02:44:50.452+0000] {processor.py:179} INFO - Processing /home/airflow/.local/lib/python3.8/site-packages/airflow/example_dags/example_xcom.py took 0.153 seconds
[2023-12-08T02:45:20.525+0000] {processor.py:157} INFO - Started process (PID=693) to work on /home/airflow/.local/lib/python3.8/site-packages/airflow/example_dags/example_xcom.py
[2023-12-08T02:45:20.526+0000] {processor.py:829} INFO - Processing file /home/airflow/.local/lib/python3.8/site-packages/airflow/example_dags/example_xcom.py for tasks to queue
[2023-12-08T02:45:20.529+0000] {logging_mixin.py:154} INFO - [2023-12-08T02:45:20.529+0000] {dagbag.py:536} INFO - Filling up the DagBag from /home/airflow/.local/lib/python3.8/site-packages/airflow/example_dags/example_xcom.py
[2023-12-08T02:45:20.543+0000] {processor.py:839} INFO - DAG(s) dict_keys(['example_xcom']) retrieved from /home/airflow/.local/lib/python3.8/site-packages/airflow/example_dags/example_xcom.py
[2023-12-08T02:45:20.582+0000] {logging_mixin.py:154} INFO - [2023-12-08T02:45:20.582+0000] {dag.py:2941} INFO - Sync 1 DAGs
[2023-12-08T02:45:20.617+0000] {logging_mixin.py:154} INFO - [2023-12-08T02:45:20.617+0000] {dag.py:3722} INFO - Setting next_dagrun for example_xcom to 2021-01-01T00:00:00+00:00, run_after=2021-01-01T00:00:00+00:00
[2023-12-08T02:45:20.650+0000] {processor.py:179} INFO - Processing /home/airflow/.local/lib/python3.8/site-packages/airflow/example_dags/example_xcom.py took 0.131 seconds
[2023-12-08T02:46:00.914+0000] {processor.py:157} INFO - Started process (PID=748) to work on /home/airflow/.local/lib/python3.8/site-packages/airflow/example_dags/example_xcom.py
[2023-12-08T02:46:00.919+0000] {processor.py:829} INFO - Processing file /home/airflow/.local/lib/python3.8/site-packages/airflow/example_dags/example_xcom.py for tasks to queue
[2023-12-08T02:46:00.933+0000] {logging_mixin.py:154} INFO - [2023-12-08T02:46:00.933+0000] {dagbag.py:536} INFO - Filling up the DagBag from /home/airflow/.local/lib/python3.8/site-packages/airflow/example_dags/example_xcom.py
[2023-12-08T02:46:01.009+0000] {processor.py:839} INFO - DAG(s) dict_keys(['example_xcom']) retrieved from /home/airflow/.local/lib/python3.8/site-packages/airflow/example_dags/example_xcom.py
[2023-12-08T02:46:01.157+0000] {logging_mixin.py:154} INFO - [2023-12-08T02:46:01.157+0000] {dag.py:2941} INFO - Sync 1 DAGs
[2023-12-08T02:46:01.350+0000] {logging_mixin.py:154} INFO - [2023-12-08T02:46:01.349+0000] {dag.py:3722} INFO - Setting next_dagrun for example_xcom to 2021-01-01T00:00:00+00:00, run_after=2021-01-01T00:00:00+00:00
[2023-12-08T02:46:01.504+0000] {processor.py:179} INFO - Processing /home/airflow/.local/lib/python3.8/site-packages/airflow/example_dags/example_xcom.py took 0.620 seconds
[2023-12-08T02:46:49.670+0000] {processor.py:157} INFO - Started process (PID=810) to work on /home/airflow/.local/lib/python3.8/site-packages/airflow/example_dags/example_xcom.py
[2023-12-08T02:46:49.728+0000] {processor.py:829} INFO - Processing file /home/airflow/.local/lib/python3.8/site-packages/airflow/example_dags/example_xcom.py for tasks to queue
[2023-12-08T02:46:49.747+0000] {logging_mixin.py:154} INFO - [2023-12-08T02:46:49.746+0000] {dagbag.py:536} INFO - Filling up the DagBag from /home/airflow/.local/lib/python3.8/site-packages/airflow/example_dags/example_xcom.py
[2023-12-08T02:46:49.827+0000] {processor.py:839} INFO - DAG(s) dict_keys(['example_xcom']) retrieved from /home/airflow/.local/lib/python3.8/site-packages/airflow/example_dags/example_xcom.py
[2023-12-08T02:46:50.024+0000] {logging_mixin.py:154} INFO - [2023-12-08T02:46:50.024+0000] {dag.py:2941} INFO - Sync 1 DAGs
[2023-12-08T02:46:50.236+0000] {logging_mixin.py:154} INFO - [2023-12-08T02:46:50.235+0000] {dag.py:3722} INFO - Setting next_dagrun for example_xcom to 2021-01-01T00:00:00+00:00, run_after=2021-01-01T00:00:00+00:00
[2023-12-08T02:46:50.388+0000] {processor.py:179} INFO - Processing /home/airflow/.local/lib/python3.8/site-packages/airflow/example_dags/example_xcom.py took 0.759 seconds
[2023-12-08T02:47:21.106+0000] {processor.py:157} INFO - Started process (PID=864) to work on /home/airflow/.local/lib/python3.8/site-packages/airflow/example_dags/example_xcom.py
[2023-12-08T02:47:21.118+0000] {processor.py:829} INFO - Processing file /home/airflow/.local/lib/python3.8/site-packages/airflow/example_dags/example_xcom.py for tasks to queue
[2023-12-08T02:47:21.124+0000] {logging_mixin.py:154} INFO - [2023-12-08T02:47:21.123+0000] {dagbag.py:536} INFO - Filling up the DagBag from /home/airflow/.local/lib/python3.8/site-packages/airflow/example_dags/example_xcom.py
[2023-12-08T02:47:21.147+0000] {processor.py:839} INFO - DAG(s) dict_keys(['example_xcom']) retrieved from /home/airflow/.local/lib/python3.8/site-packages/airflow/example_dags/example_xcom.py
[2023-12-08T02:47:21.201+0000] {logging_mixin.py:154} INFO - [2023-12-08T02:47:21.201+0000] {dag.py:2941} INFO - Sync 1 DAGs
[2023-12-08T02:47:21.259+0000] {logging_mixin.py:154} INFO - [2023-12-08T02:47:21.259+0000] {dag.py:3722} INFO - Setting next_dagrun for example_xcom to 2021-01-01T00:00:00+00:00, run_after=2021-01-01T00:00:00+00:00
[2023-12-08T02:47:21.549+0000] {processor.py:179} INFO - Processing /home/airflow/.local/lib/python3.8/site-packages/airflow/example_dags/example_xcom.py took 0.457 seconds
[2023-12-08T02:47:52.249+0000] {processor.py:157} INFO - Started process (PID=918) to work on /home/airflow/.local/lib/python3.8/site-packages/airflow/example_dags/example_xcom.py
[2023-12-08T02:47:52.253+0000] {processor.py:829} INFO - Processing file /home/airflow/.local/lib/python3.8/site-packages/airflow/example_dags/example_xcom.py for tasks to queue
[2023-12-08T02:47:52.261+0000] {logging_mixin.py:154} INFO - [2023-12-08T02:47:52.260+0000] {dagbag.py:536} INFO - Filling up the DagBag from /home/airflow/.local/lib/python3.8/site-packages/airflow/example_dags/example_xcom.py
[2023-12-08T02:47:52.293+0000] {processor.py:839} INFO - DAG(s) dict_keys(['example_xcom']) retrieved from /home/airflow/.local/lib/python3.8/site-packages/airflow/example_dags/example_xcom.py
[2023-12-08T02:47:52.482+0000] {logging_mixin.py:154} INFO - [2023-12-08T02:47:52.482+0000] {dag.py:2941} INFO - Sync 1 DAGs
[2023-12-08T02:47:52.598+0000] {logging_mixin.py:154} INFO - [2023-12-08T02:47:52.597+0000] {dag.py:3722} INFO - Setting next_dagrun for example_xcom to 2021-01-01T00:00:00+00:00, run_after=2021-01-01T00:00:00+00:00
[2023-12-08T02:47:53.106+0000] {processor.py:179} INFO - Processing /home/airflow/.local/lib/python3.8/site-packages/airflow/example_dags/example_xcom.py took 0.868 seconds
[2023-12-08T02:48:23.825+0000] {processor.py:157} INFO - Started process (PID=972) to work on /home/airflow/.local/lib/python3.8/site-packages/airflow/example_dags/example_xcom.py
[2023-12-08T02:48:23.828+0000] {processor.py:829} INFO - Processing file /home/airflow/.local/lib/python3.8/site-packages/airflow/example_dags/example_xcom.py for tasks to queue
[2023-12-08T02:48:23.936+0000] {logging_mixin.py:154} INFO - [2023-12-08T02:48:23.919+0000] {dagbag.py:536} INFO - Filling up the DagBag from /home/airflow/.local/lib/python3.8/site-packages/airflow/example_dags/example_xcom.py
[2023-12-08T02:48:24.013+0000] {processor.py:839} INFO - DAG(s) dict_keys(['example_xcom']) retrieved from /home/airflow/.local/lib/python3.8/site-packages/airflow/example_dags/example_xcom.py
[2023-12-08T02:48:24.281+0000] {logging_mixin.py:154} INFO - [2023-12-08T02:48:24.280+0000] {dag.py:2941} INFO - Sync 1 DAGs
[2023-12-08T02:48:24.519+0000] {logging_mixin.py:154} INFO - [2023-12-08T02:48:24.518+0000] {dag.py:3722} INFO - Setting next_dagrun for example_xcom to 2021-01-01T00:00:00+00:00, run_after=2021-01-01T00:00:00+00:00
[2023-12-08T02:48:24.726+0000] {processor.py:179} INFO - Processing /home/airflow/.local/lib/python3.8/site-packages/airflow/example_dags/example_xcom.py took 0.948 seconds
[2023-12-08T02:48:55.252+0000] {processor.py:157} INFO - Started process (PID=1026) to work on /home/airflow/.local/lib/python3.8/site-packages/airflow/example_dags/example_xcom.py
[2023-12-08T02:48:55.271+0000] {processor.py:829} INFO - Processing file /home/airflow/.local/lib/python3.8/site-packages/airflow/example_dags/example_xcom.py for tasks to queue
[2023-12-08T02:48:55.279+0000] {logging_mixin.py:154} INFO - [2023-12-08T02:48:55.278+0000] {dagbag.py:536} INFO - Filling up the DagBag from /home/airflow/.local/lib/python3.8/site-packages/airflow/example_dags/example_xcom.py
[2023-12-08T02:48:55.395+0000] {processor.py:839} INFO - DAG(s) dict_keys(['example_xcom']) retrieved from /home/airflow/.local/lib/python3.8/site-packages/airflow/example_dags/example_xcom.py
[2023-12-08T02:48:55.688+0000] {logging_mixin.py:154} INFO - [2023-12-08T02:48:55.687+0000] {dag.py:2941} INFO - Sync 1 DAGs
[2023-12-08T02:48:55.923+0000] {logging_mixin.py:154} INFO - [2023-12-08T02:48:55.922+0000] {dag.py:3722} INFO - Setting next_dagrun for example_xcom to 2021-01-01T00:00:00+00:00, run_after=2021-01-01T00:00:00+00:00
[2023-12-08T02:48:56.423+0000] {processor.py:179} INFO - Processing /home/airflow/.local/lib/python3.8/site-packages/airflow/example_dags/example_xcom.py took 1.233 seconds
[2023-12-08T02:49:26.961+0000] {processor.py:157} INFO - Started process (PID=1086) to work on /home/airflow/.local/lib/python3.8/site-packages/airflow/example_dags/example_xcom.py
[2023-12-08T02:49:26.963+0000] {processor.py:829} INFO - Processing file /home/airflow/.local/lib/python3.8/site-packages/airflow/example_dags/example_xcom.py for tasks to queue
[2023-12-08T02:49:26.970+0000] {logging_mixin.py:154} INFO - [2023-12-08T02:49:26.969+0000] {dagbag.py:536} INFO - Filling up the DagBag from /home/airflow/.local/lib/python3.8/site-packages/airflow/example_dags/example_xcom.py
[2023-12-08T02:49:26.986+0000] {processor.py:839} INFO - DAG(s) dict_keys(['example_xcom']) retrieved from /home/airflow/.local/lib/python3.8/site-packages/airflow/example_dags/example_xcom.py
[2023-12-08T02:49:27.037+0000] {logging_mixin.py:154} INFO - [2023-12-08T02:49:27.036+0000] {dag.py:2941} INFO - Sync 1 DAGs
[2023-12-08T02:49:27.324+0000] {logging_mixin.py:154} INFO - [2023-12-08T02:49:27.323+0000] {dag.py:3722} INFO - Setting next_dagrun for example_xcom to 2021-01-01T00:00:00+00:00, run_after=2021-01-01T00:00:00+00:00
[2023-12-08T02:49:27.357+0000] {processor.py:179} INFO - Processing /home/airflow/.local/lib/python3.8/site-packages/airflow/example_dags/example_xcom.py took 0.403 seconds
[2023-12-08T02:49:57.763+0000] {processor.py:157} INFO - Started process (PID=1141) to work on /home/airflow/.local/lib/python3.8/site-packages/airflow/example_dags/example_xcom.py
[2023-12-08T02:49:57.765+0000] {processor.py:829} INFO - Processing file /home/airflow/.local/lib/python3.8/site-packages/airflow/example_dags/example_xcom.py for tasks to queue
[2023-12-08T02:49:57.771+0000] {logging_mixin.py:154} INFO - [2023-12-08T02:49:57.770+0000] {dagbag.py:536} INFO - Filling up the DagBag from /home/airflow/.local/lib/python3.8/site-packages/airflow/example_dags/example_xcom.py
[2023-12-08T02:49:57.792+0000] {processor.py:839} INFO - DAG(s) dict_keys(['example_xcom']) retrieved from /home/airflow/.local/lib/python3.8/site-packages/airflow/example_dags/example_xcom.py
[2023-12-08T02:49:57.849+0000] {logging_mixin.py:154} INFO - [2023-12-08T02:49:57.848+0000] {dag.py:2941} INFO - Sync 1 DAGs
[2023-12-08T02:49:57.922+0000] {logging_mixin.py:154} INFO - [2023-12-08T02:49:57.922+0000] {dag.py:3722} INFO - Setting next_dagrun for example_xcom to 2021-01-01T00:00:00+00:00, run_after=2021-01-01T00:00:00+00:00
[2023-12-08T02:49:58.381+0000] {processor.py:179} INFO - Processing /home/airflow/.local/lib/python3.8/site-packages/airflow/example_dags/example_xcom.py took 0.625 seconds
[2023-12-08T02:50:28.483+0000] {processor.py:157} INFO - Started process (PID=1194) to work on /home/airflow/.local/lib/python3.8/site-packages/airflow/example_dags/example_xcom.py
[2023-12-08T02:50:28.491+0000] {processor.py:829} INFO - Processing file /home/airflow/.local/lib/python3.8/site-packages/airflow/example_dags/example_xcom.py for tasks to queue
[2023-12-08T02:50:28.499+0000] {logging_mixin.py:154} INFO - [2023-12-08T02:50:28.498+0000] {dagbag.py:536} INFO - Filling up the DagBag from /home/airflow/.local/lib/python3.8/site-packages/airflow/example_dags/example_xcom.py
[2023-12-08T02:50:28.522+0000] {processor.py:839} INFO - DAG(s) dict_keys(['example_xcom']) retrieved from /home/airflow/.local/lib/python3.8/site-packages/airflow/example_dags/example_xcom.py
[2023-12-08T02:50:28.606+0000] {logging_mixin.py:154} INFO - [2023-12-08T02:50:28.606+0000] {dag.py:2941} INFO - Sync 1 DAGs
[2023-12-08T02:50:28.682+0000] {logging_mixin.py:154} INFO - [2023-12-08T02:50:28.681+0000] {dag.py:3722} INFO - Setting next_dagrun for example_xcom to 2021-01-01T00:00:00+00:00, run_after=2021-01-01T00:00:00+00:00
[2023-12-08T02:50:28.751+0000] {processor.py:179} INFO - Processing /home/airflow/.local/lib/python3.8/site-packages/airflow/example_dags/example_xcom.py took 0.283 seconds
[2023-12-08T02:50:58.849+0000] {processor.py:157} INFO - Started process (PID=1248) to work on /home/airflow/.local/lib/python3.8/site-packages/airflow/example_dags/example_xcom.py
[2023-12-08T02:50:58.850+0000] {processor.py:829} INFO - Processing file /home/airflow/.local/lib/python3.8/site-packages/airflow/example_dags/example_xcom.py for tasks to queue
[2023-12-08T02:50:58.854+0000] {logging_mixin.py:154} INFO - [2023-12-08T02:50:58.853+0000] {dagbag.py:536} INFO - Filling up the DagBag from /home/airflow/.local/lib/python3.8/site-packages/airflow/example_dags/example_xcom.py
[2023-12-08T02:50:58.868+0000] {processor.py:839} INFO - DAG(s) dict_keys(['example_xcom']) retrieved from /home/airflow/.local/lib/python3.8/site-packages/airflow/example_dags/example_xcom.py
[2023-12-08T02:50:58.909+0000] {logging_mixin.py:154} INFO - [2023-12-08T02:50:58.909+0000] {dag.py:2941} INFO - Sync 1 DAGs
[2023-12-08T02:50:58.951+0000] {logging_mixin.py:154} INFO - [2023-12-08T02:50:58.950+0000] {dag.py:3722} INFO - Setting next_dagrun for example_xcom to 2021-01-01T00:00:00+00:00, run_after=2021-01-01T00:00:00+00:00
[2023-12-08T02:50:58.989+0000] {processor.py:179} INFO - Processing /home/airflow/.local/lib/python3.8/site-packages/airflow/example_dags/example_xcom.py took 0.145 seconds
[2023-12-08T02:51:29.619+0000] {processor.py:157} INFO - Started process (PID=1302) to work on /home/airflow/.local/lib/python3.8/site-packages/airflow/example_dags/example_xcom.py
[2023-12-08T02:51:29.637+0000] {processor.py:829} INFO - Processing file /home/airflow/.local/lib/python3.8/site-packages/airflow/example_dags/example_xcom.py for tasks to queue
[2023-12-08T02:51:29.644+0000] {logging_mixin.py:154} INFO - [2023-12-08T02:51:29.643+0000] {dagbag.py:536} INFO - Filling up the DagBag from /home/airflow/.local/lib/python3.8/site-packages/airflow/example_dags/example_xcom.py
[2023-12-08T02:51:29.669+0000] {processor.py:839} INFO - DAG(s) dict_keys(['example_xcom']) retrieved from /home/airflow/.local/lib/python3.8/site-packages/airflow/example_dags/example_xcom.py
[2023-12-08T02:51:29.728+0000] {logging_mixin.py:154} INFO - [2023-12-08T02:51:29.727+0000] {dag.py:2941} INFO - Sync 1 DAGs
[2023-12-08T02:51:30.069+0000] {logging_mixin.py:154} INFO - [2023-12-08T02:51:30.069+0000] {dag.py:3722} INFO - Setting next_dagrun for example_xcom to 2021-01-01T00:00:00+00:00, run_after=2021-01-01T00:00:00+00:00
[2023-12-08T02:51:30.135+0000] {processor.py:179} INFO - Processing /home/airflow/.local/lib/python3.8/site-packages/airflow/example_dags/example_xcom.py took 0.534 seconds
[2023-12-08T02:52:00.780+0000] {processor.py:157} INFO - Started process (PID=1355) to work on /home/airflow/.local/lib/python3.8/site-packages/airflow/example_dags/example_xcom.py
[2023-12-08T02:52:00.784+0000] {processor.py:829} INFO - Processing file /home/airflow/.local/lib/python3.8/site-packages/airflow/example_dags/example_xcom.py for tasks to queue
[2023-12-08T02:52:00.790+0000] {logging_mixin.py:154} INFO - [2023-12-08T02:52:00.789+0000] {dagbag.py:536} INFO - Filling up the DagBag from /home/airflow/.local/lib/python3.8/site-packages/airflow/example_dags/example_xcom.py
[2023-12-08T02:52:00.811+0000] {processor.py:839} INFO - DAG(s) dict_keys(['example_xcom']) retrieved from /home/airflow/.local/lib/python3.8/site-packages/airflow/example_dags/example_xcom.py
[2023-12-08T02:52:00.871+0000] {logging_mixin.py:154} INFO - [2023-12-08T02:52:00.871+0000] {dag.py:2941} INFO - Sync 1 DAGs
[2023-12-08T02:52:00.954+0000] {logging_mixin.py:154} INFO - [2023-12-08T02:52:00.950+0000] {dag.py:3722} INFO - Setting next_dagrun for example_xcom to 2021-01-01T00:00:00+00:00, run_after=2021-01-01T00:00:00+00:00
[2023-12-08T02:52:01.039+0000] {processor.py:179} INFO - Processing /home/airflow/.local/lib/python3.8/site-packages/airflow/example_dags/example_xcom.py took 0.270 seconds
[2023-12-08T02:52:31.789+0000] {processor.py:157} INFO - Started process (PID=1409) to work on /home/airflow/.local/lib/python3.8/site-packages/airflow/example_dags/example_xcom.py
[2023-12-08T02:52:31.792+0000] {processor.py:829} INFO - Processing file /home/airflow/.local/lib/python3.8/site-packages/airflow/example_dags/example_xcom.py for tasks to queue
[2023-12-08T02:52:31.802+0000] {logging_mixin.py:154} INFO - [2023-12-08T02:52:31.801+0000] {dagbag.py:536} INFO - Filling up the DagBag from /home/airflow/.local/lib/python3.8/site-packages/airflow/example_dags/example_xcom.py
[2023-12-08T02:52:31.834+0000] {processor.py:839} INFO - DAG(s) dict_keys(['example_xcom']) retrieved from /home/airflow/.local/lib/python3.8/site-packages/airflow/example_dags/example_xcom.py
[2023-12-08T02:52:31.908+0000] {logging_mixin.py:154} INFO - [2023-12-08T02:52:31.907+0000] {dag.py:2941} INFO - Sync 1 DAGs
[2023-12-08T02:52:31.966+0000] {logging_mixin.py:154} INFO - [2023-12-08T02:52:31.966+0000] {dag.py:3722} INFO - Setting next_dagrun for example_xcom to 2021-01-01T00:00:00+00:00, run_after=2021-01-01T00:00:00+00:00
[2023-12-08T02:52:32.011+0000] {processor.py:179} INFO - Processing /home/airflow/.local/lib/python3.8/site-packages/airflow/example_dags/example_xcom.py took 0.234 seconds
[2023-12-08T02:53:02.243+0000] {processor.py:157} INFO - Started process (PID=1464) to work on /home/airflow/.local/lib/python3.8/site-packages/airflow/example_dags/example_xcom.py
[2023-12-08T02:53:02.244+0000] {processor.py:829} INFO - Processing file /home/airflow/.local/lib/python3.8/site-packages/airflow/example_dags/example_xcom.py for tasks to queue
[2023-12-08T02:53:02.250+0000] {logging_mixin.py:154} INFO - [2023-12-08T02:53:02.249+0000] {dagbag.py:536} INFO - Filling up the DagBag from /home/airflow/.local/lib/python3.8/site-packages/airflow/example_dags/example_xcom.py
[2023-12-08T02:53:02.263+0000] {processor.py:839} INFO - DAG(s) dict_keys(['example_xcom']) retrieved from /home/airflow/.local/lib/python3.8/site-packages/airflow/example_dags/example_xcom.py
[2023-12-08T02:53:02.316+0000] {logging_mixin.py:154} INFO - [2023-12-08T02:53:02.315+0000] {dag.py:2941} INFO - Sync 1 DAGs
[2023-12-08T02:53:02.386+0000] {logging_mixin.py:154} INFO - [2023-12-08T02:53:02.385+0000] {dag.py:3722} INFO - Setting next_dagrun for example_xcom to 2021-01-01T00:00:00+00:00, run_after=2021-01-01T00:00:00+00:00
[2023-12-08T02:53:02.437+0000] {processor.py:179} INFO - Processing /home/airflow/.local/lib/python3.8/site-packages/airflow/example_dags/example_xcom.py took 0.201 seconds
[2023-12-08T02:53:32.853+0000] {processor.py:157} INFO - Started process (PID=1517) to work on /home/airflow/.local/lib/python3.8/site-packages/airflow/example_dags/example_xcom.py
[2023-12-08T02:53:32.869+0000] {processor.py:829} INFO - Processing file /home/airflow/.local/lib/python3.8/site-packages/airflow/example_dags/example_xcom.py for tasks to queue
[2023-12-08T02:53:32.874+0000] {logging_mixin.py:154} INFO - [2023-12-08T02:53:32.874+0000] {dagbag.py:536} INFO - Filling up the DagBag from /home/airflow/.local/lib/python3.8/site-packages/airflow/example_dags/example_xcom.py
[2023-12-08T02:53:32.890+0000] {processor.py:839} INFO - DAG(s) dict_keys(['example_xcom']) retrieved from /home/airflow/.local/lib/python3.8/site-packages/airflow/example_dags/example_xcom.py
[2023-12-08T02:53:32.951+0000] {logging_mixin.py:154} INFO - [2023-12-08T02:53:32.950+0000] {dag.py:2941} INFO - Sync 1 DAGs
[2023-12-08T02:53:33.003+0000] {logging_mixin.py:154} INFO - [2023-12-08T02:53:33.003+0000] {dag.py:3722} INFO - Setting next_dagrun for example_xcom to 2021-01-01T00:00:00+00:00, run_after=2021-01-01T00:00:00+00:00
[2023-12-08T02:53:33.044+0000] {processor.py:179} INFO - Processing /home/airflow/.local/lib/python3.8/site-packages/airflow/example_dags/example_xcom.py took 0.198 seconds
[2023-12-08T02:54:03.364+0000] {processor.py:157} INFO - Started process (PID=1572) to work on /home/airflow/.local/lib/python3.8/site-packages/airflow/example_dags/example_xcom.py
[2023-12-08T02:54:03.368+0000] {processor.py:829} INFO - Processing file /home/airflow/.local/lib/python3.8/site-packages/airflow/example_dags/example_xcom.py for tasks to queue
[2023-12-08T02:54:03.373+0000] {logging_mixin.py:154} INFO - [2023-12-08T02:54:03.372+0000] {dagbag.py:536} INFO - Filling up the DagBag from /home/airflow/.local/lib/python3.8/site-packages/airflow/example_dags/example_xcom.py
[2023-12-08T02:54:03.387+0000] {processor.py:839} INFO - DAG(s) dict_keys(['example_xcom']) retrieved from /home/airflow/.local/lib/python3.8/site-packages/airflow/example_dags/example_xcom.py
[2023-12-08T02:54:03.432+0000] {logging_mixin.py:154} INFO - [2023-12-08T02:54:03.432+0000] {dag.py:2941} INFO - Sync 1 DAGs
[2023-12-08T02:54:03.479+0000] {logging_mixin.py:154} INFO - [2023-12-08T02:54:03.478+0000] {dag.py:3722} INFO - Setting next_dagrun for example_xcom to 2021-01-01T00:00:00+00:00, run_after=2021-01-01T00:00:00+00:00
[2023-12-08T02:54:03.521+0000] {processor.py:179} INFO - Processing /home/airflow/.local/lib/python3.8/site-packages/airflow/example_dags/example_xcom.py took 0.164 seconds
[2023-12-08T02:54:34.164+0000] {processor.py:157} INFO - Started process (PID=1626) to work on /home/airflow/.local/lib/python3.8/site-packages/airflow/example_dags/example_xcom.py
[2023-12-08T02:54:34.166+0000] {processor.py:829} INFO - Processing file /home/airflow/.local/lib/python3.8/site-packages/airflow/example_dags/example_xcom.py for tasks to queue
[2023-12-08T02:54:34.172+0000] {logging_mixin.py:154} INFO - [2023-12-08T02:54:34.172+0000] {dagbag.py:536} INFO - Filling up the DagBag from /home/airflow/.local/lib/python3.8/site-packages/airflow/example_dags/example_xcom.py
[2023-12-08T02:54:34.195+0000] {processor.py:839} INFO - DAG(s) dict_keys(['example_xcom']) retrieved from /home/airflow/.local/lib/python3.8/site-packages/airflow/example_dags/example_xcom.py
[2023-12-08T02:54:34.244+0000] {logging_mixin.py:154} INFO - [2023-12-08T02:54:34.244+0000] {dag.py:2941} INFO - Sync 1 DAGs
[2023-12-08T02:54:34.300+0000] {logging_mixin.py:154} INFO - [2023-12-08T02:54:34.299+0000] {dag.py:3722} INFO - Setting next_dagrun for example_xcom to 2021-01-01T00:00:00+00:00, run_after=2021-01-01T00:00:00+00:00
[2023-12-08T02:54:34.349+0000] {processor.py:179} INFO - Processing /home/airflow/.local/lib/python3.8/site-packages/airflow/example_dags/example_xcom.py took 0.193 seconds
[2023-12-08T02:55:04.518+0000] {processor.py:157} INFO - Started process (PID=1680) to work on /home/airflow/.local/lib/python3.8/site-packages/airflow/example_dags/example_xcom.py
[2023-12-08T02:55:04.526+0000] {processor.py:829} INFO - Processing file /home/airflow/.local/lib/python3.8/site-packages/airflow/example_dags/example_xcom.py for tasks to queue
[2023-12-08T02:55:04.543+0000] {logging_mixin.py:154} INFO - [2023-12-08T02:55:04.542+0000] {dagbag.py:536} INFO - Filling up the DagBag from /home/airflow/.local/lib/python3.8/site-packages/airflow/example_dags/example_xcom.py
[2023-12-08T02:55:04.577+0000] {processor.py:839} INFO - DAG(s) dict_keys(['example_xcom']) retrieved from /home/airflow/.local/lib/python3.8/site-packages/airflow/example_dags/example_xcom.py
[2023-12-08T02:55:04.667+0000] {logging_mixin.py:154} INFO - [2023-12-08T02:55:04.666+0000] {dag.py:2941} INFO - Sync 1 DAGs
[2023-12-08T02:55:04.757+0000] {logging_mixin.py:154} INFO - [2023-12-08T02:55:04.757+0000] {dag.py:3722} INFO - Setting next_dagrun for example_xcom to 2021-01-01T00:00:00+00:00, run_after=2021-01-01T00:00:00+00:00
[2023-12-08T02:55:04.826+0000] {processor.py:179} INFO - Processing /home/airflow/.local/lib/python3.8/site-packages/airflow/example_dags/example_xcom.py took 0.321 seconds
[2023-12-08T02:55:35.576+0000] {processor.py:157} INFO - Started process (PID=1735) to work on /home/airflow/.local/lib/python3.8/site-packages/airflow/example_dags/example_xcom.py
[2023-12-08T02:55:35.578+0000] {processor.py:829} INFO - Processing file /home/airflow/.local/lib/python3.8/site-packages/airflow/example_dags/example_xcom.py for tasks to queue
[2023-12-08T02:55:35.591+0000] {logging_mixin.py:154} INFO - [2023-12-08T02:55:35.588+0000] {dagbag.py:536} INFO - Filling up the DagBag from /home/airflow/.local/lib/python3.8/site-packages/airflow/example_dags/example_xcom.py
[2023-12-08T02:55:35.637+0000] {processor.py:839} INFO - DAG(s) dict_keys(['example_xcom']) retrieved from /home/airflow/.local/lib/python3.8/site-packages/airflow/example_dags/example_xcom.py
[2023-12-08T02:55:35.761+0000] {logging_mixin.py:154} INFO - [2023-12-08T02:55:35.760+0000] {dag.py:2941} INFO - Sync 1 DAGs
[2023-12-08T02:55:35.882+0000] {logging_mixin.py:154} INFO - [2023-12-08T02:55:35.882+0000] {dag.py:3722} INFO - Setting next_dagrun for example_xcom to 2021-01-01T00:00:00+00:00, run_after=2021-01-01T00:00:00+00:00
[2023-12-08T02:55:35.986+0000] {processor.py:179} INFO - Processing /home/airflow/.local/lib/python3.8/site-packages/airflow/example_dags/example_xcom.py took 0.421 seconds
[2023-12-08T02:56:06.124+0000] {processor.py:157} INFO - Started process (PID=1787) to work on /home/airflow/.local/lib/python3.8/site-packages/airflow/example_dags/example_xcom.py
[2023-12-08T02:56:06.127+0000] {processor.py:829} INFO - Processing file /home/airflow/.local/lib/python3.8/site-packages/airflow/example_dags/example_xcom.py for tasks to queue
[2023-12-08T02:56:06.131+0000] {logging_mixin.py:154} INFO - [2023-12-08T02:56:06.131+0000] {dagbag.py:536} INFO - Filling up the DagBag from /home/airflow/.local/lib/python3.8/site-packages/airflow/example_dags/example_xcom.py
[2023-12-08T02:56:06.147+0000] {processor.py:839} INFO - DAG(s) dict_keys(['example_xcom']) retrieved from /home/airflow/.local/lib/python3.8/site-packages/airflow/example_dags/example_xcom.py
[2023-12-08T02:56:06.189+0000] {logging_mixin.py:154} INFO - [2023-12-08T02:56:06.189+0000] {dag.py:2941} INFO - Sync 1 DAGs
[2023-12-08T02:56:06.233+0000] {logging_mixin.py:154} INFO - [2023-12-08T02:56:06.233+0000] {dag.py:3722} INFO - Setting next_dagrun for example_xcom to 2021-01-01T00:00:00+00:00, run_after=2021-01-01T00:00:00+00:00
[2023-12-08T02:56:06.273+0000] {processor.py:179} INFO - Processing /home/airflow/.local/lib/python3.8/site-packages/airflow/example_dags/example_xcom.py took 0.155 seconds
[2023-12-08T02:56:36.630+0000] {processor.py:157} INFO - Started process (PID=1841) to work on /home/airflow/.local/lib/python3.8/site-packages/airflow/example_dags/example_xcom.py
[2023-12-08T02:56:36.632+0000] {processor.py:829} INFO - Processing file /home/airflow/.local/lib/python3.8/site-packages/airflow/example_dags/example_xcom.py for tasks to queue
[2023-12-08T02:56:36.636+0000] {logging_mixin.py:154} INFO - [2023-12-08T02:56:36.635+0000] {dagbag.py:536} INFO - Filling up the DagBag from /home/airflow/.local/lib/python3.8/site-packages/airflow/example_dags/example_xcom.py
[2023-12-08T02:56:36.650+0000] {processor.py:839} INFO - DAG(s) dict_keys(['example_xcom']) retrieved from /home/airflow/.local/lib/python3.8/site-packages/airflow/example_dags/example_xcom.py
[2023-12-08T02:56:36.690+0000] {logging_mixin.py:154} INFO - [2023-12-08T02:56:36.690+0000] {dag.py:2941} INFO - Sync 1 DAGs
[2023-12-08T02:56:36.733+0000] {logging_mixin.py:154} INFO - [2023-12-08T02:56:36.732+0000] {dag.py:3722} INFO - Setting next_dagrun for example_xcom to 2021-01-01T00:00:00+00:00, run_after=2021-01-01T00:00:00+00:00
[2023-12-08T02:56:36.770+0000] {processor.py:179} INFO - Processing /home/airflow/.local/lib/python3.8/site-packages/airflow/example_dags/example_xcom.py took 0.148 seconds
[2023-12-08T02:57:07.229+0000] {processor.py:157} INFO - Started process (PID=1896) to work on /home/airflow/.local/lib/python3.8/site-packages/airflow/example_dags/example_xcom.py
[2023-12-08T02:57:07.232+0000] {processor.py:829} INFO - Processing file /home/airflow/.local/lib/python3.8/site-packages/airflow/example_dags/example_xcom.py for tasks to queue
[2023-12-08T02:57:07.238+0000] {logging_mixin.py:154} INFO - [2023-12-08T02:57:07.237+0000] {dagbag.py:536} INFO - Filling up the DagBag from /home/airflow/.local/lib/python3.8/site-packages/airflow/example_dags/example_xcom.py
[2023-12-08T02:57:07.261+0000] {processor.py:839} INFO - DAG(s) dict_keys(['example_xcom']) retrieved from /home/airflow/.local/lib/python3.8/site-packages/airflow/example_dags/example_xcom.py
[2023-12-08T02:57:07.309+0000] {logging_mixin.py:154} INFO - [2023-12-08T02:57:07.309+0000] {dag.py:2941} INFO - Sync 1 DAGs
[2023-12-08T02:57:07.352+0000] {logging_mixin.py:154} INFO - [2023-12-08T02:57:07.352+0000] {dag.py:3722} INFO - Setting next_dagrun for example_xcom to 2021-01-01T00:00:00+00:00, run_after=2021-01-01T00:00:00+00:00
[2023-12-08T02:57:07.391+0000] {processor.py:179} INFO - Processing /home/airflow/.local/lib/python3.8/site-packages/airflow/example_dags/example_xcom.py took 0.170 seconds
