[2023-12-08T02:39:23.659+0000] {processor.py:157} INFO - Started process (PID=82) to work on /home/airflow/.local/lib/python3.8/site-packages/airflow/example_dags/example_dynamic_task_mapping_with_no_taskflow_operators.py
[2023-12-08T02:39:23.661+0000] {processor.py:829} INFO - Processing file /home/airflow/.local/lib/python3.8/site-packages/airflow/example_dags/example_dynamic_task_mapping_with_no_taskflow_operators.py for tasks to queue
[2023-12-08T02:39:23.668+0000] {logging_mixin.py:154} INFO - [2023-12-08T02:39:23.667+0000] {dagbag.py:536} INFO - Filling up the DagBag from /home/airflow/.local/lib/python3.8/site-packages/airflow/example_dags/example_dynamic_task_mapping_with_no_taskflow_operators.py
[2023-12-08T02:39:23.718+0000] {processor.py:839} INFO - DAG(s) dict_keys(['example_dynamic_task_mapping_with_no_taskflow_operators']) retrieved from /home/airflow/.local/lib/python3.8/site-packages/airflow/example_dags/example_dynamic_task_mapping_with_no_taskflow_operators.py
[2023-12-08T02:39:23.798+0000] {logging_mixin.py:154} INFO - [2023-12-08T02:39:23.798+0000] {dag.py:2941} INFO - Sync 1 DAGs
[2023-12-08T02:39:23.911+0000] {logging_mixin.py:154} INFO - [2023-12-08T02:39:23.910+0000] {dag.py:3722} INFO - Setting next_dagrun for example_dynamic_task_mapping_with_no_taskflow_operators to 2023-12-07T02:39:23.909695+00:00, run_after=2023-12-08T02:39:23.909695+00:00
[2023-12-08T02:39:24.005+0000] {processor.py:179} INFO - Processing /home/airflow/.local/lib/python3.8/site-packages/airflow/example_dags/example_dynamic_task_mapping_with_no_taskflow_operators.py took 0.356 seconds
[2023-12-08T02:39:54.777+0000] {processor.py:157} INFO - Started process (PID=136) to work on /home/airflow/.local/lib/python3.8/site-packages/airflow/example_dags/example_dynamic_task_mapping_with_no_taskflow_operators.py
[2023-12-08T02:39:54.782+0000] {processor.py:829} INFO - Processing file /home/airflow/.local/lib/python3.8/site-packages/airflow/example_dags/example_dynamic_task_mapping_with_no_taskflow_operators.py for tasks to queue
[2023-12-08T02:39:54.794+0000] {logging_mixin.py:154} INFO - [2023-12-08T02:39:54.792+0000] {dagbag.py:536} INFO - Filling up the DagBag from /home/airflow/.local/lib/python3.8/site-packages/airflow/example_dags/example_dynamic_task_mapping_with_no_taskflow_operators.py
[2023-12-08T02:39:54.828+0000] {processor.py:839} INFO - DAG(s) dict_keys(['example_dynamic_task_mapping_with_no_taskflow_operators']) retrieved from /home/airflow/.local/lib/python3.8/site-packages/airflow/example_dags/example_dynamic_task_mapping_with_no_taskflow_operators.py
[2023-12-08T02:39:55.010+0000] {logging_mixin.py:154} INFO - [2023-12-08T02:39:55.000+0000] {dag.py:2941} INFO - Sync 1 DAGs
[2023-12-08T02:39:55.217+0000] {logging_mixin.py:154} INFO - [2023-12-08T02:39:55.205+0000] {dag.py:3722} INFO - Setting next_dagrun for example_dynamic_task_mapping_with_no_taskflow_operators to 2023-12-07T02:39:55.204974+00:00, run_after=2023-12-08T02:39:55.204974+00:00
[2023-12-08T02:39:55.414+0000] {processor.py:179} INFO - Processing /home/airflow/.local/lib/python3.8/site-packages/airflow/example_dags/example_dynamic_task_mapping_with_no_taskflow_operators.py took 0.658 seconds
[2023-12-08T02:40:25.553+0000] {processor.py:157} INFO - Started process (PID=190) to work on /home/airflow/.local/lib/python3.8/site-packages/airflow/example_dags/example_dynamic_task_mapping_with_no_taskflow_operators.py
[2023-12-08T02:40:25.556+0000] {processor.py:829} INFO - Processing file /home/airflow/.local/lib/python3.8/site-packages/airflow/example_dags/example_dynamic_task_mapping_with_no_taskflow_operators.py for tasks to queue
[2023-12-08T02:40:25.562+0000] {logging_mixin.py:154} INFO - [2023-12-08T02:40:25.561+0000] {dagbag.py:536} INFO - Filling up the DagBag from /home/airflow/.local/lib/python3.8/site-packages/airflow/example_dags/example_dynamic_task_mapping_with_no_taskflow_operators.py
[2023-12-08T02:40:25.577+0000] {processor.py:839} INFO - DAG(s) dict_keys(['example_dynamic_task_mapping_with_no_taskflow_operators']) retrieved from /home/airflow/.local/lib/python3.8/site-packages/airflow/example_dags/example_dynamic_task_mapping_with_no_taskflow_operators.py
[2023-12-08T02:40:25.633+0000] {logging_mixin.py:154} INFO - [2023-12-08T02:40:25.633+0000] {dag.py:2941} INFO - Sync 1 DAGs
[2023-12-08T02:40:25.671+0000] {logging_mixin.py:154} INFO - [2023-12-08T02:40:25.670+0000] {dag.py:3722} INFO - Setting next_dagrun for example_dynamic_task_mapping_with_no_taskflow_operators to 2023-12-07T02:40:25.670451+00:00, run_after=2023-12-08T02:40:25.670451+00:00
[2023-12-08T02:40:25.700+0000] {processor.py:179} INFO - Processing /home/airflow/.local/lib/python3.8/site-packages/airflow/example_dags/example_dynamic_task_mapping_with_no_taskflow_operators.py took 0.153 seconds
[2023-12-08T02:40:59.109+0000] {processor.py:157} INFO - Started process (PID=244) to work on /home/airflow/.local/lib/python3.8/site-packages/airflow/example_dags/example_dynamic_task_mapping_with_no_taskflow_operators.py
[2023-12-08T02:40:59.127+0000] {processor.py:829} INFO - Processing file /home/airflow/.local/lib/python3.8/site-packages/airflow/example_dags/example_dynamic_task_mapping_with_no_taskflow_operators.py for tasks to queue
[2023-12-08T02:40:59.137+0000] {logging_mixin.py:154} INFO - [2023-12-08T02:40:59.136+0000] {dagbag.py:536} INFO - Filling up the DagBag from /home/airflow/.local/lib/python3.8/site-packages/airflow/example_dags/example_dynamic_task_mapping_with_no_taskflow_operators.py
[2023-12-08T02:40:59.189+0000] {processor.py:839} INFO - DAG(s) dict_keys(['example_dynamic_task_mapping_with_no_taskflow_operators']) retrieved from /home/airflow/.local/lib/python3.8/site-packages/airflow/example_dags/example_dynamic_task_mapping_with_no_taskflow_operators.py
[2023-12-08T02:40:59.330+0000] {logging_mixin.py:154} INFO - [2023-12-08T02:40:59.329+0000] {dag.py:2941} INFO - Sync 1 DAGs
[2023-12-08T02:40:59.442+0000] {logging_mixin.py:154} INFO - [2023-12-08T02:40:59.441+0000] {dag.py:3722} INFO - Setting next_dagrun for example_dynamic_task_mapping_with_no_taskflow_operators to 2023-12-07T02:40:59.441284+00:00, run_after=2023-12-08T02:40:59.441284+00:00
[2023-12-08T02:40:59.521+0000] {processor.py:179} INFO - Processing /home/airflow/.local/lib/python3.8/site-packages/airflow/example_dags/example_dynamic_task_mapping_with_no_taskflow_operators.py took 0.440 seconds
[2023-12-08T02:41:30.852+0000] {processor.py:157} INFO - Started process (PID=298) to work on /home/airflow/.local/lib/python3.8/site-packages/airflow/example_dags/example_dynamic_task_mapping_with_no_taskflow_operators.py
[2023-12-08T02:41:30.855+0000] {processor.py:829} INFO - Processing file /home/airflow/.local/lib/python3.8/site-packages/airflow/example_dags/example_dynamic_task_mapping_with_no_taskflow_operators.py for tasks to queue
[2023-12-08T02:41:30.871+0000] {logging_mixin.py:154} INFO - [2023-12-08T02:41:30.870+0000] {dagbag.py:536} INFO - Filling up the DagBag from /home/airflow/.local/lib/python3.8/site-packages/airflow/example_dags/example_dynamic_task_mapping_with_no_taskflow_operators.py
[2023-12-08T02:41:30.932+0000] {processor.py:839} INFO - DAG(s) dict_keys(['example_dynamic_task_mapping_with_no_taskflow_operators']) retrieved from /home/airflow/.local/lib/python3.8/site-packages/airflow/example_dags/example_dynamic_task_mapping_with_no_taskflow_operators.py
[2023-12-08T02:41:31.098+0000] {logging_mixin.py:154} INFO - [2023-12-08T02:41:31.098+0000] {dag.py:2941} INFO - Sync 1 DAGs
[2023-12-08T02:41:31.332+0000] {logging_mixin.py:154} INFO - [2023-12-08T02:41:31.331+0000] {dag.py:3722} INFO - Setting next_dagrun for example_dynamic_task_mapping_with_no_taskflow_operators to 2023-12-07T02:41:31.331061+00:00, run_after=2023-12-08T02:41:31.331061+00:00
[2023-12-08T02:41:31.476+0000] {processor.py:179} INFO - Processing /home/airflow/.local/lib/python3.8/site-packages/airflow/example_dags/example_dynamic_task_mapping_with_no_taskflow_operators.py took 0.667 seconds
[2023-12-08T02:42:01.713+0000] {processor.py:157} INFO - Started process (PID=353) to work on /home/airflow/.local/lib/python3.8/site-packages/airflow/example_dags/example_dynamic_task_mapping_with_no_taskflow_operators.py
[2023-12-08T02:42:01.719+0000] {processor.py:829} INFO - Processing file /home/airflow/.local/lib/python3.8/site-packages/airflow/example_dags/example_dynamic_task_mapping_with_no_taskflow_operators.py for tasks to queue
[2023-12-08T02:42:01.729+0000] {logging_mixin.py:154} INFO - [2023-12-08T02:42:01.728+0000] {dagbag.py:536} INFO - Filling up the DagBag from /home/airflow/.local/lib/python3.8/site-packages/airflow/example_dags/example_dynamic_task_mapping_with_no_taskflow_operators.py
[2023-12-08T02:42:01.759+0000] {processor.py:839} INFO - DAG(s) dict_keys(['example_dynamic_task_mapping_with_no_taskflow_operators']) retrieved from /home/airflow/.local/lib/python3.8/site-packages/airflow/example_dags/example_dynamic_task_mapping_with_no_taskflow_operators.py
[2023-12-08T02:42:01.870+0000] {logging_mixin.py:154} INFO - [2023-12-08T02:42:01.869+0000] {dag.py:2941} INFO - Sync 1 DAGs
[2023-12-08T02:42:02.028+0000] {logging_mixin.py:154} INFO - [2023-12-08T02:42:02.027+0000] {dag.py:3722} INFO - Setting next_dagrun for example_dynamic_task_mapping_with_no_taskflow_operators to 2023-12-07T02:42:02.019163+00:00, run_after=2023-12-08T02:42:02.019163+00:00
[2023-12-08T02:42:02.104+0000] {processor.py:179} INFO - Processing /home/airflow/.local/lib/python3.8/site-packages/airflow/example_dags/example_dynamic_task_mapping_with_no_taskflow_operators.py took 0.413 seconds
[2023-12-08T02:42:40.319+0000] {processor.py:157} INFO - Started process (PID=407) to work on /home/airflow/.local/lib/python3.8/site-packages/airflow/example_dags/example_dynamic_task_mapping_with_no_taskflow_operators.py
[2023-12-08T02:42:40.512+0000] {processor.py:829} INFO - Processing file /home/airflow/.local/lib/python3.8/site-packages/airflow/example_dags/example_dynamic_task_mapping_with_no_taskflow_operators.py for tasks to queue
[2023-12-08T02:42:40.659+0000] {logging_mixin.py:154} INFO - [2023-12-08T02:42:40.657+0000] {dagbag.py:536} INFO - Filling up the DagBag from /home/airflow/.local/lib/python3.8/site-packages/airflow/example_dags/example_dynamic_task_mapping_with_no_taskflow_operators.py
[2023-12-08T02:42:41.055+0000] {processor.py:839} INFO - DAG(s) dict_keys(['example_dynamic_task_mapping_with_no_taskflow_operators']) retrieved from /home/airflow/.local/lib/python3.8/site-packages/airflow/example_dags/example_dynamic_task_mapping_with_no_taskflow_operators.py
[2023-12-08T02:42:42.223+0000] {logging_mixin.py:154} INFO - [2023-12-08T02:42:42.197+0000] {dag.py:2941} INFO - Sync 1 DAGs
[2023-12-08T02:42:42.484+0000] {logging_mixin.py:154} INFO - [2023-12-08T02:42:42.484+0000] {dag.py:3722} INFO - Setting next_dagrun for example_dynamic_task_mapping_with_no_taskflow_operators to 2023-12-07T02:42:42.483494+00:00, run_after=2023-12-08T02:42:42.483494+00:00
[2023-12-08T02:42:42.641+0000] {processor.py:179} INFO - Processing /home/airflow/.local/lib/python3.8/site-packages/airflow/example_dags/example_dynamic_task_mapping_with_no_taskflow_operators.py took 2.546 seconds
[2023-12-08T02:43:14.013+0000] {processor.py:157} INFO - Started process (PID=461) to work on /home/airflow/.local/lib/python3.8/site-packages/airflow/example_dags/example_dynamic_task_mapping_with_no_taskflow_operators.py
[2023-12-08T02:43:14.034+0000] {processor.py:829} INFO - Processing file /home/airflow/.local/lib/python3.8/site-packages/airflow/example_dags/example_dynamic_task_mapping_with_no_taskflow_operators.py for tasks to queue
[2023-12-08T02:43:14.041+0000] {logging_mixin.py:154} INFO - [2023-12-08T02:43:14.040+0000] {dagbag.py:536} INFO - Filling up the DagBag from /home/airflow/.local/lib/python3.8/site-packages/airflow/example_dags/example_dynamic_task_mapping_with_no_taskflow_operators.py
[2023-12-08T02:43:14.152+0000] {processor.py:839} INFO - DAG(s) dict_keys(['example_dynamic_task_mapping_with_no_taskflow_operators']) retrieved from /home/airflow/.local/lib/python3.8/site-packages/airflow/example_dags/example_dynamic_task_mapping_with_no_taskflow_operators.py
[2023-12-08T02:43:14.646+0000] {logging_mixin.py:154} INFO - [2023-12-08T02:43:14.645+0000] {dag.py:2941} INFO - Sync 1 DAGs
[2023-12-08T02:43:15.156+0000] {logging_mixin.py:154} INFO - [2023-12-08T02:43:15.153+0000] {dag.py:3722} INFO - Setting next_dagrun for example_dynamic_task_mapping_with_no_taskflow_operators to 2023-12-07T02:43:15.152927+00:00, run_after=2023-12-08T02:43:15.152927+00:00
[2023-12-08T02:43:15.349+0000] {processor.py:179} INFO - Processing /home/airflow/.local/lib/python3.8/site-packages/airflow/example_dags/example_dynamic_task_mapping_with_no_taskflow_operators.py took 1.371 seconds
[2023-12-08T02:43:46.754+0000] {processor.py:157} INFO - Started process (PID=516) to work on /home/airflow/.local/lib/python3.8/site-packages/airflow/example_dags/example_dynamic_task_mapping_with_no_taskflow_operators.py
[2023-12-08T02:43:46.758+0000] {processor.py:829} INFO - Processing file /home/airflow/.local/lib/python3.8/site-packages/airflow/example_dags/example_dynamic_task_mapping_with_no_taskflow_operators.py for tasks to queue
[2023-12-08T02:43:46.768+0000] {logging_mixin.py:154} INFO - [2023-12-08T02:43:46.767+0000] {dagbag.py:536} INFO - Filling up the DagBag from /home/airflow/.local/lib/python3.8/site-packages/airflow/example_dags/example_dynamic_task_mapping_with_no_taskflow_operators.py
[2023-12-08T02:43:46.806+0000] {processor.py:839} INFO - DAG(s) dict_keys(['example_dynamic_task_mapping_with_no_taskflow_operators']) retrieved from /home/airflow/.local/lib/python3.8/site-packages/airflow/example_dags/example_dynamic_task_mapping_with_no_taskflow_operators.py
[2023-12-08T02:43:46.916+0000] {logging_mixin.py:154} INFO - [2023-12-08T02:43:46.916+0000] {dag.py:2941} INFO - Sync 1 DAGs
[2023-12-08T02:43:47.102+0000] {logging_mixin.py:154} INFO - [2023-12-08T02:43:47.101+0000] {dag.py:3722} INFO - Setting next_dagrun for example_dynamic_task_mapping_with_no_taskflow_operators to 2023-12-07T02:43:47.100992+00:00, run_after=2023-12-08T02:43:47.100992+00:00
[2023-12-08T02:43:47.174+0000] {processor.py:179} INFO - Processing /home/airflow/.local/lib/python3.8/site-packages/airflow/example_dags/example_dynamic_task_mapping_with_no_taskflow_operators.py took 0.437 seconds
[2023-12-08T02:44:17.363+0000] {processor.py:157} INFO - Started process (PID=570) to work on /home/airflow/.local/lib/python3.8/site-packages/airflow/example_dags/example_dynamic_task_mapping_with_no_taskflow_operators.py
[2023-12-08T02:44:17.376+0000] {processor.py:829} INFO - Processing file /home/airflow/.local/lib/python3.8/site-packages/airflow/example_dags/example_dynamic_task_mapping_with_no_taskflow_operators.py for tasks to queue
[2023-12-08T02:44:17.393+0000] {logging_mixin.py:154} INFO - [2023-12-08T02:44:17.392+0000] {dagbag.py:536} INFO - Filling up the DagBag from /home/airflow/.local/lib/python3.8/site-packages/airflow/example_dags/example_dynamic_task_mapping_with_no_taskflow_operators.py
[2023-12-08T02:44:17.425+0000] {processor.py:839} INFO - DAG(s) dict_keys(['example_dynamic_task_mapping_with_no_taskflow_operators']) retrieved from /home/airflow/.local/lib/python3.8/site-packages/airflow/example_dags/example_dynamic_task_mapping_with_no_taskflow_operators.py
[2023-12-08T02:44:17.498+0000] {logging_mixin.py:154} INFO - [2023-12-08T02:44:17.498+0000] {dag.py:2941} INFO - Sync 1 DAGs
[2023-12-08T02:44:17.561+0000] {logging_mixin.py:154} INFO - [2023-12-08T02:44:17.561+0000] {dag.py:3722} INFO - Setting next_dagrun for example_dynamic_task_mapping_with_no_taskflow_operators to 2023-12-07T02:44:17.560939+00:00, run_after=2023-12-08T02:44:17.560939+00:00
[2023-12-08T02:44:17.609+0000] {processor.py:179} INFO - Processing /home/airflow/.local/lib/python3.8/site-packages/airflow/example_dags/example_dynamic_task_mapping_with_no_taskflow_operators.py took 0.260 seconds
[2023-12-08T02:44:47.938+0000] {processor.py:157} INFO - Started process (PID=625) to work on /home/airflow/.local/lib/python3.8/site-packages/airflow/example_dags/example_dynamic_task_mapping_with_no_taskflow_operators.py
[2023-12-08T02:44:47.940+0000] {processor.py:829} INFO - Processing file /home/airflow/.local/lib/python3.8/site-packages/airflow/example_dags/example_dynamic_task_mapping_with_no_taskflow_operators.py for tasks to queue
[2023-12-08T02:44:47.958+0000] {logging_mixin.py:154} INFO - [2023-12-08T02:44:47.957+0000] {dagbag.py:536} INFO - Filling up the DagBag from /home/airflow/.local/lib/python3.8/site-packages/airflow/example_dags/example_dynamic_task_mapping_with_no_taskflow_operators.py
[2023-12-08T02:44:48.001+0000] {processor.py:839} INFO - DAG(s) dict_keys(['example_dynamic_task_mapping_with_no_taskflow_operators']) retrieved from /home/airflow/.local/lib/python3.8/site-packages/airflow/example_dags/example_dynamic_task_mapping_with_no_taskflow_operators.py
[2023-12-08T02:44:48.115+0000] {logging_mixin.py:154} INFO - [2023-12-08T02:44:48.115+0000] {dag.py:2941} INFO - Sync 1 DAGs
[2023-12-08T02:44:48.187+0000] {logging_mixin.py:154} INFO - [2023-12-08T02:44:48.187+0000] {dag.py:3722} INFO - Setting next_dagrun for example_dynamic_task_mapping_with_no_taskflow_operators to 2023-12-07T02:44:48.186288+00:00, run_after=2023-12-08T02:44:48.186288+00:00
[2023-12-08T02:44:48.240+0000] {processor.py:179} INFO - Processing /home/airflow/.local/lib/python3.8/site-packages/airflow/example_dags/example_dynamic_task_mapping_with_no_taskflow_operators.py took 0.325 seconds
[2023-12-08T02:45:18.578+0000] {processor.py:157} INFO - Started process (PID=679) to work on /home/airflow/.local/lib/python3.8/site-packages/airflow/example_dags/example_dynamic_task_mapping_with_no_taskflow_operators.py
[2023-12-08T02:45:18.580+0000] {processor.py:829} INFO - Processing file /home/airflow/.local/lib/python3.8/site-packages/airflow/example_dags/example_dynamic_task_mapping_with_no_taskflow_operators.py for tasks to queue
[2023-12-08T02:45:18.585+0000] {logging_mixin.py:154} INFO - [2023-12-08T02:45:18.584+0000] {dagbag.py:536} INFO - Filling up the DagBag from /home/airflow/.local/lib/python3.8/site-packages/airflow/example_dags/example_dynamic_task_mapping_with_no_taskflow_operators.py
[2023-12-08T02:45:18.597+0000] {processor.py:839} INFO - DAG(s) dict_keys(['example_dynamic_task_mapping_with_no_taskflow_operators']) retrieved from /home/airflow/.local/lib/python3.8/site-packages/airflow/example_dags/example_dynamic_task_mapping_with_no_taskflow_operators.py
[2023-12-08T02:45:18.634+0000] {logging_mixin.py:154} INFO - [2023-12-08T02:45:18.634+0000] {dag.py:2941} INFO - Sync 1 DAGs
[2023-12-08T02:45:18.682+0000] {logging_mixin.py:154} INFO - [2023-12-08T02:45:18.682+0000] {dag.py:3722} INFO - Setting next_dagrun for example_dynamic_task_mapping_with_no_taskflow_operators to 2023-12-07T02:45:18.681564+00:00, run_after=2023-12-08T02:45:18.681564+00:00
[2023-12-08T02:45:18.720+0000] {processor.py:179} INFO - Processing /home/airflow/.local/lib/python3.8/site-packages/airflow/example_dags/example_dynamic_task_mapping_with_no_taskflow_operators.py took 0.149 seconds
[2023-12-08T02:45:54.032+0000] {processor.py:157} INFO - Started process (PID=738) to work on /home/airflow/.local/lib/python3.8/site-packages/airflow/example_dags/example_dynamic_task_mapping_with_no_taskflow_operators.py
[2023-12-08T02:45:54.051+0000] {processor.py:829} INFO - Processing file /home/airflow/.local/lib/python3.8/site-packages/airflow/example_dags/example_dynamic_task_mapping_with_no_taskflow_operators.py for tasks to queue
[2023-12-08T02:45:54.064+0000] {logging_mixin.py:154} INFO - [2023-12-08T02:45:54.064+0000] {dagbag.py:536} INFO - Filling up the DagBag from /home/airflow/.local/lib/python3.8/site-packages/airflow/example_dags/example_dynamic_task_mapping_with_no_taskflow_operators.py
[2023-12-08T02:45:54.119+0000] {processor.py:839} INFO - DAG(s) dict_keys(['example_dynamic_task_mapping_with_no_taskflow_operators']) retrieved from /home/airflow/.local/lib/python3.8/site-packages/airflow/example_dags/example_dynamic_task_mapping_with_no_taskflow_operators.py
[2023-12-08T02:45:54.256+0000] {logging_mixin.py:154} INFO - [2023-12-08T02:45:54.256+0000] {dag.py:2941} INFO - Sync 1 DAGs
[2023-12-08T02:45:54.374+0000] {logging_mixin.py:154} INFO - [2023-12-08T02:45:54.373+0000] {dag.py:3722} INFO - Setting next_dagrun for example_dynamic_task_mapping_with_no_taskflow_operators to 2023-12-07T02:45:54.365264+00:00, run_after=2023-12-08T02:45:54.365264+00:00
[2023-12-08T02:45:54.469+0000] {processor.py:179} INFO - Processing /home/airflow/.local/lib/python3.8/site-packages/airflow/example_dags/example_dynamic_task_mapping_with_no_taskflow_operators.py took 0.471 seconds
[2023-12-08T02:46:46.013+0000] {processor.py:157} INFO - Started process (PID=802) to work on /home/airflow/.local/lib/python3.8/site-packages/airflow/example_dags/example_dynamic_task_mapping_with_no_taskflow_operators.py
[2023-12-08T02:46:46.048+0000] {processor.py:829} INFO - Processing file /home/airflow/.local/lib/python3.8/site-packages/airflow/example_dags/example_dynamic_task_mapping_with_no_taskflow_operators.py for tasks to queue
[2023-12-08T02:46:46.066+0000] {logging_mixin.py:154} INFO - [2023-12-08T02:46:46.054+0000] {dagbag.py:536} INFO - Filling up the DagBag from /home/airflow/.local/lib/python3.8/site-packages/airflow/example_dags/example_dynamic_task_mapping_with_no_taskflow_operators.py
[2023-12-08T02:46:46.117+0000] {processor.py:839} INFO - DAG(s) dict_keys(['example_dynamic_task_mapping_with_no_taskflow_operators']) retrieved from /home/airflow/.local/lib/python3.8/site-packages/airflow/example_dags/example_dynamic_task_mapping_with_no_taskflow_operators.py
[2023-12-08T02:46:46.295+0000] {logging_mixin.py:154} INFO - [2023-12-08T02:46:46.294+0000] {dag.py:2941} INFO - Sync 1 DAGs
[2023-12-08T02:46:46.577+0000] {logging_mixin.py:154} INFO - [2023-12-08T02:46:46.576+0000] {dag.py:3722} INFO - Setting next_dagrun for example_dynamic_task_mapping_with_no_taskflow_operators to 2023-12-07T02:46:46.575308+00:00, run_after=2023-12-08T02:46:46.575308+00:00
[2023-12-08T02:46:46.783+0000] {processor.py:179} INFO - Processing /home/airflow/.local/lib/python3.8/site-packages/airflow/example_dags/example_dynamic_task_mapping_with_no_taskflow_operators.py took 0.802 seconds
[2023-12-08T02:47:17.095+0000] {processor.py:157} INFO - Started process (PID=856) to work on /home/airflow/.local/lib/python3.8/site-packages/airflow/example_dags/example_dynamic_task_mapping_with_no_taskflow_operators.py
[2023-12-08T02:47:17.098+0000] {processor.py:829} INFO - Processing file /home/airflow/.local/lib/python3.8/site-packages/airflow/example_dags/example_dynamic_task_mapping_with_no_taskflow_operators.py for tasks to queue
[2023-12-08T02:47:17.104+0000] {logging_mixin.py:154} INFO - [2023-12-08T02:47:17.103+0000] {dagbag.py:536} INFO - Filling up the DagBag from /home/airflow/.local/lib/python3.8/site-packages/airflow/example_dags/example_dynamic_task_mapping_with_no_taskflow_operators.py
[2023-12-08T02:47:17.118+0000] {processor.py:839} INFO - DAG(s) dict_keys(['example_dynamic_task_mapping_with_no_taskflow_operators']) retrieved from /home/airflow/.local/lib/python3.8/site-packages/airflow/example_dags/example_dynamic_task_mapping_with_no_taskflow_operators.py
[2023-12-08T02:47:17.155+0000] {logging_mixin.py:154} INFO - [2023-12-08T02:47:17.155+0000] {dag.py:2941} INFO - Sync 1 DAGs
[2023-12-08T02:47:17.204+0000] {logging_mixin.py:154} INFO - [2023-12-08T02:47:17.204+0000] {dag.py:3722} INFO - Setting next_dagrun for example_dynamic_task_mapping_with_no_taskflow_operators to 2023-12-07T02:47:17.203434+00:00, run_after=2023-12-08T02:47:17.203434+00:00
[2023-12-08T02:47:17.467+0000] {processor.py:179} INFO - Processing /home/airflow/.local/lib/python3.8/site-packages/airflow/example_dags/example_dynamic_task_mapping_with_no_taskflow_operators.py took 0.379 seconds
[2023-12-08T02:47:47.826+0000] {processor.py:157} INFO - Started process (PID=910) to work on /home/airflow/.local/lib/python3.8/site-packages/airflow/example_dags/example_dynamic_task_mapping_with_no_taskflow_operators.py
[2023-12-08T02:47:47.830+0000] {processor.py:829} INFO - Processing file /home/airflow/.local/lib/python3.8/site-packages/airflow/example_dags/example_dynamic_task_mapping_with_no_taskflow_operators.py for tasks to queue
[2023-12-08T02:47:47.836+0000] {logging_mixin.py:154} INFO - [2023-12-08T02:47:47.836+0000] {dagbag.py:536} INFO - Filling up the DagBag from /home/airflow/.local/lib/python3.8/site-packages/airflow/example_dags/example_dynamic_task_mapping_with_no_taskflow_operators.py
[2023-12-08T02:47:47.858+0000] {processor.py:839} INFO - DAG(s) dict_keys(['example_dynamic_task_mapping_with_no_taskflow_operators']) retrieved from /home/airflow/.local/lib/python3.8/site-packages/airflow/example_dags/example_dynamic_task_mapping_with_no_taskflow_operators.py
[2023-12-08T02:47:47.923+0000] {logging_mixin.py:154} INFO - [2023-12-08T02:47:47.922+0000] {dag.py:2941} INFO - Sync 1 DAGs
[2023-12-08T02:47:48.002+0000] {logging_mixin.py:154} INFO - [2023-12-08T02:47:48.001+0000] {dag.py:3722} INFO - Setting next_dagrun for example_dynamic_task_mapping_with_no_taskflow_operators to 2023-12-07T02:47:48.001345+00:00, run_after=2023-12-08T02:47:48.001345+00:00
[2023-12-08T02:47:48.076+0000] {processor.py:179} INFO - Processing /home/airflow/.local/lib/python3.8/site-packages/airflow/example_dags/example_dynamic_task_mapping_with_no_taskflow_operators.py took 0.261 seconds
[2023-12-08T02:48:18.421+0000] {processor.py:157} INFO - Started process (PID=964) to work on /home/airflow/.local/lib/python3.8/site-packages/airflow/example_dags/example_dynamic_task_mapping_with_no_taskflow_operators.py
[2023-12-08T02:48:18.426+0000] {processor.py:829} INFO - Processing file /home/airflow/.local/lib/python3.8/site-packages/airflow/example_dags/example_dynamic_task_mapping_with_no_taskflow_operators.py for tasks to queue
[2023-12-08T02:48:18.435+0000] {logging_mixin.py:154} INFO - [2023-12-08T02:48:18.434+0000] {dagbag.py:536} INFO - Filling up the DagBag from /home/airflow/.local/lib/python3.8/site-packages/airflow/example_dags/example_dynamic_task_mapping_with_no_taskflow_operators.py
[2023-12-08T02:48:18.467+0000] {processor.py:839} INFO - DAG(s) dict_keys(['example_dynamic_task_mapping_with_no_taskflow_operators']) retrieved from /home/airflow/.local/lib/python3.8/site-packages/airflow/example_dags/example_dynamic_task_mapping_with_no_taskflow_operators.py
[2023-12-08T02:48:18.558+0000] {logging_mixin.py:154} INFO - [2023-12-08T02:48:18.558+0000] {dag.py:2941} INFO - Sync 1 DAGs
[2023-12-08T02:48:18.781+0000] {logging_mixin.py:154} INFO - [2023-12-08T02:48:18.781+0000] {dag.py:3722} INFO - Setting next_dagrun for example_dynamic_task_mapping_with_no_taskflow_operators to 2023-12-07T02:48:18.780303+00:00, run_after=2023-12-08T02:48:18.780303+00:00
[2023-12-08T02:48:18.974+0000] {processor.py:179} INFO - Processing /home/airflow/.local/lib/python3.8/site-packages/airflow/example_dags/example_dynamic_task_mapping_with_no_taskflow_operators.py took 0.562 seconds
[2023-12-08T02:48:49.673+0000] {processor.py:157} INFO - Started process (PID=1018) to work on /home/airflow/.local/lib/python3.8/site-packages/airflow/example_dags/example_dynamic_task_mapping_with_no_taskflow_operators.py
[2023-12-08T02:48:49.675+0000] {processor.py:829} INFO - Processing file /home/airflow/.local/lib/python3.8/site-packages/airflow/example_dags/example_dynamic_task_mapping_with_no_taskflow_operators.py for tasks to queue
[2023-12-08T02:48:49.679+0000] {logging_mixin.py:154} INFO - [2023-12-08T02:48:49.679+0000] {dagbag.py:536} INFO - Filling up the DagBag from /home/airflow/.local/lib/python3.8/site-packages/airflow/example_dags/example_dynamic_task_mapping_with_no_taskflow_operators.py
[2023-12-08T02:48:49.699+0000] {processor.py:839} INFO - DAG(s) dict_keys(['example_dynamic_task_mapping_with_no_taskflow_operators']) retrieved from /home/airflow/.local/lib/python3.8/site-packages/airflow/example_dags/example_dynamic_task_mapping_with_no_taskflow_operators.py
[2023-12-08T02:48:49.764+0000] {logging_mixin.py:154} INFO - [2023-12-08T02:48:49.764+0000] {dag.py:2941} INFO - Sync 1 DAGs
[2023-12-08T02:48:49.859+0000] {logging_mixin.py:154} INFO - [2023-12-08T02:48:49.859+0000] {dag.py:3722} INFO - Setting next_dagrun for example_dynamic_task_mapping_with_no_taskflow_operators to 2023-12-07T02:48:49.858471+00:00, run_after=2023-12-08T02:48:49.858471+00:00
[2023-12-08T02:48:49.941+0000] {processor.py:179} INFO - Processing /home/airflow/.local/lib/python3.8/site-packages/airflow/example_dags/example_dynamic_task_mapping_with_no_taskflow_operators.py took 0.281 seconds
[2023-12-08T02:49:20.076+0000] {processor.py:157} INFO - Started process (PID=1071) to work on /home/airflow/.local/lib/python3.8/site-packages/airflow/example_dags/example_dynamic_task_mapping_with_no_taskflow_operators.py
[2023-12-08T02:49:20.078+0000] {processor.py:829} INFO - Processing file /home/airflow/.local/lib/python3.8/site-packages/airflow/example_dags/example_dynamic_task_mapping_with_no_taskflow_operators.py for tasks to queue
[2023-12-08T02:49:20.084+0000] {logging_mixin.py:154} INFO - [2023-12-08T02:49:20.083+0000] {dagbag.py:536} INFO - Filling up the DagBag from /home/airflow/.local/lib/python3.8/site-packages/airflow/example_dags/example_dynamic_task_mapping_with_no_taskflow_operators.py
[2023-12-08T02:49:20.097+0000] {processor.py:839} INFO - DAG(s) dict_keys(['example_dynamic_task_mapping_with_no_taskflow_operators']) retrieved from /home/airflow/.local/lib/python3.8/site-packages/airflow/example_dags/example_dynamic_task_mapping_with_no_taskflow_operators.py
[2023-12-08T02:49:20.145+0000] {logging_mixin.py:154} INFO - [2023-12-08T02:49:20.144+0000] {dag.py:2941} INFO - Sync 1 DAGs
[2023-12-08T02:49:20.459+0000] {logging_mixin.py:154} INFO - [2023-12-08T02:49:20.458+0000] {dag.py:3722} INFO - Setting next_dagrun for example_dynamic_task_mapping_with_no_taskflow_operators to 2023-12-07T02:49:20.458493+00:00, run_after=2023-12-08T02:49:20.458493+00:00
[2023-12-08T02:49:20.497+0000] {processor.py:179} INFO - Processing /home/airflow/.local/lib/python3.8/site-packages/airflow/example_dags/example_dynamic_task_mapping_with_no_taskflow_operators.py took 0.429 seconds
[2023-12-08T02:49:50.754+0000] {processor.py:157} INFO - Started process (PID=1125) to work on /home/airflow/.local/lib/python3.8/site-packages/airflow/example_dags/example_dynamic_task_mapping_with_no_taskflow_operators.py
[2023-12-08T02:49:50.756+0000] {processor.py:829} INFO - Processing file /home/airflow/.local/lib/python3.8/site-packages/airflow/example_dags/example_dynamic_task_mapping_with_no_taskflow_operators.py for tasks to queue
[2023-12-08T02:49:50.759+0000] {logging_mixin.py:154} INFO - [2023-12-08T02:49:50.759+0000] {dagbag.py:536} INFO - Filling up the DagBag from /home/airflow/.local/lib/python3.8/site-packages/airflow/example_dags/example_dynamic_task_mapping_with_no_taskflow_operators.py
[2023-12-08T02:49:50.774+0000] {processor.py:839} INFO - DAG(s) dict_keys(['example_dynamic_task_mapping_with_no_taskflow_operators']) retrieved from /home/airflow/.local/lib/python3.8/site-packages/airflow/example_dags/example_dynamic_task_mapping_with_no_taskflow_operators.py
[2023-12-08T02:49:50.825+0000] {logging_mixin.py:154} INFO - [2023-12-08T02:49:50.824+0000] {dag.py:2941} INFO - Sync 1 DAGs
[2023-12-08T02:49:50.905+0000] {logging_mixin.py:154} INFO - [2023-12-08T02:49:50.904+0000] {dag.py:3722} INFO - Setting next_dagrun for example_dynamic_task_mapping_with_no_taskflow_operators to 2023-12-07T02:49:50.903860+00:00, run_after=2023-12-08T02:49:50.903860+00:00
[2023-12-08T02:49:51.181+0000] {processor.py:179} INFO - Processing /home/airflow/.local/lib/python3.8/site-packages/airflow/example_dags/example_dynamic_task_mapping_with_no_taskflow_operators.py took 0.434 seconds
[2023-12-08T02:50:21.613+0000] {processor.py:157} INFO - Started process (PID=1180) to work on /home/airflow/.local/lib/python3.8/site-packages/airflow/example_dags/example_dynamic_task_mapping_with_no_taskflow_operators.py
[2023-12-08T02:50:21.616+0000] {processor.py:829} INFO - Processing file /home/airflow/.local/lib/python3.8/site-packages/airflow/example_dags/example_dynamic_task_mapping_with_no_taskflow_operators.py for tasks to queue
[2023-12-08T02:50:21.624+0000] {logging_mixin.py:154} INFO - [2023-12-08T02:50:21.623+0000] {dagbag.py:536} INFO - Filling up the DagBag from /home/airflow/.local/lib/python3.8/site-packages/airflow/example_dags/example_dynamic_task_mapping_with_no_taskflow_operators.py
[2023-12-08T02:50:21.647+0000] {processor.py:839} INFO - DAG(s) dict_keys(['example_dynamic_task_mapping_with_no_taskflow_operators']) retrieved from /home/airflow/.local/lib/python3.8/site-packages/airflow/example_dags/example_dynamic_task_mapping_with_no_taskflow_operators.py
[2023-12-08T02:50:21.762+0000] {logging_mixin.py:154} INFO - [2023-12-08T02:50:21.762+0000] {dag.py:2941} INFO - Sync 1 DAGs
[2023-12-08T02:50:21.949+0000] {logging_mixin.py:154} INFO - [2023-12-08T02:50:21.948+0000] {dag.py:3722} INFO - Setting next_dagrun for example_dynamic_task_mapping_with_no_taskflow_operators to 2023-12-07T02:50:21.938080+00:00, run_after=2023-12-08T02:50:21.938080+00:00
[2023-12-08T02:50:22.064+0000] {processor.py:179} INFO - Processing /home/airflow/.local/lib/python3.8/site-packages/airflow/example_dags/example_dynamic_task_mapping_with_no_taskflow_operators.py took 0.466 seconds
[2023-12-08T02:50:52.807+0000] {processor.py:157} INFO - Started process (PID=1233) to work on /home/airflow/.local/lib/python3.8/site-packages/airflow/example_dags/example_dynamic_task_mapping_with_no_taskflow_operators.py
[2023-12-08T02:50:52.809+0000] {processor.py:829} INFO - Processing file /home/airflow/.local/lib/python3.8/site-packages/airflow/example_dags/example_dynamic_task_mapping_with_no_taskflow_operators.py for tasks to queue
[2023-12-08T02:50:52.814+0000] {logging_mixin.py:154} INFO - [2023-12-08T02:50:52.814+0000] {dagbag.py:536} INFO - Filling up the DagBag from /home/airflow/.local/lib/python3.8/site-packages/airflow/example_dags/example_dynamic_task_mapping_with_no_taskflow_operators.py
[2023-12-08T02:50:52.831+0000] {processor.py:839} INFO - DAG(s) dict_keys(['example_dynamic_task_mapping_with_no_taskflow_operators']) retrieved from /home/airflow/.local/lib/python3.8/site-packages/airflow/example_dags/example_dynamic_task_mapping_with_no_taskflow_operators.py
[2023-12-08T02:50:53.199+0000] {logging_mixin.py:154} INFO - [2023-12-08T02:50:53.198+0000] {dag.py:2941} INFO - Sync 1 DAGs
[2023-12-08T02:50:53.285+0000] {logging_mixin.py:154} INFO - [2023-12-08T02:50:53.279+0000] {dag.py:3722} INFO - Setting next_dagrun for example_dynamic_task_mapping_with_no_taskflow_operators to 2023-12-07T02:50:53.275986+00:00, run_after=2023-12-08T02:50:53.275986+00:00
[2023-12-08T02:50:53.340+0000] {processor.py:179} INFO - Processing /home/airflow/.local/lib/python3.8/site-packages/airflow/example_dags/example_dynamic_task_mapping_with_no_taskflow_operators.py took 0.543 seconds
[2023-12-08T02:51:24.764+0000] {processor.py:157} INFO - Started process (PID=1287) to work on /home/airflow/.local/lib/python3.8/site-packages/airflow/example_dags/example_dynamic_task_mapping_with_no_taskflow_operators.py
[2023-12-08T02:51:24.771+0000] {processor.py:829} INFO - Processing file /home/airflow/.local/lib/python3.8/site-packages/airflow/example_dags/example_dynamic_task_mapping_with_no_taskflow_operators.py for tasks to queue
[2023-12-08T02:51:24.779+0000] {logging_mixin.py:154} INFO - [2023-12-08T02:51:24.779+0000] {dagbag.py:536} INFO - Filling up the DagBag from /home/airflow/.local/lib/python3.8/site-packages/airflow/example_dags/example_dynamic_task_mapping_with_no_taskflow_operators.py
[2023-12-08T02:51:24.807+0000] {processor.py:839} INFO - DAG(s) dict_keys(['example_dynamic_task_mapping_with_no_taskflow_operators']) retrieved from /home/airflow/.local/lib/python3.8/site-packages/airflow/example_dags/example_dynamic_task_mapping_with_no_taskflow_operators.py
[2023-12-08T02:51:24.878+0000] {logging_mixin.py:154} INFO - [2023-12-08T02:51:24.878+0000] {dag.py:2941} INFO - Sync 1 DAGs
[2023-12-08T02:51:25.376+0000] {logging_mixin.py:154} INFO - [2023-12-08T02:51:25.375+0000] {dag.py:3722} INFO - Setting next_dagrun for example_dynamic_task_mapping_with_no_taskflow_operators to 2023-12-07T02:51:25.375313+00:00, run_after=2023-12-08T02:51:25.375313+00:00
[2023-12-08T02:51:25.428+0000] {processor.py:179} INFO - Processing /home/airflow/.local/lib/python3.8/site-packages/airflow/example_dags/example_dynamic_task_mapping_with_no_taskflow_operators.py took 0.678 seconds
[2023-12-08T02:51:56.084+0000] {processor.py:157} INFO - Started process (PID=1341) to work on /home/airflow/.local/lib/python3.8/site-packages/airflow/example_dags/example_dynamic_task_mapping_with_no_taskflow_operators.py
[2023-12-08T02:51:56.086+0000] {processor.py:829} INFO - Processing file /home/airflow/.local/lib/python3.8/site-packages/airflow/example_dags/example_dynamic_task_mapping_with_no_taskflow_operators.py for tasks to queue
[2023-12-08T02:51:56.106+0000] {logging_mixin.py:154} INFO - [2023-12-08T02:51:56.105+0000] {dagbag.py:536} INFO - Filling up the DagBag from /home/airflow/.local/lib/python3.8/site-packages/airflow/example_dags/example_dynamic_task_mapping_with_no_taskflow_operators.py
[2023-12-08T02:51:56.148+0000] {processor.py:839} INFO - DAG(s) dict_keys(['example_dynamic_task_mapping_with_no_taskflow_operators']) retrieved from /home/airflow/.local/lib/python3.8/site-packages/airflow/example_dags/example_dynamic_task_mapping_with_no_taskflow_operators.py
[2023-12-08T02:51:56.239+0000] {logging_mixin.py:154} INFO - [2023-12-08T02:51:56.238+0000] {dag.py:2941} INFO - Sync 1 DAGs
[2023-12-08T02:51:56.342+0000] {logging_mixin.py:154} INFO - [2023-12-08T02:51:56.341+0000] {dag.py:3722} INFO - Setting next_dagrun for example_dynamic_task_mapping_with_no_taskflow_operators to 2023-12-07T02:51:56.341066+00:00, run_after=2023-12-08T02:51:56.341066+00:00
[2023-12-08T02:51:56.386+0000] {processor.py:179} INFO - Processing /home/airflow/.local/lib/python3.8/site-packages/airflow/example_dags/example_dynamic_task_mapping_with_no_taskflow_operators.py took 0.338 seconds
[2023-12-08T02:52:26.785+0000] {processor.py:157} INFO - Started process (PID=1394) to work on /home/airflow/.local/lib/python3.8/site-packages/airflow/example_dags/example_dynamic_task_mapping_with_no_taskflow_operators.py
[2023-12-08T02:52:26.787+0000] {processor.py:829} INFO - Processing file /home/airflow/.local/lib/python3.8/site-packages/airflow/example_dags/example_dynamic_task_mapping_with_no_taskflow_operators.py for tasks to queue
[2023-12-08T02:52:26.792+0000] {logging_mixin.py:154} INFO - [2023-12-08T02:52:26.792+0000] {dagbag.py:536} INFO - Filling up the DagBag from /home/airflow/.local/lib/python3.8/site-packages/airflow/example_dags/example_dynamic_task_mapping_with_no_taskflow_operators.py
[2023-12-08T02:52:26.810+0000] {processor.py:839} INFO - DAG(s) dict_keys(['example_dynamic_task_mapping_with_no_taskflow_operators']) retrieved from /home/airflow/.local/lib/python3.8/site-packages/airflow/example_dags/example_dynamic_task_mapping_with_no_taskflow_operators.py
[2023-12-08T02:52:26.863+0000] {logging_mixin.py:154} INFO - [2023-12-08T02:52:26.862+0000] {dag.py:2941} INFO - Sync 1 DAGs
[2023-12-08T02:52:26.916+0000] {logging_mixin.py:154} INFO - [2023-12-08T02:52:26.916+0000] {dag.py:3722} INFO - Setting next_dagrun for example_dynamic_task_mapping_with_no_taskflow_operators to 2023-12-07T02:52:26.915567+00:00, run_after=2023-12-08T02:52:26.915567+00:00
[2023-12-08T02:52:26.964+0000] {processor.py:179} INFO - Processing /home/airflow/.local/lib/python3.8/site-packages/airflow/example_dags/example_dynamic_task_mapping_with_no_taskflow_operators.py took 0.185 seconds
[2023-12-08T02:52:57.233+0000] {processor.py:157} INFO - Started process (PID=1448) to work on /home/airflow/.local/lib/python3.8/site-packages/airflow/example_dags/example_dynamic_task_mapping_with_no_taskflow_operators.py
[2023-12-08T02:52:57.234+0000] {processor.py:829} INFO - Processing file /home/airflow/.local/lib/python3.8/site-packages/airflow/example_dags/example_dynamic_task_mapping_with_no_taskflow_operators.py for tasks to queue
[2023-12-08T02:52:57.238+0000] {logging_mixin.py:154} INFO - [2023-12-08T02:52:57.238+0000] {dagbag.py:536} INFO - Filling up the DagBag from /home/airflow/.local/lib/python3.8/site-packages/airflow/example_dags/example_dynamic_task_mapping_with_no_taskflow_operators.py
[2023-12-08T02:52:57.252+0000] {processor.py:839} INFO - DAG(s) dict_keys(['example_dynamic_task_mapping_with_no_taskflow_operators']) retrieved from /home/airflow/.local/lib/python3.8/site-packages/airflow/example_dags/example_dynamic_task_mapping_with_no_taskflow_operators.py
[2023-12-08T02:52:57.301+0000] {logging_mixin.py:154} INFO - [2023-12-08T02:52:57.301+0000] {dag.py:2941} INFO - Sync 1 DAGs
[2023-12-08T02:52:57.362+0000] {logging_mixin.py:154} INFO - [2023-12-08T02:52:57.362+0000] {dag.py:3722} INFO - Setting next_dagrun for example_dynamic_task_mapping_with_no_taskflow_operators to 2023-12-07T02:52:57.361588+00:00, run_after=2023-12-08T02:52:57.361588+00:00
[2023-12-08T02:52:57.406+0000] {processor.py:179} INFO - Processing /home/airflow/.local/lib/python3.8/site-packages/airflow/example_dags/example_dynamic_task_mapping_with_no_taskflow_operators.py took 0.181 seconds
[2023-12-08T02:53:27.990+0000] {processor.py:157} INFO - Started process (PID=1503) to work on /home/airflow/.local/lib/python3.8/site-packages/airflow/example_dags/example_dynamic_task_mapping_with_no_taskflow_operators.py
[2023-12-08T02:53:27.995+0000] {processor.py:829} INFO - Processing file /home/airflow/.local/lib/python3.8/site-packages/airflow/example_dags/example_dynamic_task_mapping_with_no_taskflow_operators.py for tasks to queue
[2023-12-08T02:53:28.000+0000] {logging_mixin.py:154} INFO - [2023-12-08T02:53:28.000+0000] {dagbag.py:536} INFO - Filling up the DagBag from /home/airflow/.local/lib/python3.8/site-packages/airflow/example_dags/example_dynamic_task_mapping_with_no_taskflow_operators.py
[2023-12-08T02:53:28.017+0000] {processor.py:839} INFO - DAG(s) dict_keys(['example_dynamic_task_mapping_with_no_taskflow_operators']) retrieved from /home/airflow/.local/lib/python3.8/site-packages/airflow/example_dags/example_dynamic_task_mapping_with_no_taskflow_operators.py
[2023-12-08T02:53:28.065+0000] {logging_mixin.py:154} INFO - [2023-12-08T02:53:28.065+0000] {dag.py:2941} INFO - Sync 1 DAGs
[2023-12-08T02:53:28.116+0000] {logging_mixin.py:154} INFO - [2023-12-08T02:53:28.116+0000] {dag.py:3722} INFO - Setting next_dagrun for example_dynamic_task_mapping_with_no_taskflow_operators to 2023-12-07T02:53:28.115752+00:00, run_after=2023-12-08T02:53:28.115752+00:00
[2023-12-08T02:53:28.157+0000] {processor.py:179} INFO - Processing /home/airflow/.local/lib/python3.8/site-packages/airflow/example_dags/example_dynamic_task_mapping_with_no_taskflow_operators.py took 0.175 seconds
[2023-12-08T02:53:58.395+0000] {processor.py:157} INFO - Started process (PID=1556) to work on /home/airflow/.local/lib/python3.8/site-packages/airflow/example_dags/example_dynamic_task_mapping_with_no_taskflow_operators.py
[2023-12-08T02:53:58.398+0000] {processor.py:829} INFO - Processing file /home/airflow/.local/lib/python3.8/site-packages/airflow/example_dags/example_dynamic_task_mapping_with_no_taskflow_operators.py for tasks to queue
[2023-12-08T02:53:58.404+0000] {logging_mixin.py:154} INFO - [2023-12-08T02:53:58.403+0000] {dagbag.py:536} INFO - Filling up the DagBag from /home/airflow/.local/lib/python3.8/site-packages/airflow/example_dags/example_dynamic_task_mapping_with_no_taskflow_operators.py
[2023-12-08T02:53:58.420+0000] {processor.py:839} INFO - DAG(s) dict_keys(['example_dynamic_task_mapping_with_no_taskflow_operators']) retrieved from /home/airflow/.local/lib/python3.8/site-packages/airflow/example_dags/example_dynamic_task_mapping_with_no_taskflow_operators.py
[2023-12-08T02:53:58.473+0000] {logging_mixin.py:154} INFO - [2023-12-08T02:53:58.472+0000] {dag.py:2941} INFO - Sync 1 DAGs
[2023-12-08T02:53:58.564+0000] {logging_mixin.py:154} INFO - [2023-12-08T02:53:58.564+0000] {dag.py:3722} INFO - Setting next_dagrun for example_dynamic_task_mapping_with_no_taskflow_operators to 2023-12-07T02:53:58.563422+00:00, run_after=2023-12-08T02:53:58.563422+00:00
[2023-12-08T02:53:58.638+0000] {processor.py:179} INFO - Processing /home/airflow/.local/lib/python3.8/site-packages/airflow/example_dags/example_dynamic_task_mapping_with_no_taskflow_operators.py took 0.254 seconds
[2023-12-08T02:54:29.884+0000] {processor.py:157} INFO - Started process (PID=1616) to work on /home/airflow/.local/lib/python3.8/site-packages/airflow/example_dags/example_dynamic_task_mapping_with_no_taskflow_operators.py
[2023-12-08T02:54:29.886+0000] {processor.py:829} INFO - Processing file /home/airflow/.local/lib/python3.8/site-packages/airflow/example_dags/example_dynamic_task_mapping_with_no_taskflow_operators.py for tasks to queue
[2023-12-08T02:54:29.903+0000] {logging_mixin.py:154} INFO - [2023-12-08T02:54:29.902+0000] {dagbag.py:536} INFO - Filling up the DagBag from /home/airflow/.local/lib/python3.8/site-packages/airflow/example_dags/example_dynamic_task_mapping_with_no_taskflow_operators.py
[2023-12-08T02:54:29.957+0000] {processor.py:839} INFO - DAG(s) dict_keys(['example_dynamic_task_mapping_with_no_taskflow_operators']) retrieved from /home/airflow/.local/lib/python3.8/site-packages/airflow/example_dags/example_dynamic_task_mapping_with_no_taskflow_operators.py
[2023-12-08T02:54:30.124+0000] {logging_mixin.py:154} INFO - [2023-12-08T02:54:30.124+0000] {dag.py:2941} INFO - Sync 1 DAGs
[2023-12-08T02:54:30.317+0000] {logging_mixin.py:154} INFO - [2023-12-08T02:54:30.316+0000] {dag.py:3722} INFO - Setting next_dagrun for example_dynamic_task_mapping_with_no_taskflow_operators to 2023-12-07T02:54:30.316053+00:00, run_after=2023-12-08T02:54:30.316053+00:00
[2023-12-08T02:54:30.467+0000] {processor.py:179} INFO - Processing /home/airflow/.local/lib/python3.8/site-packages/airflow/example_dags/example_dynamic_task_mapping_with_no_taskflow_operators.py took 0.606 seconds
[2023-12-08T02:55:00.873+0000] {processor.py:157} INFO - Started process (PID=1670) to work on /home/airflow/.local/lib/python3.8/site-packages/airflow/example_dags/example_dynamic_task_mapping_with_no_taskflow_operators.py
[2023-12-08T02:55:00.876+0000] {processor.py:829} INFO - Processing file /home/airflow/.local/lib/python3.8/site-packages/airflow/example_dags/example_dynamic_task_mapping_with_no_taskflow_operators.py for tasks to queue
[2023-12-08T02:55:00.880+0000] {logging_mixin.py:154} INFO - [2023-12-08T02:55:00.880+0000] {dagbag.py:536} INFO - Filling up the DagBag from /home/airflow/.local/lib/python3.8/site-packages/airflow/example_dags/example_dynamic_task_mapping_with_no_taskflow_operators.py
[2023-12-08T02:55:00.896+0000] {processor.py:839} INFO - DAG(s) dict_keys(['example_dynamic_task_mapping_with_no_taskflow_operators']) retrieved from /home/airflow/.local/lib/python3.8/site-packages/airflow/example_dags/example_dynamic_task_mapping_with_no_taskflow_operators.py
[2023-12-08T02:55:00.952+0000] {logging_mixin.py:154} INFO - [2023-12-08T02:55:00.951+0000] {dag.py:2941} INFO - Sync 1 DAGs
[2023-12-08T02:55:01.008+0000] {logging_mixin.py:154} INFO - [2023-12-08T02:55:01.008+0000] {dag.py:3722} INFO - Setting next_dagrun for example_dynamic_task_mapping_with_no_taskflow_operators to 2023-12-07T02:55:01.007341+00:00, run_after=2023-12-08T02:55:01.007341+00:00
[2023-12-08T02:55:01.050+0000] {processor.py:179} INFO - Processing /home/airflow/.local/lib/python3.8/site-packages/airflow/example_dags/example_dynamic_task_mapping_with_no_taskflow_operators.py took 0.186 seconds
[2023-12-08T02:55:31.392+0000] {processor.py:157} INFO - Started process (PID=1725) to work on /home/airflow/.local/lib/python3.8/site-packages/airflow/example_dags/example_dynamic_task_mapping_with_no_taskflow_operators.py
[2023-12-08T02:55:31.395+0000] {processor.py:829} INFO - Processing file /home/airflow/.local/lib/python3.8/site-packages/airflow/example_dags/example_dynamic_task_mapping_with_no_taskflow_operators.py for tasks to queue
[2023-12-08T02:55:31.409+0000] {logging_mixin.py:154} INFO - [2023-12-08T02:55:31.408+0000] {dagbag.py:536} INFO - Filling up the DagBag from /home/airflow/.local/lib/python3.8/site-packages/airflow/example_dags/example_dynamic_task_mapping_with_no_taskflow_operators.py
[2023-12-08T02:55:31.435+0000] {processor.py:839} INFO - DAG(s) dict_keys(['example_dynamic_task_mapping_with_no_taskflow_operators']) retrieved from /home/airflow/.local/lib/python3.8/site-packages/airflow/example_dags/example_dynamic_task_mapping_with_no_taskflow_operators.py
[2023-12-08T02:55:31.516+0000] {logging_mixin.py:154} INFO - [2023-12-08T02:55:31.515+0000] {dag.py:2941} INFO - Sync 1 DAGs
[2023-12-08T02:55:31.736+0000] {logging_mixin.py:154} INFO - [2023-12-08T02:55:31.736+0000] {dag.py:3722} INFO - Setting next_dagrun for example_dynamic_task_mapping_with_no_taskflow_operators to 2023-12-07T02:55:31.735249+00:00, run_after=2023-12-08T02:55:31.735249+00:00
[2023-12-08T02:55:31.867+0000] {processor.py:179} INFO - Processing /home/airflow/.local/lib/python3.8/site-packages/airflow/example_dags/example_dynamic_task_mapping_with_no_taskflow_operators.py took 0.491 seconds
[2023-12-08T02:56:02.412+0000] {processor.py:157} INFO - Started process (PID=1779) to work on /home/airflow/.local/lib/python3.8/site-packages/airflow/example_dags/example_dynamic_task_mapping_with_no_taskflow_operators.py
[2023-12-08T02:56:02.415+0000] {processor.py:829} INFO - Processing file /home/airflow/.local/lib/python3.8/site-packages/airflow/example_dags/example_dynamic_task_mapping_with_no_taskflow_operators.py for tasks to queue
[2023-12-08T02:56:02.421+0000] {logging_mixin.py:154} INFO - [2023-12-08T02:56:02.420+0000] {dagbag.py:536} INFO - Filling up the DagBag from /home/airflow/.local/lib/python3.8/site-packages/airflow/example_dags/example_dynamic_task_mapping_with_no_taskflow_operators.py
[2023-12-08T02:56:02.439+0000] {processor.py:839} INFO - DAG(s) dict_keys(['example_dynamic_task_mapping_with_no_taskflow_operators']) retrieved from /home/airflow/.local/lib/python3.8/site-packages/airflow/example_dags/example_dynamic_task_mapping_with_no_taskflow_operators.py
[2023-12-08T02:56:02.484+0000] {logging_mixin.py:154} INFO - [2023-12-08T02:56:02.484+0000] {dag.py:2941} INFO - Sync 1 DAGs
[2023-12-08T02:56:02.538+0000] {logging_mixin.py:154} INFO - [2023-12-08T02:56:02.537+0000] {dag.py:3722} INFO - Setting next_dagrun for example_dynamic_task_mapping_with_no_taskflow_operators to 2023-12-07T02:56:02.537458+00:00, run_after=2023-12-08T02:56:02.537458+00:00
[2023-12-08T02:56:02.583+0000] {processor.py:179} INFO - Processing /home/airflow/.local/lib/python3.8/site-packages/airflow/example_dags/example_dynamic_task_mapping_with_no_taskflow_operators.py took 0.180 seconds
[2023-12-08T02:56:32.912+0000] {processor.py:157} INFO - Started process (PID=1833) to work on /home/airflow/.local/lib/python3.8/site-packages/airflow/example_dags/example_dynamic_task_mapping_with_no_taskflow_operators.py
[2023-12-08T02:56:32.917+0000] {processor.py:829} INFO - Processing file /home/airflow/.local/lib/python3.8/site-packages/airflow/example_dags/example_dynamic_task_mapping_with_no_taskflow_operators.py for tasks to queue
[2023-12-08T02:56:32.926+0000] {logging_mixin.py:154} INFO - [2023-12-08T02:56:32.925+0000] {dagbag.py:536} INFO - Filling up the DagBag from /home/airflow/.local/lib/python3.8/site-packages/airflow/example_dags/example_dynamic_task_mapping_with_no_taskflow_operators.py
[2023-12-08T02:56:32.944+0000] {processor.py:839} INFO - DAG(s) dict_keys(['example_dynamic_task_mapping_with_no_taskflow_operators']) retrieved from /home/airflow/.local/lib/python3.8/site-packages/airflow/example_dags/example_dynamic_task_mapping_with_no_taskflow_operators.py
[2023-12-08T02:56:32.996+0000] {logging_mixin.py:154} INFO - [2023-12-08T02:56:32.996+0000] {dag.py:2941} INFO - Sync 1 DAGs
[2023-12-08T02:56:33.047+0000] {logging_mixin.py:154} INFO - [2023-12-08T02:56:33.047+0000] {dag.py:3722} INFO - Setting next_dagrun for example_dynamic_task_mapping_with_no_taskflow_operators to 2023-12-07T02:56:33.046626+00:00, run_after=2023-12-08T02:56:33.046626+00:00
[2023-12-08T02:56:33.086+0000] {processor.py:179} INFO - Processing /home/airflow/.local/lib/python3.8/site-packages/airflow/example_dags/example_dynamic_task_mapping_with_no_taskflow_operators.py took 0.186 seconds
[2023-12-08T02:57:03.323+0000] {processor.py:157} INFO - Started process (PID=1888) to work on /home/airflow/.local/lib/python3.8/site-packages/airflow/example_dags/example_dynamic_task_mapping_with_no_taskflow_operators.py
[2023-12-08T02:57:03.335+0000] {processor.py:829} INFO - Processing file /home/airflow/.local/lib/python3.8/site-packages/airflow/example_dags/example_dynamic_task_mapping_with_no_taskflow_operators.py for tasks to queue
[2023-12-08T02:57:03.342+0000] {logging_mixin.py:154} INFO - [2023-12-08T02:57:03.342+0000] {dagbag.py:536} INFO - Filling up the DagBag from /home/airflow/.local/lib/python3.8/site-packages/airflow/example_dags/example_dynamic_task_mapping_with_no_taskflow_operators.py
[2023-12-08T02:57:03.406+0000] {processor.py:839} INFO - DAG(s) dict_keys(['example_dynamic_task_mapping_with_no_taskflow_operators']) retrieved from /home/airflow/.local/lib/python3.8/site-packages/airflow/example_dags/example_dynamic_task_mapping_with_no_taskflow_operators.py
[2023-12-08T02:57:03.489+0000] {logging_mixin.py:154} INFO - [2023-12-08T02:57:03.489+0000] {dag.py:2941} INFO - Sync 1 DAGs
[2023-12-08T02:57:03.684+0000] {logging_mixin.py:154} INFO - [2023-12-08T02:57:03.684+0000] {dag.py:3722} INFO - Setting next_dagrun for example_dynamic_task_mapping_with_no_taskflow_operators to 2023-12-07T02:57:03.683074+00:00, run_after=2023-12-08T02:57:03.683074+00:00
[2023-12-08T02:57:03.774+0000] {processor.py:179} INFO - Processing /home/airflow/.local/lib/python3.8/site-packages/airflow/example_dags/example_dynamic_task_mapping_with_no_taskflow_operators.py took 0.463 seconds
