[2023-12-08T02:39:21.428+0000] {processor.py:157} INFO - Started process (PID=77) to work on /home/airflow/.local/lib/python3.8/site-packages/airflow/example_dags/example_sensor_decorator.py
[2023-12-08T02:39:21.431+0000] {processor.py:829} INFO - Processing file /home/airflow/.local/lib/python3.8/site-packages/airflow/example_dags/example_sensor_decorator.py for tasks to queue
[2023-12-08T02:39:21.437+0000] {logging_mixin.py:154} INFO - [2023-12-08T02:39:21.436+0000] {dagbag.py:536} INFO - Filling up the DagBag from /home/airflow/.local/lib/python3.8/site-packages/airflow/example_dags/example_sensor_decorator.py
[2023-12-08T02:39:21.516+0000] {processor.py:839} INFO - DAG(s) dict_keys(['example_sensor_decorator']) retrieved from /home/airflow/.local/lib/python3.8/site-packages/airflow/example_dags/example_sensor_decorator.py
[2023-12-08T02:39:21.654+0000] {logging_mixin.py:154} INFO - [2023-12-08T02:39:21.654+0000] {dag.py:2941} INFO - Sync 1 DAGs
[2023-12-08T02:39:21.754+0000] {logging_mixin.py:154} INFO - [2023-12-08T02:39:21.753+0000] {dag.py:3722} INFO - Setting next_dagrun for example_sensor_decorator to None, run_after=None
[2023-12-08T02:39:21.887+0000] {processor.py:179} INFO - Processing /home/airflow/.local/lib/python3.8/site-packages/airflow/example_dags/example_sensor_decorator.py took 0.481 seconds
[2023-12-08T02:39:52.505+0000] {processor.py:157} INFO - Started process (PID=131) to work on /home/airflow/.local/lib/python3.8/site-packages/airflow/example_dags/example_sensor_decorator.py
[2023-12-08T02:39:52.508+0000] {processor.py:829} INFO - Processing file /home/airflow/.local/lib/python3.8/site-packages/airflow/example_dags/example_sensor_decorator.py for tasks to queue
[2023-12-08T02:39:52.519+0000] {logging_mixin.py:154} INFO - [2023-12-08T02:39:52.518+0000] {dagbag.py:536} INFO - Filling up the DagBag from /home/airflow/.local/lib/python3.8/site-packages/airflow/example_dags/example_sensor_decorator.py
[2023-12-08T02:39:52.540+0000] {processor.py:839} INFO - DAG(s) dict_keys(['example_sensor_decorator']) retrieved from /home/airflow/.local/lib/python3.8/site-packages/airflow/example_dags/example_sensor_decorator.py
[2023-12-08T02:39:52.613+0000] {logging_mixin.py:154} INFO - [2023-12-08T02:39:52.612+0000] {dag.py:2941} INFO - Sync 1 DAGs
[2023-12-08T02:39:52.651+0000] {logging_mixin.py:154} INFO - [2023-12-08T02:39:52.651+0000] {dag.py:3722} INFO - Setting next_dagrun for example_sensor_decorator to None, run_after=None
[2023-12-08T02:39:52.706+0000] {processor.py:179} INFO - Processing /home/airflow/.local/lib/python3.8/site-packages/airflow/example_dags/example_sensor_decorator.py took 0.216 seconds
[2023-12-08T02:40:24.911+0000] {processor.py:157} INFO - Started process (PID=185) to work on /home/airflow/.local/lib/python3.8/site-packages/airflow/example_dags/example_sensor_decorator.py
[2023-12-08T02:40:24.913+0000] {processor.py:829} INFO - Processing file /home/airflow/.local/lib/python3.8/site-packages/airflow/example_dags/example_sensor_decorator.py for tasks to queue
[2023-12-08T02:40:24.917+0000] {logging_mixin.py:154} INFO - [2023-12-08T02:40:24.916+0000] {dagbag.py:536} INFO - Filling up the DagBag from /home/airflow/.local/lib/python3.8/site-packages/airflow/example_dags/example_sensor_decorator.py
[2023-12-08T02:40:24.937+0000] {processor.py:839} INFO - DAG(s) dict_keys(['example_sensor_decorator']) retrieved from /home/airflow/.local/lib/python3.8/site-packages/airflow/example_dags/example_sensor_decorator.py
[2023-12-08T02:40:25.015+0000] {logging_mixin.py:154} INFO - [2023-12-08T02:40:25.014+0000] {dag.py:2941} INFO - Sync 1 DAGs
[2023-12-08T02:40:25.076+0000] {logging_mixin.py:154} INFO - [2023-12-08T02:40:25.075+0000] {dag.py:3722} INFO - Setting next_dagrun for example_sensor_decorator to None, run_after=None
[2023-12-08T02:40:25.115+0000] {processor.py:179} INFO - Processing /home/airflow/.local/lib/python3.8/site-packages/airflow/example_dags/example_sensor_decorator.py took 0.211 seconds
[2023-12-08T02:40:57.480+0000] {processor.py:157} INFO - Started process (PID=239) to work on /home/airflow/.local/lib/python3.8/site-packages/airflow/example_dags/example_sensor_decorator.py
[2023-12-08T02:40:57.483+0000] {processor.py:829} INFO - Processing file /home/airflow/.local/lib/python3.8/site-packages/airflow/example_dags/example_sensor_decorator.py for tasks to queue
[2023-12-08T02:40:57.489+0000] {logging_mixin.py:154} INFO - [2023-12-08T02:40:57.488+0000] {dagbag.py:536} INFO - Filling up the DagBag from /home/airflow/.local/lib/python3.8/site-packages/airflow/example_dags/example_sensor_decorator.py
[2023-12-08T02:40:57.506+0000] {processor.py:839} INFO - DAG(s) dict_keys(['example_sensor_decorator']) retrieved from /home/airflow/.local/lib/python3.8/site-packages/airflow/example_dags/example_sensor_decorator.py
[2023-12-08T02:40:57.591+0000] {logging_mixin.py:154} INFO - [2023-12-08T02:40:57.590+0000] {dag.py:2941} INFO - Sync 1 DAGs
[2023-12-08T02:40:57.736+0000] {logging_mixin.py:154} INFO - [2023-12-08T02:40:57.736+0000] {dag.py:3722} INFO - Setting next_dagrun for example_sensor_decorator to None, run_after=None
[2023-12-08T02:40:57.845+0000] {processor.py:179} INFO - Processing /home/airflow/.local/lib/python3.8/site-packages/airflow/example_dags/example_sensor_decorator.py took 0.375 seconds
[2023-12-08T02:41:28.674+0000] {processor.py:157} INFO - Started process (PID=293) to work on /home/airflow/.local/lib/python3.8/site-packages/airflow/example_dags/example_sensor_decorator.py
[2023-12-08T02:41:28.676+0000] {processor.py:829} INFO - Processing file /home/airflow/.local/lib/python3.8/site-packages/airflow/example_dags/example_sensor_decorator.py for tasks to queue
[2023-12-08T02:41:28.686+0000] {logging_mixin.py:154} INFO - [2023-12-08T02:41:28.684+0000] {dagbag.py:536} INFO - Filling up the DagBag from /home/airflow/.local/lib/python3.8/site-packages/airflow/example_dags/example_sensor_decorator.py
[2023-12-08T02:41:28.705+0000] {processor.py:839} INFO - DAG(s) dict_keys(['example_sensor_decorator']) retrieved from /home/airflow/.local/lib/python3.8/site-packages/airflow/example_dags/example_sensor_decorator.py
[2023-12-08T02:41:28.774+0000] {logging_mixin.py:154} INFO - [2023-12-08T02:41:28.774+0000] {dag.py:2941} INFO - Sync 1 DAGs
[2023-12-08T02:41:28.815+0000] {logging_mixin.py:154} INFO - [2023-12-08T02:41:28.815+0000] {dag.py:3722} INFO - Setting next_dagrun for example_sensor_decorator to None, run_after=None
[2023-12-08T02:41:28.882+0000] {processor.py:179} INFO - Processing /home/airflow/.local/lib/python3.8/site-packages/airflow/example_dags/example_sensor_decorator.py took 0.219 seconds
[2023-12-08T02:41:59.127+0000] {processor.py:157} INFO - Started process (PID=348) to work on /home/airflow/.local/lib/python3.8/site-packages/airflow/example_dags/example_sensor_decorator.py
[2023-12-08T02:41:59.130+0000] {processor.py:829} INFO - Processing file /home/airflow/.local/lib/python3.8/site-packages/airflow/example_dags/example_sensor_decorator.py for tasks to queue
[2023-12-08T02:41:59.137+0000] {logging_mixin.py:154} INFO - [2023-12-08T02:41:59.136+0000] {dagbag.py:536} INFO - Filling up the DagBag from /home/airflow/.local/lib/python3.8/site-packages/airflow/example_dags/example_sensor_decorator.py
[2023-12-08T02:41:59.154+0000] {processor.py:839} INFO - DAG(s) dict_keys(['example_sensor_decorator']) retrieved from /home/airflow/.local/lib/python3.8/site-packages/airflow/example_dags/example_sensor_decorator.py
[2023-12-08T02:41:59.196+0000] {logging_mixin.py:154} INFO - [2023-12-08T02:41:59.196+0000] {dag.py:2941} INFO - Sync 1 DAGs
[2023-12-08T02:41:59.225+0000] {logging_mixin.py:154} INFO - [2023-12-08T02:41:59.224+0000] {dag.py:3722} INFO - Setting next_dagrun for example_sensor_decorator to None, run_after=None
[2023-12-08T02:41:59.273+0000] {processor.py:179} INFO - Processing /home/airflow/.local/lib/python3.8/site-packages/airflow/example_dags/example_sensor_decorator.py took 0.156 seconds
[2023-12-08T02:42:36.126+0000] {processor.py:157} INFO - Started process (PID=402) to work on /home/airflow/.local/lib/python3.8/site-packages/airflow/example_dags/example_sensor_decorator.py
[2023-12-08T02:42:36.133+0000] {processor.py:829} INFO - Processing file /home/airflow/.local/lib/python3.8/site-packages/airflow/example_dags/example_sensor_decorator.py for tasks to queue
[2023-12-08T02:42:36.146+0000] {logging_mixin.py:154} INFO - [2023-12-08T02:42:36.146+0000] {dagbag.py:536} INFO - Filling up the DagBag from /home/airflow/.local/lib/python3.8/site-packages/airflow/example_dags/example_sensor_decorator.py
[2023-12-08T02:42:36.210+0000] {processor.py:839} INFO - DAG(s) dict_keys(['example_sensor_decorator']) retrieved from /home/airflow/.local/lib/python3.8/site-packages/airflow/example_dags/example_sensor_decorator.py
[2023-12-08T02:42:36.400+0000] {logging_mixin.py:154} INFO - [2023-12-08T02:42:36.399+0000] {dag.py:2941} INFO - Sync 1 DAGs
[2023-12-08T02:42:36.557+0000] {logging_mixin.py:154} INFO - [2023-12-08T02:42:36.556+0000] {dag.py:3722} INFO - Setting next_dagrun for example_sensor_decorator to None, run_after=None
[2023-12-08T02:42:36.724+0000] {processor.py:179} INFO - Processing /home/airflow/.local/lib/python3.8/site-packages/airflow/example_dags/example_sensor_decorator.py took 0.631 seconds
[2023-12-08T02:43:10.701+0000] {processor.py:157} INFO - Started process (PID=456) to work on /home/airflow/.local/lib/python3.8/site-packages/airflow/example_dags/example_sensor_decorator.py
[2023-12-08T02:43:10.714+0000] {processor.py:829} INFO - Processing file /home/airflow/.local/lib/python3.8/site-packages/airflow/example_dags/example_sensor_decorator.py for tasks to queue
[2023-12-08T02:43:10.728+0000] {logging_mixin.py:154} INFO - [2023-12-08T02:43:10.726+0000] {dagbag.py:536} INFO - Filling up the DagBag from /home/airflow/.local/lib/python3.8/site-packages/airflow/example_dags/example_sensor_decorator.py
[2023-12-08T02:43:10.774+0000] {processor.py:839} INFO - DAG(s) dict_keys(['example_sensor_decorator']) retrieved from /home/airflow/.local/lib/python3.8/site-packages/airflow/example_dags/example_sensor_decorator.py
[2023-12-08T02:43:10.868+0000] {logging_mixin.py:154} INFO - [2023-12-08T02:43:10.868+0000] {dag.py:2941} INFO - Sync 1 DAGs
[2023-12-08T02:43:10.969+0000] {logging_mixin.py:154} INFO - [2023-12-08T02:43:10.969+0000] {dag.py:3722} INFO - Setting next_dagrun for example_sensor_decorator to None, run_after=None
[2023-12-08T02:43:11.115+0000] {processor.py:179} INFO - Processing /home/airflow/.local/lib/python3.8/site-packages/airflow/example_dags/example_sensor_decorator.py took 0.437 seconds
[2023-12-08T02:43:45.136+0000] {processor.py:157} INFO - Started process (PID=511) to work on /home/airflow/.local/lib/python3.8/site-packages/airflow/example_dags/example_sensor_decorator.py
[2023-12-08T02:43:45.181+0000] {processor.py:829} INFO - Processing file /home/airflow/.local/lib/python3.8/site-packages/airflow/example_dags/example_sensor_decorator.py for tasks to queue
[2023-12-08T02:43:45.187+0000] {logging_mixin.py:154} INFO - [2023-12-08T02:43:45.186+0000] {dagbag.py:536} INFO - Filling up the DagBag from /home/airflow/.local/lib/python3.8/site-packages/airflow/example_dags/example_sensor_decorator.py
[2023-12-08T02:43:45.204+0000] {processor.py:839} INFO - DAG(s) dict_keys(['example_sensor_decorator']) retrieved from /home/airflow/.local/lib/python3.8/site-packages/airflow/example_dags/example_sensor_decorator.py
[2023-12-08T02:43:45.258+0000] {logging_mixin.py:154} INFO - [2023-12-08T02:43:45.257+0000] {dag.py:2941} INFO - Sync 1 DAGs
[2023-12-08T02:43:45.323+0000] {logging_mixin.py:154} INFO - [2023-12-08T02:43:45.323+0000] {dag.py:3722} INFO - Setting next_dagrun for example_sensor_decorator to None, run_after=None
[2023-12-08T02:43:45.493+0000] {processor.py:179} INFO - Processing /home/airflow/.local/lib/python3.8/site-packages/airflow/example_dags/example_sensor_decorator.py took 0.366 seconds
[2023-12-08T02:44:16.145+0000] {processor.py:157} INFO - Started process (PID=564) to work on /home/airflow/.local/lib/python3.8/site-packages/airflow/example_dags/example_sensor_decorator.py
[2023-12-08T02:44:16.147+0000] {processor.py:829} INFO - Processing file /home/airflow/.local/lib/python3.8/site-packages/airflow/example_dags/example_sensor_decorator.py for tasks to queue
[2023-12-08T02:44:16.154+0000] {logging_mixin.py:154} INFO - [2023-12-08T02:44:16.153+0000] {dagbag.py:536} INFO - Filling up the DagBag from /home/airflow/.local/lib/python3.8/site-packages/airflow/example_dags/example_sensor_decorator.py
[2023-12-08T02:44:16.170+0000] {processor.py:839} INFO - DAG(s) dict_keys(['example_sensor_decorator']) retrieved from /home/airflow/.local/lib/python3.8/site-packages/airflow/example_dags/example_sensor_decorator.py
[2023-12-08T02:44:16.221+0000] {logging_mixin.py:154} INFO - [2023-12-08T02:44:16.221+0000] {dag.py:2941} INFO - Sync 1 DAGs
[2023-12-08T02:44:16.258+0000] {logging_mixin.py:154} INFO - [2023-12-08T02:44:16.257+0000] {dag.py:3722} INFO - Setting next_dagrun for example_sensor_decorator to None, run_after=None
[2023-12-08T02:44:16.321+0000] {processor.py:179} INFO - Processing /home/airflow/.local/lib/python3.8/site-packages/airflow/example_dags/example_sensor_decorator.py took 0.185 seconds
[2023-12-08T02:44:46.686+0000] {processor.py:157} INFO - Started process (PID=618) to work on /home/airflow/.local/lib/python3.8/site-packages/airflow/example_dags/example_sensor_decorator.py
[2023-12-08T02:44:46.688+0000] {processor.py:829} INFO - Processing file /home/airflow/.local/lib/python3.8/site-packages/airflow/example_dags/example_sensor_decorator.py for tasks to queue
[2023-12-08T02:44:46.691+0000] {logging_mixin.py:154} INFO - [2023-12-08T02:44:46.691+0000] {dagbag.py:536} INFO - Filling up the DagBag from /home/airflow/.local/lib/python3.8/site-packages/airflow/example_dags/example_sensor_decorator.py
[2023-12-08T02:44:46.705+0000] {processor.py:839} INFO - DAG(s) dict_keys(['example_sensor_decorator']) retrieved from /home/airflow/.local/lib/python3.8/site-packages/airflow/example_dags/example_sensor_decorator.py
[2023-12-08T02:44:46.751+0000] {logging_mixin.py:154} INFO - [2023-12-08T02:44:46.750+0000] {dag.py:2941} INFO - Sync 1 DAGs
[2023-12-08T02:44:46.795+0000] {logging_mixin.py:154} INFO - [2023-12-08T02:44:46.795+0000] {dag.py:3722} INFO - Setting next_dagrun for example_sensor_decorator to None, run_after=None
[2023-12-08T02:44:46.863+0000] {processor.py:179} INFO - Processing /home/airflow/.local/lib/python3.8/site-packages/airflow/example_dags/example_sensor_decorator.py took 0.185 seconds
[2023-12-08T02:45:17.398+0000] {processor.py:157} INFO - Started process (PID=672) to work on /home/airflow/.local/lib/python3.8/site-packages/airflow/example_dags/example_sensor_decorator.py
[2023-12-08T02:45:17.399+0000] {processor.py:829} INFO - Processing file /home/airflow/.local/lib/python3.8/site-packages/airflow/example_dags/example_sensor_decorator.py for tasks to queue
[2023-12-08T02:45:17.405+0000] {logging_mixin.py:154} INFO - [2023-12-08T02:45:17.404+0000] {dagbag.py:536} INFO - Filling up the DagBag from /home/airflow/.local/lib/python3.8/site-packages/airflow/example_dags/example_sensor_decorator.py
[2023-12-08T02:45:17.414+0000] {processor.py:839} INFO - DAG(s) dict_keys(['example_sensor_decorator']) retrieved from /home/airflow/.local/lib/python3.8/site-packages/airflow/example_dags/example_sensor_decorator.py
[2023-12-08T02:45:17.452+0000] {logging_mixin.py:154} INFO - [2023-12-08T02:45:17.452+0000] {dag.py:2941} INFO - Sync 1 DAGs
[2023-12-08T02:45:17.492+0000] {logging_mixin.py:154} INFO - [2023-12-08T02:45:17.492+0000] {dag.py:3722} INFO - Setting next_dagrun for example_sensor_decorator to None, run_after=None
[2023-12-08T02:45:17.532+0000] {processor.py:179} INFO - Processing /home/airflow/.local/lib/python3.8/site-packages/airflow/example_dags/example_sensor_decorator.py took 0.142 seconds
[2023-12-08T02:45:52.117+0000] {processor.py:157} INFO - Started process (PID=733) to work on /home/airflow/.local/lib/python3.8/site-packages/airflow/example_dags/example_sensor_decorator.py
[2023-12-08T02:45:52.124+0000] {processor.py:829} INFO - Processing file /home/airflow/.local/lib/python3.8/site-packages/airflow/example_dags/example_sensor_decorator.py for tasks to queue
[2023-12-08T02:45:52.132+0000] {logging_mixin.py:154} INFO - [2023-12-08T02:45:52.130+0000] {dagbag.py:536} INFO - Filling up the DagBag from /home/airflow/.local/lib/python3.8/site-packages/airflow/example_dags/example_sensor_decorator.py
[2023-12-08T02:45:52.154+0000] {processor.py:839} INFO - DAG(s) dict_keys(['example_sensor_decorator']) retrieved from /home/airflow/.local/lib/python3.8/site-packages/airflow/example_dags/example_sensor_decorator.py
[2023-12-08T02:45:52.299+0000] {logging_mixin.py:154} INFO - [2023-12-08T02:45:52.298+0000] {dag.py:2941} INFO - Sync 1 DAGs
[2023-12-08T02:45:52.353+0000] {logging_mixin.py:154} INFO - [2023-12-08T02:45:52.352+0000] {dag.py:3722} INFO - Setting next_dagrun for example_sensor_decorator to None, run_after=None
[2023-12-08T02:45:52.493+0000] {processor.py:179} INFO - Processing /home/airflow/.local/lib/python3.8/site-packages/airflow/example_dags/example_sensor_decorator.py took 0.387 seconds
[2023-12-08T02:46:34.683+0000] {processor.py:157} INFO - Started process (PID=787) to work on /home/airflow/.local/lib/python3.8/site-packages/airflow/example_dags/example_sensor_decorator.py
[2023-12-08T02:46:34.793+0000] {processor.py:829} INFO - Processing file /home/airflow/.local/lib/python3.8/site-packages/airflow/example_dags/example_sensor_decorator.py for tasks to queue
[2023-12-08T02:46:34.832+0000] {logging_mixin.py:154} INFO - [2023-12-08T02:46:34.831+0000] {dagbag.py:536} INFO - Filling up the DagBag from /home/airflow/.local/lib/python3.8/site-packages/airflow/example_dags/example_sensor_decorator.py
[2023-12-08T02:46:35.183+0000] {processor.py:839} INFO - DAG(s) dict_keys(['example_sensor_decorator']) retrieved from /home/airflow/.local/lib/python3.8/site-packages/airflow/example_dags/example_sensor_decorator.py
[2023-12-08T02:46:35.568+0000] {logging_mixin.py:154} INFO - [2023-12-08T02:46:35.567+0000] {dag.py:2941} INFO - Sync 1 DAGs
[2023-12-08T02:46:35.995+0000] {logging_mixin.py:154} INFO - [2023-12-08T02:46:35.995+0000] {dag.py:3722} INFO - Setting next_dagrun for example_sensor_decorator to None, run_after=None
[2023-12-08T02:46:36.331+0000] {processor.py:179} INFO - Processing /home/airflow/.local/lib/python3.8/site-packages/airflow/example_dags/example_sensor_decorator.py took 1.801 seconds
[2023-12-08T02:47:06.938+0000] {processor.py:157} INFO - Started process (PID=841) to work on /home/airflow/.local/lib/python3.8/site-packages/airflow/example_dags/example_sensor_decorator.py
[2023-12-08T02:47:06.942+0000] {processor.py:829} INFO - Processing file /home/airflow/.local/lib/python3.8/site-packages/airflow/example_dags/example_sensor_decorator.py for tasks to queue
[2023-12-08T02:47:06.957+0000] {logging_mixin.py:154} INFO - [2023-12-08T02:47:06.956+0000] {dagbag.py:536} INFO - Filling up the DagBag from /home/airflow/.local/lib/python3.8/site-packages/airflow/example_dags/example_sensor_decorator.py
[2023-12-08T02:47:06.974+0000] {processor.py:839} INFO - DAG(s) dict_keys(['example_sensor_decorator']) retrieved from /home/airflow/.local/lib/python3.8/site-packages/airflow/example_dags/example_sensor_decorator.py
[2023-12-08T02:47:07.088+0000] {logging_mixin.py:154} INFO - [2023-12-08T02:47:07.087+0000] {dag.py:2941} INFO - Sync 1 DAGs
[2023-12-08T02:47:07.123+0000] {logging_mixin.py:154} INFO - [2023-12-08T02:47:07.123+0000] {dag.py:3722} INFO - Setting next_dagrun for example_sensor_decorator to None, run_after=None
[2023-12-08T02:47:07.168+0000] {processor.py:179} INFO - Processing /home/airflow/.local/lib/python3.8/site-packages/airflow/example_dags/example_sensor_decorator.py took 0.245 seconds
[2023-12-08T02:47:37.275+0000] {processor.py:157} INFO - Started process (PID=894) to work on /home/airflow/.local/lib/python3.8/site-packages/airflow/example_dags/example_sensor_decorator.py
[2023-12-08T02:47:37.278+0000] {processor.py:829} INFO - Processing file /home/airflow/.local/lib/python3.8/site-packages/airflow/example_dags/example_sensor_decorator.py for tasks to queue
[2023-12-08T02:47:37.288+0000] {logging_mixin.py:154} INFO - [2023-12-08T02:47:37.287+0000] {dagbag.py:536} INFO - Filling up the DagBag from /home/airflow/.local/lib/python3.8/site-packages/airflow/example_dags/example_sensor_decorator.py
[2023-12-08T02:47:37.309+0000] {processor.py:839} INFO - DAG(s) dict_keys(['example_sensor_decorator']) retrieved from /home/airflow/.local/lib/python3.8/site-packages/airflow/example_dags/example_sensor_decorator.py
[2023-12-08T02:47:37.388+0000] {logging_mixin.py:154} INFO - [2023-12-08T02:47:37.387+0000] {dag.py:2941} INFO - Sync 1 DAGs
[2023-12-08T02:47:37.463+0000] {logging_mixin.py:154} INFO - [2023-12-08T02:47:37.463+0000] {dag.py:3722} INFO - Setting next_dagrun for example_sensor_decorator to None, run_after=None
[2023-12-08T02:47:37.551+0000] {processor.py:179} INFO - Processing /home/airflow/.local/lib/python3.8/site-packages/airflow/example_dags/example_sensor_decorator.py took 0.287 seconds
[2023-12-08T02:48:07.901+0000] {processor.py:157} INFO - Started process (PID=946) to work on /home/airflow/.local/lib/python3.8/site-packages/airflow/example_dags/example_sensor_decorator.py
[2023-12-08T02:48:07.931+0000] {processor.py:829} INFO - Processing file /home/airflow/.local/lib/python3.8/site-packages/airflow/example_dags/example_sensor_decorator.py for tasks to queue
[2023-12-08T02:48:07.948+0000] {logging_mixin.py:154} INFO - [2023-12-08T02:48:07.937+0000] {dagbag.py:536} INFO - Filling up the DagBag from /home/airflow/.local/lib/python3.8/site-packages/airflow/example_dags/example_sensor_decorator.py
[2023-12-08T02:48:08.000+0000] {processor.py:839} INFO - DAG(s) dict_keys(['example_sensor_decorator']) retrieved from /home/airflow/.local/lib/python3.8/site-packages/airflow/example_dags/example_sensor_decorator.py
[2023-12-08T02:48:08.159+0000] {logging_mixin.py:154} INFO - [2023-12-08T02:48:08.159+0000] {dag.py:2941} INFO - Sync 1 DAGs
[2023-12-08T02:48:08.288+0000] {logging_mixin.py:154} INFO - [2023-12-08T02:48:08.288+0000] {dag.py:3722} INFO - Setting next_dagrun for example_sensor_decorator to None, run_after=None
[2023-12-08T02:48:08.435+0000] {processor.py:179} INFO - Processing /home/airflow/.local/lib/python3.8/site-packages/airflow/example_dags/example_sensor_decorator.py took 0.568 seconds
[2023-12-08T02:48:39.149+0000] {processor.py:157} INFO - Started process (PID=999) to work on /home/airflow/.local/lib/python3.8/site-packages/airflow/example_dags/example_sensor_decorator.py
[2023-12-08T02:48:39.151+0000] {processor.py:829} INFO - Processing file /home/airflow/.local/lib/python3.8/site-packages/airflow/example_dags/example_sensor_decorator.py for tasks to queue
[2023-12-08T02:48:39.154+0000] {logging_mixin.py:154} INFO - [2023-12-08T02:48:39.154+0000] {dagbag.py:536} INFO - Filling up the DagBag from /home/airflow/.local/lib/python3.8/site-packages/airflow/example_dags/example_sensor_decorator.py
[2023-12-08T02:48:39.165+0000] {processor.py:839} INFO - DAG(s) dict_keys(['example_sensor_decorator']) retrieved from /home/airflow/.local/lib/python3.8/site-packages/airflow/example_dags/example_sensor_decorator.py
[2023-12-08T02:48:39.207+0000] {logging_mixin.py:154} INFO - [2023-12-08T02:48:39.207+0000] {dag.py:2941} INFO - Sync 1 DAGs
[2023-12-08T02:48:39.237+0000] {logging_mixin.py:154} INFO - [2023-12-08T02:48:39.237+0000] {dag.py:3722} INFO - Setting next_dagrun for example_sensor_decorator to None, run_after=None
[2023-12-08T02:48:39.493+0000] {processor.py:179} INFO - Processing /home/airflow/.local/lib/python3.8/site-packages/airflow/example_dags/example_sensor_decorator.py took 0.352 seconds
[2023-12-08T02:49:10.236+0000] {processor.py:157} INFO - Started process (PID=1053) to work on /home/airflow/.local/lib/python3.8/site-packages/airflow/example_dags/example_sensor_decorator.py
[2023-12-08T02:49:10.247+0000] {processor.py:829} INFO - Processing file /home/airflow/.local/lib/python3.8/site-packages/airflow/example_dags/example_sensor_decorator.py for tasks to queue
[2023-12-08T02:49:10.254+0000] {logging_mixin.py:154} INFO - [2023-12-08T02:49:10.253+0000] {dagbag.py:536} INFO - Filling up the DagBag from /home/airflow/.local/lib/python3.8/site-packages/airflow/example_dags/example_sensor_decorator.py
[2023-12-08T02:49:10.268+0000] {processor.py:839} INFO - DAG(s) dict_keys(['example_sensor_decorator']) retrieved from /home/airflow/.local/lib/python3.8/site-packages/airflow/example_dags/example_sensor_decorator.py
[2023-12-08T02:49:10.319+0000] {logging_mixin.py:154} INFO - [2023-12-08T02:49:10.318+0000] {dag.py:2941} INFO - Sync 1 DAGs
[2023-12-08T02:49:10.350+0000] {logging_mixin.py:154} INFO - [2023-12-08T02:49:10.350+0000] {dag.py:3722} INFO - Setting next_dagrun for example_sensor_decorator to None, run_after=None
[2023-12-08T02:49:10.395+0000] {processor.py:179} INFO - Processing /home/airflow/.local/lib/python3.8/site-packages/airflow/example_dags/example_sensor_decorator.py took 0.171 seconds
[2023-12-08T02:49:40.879+0000] {processor.py:157} INFO - Started process (PID=1106) to work on /home/airflow/.local/lib/python3.8/site-packages/airflow/example_dags/example_sensor_decorator.py
[2023-12-08T02:49:40.880+0000] {processor.py:829} INFO - Processing file /home/airflow/.local/lib/python3.8/site-packages/airflow/example_dags/example_sensor_decorator.py for tasks to queue
[2023-12-08T02:49:40.883+0000] {logging_mixin.py:154} INFO - [2023-12-08T02:49:40.883+0000] {dagbag.py:536} INFO - Filling up the DagBag from /home/airflow/.local/lib/python3.8/site-packages/airflow/example_dags/example_sensor_decorator.py
[2023-12-08T02:49:40.895+0000] {processor.py:839} INFO - DAG(s) dict_keys(['example_sensor_decorator']) retrieved from /home/airflow/.local/lib/python3.8/site-packages/airflow/example_dags/example_sensor_decorator.py
[2023-12-08T02:49:40.933+0000] {logging_mixin.py:154} INFO - [2023-12-08T02:49:40.933+0000] {dag.py:2941} INFO - Sync 1 DAGs
[2023-12-08T02:49:40.955+0000] {logging_mixin.py:154} INFO - [2023-12-08T02:49:40.955+0000] {dag.py:3722} INFO - Setting next_dagrun for example_sensor_decorator to None, run_after=None
[2023-12-08T02:49:40.996+0000] {processor.py:179} INFO - Processing /home/airflow/.local/lib/python3.8/site-packages/airflow/example_dags/example_sensor_decorator.py took 0.123 seconds
[2023-12-08T02:50:12.277+0000] {processor.py:157} INFO - Started process (PID=1161) to work on /home/airflow/.local/lib/python3.8/site-packages/airflow/example_dags/example_sensor_decorator.py
[2023-12-08T02:50:12.289+0000] {processor.py:829} INFO - Processing file /home/airflow/.local/lib/python3.8/site-packages/airflow/example_dags/example_sensor_decorator.py for tasks to queue
[2023-12-08T02:50:12.308+0000] {logging_mixin.py:154} INFO - [2023-12-08T02:50:12.307+0000] {dagbag.py:536} INFO - Filling up the DagBag from /home/airflow/.local/lib/python3.8/site-packages/airflow/example_dags/example_sensor_decorator.py
[2023-12-08T02:50:12.335+0000] {processor.py:839} INFO - DAG(s) dict_keys(['example_sensor_decorator']) retrieved from /home/airflow/.local/lib/python3.8/site-packages/airflow/example_dags/example_sensor_decorator.py
[2023-12-08T02:50:12.449+0000] {logging_mixin.py:154} INFO - [2023-12-08T02:50:12.447+0000] {dag.py:2941} INFO - Sync 1 DAGs
[2023-12-08T02:50:12.859+0000] {logging_mixin.py:154} INFO - [2023-12-08T02:50:12.859+0000] {dag.py:3722} INFO - Setting next_dagrun for example_sensor_decorator to None, run_after=None
[2023-12-08T02:50:12.945+0000] {processor.py:179} INFO - Processing /home/airflow/.local/lib/python3.8/site-packages/airflow/example_dags/example_sensor_decorator.py took 0.690 seconds
[2023-12-08T02:50:43.295+0000] {processor.py:157} INFO - Started process (PID=1214) to work on /home/airflow/.local/lib/python3.8/site-packages/airflow/example_dags/example_sensor_decorator.py
[2023-12-08T02:50:43.298+0000] {processor.py:829} INFO - Processing file /home/airflow/.local/lib/python3.8/site-packages/airflow/example_dags/example_sensor_decorator.py for tasks to queue
[2023-12-08T02:50:43.302+0000] {logging_mixin.py:154} INFO - [2023-12-08T02:50:43.302+0000] {dagbag.py:536} INFO - Filling up the DagBag from /home/airflow/.local/lib/python3.8/site-packages/airflow/example_dags/example_sensor_decorator.py
[2023-12-08T02:50:43.316+0000] {processor.py:839} INFO - DAG(s) dict_keys(['example_sensor_decorator']) retrieved from /home/airflow/.local/lib/python3.8/site-packages/airflow/example_dags/example_sensor_decorator.py
[2023-12-08T02:50:43.367+0000] {logging_mixin.py:154} INFO - [2023-12-08T02:50:43.367+0000] {dag.py:2941} INFO - Sync 1 DAGs
[2023-12-08T02:50:43.394+0000] {logging_mixin.py:154} INFO - [2023-12-08T02:50:43.394+0000] {dag.py:3722} INFO - Setting next_dagrun for example_sensor_decorator to None, run_after=None
[2023-12-08T02:50:43.658+0000] {processor.py:179} INFO - Processing /home/airflow/.local/lib/python3.8/site-packages/airflow/example_dags/example_sensor_decorator.py took 0.371 seconds
[2023-12-08T02:51:14.632+0000] {processor.py:157} INFO - Started process (PID=1268) to work on /home/airflow/.local/lib/python3.8/site-packages/airflow/example_dags/example_sensor_decorator.py
[2023-12-08T02:51:14.642+0000] {processor.py:829} INFO - Processing file /home/airflow/.local/lib/python3.8/site-packages/airflow/example_dags/example_sensor_decorator.py for tasks to queue
[2023-12-08T02:51:14.645+0000] {logging_mixin.py:154} INFO - [2023-12-08T02:51:14.645+0000] {dagbag.py:536} INFO - Filling up the DagBag from /home/airflow/.local/lib/python3.8/site-packages/airflow/example_dags/example_sensor_decorator.py
[2023-12-08T02:51:14.656+0000] {processor.py:839} INFO - DAG(s) dict_keys(['example_sensor_decorator']) retrieved from /home/airflow/.local/lib/python3.8/site-packages/airflow/example_dags/example_sensor_decorator.py
[2023-12-08T02:51:14.701+0000] {logging_mixin.py:154} INFO - [2023-12-08T02:51:14.701+0000] {dag.py:2941} INFO - Sync 1 DAGs
[2023-12-08T02:51:14.726+0000] {logging_mixin.py:154} INFO - [2023-12-08T02:51:14.726+0000] {dag.py:3722} INFO - Setting next_dagrun for example_sensor_decorator to None, run_after=None
[2023-12-08T02:51:14.759+0000] {processor.py:179} INFO - Processing /home/airflow/.local/lib/python3.8/site-packages/airflow/example_dags/example_sensor_decorator.py took 0.135 seconds
[2023-12-08T02:51:45.460+0000] {processor.py:157} INFO - Started process (PID=1322) to work on /home/airflow/.local/lib/python3.8/site-packages/airflow/example_dags/example_sensor_decorator.py
[2023-12-08T02:51:45.462+0000] {processor.py:829} INFO - Processing file /home/airflow/.local/lib/python3.8/site-packages/airflow/example_dags/example_sensor_decorator.py for tasks to queue
[2023-12-08T02:51:45.466+0000] {logging_mixin.py:154} INFO - [2023-12-08T02:51:45.466+0000] {dagbag.py:536} INFO - Filling up the DagBag from /home/airflow/.local/lib/python3.8/site-packages/airflow/example_dags/example_sensor_decorator.py
[2023-12-08T02:51:45.704+0000] {processor.py:839} INFO - DAG(s) dict_keys(['example_sensor_decorator']) retrieved from /home/airflow/.local/lib/python3.8/site-packages/airflow/example_dags/example_sensor_decorator.py
[2023-12-08T02:51:45.733+0000] {logging_mixin.py:154} INFO - [2023-12-08T02:51:45.732+0000] {dag.py:2941} INFO - Sync 1 DAGs
[2023-12-08T02:51:45.752+0000] {logging_mixin.py:154} INFO - [2023-12-08T02:51:45.752+0000] {dag.py:3722} INFO - Setting next_dagrun for example_sensor_decorator to None, run_after=None
[2023-12-08T02:51:45.790+0000] {processor.py:179} INFO - Processing /home/airflow/.local/lib/python3.8/site-packages/airflow/example_dags/example_sensor_decorator.py took 0.338 seconds
[2023-12-08T02:52:16.139+0000] {processor.py:157} INFO - Started process (PID=1375) to work on /home/airflow/.local/lib/python3.8/site-packages/airflow/example_dags/example_sensor_decorator.py
[2023-12-08T02:52:16.142+0000] {processor.py:829} INFO - Processing file /home/airflow/.local/lib/python3.8/site-packages/airflow/example_dags/example_sensor_decorator.py for tasks to queue
[2023-12-08T02:52:16.146+0000] {logging_mixin.py:154} INFO - [2023-12-08T02:52:16.146+0000] {dagbag.py:536} INFO - Filling up the DagBag from /home/airflow/.local/lib/python3.8/site-packages/airflow/example_dags/example_sensor_decorator.py
[2023-12-08T02:52:16.157+0000] {processor.py:839} INFO - DAG(s) dict_keys(['example_sensor_decorator']) retrieved from /home/airflow/.local/lib/python3.8/site-packages/airflow/example_dags/example_sensor_decorator.py
[2023-12-08T02:52:16.196+0000] {logging_mixin.py:154} INFO - [2023-12-08T02:52:16.196+0000] {dag.py:2941} INFO - Sync 1 DAGs
[2023-12-08T02:52:16.232+0000] {logging_mixin.py:154} INFO - [2023-12-08T02:52:16.231+0000] {dag.py:3722} INFO - Setting next_dagrun for example_sensor_decorator to None, run_after=None
[2023-12-08T02:52:16.267+0000] {processor.py:179} INFO - Processing /home/airflow/.local/lib/python3.8/site-packages/airflow/example_dags/example_sensor_decorator.py took 0.137 seconds
[2023-12-08T02:52:46.735+0000] {processor.py:157} INFO - Started process (PID=1429) to work on /home/airflow/.local/lib/python3.8/site-packages/airflow/example_dags/example_sensor_decorator.py
[2023-12-08T02:52:46.736+0000] {processor.py:829} INFO - Processing file /home/airflow/.local/lib/python3.8/site-packages/airflow/example_dags/example_sensor_decorator.py for tasks to queue
[2023-12-08T02:52:46.745+0000] {logging_mixin.py:154} INFO - [2023-12-08T02:52:46.745+0000] {dagbag.py:536} INFO - Filling up the DagBag from /home/airflow/.local/lib/python3.8/site-packages/airflow/example_dags/example_sensor_decorator.py
[2023-12-08T02:52:46.761+0000] {processor.py:839} INFO - DAG(s) dict_keys(['example_sensor_decorator']) retrieved from /home/airflow/.local/lib/python3.8/site-packages/airflow/example_dags/example_sensor_decorator.py
[2023-12-08T02:52:46.818+0000] {logging_mixin.py:154} INFO - [2023-12-08T02:52:46.817+0000] {dag.py:2941} INFO - Sync 1 DAGs
[2023-12-08T02:52:46.849+0000] {logging_mixin.py:154} INFO - [2023-12-08T02:52:46.848+0000] {dag.py:3722} INFO - Setting next_dagrun for example_sensor_decorator to None, run_after=None
[2023-12-08T02:52:46.894+0000] {processor.py:179} INFO - Processing /home/airflow/.local/lib/python3.8/site-packages/airflow/example_dags/example_sensor_decorator.py took 0.167 seconds
[2023-12-08T02:53:17.335+0000] {processor.py:157} INFO - Started process (PID=1484) to work on /home/airflow/.local/lib/python3.8/site-packages/airflow/example_dags/example_sensor_decorator.py
[2023-12-08T02:53:17.344+0000] {processor.py:829} INFO - Processing file /home/airflow/.local/lib/python3.8/site-packages/airflow/example_dags/example_sensor_decorator.py for tasks to queue
[2023-12-08T02:53:17.351+0000] {logging_mixin.py:154} INFO - [2023-12-08T02:53:17.350+0000] {dagbag.py:536} INFO - Filling up the DagBag from /home/airflow/.local/lib/python3.8/site-packages/airflow/example_dags/example_sensor_decorator.py
[2023-12-08T02:53:17.373+0000] {processor.py:839} INFO - DAG(s) dict_keys(['example_sensor_decorator']) retrieved from /home/airflow/.local/lib/python3.8/site-packages/airflow/example_dags/example_sensor_decorator.py
[2023-12-08T02:53:17.452+0000] {logging_mixin.py:154} INFO - [2023-12-08T02:53:17.451+0000] {dag.py:2941} INFO - Sync 1 DAGs
[2023-12-08T02:53:17.502+0000] {logging_mixin.py:154} INFO - [2023-12-08T02:53:17.502+0000] {dag.py:3722} INFO - Setting next_dagrun for example_sensor_decorator to None, run_after=None
[2023-12-08T02:53:17.553+0000] {processor.py:179} INFO - Processing /home/airflow/.local/lib/python3.8/site-packages/airflow/example_dags/example_sensor_decorator.py took 0.234 seconds
[2023-12-08T02:53:47.776+0000] {processor.py:157} INFO - Started process (PID=1537) to work on /home/airflow/.local/lib/python3.8/site-packages/airflow/example_dags/example_sensor_decorator.py
[2023-12-08T02:53:47.779+0000] {processor.py:829} INFO - Processing file /home/airflow/.local/lib/python3.8/site-packages/airflow/example_dags/example_sensor_decorator.py for tasks to queue
[2023-12-08T02:53:47.783+0000] {logging_mixin.py:154} INFO - [2023-12-08T02:53:47.783+0000] {dagbag.py:536} INFO - Filling up the DagBag from /home/airflow/.local/lib/python3.8/site-packages/airflow/example_dags/example_sensor_decorator.py
[2023-12-08T02:53:47.797+0000] {processor.py:839} INFO - DAG(s) dict_keys(['example_sensor_decorator']) retrieved from /home/airflow/.local/lib/python3.8/site-packages/airflow/example_dags/example_sensor_decorator.py
[2023-12-08T02:53:47.836+0000] {logging_mixin.py:154} INFO - [2023-12-08T02:53:47.835+0000] {dag.py:2941} INFO - Sync 1 DAGs
[2023-12-08T02:53:47.868+0000] {logging_mixin.py:154} INFO - [2023-12-08T02:53:47.867+0000] {dag.py:3722} INFO - Setting next_dagrun for example_sensor_decorator to None, run_after=None
[2023-12-08T02:53:47.908+0000] {processor.py:179} INFO - Processing /home/airflow/.local/lib/python3.8/site-packages/airflow/example_dags/example_sensor_decorator.py took 0.139 seconds
[2023-12-08T02:54:18.093+0000] {processor.py:157} INFO - Started process (PID=1592) to work on /home/airflow/.local/lib/python3.8/site-packages/airflow/example_dags/example_sensor_decorator.py
[2023-12-08T02:54:18.094+0000] {processor.py:829} INFO - Processing file /home/airflow/.local/lib/python3.8/site-packages/airflow/example_dags/example_sensor_decorator.py for tasks to queue
[2023-12-08T02:54:18.100+0000] {logging_mixin.py:154} INFO - [2023-12-08T02:54:18.100+0000] {dagbag.py:536} INFO - Filling up the DagBag from /home/airflow/.local/lib/python3.8/site-packages/airflow/example_dags/example_sensor_decorator.py
[2023-12-08T02:54:18.117+0000] {processor.py:839} INFO - DAG(s) dict_keys(['example_sensor_decorator']) retrieved from /home/airflow/.local/lib/python3.8/site-packages/airflow/example_dags/example_sensor_decorator.py
[2023-12-08T02:54:18.168+0000] {logging_mixin.py:154} INFO - [2023-12-08T02:54:18.167+0000] {dag.py:2941} INFO - Sync 1 DAGs
[2023-12-08T02:54:18.210+0000] {logging_mixin.py:154} INFO - [2023-12-08T02:54:18.210+0000] {dag.py:3722} INFO - Setting next_dagrun for example_sensor_decorator to None, run_after=None
[2023-12-08T02:54:18.259+0000] {processor.py:179} INFO - Processing /home/airflow/.local/lib/python3.8/site-packages/airflow/example_dags/example_sensor_decorator.py took 0.175 seconds
[2023-12-08T02:54:48.538+0000] {processor.py:157} INFO - Started process (PID=1646) to work on /home/airflow/.local/lib/python3.8/site-packages/airflow/example_dags/example_sensor_decorator.py
[2023-12-08T02:54:48.540+0000] {processor.py:829} INFO - Processing file /home/airflow/.local/lib/python3.8/site-packages/airflow/example_dags/example_sensor_decorator.py for tasks to queue
[2023-12-08T02:54:48.545+0000] {logging_mixin.py:154} INFO - [2023-12-08T02:54:48.545+0000] {dagbag.py:536} INFO - Filling up the DagBag from /home/airflow/.local/lib/python3.8/site-packages/airflow/example_dags/example_sensor_decorator.py
[2023-12-08T02:54:48.555+0000] {processor.py:839} INFO - DAG(s) dict_keys(['example_sensor_decorator']) retrieved from /home/airflow/.local/lib/python3.8/site-packages/airflow/example_dags/example_sensor_decorator.py
[2023-12-08T02:54:48.594+0000] {logging_mixin.py:154} INFO - [2023-12-08T02:54:48.593+0000] {dag.py:2941} INFO - Sync 1 DAGs
[2023-12-08T02:54:48.624+0000] {logging_mixin.py:154} INFO - [2023-12-08T02:54:48.624+0000] {dag.py:3722} INFO - Setting next_dagrun for example_sensor_decorator to None, run_after=None
[2023-12-08T02:54:48.664+0000] {processor.py:179} INFO - Processing /home/airflow/.local/lib/python3.8/site-packages/airflow/example_dags/example_sensor_decorator.py took 0.135 seconds
[2023-12-08T02:55:19.181+0000] {processor.py:157} INFO - Started process (PID=1700) to work on /home/airflow/.local/lib/python3.8/site-packages/airflow/example_dags/example_sensor_decorator.py
[2023-12-08T02:55:19.185+0000] {processor.py:829} INFO - Processing file /home/airflow/.local/lib/python3.8/site-packages/airflow/example_dags/example_sensor_decorator.py for tasks to queue
[2023-12-08T02:55:19.198+0000] {logging_mixin.py:154} INFO - [2023-12-08T02:55:19.197+0000] {dagbag.py:536} INFO - Filling up the DagBag from /home/airflow/.local/lib/python3.8/site-packages/airflow/example_dags/example_sensor_decorator.py
[2023-12-08T02:55:19.226+0000] {processor.py:839} INFO - DAG(s) dict_keys(['example_sensor_decorator']) retrieved from /home/airflow/.local/lib/python3.8/site-packages/airflow/example_dags/example_sensor_decorator.py
[2023-12-08T02:55:19.263+0000] {logging_mixin.py:154} INFO - [2023-12-08T02:55:19.263+0000] {dag.py:2941} INFO - Sync 1 DAGs
[2023-12-08T02:55:19.288+0000] {logging_mixin.py:154} INFO - [2023-12-08T02:55:19.288+0000] {dag.py:3722} INFO - Setting next_dagrun for example_sensor_decorator to None, run_after=None
[2023-12-08T02:55:19.323+0000] {processor.py:179} INFO - Processing /home/airflow/.local/lib/python3.8/site-packages/airflow/example_dags/example_sensor_decorator.py took 0.163 seconds
[2023-12-08T02:55:50.202+0000] {processor.py:157} INFO - Started process (PID=1755) to work on /home/airflow/.local/lib/python3.8/site-packages/airflow/example_dags/example_sensor_decorator.py
[2023-12-08T02:55:50.206+0000] {processor.py:829} INFO - Processing file /home/airflow/.local/lib/python3.8/site-packages/airflow/example_dags/example_sensor_decorator.py for tasks to queue
[2023-12-08T02:55:50.211+0000] {logging_mixin.py:154} INFO - [2023-12-08T02:55:50.210+0000] {dagbag.py:536} INFO - Filling up the DagBag from /home/airflow/.local/lib/python3.8/site-packages/airflow/example_dags/example_sensor_decorator.py
[2023-12-08T02:55:50.230+0000] {processor.py:839} INFO - DAG(s) dict_keys(['example_sensor_decorator']) retrieved from /home/airflow/.local/lib/python3.8/site-packages/airflow/example_dags/example_sensor_decorator.py
[2023-12-08T02:55:50.290+0000] {logging_mixin.py:154} INFO - [2023-12-08T02:55:50.289+0000] {dag.py:2941} INFO - Sync 1 DAGs
[2023-12-08T02:55:50.329+0000] {logging_mixin.py:154} INFO - [2023-12-08T02:55:50.329+0000] {dag.py:3722} INFO - Setting next_dagrun for example_sensor_decorator to None, run_after=None
[2023-12-08T02:55:50.383+0000] {processor.py:179} INFO - Processing /home/airflow/.local/lib/python3.8/site-packages/airflow/example_dags/example_sensor_decorator.py took 0.210 seconds
[2023-12-08T02:56:21.021+0000] {processor.py:157} INFO - Started process (PID=1809) to work on /home/airflow/.local/lib/python3.8/site-packages/airflow/example_dags/example_sensor_decorator.py
[2023-12-08T02:56:21.023+0000] {processor.py:829} INFO - Processing file /home/airflow/.local/lib/python3.8/site-packages/airflow/example_dags/example_sensor_decorator.py for tasks to queue
[2023-12-08T02:56:21.028+0000] {logging_mixin.py:154} INFO - [2023-12-08T02:56:21.027+0000] {dagbag.py:536} INFO - Filling up the DagBag from /home/airflow/.local/lib/python3.8/site-packages/airflow/example_dags/example_sensor_decorator.py
[2023-12-08T02:56:21.039+0000] {processor.py:839} INFO - DAG(s) dict_keys(['example_sensor_decorator']) retrieved from /home/airflow/.local/lib/python3.8/site-packages/airflow/example_dags/example_sensor_decorator.py
[2023-12-08T02:56:21.076+0000] {logging_mixin.py:154} INFO - [2023-12-08T02:56:21.075+0000] {dag.py:2941} INFO - Sync 1 DAGs
[2023-12-08T02:56:21.102+0000] {logging_mixin.py:154} INFO - [2023-12-08T02:56:21.101+0000] {dag.py:3722} INFO - Setting next_dagrun for example_sensor_decorator to None, run_after=None
[2023-12-08T02:56:21.138+0000] {processor.py:179} INFO - Processing /home/airflow/.local/lib/python3.8/site-packages/airflow/example_dags/example_sensor_decorator.py took 0.126 seconds
[2023-12-08T02:56:51.963+0000] {processor.py:157} INFO - Started process (PID=1863) to work on /home/airflow/.local/lib/python3.8/site-packages/airflow/example_dags/example_sensor_decorator.py
[2023-12-08T02:56:51.965+0000] {processor.py:829} INFO - Processing file /home/airflow/.local/lib/python3.8/site-packages/airflow/example_dags/example_sensor_decorator.py for tasks to queue
[2023-12-08T02:56:51.973+0000] {logging_mixin.py:154} INFO - [2023-12-08T02:56:51.972+0000] {dagbag.py:536} INFO - Filling up the DagBag from /home/airflow/.local/lib/python3.8/site-packages/airflow/example_dags/example_sensor_decorator.py
[2023-12-08T02:56:51.988+0000] {processor.py:839} INFO - DAG(s) dict_keys(['example_sensor_decorator']) retrieved from /home/airflow/.local/lib/python3.8/site-packages/airflow/example_dags/example_sensor_decorator.py
[2023-12-08T02:56:52.039+0000] {logging_mixin.py:154} INFO - [2023-12-08T02:56:52.038+0000] {dag.py:2941} INFO - Sync 1 DAGs
[2023-12-08T02:56:52.068+0000] {logging_mixin.py:154} INFO - [2023-12-08T02:56:52.068+0000] {dag.py:3722} INFO - Setting next_dagrun for example_sensor_decorator to None, run_after=None
[2023-12-08T02:56:52.108+0000] {processor.py:179} INFO - Processing /home/airflow/.local/lib/python3.8/site-packages/airflow/example_dags/example_sensor_decorator.py took 0.152 seconds
