[2023-12-08T02:39:18.959+0000] {processor.py:157} INFO - Started process (PID=71) to work on /home/airflow/.local/lib/python3.8/site-packages/airflow/example_dags/example_sensors.py
[2023-12-08T02:39:18.961+0000] {processor.py:829} INFO - Processing file /home/airflow/.local/lib/python3.8/site-packages/airflow/example_dags/example_sensors.py for tasks to queue
[2023-12-08T02:39:18.987+0000] {logging_mixin.py:154} INFO - [2023-12-08T02:39:18.981+0000] {dagbag.py:536} INFO - Filling up the DagBag from /home/airflow/.local/lib/python3.8/site-packages/airflow/example_dags/example_sensors.py
[2023-12-08T02:39:19.094+0000] {processor.py:839} INFO - DAG(s) dict_keys(['example_sensors']) retrieved from /home/airflow/.local/lib/python3.8/site-packages/airflow/example_dags/example_sensors.py
[2023-12-08T02:39:19.345+0000] {logging_mixin.py:154} INFO - [2023-12-08T02:39:19.345+0000] {dag.py:2941} INFO - Sync 1 DAGs
[2023-12-08T02:39:19.522+0000] {logging_mixin.py:154} INFO - [2023-12-08T02:39:19.509+0000] {dag.py:3722} INFO - Setting next_dagrun for example_sensors to None, run_after=None
[2023-12-08T02:39:19.754+0000] {processor.py:179} INFO - Processing /home/airflow/.local/lib/python3.8/site-packages/airflow/example_dags/example_sensors.py took 0.823 seconds
[2023-12-08T02:39:51.553+0000] {processor.py:157} INFO - Started process (PID=125) to work on /home/airflow/.local/lib/python3.8/site-packages/airflow/example_dags/example_sensors.py
[2023-12-08T02:39:51.562+0000] {processor.py:829} INFO - Processing file /home/airflow/.local/lib/python3.8/site-packages/airflow/example_dags/example_sensors.py for tasks to queue
[2023-12-08T02:39:51.568+0000] {logging_mixin.py:154} INFO - [2023-12-08T02:39:51.567+0000] {dagbag.py:536} INFO - Filling up the DagBag from /home/airflow/.local/lib/python3.8/site-packages/airflow/example_dags/example_sensors.py
[2023-12-08T02:39:51.603+0000] {processor.py:839} INFO - DAG(s) dict_keys(['example_sensors']) retrieved from /home/airflow/.local/lib/python3.8/site-packages/airflow/example_dags/example_sensors.py
[2023-12-08T02:39:51.713+0000] {logging_mixin.py:154} INFO - [2023-12-08T02:39:51.712+0000] {dag.py:2941} INFO - Sync 1 DAGs
[2023-12-08T02:39:51.744+0000] {logging_mixin.py:154} INFO - [2023-12-08T02:39:51.744+0000] {dag.py:3722} INFO - Setting next_dagrun for example_sensors to None, run_after=None
[2023-12-08T02:39:51.784+0000] {processor.py:179} INFO - Processing /home/airflow/.local/lib/python3.8/site-packages/airflow/example_dags/example_sensors.py took 0.248 seconds
[2023-12-08T02:40:23.544+0000] {processor.py:157} INFO - Started process (PID=179) to work on /home/airflow/.local/lib/python3.8/site-packages/airflow/example_dags/example_sensors.py
[2023-12-08T02:40:23.546+0000] {processor.py:829} INFO - Processing file /home/airflow/.local/lib/python3.8/site-packages/airflow/example_dags/example_sensors.py for tasks to queue
[2023-12-08T02:40:23.551+0000] {logging_mixin.py:154} INFO - [2023-12-08T02:40:23.551+0000] {dagbag.py:536} INFO - Filling up the DagBag from /home/airflow/.local/lib/python3.8/site-packages/airflow/example_dags/example_sensors.py
[2023-12-08T02:40:23.578+0000] {processor.py:839} INFO - DAG(s) dict_keys(['example_sensors']) retrieved from /home/airflow/.local/lib/python3.8/site-packages/airflow/example_dags/example_sensors.py
[2023-12-08T02:40:23.632+0000] {logging_mixin.py:154} INFO - [2023-12-08T02:40:23.632+0000] {dag.py:2941} INFO - Sync 1 DAGs
[2023-12-08T02:40:23.689+0000] {logging_mixin.py:154} INFO - [2023-12-08T02:40:23.688+0000] {dag.py:3722} INFO - Setting next_dagrun for example_sensors to None, run_after=None
[2023-12-08T02:40:23.762+0000] {processor.py:179} INFO - Processing /home/airflow/.local/lib/python3.8/site-packages/airflow/example_dags/example_sensors.py took 0.225 seconds
[2023-12-08T02:40:54.997+0000] {processor.py:157} INFO - Started process (PID=233) to work on /home/airflow/.local/lib/python3.8/site-packages/airflow/example_dags/example_sensors.py
[2023-12-08T02:40:55.011+0000] {processor.py:829} INFO - Processing file /home/airflow/.local/lib/python3.8/site-packages/airflow/example_dags/example_sensors.py for tasks to queue
[2023-12-08T02:40:55.031+0000] {logging_mixin.py:154} INFO - [2023-12-08T02:40:55.030+0000] {dagbag.py:536} INFO - Filling up the DagBag from /home/airflow/.local/lib/python3.8/site-packages/airflow/example_dags/example_sensors.py
[2023-12-08T02:40:55.125+0000] {processor.py:839} INFO - DAG(s) dict_keys(['example_sensors']) retrieved from /home/airflow/.local/lib/python3.8/site-packages/airflow/example_dags/example_sensors.py
[2023-12-08T02:40:55.295+0000] {logging_mixin.py:154} INFO - [2023-12-08T02:40:55.295+0000] {dag.py:2941} INFO - Sync 1 DAGs
[2023-12-08T02:40:55.496+0000] {logging_mixin.py:154} INFO - [2023-12-08T02:40:55.495+0000] {dag.py:3722} INFO - Setting next_dagrun for example_sensors to None, run_after=None
[2023-12-08T02:40:55.657+0000] {processor.py:179} INFO - Processing /home/airflow/.local/lib/python3.8/site-packages/airflow/example_dags/example_sensors.py took 0.673 seconds
[2023-12-08T02:41:25.810+0000] {processor.py:157} INFO - Started process (PID=286) to work on /home/airflow/.local/lib/python3.8/site-packages/airflow/example_dags/example_sensors.py
[2023-12-08T02:41:25.812+0000] {processor.py:829} INFO - Processing file /home/airflow/.local/lib/python3.8/site-packages/airflow/example_dags/example_sensors.py for tasks to queue
[2023-12-08T02:41:25.816+0000] {logging_mixin.py:154} INFO - [2023-12-08T02:41:25.815+0000] {dagbag.py:536} INFO - Filling up the DagBag from /home/airflow/.local/lib/python3.8/site-packages/airflow/example_dags/example_sensors.py
[2023-12-08T02:41:25.833+0000] {processor.py:839} INFO - DAG(s) dict_keys(['example_sensors']) retrieved from /home/airflow/.local/lib/python3.8/site-packages/airflow/example_dags/example_sensors.py
[2023-12-08T02:41:25.920+0000] {logging_mixin.py:154} INFO - [2023-12-08T02:41:25.920+0000] {dag.py:2941} INFO - Sync 1 DAGs
[2023-12-08T02:41:26.017+0000] {logging_mixin.py:154} INFO - [2023-12-08T02:41:26.017+0000] {dag.py:3722} INFO - Setting next_dagrun for example_sensors to None, run_after=None
[2023-12-08T02:41:26.087+0000] {processor.py:179} INFO - Processing /home/airflow/.local/lib/python3.8/site-packages/airflow/example_dags/example_sensors.py took 0.284 seconds
[2023-12-08T02:41:57.697+0000] {processor.py:157} INFO - Started process (PID=341) to work on /home/airflow/.local/lib/python3.8/site-packages/airflow/example_dags/example_sensors.py
[2023-12-08T02:41:57.700+0000] {processor.py:829} INFO - Processing file /home/airflow/.local/lib/python3.8/site-packages/airflow/example_dags/example_sensors.py for tasks to queue
[2023-12-08T02:41:57.706+0000] {logging_mixin.py:154} INFO - [2023-12-08T02:41:57.705+0000] {dagbag.py:536} INFO - Filling up the DagBag from /home/airflow/.local/lib/python3.8/site-packages/airflow/example_dags/example_sensors.py
[2023-12-08T02:41:57.733+0000] {processor.py:839} INFO - DAG(s) dict_keys(['example_sensors']) retrieved from /home/airflow/.local/lib/python3.8/site-packages/airflow/example_dags/example_sensors.py
[2023-12-08T02:41:57.787+0000] {logging_mixin.py:154} INFO - [2023-12-08T02:41:57.787+0000] {dag.py:2941} INFO - Sync 1 DAGs
[2023-12-08T02:41:57.815+0000] {logging_mixin.py:154} INFO - [2023-12-08T02:41:57.814+0000] {dag.py:3722} INFO - Setting next_dagrun for example_sensors to None, run_after=None
[2023-12-08T02:41:57.873+0000] {processor.py:179} INFO - Processing /home/airflow/.local/lib/python3.8/site-packages/airflow/example_dags/example_sensors.py took 0.192 seconds
[2023-12-08T02:42:30.877+0000] {processor.py:157} INFO - Started process (PID=395) to work on /home/airflow/.local/lib/python3.8/site-packages/airflow/example_dags/example_sensors.py
[2023-12-08T02:42:30.891+0000] {processor.py:829} INFO - Processing file /home/airflow/.local/lib/python3.8/site-packages/airflow/example_dags/example_sensors.py for tasks to queue
[2023-12-08T02:42:30.923+0000] {logging_mixin.py:154} INFO - [2023-12-08T02:42:30.922+0000] {dagbag.py:536} INFO - Filling up the DagBag from /home/airflow/.local/lib/python3.8/site-packages/airflow/example_dags/example_sensors.py
[2023-12-08T02:42:31.023+0000] {processor.py:839} INFO - DAG(s) dict_keys(['example_sensors']) retrieved from /home/airflow/.local/lib/python3.8/site-packages/airflow/example_dags/example_sensors.py
[2023-12-08T02:42:31.240+0000] {logging_mixin.py:154} INFO - [2023-12-08T02:42:31.240+0000] {dag.py:2941} INFO - Sync 1 DAGs
[2023-12-08T02:42:31.366+0000] {logging_mixin.py:154} INFO - [2023-12-08T02:42:31.366+0000] {dag.py:3722} INFO - Setting next_dagrun for example_sensors to None, run_after=None
[2023-12-08T02:42:31.543+0000] {processor.py:179} INFO - Processing /home/airflow/.local/lib/python3.8/site-packages/airflow/example_dags/example_sensors.py took 0.701 seconds
[2023-12-08T02:43:06.801+0000] {processor.py:157} INFO - Started process (PID=449) to work on /home/airflow/.local/lib/python3.8/site-packages/airflow/example_dags/example_sensors.py
[2023-12-08T02:43:06.804+0000] {processor.py:829} INFO - Processing file /home/airflow/.local/lib/python3.8/site-packages/airflow/example_dags/example_sensors.py for tasks to queue
[2023-12-08T02:43:06.814+0000] {logging_mixin.py:154} INFO - [2023-12-08T02:43:06.813+0000] {dagbag.py:536} INFO - Filling up the DagBag from /home/airflow/.local/lib/python3.8/site-packages/airflow/example_dags/example_sensors.py
[2023-12-08T02:43:06.854+0000] {processor.py:839} INFO - DAG(s) dict_keys(['example_sensors']) retrieved from /home/airflow/.local/lib/python3.8/site-packages/airflow/example_dags/example_sensors.py
[2023-12-08T02:43:07.065+0000] {logging_mixin.py:154} INFO - [2023-12-08T02:43:07.065+0000] {dag.py:2941} INFO - Sync 1 DAGs
[2023-12-08T02:43:07.204+0000] {logging_mixin.py:154} INFO - [2023-12-08T02:43:07.204+0000] {dag.py:3722} INFO - Setting next_dagrun for example_sensors to None, run_after=None
[2023-12-08T02:43:07.394+0000] {processor.py:179} INFO - Processing /home/airflow/.local/lib/python3.8/site-packages/airflow/example_dags/example_sensors.py took 0.603 seconds
[2023-12-08T02:43:41.478+0000] {processor.py:157} INFO - Started process (PID=504) to work on /home/airflow/.local/lib/python3.8/site-packages/airflow/example_dags/example_sensors.py
[2023-12-08T02:43:41.556+0000] {processor.py:829} INFO - Processing file /home/airflow/.local/lib/python3.8/site-packages/airflow/example_dags/example_sensors.py for tasks to queue
[2023-12-08T02:43:41.575+0000] {logging_mixin.py:154} INFO - [2023-12-08T02:43:41.573+0000] {dagbag.py:536} INFO - Filling up the DagBag from /home/airflow/.local/lib/python3.8/site-packages/airflow/example_dags/example_sensors.py
[2023-12-08T02:43:41.692+0000] {processor.py:839} INFO - DAG(s) dict_keys(['example_sensors']) retrieved from /home/airflow/.local/lib/python3.8/site-packages/airflow/example_dags/example_sensors.py
[2023-12-08T02:43:41.865+0000] {logging_mixin.py:154} INFO - [2023-12-08T02:43:41.865+0000] {dag.py:2941} INFO - Sync 1 DAGs
[2023-12-08T02:43:41.960+0000] {logging_mixin.py:154} INFO - [2023-12-08T02:43:41.959+0000] {dag.py:3722} INFO - Setting next_dagrun for example_sensors to None, run_after=None
[2023-12-08T02:43:42.112+0000] {processor.py:179} INFO - Processing /home/airflow/.local/lib/python3.8/site-packages/airflow/example_dags/example_sensors.py took 0.680 seconds
[2023-12-08T02:44:12.720+0000] {processor.py:157} INFO - Started process (PID=558) to work on /home/airflow/.local/lib/python3.8/site-packages/airflow/example_dags/example_sensors.py
[2023-12-08T02:44:12.722+0000] {processor.py:829} INFO - Processing file /home/airflow/.local/lib/python3.8/site-packages/airflow/example_dags/example_sensors.py for tasks to queue
[2023-12-08T02:44:12.726+0000] {logging_mixin.py:154} INFO - [2023-12-08T02:44:12.726+0000] {dagbag.py:536} INFO - Filling up the DagBag from /home/airflow/.local/lib/python3.8/site-packages/airflow/example_dags/example_sensors.py
[2023-12-08T02:44:12.742+0000] {processor.py:839} INFO - DAG(s) dict_keys(['example_sensors']) retrieved from /home/airflow/.local/lib/python3.8/site-packages/airflow/example_dags/example_sensors.py
[2023-12-08T02:44:12.785+0000] {logging_mixin.py:154} INFO - [2023-12-08T02:44:12.784+0000] {dag.py:2941} INFO - Sync 1 DAGs
[2023-12-08T02:44:12.808+0000] {logging_mixin.py:154} INFO - [2023-12-08T02:44:12.808+0000] {dag.py:3722} INFO - Setting next_dagrun for example_sensors to None, run_after=None
[2023-12-08T02:44:12.840+0000] {processor.py:179} INFO - Processing /home/airflow/.local/lib/python3.8/site-packages/airflow/example_dags/example_sensors.py took 0.130 seconds
[2023-12-08T02:44:43.032+0000] {processor.py:157} INFO - Started process (PID=613) to work on /home/airflow/.local/lib/python3.8/site-packages/airflow/example_dags/example_sensors.py
[2023-12-08T02:44:43.041+0000] {processor.py:829} INFO - Processing file /home/airflow/.local/lib/python3.8/site-packages/airflow/example_dags/example_sensors.py for tasks to queue
[2023-12-08T02:44:43.048+0000] {logging_mixin.py:154} INFO - [2023-12-08T02:44:43.047+0000] {dagbag.py:536} INFO - Filling up the DagBag from /home/airflow/.local/lib/python3.8/site-packages/airflow/example_dags/example_sensors.py
[2023-12-08T02:44:43.089+0000] {processor.py:839} INFO - DAG(s) dict_keys(['example_sensors']) retrieved from /home/airflow/.local/lib/python3.8/site-packages/airflow/example_dags/example_sensors.py
[2023-12-08T02:44:43.256+0000] {logging_mixin.py:154} INFO - [2023-12-08T02:44:43.255+0000] {dag.py:2941} INFO - Sync 1 DAGs
[2023-12-08T02:44:43.307+0000] {logging_mixin.py:154} INFO - [2023-12-08T02:44:43.307+0000] {dag.py:3722} INFO - Setting next_dagrun for example_sensors to None, run_after=None
[2023-12-08T02:44:43.423+0000] {processor.py:179} INFO - Processing /home/airflow/.local/lib/python3.8/site-packages/airflow/example_dags/example_sensors.py took 0.399 seconds
[2023-12-08T02:45:13.845+0000] {processor.py:157} INFO - Started process (PID=667) to work on /home/airflow/.local/lib/python3.8/site-packages/airflow/example_dags/example_sensors.py
[2023-12-08T02:45:13.846+0000] {processor.py:829} INFO - Processing file /home/airflow/.local/lib/python3.8/site-packages/airflow/example_dags/example_sensors.py for tasks to queue
[2023-12-08T02:45:13.849+0000] {logging_mixin.py:154} INFO - [2023-12-08T02:45:13.849+0000] {dagbag.py:536} INFO - Filling up the DagBag from /home/airflow/.local/lib/python3.8/site-packages/airflow/example_dags/example_sensors.py
[2023-12-08T02:45:13.872+0000] {processor.py:839} INFO - DAG(s) dict_keys(['example_sensors']) retrieved from /home/airflow/.local/lib/python3.8/site-packages/airflow/example_dags/example_sensors.py
[2023-12-08T02:45:13.921+0000] {logging_mixin.py:154} INFO - [2023-12-08T02:45:13.920+0000] {dag.py:2941} INFO - Sync 1 DAGs
[2023-12-08T02:45:13.943+0000] {logging_mixin.py:154} INFO - [2023-12-08T02:45:13.942+0000] {dag.py:3722} INFO - Setting next_dagrun for example_sensors to None, run_after=None
[2023-12-08T02:45:13.994+0000] {processor.py:179} INFO - Processing /home/airflow/.local/lib/python3.8/site-packages/airflow/example_dags/example_sensors.py took 0.156 seconds
[2023-12-08T02:45:44.958+0000] {processor.py:157} INFO - Started process (PID=719) to work on /home/airflow/.local/lib/python3.8/site-packages/airflow/example_dags/example_sensors.py
[2023-12-08T02:45:45.065+0000] {processor.py:829} INFO - Processing file /home/airflow/.local/lib/python3.8/site-packages/airflow/example_dags/example_sensors.py for tasks to queue
[2023-12-08T02:45:45.083+0000] {logging_mixin.py:154} INFO - [2023-12-08T02:45:45.082+0000] {dagbag.py:536} INFO - Filling up the DagBag from /home/airflow/.local/lib/python3.8/site-packages/airflow/example_dags/example_sensors.py
[2023-12-08T02:45:45.322+0000] {processor.py:839} INFO - DAG(s) dict_keys(['example_sensors']) retrieved from /home/airflow/.local/lib/python3.8/site-packages/airflow/example_dags/example_sensors.py
[2023-12-08T02:45:45.587+0000] {logging_mixin.py:154} INFO - [2023-12-08T02:45:45.586+0000] {dag.py:2941} INFO - Sync 1 DAGs
[2023-12-08T02:45:45.877+0000] {logging_mixin.py:154} INFO - [2023-12-08T02:45:45.877+0000] {dag.py:3722} INFO - Setting next_dagrun for example_sensors to None, run_after=None
[2023-12-08T02:45:46.136+0000] {processor.py:179} INFO - Processing /home/airflow/.local/lib/python3.8/site-packages/airflow/example_dags/example_sensors.py took 1.213 seconds
[2023-12-08T02:46:16.555+0000] {processor.py:157} INFO - Started process (PID=771) to work on /home/airflow/.local/lib/python3.8/site-packages/airflow/example_dags/example_sensors.py
[2023-12-08T02:46:16.563+0000] {processor.py:829} INFO - Processing file /home/airflow/.local/lib/python3.8/site-packages/airflow/example_dags/example_sensors.py for tasks to queue
[2023-12-08T02:46:16.595+0000] {logging_mixin.py:154} INFO - [2023-12-08T02:46:16.595+0000] {dagbag.py:536} INFO - Filling up the DagBag from /home/airflow/.local/lib/python3.8/site-packages/airflow/example_dags/example_sensors.py
[2023-12-08T02:46:16.742+0000] {processor.py:839} INFO - DAG(s) dict_keys(['example_sensors']) retrieved from /home/airflow/.local/lib/python3.8/site-packages/airflow/example_dags/example_sensors.py
[2023-12-08T02:46:17.134+0000] {logging_mixin.py:154} INFO - [2023-12-08T02:46:17.133+0000] {dag.py:2941} INFO - Sync 1 DAGs
[2023-12-08T02:46:17.524+0000] {logging_mixin.py:154} INFO - [2023-12-08T02:46:17.524+0000] {dag.py:3722} INFO - Setting next_dagrun for example_sensors to None, run_after=None
[2023-12-08T02:46:17.996+0000] {processor.py:179} INFO - Processing /home/airflow/.local/lib/python3.8/site-packages/airflow/example_dags/example_sensors.py took 1.596 seconds
[2023-12-08T02:46:56.856+0000] {processor.py:157} INFO - Started process (PID=832) to work on /home/airflow/.local/lib/python3.8/site-packages/airflow/example_dags/example_sensors.py
[2023-12-08T02:46:56.867+0000] {processor.py:829} INFO - Processing file /home/airflow/.local/lib/python3.8/site-packages/airflow/example_dags/example_sensors.py for tasks to queue
[2023-12-08T02:46:56.875+0000] {logging_mixin.py:154} INFO - [2023-12-08T02:46:56.874+0000] {dagbag.py:536} INFO - Filling up the DagBag from /home/airflow/.local/lib/python3.8/site-packages/airflow/example_dags/example_sensors.py
[2023-12-08T02:46:56.946+0000] {processor.py:839} INFO - DAG(s) dict_keys(['example_sensors']) retrieved from /home/airflow/.local/lib/python3.8/site-packages/airflow/example_dags/example_sensors.py
[2023-12-08T02:46:57.125+0000] {logging_mixin.py:154} INFO - [2023-12-08T02:46:57.124+0000] {dag.py:2941} INFO - Sync 1 DAGs
[2023-12-08T02:46:57.287+0000] {logging_mixin.py:154} INFO - [2023-12-08T02:46:57.287+0000] {dag.py:3722} INFO - Setting next_dagrun for example_sensors to None, run_after=None
[2023-12-08T02:46:57.470+0000] {processor.py:179} INFO - Processing /home/airflow/.local/lib/python3.8/site-packages/airflow/example_dags/example_sensors.py took 0.632 seconds
[2023-12-08T02:47:28.594+0000] {processor.py:157} INFO - Started process (PID=886) to work on /home/airflow/.local/lib/python3.8/site-packages/airflow/example_dags/example_sensors.py
[2023-12-08T02:47:28.611+0000] {processor.py:829} INFO - Processing file /home/airflow/.local/lib/python3.8/site-packages/airflow/example_dags/example_sensors.py for tasks to queue
[2023-12-08T02:47:28.619+0000] {logging_mixin.py:154} INFO - [2023-12-08T02:47:28.618+0000] {dagbag.py:536} INFO - Filling up the DagBag from /home/airflow/.local/lib/python3.8/site-packages/airflow/example_dags/example_sensors.py
[2023-12-08T02:47:28.704+0000] {processor.py:839} INFO - DAG(s) dict_keys(['example_sensors']) retrieved from /home/airflow/.local/lib/python3.8/site-packages/airflow/example_dags/example_sensors.py
[2023-12-08T02:47:28.916+0000] {logging_mixin.py:154} INFO - [2023-12-08T02:47:28.916+0000] {dag.py:2941} INFO - Sync 1 DAGs
[2023-12-08T02:47:29.013+0000] {logging_mixin.py:154} INFO - [2023-12-08T02:47:29.012+0000] {dag.py:3722} INFO - Setting next_dagrun for example_sensors to None, run_after=None
[2023-12-08T02:47:29.399+0000] {processor.py:179} INFO - Processing /home/airflow/.local/lib/python3.8/site-packages/airflow/example_dags/example_sensors.py took 0.826 seconds
[2023-12-08T02:48:01.954+0000] {processor.py:157} INFO - Started process (PID=940) to work on /home/airflow/.local/lib/python3.8/site-packages/airflow/example_dags/example_sensors.py
[2023-12-08T02:48:01.968+0000] {processor.py:829} INFO - Processing file /home/airflow/.local/lib/python3.8/site-packages/airflow/example_dags/example_sensors.py for tasks to queue
[2023-12-08T02:48:01.999+0000] {logging_mixin.py:154} INFO - [2023-12-08T02:48:01.986+0000] {dagbag.py:536} INFO - Filling up the DagBag from /home/airflow/.local/lib/python3.8/site-packages/airflow/example_dags/example_sensors.py
[2023-12-08T02:48:02.127+0000] {processor.py:839} INFO - DAG(s) dict_keys(['example_sensors']) retrieved from /home/airflow/.local/lib/python3.8/site-packages/airflow/example_dags/example_sensors.py
[2023-12-08T02:48:02.456+0000] {logging_mixin.py:154} INFO - [2023-12-08T02:48:02.455+0000] {dag.py:2941} INFO - Sync 1 DAGs
[2023-12-08T02:48:03.533+0000] {logging_mixin.py:154} INFO - [2023-12-08T02:48:03.532+0000] {dag.py:3722} INFO - Setting next_dagrun for example_sensors to None, run_after=None
[2023-12-08T02:48:03.701+0000] {processor.py:179} INFO - Processing /home/airflow/.local/lib/python3.8/site-packages/airflow/example_dags/example_sensors.py took 1.783 seconds
[2023-12-08T02:48:34.033+0000] {processor.py:157} INFO - Started process (PID=994) to work on /home/airflow/.local/lib/python3.8/site-packages/airflow/example_dags/example_sensors.py
[2023-12-08T02:48:34.035+0000] {processor.py:829} INFO - Processing file /home/airflow/.local/lib/python3.8/site-packages/airflow/example_dags/example_sensors.py for tasks to queue
[2023-12-08T02:48:34.042+0000] {logging_mixin.py:154} INFO - [2023-12-08T02:48:34.041+0000] {dagbag.py:536} INFO - Filling up the DagBag from /home/airflow/.local/lib/python3.8/site-packages/airflow/example_dags/example_sensors.py
[2023-12-08T02:48:34.065+0000] {processor.py:839} INFO - DAG(s) dict_keys(['example_sensors']) retrieved from /home/airflow/.local/lib/python3.8/site-packages/airflow/example_dags/example_sensors.py
[2023-12-08T02:48:34.127+0000] {logging_mixin.py:154} INFO - [2023-12-08T02:48:34.127+0000] {dag.py:2941} INFO - Sync 1 DAGs
[2023-12-08T02:48:34.157+0000] {logging_mixin.py:154} INFO - [2023-12-08T02:48:34.156+0000] {dag.py:3722} INFO - Setting next_dagrun for example_sensors to None, run_after=None
[2023-12-08T02:48:34.200+0000] {processor.py:179} INFO - Processing /home/airflow/.local/lib/python3.8/site-packages/airflow/example_dags/example_sensors.py took 0.173 seconds
[2023-12-08T02:49:04.445+0000] {processor.py:157} INFO - Started process (PID=1047) to work on /home/airflow/.local/lib/python3.8/site-packages/airflow/example_dags/example_sensors.py
[2023-12-08T02:49:04.465+0000] {processor.py:829} INFO - Processing file /home/airflow/.local/lib/python3.8/site-packages/airflow/example_dags/example_sensors.py for tasks to queue
[2023-12-08T02:49:04.481+0000] {logging_mixin.py:154} INFO - [2023-12-08T02:49:04.470+0000] {dagbag.py:536} INFO - Filling up the DagBag from /home/airflow/.local/lib/python3.8/site-packages/airflow/example_dags/example_sensors.py
[2023-12-08T02:49:04.551+0000] {processor.py:839} INFO - DAG(s) dict_keys(['example_sensors']) retrieved from /home/airflow/.local/lib/python3.8/site-packages/airflow/example_dags/example_sensors.py
[2023-12-08T02:49:04.654+0000] {logging_mixin.py:154} INFO - [2023-12-08T02:49:04.654+0000] {dag.py:2941} INFO - Sync 1 DAGs
[2023-12-08T02:49:04.699+0000] {logging_mixin.py:154} INFO - [2023-12-08T02:49:04.698+0000] {dag.py:3722} INFO - Setting next_dagrun for example_sensors to None, run_after=None
[2023-12-08T02:49:04.746+0000] {processor.py:179} INFO - Processing /home/airflow/.local/lib/python3.8/site-packages/airflow/example_dags/example_sensors.py took 0.322 seconds
[2023-12-08T02:49:35.161+0000] {processor.py:157} INFO - Started process (PID=1101) to work on /home/airflow/.local/lib/python3.8/site-packages/airflow/example_dags/example_sensors.py
[2023-12-08T02:49:35.163+0000] {processor.py:829} INFO - Processing file /home/airflow/.local/lib/python3.8/site-packages/airflow/example_dags/example_sensors.py for tasks to queue
[2023-12-08T02:49:35.167+0000] {logging_mixin.py:154} INFO - [2023-12-08T02:49:35.167+0000] {dagbag.py:536} INFO - Filling up the DagBag from /home/airflow/.local/lib/python3.8/site-packages/airflow/example_dags/example_sensors.py
[2023-12-08T02:49:35.197+0000] {processor.py:839} INFO - DAG(s) dict_keys(['example_sensors']) retrieved from /home/airflow/.local/lib/python3.8/site-packages/airflow/example_dags/example_sensors.py
[2023-12-08T02:49:35.284+0000] {logging_mixin.py:154} INFO - [2023-12-08T02:49:35.283+0000] {dag.py:2941} INFO - Sync 1 DAGs
[2023-12-08T02:49:35.332+0000] {logging_mixin.py:154} INFO - [2023-12-08T02:49:35.332+0000] {dag.py:3722} INFO - Setting next_dagrun for example_sensors to None, run_after=None
[2023-12-08T02:49:35.405+0000] {processor.py:179} INFO - Processing /home/airflow/.local/lib/python3.8/site-packages/airflow/example_dags/example_sensors.py took 0.256 seconds
[2023-12-08T02:50:06.137+0000] {processor.py:157} INFO - Started process (PID=1156) to work on /home/airflow/.local/lib/python3.8/site-packages/airflow/example_dags/example_sensors.py
[2023-12-08T02:50:06.182+0000] {processor.py:829} INFO - Processing file /home/airflow/.local/lib/python3.8/site-packages/airflow/example_dags/example_sensors.py for tasks to queue
[2023-12-08T02:50:06.216+0000] {logging_mixin.py:154} INFO - [2023-12-08T02:50:06.215+0000] {dagbag.py:536} INFO - Filling up the DagBag from /home/airflow/.local/lib/python3.8/site-packages/airflow/example_dags/example_sensors.py
[2023-12-08T02:50:06.349+0000] {processor.py:839} INFO - DAG(s) dict_keys(['example_sensors']) retrieved from /home/airflow/.local/lib/python3.8/site-packages/airflow/example_dags/example_sensors.py
[2023-12-08T02:50:06.766+0000] {logging_mixin.py:154} INFO - [2023-12-08T02:50:06.765+0000] {dag.py:2941} INFO - Sync 1 DAGs
[2023-12-08T02:50:08.607+0000] {logging_mixin.py:154} INFO - [2023-12-08T02:50:08.606+0000] {dag.py:3722} INFO - Setting next_dagrun for example_sensors to None, run_after=None
[2023-12-08T02:50:08.705+0000] {processor.py:179} INFO - Processing /home/airflow/.local/lib/python3.8/site-packages/airflow/example_dags/example_sensors.py took 2.633 seconds
[2023-12-08T02:50:39.116+0000] {processor.py:157} INFO - Started process (PID=1209) to work on /home/airflow/.local/lib/python3.8/site-packages/airflow/example_dags/example_sensors.py
[2023-12-08T02:50:39.127+0000] {processor.py:829} INFO - Processing file /home/airflow/.local/lib/python3.8/site-packages/airflow/example_dags/example_sensors.py for tasks to queue
[2023-12-08T02:50:39.135+0000] {logging_mixin.py:154} INFO - [2023-12-08T02:50:39.132+0000] {dagbag.py:536} INFO - Filling up the DagBag from /home/airflow/.local/lib/python3.8/site-packages/airflow/example_dags/example_sensors.py
[2023-12-08T02:50:39.198+0000] {processor.py:839} INFO - DAG(s) dict_keys(['example_sensors']) retrieved from /home/airflow/.local/lib/python3.8/site-packages/airflow/example_dags/example_sensors.py
[2023-12-08T02:50:39.356+0000] {logging_mixin.py:154} INFO - [2023-12-08T02:50:39.356+0000] {dag.py:2941} INFO - Sync 1 DAGs
[2023-12-08T02:50:39.433+0000] {logging_mixin.py:154} INFO - [2023-12-08T02:50:39.433+0000] {dag.py:3722} INFO - Setting next_dagrun for example_sensors to None, run_after=None
[2023-12-08T02:50:39.530+0000] {processor.py:179} INFO - Processing /home/airflow/.local/lib/python3.8/site-packages/airflow/example_dags/example_sensors.py took 0.438 seconds
[2023-12-08T02:51:09.863+0000] {processor.py:157} INFO - Started process (PID=1263) to work on /home/airflow/.local/lib/python3.8/site-packages/airflow/example_dags/example_sensors.py
[2023-12-08T02:51:09.865+0000] {processor.py:829} INFO - Processing file /home/airflow/.local/lib/python3.8/site-packages/airflow/example_dags/example_sensors.py for tasks to queue
[2023-12-08T02:51:09.870+0000] {logging_mixin.py:154} INFO - [2023-12-08T02:51:09.870+0000] {dagbag.py:536} INFO - Filling up the DagBag from /home/airflow/.local/lib/python3.8/site-packages/airflow/example_dags/example_sensors.py
[2023-12-08T02:51:09.897+0000] {processor.py:839} INFO - DAG(s) dict_keys(['example_sensors']) retrieved from /home/airflow/.local/lib/python3.8/site-packages/airflow/example_dags/example_sensors.py
[2023-12-08T02:51:09.992+0000] {logging_mixin.py:154} INFO - [2023-12-08T02:51:09.991+0000] {dag.py:2941} INFO - Sync 1 DAGs
[2023-12-08T02:51:10.028+0000] {logging_mixin.py:154} INFO - [2023-12-08T02:51:10.027+0000] {dag.py:3722} INFO - Setting next_dagrun for example_sensors to None, run_after=None
[2023-12-08T02:51:10.072+0000] {processor.py:179} INFO - Processing /home/airflow/.local/lib/python3.8/site-packages/airflow/example_dags/example_sensors.py took 0.220 seconds
[2023-12-08T02:51:40.934+0000] {processor.py:157} INFO - Started process (PID=1317) to work on /home/airflow/.local/lib/python3.8/site-packages/airflow/example_dags/example_sensors.py
[2023-12-08T02:51:40.938+0000] {processor.py:829} INFO - Processing file /home/airflow/.local/lib/python3.8/site-packages/airflow/example_dags/example_sensors.py for tasks to queue
[2023-12-08T02:51:40.948+0000] {logging_mixin.py:154} INFO - [2023-12-08T02:51:40.948+0000] {dagbag.py:536} INFO - Filling up the DagBag from /home/airflow/.local/lib/python3.8/site-packages/airflow/example_dags/example_sensors.py
[2023-12-08T02:51:41.021+0000] {processor.py:839} INFO - DAG(s) dict_keys(['example_sensors']) retrieved from /home/airflow/.local/lib/python3.8/site-packages/airflow/example_dags/example_sensors.py
[2023-12-08T02:51:41.378+0000] {logging_mixin.py:154} INFO - [2023-12-08T02:51:41.377+0000] {dag.py:2941} INFO - Sync 1 DAGs
[2023-12-08T02:51:41.409+0000] {logging_mixin.py:154} INFO - [2023-12-08T02:51:41.408+0000] {dag.py:3722} INFO - Setting next_dagrun for example_sensors to None, run_after=None
[2023-12-08T02:51:41.468+0000] {processor.py:179} INFO - Processing /home/airflow/.local/lib/python3.8/site-packages/airflow/example_dags/example_sensors.py took 0.545 seconds
[2023-12-08T02:52:12.426+0000] {processor.py:157} INFO - Started process (PID=1370) to work on /home/airflow/.local/lib/python3.8/site-packages/airflow/example_dags/example_sensors.py
[2023-12-08T02:52:12.441+0000] {processor.py:829} INFO - Processing file /home/airflow/.local/lib/python3.8/site-packages/airflow/example_dags/example_sensors.py for tasks to queue
[2023-12-08T02:52:12.449+0000] {logging_mixin.py:154} INFO - [2023-12-08T02:52:12.447+0000] {dagbag.py:536} INFO - Filling up the DagBag from /home/airflow/.local/lib/python3.8/site-packages/airflow/example_dags/example_sensors.py
[2023-12-08T02:52:12.530+0000] {processor.py:839} INFO - DAG(s) dict_keys(['example_sensors']) retrieved from /home/airflow/.local/lib/python3.8/site-packages/airflow/example_dags/example_sensors.py
[2023-12-08T02:52:12.678+0000] {logging_mixin.py:154} INFO - [2023-12-08T02:52:12.677+0000] {dag.py:2941} INFO - Sync 1 DAGs
[2023-12-08T02:52:12.722+0000] {logging_mixin.py:154} INFO - [2023-12-08T02:52:12.721+0000] {dag.py:3722} INFO - Setting next_dagrun for example_sensors to None, run_after=None
[2023-12-08T02:52:12.803+0000] {processor.py:179} INFO - Processing /home/airflow/.local/lib/python3.8/site-packages/airflow/example_dags/example_sensors.py took 0.396 seconds
[2023-12-08T02:52:42.917+0000] {processor.py:157} INFO - Started process (PID=1424) to work on /home/airflow/.local/lib/python3.8/site-packages/airflow/example_dags/example_sensors.py
[2023-12-08T02:52:42.925+0000] {processor.py:829} INFO - Processing file /home/airflow/.local/lib/python3.8/site-packages/airflow/example_dags/example_sensors.py for tasks to queue
[2023-12-08T02:52:42.949+0000] {logging_mixin.py:154} INFO - [2023-12-08T02:52:42.947+0000] {dagbag.py:536} INFO - Filling up the DagBag from /home/airflow/.local/lib/python3.8/site-packages/airflow/example_dags/example_sensors.py
[2023-12-08T02:52:43.026+0000] {processor.py:839} INFO - DAG(s) dict_keys(['example_sensors']) retrieved from /home/airflow/.local/lib/python3.8/site-packages/airflow/example_dags/example_sensors.py
[2023-12-08T02:52:43.131+0000] {logging_mixin.py:154} INFO - [2023-12-08T02:52:43.131+0000] {dag.py:2941} INFO - Sync 1 DAGs
[2023-12-08T02:52:43.170+0000] {logging_mixin.py:154} INFO - [2023-12-08T02:52:43.169+0000] {dag.py:3722} INFO - Setting next_dagrun for example_sensors to None, run_after=None
[2023-12-08T02:52:43.222+0000] {processor.py:179} INFO - Processing /home/airflow/.local/lib/python3.8/site-packages/airflow/example_dags/example_sensors.py took 0.342 seconds
[2023-12-08T02:53:13.362+0000] {processor.py:157} INFO - Started process (PID=1479) to work on /home/airflow/.local/lib/python3.8/site-packages/airflow/example_dags/example_sensors.py
[2023-12-08T02:53:13.364+0000] {processor.py:829} INFO - Processing file /home/airflow/.local/lib/python3.8/site-packages/airflow/example_dags/example_sensors.py for tasks to queue
[2023-12-08T02:53:13.369+0000] {logging_mixin.py:154} INFO - [2023-12-08T02:53:13.369+0000] {dagbag.py:536} INFO - Filling up the DagBag from /home/airflow/.local/lib/python3.8/site-packages/airflow/example_dags/example_sensors.py
[2023-12-08T02:53:13.394+0000] {processor.py:839} INFO - DAG(s) dict_keys(['example_sensors']) retrieved from /home/airflow/.local/lib/python3.8/site-packages/airflow/example_dags/example_sensors.py
[2023-12-08T02:53:13.474+0000] {logging_mixin.py:154} INFO - [2023-12-08T02:53:13.473+0000] {dag.py:2941} INFO - Sync 1 DAGs
[2023-12-08T02:53:13.509+0000] {logging_mixin.py:154} INFO - [2023-12-08T02:53:13.508+0000] {dag.py:3722} INFO - Setting next_dagrun for example_sensors to None, run_after=None
[2023-12-08T02:53:13.558+0000] {processor.py:179} INFO - Processing /home/airflow/.local/lib/python3.8/site-packages/airflow/example_dags/example_sensors.py took 0.206 seconds
[2023-12-08T02:53:43.982+0000] {processor.py:157} INFO - Started process (PID=1532) to work on /home/airflow/.local/lib/python3.8/site-packages/airflow/example_dags/example_sensors.py
[2023-12-08T02:53:43.984+0000] {processor.py:829} INFO - Processing file /home/airflow/.local/lib/python3.8/site-packages/airflow/example_dags/example_sensors.py for tasks to queue
[2023-12-08T02:53:43.990+0000] {logging_mixin.py:154} INFO - [2023-12-08T02:53:43.989+0000] {dagbag.py:536} INFO - Filling up the DagBag from /home/airflow/.local/lib/python3.8/site-packages/airflow/example_dags/example_sensors.py
[2023-12-08T02:53:44.018+0000] {processor.py:839} INFO - DAG(s) dict_keys(['example_sensors']) retrieved from /home/airflow/.local/lib/python3.8/site-packages/airflow/example_dags/example_sensors.py
[2023-12-08T02:53:44.091+0000] {logging_mixin.py:154} INFO - [2023-12-08T02:53:44.088+0000] {dag.py:2941} INFO - Sync 1 DAGs
[2023-12-08T02:53:44.124+0000] {logging_mixin.py:154} INFO - [2023-12-08T02:53:44.123+0000] {dag.py:3722} INFO - Setting next_dagrun for example_sensors to None, run_after=None
[2023-12-08T02:53:44.174+0000] {processor.py:179} INFO - Processing /home/airflow/.local/lib/python3.8/site-packages/airflow/example_dags/example_sensors.py took 0.200 seconds
[2023-12-08T02:54:14.461+0000] {processor.py:157} INFO - Started process (PID=1587) to work on /home/airflow/.local/lib/python3.8/site-packages/airflow/example_dags/example_sensors.py
[2023-12-08T02:54:14.463+0000] {processor.py:829} INFO - Processing file /home/airflow/.local/lib/python3.8/site-packages/airflow/example_dags/example_sensors.py for tasks to queue
[2023-12-08T02:54:14.467+0000] {logging_mixin.py:154} INFO - [2023-12-08T02:54:14.467+0000] {dagbag.py:536} INFO - Filling up the DagBag from /home/airflow/.local/lib/python3.8/site-packages/airflow/example_dags/example_sensors.py
[2023-12-08T02:54:14.490+0000] {processor.py:839} INFO - DAG(s) dict_keys(['example_sensors']) retrieved from /home/airflow/.local/lib/python3.8/site-packages/airflow/example_dags/example_sensors.py
[2023-12-08T02:54:14.591+0000] {logging_mixin.py:154} INFO - [2023-12-08T02:54:14.590+0000] {dag.py:2941} INFO - Sync 1 DAGs
[2023-12-08T02:54:14.629+0000] {logging_mixin.py:154} INFO - [2023-12-08T02:54:14.629+0000] {dag.py:3722} INFO - Setting next_dagrun for example_sensors to None, run_after=None
[2023-12-08T02:54:14.681+0000] {processor.py:179} INFO - Processing /home/airflow/.local/lib/python3.8/site-packages/airflow/example_dags/example_sensors.py took 0.228 seconds
[2023-12-08T02:54:45.038+0000] {processor.py:157} INFO - Started process (PID=1641) to work on /home/airflow/.local/lib/python3.8/site-packages/airflow/example_dags/example_sensors.py
[2023-12-08T02:54:45.052+0000] {processor.py:829} INFO - Processing file /home/airflow/.local/lib/python3.8/site-packages/airflow/example_dags/example_sensors.py for tasks to queue
[2023-12-08T02:54:45.070+0000] {logging_mixin.py:154} INFO - [2023-12-08T02:54:45.069+0000] {dagbag.py:536} INFO - Filling up the DagBag from /home/airflow/.local/lib/python3.8/site-packages/airflow/example_dags/example_sensors.py
[2023-12-08T02:54:45.119+0000] {processor.py:839} INFO - DAG(s) dict_keys(['example_sensors']) retrieved from /home/airflow/.local/lib/python3.8/site-packages/airflow/example_dags/example_sensors.py
[2023-12-08T02:54:45.179+0000] {logging_mixin.py:154} INFO - [2023-12-08T02:54:45.178+0000] {dag.py:2941} INFO - Sync 1 DAGs
[2023-12-08T02:54:45.214+0000] {logging_mixin.py:154} INFO - [2023-12-08T02:54:45.214+0000] {dag.py:3722} INFO - Setting next_dagrun for example_sensors to None, run_after=None
[2023-12-08T02:54:45.253+0000] {processor.py:179} INFO - Processing /home/airflow/.local/lib/python3.8/site-packages/airflow/example_dags/example_sensors.py took 0.247 seconds
[2023-12-08T02:55:15.415+0000] {processor.py:157} INFO - Started process (PID=1695) to work on /home/airflow/.local/lib/python3.8/site-packages/airflow/example_dags/example_sensors.py
[2023-12-08T02:55:15.418+0000] {processor.py:829} INFO - Processing file /home/airflow/.local/lib/python3.8/site-packages/airflow/example_dags/example_sensors.py for tasks to queue
[2023-12-08T02:55:15.423+0000] {logging_mixin.py:154} INFO - [2023-12-08T02:55:15.422+0000] {dagbag.py:536} INFO - Filling up the DagBag from /home/airflow/.local/lib/python3.8/site-packages/airflow/example_dags/example_sensors.py
[2023-12-08T02:55:15.454+0000] {processor.py:839} INFO - DAG(s) dict_keys(['example_sensors']) retrieved from /home/airflow/.local/lib/python3.8/site-packages/airflow/example_dags/example_sensors.py
[2023-12-08T02:55:15.530+0000] {logging_mixin.py:154} INFO - [2023-12-08T02:55:15.530+0000] {dag.py:2941} INFO - Sync 1 DAGs
[2023-12-08T02:55:15.569+0000] {logging_mixin.py:154} INFO - [2023-12-08T02:55:15.568+0000] {dag.py:3722} INFO - Setting next_dagrun for example_sensors to None, run_after=None
[2023-12-08T02:55:15.606+0000] {processor.py:179} INFO - Processing /home/airflow/.local/lib/python3.8/site-packages/airflow/example_dags/example_sensors.py took 0.200 seconds
[2023-12-08T02:55:46.274+0000] {processor.py:157} INFO - Started process (PID=1750) to work on /home/airflow/.local/lib/python3.8/site-packages/airflow/example_dags/example_sensors.py
[2023-12-08T02:55:46.287+0000] {processor.py:829} INFO - Processing file /home/airflow/.local/lib/python3.8/site-packages/airflow/example_dags/example_sensors.py for tasks to queue
[2023-12-08T02:55:46.307+0000] {logging_mixin.py:154} INFO - [2023-12-08T02:55:46.306+0000] {dagbag.py:536} INFO - Filling up the DagBag from /home/airflow/.local/lib/python3.8/site-packages/airflow/example_dags/example_sensors.py
[2023-12-08T02:55:46.378+0000] {processor.py:839} INFO - DAG(s) dict_keys(['example_sensors']) retrieved from /home/airflow/.local/lib/python3.8/site-packages/airflow/example_dags/example_sensors.py
[2023-12-08T02:55:46.635+0000] {logging_mixin.py:154} INFO - [2023-12-08T02:55:46.634+0000] {dag.py:2941} INFO - Sync 1 DAGs
[2023-12-08T02:55:46.751+0000] {logging_mixin.py:154} INFO - [2023-12-08T02:55:46.751+0000] {dag.py:3722} INFO - Setting next_dagrun for example_sensors to None, run_after=None
[2023-12-08T02:55:46.901+0000] {processor.py:179} INFO - Processing /home/airflow/.local/lib/python3.8/site-packages/airflow/example_dags/example_sensors.py took 0.649 seconds
[2023-12-08T02:56:16.986+0000] {processor.py:157} INFO - Started process (PID=1804) to work on /home/airflow/.local/lib/python3.8/site-packages/airflow/example_dags/example_sensors.py
[2023-12-08T02:56:16.993+0000] {processor.py:829} INFO - Processing file /home/airflow/.local/lib/python3.8/site-packages/airflow/example_dags/example_sensors.py for tasks to queue
[2023-12-08T02:56:16.999+0000] {logging_mixin.py:154} INFO - [2023-12-08T02:56:16.998+0000] {dagbag.py:536} INFO - Filling up the DagBag from /home/airflow/.local/lib/python3.8/site-packages/airflow/example_dags/example_sensors.py
[2023-12-08T02:56:17.026+0000] {processor.py:839} INFO - DAG(s) dict_keys(['example_sensors']) retrieved from /home/airflow/.local/lib/python3.8/site-packages/airflow/example_dags/example_sensors.py
[2023-12-08T02:56:17.098+0000] {logging_mixin.py:154} INFO - [2023-12-08T02:56:17.097+0000] {dag.py:2941} INFO - Sync 1 DAGs
[2023-12-08T02:56:17.132+0000] {logging_mixin.py:154} INFO - [2023-12-08T02:56:17.132+0000] {dag.py:3722} INFO - Setting next_dagrun for example_sensors to None, run_after=None
[2023-12-08T02:56:17.194+0000] {processor.py:179} INFO - Processing /home/airflow/.local/lib/python3.8/site-packages/airflow/example_dags/example_sensors.py took 0.219 seconds
[2023-12-08T02:56:47.359+0000] {processor.py:157} INFO - Started process (PID=1858) to work on /home/airflow/.local/lib/python3.8/site-packages/airflow/example_dags/example_sensors.py
[2023-12-08T02:56:47.363+0000] {processor.py:829} INFO - Processing file /home/airflow/.local/lib/python3.8/site-packages/airflow/example_dags/example_sensors.py for tasks to queue
[2023-12-08T02:56:47.369+0000] {logging_mixin.py:154} INFO - [2023-12-08T02:56:47.368+0000] {dagbag.py:536} INFO - Filling up the DagBag from /home/airflow/.local/lib/python3.8/site-packages/airflow/example_dags/example_sensors.py
[2023-12-08T02:56:47.404+0000] {processor.py:839} INFO - DAG(s) dict_keys(['example_sensors']) retrieved from /home/airflow/.local/lib/python3.8/site-packages/airflow/example_dags/example_sensors.py
[2023-12-08T02:56:47.482+0000] {logging_mixin.py:154} INFO - [2023-12-08T02:56:47.481+0000] {dag.py:2941} INFO - Sync 1 DAGs
[2023-12-08T02:56:47.517+0000] {logging_mixin.py:154} INFO - [2023-12-08T02:56:47.517+0000] {dag.py:3722} INFO - Setting next_dagrun for example_sensors to None, run_after=None
[2023-12-08T02:56:47.553+0000] {processor.py:179} INFO - Processing /home/airflow/.local/lib/python3.8/site-packages/airflow/example_dags/example_sensors.py took 0.200 seconds
