[2023-12-08T02:39:22.878+0000] {processor.py:157} INFO - Started process (PID=81) to work on /home/airflow/.local/lib/python3.8/site-packages/airflow/example_dags/example_task_group.py
[2023-12-08T02:39:22.895+0000] {processor.py:829} INFO - Processing file /home/airflow/.local/lib/python3.8/site-packages/airflow/example_dags/example_task_group.py for tasks to queue
[2023-12-08T02:39:22.909+0000] {logging_mixin.py:154} INFO - [2023-12-08T02:39:22.907+0000] {dagbag.py:536} INFO - Filling up the DagBag from /home/airflow/.local/lib/python3.8/site-packages/airflow/example_dags/example_task_group.py
[2023-12-08T02:39:22.978+0000] {processor.py:839} INFO - DAG(s) dict_keys(['example_task_group']) retrieved from /home/airflow/.local/lib/python3.8/site-packages/airflow/example_dags/example_task_group.py
[2023-12-08T02:39:23.225+0000] {logging_mixin.py:154} INFO - [2023-12-08T02:39:23.224+0000] {dag.py:2941} INFO - Sync 1 DAGs
[2023-12-08T02:39:23.377+0000] {logging_mixin.py:154} INFO - [2023-12-08T02:39:23.376+0000] {dag.py:3722} INFO - Setting next_dagrun for example_task_group to 2023-12-07T02:39:23.375817+00:00, run_after=2023-12-08T02:39:23.375817+00:00
[2023-12-08T02:39:23.579+0000] {processor.py:179} INFO - Processing /home/airflow/.local/lib/python3.8/site-packages/airflow/example_dags/example_task_group.py took 0.726 seconds
[2023-12-08T02:39:54.229+0000] {processor.py:157} INFO - Started process (PID=135) to work on /home/airflow/.local/lib/python3.8/site-packages/airflow/example_dags/example_task_group.py
[2023-12-08T02:39:54.231+0000] {processor.py:829} INFO - Processing file /home/airflow/.local/lib/python3.8/site-packages/airflow/example_dags/example_task_group.py for tasks to queue
[2023-12-08T02:39:54.242+0000] {logging_mixin.py:154} INFO - [2023-12-08T02:39:54.241+0000] {dagbag.py:536} INFO - Filling up the DagBag from /home/airflow/.local/lib/python3.8/site-packages/airflow/example_dags/example_task_group.py
[2023-12-08T02:39:54.275+0000] {processor.py:839} INFO - DAG(s) dict_keys(['example_task_group']) retrieved from /home/airflow/.local/lib/python3.8/site-packages/airflow/example_dags/example_task_group.py
[2023-12-08T02:39:54.437+0000] {logging_mixin.py:154} INFO - [2023-12-08T02:39:54.430+0000] {dag.py:2941} INFO - Sync 1 DAGs
[2023-12-08T02:39:54.568+0000] {logging_mixin.py:154} INFO - [2023-12-08T02:39:54.567+0000] {dag.py:3722} INFO - Setting next_dagrun for example_task_group to 2023-12-07T02:39:54.566926+00:00, run_after=2023-12-08T02:39:54.566926+00:00
[2023-12-08T02:39:54.675+0000] {processor.py:179} INFO - Processing /home/airflow/.local/lib/python3.8/site-packages/airflow/example_dags/example_task_group.py took 0.466 seconds
[2023-12-08T02:40:25.385+0000] {processor.py:157} INFO - Started process (PID=189) to work on /home/airflow/.local/lib/python3.8/site-packages/airflow/example_dags/example_task_group.py
[2023-12-08T02:40:25.388+0000] {processor.py:829} INFO - Processing file /home/airflow/.local/lib/python3.8/site-packages/airflow/example_dags/example_task_group.py for tasks to queue
[2023-12-08T02:40:25.396+0000] {logging_mixin.py:154} INFO - [2023-12-08T02:40:25.395+0000] {dagbag.py:536} INFO - Filling up the DagBag from /home/airflow/.local/lib/python3.8/site-packages/airflow/example_dags/example_task_group.py
[2023-12-08T02:40:25.415+0000] {processor.py:839} INFO - DAG(s) dict_keys(['example_task_group']) retrieved from /home/airflow/.local/lib/python3.8/site-packages/airflow/example_dags/example_task_group.py
[2023-12-08T02:40:25.489+0000] {logging_mixin.py:154} INFO - [2023-12-08T02:40:25.489+0000] {dag.py:2941} INFO - Sync 1 DAGs
[2023-12-08T02:40:25.545+0000] {logging_mixin.py:154} INFO - [2023-12-08T02:40:25.545+0000] {dag.py:3722} INFO - Setting next_dagrun for example_task_group to 2023-12-07T02:40:25.545252+00:00, run_after=2023-12-08T02:40:25.545252+00:00
[2023-12-08T02:40:25.583+0000] {processor.py:179} INFO - Processing /home/airflow/.local/lib/python3.8/site-packages/airflow/example_dags/example_task_group.py took 0.212 seconds
[2023-12-08T02:40:58.693+0000] {processor.py:157} INFO - Started process (PID=243) to work on /home/airflow/.local/lib/python3.8/site-packages/airflow/example_dags/example_task_group.py
[2023-12-08T02:40:58.699+0000] {processor.py:829} INFO - Processing file /home/airflow/.local/lib/python3.8/site-packages/airflow/example_dags/example_task_group.py for tasks to queue
[2023-12-08T02:40:58.708+0000] {logging_mixin.py:154} INFO - [2023-12-08T02:40:58.707+0000] {dagbag.py:536} INFO - Filling up the DagBag from /home/airflow/.local/lib/python3.8/site-packages/airflow/example_dags/example_task_group.py
[2023-12-08T02:40:58.740+0000] {processor.py:839} INFO - DAG(s) dict_keys(['example_task_group']) retrieved from /home/airflow/.local/lib/python3.8/site-packages/airflow/example_dags/example_task_group.py
[2023-12-08T02:40:58.875+0000] {logging_mixin.py:154} INFO - [2023-12-08T02:40:58.873+0000] {dag.py:2941} INFO - Sync 1 DAGs
[2023-12-08T02:40:59.002+0000] {logging_mixin.py:154} INFO - [2023-12-08T02:40:59.002+0000] {dag.py:3722} INFO - Setting next_dagrun for example_task_group to 2023-12-07T02:40:59.001793+00:00, run_after=2023-12-08T02:40:59.001793+00:00
[2023-12-08T02:40:59.069+0000] {processor.py:179} INFO - Processing /home/airflow/.local/lib/python3.8/site-packages/airflow/example_dags/example_task_group.py took 0.390 seconds
[2023-12-08T02:41:29.944+0000] {processor.py:157} INFO - Started process (PID=297) to work on /home/airflow/.local/lib/python3.8/site-packages/airflow/example_dags/example_task_group.py
[2023-12-08T02:41:29.946+0000] {processor.py:829} INFO - Processing file /home/airflow/.local/lib/python3.8/site-packages/airflow/example_dags/example_task_group.py for tasks to queue
[2023-12-08T02:41:29.975+0000] {logging_mixin.py:154} INFO - [2023-12-08T02:41:29.964+0000] {dagbag.py:536} INFO - Filling up the DagBag from /home/airflow/.local/lib/python3.8/site-packages/airflow/example_dags/example_task_group.py
[2023-12-08T02:41:30.043+0000] {processor.py:839} INFO - DAG(s) dict_keys(['example_task_group']) retrieved from /home/airflow/.local/lib/python3.8/site-packages/airflow/example_dags/example_task_group.py
[2023-12-08T02:41:30.215+0000] {logging_mixin.py:154} INFO - [2023-12-08T02:41:30.205+0000] {dag.py:2941} INFO - Sync 1 DAGs
[2023-12-08T02:41:30.419+0000] {logging_mixin.py:154} INFO - [2023-12-08T02:41:30.418+0000] {dag.py:3722} INFO - Setting next_dagrun for example_task_group to 2023-12-07T02:41:30.418217+00:00, run_after=2023-12-08T02:41:30.418217+00:00
[2023-12-08T02:41:30.689+0000] {processor.py:179} INFO - Processing /home/airflow/.local/lib/python3.8/site-packages/airflow/example_dags/example_task_group.py took 0.777 seconds
[2023-12-08T02:42:00.899+0000] {processor.py:157} INFO - Started process (PID=351) to work on /home/airflow/.local/lib/python3.8/site-packages/airflow/example_dags/example_task_group.py
[2023-12-08T02:42:00.915+0000] {processor.py:829} INFO - Processing file /home/airflow/.local/lib/python3.8/site-packages/airflow/example_dags/example_task_group.py for tasks to queue
[2023-12-08T02:42:00.930+0000] {logging_mixin.py:154} INFO - [2023-12-08T02:42:00.929+0000] {dagbag.py:536} INFO - Filling up the DagBag from /home/airflow/.local/lib/python3.8/site-packages/airflow/example_dags/example_task_group.py
[2023-12-08T02:42:00.967+0000] {processor.py:839} INFO - DAG(s) dict_keys(['example_task_group']) retrieved from /home/airflow/.local/lib/python3.8/site-packages/airflow/example_dags/example_task_group.py
[2023-12-08T02:42:01.046+0000] {logging_mixin.py:154} INFO - [2023-12-08T02:42:01.043+0000] {dag.py:2941} INFO - Sync 1 DAGs
[2023-12-08T02:42:01.124+0000] {logging_mixin.py:154} INFO - [2023-12-08T02:42:01.124+0000] {dag.py:3722} INFO - Setting next_dagrun for example_task_group to 2023-12-07T02:42:01.123588+00:00, run_after=2023-12-08T02:42:01.123588+00:00
[2023-12-08T02:42:01.190+0000] {processor.py:179} INFO - Processing /home/airflow/.local/lib/python3.8/site-packages/airflow/example_dags/example_task_group.py took 0.306 seconds
[2023-12-08T02:42:38.519+0000] {processor.py:157} INFO - Started process (PID=405) to work on /home/airflow/.local/lib/python3.8/site-packages/airflow/example_dags/example_task_group.py
[2023-12-08T02:42:38.534+0000] {processor.py:829} INFO - Processing file /home/airflow/.local/lib/python3.8/site-packages/airflow/example_dags/example_task_group.py for tasks to queue
[2023-12-08T02:42:38.567+0000] {logging_mixin.py:154} INFO - [2023-12-08T02:42:38.553+0000] {dagbag.py:536} INFO - Filling up the DagBag from /home/airflow/.local/lib/python3.8/site-packages/airflow/example_dags/example_task_group.py
[2023-12-08T02:42:38.637+0000] {processor.py:839} INFO - DAG(s) dict_keys(['example_task_group']) retrieved from /home/airflow/.local/lib/python3.8/site-packages/airflow/example_dags/example_task_group.py
[2023-12-08T02:42:38.860+0000] {logging_mixin.py:154} INFO - [2023-12-08T02:42:38.856+0000] {dag.py:2941} INFO - Sync 1 DAGs
[2023-12-08T02:42:39.190+0000] {logging_mixin.py:154} INFO - [2023-12-08T02:42:39.190+0000] {dag.py:3722} INFO - Setting next_dagrun for example_task_group to 2023-12-07T02:42:39.189216+00:00, run_after=2023-12-08T02:42:39.189216+00:00
[2023-12-08T02:42:39.597+0000] {processor.py:179} INFO - Processing /home/airflow/.local/lib/python3.8/site-packages/airflow/example_dags/example_task_group.py took 1.140 seconds
[2023-12-08T02:43:12.520+0000] {processor.py:157} INFO - Started process (PID=459) to work on /home/airflow/.local/lib/python3.8/site-packages/airflow/example_dags/example_task_group.py
[2023-12-08T02:43:12.528+0000] {processor.py:829} INFO - Processing file /home/airflow/.local/lib/python3.8/site-packages/airflow/example_dags/example_task_group.py for tasks to queue
[2023-12-08T02:43:12.554+0000] {logging_mixin.py:154} INFO - [2023-12-08T02:43:12.553+0000] {dagbag.py:536} INFO - Filling up the DagBag from /home/airflow/.local/lib/python3.8/site-packages/airflow/example_dags/example_task_group.py
[2023-12-08T02:43:12.585+0000] {processor.py:839} INFO - DAG(s) dict_keys(['example_task_group']) retrieved from /home/airflow/.local/lib/python3.8/site-packages/airflow/example_dags/example_task_group.py
[2023-12-08T02:43:12.867+0000] {logging_mixin.py:154} INFO - [2023-12-08T02:43:12.867+0000] {dag.py:2941} INFO - Sync 1 DAGs
[2023-12-08T02:43:13.448+0000] {logging_mixin.py:154} INFO - [2023-12-08T02:43:13.448+0000] {dag.py:3722} INFO - Setting next_dagrun for example_task_group to 2023-12-07T02:43:13.447939+00:00, run_after=2023-12-08T02:43:13.447939+00:00
[2023-12-08T02:43:13.831+0000] {processor.py:179} INFO - Processing /home/airflow/.local/lib/python3.8/site-packages/airflow/example_dags/example_task_group.py took 1.367 seconds
[2023-12-08T02:43:46.284+0000] {processor.py:157} INFO - Started process (PID=515) to work on /home/airflow/.local/lib/python3.8/site-packages/airflow/example_dags/example_task_group.py
[2023-12-08T02:43:46.287+0000] {processor.py:829} INFO - Processing file /home/airflow/.local/lib/python3.8/site-packages/airflow/example_dags/example_task_group.py for tasks to queue
[2023-12-08T02:43:46.293+0000] {logging_mixin.py:154} INFO - [2023-12-08T02:43:46.292+0000] {dagbag.py:536} INFO - Filling up the DagBag from /home/airflow/.local/lib/python3.8/site-packages/airflow/example_dags/example_task_group.py
[2023-12-08T02:43:46.319+0000] {processor.py:839} INFO - DAG(s) dict_keys(['example_task_group']) retrieved from /home/airflow/.local/lib/python3.8/site-packages/airflow/example_dags/example_task_group.py
[2023-12-08T02:43:46.467+0000] {logging_mixin.py:154} INFO - [2023-12-08T02:43:46.466+0000] {dag.py:2941} INFO - Sync 1 DAGs
[2023-12-08T02:43:46.594+0000] {logging_mixin.py:154} INFO - [2023-12-08T02:43:46.594+0000] {dag.py:3722} INFO - Setting next_dagrun for example_task_group to 2023-12-07T02:43:46.593610+00:00, run_after=2023-12-08T02:43:46.593610+00:00
[2023-12-08T02:43:46.689+0000] {processor.py:179} INFO - Processing /home/airflow/.local/lib/python3.8/site-packages/airflow/example_dags/example_task_group.py took 0.415 seconds
[2023-12-08T02:44:17.207+0000] {processor.py:157} INFO - Started process (PID=569) to work on /home/airflow/.local/lib/python3.8/site-packages/airflow/example_dags/example_task_group.py
[2023-12-08T02:44:17.209+0000] {processor.py:829} INFO - Processing file /home/airflow/.local/lib/python3.8/site-packages/airflow/example_dags/example_task_group.py for tasks to queue
[2023-12-08T02:44:17.215+0000] {logging_mixin.py:154} INFO - [2023-12-08T02:44:17.214+0000] {dagbag.py:536} INFO - Filling up the DagBag from /home/airflow/.local/lib/python3.8/site-packages/airflow/example_dags/example_task_group.py
[2023-12-08T02:44:17.239+0000] {processor.py:839} INFO - DAG(s) dict_keys(['example_task_group']) retrieved from /home/airflow/.local/lib/python3.8/site-packages/airflow/example_dags/example_task_group.py
[2023-12-08T02:44:17.312+0000] {logging_mixin.py:154} INFO - [2023-12-08T02:44:17.311+0000] {dag.py:2941} INFO - Sync 1 DAGs
[2023-12-08T02:44:17.413+0000] {logging_mixin.py:154} INFO - [2023-12-08T02:44:17.411+0000] {dag.py:3722} INFO - Setting next_dagrun for example_task_group to 2023-12-07T02:44:17.407213+00:00, run_after=2023-12-08T02:44:17.407213+00:00
[2023-12-08T02:44:17.493+0000] {processor.py:179} INFO - Processing /home/airflow/.local/lib/python3.8/site-packages/airflow/example_dags/example_task_group.py took 0.297 seconds
[2023-12-08T02:44:47.773+0000] {processor.py:157} INFO - Started process (PID=624) to work on /home/airflow/.local/lib/python3.8/site-packages/airflow/example_dags/example_task_group.py
[2023-12-08T02:44:47.775+0000] {processor.py:829} INFO - Processing file /home/airflow/.local/lib/python3.8/site-packages/airflow/example_dags/example_task_group.py for tasks to queue
[2023-12-08T02:44:47.779+0000] {logging_mixin.py:154} INFO - [2023-12-08T02:44:47.779+0000] {dagbag.py:536} INFO - Filling up the DagBag from /home/airflow/.local/lib/python3.8/site-packages/airflow/example_dags/example_task_group.py
[2023-12-08T02:44:47.796+0000] {processor.py:839} INFO - DAG(s) dict_keys(['example_task_group']) retrieved from /home/airflow/.local/lib/python3.8/site-packages/airflow/example_dags/example_task_group.py
[2023-12-08T02:44:47.850+0000] {logging_mixin.py:154} INFO - [2023-12-08T02:44:47.850+0000] {dag.py:2941} INFO - Sync 1 DAGs
[2023-12-08T02:44:47.943+0000] {logging_mixin.py:154} INFO - [2023-12-08T02:44:47.943+0000] {dag.py:3722} INFO - Setting next_dagrun for example_task_group to 2023-12-07T02:44:47.942211+00:00, run_after=2023-12-08T02:44:47.942211+00:00
[2023-12-08T02:44:48.068+0000] {processor.py:179} INFO - Processing /home/airflow/.local/lib/python3.8/site-packages/airflow/example_dags/example_task_group.py took 0.302 seconds
[2023-12-08T02:45:18.359+0000] {processor.py:157} INFO - Started process (PID=678) to work on /home/airflow/.local/lib/python3.8/site-packages/airflow/example_dags/example_task_group.py
[2023-12-08T02:45:18.361+0000] {processor.py:829} INFO - Processing file /home/airflow/.local/lib/python3.8/site-packages/airflow/example_dags/example_task_group.py for tasks to queue
[2023-12-08T02:45:18.369+0000] {logging_mixin.py:154} INFO - [2023-12-08T02:45:18.368+0000] {dagbag.py:536} INFO - Filling up the DagBag from /home/airflow/.local/lib/python3.8/site-packages/airflow/example_dags/example_task_group.py
[2023-12-08T02:45:18.389+0000] {processor.py:839} INFO - DAG(s) dict_keys(['example_task_group']) retrieved from /home/airflow/.local/lib/python3.8/site-packages/airflow/example_dags/example_task_group.py
[2023-12-08T02:45:18.447+0000] {logging_mixin.py:154} INFO - [2023-12-08T02:45:18.447+0000] {dag.py:2941} INFO - Sync 1 DAGs
[2023-12-08T02:45:18.499+0000] {logging_mixin.py:154} INFO - [2023-12-08T02:45:18.499+0000] {dag.py:3722} INFO - Setting next_dagrun for example_task_group to 2023-12-07T02:45:18.498482+00:00, run_after=2023-12-08T02:45:18.498482+00:00
[2023-12-08T02:45:18.539+0000] {processor.py:179} INFO - Processing /home/airflow/.local/lib/python3.8/site-packages/airflow/example_dags/example_task_group.py took 0.192 seconds
[2023-12-08T02:45:53.985+0000] {processor.py:157} INFO - Started process (PID=737) to work on /home/airflow/.local/lib/python3.8/site-packages/airflow/example_dags/example_task_group.py
[2023-12-08T02:45:54.006+0000] {processor.py:829} INFO - Processing file /home/airflow/.local/lib/python3.8/site-packages/airflow/example_dags/example_task_group.py for tasks to queue
[2023-12-08T02:45:54.015+0000] {logging_mixin.py:154} INFO - [2023-12-08T02:45:54.014+0000] {dagbag.py:536} INFO - Filling up the DagBag from /home/airflow/.local/lib/python3.8/site-packages/airflow/example_dags/example_task_group.py
[2023-12-08T02:45:54.084+0000] {processor.py:839} INFO - DAG(s) dict_keys(['example_task_group']) retrieved from /home/airflow/.local/lib/python3.8/site-packages/airflow/example_dags/example_task_group.py
[2023-12-08T02:45:54.220+0000] {logging_mixin.py:154} INFO - [2023-12-08T02:45:54.219+0000] {dag.py:2941} INFO - Sync 1 DAGs
[2023-12-08T02:45:54.336+0000] {logging_mixin.py:154} INFO - [2023-12-08T02:45:54.329+0000] {dag.py:3722} INFO - Setting next_dagrun for example_task_group to 2023-12-07T02:45:54.328441+00:00, run_after=2023-12-08T02:45:54.328441+00:00
[2023-12-08T02:45:54.442+0000] {processor.py:179} INFO - Processing /home/airflow/.local/lib/python3.8/site-packages/airflow/example_dags/example_task_group.py took 0.484 seconds
[2023-12-08T02:46:45.399+0000] {processor.py:157} INFO - Started process (PID=801) to work on /home/airflow/.local/lib/python3.8/site-packages/airflow/example_dags/example_task_group.py
[2023-12-08T02:46:45.415+0000] {processor.py:829} INFO - Processing file /home/airflow/.local/lib/python3.8/site-packages/airflow/example_dags/example_task_group.py for tasks to queue
[2023-12-08T02:46:45.422+0000] {logging_mixin.py:154} INFO - [2023-12-08T02:46:45.422+0000] {dagbag.py:536} INFO - Filling up the DagBag from /home/airflow/.local/lib/python3.8/site-packages/airflow/example_dags/example_task_group.py
[2023-12-08T02:46:45.514+0000] {processor.py:839} INFO - DAG(s) dict_keys(['example_task_group']) retrieved from /home/airflow/.local/lib/python3.8/site-packages/airflow/example_dags/example_task_group.py
[2023-12-08T02:46:45.725+0000] {logging_mixin.py:154} INFO - [2023-12-08T02:46:45.724+0000] {dag.py:2941} INFO - Sync 1 DAGs
[2023-12-08T02:46:45.952+0000] {logging_mixin.py:154} INFO - [2023-12-08T02:46:45.951+0000] {dag.py:3722} INFO - Setting next_dagrun for example_task_group to 2023-12-07T02:46:45.950241+00:00, run_after=2023-12-08T02:46:45.950241+00:00
[2023-12-08T02:46:46.112+0000] {processor.py:179} INFO - Processing /home/airflow/.local/lib/python3.8/site-packages/airflow/example_dags/example_task_group.py took 0.756 seconds
[2023-12-08T02:47:16.643+0000] {processor.py:157} INFO - Started process (PID=855) to work on /home/airflow/.local/lib/python3.8/site-packages/airflow/example_dags/example_task_group.py
[2023-12-08T02:47:16.653+0000] {processor.py:829} INFO - Processing file /home/airflow/.local/lib/python3.8/site-packages/airflow/example_dags/example_task_group.py for tasks to queue
[2023-12-08T02:47:16.659+0000] {logging_mixin.py:154} INFO - [2023-12-08T02:47:16.658+0000] {dagbag.py:536} INFO - Filling up the DagBag from /home/airflow/.local/lib/python3.8/site-packages/airflow/example_dags/example_task_group.py
[2023-12-08T02:47:16.674+0000] {processor.py:839} INFO - DAG(s) dict_keys(['example_task_group']) retrieved from /home/airflow/.local/lib/python3.8/site-packages/airflow/example_dags/example_task_group.py
[2023-12-08T02:47:16.718+0000] {logging_mixin.py:154} INFO - [2023-12-08T02:47:16.717+0000] {dag.py:2941} INFO - Sync 1 DAGs
[2023-12-08T02:47:16.763+0000] {logging_mixin.py:154} INFO - [2023-12-08T02:47:16.763+0000] {dag.py:3722} INFO - Setting next_dagrun for example_task_group to 2023-12-07T02:47:16.762788+00:00, run_after=2023-12-08T02:47:16.762788+00:00
[2023-12-08T02:47:17.049+0000] {processor.py:179} INFO - Processing /home/airflow/.local/lib/python3.8/site-packages/airflow/example_dags/example_task_group.py took 0.415 seconds
[2023-12-08T02:47:47.805+0000] {processor.py:157} INFO - Started process (PID=909) to work on /home/airflow/.local/lib/python3.8/site-packages/airflow/example_dags/example_task_group.py
[2023-12-08T02:47:47.808+0000] {processor.py:829} INFO - Processing file /home/airflow/.local/lib/python3.8/site-packages/airflow/example_dags/example_task_group.py for tasks to queue
[2023-12-08T02:47:47.817+0000] {logging_mixin.py:154} INFO - [2023-12-08T02:47:47.815+0000] {dagbag.py:536} INFO - Filling up the DagBag from /home/airflow/.local/lib/python3.8/site-packages/airflow/example_dags/example_task_group.py
[2023-12-08T02:47:47.841+0000] {processor.py:839} INFO - DAG(s) dict_keys(['example_task_group']) retrieved from /home/airflow/.local/lib/python3.8/site-packages/airflow/example_dags/example_task_group.py
[2023-12-08T02:47:47.926+0000] {logging_mixin.py:154} INFO - [2023-12-08T02:47:47.926+0000] {dag.py:2941} INFO - Sync 1 DAGs
[2023-12-08T02:47:48.008+0000] {logging_mixin.py:154} INFO - [2023-12-08T02:47:48.007+0000] {dag.py:3722} INFO - Setting next_dagrun for example_task_group to 2023-12-07T02:47:48.007068+00:00, run_after=2023-12-08T02:47:48.007068+00:00
[2023-12-08T02:47:48.085+0000] {processor.py:179} INFO - Processing /home/airflow/.local/lib/python3.8/site-packages/airflow/example_dags/example_task_group.py took 0.292 seconds
[2023-12-08T02:48:18.408+0000] {processor.py:157} INFO - Started process (PID=963) to work on /home/airflow/.local/lib/python3.8/site-packages/airflow/example_dags/example_task_group.py
[2023-12-08T02:48:18.411+0000] {processor.py:829} INFO - Processing file /home/airflow/.local/lib/python3.8/site-packages/airflow/example_dags/example_task_group.py for tasks to queue
[2023-12-08T02:48:18.417+0000] {logging_mixin.py:154} INFO - [2023-12-08T02:48:18.416+0000] {dagbag.py:536} INFO - Filling up the DagBag from /home/airflow/.local/lib/python3.8/site-packages/airflow/example_dags/example_task_group.py
[2023-12-08T02:48:18.438+0000] {processor.py:839} INFO - DAG(s) dict_keys(['example_task_group']) retrieved from /home/airflow/.local/lib/python3.8/site-packages/airflow/example_dags/example_task_group.py
[2023-12-08T02:48:18.506+0000] {logging_mixin.py:154} INFO - [2023-12-08T02:48:18.506+0000] {dag.py:2941} INFO - Sync 1 DAGs
[2023-12-08T02:48:18.584+0000] {logging_mixin.py:154} INFO - [2023-12-08T02:48:18.583+0000] {dag.py:3722} INFO - Setting next_dagrun for example_task_group to 2023-12-07T02:48:18.583066+00:00, run_after=2023-12-08T02:48:18.583066+00:00
[2023-12-08T02:48:18.778+0000] {processor.py:179} INFO - Processing /home/airflow/.local/lib/python3.8/site-packages/airflow/example_dags/example_task_group.py took 0.385 seconds
[2023-12-08T02:48:49.658+0000] {processor.py:157} INFO - Started process (PID=1017) to work on /home/airflow/.local/lib/python3.8/site-packages/airflow/example_dags/example_task_group.py
[2023-12-08T02:48:49.661+0000] {processor.py:829} INFO - Processing file /home/airflow/.local/lib/python3.8/site-packages/airflow/example_dags/example_task_group.py for tasks to queue
[2023-12-08T02:48:49.668+0000] {logging_mixin.py:154} INFO - [2023-12-08T02:48:49.667+0000] {dagbag.py:536} INFO - Filling up the DagBag from /home/airflow/.local/lib/python3.8/site-packages/airflow/example_dags/example_task_group.py
[2023-12-08T02:48:49.693+0000] {processor.py:839} INFO - DAG(s) dict_keys(['example_task_group']) retrieved from /home/airflow/.local/lib/python3.8/site-packages/airflow/example_dags/example_task_group.py
[2023-12-08T02:48:49.812+0000] {logging_mixin.py:154} INFO - [2023-12-08T02:48:49.811+0000] {dag.py:2941} INFO - Sync 1 DAGs
[2023-12-08T02:48:49.955+0000] {logging_mixin.py:154} INFO - [2023-12-08T02:48:49.955+0000] {dag.py:3722} INFO - Setting next_dagrun for example_task_group to 2023-12-07T02:48:49.954350+00:00, run_after=2023-12-08T02:48:49.954350+00:00
[2023-12-08T02:48:50.020+0000] {processor.py:179} INFO - Processing /home/airflow/.local/lib/python3.8/site-packages/airflow/example_dags/example_task_group.py took 0.375 seconds
[2023-12-08T02:49:20.062+0000] {processor.py:157} INFO - Started process (PID=1070) to work on /home/airflow/.local/lib/python3.8/site-packages/airflow/example_dags/example_task_group.py
[2023-12-08T02:49:20.070+0000] {processor.py:829} INFO - Processing file /home/airflow/.local/lib/python3.8/site-packages/airflow/example_dags/example_task_group.py for tasks to queue
[2023-12-08T02:49:20.076+0000] {logging_mixin.py:154} INFO - [2023-12-08T02:49:20.075+0000] {dagbag.py:536} INFO - Filling up the DagBag from /home/airflow/.local/lib/python3.8/site-packages/airflow/example_dags/example_task_group.py
[2023-12-08T02:49:20.095+0000] {processor.py:839} INFO - DAG(s) dict_keys(['example_task_group']) retrieved from /home/airflow/.local/lib/python3.8/site-packages/airflow/example_dags/example_task_group.py
[2023-12-08T02:49:20.148+0000] {logging_mixin.py:154} INFO - [2023-12-08T02:49:20.148+0000] {dag.py:2941} INFO - Sync 1 DAGs
[2023-12-08T02:49:20.459+0000] {logging_mixin.py:154} INFO - [2023-12-08T02:49:20.459+0000] {dag.py:3722} INFO - Setting next_dagrun for example_task_group to 2023-12-07T02:49:20.458613+00:00, run_after=2023-12-08T02:49:20.458613+00:00
[2023-12-08T02:49:20.497+0000] {processor.py:179} INFO - Processing /home/airflow/.local/lib/python3.8/site-packages/airflow/example_dags/example_task_group.py took 0.443 seconds
[2023-12-08T02:49:50.743+0000] {processor.py:157} INFO - Started process (PID=1124) to work on /home/airflow/.local/lib/python3.8/site-packages/airflow/example_dags/example_task_group.py
[2023-12-08T02:49:50.744+0000] {processor.py:829} INFO - Processing file /home/airflow/.local/lib/python3.8/site-packages/airflow/example_dags/example_task_group.py for tasks to queue
[2023-12-08T02:49:50.748+0000] {logging_mixin.py:154} INFO - [2023-12-08T02:49:50.748+0000] {dagbag.py:536} INFO - Filling up the DagBag from /home/airflow/.local/lib/python3.8/site-packages/airflow/example_dags/example_task_group.py
[2023-12-08T02:49:50.762+0000] {processor.py:839} INFO - DAG(s) dict_keys(['example_task_group']) retrieved from /home/airflow/.local/lib/python3.8/site-packages/airflow/example_dags/example_task_group.py
[2023-12-08T02:49:50.820+0000] {logging_mixin.py:154} INFO - [2023-12-08T02:49:50.820+0000] {dag.py:2941} INFO - Sync 1 DAGs
[2023-12-08T02:49:50.894+0000] {logging_mixin.py:154} INFO - [2023-12-08T02:49:50.893+0000] {dag.py:3722} INFO - Setting next_dagrun for example_task_group to 2023-12-07T02:49:50.893198+00:00, run_after=2023-12-08T02:49:50.893198+00:00
[2023-12-08T02:49:51.180+0000] {processor.py:179} INFO - Processing /home/airflow/.local/lib/python3.8/site-packages/airflow/example_dags/example_task_group.py took 0.447 seconds
[2023-12-08T02:50:21.596+0000] {processor.py:157} INFO - Started process (PID=1179) to work on /home/airflow/.local/lib/python3.8/site-packages/airflow/example_dags/example_task_group.py
[2023-12-08T02:50:21.598+0000] {processor.py:829} INFO - Processing file /home/airflow/.local/lib/python3.8/site-packages/airflow/example_dags/example_task_group.py for tasks to queue
[2023-12-08T02:50:21.606+0000] {logging_mixin.py:154} INFO - [2023-12-08T02:50:21.605+0000] {dagbag.py:536} INFO - Filling up the DagBag from /home/airflow/.local/lib/python3.8/site-packages/airflow/example_dags/example_task_group.py
[2023-12-08T02:50:21.626+0000] {processor.py:839} INFO - DAG(s) dict_keys(['example_task_group']) retrieved from /home/airflow/.local/lib/python3.8/site-packages/airflow/example_dags/example_task_group.py
[2023-12-08T02:50:21.715+0000] {logging_mixin.py:154} INFO - [2023-12-08T02:50:21.713+0000] {dag.py:2941} INFO - Sync 1 DAGs
[2023-12-08T02:50:21.908+0000] {logging_mixin.py:154} INFO - [2023-12-08T02:50:21.907+0000] {dag.py:3722} INFO - Setting next_dagrun for example_task_group to 2023-12-07T02:50:21.906844+00:00, run_after=2023-12-08T02:50:21.906844+00:00
[2023-12-08T02:50:22.047+0000] {processor.py:179} INFO - Processing /home/airflow/.local/lib/python3.8/site-packages/airflow/example_dags/example_task_group.py took 0.465 seconds
[2023-12-08T02:50:52.419+0000] {processor.py:157} INFO - Started process (PID=1232) to work on /home/airflow/.local/lib/python3.8/site-packages/airflow/example_dags/example_task_group.py
[2023-12-08T02:50:52.421+0000] {processor.py:829} INFO - Processing file /home/airflow/.local/lib/python3.8/site-packages/airflow/example_dags/example_task_group.py for tasks to queue
[2023-12-08T02:50:52.428+0000] {logging_mixin.py:154} INFO - [2023-12-08T02:50:52.427+0000] {dagbag.py:536} INFO - Filling up the DagBag from /home/airflow/.local/lib/python3.8/site-packages/airflow/example_dags/example_task_group.py
[2023-12-08T02:50:52.451+0000] {processor.py:839} INFO - DAG(s) dict_keys(['example_task_group']) retrieved from /home/airflow/.local/lib/python3.8/site-packages/airflow/example_dags/example_task_group.py
[2023-12-08T02:50:52.894+0000] {logging_mixin.py:154} INFO - [2023-12-08T02:50:52.894+0000] {dag.py:2941} INFO - Sync 1 DAGs
[2023-12-08T02:50:52.951+0000] {logging_mixin.py:154} INFO - [2023-12-08T02:50:52.950+0000] {dag.py:3722} INFO - Setting next_dagrun for example_task_group to 2023-12-07T02:50:52.950169+00:00, run_after=2023-12-08T02:50:52.950169+00:00
[2023-12-08T02:50:53.000+0000] {processor.py:179} INFO - Processing /home/airflow/.local/lib/python3.8/site-packages/airflow/example_dags/example_task_group.py took 0.587 seconds
[2023-12-08T02:51:24.376+0000] {processor.py:157} INFO - Started process (PID=1286) to work on /home/airflow/.local/lib/python3.8/site-packages/airflow/example_dags/example_task_group.py
[2023-12-08T02:51:24.381+0000] {processor.py:829} INFO - Processing file /home/airflow/.local/lib/python3.8/site-packages/airflow/example_dags/example_task_group.py for tasks to queue
[2023-12-08T02:51:24.388+0000] {logging_mixin.py:154} INFO - [2023-12-08T02:51:24.387+0000] {dagbag.py:536} INFO - Filling up the DagBag from /home/airflow/.local/lib/python3.8/site-packages/airflow/example_dags/example_task_group.py
[2023-12-08T02:51:24.421+0000] {processor.py:839} INFO - DAG(s) dict_keys(['example_task_group']) retrieved from /home/airflow/.local/lib/python3.8/site-packages/airflow/example_dags/example_task_group.py
[2023-12-08T02:51:24.502+0000] {logging_mixin.py:154} INFO - [2023-12-08T02:51:24.501+0000] {dag.py:2941} INFO - Sync 1 DAGs
[2023-12-08T02:51:24.990+0000] {logging_mixin.py:154} INFO - [2023-12-08T02:51:24.989+0000] {dag.py:3722} INFO - Setting next_dagrun for example_task_group to 2023-12-07T02:51:24.988930+00:00, run_after=2023-12-08T02:51:24.988930+00:00
[2023-12-08T02:51:25.074+0000] {processor.py:179} INFO - Processing /home/airflow/.local/lib/python3.8/site-packages/airflow/example_dags/example_task_group.py took 0.714 seconds
[2023-12-08T02:51:55.531+0000] {processor.py:157} INFO - Started process (PID=1340) to work on /home/airflow/.local/lib/python3.8/site-packages/airflow/example_dags/example_task_group.py
[2023-12-08T02:51:55.533+0000] {processor.py:829} INFO - Processing file /home/airflow/.local/lib/python3.8/site-packages/airflow/example_dags/example_task_group.py for tasks to queue
[2023-12-08T02:51:55.542+0000] {logging_mixin.py:154} INFO - [2023-12-08T02:51:55.541+0000] {dagbag.py:536} INFO - Filling up the DagBag from /home/airflow/.local/lib/python3.8/site-packages/airflow/example_dags/example_task_group.py
[2023-12-08T02:51:55.585+0000] {processor.py:839} INFO - DAG(s) dict_keys(['example_task_group']) retrieved from /home/airflow/.local/lib/python3.8/site-packages/airflow/example_dags/example_task_group.py
[2023-12-08T02:51:55.800+0000] {logging_mixin.py:154} INFO - [2023-12-08T02:51:55.789+0000] {dag.py:2941} INFO - Sync 1 DAGs
[2023-12-08T02:51:56.001+0000] {logging_mixin.py:154} INFO - [2023-12-08T02:51:56.000+0000] {dag.py:3722} INFO - Setting next_dagrun for example_task_group to 2023-12-07T02:51:55.990134+00:00, run_after=2023-12-08T02:51:55.990134+00:00
[2023-12-08T02:51:56.156+0000] {processor.py:179} INFO - Processing /home/airflow/.local/lib/python3.8/site-packages/airflow/example_dags/example_task_group.py took 0.643 seconds
[2023-12-08T02:52:26.736+0000] {processor.py:157} INFO - Started process (PID=1393) to work on /home/airflow/.local/lib/python3.8/site-packages/airflow/example_dags/example_task_group.py
[2023-12-08T02:52:26.743+0000] {processor.py:829} INFO - Processing file /home/airflow/.local/lib/python3.8/site-packages/airflow/example_dags/example_task_group.py for tasks to queue
[2023-12-08T02:52:26.748+0000] {logging_mixin.py:154} INFO - [2023-12-08T02:52:26.747+0000] {dagbag.py:536} INFO - Filling up the DagBag from /home/airflow/.local/lib/python3.8/site-packages/airflow/example_dags/example_task_group.py
[2023-12-08T02:52:26.767+0000] {processor.py:839} INFO - DAG(s) dict_keys(['example_task_group']) retrieved from /home/airflow/.local/lib/python3.8/site-packages/airflow/example_dags/example_task_group.py
[2023-12-08T02:52:26.825+0000] {logging_mixin.py:154} INFO - [2023-12-08T02:52:26.824+0000] {dag.py:2941} INFO - Sync 1 DAGs
[2023-12-08T02:52:26.882+0000] {logging_mixin.py:154} INFO - [2023-12-08T02:52:26.882+0000] {dag.py:3722} INFO - Setting next_dagrun for example_task_group to 2023-12-07T02:52:26.881834+00:00, run_after=2023-12-08T02:52:26.881834+00:00
[2023-12-08T02:52:26.926+0000] {processor.py:179} INFO - Processing /home/airflow/.local/lib/python3.8/site-packages/airflow/example_dags/example_task_group.py took 0.198 seconds
[2023-12-08T02:52:57.171+0000] {processor.py:157} INFO - Started process (PID=1447) to work on /home/airflow/.local/lib/python3.8/site-packages/airflow/example_dags/example_task_group.py
[2023-12-08T02:52:57.175+0000] {processor.py:829} INFO - Processing file /home/airflow/.local/lib/python3.8/site-packages/airflow/example_dags/example_task_group.py for tasks to queue
[2023-12-08T02:52:57.181+0000] {logging_mixin.py:154} INFO - [2023-12-08T02:52:57.180+0000] {dagbag.py:536} INFO - Filling up the DagBag from /home/airflow/.local/lib/python3.8/site-packages/airflow/example_dags/example_task_group.py
[2023-12-08T02:52:57.203+0000] {processor.py:839} INFO - DAG(s) dict_keys(['example_task_group']) retrieved from /home/airflow/.local/lib/python3.8/site-packages/airflow/example_dags/example_task_group.py
[2023-12-08T02:52:57.251+0000] {logging_mixin.py:154} INFO - [2023-12-08T02:52:57.250+0000] {dag.py:2941} INFO - Sync 1 DAGs
[2023-12-08T02:52:57.306+0000] {logging_mixin.py:154} INFO - [2023-12-08T02:52:57.306+0000] {dag.py:3722} INFO - Setting next_dagrun for example_task_group to 2023-12-07T02:52:57.305584+00:00, run_after=2023-12-08T02:52:57.305584+00:00
[2023-12-08T02:52:57.352+0000] {processor.py:179} INFO - Processing /home/airflow/.local/lib/python3.8/site-packages/airflow/example_dags/example_task_group.py took 0.189 seconds
[2023-12-08T02:53:27.940+0000] {processor.py:157} INFO - Started process (PID=1502) to work on /home/airflow/.local/lib/python3.8/site-packages/airflow/example_dags/example_task_group.py
[2023-12-08T02:53:27.946+0000] {processor.py:829} INFO - Processing file /home/airflow/.local/lib/python3.8/site-packages/airflow/example_dags/example_task_group.py for tasks to queue
[2023-12-08T02:53:27.951+0000] {logging_mixin.py:154} INFO - [2023-12-08T02:53:27.950+0000] {dagbag.py:536} INFO - Filling up the DagBag from /home/airflow/.local/lib/python3.8/site-packages/airflow/example_dags/example_task_group.py
[2023-12-08T02:53:27.969+0000] {processor.py:839} INFO - DAG(s) dict_keys(['example_task_group']) retrieved from /home/airflow/.local/lib/python3.8/site-packages/airflow/example_dags/example_task_group.py
[2023-12-08T02:53:28.021+0000] {logging_mixin.py:154} INFO - [2023-12-08T02:53:28.020+0000] {dag.py:2941} INFO - Sync 1 DAGs
[2023-12-08T02:53:28.080+0000] {logging_mixin.py:154} INFO - [2023-12-08T02:53:28.079+0000] {dag.py:3722} INFO - Setting next_dagrun for example_task_group to 2023-12-07T02:53:28.078982+00:00, run_after=2023-12-08T02:53:28.078982+00:00
[2023-12-08T02:53:28.119+0000] {processor.py:179} INFO - Processing /home/airflow/.local/lib/python3.8/site-packages/airflow/example_dags/example_task_group.py took 0.185 seconds
[2023-12-08T02:53:58.330+0000] {processor.py:157} INFO - Started process (PID=1555) to work on /home/airflow/.local/lib/python3.8/site-packages/airflow/example_dags/example_task_group.py
[2023-12-08T02:53:58.333+0000] {processor.py:829} INFO - Processing file /home/airflow/.local/lib/python3.8/site-packages/airflow/example_dags/example_task_group.py for tasks to queue
[2023-12-08T02:53:58.337+0000] {logging_mixin.py:154} INFO - [2023-12-08T02:53:58.337+0000] {dagbag.py:536} INFO - Filling up the DagBag from /home/airflow/.local/lib/python3.8/site-packages/airflow/example_dags/example_task_group.py
[2023-12-08T02:53:58.355+0000] {processor.py:839} INFO - DAG(s) dict_keys(['example_task_group']) retrieved from /home/airflow/.local/lib/python3.8/site-packages/airflow/example_dags/example_task_group.py
[2023-12-08T02:53:58.415+0000] {logging_mixin.py:154} INFO - [2023-12-08T02:53:58.415+0000] {dag.py:2941} INFO - Sync 1 DAGs
[2023-12-08T02:53:58.484+0000] {logging_mixin.py:154} INFO - [2023-12-08T02:53:58.483+0000] {dag.py:3722} INFO - Setting next_dagrun for example_task_group to 2023-12-07T02:53:58.483014+00:00, run_after=2023-12-08T02:53:58.483014+00:00
[2023-12-08T02:53:58.551+0000] {processor.py:179} INFO - Processing /home/airflow/.local/lib/python3.8/site-packages/airflow/example_dags/example_task_group.py took 0.230 seconds
[2023-12-08T02:54:29.555+0000] {processor.py:157} INFO - Started process (PID=1615) to work on /home/airflow/.local/lib/python3.8/site-packages/airflow/example_dags/example_task_group.py
[2023-12-08T02:54:29.558+0000] {processor.py:829} INFO - Processing file /home/airflow/.local/lib/python3.8/site-packages/airflow/example_dags/example_task_group.py for tasks to queue
[2023-12-08T02:54:29.568+0000] {logging_mixin.py:154} INFO - [2023-12-08T02:54:29.565+0000] {dagbag.py:536} INFO - Filling up the DagBag from /home/airflow/.local/lib/python3.8/site-packages/airflow/example_dags/example_task_group.py
[2023-12-08T02:54:29.618+0000] {processor.py:839} INFO - DAG(s) dict_keys(['example_task_group']) retrieved from /home/airflow/.local/lib/python3.8/site-packages/airflow/example_dags/example_task_group.py
[2023-12-08T02:54:29.810+0000] {logging_mixin.py:154} INFO - [2023-12-08T02:54:29.799+0000] {dag.py:2941} INFO - Sync 1 DAGs
[2023-12-08T02:54:29.993+0000] {logging_mixin.py:154} INFO - [2023-12-08T02:54:29.993+0000] {dag.py:3722} INFO - Setting next_dagrun for example_task_group to 2023-12-07T02:54:29.992586+00:00, run_after=2023-12-08T02:54:29.992586+00:00
[2023-12-08T02:54:30.158+0000] {processor.py:179} INFO - Processing /home/airflow/.local/lib/python3.8/site-packages/airflow/example_dags/example_task_group.py took 0.633 seconds
[2023-12-08T02:55:00.876+0000] {processor.py:157} INFO - Started process (PID=1669) to work on /home/airflow/.local/lib/python3.8/site-packages/airflow/example_dags/example_task_group.py
[2023-12-08T02:55:00.882+0000] {processor.py:829} INFO - Processing file /home/airflow/.local/lib/python3.8/site-packages/airflow/example_dags/example_task_group.py for tasks to queue
[2023-12-08T02:55:00.898+0000] {logging_mixin.py:154} INFO - [2023-12-08T02:55:00.897+0000] {dagbag.py:536} INFO - Filling up the DagBag from /home/airflow/.local/lib/python3.8/site-packages/airflow/example_dags/example_task_group.py
[2023-12-08T02:55:00.943+0000] {processor.py:839} INFO - DAG(s) dict_keys(['example_task_group']) retrieved from /home/airflow/.local/lib/python3.8/site-packages/airflow/example_dags/example_task_group.py
[2023-12-08T02:55:00.997+0000] {logging_mixin.py:154} INFO - [2023-12-08T02:55:00.997+0000] {dag.py:2941} INFO - Sync 1 DAGs
[2023-12-08T02:55:01.062+0000] {logging_mixin.py:154} INFO - [2023-12-08T02:55:01.061+0000] {dag.py:3722} INFO - Setting next_dagrun for example_task_group to 2023-12-07T02:55:01.061267+00:00, run_after=2023-12-08T02:55:01.061267+00:00
[2023-12-08T02:55:01.116+0000] {processor.py:179} INFO - Processing /home/airflow/.local/lib/python3.8/site-packages/airflow/example_dags/example_task_group.py took 0.261 seconds
[2023-12-08T02:55:31.380+0000] {processor.py:157} INFO - Started process (PID=1724) to work on /home/airflow/.local/lib/python3.8/site-packages/airflow/example_dags/example_task_group.py
[2023-12-08T02:55:31.384+0000] {processor.py:829} INFO - Processing file /home/airflow/.local/lib/python3.8/site-packages/airflow/example_dags/example_task_group.py for tasks to queue
[2023-12-08T02:55:31.395+0000] {logging_mixin.py:154} INFO - [2023-12-08T02:55:31.394+0000] {dagbag.py:536} INFO - Filling up the DagBag from /home/airflow/.local/lib/python3.8/site-packages/airflow/example_dags/example_task_group.py
[2023-12-08T02:55:31.428+0000] {processor.py:839} INFO - DAG(s) dict_keys(['example_task_group']) retrieved from /home/airflow/.local/lib/python3.8/site-packages/airflow/example_dags/example_task_group.py
[2023-12-08T02:55:31.508+0000] {logging_mixin.py:154} INFO - [2023-12-08T02:55:31.507+0000] {dag.py:2941} INFO - Sync 1 DAGs
[2023-12-08T02:55:31.732+0000] {logging_mixin.py:154} INFO - [2023-12-08T02:55:31.731+0000] {dag.py:3722} INFO - Setting next_dagrun for example_task_group to 2023-12-07T02:55:31.724472+00:00, run_after=2023-12-08T02:55:31.724472+00:00
[2023-12-08T02:55:31.857+0000] {processor.py:179} INFO - Processing /home/airflow/.local/lib/python3.8/site-packages/airflow/example_dags/example_task_group.py took 0.510 seconds
[2023-12-08T02:56:02.397+0000] {processor.py:157} INFO - Started process (PID=1778) to work on /home/airflow/.local/lib/python3.8/site-packages/airflow/example_dags/example_task_group.py
[2023-12-08T02:56:02.399+0000] {processor.py:829} INFO - Processing file /home/airflow/.local/lib/python3.8/site-packages/airflow/example_dags/example_task_group.py for tasks to queue
[2023-12-08T02:56:02.404+0000] {logging_mixin.py:154} INFO - [2023-12-08T02:56:02.403+0000] {dagbag.py:536} INFO - Filling up the DagBag from /home/airflow/.local/lib/python3.8/site-packages/airflow/example_dags/example_task_group.py
[2023-12-08T02:56:02.419+0000] {processor.py:839} INFO - DAG(s) dict_keys(['example_task_group']) retrieved from /home/airflow/.local/lib/python3.8/site-packages/airflow/example_dags/example_task_group.py
[2023-12-08T02:56:02.479+0000] {logging_mixin.py:154} INFO - [2023-12-08T02:56:02.478+0000] {dag.py:2941} INFO - Sync 1 DAGs
[2023-12-08T02:56:02.543+0000] {logging_mixin.py:154} INFO - [2023-12-08T02:56:02.543+0000] {dag.py:3722} INFO - Setting next_dagrun for example_task_group to 2023-12-07T02:56:02.542515+00:00, run_after=2023-12-08T02:56:02.542515+00:00
[2023-12-08T02:56:02.588+0000] {processor.py:179} INFO - Processing /home/airflow/.local/lib/python3.8/site-packages/airflow/example_dags/example_task_group.py took 0.197 seconds
[2023-12-08T02:56:32.890+0000] {processor.py:157} INFO - Started process (PID=1832) to work on /home/airflow/.local/lib/python3.8/site-packages/airflow/example_dags/example_task_group.py
[2023-12-08T02:56:32.901+0000] {processor.py:829} INFO - Processing file /home/airflow/.local/lib/python3.8/site-packages/airflow/example_dags/example_task_group.py for tasks to queue
[2023-12-08T02:56:32.908+0000] {logging_mixin.py:154} INFO - [2023-12-08T02:56:32.908+0000] {dagbag.py:536} INFO - Filling up the DagBag from /home/airflow/.local/lib/python3.8/site-packages/airflow/example_dags/example_task_group.py
[2023-12-08T02:56:32.936+0000] {processor.py:839} INFO - DAG(s) dict_keys(['example_task_group']) retrieved from /home/airflow/.local/lib/python3.8/site-packages/airflow/example_dags/example_task_group.py
[2023-12-08T02:56:32.998+0000] {logging_mixin.py:154} INFO - [2023-12-08T02:56:32.998+0000] {dag.py:2941} INFO - Sync 1 DAGs
[2023-12-08T02:56:33.047+0000] {logging_mixin.py:154} INFO - [2023-12-08T02:56:33.047+0000] {dag.py:3722} INFO - Setting next_dagrun for example_task_group to 2023-12-07T02:56:33.046624+00:00, run_after=2023-12-08T02:56:33.046624+00:00
[2023-12-08T02:56:33.086+0000] {processor.py:179} INFO - Processing /home/airflow/.local/lib/python3.8/site-packages/airflow/example_dags/example_task_group.py took 0.208 seconds
[2023-12-08T02:57:03.301+0000] {processor.py:157} INFO - Started process (PID=1887) to work on /home/airflow/.local/lib/python3.8/site-packages/airflow/example_dags/example_task_group.py
[2023-12-08T02:57:03.303+0000] {processor.py:829} INFO - Processing file /home/airflow/.local/lib/python3.8/site-packages/airflow/example_dags/example_task_group.py for tasks to queue
[2023-12-08T02:57:03.321+0000] {logging_mixin.py:154} INFO - [2023-12-08T02:57:03.320+0000] {dagbag.py:536} INFO - Filling up the DagBag from /home/airflow/.local/lib/python3.8/site-packages/airflow/example_dags/example_task_group.py
[2023-12-08T02:57:03.361+0000] {processor.py:839} INFO - DAG(s) dict_keys(['example_task_group']) retrieved from /home/airflow/.local/lib/python3.8/site-packages/airflow/example_dags/example_task_group.py
[2023-12-08T02:57:03.481+0000] {logging_mixin.py:154} INFO - [2023-12-08T02:57:03.481+0000] {dag.py:2941} INFO - Sync 1 DAGs
[2023-12-08T02:57:03.626+0000] {logging_mixin.py:154} INFO - [2023-12-08T02:57:03.625+0000] {dag.py:3722} INFO - Setting next_dagrun for example_task_group to 2023-12-07T02:57:03.625100+00:00, run_after=2023-12-08T02:57:03.625100+00:00
[2023-12-08T02:57:03.753+0000] {processor.py:179} INFO - Processing /home/airflow/.local/lib/python3.8/site-packages/airflow/example_dags/example_task_group.py took 0.469 seconds
