[2023-12-08T02:39:23.888+0000] {processor.py:157} INFO - Started process (PID=83) to work on /home/airflow/.local/lib/python3.8/site-packages/airflow/example_dags/example_external_task_marker_dag.py
[2023-12-08T02:39:23.893+0000] {processor.py:829} INFO - Processing file /home/airflow/.local/lib/python3.8/site-packages/airflow/example_dags/example_external_task_marker_dag.py for tasks to queue
[2023-12-08T02:39:23.920+0000] {logging_mixin.py:154} INFO - [2023-12-08T02:39:23.899+0000] {dagbag.py:536} INFO - Filling up the DagBag from /home/airflow/.local/lib/python3.8/site-packages/airflow/example_dags/example_external_task_marker_dag.py
[2023-12-08T02:39:23.983+0000] {processor.py:839} INFO - DAG(s) dict_keys(['example_external_task_marker_parent', 'example_external_task_marker_child']) retrieved from /home/airflow/.local/lib/python3.8/site-packages/airflow/example_dags/example_external_task_marker_dag.py
[2023-12-08T02:39:24.088+0000] {logging_mixin.py:154} INFO - [2023-12-08T02:39:24.088+0000] {dag.py:2941} INFO - Sync 2 DAGs
[2023-12-08T02:39:24.122+0000] {logging_mixin.py:154} INFO - [2023-12-08T02:39:24.122+0000] {dag.py:3722} INFO - Setting next_dagrun for example_external_task_marker_child to None, run_after=None
[2023-12-08T02:39:24.130+0000] {logging_mixin.py:154} INFO - [2023-12-08T02:39:24.130+0000] {dag.py:3722} INFO - Setting next_dagrun for example_external_task_marker_parent to None, run_after=None
[2023-12-08T02:39:24.237+0000] {processor.py:179} INFO - Processing /home/airflow/.local/lib/python3.8/site-packages/airflow/example_dags/example_external_task_marker_dag.py took 0.376 seconds
[2023-12-08T02:39:55.093+0000] {processor.py:157} INFO - Started process (PID=137) to work on /home/airflow/.local/lib/python3.8/site-packages/airflow/example_dags/example_external_task_marker_dag.py
[2023-12-08T02:39:55.107+0000] {processor.py:829} INFO - Processing file /home/airflow/.local/lib/python3.8/site-packages/airflow/example_dags/example_external_task_marker_dag.py for tasks to queue
[2023-12-08T02:39:55.126+0000] {logging_mixin.py:154} INFO - [2023-12-08T02:39:55.124+0000] {dagbag.py:536} INFO - Filling up the DagBag from /home/airflow/.local/lib/python3.8/site-packages/airflow/example_dags/example_external_task_marker_dag.py
[2023-12-08T02:39:55.191+0000] {processor.py:839} INFO - DAG(s) dict_keys(['example_external_task_marker_parent', 'example_external_task_marker_child']) retrieved from /home/airflow/.local/lib/python3.8/site-packages/airflow/example_dags/example_external_task_marker_dag.py
[2023-12-08T02:39:55.419+0000] {logging_mixin.py:154} INFO - [2023-12-08T02:39:55.418+0000] {dag.py:2941} INFO - Sync 2 DAGs
[2023-12-08T02:39:55.540+0000] {logging_mixin.py:154} INFO - [2023-12-08T02:39:55.539+0000] {dag.py:3722} INFO - Setting next_dagrun for example_external_task_marker_child to None, run_after=None
[2023-12-08T02:39:55.585+0000] {logging_mixin.py:154} INFO - [2023-12-08T02:39:55.585+0000] {dag.py:3722} INFO - Setting next_dagrun for example_external_task_marker_parent to None, run_after=None
[2023-12-08T02:39:55.786+0000] {processor.py:179} INFO - Processing /home/airflow/.local/lib/python3.8/site-packages/airflow/example_dags/example_external_task_marker_dag.py took 0.725 seconds
[2023-12-08T02:40:26.648+0000] {processor.py:157} INFO - Started process (PID=191) to work on /home/airflow/.local/lib/python3.8/site-packages/airflow/example_dags/example_external_task_marker_dag.py
[2023-12-08T02:40:26.650+0000] {processor.py:829} INFO - Processing file /home/airflow/.local/lib/python3.8/site-packages/airflow/example_dags/example_external_task_marker_dag.py for tasks to queue
[2023-12-08T02:40:26.655+0000] {logging_mixin.py:154} INFO - [2023-12-08T02:40:26.655+0000] {dagbag.py:536} INFO - Filling up the DagBag from /home/airflow/.local/lib/python3.8/site-packages/airflow/example_dags/example_external_task_marker_dag.py
[2023-12-08T02:40:26.672+0000] {processor.py:839} INFO - DAG(s) dict_keys(['example_external_task_marker_parent', 'example_external_task_marker_child']) retrieved from /home/airflow/.local/lib/python3.8/site-packages/airflow/example_dags/example_external_task_marker_dag.py
[2023-12-08T02:40:26.741+0000] {logging_mixin.py:154} INFO - [2023-12-08T02:40:26.741+0000] {dag.py:2941} INFO - Sync 2 DAGs
[2023-12-08T02:40:26.778+0000] {logging_mixin.py:154} INFO - [2023-12-08T02:40:26.777+0000] {dag.py:3722} INFO - Setting next_dagrun for example_external_task_marker_child to None, run_after=None
[2023-12-08T02:40:26.794+0000] {logging_mixin.py:154} INFO - [2023-12-08T02:40:26.794+0000] {dag.py:3722} INFO - Setting next_dagrun for example_external_task_marker_parent to None, run_after=None
[2023-12-08T02:40:26.876+0000] {processor.py:179} INFO - Processing /home/airflow/.local/lib/python3.8/site-packages/airflow/example_dags/example_external_task_marker_dag.py took 0.239 seconds
[2023-12-08T02:40:59.264+0000] {processor.py:157} INFO - Started process (PID=245) to work on /home/airflow/.local/lib/python3.8/site-packages/airflow/example_dags/example_external_task_marker_dag.py
[2023-12-08T02:40:59.274+0000] {processor.py:829} INFO - Processing file /home/airflow/.local/lib/python3.8/site-packages/airflow/example_dags/example_external_task_marker_dag.py for tasks to queue
[2023-12-08T02:40:59.284+0000] {logging_mixin.py:154} INFO - [2023-12-08T02:40:59.283+0000] {dagbag.py:536} INFO - Filling up the DagBag from /home/airflow/.local/lib/python3.8/site-packages/airflow/example_dags/example_external_task_marker_dag.py
[2023-12-08T02:40:59.307+0000] {processor.py:839} INFO - DAG(s) dict_keys(['example_external_task_marker_child', 'example_external_task_marker_parent']) retrieved from /home/airflow/.local/lib/python3.8/site-packages/airflow/example_dags/example_external_task_marker_dag.py
[2023-12-08T02:40:59.451+0000] {logging_mixin.py:154} INFO - [2023-12-08T02:40:59.451+0000] {dag.py:2941} INFO - Sync 2 DAGs
[2023-12-08T02:40:59.499+0000] {logging_mixin.py:154} INFO - [2023-12-08T02:40:59.498+0000] {dag.py:3722} INFO - Setting next_dagrun for example_external_task_marker_child to None, run_after=None
[2023-12-08T02:40:59.516+0000] {logging_mixin.py:154} INFO - [2023-12-08T02:40:59.515+0000] {dag.py:3722} INFO - Setting next_dagrun for example_external_task_marker_parent to None, run_after=None
[2023-12-08T02:40:59.620+0000] {processor.py:179} INFO - Processing /home/airflow/.local/lib/python3.8/site-packages/airflow/example_dags/example_external_task_marker_dag.py took 0.376 seconds
[2023-12-08T02:41:31.248+0000] {processor.py:157} INFO - Started process (PID=299) to work on /home/airflow/.local/lib/python3.8/site-packages/airflow/example_dags/example_external_task_marker_dag.py
[2023-12-08T02:41:31.250+0000] {processor.py:829} INFO - Processing file /home/airflow/.local/lib/python3.8/site-packages/airflow/example_dags/example_external_task_marker_dag.py for tasks to queue
[2023-12-08T02:41:31.267+0000] {logging_mixin.py:154} INFO - [2023-12-08T02:41:31.266+0000] {dagbag.py:536} INFO - Filling up the DagBag from /home/airflow/.local/lib/python3.8/site-packages/airflow/example_dags/example_external_task_marker_dag.py
[2023-12-08T02:41:31.330+0000] {processor.py:839} INFO - DAG(s) dict_keys(['example_external_task_marker_child', 'example_external_task_marker_parent']) retrieved from /home/airflow/.local/lib/python3.8/site-packages/airflow/example_dags/example_external_task_marker_dag.py
[2023-12-08T02:41:31.525+0000] {logging_mixin.py:154} INFO - [2023-12-08T02:41:31.524+0000] {dag.py:2941} INFO - Sync 2 DAGs
[2023-12-08T02:41:31.651+0000] {logging_mixin.py:154} INFO - [2023-12-08T02:41:31.650+0000] {dag.py:3722} INFO - Setting next_dagrun for example_external_task_marker_child to None, run_after=None
[2023-12-08T02:41:31.694+0000] {logging_mixin.py:154} INFO - [2023-12-08T02:41:31.693+0000] {dag.py:3722} INFO - Setting next_dagrun for example_external_task_marker_parent to None, run_after=None
[2023-12-08T02:41:31.861+0000] {processor.py:179} INFO - Processing /home/airflow/.local/lib/python3.8/site-packages/airflow/example_dags/example_external_task_marker_dag.py took 0.650 seconds
[2023-12-08T02:42:02.201+0000] {processor.py:157} INFO - Started process (PID=354) to work on /home/airflow/.local/lib/python3.8/site-packages/airflow/example_dags/example_external_task_marker_dag.py
[2023-12-08T02:42:02.208+0000] {processor.py:829} INFO - Processing file /home/airflow/.local/lib/python3.8/site-packages/airflow/example_dags/example_external_task_marker_dag.py for tasks to queue
[2023-12-08T02:42:02.222+0000] {logging_mixin.py:154} INFO - [2023-12-08T02:42:02.222+0000] {dagbag.py:536} INFO - Filling up the DagBag from /home/airflow/.local/lib/python3.8/site-packages/airflow/example_dags/example_external_task_marker_dag.py
[2023-12-08T02:42:02.284+0000] {processor.py:839} INFO - DAG(s) dict_keys(['example_external_task_marker_child', 'example_external_task_marker_parent']) retrieved from /home/airflow/.local/lib/python3.8/site-packages/airflow/example_dags/example_external_task_marker_dag.py
[2023-12-08T02:42:02.492+0000] {logging_mixin.py:154} INFO - [2023-12-08T02:42:02.491+0000] {dag.py:2941} INFO - Sync 2 DAGs
[2023-12-08T02:42:02.597+0000] {logging_mixin.py:154} INFO - [2023-12-08T02:42:02.596+0000] {dag.py:3722} INFO - Setting next_dagrun for example_external_task_marker_child to None, run_after=None
[2023-12-08T02:42:02.631+0000] {logging_mixin.py:154} INFO - [2023-12-08T02:42:02.631+0000] {dag.py:3722} INFO - Setting next_dagrun for example_external_task_marker_parent to None, run_after=None
[2023-12-08T02:42:02.838+0000] {processor.py:179} INFO - Processing /home/airflow/.local/lib/python3.8/site-packages/airflow/example_dags/example_external_task_marker_dag.py took 0.657 seconds
[2023-12-08T02:42:42.773+0000] {processor.py:157} INFO - Started process (PID=408) to work on /home/airflow/.local/lib/python3.8/site-packages/airflow/example_dags/example_external_task_marker_dag.py
[2023-12-08T02:42:42.825+0000] {processor.py:829} INFO - Processing file /home/airflow/.local/lib/python3.8/site-packages/airflow/example_dags/example_external_task_marker_dag.py for tasks to queue
[2023-12-08T02:42:42.843+0000] {logging_mixin.py:154} INFO - [2023-12-08T02:42:42.842+0000] {dagbag.py:536} INFO - Filling up the DagBag from /home/airflow/.local/lib/python3.8/site-packages/airflow/example_dags/example_external_task_marker_dag.py
[2023-12-08T02:42:42.909+0000] {processor.py:839} INFO - DAG(s) dict_keys(['example_external_task_marker_child', 'example_external_task_marker_parent']) retrieved from /home/airflow/.local/lib/python3.8/site-packages/airflow/example_dags/example_external_task_marker_dag.py
[2023-12-08T02:42:43.136+0000] {logging_mixin.py:154} INFO - [2023-12-08T02:42:43.123+0000] {dag.py:2941} INFO - Sync 2 DAGs
[2023-12-08T02:42:43.288+0000] {logging_mixin.py:154} INFO - [2023-12-08T02:42:43.287+0000] {dag.py:3722} INFO - Setting next_dagrun for example_external_task_marker_child to None, run_after=None
[2023-12-08T02:42:43.322+0000] {logging_mixin.py:154} INFO - [2023-12-08T02:42:43.321+0000] {dag.py:3722} INFO - Setting next_dagrun for example_external_task_marker_parent to None, run_after=None
[2023-12-08T02:42:43.485+0000] {processor.py:179} INFO - Processing /home/airflow/.local/lib/python3.8/site-packages/airflow/example_dags/example_external_task_marker_dag.py took 0.745 seconds
[2023-12-08T02:43:15.263+0000] {processor.py:157} INFO - Started process (PID=462) to work on /home/airflow/.local/lib/python3.8/site-packages/airflow/example_dags/example_external_task_marker_dag.py
[2023-12-08T02:43:15.279+0000] {processor.py:829} INFO - Processing file /home/airflow/.local/lib/python3.8/site-packages/airflow/example_dags/example_external_task_marker_dag.py for tasks to queue
[2023-12-08T02:43:15.307+0000] {logging_mixin.py:154} INFO - [2023-12-08T02:43:15.294+0000] {dagbag.py:536} INFO - Filling up the DagBag from /home/airflow/.local/lib/python3.8/site-packages/airflow/example_dags/example_external_task_marker_dag.py
[2023-12-08T02:43:15.373+0000] {processor.py:839} INFO - DAG(s) dict_keys(['example_external_task_marker_parent', 'example_external_task_marker_child']) retrieved from /home/airflow/.local/lib/python3.8/site-packages/airflow/example_dags/example_external_task_marker_dag.py
[2023-12-08T02:43:15.695+0000] {logging_mixin.py:154} INFO - [2023-12-08T02:43:15.684+0000] {dag.py:2941} INFO - Sync 2 DAGs
[2023-12-08T02:43:15.815+0000] {logging_mixin.py:154} INFO - [2023-12-08T02:43:15.815+0000] {dag.py:3722} INFO - Setting next_dagrun for example_external_task_marker_child to None, run_after=None
[2023-12-08T02:43:15.848+0000] {logging_mixin.py:154} INFO - [2023-12-08T02:43:15.847+0000] {dag.py:3722} INFO - Setting next_dagrun for example_external_task_marker_parent to None, run_after=None
[2023-12-08T02:43:15.998+0000] {processor.py:179} INFO - Processing /home/airflow/.local/lib/python3.8/site-packages/airflow/example_dags/example_external_task_marker_dag.py took 0.770 seconds
[2023-12-08T02:43:47.296+0000] {processor.py:157} INFO - Started process (PID=517) to work on /home/airflow/.local/lib/python3.8/site-packages/airflow/example_dags/example_external_task_marker_dag.py
[2023-12-08T02:43:47.300+0000] {processor.py:829} INFO - Processing file /home/airflow/.local/lib/python3.8/site-packages/airflow/example_dags/example_external_task_marker_dag.py for tasks to queue
[2023-12-08T02:43:47.308+0000] {logging_mixin.py:154} INFO - [2023-12-08T02:43:47.307+0000] {dagbag.py:536} INFO - Filling up the DagBag from /home/airflow/.local/lib/python3.8/site-packages/airflow/example_dags/example_external_task_marker_dag.py
[2023-12-08T02:43:47.372+0000] {processor.py:839} INFO - DAG(s) dict_keys(['example_external_task_marker_parent', 'example_external_task_marker_child']) retrieved from /home/airflow/.local/lib/python3.8/site-packages/airflow/example_dags/example_external_task_marker_dag.py
[2023-12-08T02:43:47.463+0000] {logging_mixin.py:154} INFO - [2023-12-08T02:43:47.463+0000] {dag.py:2941} INFO - Sync 2 DAGs
[2023-12-08T02:43:47.524+0000] {logging_mixin.py:154} INFO - [2023-12-08T02:43:47.523+0000] {dag.py:3722} INFO - Setting next_dagrun for example_external_task_marker_child to None, run_after=None
[2023-12-08T02:43:47.537+0000] {logging_mixin.py:154} INFO - [2023-12-08T02:43:47.537+0000] {dag.py:3722} INFO - Setting next_dagrun for example_external_task_marker_parent to None, run_after=None
[2023-12-08T02:43:47.623+0000] {processor.py:179} INFO - Processing /home/airflow/.local/lib/python3.8/site-packages/airflow/example_dags/example_external_task_marker_dag.py took 0.361 seconds
[2023-12-08T02:44:17.892+0000] {processor.py:157} INFO - Started process (PID=572) to work on /home/airflow/.local/lib/python3.8/site-packages/airflow/example_dags/example_external_task_marker_dag.py
[2023-12-08T02:44:17.895+0000] {processor.py:829} INFO - Processing file /home/airflow/.local/lib/python3.8/site-packages/airflow/example_dags/example_external_task_marker_dag.py for tasks to queue
[2023-12-08T02:44:17.901+0000] {logging_mixin.py:154} INFO - [2023-12-08T02:44:17.900+0000] {dagbag.py:536} INFO - Filling up the DagBag from /home/airflow/.local/lib/python3.8/site-packages/airflow/example_dags/example_external_task_marker_dag.py
[2023-12-08T02:44:17.917+0000] {processor.py:839} INFO - DAG(s) dict_keys(['example_external_task_marker_child', 'example_external_task_marker_parent']) retrieved from /home/airflow/.local/lib/python3.8/site-packages/airflow/example_dags/example_external_task_marker_dag.py
[2023-12-08T02:44:18.008+0000] {logging_mixin.py:154} INFO - [2023-12-08T02:44:18.007+0000] {dag.py:2941} INFO - Sync 2 DAGs
[2023-12-08T02:44:18.052+0000] {logging_mixin.py:154} INFO - [2023-12-08T02:44:18.052+0000] {dag.py:3722} INFO - Setting next_dagrun for example_external_task_marker_child to None, run_after=None
[2023-12-08T02:44:18.061+0000] {logging_mixin.py:154} INFO - [2023-12-08T02:44:18.060+0000] {dag.py:3722} INFO - Setting next_dagrun for example_external_task_marker_parent to None, run_after=None
[2023-12-08T02:44:18.105+0000] {processor.py:179} INFO - Processing /home/airflow/.local/lib/python3.8/site-packages/airflow/example_dags/example_external_task_marker_dag.py took 0.225 seconds
[2023-12-08T02:44:48.317+0000] {processor.py:157} INFO - Started process (PID=627) to work on /home/airflow/.local/lib/python3.8/site-packages/airflow/example_dags/example_external_task_marker_dag.py
[2023-12-08T02:44:48.321+0000] {processor.py:829} INFO - Processing file /home/airflow/.local/lib/python3.8/site-packages/airflow/example_dags/example_external_task_marker_dag.py for tasks to queue
[2023-12-08T02:44:48.327+0000] {logging_mixin.py:154} INFO - [2023-12-08T02:44:48.326+0000] {dagbag.py:536} INFO - Filling up the DagBag from /home/airflow/.local/lib/python3.8/site-packages/airflow/example_dags/example_external_task_marker_dag.py
[2023-12-08T02:44:48.348+0000] {processor.py:839} INFO - DAG(s) dict_keys(['example_external_task_marker_child', 'example_external_task_marker_parent']) retrieved from /home/airflow/.local/lib/python3.8/site-packages/airflow/example_dags/example_external_task_marker_dag.py
[2023-12-08T02:44:48.423+0000] {logging_mixin.py:154} INFO - [2023-12-08T02:44:48.422+0000] {dag.py:2941} INFO - Sync 2 DAGs
[2023-12-08T02:44:48.484+0000] {logging_mixin.py:154} INFO - [2023-12-08T02:44:48.483+0000] {dag.py:3722} INFO - Setting next_dagrun for example_external_task_marker_child to None, run_after=None
[2023-12-08T02:44:48.502+0000] {logging_mixin.py:154} INFO - [2023-12-08T02:44:48.501+0000] {dag.py:3722} INFO - Setting next_dagrun for example_external_task_marker_parent to None, run_after=None
[2023-12-08T02:44:48.584+0000] {processor.py:179} INFO - Processing /home/airflow/.local/lib/python3.8/site-packages/airflow/example_dags/example_external_task_marker_dag.py took 0.284 seconds
[2023-12-08T02:45:18.764+0000] {processor.py:157} INFO - Started process (PID=681) to work on /home/airflow/.local/lib/python3.8/site-packages/airflow/example_dags/example_external_task_marker_dag.py
[2023-12-08T02:45:18.767+0000] {processor.py:829} INFO - Processing file /home/airflow/.local/lib/python3.8/site-packages/airflow/example_dags/example_external_task_marker_dag.py for tasks to queue
[2023-12-08T02:45:18.772+0000] {logging_mixin.py:154} INFO - [2023-12-08T02:45:18.771+0000] {dagbag.py:536} INFO - Filling up the DagBag from /home/airflow/.local/lib/python3.8/site-packages/airflow/example_dags/example_external_task_marker_dag.py
[2023-12-08T02:45:18.783+0000] {processor.py:839} INFO - DAG(s) dict_keys(['example_external_task_marker_child', 'example_external_task_marker_parent']) retrieved from /home/airflow/.local/lib/python3.8/site-packages/airflow/example_dags/example_external_task_marker_dag.py
[2023-12-08T02:45:18.822+0000] {logging_mixin.py:154} INFO - [2023-12-08T02:45:18.822+0000] {dag.py:2941} INFO - Sync 2 DAGs
[2023-12-08T02:45:18.844+0000] {logging_mixin.py:154} INFO - [2023-12-08T02:45:18.844+0000] {dag.py:3722} INFO - Setting next_dagrun for example_external_task_marker_child to None, run_after=None
[2023-12-08T02:45:18.849+0000] {logging_mixin.py:154} INFO - [2023-12-08T02:45:18.849+0000] {dag.py:3722} INFO - Setting next_dagrun for example_external_task_marker_parent to None, run_after=None
[2023-12-08T02:45:18.876+0000] {processor.py:179} INFO - Processing /home/airflow/.local/lib/python3.8/site-packages/airflow/example_dags/example_external_task_marker_dag.py took 0.120 seconds
[2023-12-08T02:45:54.518+0000] {processor.py:157} INFO - Started process (PID=739) to work on /home/airflow/.local/lib/python3.8/site-packages/airflow/example_dags/example_external_task_marker_dag.py
[2023-12-08T02:45:54.537+0000] {processor.py:829} INFO - Processing file /home/airflow/.local/lib/python3.8/site-packages/airflow/example_dags/example_external_task_marker_dag.py for tasks to queue
[2023-12-08T02:45:54.542+0000] {logging_mixin.py:154} INFO - [2023-12-08T02:45:54.542+0000] {dagbag.py:536} INFO - Filling up the DagBag from /home/airflow/.local/lib/python3.8/site-packages/airflow/example_dags/example_external_task_marker_dag.py
[2023-12-08T02:45:54.574+0000] {processor.py:839} INFO - DAG(s) dict_keys(['example_external_task_marker_parent', 'example_external_task_marker_child']) retrieved from /home/airflow/.local/lib/python3.8/site-packages/airflow/example_dags/example_external_task_marker_dag.py
[2023-12-08T02:45:54.712+0000] {logging_mixin.py:154} INFO - [2023-12-08T02:45:54.711+0000] {dag.py:2941} INFO - Sync 2 DAGs
[2023-12-08T02:45:54.761+0000] {logging_mixin.py:154} INFO - [2023-12-08T02:45:54.761+0000] {dag.py:3722} INFO - Setting next_dagrun for example_external_task_marker_child to None, run_after=None
[2023-12-08T02:45:54.770+0000] {logging_mixin.py:154} INFO - [2023-12-08T02:45:54.770+0000] {dag.py:3722} INFO - Setting next_dagrun for example_external_task_marker_parent to None, run_after=None
[2023-12-08T02:45:54.887+0000] {processor.py:179} INFO - Processing /home/airflow/.local/lib/python3.8/site-packages/airflow/example_dags/example_external_task_marker_dag.py took 0.378 seconds
[2023-12-08T02:46:46.263+0000] {processor.py:157} INFO - Started process (PID=803) to work on /home/airflow/.local/lib/python3.8/site-packages/airflow/example_dags/example_external_task_marker_dag.py
[2023-12-08T02:46:46.284+0000] {processor.py:829} INFO - Processing file /home/airflow/.local/lib/python3.8/site-packages/airflow/example_dags/example_external_task_marker_dag.py for tasks to queue
[2023-12-08T02:46:46.301+0000] {logging_mixin.py:154} INFO - [2023-12-08T02:46:46.300+0000] {dagbag.py:536} INFO - Filling up the DagBag from /home/airflow/.local/lib/python3.8/site-packages/airflow/example_dags/example_external_task_marker_dag.py
[2023-12-08T02:46:46.364+0000] {processor.py:839} INFO - DAG(s) dict_keys(['example_external_task_marker_parent', 'example_external_task_marker_child']) retrieved from /home/airflow/.local/lib/python3.8/site-packages/airflow/example_dags/example_external_task_marker_dag.py
[2023-12-08T02:46:46.633+0000] {logging_mixin.py:154} INFO - [2023-12-08T02:46:46.632+0000] {dag.py:2941} INFO - Sync 2 DAGs
[2023-12-08T02:46:46.795+0000] {logging_mixin.py:154} INFO - [2023-12-08T02:46:46.795+0000] {dag.py:3722} INFO - Setting next_dagrun for example_external_task_marker_child to None, run_after=None
[2023-12-08T02:46:46.846+0000] {logging_mixin.py:154} INFO - [2023-12-08T02:46:46.845+0000] {dag.py:3722} INFO - Setting next_dagrun for example_external_task_marker_parent to None, run_after=None
[2023-12-08T02:46:47.058+0000] {processor.py:179} INFO - Processing /home/airflow/.local/lib/python3.8/site-packages/airflow/example_dags/example_external_task_marker_dag.py took 0.827 seconds
[2023-12-08T02:47:17.505+0000] {processor.py:157} INFO - Started process (PID=857) to work on /home/airflow/.local/lib/python3.8/site-packages/airflow/example_dags/example_external_task_marker_dag.py
[2023-12-08T02:47:17.507+0000] {processor.py:829} INFO - Processing file /home/airflow/.local/lib/python3.8/site-packages/airflow/example_dags/example_external_task_marker_dag.py for tasks to queue
[2023-12-08T02:47:17.512+0000] {logging_mixin.py:154} INFO - [2023-12-08T02:47:17.511+0000] {dagbag.py:536} INFO - Filling up the DagBag from /home/airflow/.local/lib/python3.8/site-packages/airflow/example_dags/example_external_task_marker_dag.py
[2023-12-08T02:47:17.524+0000] {processor.py:839} INFO - DAG(s) dict_keys(['example_external_task_marker_child', 'example_external_task_marker_parent']) retrieved from /home/airflow/.local/lib/python3.8/site-packages/airflow/example_dags/example_external_task_marker_dag.py
[2023-12-08T02:47:17.573+0000] {logging_mixin.py:154} INFO - [2023-12-08T02:47:17.573+0000] {dag.py:2941} INFO - Sync 2 DAGs
[2023-12-08T02:47:17.601+0000] {logging_mixin.py:154} INFO - [2023-12-08T02:47:17.601+0000] {dag.py:3722} INFO - Setting next_dagrun for example_external_task_marker_child to None, run_after=None
[2023-12-08T02:47:17.608+0000] {logging_mixin.py:154} INFO - [2023-12-08T02:47:17.607+0000] {dag.py:3722} INFO - Setting next_dagrun for example_external_task_marker_parent to None, run_after=None
[2023-12-08T02:47:17.646+0000] {processor.py:179} INFO - Processing /home/airflow/.local/lib/python3.8/site-packages/airflow/example_dags/example_external_task_marker_dag.py took 0.147 seconds
[2023-12-08T02:47:48.128+0000] {processor.py:157} INFO - Started process (PID=911) to work on /home/airflow/.local/lib/python3.8/site-packages/airflow/example_dags/example_external_task_marker_dag.py
[2023-12-08T02:47:48.129+0000] {processor.py:829} INFO - Processing file /home/airflow/.local/lib/python3.8/site-packages/airflow/example_dags/example_external_task_marker_dag.py for tasks to queue
[2023-12-08T02:47:48.134+0000] {logging_mixin.py:154} INFO - [2023-12-08T02:47:48.133+0000] {dagbag.py:536} INFO - Filling up the DagBag from /home/airflow/.local/lib/python3.8/site-packages/airflow/example_dags/example_external_task_marker_dag.py
[2023-12-08T02:47:48.148+0000] {processor.py:839} INFO - DAG(s) dict_keys(['example_external_task_marker_child', 'example_external_task_marker_parent']) retrieved from /home/airflow/.local/lib/python3.8/site-packages/airflow/example_dags/example_external_task_marker_dag.py
[2023-12-08T02:47:48.198+0000] {logging_mixin.py:154} INFO - [2023-12-08T02:47:48.198+0000] {dag.py:2941} INFO - Sync 2 DAGs
[2023-12-08T02:47:48.227+0000] {logging_mixin.py:154} INFO - [2023-12-08T02:47:48.226+0000] {dag.py:3722} INFO - Setting next_dagrun for example_external_task_marker_child to None, run_after=None
[2023-12-08T02:47:48.235+0000] {logging_mixin.py:154} INFO - [2023-12-08T02:47:48.234+0000] {dag.py:3722} INFO - Setting next_dagrun for example_external_task_marker_parent to None, run_after=None
[2023-12-08T02:47:48.274+0000] {processor.py:179} INFO - Processing /home/airflow/.local/lib/python3.8/site-packages/airflow/example_dags/example_external_task_marker_dag.py took 0.152 seconds
[2023-12-08T02:48:18.985+0000] {processor.py:157} INFO - Started process (PID=965) to work on /home/airflow/.local/lib/python3.8/site-packages/airflow/example_dags/example_external_task_marker_dag.py
[2023-12-08T02:48:19.005+0000] {processor.py:829} INFO - Processing file /home/airflow/.local/lib/python3.8/site-packages/airflow/example_dags/example_external_task_marker_dag.py for tasks to queue
[2023-12-08T02:48:19.022+0000] {logging_mixin.py:154} INFO - [2023-12-08T02:48:19.021+0000] {dagbag.py:536} INFO - Filling up the DagBag from /home/airflow/.local/lib/python3.8/site-packages/airflow/example_dags/example_external_task_marker_dag.py
[2023-12-08T02:48:19.115+0000] {processor.py:839} INFO - DAG(s) dict_keys(['example_external_task_marker_parent', 'example_external_task_marker_child']) retrieved from /home/airflow/.local/lib/python3.8/site-packages/airflow/example_dags/example_external_task_marker_dag.py
[2023-12-08T02:48:19.229+0000] {logging_mixin.py:154} INFO - [2023-12-08T02:48:19.228+0000] {dag.py:2941} INFO - Sync 2 DAGs
[2023-12-08T02:48:19.291+0000] {logging_mixin.py:154} INFO - [2023-12-08T02:48:19.290+0000] {dag.py:3722} INFO - Setting next_dagrun for example_external_task_marker_child to None, run_after=None
[2023-12-08T02:48:19.312+0000] {logging_mixin.py:154} INFO - [2023-12-08T02:48:19.312+0000] {dag.py:3722} INFO - Setting next_dagrun for example_external_task_marker_parent to None, run_after=None
[2023-12-08T02:48:19.430+0000] {processor.py:179} INFO - Processing /home/airflow/.local/lib/python3.8/site-packages/airflow/example_dags/example_external_task_marker_dag.py took 0.480 seconds
[2023-12-08T02:48:49.991+0000] {processor.py:157} INFO - Started process (PID=1019) to work on /home/airflow/.local/lib/python3.8/site-packages/airflow/example_dags/example_external_task_marker_dag.py
[2023-12-08T02:48:49.993+0000] {processor.py:829} INFO - Processing file /home/airflow/.local/lib/python3.8/site-packages/airflow/example_dags/example_external_task_marker_dag.py for tasks to queue
[2023-12-08T02:48:49.999+0000] {logging_mixin.py:154} INFO - [2023-12-08T02:48:49.998+0000] {dagbag.py:536} INFO - Filling up the DagBag from /home/airflow/.local/lib/python3.8/site-packages/airflow/example_dags/example_external_task_marker_dag.py
[2023-12-08T02:48:50.033+0000] {processor.py:839} INFO - DAG(s) dict_keys(['example_external_task_marker_child', 'example_external_task_marker_parent']) retrieved from /home/airflow/.local/lib/python3.8/site-packages/airflow/example_dags/example_external_task_marker_dag.py
[2023-12-08T02:48:50.106+0000] {logging_mixin.py:154} INFO - [2023-12-08T02:48:50.105+0000] {dag.py:2941} INFO - Sync 2 DAGs
[2023-12-08T02:48:50.136+0000] {logging_mixin.py:154} INFO - [2023-12-08T02:48:50.135+0000] {dag.py:3722} INFO - Setting next_dagrun for example_external_task_marker_child to None, run_after=None
[2023-12-08T02:48:50.145+0000] {logging_mixin.py:154} INFO - [2023-12-08T02:48:50.145+0000] {dag.py:3722} INFO - Setting next_dagrun for example_external_task_marker_parent to None, run_after=None
[2023-12-08T02:48:50.183+0000] {processor.py:179} INFO - Processing /home/airflow/.local/lib/python3.8/site-packages/airflow/example_dags/example_external_task_marker_dag.py took 0.202 seconds
[2023-12-08T02:49:20.540+0000] {processor.py:157} INFO - Started process (PID=1072) to work on /home/airflow/.local/lib/python3.8/site-packages/airflow/example_dags/example_external_task_marker_dag.py
[2023-12-08T02:49:20.542+0000] {processor.py:829} INFO - Processing file /home/airflow/.local/lib/python3.8/site-packages/airflow/example_dags/example_external_task_marker_dag.py for tasks to queue
[2023-12-08T02:49:20.545+0000] {logging_mixin.py:154} INFO - [2023-12-08T02:49:20.545+0000] {dagbag.py:536} INFO - Filling up the DagBag from /home/airflow/.local/lib/python3.8/site-packages/airflow/example_dags/example_external_task_marker_dag.py
[2023-12-08T02:49:20.557+0000] {processor.py:839} INFO - DAG(s) dict_keys(['example_external_task_marker_child', 'example_external_task_marker_parent']) retrieved from /home/airflow/.local/lib/python3.8/site-packages/airflow/example_dags/example_external_task_marker_dag.py
[2023-12-08T02:49:20.605+0000] {logging_mixin.py:154} INFO - [2023-12-08T02:49:20.604+0000] {dag.py:2941} INFO - Sync 2 DAGs
[2023-12-08T02:49:20.832+0000] {logging_mixin.py:154} INFO - [2023-12-08T02:49:20.832+0000] {dag.py:3722} INFO - Setting next_dagrun for example_external_task_marker_child to None, run_after=None
[2023-12-08T02:49:20.840+0000] {logging_mixin.py:154} INFO - [2023-12-08T02:49:20.840+0000] {dag.py:3722} INFO - Setting next_dagrun for example_external_task_marker_parent to None, run_after=None
[2023-12-08T02:49:20.868+0000] {processor.py:179} INFO - Processing /home/airflow/.local/lib/python3.8/site-packages/airflow/example_dags/example_external_task_marker_dag.py took 0.336 seconds
[2023-12-08T02:49:51.224+0000] {processor.py:157} INFO - Started process (PID=1126) to work on /home/airflow/.local/lib/python3.8/site-packages/airflow/example_dags/example_external_task_marker_dag.py
[2023-12-08T02:49:51.226+0000] {processor.py:829} INFO - Processing file /home/airflow/.local/lib/python3.8/site-packages/airflow/example_dags/example_external_task_marker_dag.py for tasks to queue
[2023-12-08T02:49:51.229+0000] {logging_mixin.py:154} INFO - [2023-12-08T02:49:51.229+0000] {dagbag.py:536} INFO - Filling up the DagBag from /home/airflow/.local/lib/python3.8/site-packages/airflow/example_dags/example_external_task_marker_dag.py
[2023-12-08T02:49:51.242+0000] {processor.py:839} INFO - DAG(s) dict_keys(['example_external_task_marker_parent', 'example_external_task_marker_child']) retrieved from /home/airflow/.local/lib/python3.8/site-packages/airflow/example_dags/example_external_task_marker_dag.py
[2023-12-08T02:49:51.290+0000] {logging_mixin.py:154} INFO - [2023-12-08T02:49:51.290+0000] {dag.py:2941} INFO - Sync 2 DAGs
[2023-12-08T02:49:51.315+0000] {logging_mixin.py:154} INFO - [2023-12-08T02:49:51.315+0000] {dag.py:3722} INFO - Setting next_dagrun for example_external_task_marker_child to None, run_after=None
[2023-12-08T02:49:51.325+0000] {logging_mixin.py:154} INFO - [2023-12-08T02:49:51.322+0000] {dag.py:3722} INFO - Setting next_dagrun for example_external_task_marker_parent to None, run_after=None
[2023-12-08T02:49:51.376+0000] {processor.py:179} INFO - Processing /home/airflow/.local/lib/python3.8/site-packages/airflow/example_dags/example_external_task_marker_dag.py took 0.159 seconds
[2023-12-08T02:50:22.116+0000] {processor.py:157} INFO - Started process (PID=1181) to work on /home/airflow/.local/lib/python3.8/site-packages/airflow/example_dags/example_external_task_marker_dag.py
[2023-12-08T02:50:22.123+0000] {processor.py:829} INFO - Processing file /home/airflow/.local/lib/python3.8/site-packages/airflow/example_dags/example_external_task_marker_dag.py for tasks to queue
[2023-12-08T02:50:22.130+0000] {logging_mixin.py:154} INFO - [2023-12-08T02:50:22.129+0000] {dagbag.py:536} INFO - Filling up the DagBag from /home/airflow/.local/lib/python3.8/site-packages/airflow/example_dags/example_external_task_marker_dag.py
[2023-12-08T02:50:22.168+0000] {processor.py:839} INFO - DAG(s) dict_keys(['example_external_task_marker_child', 'example_external_task_marker_parent']) retrieved from /home/airflow/.local/lib/python3.8/site-packages/airflow/example_dags/example_external_task_marker_dag.py
[2023-12-08T02:50:22.435+0000] {logging_mixin.py:154} INFO - [2023-12-08T02:50:22.433+0000] {dag.py:2941} INFO - Sync 2 DAGs
[2023-12-08T02:50:22.540+0000] {logging_mixin.py:154} INFO - [2023-12-08T02:50:22.540+0000] {dag.py:3722} INFO - Setting next_dagrun for example_external_task_marker_child to None, run_after=None
[2023-12-08T02:50:22.574+0000] {logging_mixin.py:154} INFO - [2023-12-08T02:50:22.573+0000] {dag.py:3722} INFO - Setting next_dagrun for example_external_task_marker_parent to None, run_after=None
[2023-12-08T02:50:22.700+0000] {processor.py:179} INFO - Processing /home/airflow/.local/lib/python3.8/site-packages/airflow/example_dags/example_external_task_marker_dag.py took 0.596 seconds
[2023-12-08T02:50:53.071+0000] {processor.py:157} INFO - Started process (PID=1234) to work on /home/airflow/.local/lib/python3.8/site-packages/airflow/example_dags/example_external_task_marker_dag.py
[2023-12-08T02:50:53.074+0000] {processor.py:829} INFO - Processing file /home/airflow/.local/lib/python3.8/site-packages/airflow/example_dags/example_external_task_marker_dag.py for tasks to queue
[2023-12-08T02:50:53.081+0000] {logging_mixin.py:154} INFO - [2023-12-08T02:50:53.081+0000] {dagbag.py:536} INFO - Filling up the DagBag from /home/airflow/.local/lib/python3.8/site-packages/airflow/example_dags/example_external_task_marker_dag.py
[2023-12-08T02:50:53.100+0000] {processor.py:839} INFO - DAG(s) dict_keys(['example_external_task_marker_parent', 'example_external_task_marker_child']) retrieved from /home/airflow/.local/lib/python3.8/site-packages/airflow/example_dags/example_external_task_marker_dag.py
[2023-12-08T02:50:53.525+0000] {logging_mixin.py:154} INFO - [2023-12-08T02:50:53.524+0000] {dag.py:2941} INFO - Sync 2 DAGs
[2023-12-08T02:50:53.551+0000] {logging_mixin.py:154} INFO - [2023-12-08T02:50:53.550+0000] {dag.py:3722} INFO - Setting next_dagrun for example_external_task_marker_child to None, run_after=None
[2023-12-08T02:50:53.557+0000] {logging_mixin.py:154} INFO - [2023-12-08T02:50:53.557+0000] {dag.py:3722} INFO - Setting next_dagrun for example_external_task_marker_parent to None, run_after=None
[2023-12-08T02:50:53.599+0000] {processor.py:179} INFO - Processing /home/airflow/.local/lib/python3.8/site-packages/airflow/example_dags/example_external_task_marker_dag.py took 0.541 seconds
[2023-12-08T02:51:25.203+0000] {processor.py:157} INFO - Started process (PID=1288) to work on /home/airflow/.local/lib/python3.8/site-packages/airflow/example_dags/example_external_task_marker_dag.py
[2023-12-08T02:51:25.208+0000] {processor.py:829} INFO - Processing file /home/airflow/.local/lib/python3.8/site-packages/airflow/example_dags/example_external_task_marker_dag.py for tasks to queue
[2023-12-08T02:51:25.226+0000] {logging_mixin.py:154} INFO - [2023-12-08T02:51:25.218+0000] {dagbag.py:536} INFO - Filling up the DagBag from /home/airflow/.local/lib/python3.8/site-packages/airflow/example_dags/example_external_task_marker_dag.py
[2023-12-08T02:51:25.268+0000] {processor.py:839} INFO - DAG(s) dict_keys(['example_external_task_marker_child', 'example_external_task_marker_parent']) retrieved from /home/airflow/.local/lib/python3.8/site-packages/airflow/example_dags/example_external_task_marker_dag.py
[2023-12-08T02:51:25.383+0000] {logging_mixin.py:154} INFO - [2023-12-08T02:51:25.382+0000] {dag.py:2941} INFO - Sync 2 DAGs
[2023-12-08T02:51:25.950+0000] {logging_mixin.py:154} INFO - [2023-12-08T02:51:25.949+0000] {dag.py:3722} INFO - Setting next_dagrun for example_external_task_marker_child to None, run_after=None
[2023-12-08T02:51:25.980+0000] {logging_mixin.py:154} INFO - [2023-12-08T02:51:25.967+0000] {dag.py:3722} INFO - Setting next_dagrun for example_external_task_marker_parent to None, run_after=None
[2023-12-08T02:51:26.087+0000] {processor.py:179} INFO - Processing /home/airflow/.local/lib/python3.8/site-packages/airflow/example_dags/example_external_task_marker_dag.py took 0.897 seconds
[2023-12-08T02:51:56.242+0000] {processor.py:157} INFO - Started process (PID=1342) to work on /home/airflow/.local/lib/python3.8/site-packages/airflow/example_dags/example_external_task_marker_dag.py
[2023-12-08T02:51:56.244+0000] {processor.py:829} INFO - Processing file /home/airflow/.local/lib/python3.8/site-packages/airflow/example_dags/example_external_task_marker_dag.py for tasks to queue
[2023-12-08T02:51:56.255+0000] {logging_mixin.py:154} INFO - [2023-12-08T02:51:56.254+0000] {dagbag.py:536} INFO - Filling up the DagBag from /home/airflow/.local/lib/python3.8/site-packages/airflow/example_dags/example_external_task_marker_dag.py
[2023-12-08T02:51:56.285+0000] {processor.py:839} INFO - DAG(s) dict_keys(['example_external_task_marker_child', 'example_external_task_marker_parent']) retrieved from /home/airflow/.local/lib/python3.8/site-packages/airflow/example_dags/example_external_task_marker_dag.py
[2023-12-08T02:51:56.374+0000] {logging_mixin.py:154} INFO - [2023-12-08T02:51:56.373+0000] {dag.py:2941} INFO - Sync 2 DAGs
[2023-12-08T02:51:56.404+0000] {logging_mixin.py:154} INFO - [2023-12-08T02:51:56.404+0000] {dag.py:3722} INFO - Setting next_dagrun for example_external_task_marker_child to None, run_after=None
[2023-12-08T02:51:56.410+0000] {logging_mixin.py:154} INFO - [2023-12-08T02:51:56.410+0000] {dag.py:3722} INFO - Setting next_dagrun for example_external_task_marker_parent to None, run_after=None
[2023-12-08T02:51:56.462+0000] {processor.py:179} INFO - Processing /home/airflow/.local/lib/python3.8/site-packages/airflow/example_dags/example_external_task_marker_dag.py took 0.233 seconds
[2023-12-08T02:52:26.977+0000] {processor.py:157} INFO - Started process (PID=1395) to work on /home/airflow/.local/lib/python3.8/site-packages/airflow/example_dags/example_external_task_marker_dag.py
[2023-12-08T02:52:26.980+0000] {processor.py:829} INFO - Processing file /home/airflow/.local/lib/python3.8/site-packages/airflow/example_dags/example_external_task_marker_dag.py for tasks to queue
[2023-12-08T02:52:26.986+0000] {logging_mixin.py:154} INFO - [2023-12-08T02:52:26.986+0000] {dagbag.py:536} INFO - Filling up the DagBag from /home/airflow/.local/lib/python3.8/site-packages/airflow/example_dags/example_external_task_marker_dag.py
[2023-12-08T02:52:27.000+0000] {processor.py:839} INFO - DAG(s) dict_keys(['example_external_task_marker_child', 'example_external_task_marker_parent']) retrieved from /home/airflow/.local/lib/python3.8/site-packages/airflow/example_dags/example_external_task_marker_dag.py
[2023-12-08T02:52:27.062+0000] {logging_mixin.py:154} INFO - [2023-12-08T02:52:27.062+0000] {dag.py:2941} INFO - Sync 2 DAGs
[2023-12-08T02:52:27.095+0000] {logging_mixin.py:154} INFO - [2023-12-08T02:52:27.094+0000] {dag.py:3722} INFO - Setting next_dagrun for example_external_task_marker_child to None, run_after=None
[2023-12-08T02:52:27.101+0000] {logging_mixin.py:154} INFO - [2023-12-08T02:52:27.101+0000] {dag.py:3722} INFO - Setting next_dagrun for example_external_task_marker_parent to None, run_after=None
[2023-12-08T02:52:27.137+0000] {processor.py:179} INFO - Processing /home/airflow/.local/lib/python3.8/site-packages/airflow/example_dags/example_external_task_marker_dag.py took 0.171 seconds
[2023-12-08T02:52:57.404+0000] {processor.py:157} INFO - Started process (PID=1449) to work on /home/airflow/.local/lib/python3.8/site-packages/airflow/example_dags/example_external_task_marker_dag.py
[2023-12-08T02:52:57.408+0000] {processor.py:829} INFO - Processing file /home/airflow/.local/lib/python3.8/site-packages/airflow/example_dags/example_external_task_marker_dag.py for tasks to queue
[2023-12-08T02:52:57.416+0000] {logging_mixin.py:154} INFO - [2023-12-08T02:52:57.416+0000] {dagbag.py:536} INFO - Filling up the DagBag from /home/airflow/.local/lib/python3.8/site-packages/airflow/example_dags/example_external_task_marker_dag.py
[2023-12-08T02:52:57.433+0000] {processor.py:839} INFO - DAG(s) dict_keys(['example_external_task_marker_parent', 'example_external_task_marker_child']) retrieved from /home/airflow/.local/lib/python3.8/site-packages/airflow/example_dags/example_external_task_marker_dag.py
[2023-12-08T02:52:57.495+0000] {logging_mixin.py:154} INFO - [2023-12-08T02:52:57.494+0000] {dag.py:2941} INFO - Sync 2 DAGs
[2023-12-08T02:52:57.526+0000] {logging_mixin.py:154} INFO - [2023-12-08T02:52:57.525+0000] {dag.py:3722} INFO - Setting next_dagrun for example_external_task_marker_child to None, run_after=None
[2023-12-08T02:52:57.534+0000] {logging_mixin.py:154} INFO - [2023-12-08T02:52:57.534+0000] {dag.py:3722} INFO - Setting next_dagrun for example_external_task_marker_parent to None, run_after=None
[2023-12-08T02:52:57.583+0000] {processor.py:179} INFO - Processing /home/airflow/.local/lib/python3.8/site-packages/airflow/example_dags/example_external_task_marker_dag.py took 0.188 seconds
[2023-12-08T02:53:28.161+0000] {processor.py:157} INFO - Started process (PID=1504) to work on /home/airflow/.local/lib/python3.8/site-packages/airflow/example_dags/example_external_task_marker_dag.py
[2023-12-08T02:53:28.164+0000] {processor.py:829} INFO - Processing file /home/airflow/.local/lib/python3.8/site-packages/airflow/example_dags/example_external_task_marker_dag.py for tasks to queue
[2023-12-08T02:53:28.169+0000] {logging_mixin.py:154} INFO - [2023-12-08T02:53:28.168+0000] {dagbag.py:536} INFO - Filling up the DagBag from /home/airflow/.local/lib/python3.8/site-packages/airflow/example_dags/example_external_task_marker_dag.py
[2023-12-08T02:53:28.183+0000] {processor.py:839} INFO - DAG(s) dict_keys(['example_external_task_marker_parent', 'example_external_task_marker_child']) retrieved from /home/airflow/.local/lib/python3.8/site-packages/airflow/example_dags/example_external_task_marker_dag.py
[2023-12-08T02:53:28.237+0000] {logging_mixin.py:154} INFO - [2023-12-08T02:53:28.237+0000] {dag.py:2941} INFO - Sync 2 DAGs
[2023-12-08T02:53:28.269+0000] {logging_mixin.py:154} INFO - [2023-12-08T02:53:28.269+0000] {dag.py:3722} INFO - Setting next_dagrun for example_external_task_marker_child to None, run_after=None
[2023-12-08T02:53:28.276+0000] {logging_mixin.py:154} INFO - [2023-12-08T02:53:28.276+0000] {dag.py:3722} INFO - Setting next_dagrun for example_external_task_marker_parent to None, run_after=None
[2023-12-08T02:53:28.321+0000] {processor.py:179} INFO - Processing /home/airflow/.local/lib/python3.8/site-packages/airflow/example_dags/example_external_task_marker_dag.py took 0.169 seconds
[2023-12-08T02:53:58.623+0000] {processor.py:157} INFO - Started process (PID=1565) to work on /home/airflow/.local/lib/python3.8/site-packages/airflow/example_dags/example_external_task_marker_dag.py
[2023-12-08T02:53:58.628+0000] {processor.py:829} INFO - Processing file /home/airflow/.local/lib/python3.8/site-packages/airflow/example_dags/example_external_task_marker_dag.py for tasks to queue
[2023-12-08T02:53:58.635+0000] {logging_mixin.py:154} INFO - [2023-12-08T02:53:58.634+0000] {dagbag.py:536} INFO - Filling up the DagBag from /home/airflow/.local/lib/python3.8/site-packages/airflow/example_dags/example_external_task_marker_dag.py
[2023-12-08T02:53:58.651+0000] {processor.py:839} INFO - DAG(s) dict_keys(['example_external_task_marker_parent', 'example_external_task_marker_child']) retrieved from /home/airflow/.local/lib/python3.8/site-packages/airflow/example_dags/example_external_task_marker_dag.py
[2023-12-08T02:53:58.731+0000] {logging_mixin.py:154} INFO - [2023-12-08T02:53:58.731+0000] {dag.py:2941} INFO - Sync 2 DAGs
[2023-12-08T02:53:58.763+0000] {logging_mixin.py:154} INFO - [2023-12-08T02:53:58.760+0000] {dag.py:3722} INFO - Setting next_dagrun for example_external_task_marker_child to None, run_after=None
[2023-12-08T02:53:58.770+0000] {logging_mixin.py:154} INFO - [2023-12-08T02:53:58.769+0000] {dag.py:3722} INFO - Setting next_dagrun for example_external_task_marker_parent to None, run_after=None
[2023-12-08T02:53:58.815+0000] {processor.py:179} INFO - Processing /home/airflow/.local/lib/python3.8/site-packages/airflow/example_dags/example_external_task_marker_dag.py took 0.206 seconds
[2023-12-08T02:54:30.337+0000] {processor.py:157} INFO - Started process (PID=1617) to work on /home/airflow/.local/lib/python3.8/site-packages/airflow/example_dags/example_external_task_marker_dag.py
[2023-12-08T02:54:30.347+0000] {processor.py:829} INFO - Processing file /home/airflow/.local/lib/python3.8/site-packages/airflow/example_dags/example_external_task_marker_dag.py for tasks to queue
[2023-12-08T02:54:30.355+0000] {logging_mixin.py:154} INFO - [2023-12-08T02:54:30.354+0000] {dagbag.py:536} INFO - Filling up the DagBag from /home/airflow/.local/lib/python3.8/site-packages/airflow/example_dags/example_external_task_marker_dag.py
[2023-12-08T02:54:30.403+0000] {processor.py:839} INFO - DAG(s) dict_keys(['example_external_task_marker_child', 'example_external_task_marker_parent']) retrieved from /home/airflow/.local/lib/python3.8/site-packages/airflow/example_dags/example_external_task_marker_dag.py
[2023-12-08T02:54:30.536+0000] {logging_mixin.py:154} INFO - [2023-12-08T02:54:30.535+0000] {dag.py:2941} INFO - Sync 2 DAGs
[2023-12-08T02:54:30.647+0000] {logging_mixin.py:154} INFO - [2023-12-08T02:54:30.646+0000] {dag.py:3722} INFO - Setting next_dagrun for example_external_task_marker_child to None, run_after=None
[2023-12-08T02:54:30.665+0000] {logging_mixin.py:154} INFO - [2023-12-08T02:54:30.664+0000] {dag.py:3722} INFO - Setting next_dagrun for example_external_task_marker_parent to None, run_after=None
[2023-12-08T02:54:30.762+0000] {processor.py:179} INFO - Processing /home/airflow/.local/lib/python3.8/site-packages/airflow/example_dags/example_external_task_marker_dag.py took 0.446 seconds
[2023-12-08T02:55:01.096+0000] {processor.py:157} INFO - Started process (PID=1671) to work on /home/airflow/.local/lib/python3.8/site-packages/airflow/example_dags/example_external_task_marker_dag.py
[2023-12-08T02:55:01.098+0000] {processor.py:829} INFO - Processing file /home/airflow/.local/lib/python3.8/site-packages/airflow/example_dags/example_external_task_marker_dag.py for tasks to queue
[2023-12-08T02:55:01.106+0000] {logging_mixin.py:154} INFO - [2023-12-08T02:55:01.105+0000] {dagbag.py:536} INFO - Filling up the DagBag from /home/airflow/.local/lib/python3.8/site-packages/airflow/example_dags/example_external_task_marker_dag.py
[2023-12-08T02:55:01.130+0000] {processor.py:839} INFO - DAG(s) dict_keys(['example_external_task_marker_child', 'example_external_task_marker_parent']) retrieved from /home/airflow/.local/lib/python3.8/site-packages/airflow/example_dags/example_external_task_marker_dag.py
[2023-12-08T02:55:01.190+0000] {logging_mixin.py:154} INFO - [2023-12-08T02:55:01.190+0000] {dag.py:2941} INFO - Sync 2 DAGs
[2023-12-08T02:55:01.226+0000] {logging_mixin.py:154} INFO - [2023-12-08T02:55:01.225+0000] {dag.py:3722} INFO - Setting next_dagrun for example_external_task_marker_child to None, run_after=None
[2023-12-08T02:55:01.232+0000] {logging_mixin.py:154} INFO - [2023-12-08T02:55:01.232+0000] {dag.py:3722} INFO - Setting next_dagrun for example_external_task_marker_parent to None, run_after=None
[2023-12-08T02:55:01.275+0000] {processor.py:179} INFO - Processing /home/airflow/.local/lib/python3.8/site-packages/airflow/example_dags/example_external_task_marker_dag.py took 0.187 seconds
[2023-12-08T02:55:31.949+0000] {processor.py:157} INFO - Started process (PID=1726) to work on /home/airflow/.local/lib/python3.8/site-packages/airflow/example_dags/example_external_task_marker_dag.py
[2023-12-08T02:55:31.954+0000] {processor.py:829} INFO - Processing file /home/airflow/.local/lib/python3.8/site-packages/airflow/example_dags/example_external_task_marker_dag.py for tasks to queue
[2023-12-08T02:55:31.962+0000] {logging_mixin.py:154} INFO - [2023-12-08T02:55:31.961+0000] {dagbag.py:536} INFO - Filling up the DagBag from /home/airflow/.local/lib/python3.8/site-packages/airflow/example_dags/example_external_task_marker_dag.py
[2023-12-08T02:55:31.987+0000] {processor.py:839} INFO - DAG(s) dict_keys(['example_external_task_marker_parent', 'example_external_task_marker_child']) retrieved from /home/airflow/.local/lib/python3.8/site-packages/airflow/example_dags/example_external_task_marker_dag.py
[2023-12-08T02:55:32.105+0000] {logging_mixin.py:154} INFO - [2023-12-08T02:55:32.104+0000] {dag.py:2941} INFO - Sync 2 DAGs
[2023-12-08T02:55:32.220+0000] {logging_mixin.py:154} INFO - [2023-12-08T02:55:32.219+0000] {dag.py:3722} INFO - Setting next_dagrun for example_external_task_marker_child to None, run_after=None
[2023-12-08T02:55:32.267+0000] {logging_mixin.py:154} INFO - [2023-12-08T02:55:32.266+0000] {dag.py:3722} INFO - Setting next_dagrun for example_external_task_marker_parent to None, run_after=None
[2023-12-08T02:55:32.484+0000] {processor.py:179} INFO - Processing /home/airflow/.local/lib/python3.8/site-packages/airflow/example_dags/example_external_task_marker_dag.py took 0.556 seconds
[2023-12-08T02:56:02.623+0000] {processor.py:157} INFO - Started process (PID=1780) to work on /home/airflow/.local/lib/python3.8/site-packages/airflow/example_dags/example_external_task_marker_dag.py
[2023-12-08T02:56:02.626+0000] {processor.py:829} INFO - Processing file /home/airflow/.local/lib/python3.8/site-packages/airflow/example_dags/example_external_task_marker_dag.py for tasks to queue
[2023-12-08T02:56:02.631+0000] {logging_mixin.py:154} INFO - [2023-12-08T02:56:02.630+0000] {dagbag.py:536} INFO - Filling up the DagBag from /home/airflow/.local/lib/python3.8/site-packages/airflow/example_dags/example_external_task_marker_dag.py
[2023-12-08T02:56:02.643+0000] {processor.py:839} INFO - DAG(s) dict_keys(['example_external_task_marker_parent', 'example_external_task_marker_child']) retrieved from /home/airflow/.local/lib/python3.8/site-packages/airflow/example_dags/example_external_task_marker_dag.py
[2023-12-08T02:56:02.691+0000] {logging_mixin.py:154} INFO - [2023-12-08T02:56:02.690+0000] {dag.py:2941} INFO - Sync 2 DAGs
[2023-12-08T02:56:02.717+0000] {logging_mixin.py:154} INFO - [2023-12-08T02:56:02.717+0000] {dag.py:3722} INFO - Setting next_dagrun for example_external_task_marker_child to None, run_after=None
[2023-12-08T02:56:02.723+0000] {logging_mixin.py:154} INFO - [2023-12-08T02:56:02.722+0000] {dag.py:3722} INFO - Setting next_dagrun for example_external_task_marker_parent to None, run_after=None
[2023-12-08T02:56:02.760+0000] {processor.py:179} INFO - Processing /home/airflow/.local/lib/python3.8/site-packages/airflow/example_dags/example_external_task_marker_dag.py took 0.143 seconds
[2023-12-08T02:56:33.137+0000] {processor.py:157} INFO - Started process (PID=1834) to work on /home/airflow/.local/lib/python3.8/site-packages/airflow/example_dags/example_external_task_marker_dag.py
[2023-12-08T02:56:33.144+0000] {processor.py:829} INFO - Processing file /home/airflow/.local/lib/python3.8/site-packages/airflow/example_dags/example_external_task_marker_dag.py for tasks to queue
[2023-12-08T02:56:33.151+0000] {logging_mixin.py:154} INFO - [2023-12-08T02:56:33.150+0000] {dagbag.py:536} INFO - Filling up the DagBag from /home/airflow/.local/lib/python3.8/site-packages/airflow/example_dags/example_external_task_marker_dag.py
[2023-12-08T02:56:33.172+0000] {processor.py:839} INFO - DAG(s) dict_keys(['example_external_task_marker_child', 'example_external_task_marker_parent']) retrieved from /home/airflow/.local/lib/python3.8/site-packages/airflow/example_dags/example_external_task_marker_dag.py
[2023-12-08T02:56:33.254+0000] {logging_mixin.py:154} INFO - [2023-12-08T02:56:33.254+0000] {dag.py:2941} INFO - Sync 2 DAGs
[2023-12-08T02:56:33.288+0000] {logging_mixin.py:154} INFO - [2023-12-08T02:56:33.287+0000] {dag.py:3722} INFO - Setting next_dagrun for example_external_task_marker_child to None, run_after=None
[2023-12-08T02:56:33.295+0000] {logging_mixin.py:154} INFO - [2023-12-08T02:56:33.294+0000] {dag.py:3722} INFO - Setting next_dagrun for example_external_task_marker_parent to None, run_after=None
[2023-12-08T02:56:33.328+0000] {processor.py:179} INFO - Processing /home/airflow/.local/lib/python3.8/site-packages/airflow/example_dags/example_external_task_marker_dag.py took 0.199 seconds
[2023-12-08T02:57:03.841+0000] {processor.py:157} INFO - Started process (PID=1889) to work on /home/airflow/.local/lib/python3.8/site-packages/airflow/example_dags/example_external_task_marker_dag.py
[2023-12-08T02:57:03.843+0000] {processor.py:829} INFO - Processing file /home/airflow/.local/lib/python3.8/site-packages/airflow/example_dags/example_external_task_marker_dag.py for tasks to queue
[2023-12-08T02:57:03.853+0000] {logging_mixin.py:154} INFO - [2023-12-08T02:57:03.852+0000] {dagbag.py:536} INFO - Filling up the DagBag from /home/airflow/.local/lib/python3.8/site-packages/airflow/example_dags/example_external_task_marker_dag.py
[2023-12-08T02:57:03.878+0000] {processor.py:839} INFO - DAG(s) dict_keys(['example_external_task_marker_parent', 'example_external_task_marker_child']) retrieved from /home/airflow/.local/lib/python3.8/site-packages/airflow/example_dags/example_external_task_marker_dag.py
[2023-12-08T02:57:03.923+0000] {logging_mixin.py:154} INFO - [2023-12-08T02:57:03.922+0000] {dag.py:2941} INFO - Sync 2 DAGs
[2023-12-08T02:57:03.947+0000] {logging_mixin.py:154} INFO - [2023-12-08T02:57:03.947+0000] {dag.py:3722} INFO - Setting next_dagrun for example_external_task_marker_child to None, run_after=None
[2023-12-08T02:57:03.953+0000] {logging_mixin.py:154} INFO - [2023-12-08T02:57:03.953+0000] {dag.py:3722} INFO - Setting next_dagrun for example_external_task_marker_parent to None, run_after=None
[2023-12-08T02:57:04.003+0000] {processor.py:179} INFO - Processing /home/airflow/.local/lib/python3.8/site-packages/airflow/example_dags/example_external_task_marker_dag.py took 0.179 seconds
