[2023-12-08T02:39:15.089+0000] {processor.py:157} INFO - Started process (PID=61) to work on /home/airflow/.local/lib/python3.8/site-packages/airflow/example_dags/example_bash_operator.py
[2023-12-08T02:39:15.100+0000] {processor.py:829} INFO - Processing file /home/airflow/.local/lib/python3.8/site-packages/airflow/example_dags/example_bash_operator.py for tasks to queue
[2023-12-08T02:39:15.119+0000] {logging_mixin.py:154} INFO - [2023-12-08T02:39:15.118+0000] {dagbag.py:536} INFO - Filling up the DagBag from /home/airflow/.local/lib/python3.8/site-packages/airflow/example_dags/example_bash_operator.py
[2023-12-08T02:39:15.216+0000] {processor.py:839} INFO - DAG(s) dict_keys(['example_bash_operator']) retrieved from /home/airflow/.local/lib/python3.8/site-packages/airflow/example_dags/example_bash_operator.py
[2023-12-08T02:39:15.465+0000] {logging_mixin.py:154} INFO - [2023-12-08T02:39:15.464+0000] {dag.py:2941} INFO - Sync 1 DAGs
[2023-12-08T02:39:15.541+0000] {logging_mixin.py:154} INFO - [2023-12-08T02:39:15.539+0000] {dag.py:3722} INFO - Setting next_dagrun for example_bash_operator to 2023-12-07T00:00:00+00:00, run_after=2023-12-08T00:00:00+00:00
[2023-12-08T02:39:15.593+0000] {processor.py:179} INFO - Processing /home/airflow/.local/lib/python3.8/site-packages/airflow/example_dags/example_bash_operator.py took 0.536 seconds
[2023-12-08T02:39:47.083+0000] {processor.py:157} INFO - Started process (PID=115) to work on /home/airflow/.local/lib/python3.8/site-packages/airflow/example_dags/example_bash_operator.py
[2023-12-08T02:39:47.085+0000] {processor.py:829} INFO - Processing file /home/airflow/.local/lib/python3.8/site-packages/airflow/example_dags/example_bash_operator.py for tasks to queue
[2023-12-08T02:39:47.092+0000] {logging_mixin.py:154} INFO - [2023-12-08T02:39:47.091+0000] {dagbag.py:536} INFO - Filling up the DagBag from /home/airflow/.local/lib/python3.8/site-packages/airflow/example_dags/example_bash_operator.py
[2023-12-08T02:39:47.126+0000] {processor.py:839} INFO - DAG(s) dict_keys(['example_bash_operator']) retrieved from /home/airflow/.local/lib/python3.8/site-packages/airflow/example_dags/example_bash_operator.py
[2023-12-08T02:39:47.229+0000] {logging_mixin.py:154} INFO - [2023-12-08T02:39:47.228+0000] {dag.py:2941} INFO - Sync 1 DAGs
[2023-12-08T02:39:47.299+0000] {logging_mixin.py:154} INFO - [2023-12-08T02:39:47.298+0000] {dag.py:3722} INFO - Setting next_dagrun for example_bash_operator to 2023-12-07T00:00:00+00:00, run_after=2023-12-08T00:00:00+00:00
[2023-12-08T02:39:47.383+0000] {processor.py:179} INFO - Processing /home/airflow/.local/lib/python3.8/site-packages/airflow/example_dags/example_bash_operator.py took 0.311 seconds
[2023-12-08T02:40:18.004+0000] {processor.py:157} INFO - Started process (PID=169) to work on /home/airflow/.local/lib/python3.8/site-packages/airflow/example_dags/example_bash_operator.py
[2023-12-08T02:40:18.006+0000] {processor.py:829} INFO - Processing file /home/airflow/.local/lib/python3.8/site-packages/airflow/example_dags/example_bash_operator.py for tasks to queue
[2023-12-08T02:40:18.012+0000] {logging_mixin.py:154} INFO - [2023-12-08T02:40:18.011+0000] {dagbag.py:536} INFO - Filling up the DagBag from /home/airflow/.local/lib/python3.8/site-packages/airflow/example_dags/example_bash_operator.py
[2023-12-08T02:40:18.047+0000] {processor.py:839} INFO - DAG(s) dict_keys(['example_bash_operator']) retrieved from /home/airflow/.local/lib/python3.8/site-packages/airflow/example_dags/example_bash_operator.py
[2023-12-08T02:40:18.148+0000] {logging_mixin.py:154} INFO - [2023-12-08T02:40:18.147+0000] {dag.py:2941} INFO - Sync 1 DAGs
[2023-12-08T02:40:18.244+0000] {logging_mixin.py:154} INFO - [2023-12-08T02:40:18.244+0000] {dag.py:3722} INFO - Setting next_dagrun for example_bash_operator to 2023-12-07T00:00:00+00:00, run_after=2023-12-08T00:00:00+00:00
[2023-12-08T02:40:18.323+0000] {processor.py:179} INFO - Processing /home/airflow/.local/lib/python3.8/site-packages/airflow/example_dags/example_bash_operator.py took 0.329 seconds
[2023-12-08T02:40:48.542+0000] {processor.py:157} INFO - Started process (PID=223) to work on /home/airflow/.local/lib/python3.8/site-packages/airflow/example_dags/example_bash_operator.py
[2023-12-08T02:40:48.544+0000] {processor.py:829} INFO - Processing file /home/airflow/.local/lib/python3.8/site-packages/airflow/example_dags/example_bash_operator.py for tasks to queue
[2023-12-08T02:40:48.551+0000] {logging_mixin.py:154} INFO - [2023-12-08T02:40:48.550+0000] {dagbag.py:536} INFO - Filling up the DagBag from /home/airflow/.local/lib/python3.8/site-packages/airflow/example_dags/example_bash_operator.py
[2023-12-08T02:40:48.592+0000] {processor.py:839} INFO - DAG(s) dict_keys(['example_bash_operator']) retrieved from /home/airflow/.local/lib/python3.8/site-packages/airflow/example_dags/example_bash_operator.py
[2023-12-08T02:40:48.711+0000] {logging_mixin.py:154} INFO - [2023-12-08T02:40:48.711+0000] {dag.py:2941} INFO - Sync 1 DAGs
[2023-12-08T02:40:48.824+0000] {logging_mixin.py:154} INFO - [2023-12-08T02:40:48.823+0000] {dag.py:3722} INFO - Setting next_dagrun for example_bash_operator to 2023-12-07T00:00:00+00:00, run_after=2023-12-08T00:00:00+00:00
[2023-12-08T02:40:48.898+0000] {processor.py:179} INFO - Processing /home/airflow/.local/lib/python3.8/site-packages/airflow/example_dags/example_bash_operator.py took 0.369 seconds
[2023-12-08T02:41:20.373+0000] {processor.py:157} INFO - Started process (PID=277) to work on /home/airflow/.local/lib/python3.8/site-packages/airflow/example_dags/example_bash_operator.py
[2023-12-08T02:41:20.375+0000] {processor.py:829} INFO - Processing file /home/airflow/.local/lib/python3.8/site-packages/airflow/example_dags/example_bash_operator.py for tasks to queue
[2023-12-08T02:41:20.384+0000] {logging_mixin.py:154} INFO - [2023-12-08T02:41:20.383+0000] {dagbag.py:536} INFO - Filling up the DagBag from /home/airflow/.local/lib/python3.8/site-packages/airflow/example_dags/example_bash_operator.py
[2023-12-08T02:41:20.432+0000] {processor.py:839} INFO - DAG(s) dict_keys(['example_bash_operator']) retrieved from /home/airflow/.local/lib/python3.8/site-packages/airflow/example_dags/example_bash_operator.py
[2023-12-08T02:41:20.541+0000] {logging_mixin.py:154} INFO - [2023-12-08T02:41:20.540+0000] {dag.py:2941} INFO - Sync 1 DAGs
[2023-12-08T02:41:20.628+0000] {logging_mixin.py:154} INFO - [2023-12-08T02:41:20.628+0000] {dag.py:3722} INFO - Setting next_dagrun for example_bash_operator to 2023-12-07T00:00:00+00:00, run_after=2023-12-08T00:00:00+00:00
[2023-12-08T02:41:20.666+0000] {processor.py:179} INFO - Processing /home/airflow/.local/lib/python3.8/site-packages/airflow/example_dags/example_bash_operator.py took 0.304 seconds
[2023-12-08T02:41:53.410+0000] {processor.py:157} INFO - Started process (PID=332) to work on /home/airflow/.local/lib/python3.8/site-packages/airflow/example_dags/example_bash_operator.py
[2023-12-08T02:41:53.511+0000] {processor.py:829} INFO - Processing file /home/airflow/.local/lib/python3.8/site-packages/airflow/example_dags/example_bash_operator.py for tasks to queue
[2023-12-08T02:41:53.521+0000] {logging_mixin.py:154} INFO - [2023-12-08T02:41:53.520+0000] {dagbag.py:536} INFO - Filling up the DagBag from /home/airflow/.local/lib/python3.8/site-packages/airflow/example_dags/example_bash_operator.py
[2023-12-08T02:41:53.694+0000] {processor.py:839} INFO - DAG(s) dict_keys(['example_bash_operator']) retrieved from /home/airflow/.local/lib/python3.8/site-packages/airflow/example_dags/example_bash_operator.py
[2023-12-08T02:41:53.900+0000] {logging_mixin.py:154} INFO - [2023-12-08T02:41:53.900+0000] {dag.py:2941} INFO - Sync 1 DAGs
[2023-12-08T02:41:54.058+0000] {logging_mixin.py:154} INFO - [2023-12-08T02:41:54.057+0000] {dag.py:3722} INFO - Setting next_dagrun for example_bash_operator to 2023-12-07T00:00:00+00:00, run_after=2023-12-08T00:00:00+00:00
[2023-12-08T02:41:54.215+0000] {processor.py:179} INFO - Processing /home/airflow/.local/lib/python3.8/site-packages/airflow/example_dags/example_bash_operator.py took 0.855 seconds
[2023-12-08T02:42:25.200+0000] {processor.py:157} INFO - Started process (PID=386) to work on /home/airflow/.local/lib/python3.8/site-packages/airflow/example_dags/example_bash_operator.py
[2023-12-08T02:42:25.202+0000] {processor.py:829} INFO - Processing file /home/airflow/.local/lib/python3.8/site-packages/airflow/example_dags/example_bash_operator.py for tasks to queue
[2023-12-08T02:42:25.218+0000] {logging_mixin.py:154} INFO - [2023-12-08T02:42:25.217+0000] {dagbag.py:536} INFO - Filling up the DagBag from /home/airflow/.local/lib/python3.8/site-packages/airflow/example_dags/example_bash_operator.py
[2023-12-08T02:42:25.316+0000] {processor.py:839} INFO - DAG(s) dict_keys(['example_bash_operator']) retrieved from /home/airflow/.local/lib/python3.8/site-packages/airflow/example_dags/example_bash_operator.py
[2023-12-08T02:42:25.576+0000] {logging_mixin.py:154} INFO - [2023-12-08T02:42:25.572+0000] {dag.py:2941} INFO - Sync 1 DAGs
[2023-12-08T02:42:25.808+0000] {logging_mixin.py:154} INFO - [2023-12-08T02:42:25.807+0000] {dag.py:3722} INFO - Setting next_dagrun for example_bash_operator to 2023-12-07T00:00:00+00:00, run_after=2023-12-08T00:00:00+00:00
[2023-12-08T02:42:26.082+0000] {processor.py:179} INFO - Processing /home/airflow/.local/lib/python3.8/site-packages/airflow/example_dags/example_bash_operator.py took 0.912 seconds
[2023-12-08T02:42:57.581+0000] {processor.py:157} INFO - Started process (PID=438) to work on /home/airflow/.local/lib/python3.8/site-packages/airflow/example_dags/example_bash_operator.py
[2023-12-08T02:42:57.652+0000] {processor.py:829} INFO - Processing file /home/airflow/.local/lib/python3.8/site-packages/airflow/example_dags/example_bash_operator.py for tasks to queue
[2023-12-08T02:42:57.672+0000] {logging_mixin.py:154} INFO - [2023-12-08T02:42:57.671+0000] {dagbag.py:536} INFO - Filling up the DagBag from /home/airflow/.local/lib/python3.8/site-packages/airflow/example_dags/example_bash_operator.py
[2023-12-08T02:42:57.834+0000] {processor.py:839} INFO - DAG(s) dict_keys(['example_bash_operator']) retrieved from /home/airflow/.local/lib/python3.8/site-packages/airflow/example_dags/example_bash_operator.py
[2023-12-08T02:42:58.490+0000] {logging_mixin.py:154} INFO - [2023-12-08T02:42:58.478+0000] {dag.py:2941} INFO - Sync 1 DAGs
[2023-12-08T02:42:58.768+0000] {logging_mixin.py:154} INFO - [2023-12-08T02:42:58.767+0000] {dag.py:3722} INFO - Setting next_dagrun for example_bash_operator to 2023-12-07T00:00:00+00:00, run_after=2023-12-08T00:00:00+00:00
[2023-12-08T02:42:59.562+0000] {processor.py:179} INFO - Processing /home/airflow/.local/lib/python3.8/site-packages/airflow/example_dags/example_bash_operator.py took 2.027 seconds
[2023-12-08T02:43:31.189+0000] {processor.py:157} INFO - Started process (PID=493) to work on /home/airflow/.local/lib/python3.8/site-packages/airflow/example_dags/example_bash_operator.py
[2023-12-08T02:43:31.209+0000] {processor.py:829} INFO - Processing file /home/airflow/.local/lib/python3.8/site-packages/airflow/example_dags/example_bash_operator.py for tasks to queue
[2023-12-08T02:43:31.221+0000] {logging_mixin.py:154} INFO - [2023-12-08T02:43:31.220+0000] {dagbag.py:536} INFO - Filling up the DagBag from /home/airflow/.local/lib/python3.8/site-packages/airflow/example_dags/example_bash_operator.py
[2023-12-08T02:43:31.329+0000] {processor.py:839} INFO - DAG(s) dict_keys(['example_bash_operator']) retrieved from /home/airflow/.local/lib/python3.8/site-packages/airflow/example_dags/example_bash_operator.py
[2023-12-08T02:43:31.581+0000] {logging_mixin.py:154} INFO - [2023-12-08T02:43:31.580+0000] {dag.py:2941} INFO - Sync 1 DAGs
[2023-12-08T02:43:31.774+0000] {logging_mixin.py:154} INFO - [2023-12-08T02:43:31.773+0000] {dag.py:3722} INFO - Setting next_dagrun for example_bash_operator to 2023-12-07T00:00:00+00:00, run_after=2023-12-08T00:00:00+00:00
[2023-12-08T02:43:31.969+0000] {processor.py:179} INFO - Processing /home/airflow/.local/lib/python3.8/site-packages/airflow/example_dags/example_bash_operator.py took 0.815 seconds
[2023-12-08T02:44:02.776+0000] {processor.py:157} INFO - Started process (PID=547) to work on /home/airflow/.local/lib/python3.8/site-packages/airflow/example_dags/example_bash_operator.py
[2023-12-08T02:44:02.786+0000] {processor.py:829} INFO - Processing file /home/airflow/.local/lib/python3.8/site-packages/airflow/example_dags/example_bash_operator.py for tasks to queue
[2023-12-08T02:44:02.803+0000] {logging_mixin.py:154} INFO - [2023-12-08T02:44:02.792+0000] {dagbag.py:536} INFO - Filling up the DagBag from /home/airflow/.local/lib/python3.8/site-packages/airflow/example_dags/example_bash_operator.py
[2023-12-08T02:44:02.902+0000] {processor.py:839} INFO - DAG(s) dict_keys(['example_bash_operator']) retrieved from /home/airflow/.local/lib/python3.8/site-packages/airflow/example_dags/example_bash_operator.py
[2023-12-08T02:44:03.124+0000] {logging_mixin.py:154} INFO - [2023-12-08T02:44:03.123+0000] {dag.py:2941} INFO - Sync 1 DAGs
[2023-12-08T02:44:03.279+0000] {logging_mixin.py:154} INFO - [2023-12-08T02:44:03.278+0000] {dag.py:3722} INFO - Setting next_dagrun for example_bash_operator to 2023-12-07T00:00:00+00:00, run_after=2023-12-08T00:00:00+00:00
[2023-12-08T02:44:03.366+0000] {processor.py:179} INFO - Processing /home/airflow/.local/lib/python3.8/site-packages/airflow/example_dags/example_bash_operator.py took 0.608 seconds
[2023-12-08T02:44:33.788+0000] {processor.py:157} INFO - Started process (PID=602) to work on /home/airflow/.local/lib/python3.8/site-packages/airflow/example_dags/example_bash_operator.py
[2023-12-08T02:44:33.790+0000] {processor.py:829} INFO - Processing file /home/airflow/.local/lib/python3.8/site-packages/airflow/example_dags/example_bash_operator.py for tasks to queue
[2023-12-08T02:44:33.794+0000] {logging_mixin.py:154} INFO - [2023-12-08T02:44:33.793+0000] {dagbag.py:536} INFO - Filling up the DagBag from /home/airflow/.local/lib/python3.8/site-packages/airflow/example_dags/example_bash_operator.py
[2023-12-08T02:44:33.820+0000] {processor.py:839} INFO - DAG(s) dict_keys(['example_bash_operator']) retrieved from /home/airflow/.local/lib/python3.8/site-packages/airflow/example_dags/example_bash_operator.py
[2023-12-08T02:44:33.907+0000] {logging_mixin.py:154} INFO - [2023-12-08T02:44:33.906+0000] {dag.py:2941} INFO - Sync 1 DAGs
[2023-12-08T02:44:33.987+0000] {logging_mixin.py:154} INFO - [2023-12-08T02:44:33.987+0000] {dag.py:3722} INFO - Setting next_dagrun for example_bash_operator to 2023-12-07T00:00:00+00:00, run_after=2023-12-08T00:00:00+00:00
[2023-12-08T02:44:34.034+0000] {processor.py:179} INFO - Processing /home/airflow/.local/lib/python3.8/site-packages/airflow/example_dags/example_bash_operator.py took 0.255 seconds
[2023-12-08T02:45:04.612+0000] {processor.py:157} INFO - Started process (PID=656) to work on /home/airflow/.local/lib/python3.8/site-packages/airflow/example_dags/example_bash_operator.py
[2023-12-08T02:45:04.615+0000] {processor.py:829} INFO - Processing file /home/airflow/.local/lib/python3.8/site-packages/airflow/example_dags/example_bash_operator.py for tasks to queue
[2023-12-08T02:45:04.619+0000] {logging_mixin.py:154} INFO - [2023-12-08T02:45:04.619+0000] {dagbag.py:536} INFO - Filling up the DagBag from /home/airflow/.local/lib/python3.8/site-packages/airflow/example_dags/example_bash_operator.py
[2023-12-08T02:45:04.658+0000] {processor.py:839} INFO - DAG(s) dict_keys(['example_bash_operator']) retrieved from /home/airflow/.local/lib/python3.8/site-packages/airflow/example_dags/example_bash_operator.py
[2023-12-08T02:45:04.819+0000] {logging_mixin.py:154} INFO - [2023-12-08T02:45:04.818+0000] {dag.py:2941} INFO - Sync 1 DAGs
[2023-12-08T02:45:04.931+0000] {logging_mixin.py:154} INFO - [2023-12-08T02:45:04.931+0000] {dag.py:3722} INFO - Setting next_dagrun for example_bash_operator to 2023-12-07T00:00:00+00:00, run_after=2023-12-08T00:00:00+00:00
[2023-12-08T02:45:04.983+0000] {processor.py:179} INFO - Processing /home/airflow/.local/lib/python3.8/site-packages/airflow/example_dags/example_bash_operator.py took 0.382 seconds
[2023-12-08T02:45:35.297+0000] {processor.py:157} INFO - Started process (PID=709) to work on /home/airflow/.local/lib/python3.8/site-packages/airflow/example_dags/example_bash_operator.py
[2023-12-08T02:45:35.311+0000] {processor.py:829} INFO - Processing file /home/airflow/.local/lib/python3.8/site-packages/airflow/example_dags/example_bash_operator.py for tasks to queue
[2023-12-08T02:45:35.342+0000] {logging_mixin.py:154} INFO - [2023-12-08T02:45:35.330+0000] {dagbag.py:536} INFO - Filling up the DagBag from /home/airflow/.local/lib/python3.8/site-packages/airflow/example_dags/example_bash_operator.py
[2023-12-08T02:45:35.505+0000] {processor.py:839} INFO - DAG(s) dict_keys(['example_bash_operator']) retrieved from /home/airflow/.local/lib/python3.8/site-packages/airflow/example_dags/example_bash_operator.py
[2023-12-08T02:45:36.197+0000] {logging_mixin.py:154} INFO - [2023-12-08T02:45:36.185+0000] {dag.py:2941} INFO - Sync 1 DAGs
[2023-12-08T02:45:36.476+0000] {logging_mixin.py:154} INFO - [2023-12-08T02:45:36.462+0000] {dag.py:3722} INFO - Setting next_dagrun for example_bash_operator to 2023-12-07T00:00:00+00:00, run_after=2023-12-08T00:00:00+00:00
[2023-12-08T02:45:36.875+0000] {processor.py:179} INFO - Processing /home/airflow/.local/lib/python3.8/site-packages/airflow/example_dags/example_bash_operator.py took 1.673 seconds
[2023-12-08T02:46:07.161+0000] {processor.py:157} INFO - Started process (PID=762) to work on /home/airflow/.local/lib/python3.8/site-packages/airflow/example_dags/example_bash_operator.py
[2023-12-08T02:46:07.175+0000] {processor.py:829} INFO - Processing file /home/airflow/.local/lib/python3.8/site-packages/airflow/example_dags/example_bash_operator.py for tasks to queue
[2023-12-08T02:46:07.207+0000] {logging_mixin.py:154} INFO - [2023-12-08T02:46:07.206+0000] {dagbag.py:536} INFO - Filling up the DagBag from /home/airflow/.local/lib/python3.8/site-packages/airflow/example_dags/example_bash_operator.py
[2023-12-08T02:46:07.337+0000] {processor.py:839} INFO - DAG(s) dict_keys(['example_bash_operator']) retrieved from /home/airflow/.local/lib/python3.8/site-packages/airflow/example_dags/example_bash_operator.py
[2023-12-08T02:46:07.554+0000] {logging_mixin.py:154} INFO - [2023-12-08T02:46:07.554+0000] {dag.py:2941} INFO - Sync 1 DAGs
[2023-12-08T02:46:07.727+0000] {logging_mixin.py:154} INFO - [2023-12-08T02:46:07.726+0000] {dag.py:3722} INFO - Setting next_dagrun for example_bash_operator to 2023-12-07T00:00:00+00:00, run_after=2023-12-08T00:00:00+00:00
[2023-12-08T02:46:07.836+0000] {processor.py:179} INFO - Processing /home/airflow/.local/lib/python3.8/site-packages/airflow/example_dags/example_bash_operator.py took 0.709 seconds
[2023-12-08T02:46:51.608+0000] {processor.py:157} INFO - Started process (PID=816) to work on /home/airflow/.local/lib/python3.8/site-packages/airflow/example_dags/example_bash_operator.py
[2023-12-08T02:46:51.632+0000] {processor.py:829} INFO - Processing file /home/airflow/.local/lib/python3.8/site-packages/airflow/example_dags/example_bash_operator.py for tasks to queue
[2023-12-08T02:46:51.639+0000] {logging_mixin.py:154} INFO - [2023-12-08T02:46:51.639+0000] {dagbag.py:536} INFO - Filling up the DagBag from /home/airflow/.local/lib/python3.8/site-packages/airflow/example_dags/example_bash_operator.py
[2023-12-08T02:46:51.769+0000] {processor.py:839} INFO - DAG(s) dict_keys(['example_bash_operator']) retrieved from /home/airflow/.local/lib/python3.8/site-packages/airflow/example_dags/example_bash_operator.py
[2023-12-08T02:46:52.073+0000] {logging_mixin.py:154} INFO - [2023-12-08T02:46:52.072+0000] {dag.py:2941} INFO - Sync 1 DAGs
[2023-12-08T02:46:52.314+0000] {logging_mixin.py:154} INFO - [2023-12-08T02:46:52.313+0000] {dag.py:3722} INFO - Setting next_dagrun for example_bash_operator to 2023-12-07T00:00:00+00:00, run_after=2023-12-08T00:00:00+00:00
[2023-12-08T02:46:52.462+0000] {processor.py:179} INFO - Processing /home/airflow/.local/lib/python3.8/site-packages/airflow/example_dags/example_bash_operator.py took 0.885 seconds
[2023-12-08T02:47:22.924+0000] {processor.py:157} INFO - Started process (PID=870) to work on /home/airflow/.local/lib/python3.8/site-packages/airflow/example_dags/example_bash_operator.py
[2023-12-08T02:47:22.926+0000] {processor.py:829} INFO - Processing file /home/airflow/.local/lib/python3.8/site-packages/airflow/example_dags/example_bash_operator.py for tasks to queue
[2023-12-08T02:47:22.931+0000] {logging_mixin.py:154} INFO - [2023-12-08T02:47:22.931+0000] {dagbag.py:536} INFO - Filling up the DagBag from /home/airflow/.local/lib/python3.8/site-packages/airflow/example_dags/example_bash_operator.py
[2023-12-08T02:47:22.958+0000] {processor.py:839} INFO - DAG(s) dict_keys(['example_bash_operator']) retrieved from /home/airflow/.local/lib/python3.8/site-packages/airflow/example_dags/example_bash_operator.py
[2023-12-08T02:47:23.034+0000] {logging_mixin.py:154} INFO - [2023-12-08T02:47:23.034+0000] {dag.py:2941} INFO - Sync 1 DAGs
[2023-12-08T02:47:23.097+0000] {logging_mixin.py:154} INFO - [2023-12-08T02:47:23.097+0000] {dag.py:3722} INFO - Setting next_dagrun for example_bash_operator to 2023-12-07T00:00:00+00:00, run_after=2023-12-08T00:00:00+00:00
[2023-12-08T02:47:23.165+0000] {processor.py:179} INFO - Processing /home/airflow/.local/lib/python3.8/site-packages/airflow/example_dags/example_bash_operator.py took 0.250 seconds
[2023-12-08T02:47:53.878+0000] {processor.py:157} INFO - Started process (PID=924) to work on /home/airflow/.local/lib/python3.8/site-packages/airflow/example_dags/example_bash_operator.py
[2023-12-08T02:47:53.880+0000] {processor.py:829} INFO - Processing file /home/airflow/.local/lib/python3.8/site-packages/airflow/example_dags/example_bash_operator.py for tasks to queue
[2023-12-08T02:47:53.893+0000] {logging_mixin.py:154} INFO - [2023-12-08T02:47:53.893+0000] {dagbag.py:536} INFO - Filling up the DagBag from /home/airflow/.local/lib/python3.8/site-packages/airflow/example_dags/example_bash_operator.py
[2023-12-08T02:47:53.959+0000] {processor.py:839} INFO - DAG(s) dict_keys(['example_bash_operator']) retrieved from /home/airflow/.local/lib/python3.8/site-packages/airflow/example_dags/example_bash_operator.py
[2023-12-08T02:47:54.168+0000] {logging_mixin.py:154} INFO - [2023-12-08T02:47:54.168+0000] {dag.py:2941} INFO - Sync 1 DAGs
[2023-12-08T02:47:55.111+0000] {logging_mixin.py:154} INFO - [2023-12-08T02:47:55.111+0000] {dag.py:3722} INFO - Setting next_dagrun for example_bash_operator to 2023-12-07T00:00:00+00:00, run_after=2023-12-08T00:00:00+00:00
[2023-12-08T02:47:55.312+0000] {processor.py:179} INFO - Processing /home/airflow/.local/lib/python3.8/site-packages/airflow/example_dags/example_bash_operator.py took 1.444 seconds
[2023-12-08T02:48:25.648+0000] {processor.py:157} INFO - Started process (PID=984) to work on /home/airflow/.local/lib/python3.8/site-packages/airflow/example_dags/example_bash_operator.py
[2023-12-08T02:48:25.656+0000] {processor.py:829} INFO - Processing file /home/airflow/.local/lib/python3.8/site-packages/airflow/example_dags/example_bash_operator.py for tasks to queue
[2023-12-08T02:48:25.671+0000] {logging_mixin.py:154} INFO - [2023-12-08T02:48:25.670+0000] {dagbag.py:536} INFO - Filling up the DagBag from /home/airflow/.local/lib/python3.8/site-packages/airflow/example_dags/example_bash_operator.py
[2023-12-08T02:48:25.742+0000] {processor.py:839} INFO - DAG(s) dict_keys(['example_bash_operator']) retrieved from /home/airflow/.local/lib/python3.8/site-packages/airflow/example_dags/example_bash_operator.py
[2023-12-08T02:48:25.901+0000] {logging_mixin.py:154} INFO - [2023-12-08T02:48:25.901+0000] {dag.py:2941} INFO - Sync 1 DAGs
[2023-12-08T02:48:25.995+0000] {logging_mixin.py:154} INFO - [2023-12-08T02:48:25.994+0000] {dag.py:3722} INFO - Setting next_dagrun for example_bash_operator to 2023-12-07T00:00:00+00:00, run_after=2023-12-08T00:00:00+00:00
[2023-12-08T02:48:26.085+0000] {processor.py:179} INFO - Processing /home/airflow/.local/lib/python3.8/site-packages/airflow/example_dags/example_bash_operator.py took 0.453 seconds
[2023-12-08T02:48:57.342+0000] {processor.py:157} INFO - Started process (PID=1036) to work on /home/airflow/.local/lib/python3.8/site-packages/airflow/example_dags/example_bash_operator.py
[2023-12-08T02:48:57.344+0000] {processor.py:829} INFO - Processing file /home/airflow/.local/lib/python3.8/site-packages/airflow/example_dags/example_bash_operator.py for tasks to queue
[2023-12-08T02:48:57.350+0000] {logging_mixin.py:154} INFO - [2023-12-08T02:48:57.349+0000] {dagbag.py:536} INFO - Filling up the DagBag from /home/airflow/.local/lib/python3.8/site-packages/airflow/example_dags/example_bash_operator.py
[2023-12-08T02:48:57.410+0000] {processor.py:839} INFO - DAG(s) dict_keys(['example_bash_operator']) retrieved from /home/airflow/.local/lib/python3.8/site-packages/airflow/example_dags/example_bash_operator.py
[2023-12-08T02:48:57.584+0000] {logging_mixin.py:154} INFO - [2023-12-08T02:48:57.584+0000] {dag.py:2941} INFO - Sync 1 DAGs
[2023-12-08T02:48:57.716+0000] {logging_mixin.py:154} INFO - [2023-12-08T02:48:57.716+0000] {dag.py:3722} INFO - Setting next_dagrun for example_bash_operator to 2023-12-07T00:00:00+00:00, run_after=2023-12-08T00:00:00+00:00
[2023-12-08T02:48:57.782+0000] {processor.py:179} INFO - Processing /home/airflow/.local/lib/python3.8/site-packages/airflow/example_dags/example_bash_operator.py took 0.450 seconds
[2023-12-08T02:49:28.500+0000] {processor.py:157} INFO - Started process (PID=1090) to work on /home/airflow/.local/lib/python3.8/site-packages/airflow/example_dags/example_bash_operator.py
[2023-12-08T02:49:28.502+0000] {processor.py:829} INFO - Processing file /home/airflow/.local/lib/python3.8/site-packages/airflow/example_dags/example_bash_operator.py for tasks to queue
[2023-12-08T02:49:28.509+0000] {logging_mixin.py:154} INFO - [2023-12-08T02:49:28.508+0000] {dagbag.py:536} INFO - Filling up the DagBag from /home/airflow/.local/lib/python3.8/site-packages/airflow/example_dags/example_bash_operator.py
[2023-12-08T02:49:28.539+0000] {processor.py:839} INFO - DAG(s) dict_keys(['example_bash_operator']) retrieved from /home/airflow/.local/lib/python3.8/site-packages/airflow/example_dags/example_bash_operator.py
[2023-12-08T02:49:28.625+0000] {logging_mixin.py:154} INFO - [2023-12-08T02:49:28.624+0000] {dag.py:2941} INFO - Sync 1 DAGs
[2023-12-08T02:49:28.712+0000] {logging_mixin.py:154} INFO - [2023-12-08T02:49:28.711+0000] {dag.py:3722} INFO - Setting next_dagrun for example_bash_operator to 2023-12-07T00:00:00+00:00, run_after=2023-12-08T00:00:00+00:00
[2023-12-08T02:49:28.773+0000] {processor.py:179} INFO - Processing /home/airflow/.local/lib/python3.8/site-packages/airflow/example_dags/example_bash_operator.py took 0.285 seconds
[2023-12-08T02:49:59.543+0000] {processor.py:157} INFO - Started process (PID=1145) to work on /home/airflow/.local/lib/python3.8/site-packages/airflow/example_dags/example_bash_operator.py
[2023-12-08T02:49:59.545+0000] {processor.py:829} INFO - Processing file /home/airflow/.local/lib/python3.8/site-packages/airflow/example_dags/example_bash_operator.py for tasks to queue
[2023-12-08T02:49:59.552+0000] {logging_mixin.py:154} INFO - [2023-12-08T02:49:59.551+0000] {dagbag.py:536} INFO - Filling up the DagBag from /home/airflow/.local/lib/python3.8/site-packages/airflow/example_dags/example_bash_operator.py
[2023-12-08T02:49:59.598+0000] {processor.py:839} INFO - DAG(s) dict_keys(['example_bash_operator']) retrieved from /home/airflow/.local/lib/python3.8/site-packages/airflow/example_dags/example_bash_operator.py
[2023-12-08T02:49:59.712+0000] {logging_mixin.py:154} INFO - [2023-12-08T02:49:59.711+0000] {dag.py:2941} INFO - Sync 1 DAGs
[2023-12-08T02:50:00.073+0000] {logging_mixin.py:154} INFO - [2023-12-08T02:50:00.072+0000] {dag.py:3722} INFO - Setting next_dagrun for example_bash_operator to 2023-12-07T00:00:00+00:00, run_after=2023-12-08T00:00:00+00:00
[2023-12-08T02:50:00.145+0000] {processor.py:179} INFO - Processing /home/airflow/.local/lib/python3.8/site-packages/airflow/example_dags/example_bash_operator.py took 0.614 seconds
[2023-12-08T02:50:31.014+0000] {processor.py:157} INFO - Started process (PID=1198) to work on /home/airflow/.local/lib/python3.8/site-packages/airflow/example_dags/example_bash_operator.py
[2023-12-08T02:50:31.022+0000] {processor.py:829} INFO - Processing file /home/airflow/.local/lib/python3.8/site-packages/airflow/example_dags/example_bash_operator.py for tasks to queue
[2023-12-08T02:50:31.028+0000] {logging_mixin.py:154} INFO - [2023-12-08T02:50:31.027+0000] {dagbag.py:536} INFO - Filling up the DagBag from /home/airflow/.local/lib/python3.8/site-packages/airflow/example_dags/example_bash_operator.py
[2023-12-08T02:50:31.104+0000] {processor.py:839} INFO - DAG(s) dict_keys(['example_bash_operator']) retrieved from /home/airflow/.local/lib/python3.8/site-packages/airflow/example_dags/example_bash_operator.py
[2023-12-08T02:50:31.242+0000] {logging_mixin.py:154} INFO - [2023-12-08T02:50:31.241+0000] {dag.py:2941} INFO - Sync 1 DAGs
[2023-12-08T02:50:31.385+0000] {logging_mixin.py:154} INFO - [2023-12-08T02:50:31.385+0000] {dag.py:3722} INFO - Setting next_dagrun for example_bash_operator to 2023-12-07T00:00:00+00:00, run_after=2023-12-08T00:00:00+00:00
[2023-12-08T02:50:31.529+0000] {processor.py:179} INFO - Processing /home/airflow/.local/lib/python3.8/site-packages/airflow/example_dags/example_bash_operator.py took 0.526 seconds
[2023-12-08T02:51:02.343+0000] {processor.py:157} INFO - Started process (PID=1252) to work on /home/airflow/.local/lib/python3.8/site-packages/airflow/example_dags/example_bash_operator.py
[2023-12-08T02:51:02.348+0000] {processor.py:829} INFO - Processing file /home/airflow/.local/lib/python3.8/site-packages/airflow/example_dags/example_bash_operator.py for tasks to queue
[2023-12-08T02:51:02.356+0000] {logging_mixin.py:154} INFO - [2023-12-08T02:51:02.354+0000] {dagbag.py:536} INFO - Filling up the DagBag from /home/airflow/.local/lib/python3.8/site-packages/airflow/example_dags/example_bash_operator.py
[2023-12-08T02:51:02.415+0000] {processor.py:839} INFO - DAG(s) dict_keys(['example_bash_operator']) retrieved from /home/airflow/.local/lib/python3.8/site-packages/airflow/example_dags/example_bash_operator.py
[2023-12-08T02:51:02.514+0000] {logging_mixin.py:154} INFO - [2023-12-08T02:51:02.513+0000] {dag.py:2941} INFO - Sync 1 DAGs
[2023-12-08T02:51:02.583+0000] {logging_mixin.py:154} INFO - [2023-12-08T02:51:02.582+0000] {dag.py:3722} INFO - Setting next_dagrun for example_bash_operator to 2023-12-07T00:00:00+00:00, run_after=2023-12-08T00:00:00+00:00
[2023-12-08T02:51:02.628+0000] {processor.py:179} INFO - Processing /home/airflow/.local/lib/python3.8/site-packages/airflow/example_dags/example_bash_operator.py took 0.303 seconds
[2023-12-08T02:51:33.302+0000] {processor.py:157} INFO - Started process (PID=1306) to work on /home/airflow/.local/lib/python3.8/site-packages/airflow/example_dags/example_bash_operator.py
[2023-12-08T02:51:33.313+0000] {processor.py:829} INFO - Processing file /home/airflow/.local/lib/python3.8/site-packages/airflow/example_dags/example_bash_operator.py for tasks to queue
[2023-12-08T02:51:33.319+0000] {logging_mixin.py:154} INFO - [2023-12-08T02:51:33.318+0000] {dagbag.py:536} INFO - Filling up the DagBag from /home/airflow/.local/lib/python3.8/site-packages/airflow/example_dags/example_bash_operator.py
[2023-12-08T02:51:33.358+0000] {processor.py:839} INFO - DAG(s) dict_keys(['example_bash_operator']) retrieved from /home/airflow/.local/lib/python3.8/site-packages/airflow/example_dags/example_bash_operator.py
[2023-12-08T02:51:33.430+0000] {logging_mixin.py:154} INFO - [2023-12-08T02:51:33.429+0000] {dag.py:2941} INFO - Sync 1 DAGs
[2023-12-08T02:51:33.766+0000] {logging_mixin.py:154} INFO - [2023-12-08T02:51:33.766+0000] {dag.py:3722} INFO - Setting next_dagrun for example_bash_operator to 2023-12-07T00:00:00+00:00, run_after=2023-12-08T00:00:00+00:00
[2023-12-08T02:51:33.830+0000] {processor.py:179} INFO - Processing /home/airflow/.local/lib/python3.8/site-packages/airflow/example_dags/example_bash_operator.py took 0.540 seconds
[2023-12-08T02:52:04.319+0000] {processor.py:157} INFO - Started process (PID=1359) to work on /home/airflow/.local/lib/python3.8/site-packages/airflow/example_dags/example_bash_operator.py
[2023-12-08T02:52:04.321+0000] {processor.py:829} INFO - Processing file /home/airflow/.local/lib/python3.8/site-packages/airflow/example_dags/example_bash_operator.py for tasks to queue
[2023-12-08T02:52:04.332+0000] {logging_mixin.py:154} INFO - [2023-12-08T02:52:04.331+0000] {dagbag.py:536} INFO - Filling up the DagBag from /home/airflow/.local/lib/python3.8/site-packages/airflow/example_dags/example_bash_operator.py
[2023-12-08T02:52:04.385+0000] {processor.py:839} INFO - DAG(s) dict_keys(['example_bash_operator']) retrieved from /home/airflow/.local/lib/python3.8/site-packages/airflow/example_dags/example_bash_operator.py
[2023-12-08T02:52:04.506+0000] {logging_mixin.py:154} INFO - [2023-12-08T02:52:04.505+0000] {dag.py:2941} INFO - Sync 1 DAGs
[2023-12-08T02:52:04.578+0000] {logging_mixin.py:154} INFO - [2023-12-08T02:52:04.578+0000] {dag.py:3722} INFO - Setting next_dagrun for example_bash_operator to 2023-12-07T00:00:00+00:00, run_after=2023-12-08T00:00:00+00:00
[2023-12-08T02:52:04.657+0000] {processor.py:179} INFO - Processing /home/airflow/.local/lib/python3.8/site-packages/airflow/example_dags/example_bash_operator.py took 0.347 seconds
[2023-12-08T02:52:35.190+0000] {processor.py:157} INFO - Started process (PID=1413) to work on /home/airflow/.local/lib/python3.8/site-packages/airflow/example_dags/example_bash_operator.py
[2023-12-08T02:52:35.192+0000] {processor.py:829} INFO - Processing file /home/airflow/.local/lib/python3.8/site-packages/airflow/example_dags/example_bash_operator.py for tasks to queue
[2023-12-08T02:52:35.197+0000] {logging_mixin.py:154} INFO - [2023-12-08T02:52:35.196+0000] {dagbag.py:536} INFO - Filling up the DagBag from /home/airflow/.local/lib/python3.8/site-packages/airflow/example_dags/example_bash_operator.py
[2023-12-08T02:52:35.241+0000] {processor.py:839} INFO - DAG(s) dict_keys(['example_bash_operator']) retrieved from /home/airflow/.local/lib/python3.8/site-packages/airflow/example_dags/example_bash_operator.py
[2023-12-08T02:52:35.339+0000] {logging_mixin.py:154} INFO - [2023-12-08T02:52:35.338+0000] {dag.py:2941} INFO - Sync 1 DAGs
[2023-12-08T02:52:35.408+0000] {logging_mixin.py:154} INFO - [2023-12-08T02:52:35.407+0000] {dag.py:3722} INFO - Setting next_dagrun for example_bash_operator to 2023-12-07T00:00:00+00:00, run_after=2023-12-08T00:00:00+00:00
[2023-12-08T02:52:35.475+0000] {processor.py:179} INFO - Processing /home/airflow/.local/lib/python3.8/site-packages/airflow/example_dags/example_bash_operator.py took 0.299 seconds
[2023-12-08T02:53:05.605+0000] {processor.py:157} INFO - Started process (PID=1468) to work on /home/airflow/.local/lib/python3.8/site-packages/airflow/example_dags/example_bash_operator.py
[2023-12-08T02:53:05.607+0000] {processor.py:829} INFO - Processing file /home/airflow/.local/lib/python3.8/site-packages/airflow/example_dags/example_bash_operator.py for tasks to queue
[2023-12-08T02:53:05.612+0000] {logging_mixin.py:154} INFO - [2023-12-08T02:53:05.611+0000] {dagbag.py:536} INFO - Filling up the DagBag from /home/airflow/.local/lib/python3.8/site-packages/airflow/example_dags/example_bash_operator.py
[2023-12-08T02:53:05.663+0000] {processor.py:839} INFO - DAG(s) dict_keys(['example_bash_operator']) retrieved from /home/airflow/.local/lib/python3.8/site-packages/airflow/example_dags/example_bash_operator.py
[2023-12-08T02:53:05.740+0000] {logging_mixin.py:154} INFO - [2023-12-08T02:53:05.740+0000] {dag.py:2941} INFO - Sync 1 DAGs
[2023-12-08T02:53:05.794+0000] {logging_mixin.py:154} INFO - [2023-12-08T02:53:05.794+0000] {dag.py:3722} INFO - Setting next_dagrun for example_bash_operator to 2023-12-07T00:00:00+00:00, run_after=2023-12-08T00:00:00+00:00
[2023-12-08T02:53:05.842+0000] {processor.py:179} INFO - Processing /home/airflow/.local/lib/python3.8/site-packages/airflow/example_dags/example_bash_operator.py took 0.249 seconds
[2023-12-08T02:53:36.251+0000] {processor.py:157} INFO - Started process (PID=1521) to work on /home/airflow/.local/lib/python3.8/site-packages/airflow/example_dags/example_bash_operator.py
[2023-12-08T02:53:36.258+0000] {processor.py:829} INFO - Processing file /home/airflow/.local/lib/python3.8/site-packages/airflow/example_dags/example_bash_operator.py for tasks to queue
[2023-12-08T02:53:36.282+0000] {logging_mixin.py:154} INFO - [2023-12-08T02:53:36.270+0000] {dagbag.py:536} INFO - Filling up the DagBag from /home/airflow/.local/lib/python3.8/site-packages/airflow/example_dags/example_bash_operator.py
[2023-12-08T02:53:36.350+0000] {processor.py:839} INFO - DAG(s) dict_keys(['example_bash_operator']) retrieved from /home/airflow/.local/lib/python3.8/site-packages/airflow/example_dags/example_bash_operator.py
[2023-12-08T02:53:36.532+0000] {logging_mixin.py:154} INFO - [2023-12-08T02:53:36.532+0000] {dag.py:2941} INFO - Sync 1 DAGs
[2023-12-08T02:53:36.659+0000] {logging_mixin.py:154} INFO - [2023-12-08T02:53:36.659+0000] {dag.py:3722} INFO - Setting next_dagrun for example_bash_operator to 2023-12-07T00:00:00+00:00, run_after=2023-12-08T00:00:00+00:00
[2023-12-08T02:53:36.767+0000] {processor.py:179} INFO - Processing /home/airflow/.local/lib/python3.8/site-packages/airflow/example_dags/example_bash_operator.py took 0.543 seconds
[2023-12-08T02:54:07.709+0000] {processor.py:157} INFO - Started process (PID=1576) to work on /home/airflow/.local/lib/python3.8/site-packages/airflow/example_dags/example_bash_operator.py
[2023-12-08T02:54:07.730+0000] {processor.py:829} INFO - Processing file /home/airflow/.local/lib/python3.8/site-packages/airflow/example_dags/example_bash_operator.py for tasks to queue
[2023-12-08T02:54:07.739+0000] {logging_mixin.py:154} INFO - [2023-12-08T02:54:07.738+0000] {dagbag.py:536} INFO - Filling up the DagBag from /home/airflow/.local/lib/python3.8/site-packages/airflow/example_dags/example_bash_operator.py
[2023-12-08T02:54:07.813+0000] {processor.py:839} INFO - DAG(s) dict_keys(['example_bash_operator']) retrieved from /home/airflow/.local/lib/python3.8/site-packages/airflow/example_dags/example_bash_operator.py
[2023-12-08T02:54:08.005+0000] {logging_mixin.py:154} INFO - [2023-12-08T02:54:08.004+0000] {dag.py:2941} INFO - Sync 1 DAGs
[2023-12-08T02:54:08.149+0000] {logging_mixin.py:154} INFO - [2023-12-08T02:54:08.148+0000] {dag.py:3722} INFO - Setting next_dagrun for example_bash_operator to 2023-12-07T00:00:00+00:00, run_after=2023-12-08T00:00:00+00:00
[2023-12-08T02:54:08.226+0000] {processor.py:179} INFO - Processing /home/airflow/.local/lib/python3.8/site-packages/airflow/example_dags/example_bash_operator.py took 0.527 seconds
[2023-12-08T02:54:38.517+0000] {processor.py:157} INFO - Started process (PID=1630) to work on /home/airflow/.local/lib/python3.8/site-packages/airflow/example_dags/example_bash_operator.py
[2023-12-08T02:54:38.519+0000] {processor.py:829} INFO - Processing file /home/airflow/.local/lib/python3.8/site-packages/airflow/example_dags/example_bash_operator.py for tasks to queue
[2023-12-08T02:54:38.526+0000] {logging_mixin.py:154} INFO - [2023-12-08T02:54:38.525+0000] {dagbag.py:536} INFO - Filling up the DagBag from /home/airflow/.local/lib/python3.8/site-packages/airflow/example_dags/example_bash_operator.py
[2023-12-08T02:54:38.565+0000] {processor.py:839} INFO - DAG(s) dict_keys(['example_bash_operator']) retrieved from /home/airflow/.local/lib/python3.8/site-packages/airflow/example_dags/example_bash_operator.py
[2023-12-08T02:54:38.655+0000] {logging_mixin.py:154} INFO - [2023-12-08T02:54:38.655+0000] {dag.py:2941} INFO - Sync 1 DAGs
[2023-12-08T02:54:38.738+0000] {logging_mixin.py:154} INFO - [2023-12-08T02:54:38.738+0000] {dag.py:3722} INFO - Setting next_dagrun for example_bash_operator to 2023-12-07T00:00:00+00:00, run_after=2023-12-08T00:00:00+00:00
[2023-12-08T02:54:38.787+0000] {processor.py:179} INFO - Processing /home/airflow/.local/lib/python3.8/site-packages/airflow/example_dags/example_bash_operator.py took 0.277 seconds
[2023-12-08T02:55:09.028+0000] {processor.py:157} INFO - Started process (PID=1684) to work on /home/airflow/.local/lib/python3.8/site-packages/airflow/example_dags/example_bash_operator.py
[2023-12-08T02:55:09.031+0000] {processor.py:829} INFO - Processing file /home/airflow/.local/lib/python3.8/site-packages/airflow/example_dags/example_bash_operator.py for tasks to queue
[2023-12-08T02:55:09.037+0000] {logging_mixin.py:154} INFO - [2023-12-08T02:55:09.036+0000] {dagbag.py:536} INFO - Filling up the DagBag from /home/airflow/.local/lib/python3.8/site-packages/airflow/example_dags/example_bash_operator.py
[2023-12-08T02:55:09.063+0000] {processor.py:839} INFO - DAG(s) dict_keys(['example_bash_operator']) retrieved from /home/airflow/.local/lib/python3.8/site-packages/airflow/example_dags/example_bash_operator.py
[2023-12-08T02:55:09.136+0000] {logging_mixin.py:154} INFO - [2023-12-08T02:55:09.136+0000] {dag.py:2941} INFO - Sync 1 DAGs
[2023-12-08T02:55:09.195+0000] {logging_mixin.py:154} INFO - [2023-12-08T02:55:09.194+0000] {dag.py:3722} INFO - Setting next_dagrun for example_bash_operator to 2023-12-07T00:00:00+00:00, run_after=2023-12-08T00:00:00+00:00
[2023-12-08T02:55:09.239+0000] {processor.py:179} INFO - Processing /home/airflow/.local/lib/python3.8/site-packages/airflow/example_dags/example_bash_operator.py took 0.219 seconds
[2023-12-08T02:55:39.944+0000] {processor.py:157} INFO - Started process (PID=1739) to work on /home/airflow/.local/lib/python3.8/site-packages/airflow/example_dags/example_bash_operator.py
[2023-12-08T02:55:39.947+0000] {processor.py:829} INFO - Processing file /home/airflow/.local/lib/python3.8/site-packages/airflow/example_dags/example_bash_operator.py for tasks to queue
[2023-12-08T02:55:39.963+0000] {logging_mixin.py:154} INFO - [2023-12-08T02:55:39.959+0000] {dagbag.py:536} INFO - Filling up the DagBag from /home/airflow/.local/lib/python3.8/site-packages/airflow/example_dags/example_bash_operator.py
[2023-12-08T02:55:40.009+0000] {processor.py:839} INFO - DAG(s) dict_keys(['example_bash_operator']) retrieved from /home/airflow/.local/lib/python3.8/site-packages/airflow/example_dags/example_bash_operator.py
[2023-12-08T02:55:40.092+0000] {logging_mixin.py:154} INFO - [2023-12-08T02:55:40.091+0000] {dag.py:2941} INFO - Sync 1 DAGs
[2023-12-08T02:55:40.155+0000] {logging_mixin.py:154} INFO - [2023-12-08T02:55:40.154+0000] {dag.py:3722} INFO - Setting next_dagrun for example_bash_operator to 2023-12-07T00:00:00+00:00, run_after=2023-12-08T00:00:00+00:00
[2023-12-08T02:55:40.201+0000] {processor.py:179} INFO - Processing /home/airflow/.local/lib/python3.8/site-packages/airflow/example_dags/example_bash_operator.py took 0.275 seconds
[2023-12-08T02:56:10.421+0000] {processor.py:157} INFO - Started process (PID=1793) to work on /home/airflow/.local/lib/python3.8/site-packages/airflow/example_dags/example_bash_operator.py
[2023-12-08T02:56:10.427+0000] {processor.py:829} INFO - Processing file /home/airflow/.local/lib/python3.8/site-packages/airflow/example_dags/example_bash_operator.py for tasks to queue
[2023-12-08T02:56:10.436+0000] {logging_mixin.py:154} INFO - [2023-12-08T02:56:10.435+0000] {dagbag.py:536} INFO - Filling up the DagBag from /home/airflow/.local/lib/python3.8/site-packages/airflow/example_dags/example_bash_operator.py
[2023-12-08T02:56:10.471+0000] {processor.py:839} INFO - DAG(s) dict_keys(['example_bash_operator']) retrieved from /home/airflow/.local/lib/python3.8/site-packages/airflow/example_dags/example_bash_operator.py
[2023-12-08T02:56:10.563+0000] {logging_mixin.py:154} INFO - [2023-12-08T02:56:10.562+0000] {dag.py:2941} INFO - Sync 1 DAGs
[2023-12-08T02:56:10.638+0000] {logging_mixin.py:154} INFO - [2023-12-08T02:56:10.638+0000] {dag.py:3722} INFO - Setting next_dagrun for example_bash_operator to 2023-12-07T00:00:00+00:00, run_after=2023-12-08T00:00:00+00:00
[2023-12-08T02:56:10.721+0000] {processor.py:179} INFO - Processing /home/airflow/.local/lib/python3.8/site-packages/airflow/example_dags/example_bash_operator.py took 0.311 seconds
[2023-12-08T02:56:40.935+0000] {processor.py:157} INFO - Started process (PID=1847) to work on /home/airflow/.local/lib/python3.8/site-packages/airflow/example_dags/example_bash_operator.py
[2023-12-08T02:56:40.937+0000] {processor.py:829} INFO - Processing file /home/airflow/.local/lib/python3.8/site-packages/airflow/example_dags/example_bash_operator.py for tasks to queue
[2023-12-08T02:56:40.943+0000] {logging_mixin.py:154} INFO - [2023-12-08T02:56:40.942+0000] {dagbag.py:536} INFO - Filling up the DagBag from /home/airflow/.local/lib/python3.8/site-packages/airflow/example_dags/example_bash_operator.py
[2023-12-08T02:56:40.978+0000] {processor.py:839} INFO - DAG(s) dict_keys(['example_bash_operator']) retrieved from /home/airflow/.local/lib/python3.8/site-packages/airflow/example_dags/example_bash_operator.py
[2023-12-08T02:56:41.057+0000] {logging_mixin.py:154} INFO - [2023-12-08T02:56:41.057+0000] {dag.py:2941} INFO - Sync 1 DAGs
[2023-12-08T02:56:41.116+0000] {logging_mixin.py:154} INFO - [2023-12-08T02:56:41.115+0000] {dag.py:3722} INFO - Setting next_dagrun for example_bash_operator to 2023-12-07T00:00:00+00:00, run_after=2023-12-08T00:00:00+00:00
[2023-12-08T02:56:41.157+0000] {processor.py:179} INFO - Processing /home/airflow/.local/lib/python3.8/site-packages/airflow/example_dags/example_bash_operator.py took 0.236 seconds
