[2023-12-08T02:39:27.365+0000] {processor.py:157} INFO - Started process (PID=91) to work on /home/airflow/.local/lib/python3.8/site-packages/airflow/example_dags/example_short_circuit_decorator.py
[2023-12-08T02:39:27.368+0000] {processor.py:829} INFO - Processing file /home/airflow/.local/lib/python3.8/site-packages/airflow/example_dags/example_short_circuit_decorator.py for tasks to queue
[2023-12-08T02:39:27.407+0000] {logging_mixin.py:154} INFO - [2023-12-08T02:39:27.407+0000] {dagbag.py:536} INFO - Filling up the DagBag from /home/airflow/.local/lib/python3.8/site-packages/airflow/example_dags/example_short_circuit_decorator.py
[2023-12-08T02:39:27.601+0000] {processor.py:839} INFO - DAG(s) dict_keys(['example_short_circuit_decorator']) retrieved from /home/airflow/.local/lib/python3.8/site-packages/airflow/example_dags/example_short_circuit_decorator.py
[2023-12-08T02:39:27.773+0000] {logging_mixin.py:154} INFO - [2023-12-08T02:39:27.773+0000] {dag.py:2941} INFO - Sync 1 DAGs
[2023-12-08T02:39:27.878+0000] {logging_mixin.py:154} INFO - [2023-12-08T02:39:27.877+0000] {dag.py:3722} INFO - Setting next_dagrun for example_short_circuit_decorator to 2023-12-07T02:39:27.877286+00:00, run_after=2023-12-08T02:39:27.877286+00:00
[2023-12-08T02:39:27.958+0000] {processor.py:179} INFO - Processing /home/airflow/.local/lib/python3.8/site-packages/airflow/example_dags/example_short_circuit_decorator.py took 0.623 seconds
[2023-12-08T02:39:58.309+0000] {processor.py:157} INFO - Started process (PID=145) to work on /home/airflow/.local/lib/python3.8/site-packages/airflow/example_dags/example_short_circuit_decorator.py
[2023-12-08T02:39:58.312+0000] {processor.py:829} INFO - Processing file /home/airflow/.local/lib/python3.8/site-packages/airflow/example_dags/example_short_circuit_decorator.py for tasks to queue
[2023-12-08T02:39:58.325+0000] {logging_mixin.py:154} INFO - [2023-12-08T02:39:58.323+0000] {dagbag.py:536} INFO - Filling up the DagBag from /home/airflow/.local/lib/python3.8/site-packages/airflow/example_dags/example_short_circuit_decorator.py
[2023-12-08T02:39:58.382+0000] {processor.py:839} INFO - DAG(s) dict_keys(['example_short_circuit_decorator']) retrieved from /home/airflow/.local/lib/python3.8/site-packages/airflow/example_dags/example_short_circuit_decorator.py
[2023-12-08T02:39:58.451+0000] {logging_mixin.py:154} INFO - [2023-12-08T02:39:58.451+0000] {dag.py:2941} INFO - Sync 1 DAGs
[2023-12-08T02:39:58.500+0000] {logging_mixin.py:154} INFO - [2023-12-08T02:39:58.500+0000] {dag.py:3722} INFO - Setting next_dagrun for example_short_circuit_decorator to 2023-12-07T02:39:58.499520+00:00, run_after=2023-12-08T02:39:58.499520+00:00
[2023-12-08T02:39:58.543+0000] {processor.py:179} INFO - Processing /home/airflow/.local/lib/python3.8/site-packages/airflow/example_dags/example_short_circuit_decorator.py took 0.250 seconds
[2023-12-08T02:40:28.643+0000] {processor.py:157} INFO - Started process (PID=199) to work on /home/airflow/.local/lib/python3.8/site-packages/airflow/example_dags/example_short_circuit_decorator.py
[2023-12-08T02:40:28.645+0000] {processor.py:829} INFO - Processing file /home/airflow/.local/lib/python3.8/site-packages/airflow/example_dags/example_short_circuit_decorator.py for tasks to queue
[2023-12-08T02:40:28.650+0000] {logging_mixin.py:154} INFO - [2023-12-08T02:40:28.650+0000] {dagbag.py:536} INFO - Filling up the DagBag from /home/airflow/.local/lib/python3.8/site-packages/airflow/example_dags/example_short_circuit_decorator.py
[2023-12-08T02:40:28.672+0000] {processor.py:839} INFO - DAG(s) dict_keys(['example_short_circuit_decorator']) retrieved from /home/airflow/.local/lib/python3.8/site-packages/airflow/example_dags/example_short_circuit_decorator.py
[2023-12-08T02:40:28.735+0000] {logging_mixin.py:154} INFO - [2023-12-08T02:40:28.735+0000] {dag.py:2941} INFO - Sync 1 DAGs
[2023-12-08T02:40:28.807+0000] {logging_mixin.py:154} INFO - [2023-12-08T02:40:28.806+0000] {dag.py:3722} INFO - Setting next_dagrun for example_short_circuit_decorator to 2023-12-07T02:40:28.804351+00:00, run_after=2023-12-08T02:40:28.804351+00:00
[2023-12-08T02:40:28.853+0000] {processor.py:179} INFO - Processing /home/airflow/.local/lib/python3.8/site-packages/airflow/example_dags/example_short_circuit_decorator.py took 0.215 seconds
[2023-12-08T02:41:02.111+0000] {processor.py:157} INFO - Started process (PID=253) to work on /home/airflow/.local/lib/python3.8/site-packages/airflow/example_dags/example_short_circuit_decorator.py
[2023-12-08T02:41:02.130+0000] {processor.py:829} INFO - Processing file /home/airflow/.local/lib/python3.8/site-packages/airflow/example_dags/example_short_circuit_decorator.py for tasks to queue
[2023-12-08T02:41:02.148+0000] {logging_mixin.py:154} INFO - [2023-12-08T02:41:02.148+0000] {dagbag.py:536} INFO - Filling up the DagBag from /home/airflow/.local/lib/python3.8/site-packages/airflow/example_dags/example_short_circuit_decorator.py
[2023-12-08T02:41:02.241+0000] {processor.py:839} INFO - DAG(s) dict_keys(['example_short_circuit_decorator']) retrieved from /home/airflow/.local/lib/python3.8/site-packages/airflow/example_dags/example_short_circuit_decorator.py
[2023-12-08T02:41:02.545+0000] {logging_mixin.py:154} INFO - [2023-12-08T02:41:02.545+0000] {dag.py:2941} INFO - Sync 1 DAGs
[2023-12-08T02:41:02.908+0000] {logging_mixin.py:154} INFO - [2023-12-08T02:41:02.908+0000] {dag.py:3722} INFO - Setting next_dagrun for example_short_circuit_decorator to 2023-12-07T02:41:02.907185+00:00, run_after=2023-12-08T02:41:02.907185+00:00
[2023-12-08T02:41:03.157+0000] {processor.py:179} INFO - Processing /home/airflow/.local/lib/python3.8/site-packages/airflow/example_dags/example_short_circuit_decorator.py took 1.080 seconds
[2023-12-08T02:41:35.450+0000] {processor.py:157} INFO - Started process (PID=307) to work on /home/airflow/.local/lib/python3.8/site-packages/airflow/example_dags/example_short_circuit_decorator.py
[2023-12-08T02:41:35.480+0000] {processor.py:829} INFO - Processing file /home/airflow/.local/lib/python3.8/site-packages/airflow/example_dags/example_short_circuit_decorator.py for tasks to queue
[2023-12-08T02:41:35.547+0000] {logging_mixin.py:154} INFO - [2023-12-08T02:41:35.547+0000] {dagbag.py:536} INFO - Filling up the DagBag from /home/airflow/.local/lib/python3.8/site-packages/airflow/example_dags/example_short_circuit_decorator.py
[2023-12-08T02:41:35.653+0000] {processor.py:839} INFO - DAG(s) dict_keys(['example_short_circuit_decorator']) retrieved from /home/airflow/.local/lib/python3.8/site-packages/airflow/example_dags/example_short_circuit_decorator.py
[2023-12-08T02:41:35.876+0000] {logging_mixin.py:154} INFO - [2023-12-08T02:41:35.876+0000] {dag.py:2941} INFO - Sync 1 DAGs
[2023-12-08T02:41:36.010+0000] {logging_mixin.py:154} INFO - [2023-12-08T02:41:36.009+0000] {dag.py:3722} INFO - Setting next_dagrun for example_short_circuit_decorator to 2023-12-07T02:41:36.006294+00:00, run_after=2023-12-08T02:41:36.006294+00:00
[2023-12-08T02:41:36.138+0000] {processor.py:179} INFO - Processing /home/airflow/.local/lib/python3.8/site-packages/airflow/example_dags/example_short_circuit_decorator.py took 0.785 seconds
[2023-12-08T02:42:06.732+0000] {processor.py:157} INFO - Started process (PID=362) to work on /home/airflow/.local/lib/python3.8/site-packages/airflow/example_dags/example_short_circuit_decorator.py
[2023-12-08T02:42:06.734+0000] {processor.py:829} INFO - Processing file /home/airflow/.local/lib/python3.8/site-packages/airflow/example_dags/example_short_circuit_decorator.py for tasks to queue
[2023-12-08T02:42:06.737+0000] {logging_mixin.py:154} INFO - [2023-12-08T02:42:06.737+0000] {dagbag.py:536} INFO - Filling up the DagBag from /home/airflow/.local/lib/python3.8/site-packages/airflow/example_dags/example_short_circuit_decorator.py
[2023-12-08T02:42:06.761+0000] {processor.py:839} INFO - DAG(s) dict_keys(['example_short_circuit_decorator']) retrieved from /home/airflow/.local/lib/python3.8/site-packages/airflow/example_dags/example_short_circuit_decorator.py
[2023-12-08T02:42:06.824+0000] {logging_mixin.py:154} INFO - [2023-12-08T02:42:06.823+0000] {dag.py:2941} INFO - Sync 1 DAGs
[2023-12-08T02:42:06.897+0000] {logging_mixin.py:154} INFO - [2023-12-08T02:42:06.897+0000] {dag.py:3722} INFO - Setting next_dagrun for example_short_circuit_decorator to 2023-12-07T02:42:06.896457+00:00, run_after=2023-12-08T02:42:06.896457+00:00
[2023-12-08T02:42:07.014+0000] {processor.py:179} INFO - Processing /home/airflow/.local/lib/python3.8/site-packages/airflow/example_dags/example_short_circuit_decorator.py took 0.288 seconds
[2023-12-08T02:42:46.637+0000] {processor.py:157} INFO - Started process (PID=416) to work on /home/airflow/.local/lib/python3.8/site-packages/airflow/example_dags/example_short_circuit_decorator.py
[2023-12-08T02:42:46.674+0000] {processor.py:829} INFO - Processing file /home/airflow/.local/lib/python3.8/site-packages/airflow/example_dags/example_short_circuit_decorator.py for tasks to queue
[2023-12-08T02:42:46.681+0000] {logging_mixin.py:154} INFO - [2023-12-08T02:42:46.680+0000] {dagbag.py:536} INFO - Filling up the DagBag from /home/airflow/.local/lib/python3.8/site-packages/airflow/example_dags/example_short_circuit_decorator.py
[2023-12-08T02:42:46.790+0000] {processor.py:839} INFO - DAG(s) dict_keys(['example_short_circuit_decorator']) retrieved from /home/airflow/.local/lib/python3.8/site-packages/airflow/example_dags/example_short_circuit_decorator.py
[2023-12-08T02:42:47.008+0000] {logging_mixin.py:154} INFO - [2023-12-08T02:42:47.007+0000] {dag.py:2941} INFO - Sync 1 DAGs
[2023-12-08T02:42:47.268+0000] {logging_mixin.py:154} INFO - [2023-12-08T02:42:47.267+0000] {dag.py:3722} INFO - Setting next_dagrun for example_short_circuit_decorator to 2023-12-07T02:42:47.266118+00:00, run_after=2023-12-08T02:42:47.266118+00:00
[2023-12-08T02:42:47.618+0000] {processor.py:179} INFO - Processing /home/airflow/.local/lib/python3.8/site-packages/airflow/example_dags/example_short_circuit_decorator.py took 1.003 seconds
[2023-12-08T02:43:18.420+0000] {processor.py:157} INFO - Started process (PID=470) to work on /home/airflow/.local/lib/python3.8/site-packages/airflow/example_dags/example_short_circuit_decorator.py
[2023-12-08T02:43:18.434+0000] {processor.py:829} INFO - Processing file /home/airflow/.local/lib/python3.8/site-packages/airflow/example_dags/example_short_circuit_decorator.py for tasks to queue
[2023-12-08T02:43:18.466+0000] {logging_mixin.py:154} INFO - [2023-12-08T02:43:18.454+0000] {dagbag.py:536} INFO - Filling up the DagBag from /home/airflow/.local/lib/python3.8/site-packages/airflow/example_dags/example_short_circuit_decorator.py
[2023-12-08T02:43:18.579+0000] {processor.py:839} INFO - DAG(s) dict_keys(['example_short_circuit_decorator']) retrieved from /home/airflow/.local/lib/python3.8/site-packages/airflow/example_dags/example_short_circuit_decorator.py
[2023-12-08T02:43:18.811+0000] {logging_mixin.py:154} INFO - [2023-12-08T02:43:18.811+0000] {dag.py:2941} INFO - Sync 1 DAGs
[2023-12-08T02:43:19.054+0000] {logging_mixin.py:154} INFO - [2023-12-08T02:43:19.053+0000] {dag.py:3722} INFO - Setting next_dagrun for example_short_circuit_decorator to 2023-12-07T02:43:19.052741+00:00, run_after=2023-12-08T02:43:19.052741+00:00
[2023-12-08T02:43:19.319+0000] {processor.py:179} INFO - Processing /home/airflow/.local/lib/python3.8/site-packages/airflow/example_dags/example_short_circuit_decorator.py took 0.933 seconds
[2023-12-08T02:43:49.495+0000] {processor.py:157} INFO - Started process (PID=526) to work on /home/airflow/.local/lib/python3.8/site-packages/airflow/example_dags/example_short_circuit_decorator.py
[2023-12-08T02:43:49.497+0000] {processor.py:829} INFO - Processing file /home/airflow/.local/lib/python3.8/site-packages/airflow/example_dags/example_short_circuit_decorator.py for tasks to queue
[2023-12-08T02:43:49.502+0000] {logging_mixin.py:154} INFO - [2023-12-08T02:43:49.501+0000] {dagbag.py:536} INFO - Filling up the DagBag from /home/airflow/.local/lib/python3.8/site-packages/airflow/example_dags/example_short_circuit_decorator.py
[2023-12-08T02:43:49.523+0000] {processor.py:839} INFO - DAG(s) dict_keys(['example_short_circuit_decorator']) retrieved from /home/airflow/.local/lib/python3.8/site-packages/airflow/example_dags/example_short_circuit_decorator.py
[2023-12-08T02:43:49.602+0000] {logging_mixin.py:154} INFO - [2023-12-08T02:43:49.601+0000] {dag.py:2941} INFO - Sync 1 DAGs
[2023-12-08T02:43:49.684+0000] {logging_mixin.py:154} INFO - [2023-12-08T02:43:49.683+0000] {dag.py:3722} INFO - Setting next_dagrun for example_short_circuit_decorator to 2023-12-07T02:43:49.683290+00:00, run_after=2023-12-08T02:43:49.683290+00:00
[2023-12-08T02:43:49.738+0000] {processor.py:179} INFO - Processing /home/airflow/.local/lib/python3.8/site-packages/airflow/example_dags/example_short_circuit_decorator.py took 0.251 seconds
[2023-12-08T02:44:19.978+0000] {processor.py:157} INFO - Started process (PID=587) to work on /home/airflow/.local/lib/python3.8/site-packages/airflow/example_dags/example_short_circuit_decorator.py
[2023-12-08T02:44:19.982+0000] {processor.py:829} INFO - Processing file /home/airflow/.local/lib/python3.8/site-packages/airflow/example_dags/example_short_circuit_decorator.py for tasks to queue
[2023-12-08T02:44:19.989+0000] {logging_mixin.py:154} INFO - [2023-12-08T02:44:19.988+0000] {dagbag.py:536} INFO - Filling up the DagBag from /home/airflow/.local/lib/python3.8/site-packages/airflow/example_dags/example_short_circuit_decorator.py
[2023-12-08T02:44:20.019+0000] {processor.py:839} INFO - DAG(s) dict_keys(['example_short_circuit_decorator']) retrieved from /home/airflow/.local/lib/python3.8/site-packages/airflow/example_dags/example_short_circuit_decorator.py
[2023-12-08T02:44:20.095+0000] {logging_mixin.py:154} INFO - [2023-12-08T02:44:20.094+0000] {dag.py:2941} INFO - Sync 1 DAGs
[2023-12-08T02:44:20.188+0000] {logging_mixin.py:154} INFO - [2023-12-08T02:44:20.187+0000] {dag.py:3722} INFO - Setting next_dagrun for example_short_circuit_decorator to 2023-12-07T02:44:20.186359+00:00, run_after=2023-12-08T02:44:20.186359+00:00
[2023-12-08T02:44:20.252+0000] {processor.py:179} INFO - Processing /home/airflow/.local/lib/python3.8/site-packages/airflow/example_dags/example_short_circuit_decorator.py took 0.287 seconds
[2023-12-08T02:44:50.506+0000] {processor.py:157} INFO - Started process (PID=641) to work on /home/airflow/.local/lib/python3.8/site-packages/airflow/example_dags/example_short_circuit_decorator.py
[2023-12-08T02:44:50.509+0000] {processor.py:829} INFO - Processing file /home/airflow/.local/lib/python3.8/site-packages/airflow/example_dags/example_short_circuit_decorator.py for tasks to queue
[2023-12-08T02:44:50.523+0000] {logging_mixin.py:154} INFO - [2023-12-08T02:44:50.522+0000] {dagbag.py:536} INFO - Filling up the DagBag from /home/airflow/.local/lib/python3.8/site-packages/airflow/example_dags/example_short_circuit_decorator.py
[2023-12-08T02:44:50.626+0000] {processor.py:839} INFO - DAG(s) dict_keys(['example_short_circuit_decorator']) retrieved from /home/airflow/.local/lib/python3.8/site-packages/airflow/example_dags/example_short_circuit_decorator.py
[2023-12-08T02:44:50.814+0000] {logging_mixin.py:154} INFO - [2023-12-08T02:44:50.813+0000] {dag.py:2941} INFO - Sync 1 DAGs
[2023-12-08T02:44:50.929+0000] {logging_mixin.py:154} INFO - [2023-12-08T02:44:50.929+0000] {dag.py:3722} INFO - Setting next_dagrun for example_short_circuit_decorator to 2023-12-07T02:44:50.928318+00:00, run_after=2023-12-08T02:44:50.928318+00:00
[2023-12-08T02:44:51.060+0000] {processor.py:179} INFO - Processing /home/airflow/.local/lib/python3.8/site-packages/airflow/example_dags/example_short_circuit_decorator.py took 0.568 seconds
[2023-12-08T02:45:21.544+0000] {processor.py:157} INFO - Started process (PID=694) to work on /home/airflow/.local/lib/python3.8/site-packages/airflow/example_dags/example_short_circuit_decorator.py
[2023-12-08T02:45:21.546+0000] {processor.py:829} INFO - Processing file /home/airflow/.local/lib/python3.8/site-packages/airflow/example_dags/example_short_circuit_decorator.py for tasks to queue
[2023-12-08T02:45:21.550+0000] {logging_mixin.py:154} INFO - [2023-12-08T02:45:21.550+0000] {dagbag.py:536} INFO - Filling up the DagBag from /home/airflow/.local/lib/python3.8/site-packages/airflow/example_dags/example_short_circuit_decorator.py
[2023-12-08T02:45:21.577+0000] {processor.py:839} INFO - DAG(s) dict_keys(['example_short_circuit_decorator']) retrieved from /home/airflow/.local/lib/python3.8/site-packages/airflow/example_dags/example_short_circuit_decorator.py
[2023-12-08T02:45:21.684+0000] {logging_mixin.py:154} INFO - [2023-12-08T02:45:21.684+0000] {dag.py:2941} INFO - Sync 1 DAGs
[2023-12-08T02:45:21.734+0000] {logging_mixin.py:154} INFO - [2023-12-08T02:45:21.734+0000] {dag.py:3722} INFO - Setting next_dagrun for example_short_circuit_decorator to 2023-12-07T02:45:21.734002+00:00, run_after=2023-12-08T02:45:21.734002+00:00
[2023-12-08T02:45:21.764+0000] {processor.py:179} INFO - Processing /home/airflow/.local/lib/python3.8/site-packages/airflow/example_dags/example_short_circuit_decorator.py took 0.228 seconds
[2023-12-08T02:46:01.484+0000] {processor.py:157} INFO - Started process (PID=749) to work on /home/airflow/.local/lib/python3.8/site-packages/airflow/example_dags/example_short_circuit_decorator.py
[2023-12-08T02:46:01.499+0000] {processor.py:829} INFO - Processing file /home/airflow/.local/lib/python3.8/site-packages/airflow/example_dags/example_short_circuit_decorator.py for tasks to queue
[2023-12-08T02:46:01.517+0000] {logging_mixin.py:154} INFO - [2023-12-08T02:46:01.516+0000] {dagbag.py:536} INFO - Filling up the DagBag from /home/airflow/.local/lib/python3.8/site-packages/airflow/example_dags/example_short_circuit_decorator.py
[2023-12-08T02:46:01.617+0000] {processor.py:839} INFO - DAG(s) dict_keys(['example_short_circuit_decorator']) retrieved from /home/airflow/.local/lib/python3.8/site-packages/airflow/example_dags/example_short_circuit_decorator.py
[2023-12-08T02:46:01.817+0000] {logging_mixin.py:154} INFO - [2023-12-08T02:46:01.816+0000] {dag.py:2941} INFO - Sync 1 DAGs
[2023-12-08T02:46:02.007+0000] {logging_mixin.py:154} INFO - [2023-12-08T02:46:01.998+0000] {dag.py:3722} INFO - Setting next_dagrun for example_short_circuit_decorator to 2023-12-07T02:46:01.997751+00:00, run_after=2023-12-08T02:46:01.997751+00:00
[2023-12-08T02:46:02.155+0000] {processor.py:179} INFO - Processing /home/airflow/.local/lib/python3.8/site-packages/airflow/example_dags/example_short_circuit_decorator.py took 0.714 seconds
[2023-12-08T02:46:49.938+0000] {processor.py:157} INFO - Started process (PID=811) to work on /home/airflow/.local/lib/python3.8/site-packages/airflow/example_dags/example_short_circuit_decorator.py
[2023-12-08T02:46:49.945+0000] {processor.py:829} INFO - Processing file /home/airflow/.local/lib/python3.8/site-packages/airflow/example_dags/example_short_circuit_decorator.py for tasks to queue
[2023-12-08T02:46:49.973+0000] {logging_mixin.py:154} INFO - [2023-12-08T02:46:49.972+0000] {dagbag.py:536} INFO - Filling up the DagBag from /home/airflow/.local/lib/python3.8/site-packages/airflow/example_dags/example_short_circuit_decorator.py
[2023-12-08T02:46:50.084+0000] {processor.py:839} INFO - DAG(s) dict_keys(['example_short_circuit_decorator']) retrieved from /home/airflow/.local/lib/python3.8/site-packages/airflow/example_dags/example_short_circuit_decorator.py
[2023-12-08T02:46:50.290+0000] {logging_mixin.py:154} INFO - [2023-12-08T02:46:50.279+0000] {dag.py:2941} INFO - Sync 1 DAGs
[2023-12-08T02:46:50.506+0000] {logging_mixin.py:154} INFO - [2023-12-08T02:46:50.505+0000] {dag.py:3722} INFO - Setting next_dagrun for example_short_circuit_decorator to 2023-12-07T02:46:50.504534+00:00, run_after=2023-12-08T02:46:50.504534+00:00
[2023-12-08T02:46:50.668+0000] {processor.py:179} INFO - Processing /home/airflow/.local/lib/python3.8/site-packages/airflow/example_dags/example_short_circuit_decorator.py took 0.776 seconds
[2023-12-08T02:47:21.121+0000] {processor.py:157} INFO - Started process (PID=865) to work on /home/airflow/.local/lib/python3.8/site-packages/airflow/example_dags/example_short_circuit_decorator.py
[2023-12-08T02:47:21.124+0000] {processor.py:829} INFO - Processing file /home/airflow/.local/lib/python3.8/site-packages/airflow/example_dags/example_short_circuit_decorator.py for tasks to queue
[2023-12-08T02:47:21.132+0000] {logging_mixin.py:154} INFO - [2023-12-08T02:47:21.131+0000] {dagbag.py:536} INFO - Filling up the DagBag from /home/airflow/.local/lib/python3.8/site-packages/airflow/example_dags/example_short_circuit_decorator.py
[2023-12-08T02:47:21.156+0000] {processor.py:839} INFO - DAG(s) dict_keys(['example_short_circuit_decorator']) retrieved from /home/airflow/.local/lib/python3.8/site-packages/airflow/example_dags/example_short_circuit_decorator.py
[2023-12-08T02:47:21.211+0000] {logging_mixin.py:154} INFO - [2023-12-08T02:47:21.210+0000] {dag.py:2941} INFO - Sync 1 DAGs
[2023-12-08T02:47:21.270+0000] {logging_mixin.py:154} INFO - [2023-12-08T02:47:21.270+0000] {dag.py:3722} INFO - Setting next_dagrun for example_short_circuit_decorator to 2023-12-07T02:47:21.269858+00:00, run_after=2023-12-08T02:47:21.269858+00:00
[2023-12-08T02:47:21.559+0000] {processor.py:179} INFO - Processing /home/airflow/.local/lib/python3.8/site-packages/airflow/example_dags/example_short_circuit_decorator.py took 0.448 seconds
[2023-12-08T02:47:52.279+0000] {processor.py:157} INFO - Started process (PID=919) to work on /home/airflow/.local/lib/python3.8/site-packages/airflow/example_dags/example_short_circuit_decorator.py
[2023-12-08T02:47:52.291+0000] {processor.py:829} INFO - Processing file /home/airflow/.local/lib/python3.8/site-packages/airflow/example_dags/example_short_circuit_decorator.py for tasks to queue
[2023-12-08T02:47:52.297+0000] {logging_mixin.py:154} INFO - [2023-12-08T02:47:52.296+0000] {dagbag.py:536} INFO - Filling up the DagBag from /home/airflow/.local/lib/python3.8/site-packages/airflow/example_dags/example_short_circuit_decorator.py
[2023-12-08T02:47:52.372+0000] {processor.py:839} INFO - DAG(s) dict_keys(['example_short_circuit_decorator']) retrieved from /home/airflow/.local/lib/python3.8/site-packages/airflow/example_dags/example_short_circuit_decorator.py
[2023-12-08T02:47:52.558+0000] {logging_mixin.py:154} INFO - [2023-12-08T02:47:52.558+0000] {dag.py:2941} INFO - Sync 1 DAGs
[2023-12-08T02:47:52.675+0000] {logging_mixin.py:154} INFO - [2023-12-08T02:47:52.674+0000] {dag.py:3722} INFO - Setting next_dagrun for example_short_circuit_decorator to 2023-12-07T02:47:52.674066+00:00, run_after=2023-12-08T02:47:52.674066+00:00
[2023-12-08T02:47:53.155+0000] {processor.py:179} INFO - Processing /home/airflow/.local/lib/python3.8/site-packages/airflow/example_dags/example_short_circuit_decorator.py took 0.888 seconds
[2023-12-08T02:48:23.930+0000] {processor.py:157} INFO - Started process (PID=973) to work on /home/airflow/.local/lib/python3.8/site-packages/airflow/example_dags/example_short_circuit_decorator.py
[2023-12-08T02:48:23.933+0000] {processor.py:829} INFO - Processing file /home/airflow/.local/lib/python3.8/site-packages/airflow/example_dags/example_short_circuit_decorator.py for tasks to queue
[2023-12-08T02:48:23.964+0000] {logging_mixin.py:154} INFO - [2023-12-08T02:48:23.951+0000] {dagbag.py:536} INFO - Filling up the DagBag from /home/airflow/.local/lib/python3.8/site-packages/airflow/example_dags/example_short_circuit_decorator.py
[2023-12-08T02:48:24.102+0000] {processor.py:839} INFO - DAG(s) dict_keys(['example_short_circuit_decorator']) retrieved from /home/airflow/.local/lib/python3.8/site-packages/airflow/example_dags/example_short_circuit_decorator.py
[2023-12-08T02:48:24.359+0000] {logging_mixin.py:154} INFO - [2023-12-08T02:48:24.348+0000] {dag.py:2941} INFO - Sync 1 DAGs
[2023-12-08T02:48:24.635+0000] {logging_mixin.py:154} INFO - [2023-12-08T02:48:24.634+0000] {dag.py:3722} INFO - Setting next_dagrun for example_short_circuit_decorator to 2023-12-07T02:48:24.633589+00:00, run_after=2023-12-08T02:48:24.633589+00:00
[2023-12-08T02:48:24.786+0000] {processor.py:179} INFO - Processing /home/airflow/.local/lib/python3.8/site-packages/airflow/example_dags/example_short_circuit_decorator.py took 0.902 seconds
[2023-12-08T02:48:55.279+0000] {processor.py:157} INFO - Started process (PID=1027) to work on /home/airflow/.local/lib/python3.8/site-packages/airflow/example_dags/example_short_circuit_decorator.py
[2023-12-08T02:48:55.311+0000] {processor.py:829} INFO - Processing file /home/airflow/.local/lib/python3.8/site-packages/airflow/example_dags/example_short_circuit_decorator.py for tasks to queue
[2023-12-08T02:48:55.331+0000] {logging_mixin.py:154} INFO - [2023-12-08T02:48:55.318+0000] {dagbag.py:536} INFO - Filling up the DagBag from /home/airflow/.local/lib/python3.8/site-packages/airflow/example_dags/example_short_circuit_decorator.py
[2023-12-08T02:48:55.506+0000] {processor.py:839} INFO - DAG(s) dict_keys(['example_short_circuit_decorator']) retrieved from /home/airflow/.local/lib/python3.8/site-packages/airflow/example_dags/example_short_circuit_decorator.py
[2023-12-08T02:48:55.974+0000] {logging_mixin.py:154} INFO - [2023-12-08T02:48:55.974+0000] {dag.py:2941} INFO - Sync 1 DAGs
[2023-12-08T02:48:56.638+0000] {logging_mixin.py:154} INFO - [2023-12-08T02:48:56.638+0000] {dag.py:3722} INFO - Setting next_dagrun for example_short_circuit_decorator to 2023-12-07T02:48:56.637626+00:00, run_after=2023-12-08T02:48:56.637626+00:00
[2023-12-08T02:48:56.826+0000] {processor.py:179} INFO - Processing /home/airflow/.local/lib/python3.8/site-packages/airflow/example_dags/example_short_circuit_decorator.py took 1.570 seconds
[2023-12-08T02:49:26.974+0000] {processor.py:157} INFO - Started process (PID=1087) to work on /home/airflow/.local/lib/python3.8/site-packages/airflow/example_dags/example_short_circuit_decorator.py
[2023-12-08T02:49:26.979+0000] {processor.py:829} INFO - Processing file /home/airflow/.local/lib/python3.8/site-packages/airflow/example_dags/example_short_circuit_decorator.py for tasks to queue
[2023-12-08T02:49:26.982+0000] {logging_mixin.py:154} INFO - [2023-12-08T02:49:26.982+0000] {dagbag.py:536} INFO - Filling up the DagBag from /home/airflow/.local/lib/python3.8/site-packages/airflow/example_dags/example_short_circuit_decorator.py
[2023-12-08T02:49:27.007+0000] {processor.py:839} INFO - DAG(s) dict_keys(['example_short_circuit_decorator']) retrieved from /home/airflow/.local/lib/python3.8/site-packages/airflow/example_dags/example_short_circuit_decorator.py
[2023-12-08T02:49:27.065+0000] {logging_mixin.py:154} INFO - [2023-12-08T02:49:27.065+0000] {dag.py:2941} INFO - Sync 1 DAGs
[2023-12-08T02:49:27.121+0000] {logging_mixin.py:154} INFO - [2023-12-08T02:49:27.120+0000] {dag.py:3722} INFO - Setting next_dagrun for example_short_circuit_decorator to 2023-12-07T02:49:27.120053+00:00, run_after=2023-12-08T02:49:27.120053+00:00
[2023-12-08T02:49:27.175+0000] {processor.py:179} INFO - Processing /home/airflow/.local/lib/python3.8/site-packages/airflow/example_dags/example_short_circuit_decorator.py took 0.210 seconds
[2023-12-08T02:49:57.778+0000] {processor.py:157} INFO - Started process (PID=1142) to work on /home/airflow/.local/lib/python3.8/site-packages/airflow/example_dags/example_short_circuit_decorator.py
[2023-12-08T02:49:57.780+0000] {processor.py:829} INFO - Processing file /home/airflow/.local/lib/python3.8/site-packages/airflow/example_dags/example_short_circuit_decorator.py for tasks to queue
[2023-12-08T02:49:57.787+0000] {logging_mixin.py:154} INFO - [2023-12-08T02:49:57.785+0000] {dagbag.py:536} INFO - Filling up the DagBag from /home/airflow/.local/lib/python3.8/site-packages/airflow/example_dags/example_short_circuit_decorator.py
[2023-12-08T02:49:57.810+0000] {processor.py:839} INFO - DAG(s) dict_keys(['example_short_circuit_decorator']) retrieved from /home/airflow/.local/lib/python3.8/site-packages/airflow/example_dags/example_short_circuit_decorator.py
[2023-12-08T02:49:57.871+0000] {logging_mixin.py:154} INFO - [2023-12-08T02:49:57.871+0000] {dag.py:2941} INFO - Sync 1 DAGs
[2023-12-08T02:49:57.938+0000] {logging_mixin.py:154} INFO - [2023-12-08T02:49:57.938+0000] {dag.py:3722} INFO - Setting next_dagrun for example_short_circuit_decorator to 2023-12-07T02:49:57.937968+00:00, run_after=2023-12-08T02:49:57.937968+00:00
[2023-12-08T02:49:58.417+0000] {processor.py:179} INFO - Processing /home/airflow/.local/lib/python3.8/site-packages/airflow/example_dags/example_short_circuit_decorator.py took 0.648 seconds
[2023-12-08T02:50:28.496+0000] {processor.py:157} INFO - Started process (PID=1195) to work on /home/airflow/.local/lib/python3.8/site-packages/airflow/example_dags/example_short_circuit_decorator.py
[2023-12-08T02:50:28.499+0000] {processor.py:829} INFO - Processing file /home/airflow/.local/lib/python3.8/site-packages/airflow/example_dags/example_short_circuit_decorator.py for tasks to queue
[2023-12-08T02:50:28.505+0000] {logging_mixin.py:154} INFO - [2023-12-08T02:50:28.504+0000] {dagbag.py:536} INFO - Filling up the DagBag from /home/airflow/.local/lib/python3.8/site-packages/airflow/example_dags/example_short_circuit_decorator.py
[2023-12-08T02:50:28.533+0000] {processor.py:839} INFO - DAG(s) dict_keys(['example_short_circuit_decorator']) retrieved from /home/airflow/.local/lib/python3.8/site-packages/airflow/example_dags/example_short_circuit_decorator.py
[2023-12-08T02:50:28.633+0000] {logging_mixin.py:154} INFO - [2023-12-08T02:50:28.632+0000] {dag.py:2941} INFO - Sync 1 DAGs
[2023-12-08T02:50:28.720+0000] {logging_mixin.py:154} INFO - [2023-12-08T02:50:28.719+0000] {dag.py:3722} INFO - Setting next_dagrun for example_short_circuit_decorator to 2023-12-07T02:50:28.719160+00:00, run_after=2023-12-08T02:50:28.719160+00:00
[2023-12-08T02:50:28.836+0000] {processor.py:179} INFO - Processing /home/airflow/.local/lib/python3.8/site-packages/airflow/example_dags/example_short_circuit_decorator.py took 0.351 seconds
[2023-12-08T02:50:59.043+0000] {processor.py:157} INFO - Started process (PID=1249) to work on /home/airflow/.local/lib/python3.8/site-packages/airflow/example_dags/example_short_circuit_decorator.py
[2023-12-08T02:50:59.045+0000] {processor.py:829} INFO - Processing file /home/airflow/.local/lib/python3.8/site-packages/airflow/example_dags/example_short_circuit_decorator.py for tasks to queue
[2023-12-08T02:50:59.050+0000] {logging_mixin.py:154} INFO - [2023-12-08T02:50:59.050+0000] {dagbag.py:536} INFO - Filling up the DagBag from /home/airflow/.local/lib/python3.8/site-packages/airflow/example_dags/example_short_circuit_decorator.py
[2023-12-08T02:50:59.087+0000] {processor.py:839} INFO - DAG(s) dict_keys(['example_short_circuit_decorator']) retrieved from /home/airflow/.local/lib/python3.8/site-packages/airflow/example_dags/example_short_circuit_decorator.py
[2023-12-08T02:50:59.171+0000] {logging_mixin.py:154} INFO - [2023-12-08T02:50:59.171+0000] {dag.py:2941} INFO - Sync 1 DAGs
[2023-12-08T02:50:59.264+0000] {logging_mixin.py:154} INFO - [2023-12-08T02:50:59.264+0000] {dag.py:3722} INFO - Setting next_dagrun for example_short_circuit_decorator to 2023-12-07T02:50:59.263797+00:00, run_after=2023-12-08T02:50:59.263797+00:00
[2023-12-08T02:50:59.309+0000] {processor.py:179} INFO - Processing /home/airflow/.local/lib/python3.8/site-packages/airflow/example_dags/example_short_circuit_decorator.py took 0.279 seconds
[2023-12-08T02:51:29.633+0000] {processor.py:157} INFO - Started process (PID=1303) to work on /home/airflow/.local/lib/python3.8/site-packages/airflow/example_dags/example_short_circuit_decorator.py
[2023-12-08T02:51:29.637+0000] {processor.py:829} INFO - Processing file /home/airflow/.local/lib/python3.8/site-packages/airflow/example_dags/example_short_circuit_decorator.py for tasks to queue
[2023-12-08T02:51:29.646+0000] {logging_mixin.py:154} INFO - [2023-12-08T02:51:29.645+0000] {dagbag.py:536} INFO - Filling up the DagBag from /home/airflow/.local/lib/python3.8/site-packages/airflow/example_dags/example_short_circuit_decorator.py
[2023-12-08T02:51:29.678+0000] {processor.py:839} INFO - DAG(s) dict_keys(['example_short_circuit_decorator']) retrieved from /home/airflow/.local/lib/python3.8/site-packages/airflow/example_dags/example_short_circuit_decorator.py
[2023-12-08T02:51:29.753+0000] {logging_mixin.py:154} INFO - [2023-12-08T02:51:29.753+0000] {dag.py:2941} INFO - Sync 1 DAGs
[2023-12-08T02:51:30.080+0000] {logging_mixin.py:154} INFO - [2023-12-08T02:51:30.079+0000] {dag.py:3722} INFO - Setting next_dagrun for example_short_circuit_decorator to 2023-12-07T02:51:30.079116+00:00, run_after=2023-12-08T02:51:30.079116+00:00
[2023-12-08T02:51:30.132+0000] {processor.py:179} INFO - Processing /home/airflow/.local/lib/python3.8/site-packages/airflow/example_dags/example_short_circuit_decorator.py took 0.511 seconds
[2023-12-08T02:52:00.802+0000] {processor.py:157} INFO - Started process (PID=1356) to work on /home/airflow/.local/lib/python3.8/site-packages/airflow/example_dags/example_short_circuit_decorator.py
[2023-12-08T02:52:00.804+0000] {processor.py:829} INFO - Processing file /home/airflow/.local/lib/python3.8/site-packages/airflow/example_dags/example_short_circuit_decorator.py for tasks to queue
[2023-12-08T02:52:00.808+0000] {logging_mixin.py:154} INFO - [2023-12-08T02:52:00.807+0000] {dagbag.py:536} INFO - Filling up the DagBag from /home/airflow/.local/lib/python3.8/site-packages/airflow/example_dags/example_short_circuit_decorator.py
[2023-12-08T02:52:00.837+0000] {processor.py:839} INFO - DAG(s) dict_keys(['example_short_circuit_decorator']) retrieved from /home/airflow/.local/lib/python3.8/site-packages/airflow/example_dags/example_short_circuit_decorator.py
[2023-12-08T02:52:00.915+0000] {logging_mixin.py:154} INFO - [2023-12-08T02:52:00.914+0000] {dag.py:2941} INFO - Sync 1 DAGs
[2023-12-08T02:52:01.014+0000] {logging_mixin.py:154} INFO - [2023-12-08T02:52:01.014+0000] {dag.py:3722} INFO - Setting next_dagrun for example_short_circuit_decorator to 2023-12-07T02:52:01.013387+00:00, run_after=2023-12-08T02:52:01.013387+00:00
[2023-12-08T02:52:01.089+0000] {processor.py:179} INFO - Processing /home/airflow/.local/lib/python3.8/site-packages/airflow/example_dags/example_short_circuit_decorator.py took 0.300 seconds
[2023-12-08T02:52:31.822+0000] {processor.py:157} INFO - Started process (PID=1410) to work on /home/airflow/.local/lib/python3.8/site-packages/airflow/example_dags/example_short_circuit_decorator.py
[2023-12-08T02:52:31.825+0000] {processor.py:829} INFO - Processing file /home/airflow/.local/lib/python3.8/site-packages/airflow/example_dags/example_short_circuit_decorator.py for tasks to queue
[2023-12-08T02:52:31.835+0000] {logging_mixin.py:154} INFO - [2023-12-08T02:52:31.834+0000] {dagbag.py:536} INFO - Filling up the DagBag from /home/airflow/.local/lib/python3.8/site-packages/airflow/example_dags/example_short_circuit_decorator.py
[2023-12-08T02:52:31.870+0000] {processor.py:839} INFO - DAG(s) dict_keys(['example_short_circuit_decorator']) retrieved from /home/airflow/.local/lib/python3.8/site-packages/airflow/example_dags/example_short_circuit_decorator.py
[2023-12-08T02:52:31.943+0000] {logging_mixin.py:154} INFO - [2023-12-08T02:52:31.943+0000] {dag.py:2941} INFO - Sync 1 DAGs
[2023-12-08T02:52:32.009+0000] {logging_mixin.py:154} INFO - [2023-12-08T02:52:32.009+0000] {dag.py:3722} INFO - Setting next_dagrun for example_short_circuit_decorator to 2023-12-07T02:52:32.008570+00:00, run_after=2023-12-08T02:52:32.008570+00:00
[2023-12-08T02:52:32.062+0000] {processor.py:179} INFO - Processing /home/airflow/.local/lib/python3.8/site-packages/airflow/example_dags/example_short_circuit_decorator.py took 0.256 seconds
[2023-12-08T02:53:02.255+0000] {processor.py:157} INFO - Started process (PID=1465) to work on /home/airflow/.local/lib/python3.8/site-packages/airflow/example_dags/example_short_circuit_decorator.py
[2023-12-08T02:53:02.257+0000] {processor.py:829} INFO - Processing file /home/airflow/.local/lib/python3.8/site-packages/airflow/example_dags/example_short_circuit_decorator.py for tasks to queue
[2023-12-08T02:53:02.261+0000] {logging_mixin.py:154} INFO - [2023-12-08T02:53:02.260+0000] {dagbag.py:536} INFO - Filling up the DagBag from /home/airflow/.local/lib/python3.8/site-packages/airflow/example_dags/example_short_circuit_decorator.py
[2023-12-08T02:53:02.281+0000] {processor.py:839} INFO - DAG(s) dict_keys(['example_short_circuit_decorator']) retrieved from /home/airflow/.local/lib/python3.8/site-packages/airflow/example_dags/example_short_circuit_decorator.py
[2023-12-08T02:53:02.345+0000] {logging_mixin.py:154} INFO - [2023-12-08T02:53:02.344+0000] {dag.py:2941} INFO - Sync 1 DAGs
[2023-12-08T02:53:02.404+0000] {logging_mixin.py:154} INFO - [2023-12-08T02:53:02.403+0000] {dag.py:3722} INFO - Setting next_dagrun for example_short_circuit_decorator to 2023-12-07T02:53:02.403395+00:00, run_after=2023-12-08T02:53:02.403395+00:00
[2023-12-08T02:53:02.452+0000] {processor.py:179} INFO - Processing /home/airflow/.local/lib/python3.8/site-packages/airflow/example_dags/example_short_circuit_decorator.py took 0.203 seconds
[2023-12-08T02:53:32.871+0000] {processor.py:157} INFO - Started process (PID=1518) to work on /home/airflow/.local/lib/python3.8/site-packages/airflow/example_dags/example_short_circuit_decorator.py
[2023-12-08T02:53:32.879+0000] {processor.py:829} INFO - Processing file /home/airflow/.local/lib/python3.8/site-packages/airflow/example_dags/example_short_circuit_decorator.py for tasks to queue
[2023-12-08T02:53:32.885+0000] {logging_mixin.py:154} INFO - [2023-12-08T02:53:32.884+0000] {dagbag.py:536} INFO - Filling up the DagBag from /home/airflow/.local/lib/python3.8/site-packages/airflow/example_dags/example_short_circuit_decorator.py
[2023-12-08T02:53:32.906+0000] {processor.py:839} INFO - DAG(s) dict_keys(['example_short_circuit_decorator']) retrieved from /home/airflow/.local/lib/python3.8/site-packages/airflow/example_dags/example_short_circuit_decorator.py
[2023-12-08T02:53:32.966+0000] {logging_mixin.py:154} INFO - [2023-12-08T02:53:32.966+0000] {dag.py:2941} INFO - Sync 1 DAGs
[2023-12-08T02:53:33.022+0000] {logging_mixin.py:154} INFO - [2023-12-08T02:53:33.021+0000] {dag.py:3722} INFO - Setting next_dagrun for example_short_circuit_decorator to 2023-12-07T02:53:33.021260+00:00, run_after=2023-12-08T02:53:33.021260+00:00
[2023-12-08T02:53:33.064+0000] {processor.py:179} INFO - Processing /home/airflow/.local/lib/python3.8/site-packages/airflow/example_dags/example_short_circuit_decorator.py took 0.203 seconds
[2023-12-08T02:54:03.377+0000] {processor.py:157} INFO - Started process (PID=1573) to work on /home/airflow/.local/lib/python3.8/site-packages/airflow/example_dags/example_short_circuit_decorator.py
[2023-12-08T02:54:03.379+0000] {processor.py:829} INFO - Processing file /home/airflow/.local/lib/python3.8/site-packages/airflow/example_dags/example_short_circuit_decorator.py for tasks to queue
[2023-12-08T02:54:03.384+0000] {logging_mixin.py:154} INFO - [2023-12-08T02:54:03.383+0000] {dagbag.py:536} INFO - Filling up the DagBag from /home/airflow/.local/lib/python3.8/site-packages/airflow/example_dags/example_short_circuit_decorator.py
[2023-12-08T02:54:03.405+0000] {processor.py:839} INFO - DAG(s) dict_keys(['example_short_circuit_decorator']) retrieved from /home/airflow/.local/lib/python3.8/site-packages/airflow/example_dags/example_short_circuit_decorator.py
[2023-12-08T02:54:03.458+0000] {logging_mixin.py:154} INFO - [2023-12-08T02:54:03.457+0000] {dag.py:2941} INFO - Sync 1 DAGs
[2023-12-08T02:54:03.507+0000] {logging_mixin.py:154} INFO - [2023-12-08T02:54:03.507+0000] {dag.py:3722} INFO - Setting next_dagrun for example_short_circuit_decorator to 2023-12-07T02:54:03.506590+00:00, run_after=2023-12-08T02:54:03.506590+00:00
[2023-12-08T02:54:03.549+0000] {processor.py:179} INFO - Processing /home/airflow/.local/lib/python3.8/site-packages/airflow/example_dags/example_short_circuit_decorator.py took 0.179 seconds
[2023-12-08T02:54:34.180+0000] {processor.py:157} INFO - Started process (PID=1627) to work on /home/airflow/.local/lib/python3.8/site-packages/airflow/example_dags/example_short_circuit_decorator.py
[2023-12-08T02:54:34.182+0000] {processor.py:829} INFO - Processing file /home/airflow/.local/lib/python3.8/site-packages/airflow/example_dags/example_short_circuit_decorator.py for tasks to queue
[2023-12-08T02:54:34.187+0000] {logging_mixin.py:154} INFO - [2023-12-08T02:54:34.186+0000] {dagbag.py:536} INFO - Filling up the DagBag from /home/airflow/.local/lib/python3.8/site-packages/airflow/example_dags/example_short_circuit_decorator.py
[2023-12-08T02:54:34.210+0000] {processor.py:839} INFO - DAG(s) dict_keys(['example_short_circuit_decorator']) retrieved from /home/airflow/.local/lib/python3.8/site-packages/airflow/example_dags/example_short_circuit_decorator.py
[2023-12-08T02:54:34.264+0000] {logging_mixin.py:154} INFO - [2023-12-08T02:54:34.264+0000] {dag.py:2941} INFO - Sync 1 DAGs
[2023-12-08T02:54:34.328+0000] {logging_mixin.py:154} INFO - [2023-12-08T02:54:34.328+0000] {dag.py:3722} INFO - Setting next_dagrun for example_short_circuit_decorator to 2023-12-07T02:54:34.327503+00:00, run_after=2023-12-08T02:54:34.327503+00:00
[2023-12-08T02:54:34.382+0000] {processor.py:179} INFO - Processing /home/airflow/.local/lib/python3.8/site-packages/airflow/example_dags/example_short_circuit_decorator.py took 0.209 seconds
[2023-12-08T02:55:04.540+0000] {processor.py:157} INFO - Started process (PID=1681) to work on /home/airflow/.local/lib/python3.8/site-packages/airflow/example_dags/example_short_circuit_decorator.py
[2023-12-08T02:55:04.557+0000] {processor.py:829} INFO - Processing file /home/airflow/.local/lib/python3.8/site-packages/airflow/example_dags/example_short_circuit_decorator.py for tasks to queue
[2023-12-08T02:55:04.566+0000] {logging_mixin.py:154} INFO - [2023-12-08T02:55:04.565+0000] {dagbag.py:536} INFO - Filling up the DagBag from /home/airflow/.local/lib/python3.8/site-packages/airflow/example_dags/example_short_circuit_decorator.py
[2023-12-08T02:55:04.597+0000] {processor.py:839} INFO - DAG(s) dict_keys(['example_short_circuit_decorator']) retrieved from /home/airflow/.local/lib/python3.8/site-packages/airflow/example_dags/example_short_circuit_decorator.py
[2023-12-08T02:55:04.692+0000] {logging_mixin.py:154} INFO - [2023-12-08T02:55:04.692+0000] {dag.py:2941} INFO - Sync 1 DAGs
[2023-12-08T02:55:04.774+0000] {logging_mixin.py:154} INFO - [2023-12-08T02:55:04.774+0000] {dag.py:3722} INFO - Setting next_dagrun for example_short_circuit_decorator to 2023-12-07T02:55:04.773347+00:00, run_after=2023-12-08T02:55:04.773347+00:00
[2023-12-08T02:55:04.851+0000] {processor.py:179} INFO - Processing /home/airflow/.local/lib/python3.8/site-packages/airflow/example_dags/example_short_circuit_decorator.py took 0.328 seconds
[2023-12-08T02:55:36.098+0000] {processor.py:157} INFO - Started process (PID=1736) to work on /home/airflow/.local/lib/python3.8/site-packages/airflow/example_dags/example_short_circuit_decorator.py
[2023-12-08T02:55:36.101+0000] {processor.py:829} INFO - Processing file /home/airflow/.local/lib/python3.8/site-packages/airflow/example_dags/example_short_circuit_decorator.py for tasks to queue
[2023-12-08T02:55:36.117+0000] {logging_mixin.py:154} INFO - [2023-12-08T02:55:36.116+0000] {dagbag.py:536} INFO - Filling up the DagBag from /home/airflow/.local/lib/python3.8/site-packages/airflow/example_dags/example_short_circuit_decorator.py
[2023-12-08T02:55:36.150+0000] {processor.py:839} INFO - DAG(s) dict_keys(['example_short_circuit_decorator']) retrieved from /home/airflow/.local/lib/python3.8/site-packages/airflow/example_dags/example_short_circuit_decorator.py
[2023-12-08T02:55:36.270+0000] {logging_mixin.py:154} INFO - [2023-12-08T02:55:36.270+0000] {dag.py:2941} INFO - Sync 1 DAGs
[2023-12-08T02:55:36.360+0000] {logging_mixin.py:154} INFO - [2023-12-08T02:55:36.359+0000] {dag.py:3722} INFO - Setting next_dagrun for example_short_circuit_decorator to 2023-12-07T02:55:36.359010+00:00, run_after=2023-12-08T02:55:36.359010+00:00
[2023-12-08T02:55:36.528+0000] {processor.py:179} INFO - Processing /home/airflow/.local/lib/python3.8/site-packages/airflow/example_dags/example_short_circuit_decorator.py took 0.465 seconds
[2023-12-08T02:56:07.143+0000] {processor.py:157} INFO - Started process (PID=1788) to work on /home/airflow/.local/lib/python3.8/site-packages/airflow/example_dags/example_short_circuit_decorator.py
[2023-12-08T02:56:07.147+0000] {processor.py:829} INFO - Processing file /home/airflow/.local/lib/python3.8/site-packages/airflow/example_dags/example_short_circuit_decorator.py for tasks to queue
[2023-12-08T02:56:07.152+0000] {logging_mixin.py:154} INFO - [2023-12-08T02:56:07.152+0000] {dagbag.py:536} INFO - Filling up the DagBag from /home/airflow/.local/lib/python3.8/site-packages/airflow/example_dags/example_short_circuit_decorator.py
[2023-12-08T02:56:07.174+0000] {processor.py:839} INFO - DAG(s) dict_keys(['example_short_circuit_decorator']) retrieved from /home/airflow/.local/lib/python3.8/site-packages/airflow/example_dags/example_short_circuit_decorator.py
[2023-12-08T02:56:07.229+0000] {logging_mixin.py:154} INFO - [2023-12-08T02:56:07.228+0000] {dag.py:2941} INFO - Sync 1 DAGs
[2023-12-08T02:56:07.284+0000] {logging_mixin.py:154} INFO - [2023-12-08T02:56:07.284+0000] {dag.py:3722} INFO - Setting next_dagrun for example_short_circuit_decorator to 2023-12-07T02:56:07.283852+00:00, run_after=2023-12-08T02:56:07.283852+00:00
[2023-12-08T02:56:07.341+0000] {processor.py:179} INFO - Processing /home/airflow/.local/lib/python3.8/site-packages/airflow/example_dags/example_short_circuit_decorator.py took 0.205 seconds
[2023-12-08T02:56:37.663+0000] {processor.py:157} INFO - Started process (PID=1842) to work on /home/airflow/.local/lib/python3.8/site-packages/airflow/example_dags/example_short_circuit_decorator.py
[2023-12-08T02:56:37.669+0000] {processor.py:829} INFO - Processing file /home/airflow/.local/lib/python3.8/site-packages/airflow/example_dags/example_short_circuit_decorator.py for tasks to queue
[2023-12-08T02:56:37.676+0000] {logging_mixin.py:154} INFO - [2023-12-08T02:56:37.676+0000] {dagbag.py:536} INFO - Filling up the DagBag from /home/airflow/.local/lib/python3.8/site-packages/airflow/example_dags/example_short_circuit_decorator.py
[2023-12-08T02:56:37.707+0000] {processor.py:839} INFO - DAG(s) dict_keys(['example_short_circuit_decorator']) retrieved from /home/airflow/.local/lib/python3.8/site-packages/airflow/example_dags/example_short_circuit_decorator.py
[2023-12-08T02:56:37.774+0000] {logging_mixin.py:154} INFO - [2023-12-08T02:56:37.773+0000] {dag.py:2941} INFO - Sync 1 DAGs
[2023-12-08T02:56:37.823+0000] {logging_mixin.py:154} INFO - [2023-12-08T02:56:37.823+0000] {dag.py:3722} INFO - Setting next_dagrun for example_short_circuit_decorator to 2023-12-07T02:56:37.823228+00:00, run_after=2023-12-08T02:56:37.823228+00:00
[2023-12-08T02:56:37.863+0000] {processor.py:179} INFO - Processing /home/airflow/.local/lib/python3.8/site-packages/airflow/example_dags/example_short_circuit_decorator.py took 0.211 seconds
[2023-12-08T02:57:08.471+0000] {processor.py:157} INFO - Started process (PID=1897) to work on /home/airflow/.local/lib/python3.8/site-packages/airflow/example_dags/example_short_circuit_decorator.py
[2023-12-08T02:57:08.478+0000] {processor.py:829} INFO - Processing file /home/airflow/.local/lib/python3.8/site-packages/airflow/example_dags/example_short_circuit_decorator.py for tasks to queue
[2023-12-08T02:57:08.485+0000] {logging_mixin.py:154} INFO - [2023-12-08T02:57:08.485+0000] {dagbag.py:536} INFO - Filling up the DagBag from /home/airflow/.local/lib/python3.8/site-packages/airflow/example_dags/example_short_circuit_decorator.py
[2023-12-08T02:57:08.704+0000] {processor.py:839} INFO - DAG(s) dict_keys(['example_short_circuit_decorator']) retrieved from /home/airflow/.local/lib/python3.8/site-packages/airflow/example_dags/example_short_circuit_decorator.py
