[2023-12-08T02:39:13.747+0000] {processor.py:157} INFO - Started process (PID=57) to work on /home/airflow/.local/lib/python3.8/site-packages/airflow/example_dags/example_xcomargs.py
[2023-12-08T02:39:13.749+0000] {processor.py:829} INFO - Processing file /home/airflow/.local/lib/python3.8/site-packages/airflow/example_dags/example_xcomargs.py for tasks to queue
[2023-12-08T02:39:13.754+0000] {logging_mixin.py:154} INFO - [2023-12-08T02:39:13.754+0000] {dagbag.py:536} INFO - Filling up the DagBag from /home/airflow/.local/lib/python3.8/site-packages/airflow/example_dags/example_xcomargs.py
[2023-12-08T02:39:13.820+0000] {processor.py:839} INFO - DAG(s) dict_keys(['example_xcom_args', 'example_xcom_args_with_operators']) retrieved from /home/airflow/.local/lib/python3.8/site-packages/airflow/example_dags/example_xcomargs.py
[2023-12-08T02:39:14.107+0000] {logging_mixin.py:154} INFO - [2023-12-08T02:39:14.107+0000] {dag.py:2941} INFO - Sync 2 DAGs
[2023-12-08T02:39:14.154+0000] {logging_mixin.py:154} INFO - [2023-12-08T02:39:14.153+0000] {dag.py:3722} INFO - Setting next_dagrun for example_xcom_args to None, run_after=None
[2023-12-08T02:39:14.168+0000] {logging_mixin.py:154} INFO - [2023-12-08T02:39:14.167+0000] {dag.py:3722} INFO - Setting next_dagrun for example_xcom_args_with_operators to None, run_after=None
[2023-12-08T02:39:14.256+0000] {processor.py:179} INFO - Processing /home/airflow/.local/lib/python3.8/site-packages/airflow/example_dags/example_xcomargs.py took 0.518 seconds
[2023-12-08T02:39:45.770+0000] {processor.py:157} INFO - Started process (PID=111) to work on /home/airflow/.local/lib/python3.8/site-packages/airflow/example_dags/example_xcomargs.py
[2023-12-08T02:39:45.773+0000] {processor.py:829} INFO - Processing file /home/airflow/.local/lib/python3.8/site-packages/airflow/example_dags/example_xcomargs.py for tasks to queue
[2023-12-08T02:39:45.780+0000] {logging_mixin.py:154} INFO - [2023-12-08T02:39:45.779+0000] {dagbag.py:536} INFO - Filling up the DagBag from /home/airflow/.local/lib/python3.8/site-packages/airflow/example_dags/example_xcomargs.py
[2023-12-08T02:39:45.858+0000] {processor.py:839} INFO - DAG(s) dict_keys(['example_xcom_args_with_operators', 'example_xcom_args']) retrieved from /home/airflow/.local/lib/python3.8/site-packages/airflow/example_dags/example_xcomargs.py
[2023-12-08T02:39:46.037+0000] {logging_mixin.py:154} INFO - [2023-12-08T02:39:46.036+0000] {dag.py:2941} INFO - Sync 2 DAGs
[2023-12-08T02:39:46.226+0000] {logging_mixin.py:154} INFO - [2023-12-08T02:39:46.225+0000] {dag.py:3722} INFO - Setting next_dagrun for example_xcom_args to None, run_after=None
[2023-12-08T02:39:46.298+0000] {logging_mixin.py:154} INFO - [2023-12-08T02:39:46.296+0000] {dag.py:3722} INFO - Setting next_dagrun for example_xcom_args_with_operators to None, run_after=None
[2023-12-08T02:39:46.482+0000] {processor.py:179} INFO - Processing /home/airflow/.local/lib/python3.8/site-packages/airflow/example_dags/example_xcomargs.py took 0.722 seconds
[2023-12-08T02:40:17.331+0000] {processor.py:157} INFO - Started process (PID=165) to work on /home/airflow/.local/lib/python3.8/site-packages/airflow/example_dags/example_xcomargs.py
[2023-12-08T02:40:17.333+0000] {processor.py:829} INFO - Processing file /home/airflow/.local/lib/python3.8/site-packages/airflow/example_dags/example_xcomargs.py for tasks to queue
[2023-12-08T02:40:17.341+0000] {logging_mixin.py:154} INFO - [2023-12-08T02:40:17.340+0000] {dagbag.py:536} INFO - Filling up the DagBag from /home/airflow/.local/lib/python3.8/site-packages/airflow/example_dags/example_xcomargs.py
[2023-12-08T02:40:17.370+0000] {processor.py:839} INFO - DAG(s) dict_keys(['example_xcom_args', 'example_xcom_args_with_operators']) retrieved from /home/airflow/.local/lib/python3.8/site-packages/airflow/example_dags/example_xcomargs.py
[2023-12-08T02:40:17.446+0000] {logging_mixin.py:154} INFO - [2023-12-08T02:40:17.446+0000] {dag.py:2941} INFO - Sync 2 DAGs
[2023-12-08T02:40:17.492+0000] {logging_mixin.py:154} INFO - [2023-12-08T02:40:17.488+0000] {dag.py:3722} INFO - Setting next_dagrun for example_xcom_args to None, run_after=None
[2023-12-08T02:40:17.501+0000] {logging_mixin.py:154} INFO - [2023-12-08T02:40:17.501+0000] {dag.py:3722} INFO - Setting next_dagrun for example_xcom_args_with_operators to None, run_after=None
[2023-12-08T02:40:17.544+0000] {processor.py:179} INFO - Processing /home/airflow/.local/lib/python3.8/site-packages/airflow/example_dags/example_xcomargs.py took 0.222 seconds
[2023-12-08T02:40:47.701+0000] {processor.py:157} INFO - Started process (PID=219) to work on /home/airflow/.local/lib/python3.8/site-packages/airflow/example_dags/example_xcomargs.py
[2023-12-08T02:40:47.702+0000] {processor.py:829} INFO - Processing file /home/airflow/.local/lib/python3.8/site-packages/airflow/example_dags/example_xcomargs.py for tasks to queue
[2023-12-08T02:40:47.709+0000] {logging_mixin.py:154} INFO - [2023-12-08T02:40:47.708+0000] {dagbag.py:536} INFO - Filling up the DagBag from /home/airflow/.local/lib/python3.8/site-packages/airflow/example_dags/example_xcomargs.py
[2023-12-08T02:40:47.729+0000] {processor.py:839} INFO - DAG(s) dict_keys(['example_xcom_args', 'example_xcom_args_with_operators']) retrieved from /home/airflow/.local/lib/python3.8/site-packages/airflow/example_dags/example_xcomargs.py
[2023-12-08T02:40:47.863+0000] {logging_mixin.py:154} INFO - [2023-12-08T02:40:47.863+0000] {dag.py:2941} INFO - Sync 2 DAGs
[2023-12-08T02:40:47.965+0000] {logging_mixin.py:154} INFO - [2023-12-08T02:40:47.964+0000] {dag.py:3722} INFO - Setting next_dagrun for example_xcom_args to None, run_after=None
[2023-12-08T02:40:47.984+0000] {logging_mixin.py:154} INFO - [2023-12-08T02:40:47.983+0000] {dag.py:3722} INFO - Setting next_dagrun for example_xcom_args_with_operators to None, run_after=None
[2023-12-08T02:40:48.101+0000] {processor.py:179} INFO - Processing /home/airflow/.local/lib/python3.8/site-packages/airflow/example_dags/example_xcomargs.py took 0.407 seconds
[2023-12-08T02:41:19.888+0000] {processor.py:157} INFO - Started process (PID=273) to work on /home/airflow/.local/lib/python3.8/site-packages/airflow/example_dags/example_xcomargs.py
[2023-12-08T02:41:19.891+0000] {processor.py:829} INFO - Processing file /home/airflow/.local/lib/python3.8/site-packages/airflow/example_dags/example_xcomargs.py for tasks to queue
[2023-12-08T02:41:19.896+0000] {logging_mixin.py:154} INFO - [2023-12-08T02:41:19.895+0000] {dagbag.py:536} INFO - Filling up the DagBag from /home/airflow/.local/lib/python3.8/site-packages/airflow/example_dags/example_xcomargs.py
[2023-12-08T02:41:19.913+0000] {processor.py:839} INFO - DAG(s) dict_keys(['example_xcom_args_with_operators', 'example_xcom_args']) retrieved from /home/airflow/.local/lib/python3.8/site-packages/airflow/example_dags/example_xcomargs.py
[2023-12-08T02:41:19.966+0000] {logging_mixin.py:154} INFO - [2023-12-08T02:41:19.966+0000] {dag.py:2941} INFO - Sync 2 DAGs
[2023-12-08T02:41:19.993+0000] {logging_mixin.py:154} INFO - [2023-12-08T02:41:19.992+0000] {dag.py:3722} INFO - Setting next_dagrun for example_xcom_args to None, run_after=None
[2023-12-08T02:41:20.000+0000] {logging_mixin.py:154} INFO - [2023-12-08T02:41:19.999+0000] {dag.py:3722} INFO - Setting next_dagrun for example_xcom_args_with_operators to None, run_after=None
[2023-12-08T02:41:20.031+0000] {processor.py:179} INFO - Processing /home/airflow/.local/lib/python3.8/site-packages/airflow/example_dags/example_xcomargs.py took 0.153 seconds
[2023-12-08T02:41:50.190+0000] {processor.py:157} INFO - Started process (PID=326) to work on /home/airflow/.local/lib/python3.8/site-packages/airflow/example_dags/example_xcomargs.py
[2023-12-08T02:41:50.193+0000] {processor.py:829} INFO - Processing file /home/airflow/.local/lib/python3.8/site-packages/airflow/example_dags/example_xcomargs.py for tasks to queue
[2023-12-08T02:41:50.200+0000] {logging_mixin.py:154} INFO - [2023-12-08T02:41:50.200+0000] {dagbag.py:536} INFO - Filling up the DagBag from /home/airflow/.local/lib/python3.8/site-packages/airflow/example_dags/example_xcomargs.py
[2023-12-08T02:41:50.230+0000] {processor.py:839} INFO - DAG(s) dict_keys(['example_xcom_args', 'example_xcom_args_with_operators']) retrieved from /home/airflow/.local/lib/python3.8/site-packages/airflow/example_dags/example_xcomargs.py
[2023-12-08T02:41:50.343+0000] {logging_mixin.py:154} INFO - [2023-12-08T02:41:50.342+0000] {dag.py:2941} INFO - Sync 2 DAGs
[2023-12-08T02:41:50.447+0000] {logging_mixin.py:154} INFO - [2023-12-08T02:41:50.447+0000] {dag.py:3722} INFO - Setting next_dagrun for example_xcom_args to None, run_after=None
[2023-12-08T02:41:50.479+0000] {logging_mixin.py:154} INFO - [2023-12-08T02:41:50.479+0000] {dag.py:3722} INFO - Setting next_dagrun for example_xcom_args_with_operators to None, run_after=None
[2023-12-08T02:41:50.623+0000] {processor.py:179} INFO - Processing /home/airflow/.local/lib/python3.8/site-packages/airflow/example_dags/example_xcomargs.py took 0.466 seconds
[2023-12-08T02:42:22.709+0000] {processor.py:157} INFO - Started process (PID=380) to work on /home/airflow/.local/lib/python3.8/site-packages/airflow/example_dags/example_xcomargs.py
[2023-12-08T02:42:22.723+0000] {processor.py:829} INFO - Processing file /home/airflow/.local/lib/python3.8/site-packages/airflow/example_dags/example_xcomargs.py for tasks to queue
[2023-12-08T02:42:22.740+0000] {logging_mixin.py:154} INFO - [2023-12-08T02:42:22.740+0000] {dagbag.py:536} INFO - Filling up the DagBag from /home/airflow/.local/lib/python3.8/site-packages/airflow/example_dags/example_xcomargs.py
[2023-12-08T02:42:22.839+0000] {processor.py:839} INFO - DAG(s) dict_keys(['example_xcom_args_with_operators', 'example_xcom_args']) retrieved from /home/airflow/.local/lib/python3.8/site-packages/airflow/example_dags/example_xcomargs.py
[2023-12-08T02:42:23.170+0000] {logging_mixin.py:154} INFO - [2023-12-08T02:42:23.169+0000] {dag.py:2941} INFO - Sync 2 DAGs
[2023-12-08T02:42:23.296+0000] {logging_mixin.py:154} INFO - [2023-12-08T02:42:23.295+0000] {dag.py:3722} INFO - Setting next_dagrun for example_xcom_args to None, run_after=None
[2023-12-08T02:42:23.341+0000] {logging_mixin.py:154} INFO - [2023-12-08T02:42:23.329+0000] {dag.py:3722} INFO - Setting next_dagrun for example_xcom_args_with_operators to None, run_after=None
[2023-12-08T02:42:23.456+0000] {processor.py:179} INFO - Processing /home/airflow/.local/lib/python3.8/site-packages/airflow/example_dags/example_xcomargs.py took 0.795 seconds
[2023-12-08T02:42:54.209+0000] {processor.py:157} INFO - Started process (PID=434) to work on /home/airflow/.local/lib/python3.8/site-packages/airflow/example_dags/example_xcomargs.py
[2023-12-08T02:42:54.212+0000] {processor.py:829} INFO - Processing file /home/airflow/.local/lib/python3.8/site-packages/airflow/example_dags/example_xcomargs.py for tasks to queue
[2023-12-08T02:42:54.244+0000] {logging_mixin.py:154} INFO - [2023-12-08T02:42:54.244+0000] {dagbag.py:536} INFO - Filling up the DagBag from /home/airflow/.local/lib/python3.8/site-packages/airflow/example_dags/example_xcomargs.py
[2023-12-08T02:42:54.356+0000] {processor.py:839} INFO - DAG(s) dict_keys(['example_xcom_args_with_operators', 'example_xcom_args']) retrieved from /home/airflow/.local/lib/python3.8/site-packages/airflow/example_dags/example_xcomargs.py
[2023-12-08T02:42:54.705+0000] {logging_mixin.py:154} INFO - [2023-12-08T02:42:54.704+0000] {dag.py:2941} INFO - Sync 2 DAGs
[2023-12-08T02:42:54.850+0000] {logging_mixin.py:154} INFO - [2023-12-08T02:42:54.849+0000] {dag.py:3722} INFO - Setting next_dagrun for example_xcom_args to None, run_after=None
[2023-12-08T02:42:54.883+0000] {logging_mixin.py:154} INFO - [2023-12-08T02:42:54.882+0000] {dag.py:3722} INFO - Setting next_dagrun for example_xcom_args_with_operators to None, run_after=None
[2023-12-08T02:42:55.073+0000] {processor.py:179} INFO - Processing /home/airflow/.local/lib/python3.8/site-packages/airflow/example_dags/example_xcomargs.py took 0.911 seconds
[2023-12-08T02:43:26.133+0000] {processor.py:157} INFO - Started process (PID=489) to work on /home/airflow/.local/lib/python3.8/site-packages/airflow/example_dags/example_xcomargs.py
[2023-12-08T02:43:26.226+0000] {processor.py:829} INFO - Processing file /home/airflow/.local/lib/python3.8/site-packages/airflow/example_dags/example_xcomargs.py for tasks to queue
[2023-12-08T02:43:26.267+0000] {logging_mixin.py:154} INFO - [2023-12-08T02:43:26.266+0000] {dagbag.py:536} INFO - Filling up the DagBag from /home/airflow/.local/lib/python3.8/site-packages/airflow/example_dags/example_xcomargs.py
[2023-12-08T02:43:26.362+0000] {processor.py:839} INFO - DAG(s) dict_keys(['example_xcom_args', 'example_xcom_args_with_operators']) retrieved from /home/airflow/.local/lib/python3.8/site-packages/airflow/example_dags/example_xcomargs.py
[2023-12-08T02:43:26.609+0000] {logging_mixin.py:154} INFO - [2023-12-08T02:43:26.597+0000] {dag.py:2941} INFO - Sync 2 DAGs
[2023-12-08T02:43:26.749+0000] {logging_mixin.py:154} INFO - [2023-12-08T02:43:26.749+0000] {dag.py:3722} INFO - Setting next_dagrun for example_xcom_args to None, run_after=None
[2023-12-08T02:43:26.792+0000] {logging_mixin.py:154} INFO - [2023-12-08T02:43:26.781+0000] {dag.py:3722} INFO - Setting next_dagrun for example_xcom_args_with_operators to None, run_after=None
[2023-12-08T02:43:29.259+0000] {processor.py:179} INFO - Processing /home/airflow/.local/lib/python3.8/site-packages/airflow/example_dags/example_xcomargs.py took 3.200 seconds
[2023-12-08T02:43:59.928+0000] {processor.py:157} INFO - Started process (PID=543) to work on /home/airflow/.local/lib/python3.8/site-packages/airflow/example_dags/example_xcomargs.py
[2023-12-08T02:43:59.933+0000] {processor.py:829} INFO - Processing file /home/airflow/.local/lib/python3.8/site-packages/airflow/example_dags/example_xcomargs.py for tasks to queue
[2023-12-08T02:43:59.943+0000] {logging_mixin.py:154} INFO - [2023-12-08T02:43:59.942+0000] {dagbag.py:536} INFO - Filling up the DagBag from /home/airflow/.local/lib/python3.8/site-packages/airflow/example_dags/example_xcomargs.py
[2023-12-08T02:43:59.999+0000] {processor.py:839} INFO - DAG(s) dict_keys(['example_xcom_args', 'example_xcom_args_with_operators']) retrieved from /home/airflow/.local/lib/python3.8/site-packages/airflow/example_dags/example_xcomargs.py
[2023-12-08T02:44:00.124+0000] {logging_mixin.py:154} INFO - [2023-12-08T02:44:00.123+0000] {dag.py:2941} INFO - Sync 2 DAGs
[2023-12-08T02:44:00.203+0000] {logging_mixin.py:154} INFO - [2023-12-08T02:44:00.203+0000] {dag.py:3722} INFO - Setting next_dagrun for example_xcom_args to None, run_after=None
[2023-12-08T02:44:00.235+0000] {logging_mixin.py:154} INFO - [2023-12-08T02:44:00.235+0000] {dag.py:3722} INFO - Setting next_dagrun for example_xcom_args_with_operators to None, run_after=None
[2023-12-08T02:44:00.292+0000] {processor.py:179} INFO - Processing /home/airflow/.local/lib/python3.8/site-packages/airflow/example_dags/example_xcomargs.py took 0.381 seconds
[2023-12-08T02:44:31.124+0000] {processor.py:157} INFO - Started process (PID=598) to work on /home/airflow/.local/lib/python3.8/site-packages/airflow/example_dags/example_xcomargs.py
[2023-12-08T02:44:31.126+0000] {processor.py:829} INFO - Processing file /home/airflow/.local/lib/python3.8/site-packages/airflow/example_dags/example_xcomargs.py for tasks to queue
[2023-12-08T02:44:31.133+0000] {logging_mixin.py:154} INFO - [2023-12-08T02:44:31.133+0000] {dagbag.py:536} INFO - Filling up the DagBag from /home/airflow/.local/lib/python3.8/site-packages/airflow/example_dags/example_xcomargs.py
[2023-12-08T02:44:31.166+0000] {processor.py:839} INFO - DAG(s) dict_keys(['example_xcom_args_with_operators', 'example_xcom_args']) retrieved from /home/airflow/.local/lib/python3.8/site-packages/airflow/example_dags/example_xcomargs.py
[2023-12-08T02:44:31.267+0000] {logging_mixin.py:154} INFO - [2023-12-08T02:44:31.266+0000] {dag.py:2941} INFO - Sync 2 DAGs
[2023-12-08T02:44:31.311+0000] {logging_mixin.py:154} INFO - [2023-12-08T02:44:31.310+0000] {dag.py:3722} INFO - Setting next_dagrun for example_xcom_args to None, run_after=None
[2023-12-08T02:44:31.331+0000] {logging_mixin.py:154} INFO - [2023-12-08T02:44:31.331+0000] {dag.py:3722} INFO - Setting next_dagrun for example_xcom_args_with_operators to None, run_after=None
[2023-12-08T02:44:31.465+0000] {processor.py:179} INFO - Processing /home/airflow/.local/lib/python3.8/site-packages/airflow/example_dags/example_xcomargs.py took 0.356 seconds
[2023-12-08T02:45:01.916+0000] {processor.py:157} INFO - Started process (PID=652) to work on /home/airflow/.local/lib/python3.8/site-packages/airflow/example_dags/example_xcomargs.py
[2023-12-08T02:45:01.920+0000] {processor.py:829} INFO - Processing file /home/airflow/.local/lib/python3.8/site-packages/airflow/example_dags/example_xcomargs.py for tasks to queue
[2023-12-08T02:45:01.929+0000] {logging_mixin.py:154} INFO - [2023-12-08T02:45:01.928+0000] {dagbag.py:536} INFO - Filling up the DagBag from /home/airflow/.local/lib/python3.8/site-packages/airflow/example_dags/example_xcomargs.py
[2023-12-08T02:45:01.956+0000] {processor.py:839} INFO - DAG(s) dict_keys(['example_xcom_args_with_operators', 'example_xcom_args']) retrieved from /home/airflow/.local/lib/python3.8/site-packages/airflow/example_dags/example_xcomargs.py
[2023-12-08T02:45:02.033+0000] {logging_mixin.py:154} INFO - [2023-12-08T02:45:02.033+0000] {dag.py:2941} INFO - Sync 2 DAGs
[2023-12-08T02:45:02.086+0000] {logging_mixin.py:154} INFO - [2023-12-08T02:45:02.085+0000] {dag.py:3722} INFO - Setting next_dagrun for example_xcom_args to None, run_after=None
[2023-12-08T02:45:02.098+0000] {logging_mixin.py:154} INFO - [2023-12-08T02:45:02.098+0000] {dag.py:3722} INFO - Setting next_dagrun for example_xcom_args_with_operators to None, run_after=None
[2023-12-08T02:45:02.239+0000] {processor.py:179} INFO - Processing /home/airflow/.local/lib/python3.8/site-packages/airflow/example_dags/example_xcomargs.py took 0.340 seconds
[2023-12-08T02:45:32.928+0000] {processor.py:157} INFO - Started process (PID=705) to work on /home/airflow/.local/lib/python3.8/site-packages/airflow/example_dags/example_xcomargs.py
[2023-12-08T02:45:32.943+0000] {processor.py:829} INFO - Processing file /home/airflow/.local/lib/python3.8/site-packages/airflow/example_dags/example_xcomargs.py for tasks to queue
[2023-12-08T02:45:33.002+0000] {logging_mixin.py:154} INFO - [2023-12-08T02:45:33.002+0000] {dagbag.py:536} INFO - Filling up the DagBag from /home/airflow/.local/lib/python3.8/site-packages/airflow/example_dags/example_xcomargs.py
[2023-12-08T02:45:33.104+0000] {processor.py:839} INFO - DAG(s) dict_keys(['example_xcom_args_with_operators', 'example_xcom_args']) retrieved from /home/airflow/.local/lib/python3.8/site-packages/airflow/example_dags/example_xcomargs.py
[2023-12-08T02:45:33.398+0000] {logging_mixin.py:154} INFO - [2023-12-08T02:45:33.387+0000] {dag.py:2941} INFO - Sync 2 DAGs
[2023-12-08T02:45:33.555+0000] {logging_mixin.py:154} INFO - [2023-12-08T02:45:33.555+0000] {dag.py:3722} INFO - Setting next_dagrun for example_xcom_args to None, run_after=None
[2023-12-08T02:45:33.576+0000] {logging_mixin.py:154} INFO - [2023-12-08T02:45:33.575+0000] {dag.py:3722} INFO - Setting next_dagrun for example_xcom_args_with_operators to None, run_after=None
[2023-12-08T02:45:33.741+0000] {processor.py:179} INFO - Processing /home/airflow/.local/lib/python3.8/site-packages/airflow/example_dags/example_xcomargs.py took 0.847 seconds
[2023-12-08T02:46:04.800+0000] {processor.py:157} INFO - Started process (PID=758) to work on /home/airflow/.local/lib/python3.8/site-packages/airflow/example_dags/example_xcomargs.py
[2023-12-08T02:46:04.828+0000] {processor.py:829} INFO - Processing file /home/airflow/.local/lib/python3.8/site-packages/airflow/example_dags/example_xcomargs.py for tasks to queue
[2023-12-08T02:46:04.863+0000] {logging_mixin.py:154} INFO - [2023-12-08T02:46:04.862+0000] {dagbag.py:536} INFO - Filling up the DagBag from /home/airflow/.local/lib/python3.8/site-packages/airflow/example_dags/example_xcomargs.py
[2023-12-08T02:46:05.005+0000] {processor.py:839} INFO - DAG(s) dict_keys(['example_xcom_args', 'example_xcom_args_with_operators']) retrieved from /home/airflow/.local/lib/python3.8/site-packages/airflow/example_dags/example_xcomargs.py
[2023-12-08T02:46:05.285+0000] {logging_mixin.py:154} INFO - [2023-12-08T02:46:05.285+0000] {dag.py:2941} INFO - Sync 2 DAGs
[2023-12-08T02:46:05.413+0000] {logging_mixin.py:154} INFO - [2023-12-08T02:46:05.412+0000] {dag.py:3722} INFO - Setting next_dagrun for example_xcom_args to None, run_after=None
[2023-12-08T02:46:05.434+0000] {logging_mixin.py:154} INFO - [2023-12-08T02:46:05.434+0000] {dag.py:3722} INFO - Setting next_dagrun for example_xcom_args_with_operators to None, run_after=None
[2023-12-08T02:46:05.749+0000] {processor.py:179} INFO - Processing /home/airflow/.local/lib/python3.8/site-packages/airflow/example_dags/example_xcomargs.py took 0.974 seconds
[2023-12-08T02:46:42.086+0000] {processor.py:157} INFO - Started process (PID=796) to work on /home/airflow/.local/lib/python3.8/site-packages/airflow/example_dags/example_xcomargs.py
[2023-12-08T02:46:42.146+0000] {processor.py:829} INFO - Processing file /home/airflow/.local/lib/python3.8/site-packages/airflow/example_dags/example_xcomargs.py for tasks to queue
[2023-12-08T02:46:42.157+0000] {logging_mixin.py:154} INFO - [2023-12-08T02:46:42.157+0000] {dagbag.py:536} INFO - Filling up the DagBag from /home/airflow/.local/lib/python3.8/site-packages/airflow/example_dags/example_xcomargs.py
[2023-12-08T02:46:42.254+0000] {processor.py:839} INFO - DAG(s) dict_keys(['example_xcom_args', 'example_xcom_args_with_operators']) retrieved from /home/airflow/.local/lib/python3.8/site-packages/airflow/example_dags/example_xcomargs.py
[2023-12-08T02:46:42.570+0000] {logging_mixin.py:154} INFO - [2023-12-08T02:46:42.570+0000] {dag.py:2941} INFO - Sync 2 DAGs
[2023-12-08T02:46:42.750+0000] {logging_mixin.py:154} INFO - [2023-12-08T02:46:42.739+0000] {dag.py:3722} INFO - Setting next_dagrun for example_xcom_args to None, run_after=None
[2023-12-08T02:46:42.800+0000] {logging_mixin.py:154} INFO - [2023-12-08T02:46:42.799+0000] {dag.py:3722} INFO - Setting next_dagrun for example_xcom_args_with_operators to None, run_after=None
[2023-12-08T02:46:42.991+0000] {processor.py:179} INFO - Processing /home/airflow/.local/lib/python3.8/site-packages/airflow/example_dags/example_xcomargs.py took 0.939 seconds
[2023-12-08T02:47:13.814+0000] {processor.py:157} INFO - Started process (PID=850) to work on /home/airflow/.local/lib/python3.8/site-packages/airflow/example_dags/example_xcomargs.py
[2023-12-08T02:47:13.819+0000] {processor.py:829} INFO - Processing file /home/airflow/.local/lib/python3.8/site-packages/airflow/example_dags/example_xcomargs.py for tasks to queue
[2023-12-08T02:47:13.841+0000] {logging_mixin.py:154} INFO - [2023-12-08T02:47:13.835+0000] {dagbag.py:536} INFO - Filling up the DagBag from /home/airflow/.local/lib/python3.8/site-packages/airflow/example_dags/example_xcomargs.py
[2023-12-08T02:47:13.871+0000] {processor.py:839} INFO - DAG(s) dict_keys(['example_xcom_args', 'example_xcom_args_with_operators']) retrieved from /home/airflow/.local/lib/python3.8/site-packages/airflow/example_dags/example_xcomargs.py
[2023-12-08T02:47:13.949+0000] {logging_mixin.py:154} INFO - [2023-12-08T02:47:13.949+0000] {dag.py:2941} INFO - Sync 2 DAGs
[2023-12-08T02:47:13.984+0000] {logging_mixin.py:154} INFO - [2023-12-08T02:47:13.984+0000] {dag.py:3722} INFO - Setting next_dagrun for example_xcom_args to None, run_after=None
[2023-12-08T02:47:13.995+0000] {logging_mixin.py:154} INFO - [2023-12-08T02:47:13.994+0000] {dag.py:3722} INFO - Setting next_dagrun for example_xcom_args_with_operators to None, run_after=None
[2023-12-08T02:47:14.035+0000] {processor.py:179} INFO - Processing /home/airflow/.local/lib/python3.8/site-packages/airflow/example_dags/example_xcomargs.py took 0.240 seconds
[2023-12-08T02:47:44.338+0000] {processor.py:157} INFO - Started process (PID=904) to work on /home/airflow/.local/lib/python3.8/site-packages/airflow/example_dags/example_xcomargs.py
[2023-12-08T02:47:44.340+0000] {processor.py:829} INFO - Processing file /home/airflow/.local/lib/python3.8/site-packages/airflow/example_dags/example_xcomargs.py for tasks to queue
[2023-12-08T02:47:44.346+0000] {logging_mixin.py:154} INFO - [2023-12-08T02:47:44.345+0000] {dagbag.py:536} INFO - Filling up the DagBag from /home/airflow/.local/lib/python3.8/site-packages/airflow/example_dags/example_xcomargs.py
[2023-12-08T02:47:44.360+0000] {processor.py:839} INFO - DAG(s) dict_keys(['example_xcom_args_with_operators', 'example_xcom_args']) retrieved from /home/airflow/.local/lib/python3.8/site-packages/airflow/example_dags/example_xcomargs.py
[2023-12-08T02:47:44.420+0000] {logging_mixin.py:154} INFO - [2023-12-08T02:47:44.419+0000] {dag.py:2941} INFO - Sync 2 DAGs
[2023-12-08T02:47:44.451+0000] {logging_mixin.py:154} INFO - [2023-12-08T02:47:44.451+0000] {dag.py:3722} INFO - Setting next_dagrun for example_xcom_args to None, run_after=None
[2023-12-08T02:47:44.459+0000] {logging_mixin.py:154} INFO - [2023-12-08T02:47:44.459+0000] {dag.py:3722} INFO - Setting next_dagrun for example_xcom_args_with_operators to None, run_after=None
[2023-12-08T02:47:44.495+0000] {processor.py:179} INFO - Processing /home/airflow/.local/lib/python3.8/site-packages/airflow/example_dags/example_xcomargs.py took 0.167 seconds
[2023-12-08T02:48:15.204+0000] {processor.py:157} INFO - Started process (PID=958) to work on /home/airflow/.local/lib/python3.8/site-packages/airflow/example_dags/example_xcomargs.py
[2023-12-08T02:48:15.222+0000] {processor.py:829} INFO - Processing file /home/airflow/.local/lib/python3.8/site-packages/airflow/example_dags/example_xcomargs.py for tasks to queue
[2023-12-08T02:48:15.241+0000] {logging_mixin.py:154} INFO - [2023-12-08T02:48:15.240+0000] {dagbag.py:536} INFO - Filling up the DagBag from /home/airflow/.local/lib/python3.8/site-packages/airflow/example_dags/example_xcomargs.py
[2023-12-08T02:48:15.294+0000] {processor.py:839} INFO - DAG(s) dict_keys(['example_xcom_args_with_operators', 'example_xcom_args']) retrieved from /home/airflow/.local/lib/python3.8/site-packages/airflow/example_dags/example_xcomargs.py
[2023-12-08T02:48:15.370+0000] {logging_mixin.py:154} INFO - [2023-12-08T02:48:15.370+0000] {dag.py:2941} INFO - Sync 2 DAGs
[2023-12-08T02:48:15.409+0000] {logging_mixin.py:154} INFO - [2023-12-08T02:48:15.408+0000] {dag.py:3722} INFO - Setting next_dagrun for example_xcom_args to None, run_after=None
[2023-12-08T02:48:15.418+0000] {logging_mixin.py:154} INFO - [2023-12-08T02:48:15.418+0000] {dag.py:3722} INFO - Setting next_dagrun for example_xcom_args_with_operators to None, run_after=None
[2023-12-08T02:48:15.493+0000] {processor.py:179} INFO - Processing /home/airflow/.local/lib/python3.8/site-packages/airflow/example_dags/example_xcomargs.py took 0.325 seconds
[2023-12-08T02:48:46.012+0000] {processor.py:157} INFO - Started process (PID=1012) to work on /home/airflow/.local/lib/python3.8/site-packages/airflow/example_dags/example_xcomargs.py
[2023-12-08T02:48:46.015+0000] {processor.py:829} INFO - Processing file /home/airflow/.local/lib/python3.8/site-packages/airflow/example_dags/example_xcomargs.py for tasks to queue
[2023-12-08T02:48:46.020+0000] {logging_mixin.py:154} INFO - [2023-12-08T02:48:46.019+0000] {dagbag.py:536} INFO - Filling up the DagBag from /home/airflow/.local/lib/python3.8/site-packages/airflow/example_dags/example_xcomargs.py
[2023-12-08T02:48:46.040+0000] {processor.py:839} INFO - DAG(s) dict_keys(['example_xcom_args', 'example_xcom_args_with_operators']) retrieved from /home/airflow/.local/lib/python3.8/site-packages/airflow/example_dags/example_xcomargs.py
[2023-12-08T02:48:46.106+0000] {logging_mixin.py:154} INFO - [2023-12-08T02:48:46.106+0000] {dag.py:2941} INFO - Sync 2 DAGs
[2023-12-08T02:48:46.142+0000] {logging_mixin.py:154} INFO - [2023-12-08T02:48:46.142+0000] {dag.py:3722} INFO - Setting next_dagrun for example_xcom_args to None, run_after=None
[2023-12-08T02:48:46.152+0000] {logging_mixin.py:154} INFO - [2023-12-08T02:48:46.151+0000] {dag.py:3722} INFO - Setting next_dagrun for example_xcom_args_with_operators to None, run_after=None
[2023-12-08T02:48:46.194+0000] {processor.py:179} INFO - Processing /home/airflow/.local/lib/python3.8/site-packages/airflow/example_dags/example_xcomargs.py took 0.190 seconds
[2023-12-08T02:49:17.026+0000] {processor.py:157} INFO - Started process (PID=1065) to work on /home/airflow/.local/lib/python3.8/site-packages/airflow/example_dags/example_xcomargs.py
[2023-12-08T02:49:17.035+0000] {processor.py:829} INFO - Processing file /home/airflow/.local/lib/python3.8/site-packages/airflow/example_dags/example_xcomargs.py for tasks to queue
[2023-12-08T02:49:17.039+0000] {logging_mixin.py:154} INFO - [2023-12-08T02:49:17.039+0000] {dagbag.py:536} INFO - Filling up the DagBag from /home/airflow/.local/lib/python3.8/site-packages/airflow/example_dags/example_xcomargs.py
[2023-12-08T02:49:17.056+0000] {processor.py:839} INFO - DAG(s) dict_keys(['example_xcom_args', 'example_xcom_args_with_operators']) retrieved from /home/airflow/.local/lib/python3.8/site-packages/airflow/example_dags/example_xcomargs.py
[2023-12-08T02:49:17.115+0000] {logging_mixin.py:154} INFO - [2023-12-08T02:49:17.114+0000] {dag.py:2941} INFO - Sync 2 DAGs
[2023-12-08T02:49:17.146+0000] {logging_mixin.py:154} INFO - [2023-12-08T02:49:17.146+0000] {dag.py:3722} INFO - Setting next_dagrun for example_xcom_args to None, run_after=None
[2023-12-08T02:49:17.157+0000] {logging_mixin.py:154} INFO - [2023-12-08T02:49:17.157+0000] {dag.py:3722} INFO - Setting next_dagrun for example_xcom_args_with_operators to None, run_after=None
[2023-12-08T02:49:17.434+0000] {processor.py:179} INFO - Processing /home/airflow/.local/lib/python3.8/site-packages/airflow/example_dags/example_xcomargs.py took 0.418 seconds
[2023-12-08T02:49:47.710+0000] {processor.py:157} INFO - Started process (PID=1119) to work on /home/airflow/.local/lib/python3.8/site-packages/airflow/example_dags/example_xcomargs.py
[2023-12-08T02:49:47.712+0000] {processor.py:829} INFO - Processing file /home/airflow/.local/lib/python3.8/site-packages/airflow/example_dags/example_xcomargs.py for tasks to queue
[2023-12-08T02:49:47.718+0000] {logging_mixin.py:154} INFO - [2023-12-08T02:49:47.717+0000] {dagbag.py:536} INFO - Filling up the DagBag from /home/airflow/.local/lib/python3.8/site-packages/airflow/example_dags/example_xcomargs.py
[2023-12-08T02:49:47.744+0000] {processor.py:839} INFO - DAG(s) dict_keys(['example_xcom_args', 'example_xcom_args_with_operators']) retrieved from /home/airflow/.local/lib/python3.8/site-packages/airflow/example_dags/example_xcomargs.py
[2023-12-08T02:49:47.810+0000] {logging_mixin.py:154} INFO - [2023-12-08T02:49:47.809+0000] {dag.py:2941} INFO - Sync 2 DAGs
[2023-12-08T02:49:47.843+0000] {logging_mixin.py:154} INFO - [2023-12-08T02:49:47.843+0000] {dag.py:3722} INFO - Setting next_dagrun for example_xcom_args to None, run_after=None
[2023-12-08T02:49:47.849+0000] {logging_mixin.py:154} INFO - [2023-12-08T02:49:47.849+0000] {dag.py:3722} INFO - Setting next_dagrun for example_xcom_args_with_operators to None, run_after=None
[2023-12-08T02:49:47.898+0000] {processor.py:179} INFO - Processing /home/airflow/.local/lib/python3.8/site-packages/airflow/example_dags/example_xcomargs.py took 0.199 seconds
[2023-12-08T02:50:18.925+0000] {processor.py:157} INFO - Started process (PID=1173) to work on /home/airflow/.local/lib/python3.8/site-packages/airflow/example_dags/example_xcomargs.py
[2023-12-08T02:50:18.943+0000] {processor.py:829} INFO - Processing file /home/airflow/.local/lib/python3.8/site-packages/airflow/example_dags/example_xcomargs.py for tasks to queue
[2023-12-08T02:50:18.962+0000] {logging_mixin.py:154} INFO - [2023-12-08T02:50:18.961+0000] {dagbag.py:536} INFO - Filling up the DagBag from /home/airflow/.local/lib/python3.8/site-packages/airflow/example_dags/example_xcomargs.py
[2023-12-08T02:50:19.047+0000] {processor.py:839} INFO - DAG(s) dict_keys(['example_xcom_args', 'example_xcom_args_with_operators']) retrieved from /home/airflow/.local/lib/python3.8/site-packages/airflow/example_dags/example_xcomargs.py
[2023-12-08T02:50:19.248+0000] {logging_mixin.py:154} INFO - [2023-12-08T02:50:19.247+0000] {dag.py:2941} INFO - Sync 2 DAGs
[2023-12-08T02:50:19.365+0000] {logging_mixin.py:154} INFO - [2023-12-08T02:50:19.360+0000] {dag.py:3722} INFO - Setting next_dagrun for example_xcom_args to None, run_after=None
[2023-12-08T02:50:19.381+0000] {logging_mixin.py:154} INFO - [2023-12-08T02:50:19.380+0000] {dag.py:3722} INFO - Setting next_dagrun for example_xcom_args_with_operators to None, run_after=None
[2023-12-08T02:50:19.511+0000] {processor.py:179} INFO - Processing /home/airflow/.local/lib/python3.8/site-packages/airflow/example_dags/example_xcomargs.py took 0.673 seconds
[2023-12-08T02:50:50.379+0000] {processor.py:157} INFO - Started process (PID=1226) to work on /home/airflow/.local/lib/python3.8/site-packages/airflow/example_dags/example_xcomargs.py
[2023-12-08T02:50:50.381+0000] {processor.py:829} INFO - Processing file /home/airflow/.local/lib/python3.8/site-packages/airflow/example_dags/example_xcomargs.py for tasks to queue
[2023-12-08T02:50:50.389+0000] {logging_mixin.py:154} INFO - [2023-12-08T02:50:50.388+0000] {dagbag.py:536} INFO - Filling up the DagBag from /home/airflow/.local/lib/python3.8/site-packages/airflow/example_dags/example_xcomargs.py
[2023-12-08T02:50:50.417+0000] {processor.py:839} INFO - DAG(s) dict_keys(['example_xcom_args', 'example_xcom_args_with_operators']) retrieved from /home/airflow/.local/lib/python3.8/site-packages/airflow/example_dags/example_xcomargs.py
[2023-12-08T02:50:50.485+0000] {logging_mixin.py:154} INFO - [2023-12-08T02:50:50.484+0000] {dag.py:2941} INFO - Sync 2 DAGs
[2023-12-08T02:50:51.002+0000] {logging_mixin.py:154} INFO - [2023-12-08T02:50:51.002+0000] {dag.py:3722} INFO - Setting next_dagrun for example_xcom_args to None, run_after=None
[2023-12-08T02:50:51.011+0000] {logging_mixin.py:154} INFO - [2023-12-08T02:50:51.011+0000] {dag.py:3722} INFO - Setting next_dagrun for example_xcom_args_with_operators to None, run_after=None
[2023-12-08T02:50:51.068+0000] {processor.py:179} INFO - Processing /home/airflow/.local/lib/python3.8/site-packages/airflow/example_dags/example_xcomargs.py took 0.699 seconds
[2023-12-08T02:51:21.632+0000] {processor.py:157} INFO - Started process (PID=1280) to work on /home/airflow/.local/lib/python3.8/site-packages/airflow/example_dags/example_xcomargs.py
[2023-12-08T02:51:21.643+0000] {processor.py:829} INFO - Processing file /home/airflow/.local/lib/python3.8/site-packages/airflow/example_dags/example_xcomargs.py for tasks to queue
[2023-12-08T02:51:21.649+0000] {logging_mixin.py:154} INFO - [2023-12-08T02:51:21.648+0000] {dagbag.py:536} INFO - Filling up the DagBag from /home/airflow/.local/lib/python3.8/site-packages/airflow/example_dags/example_xcomargs.py
[2023-12-08T02:51:21.683+0000] {processor.py:839} INFO - DAG(s) dict_keys(['example_xcom_args_with_operators', 'example_xcom_args']) retrieved from /home/airflow/.local/lib/python3.8/site-packages/airflow/example_dags/example_xcomargs.py
[2023-12-08T02:51:21.773+0000] {logging_mixin.py:154} INFO - [2023-12-08T02:51:21.773+0000] {dag.py:2941} INFO - Sync 2 DAGs
[2023-12-08T02:51:21.805+0000] {logging_mixin.py:154} INFO - [2023-12-08T02:51:21.804+0000] {dag.py:3722} INFO - Setting next_dagrun for example_xcom_args to None, run_after=None
[2023-12-08T02:51:21.814+0000] {logging_mixin.py:154} INFO - [2023-12-08T02:51:21.813+0000] {dag.py:3722} INFO - Setting next_dagrun for example_xcom_args_with_operators to None, run_after=None
[2023-12-08T02:51:22.253+0000] {processor.py:179} INFO - Processing /home/airflow/.local/lib/python3.8/site-packages/airflow/example_dags/example_xcomargs.py took 0.634 seconds
[2023-12-08T02:51:52.612+0000] {processor.py:157} INFO - Started process (PID=1332) to work on /home/airflow/.local/lib/python3.8/site-packages/airflow/example_dags/example_xcomargs.py
[2023-12-08T02:51:52.613+0000] {processor.py:829} INFO - Processing file /home/airflow/.local/lib/python3.8/site-packages/airflow/example_dags/example_xcomargs.py for tasks to queue
[2023-12-08T02:51:52.618+0000] {logging_mixin.py:154} INFO - [2023-12-08T02:51:52.618+0000] {dagbag.py:536} INFO - Filling up the DagBag from /home/airflow/.local/lib/python3.8/site-packages/airflow/example_dags/example_xcomargs.py
[2023-12-08T02:51:52.637+0000] {processor.py:839} INFO - DAG(s) dict_keys(['example_xcom_args', 'example_xcom_args_with_operators']) retrieved from /home/airflow/.local/lib/python3.8/site-packages/airflow/example_dags/example_xcomargs.py
[2023-12-08T02:51:52.702+0000] {logging_mixin.py:154} INFO - [2023-12-08T02:51:52.702+0000] {dag.py:2941} INFO - Sync 2 DAGs
[2023-12-08T02:51:52.736+0000] {logging_mixin.py:154} INFO - [2023-12-08T02:51:52.736+0000] {dag.py:3722} INFO - Setting next_dagrun for example_xcom_args to None, run_after=None
[2023-12-08T02:51:52.746+0000] {logging_mixin.py:154} INFO - [2023-12-08T02:51:52.746+0000] {dag.py:3722} INFO - Setting next_dagrun for example_xcom_args_with_operators to None, run_after=None
[2023-12-08T02:51:52.787+0000] {processor.py:179} INFO - Processing /home/airflow/.local/lib/python3.8/site-packages/airflow/example_dags/example_xcomargs.py took 0.188 seconds
[2023-12-08T02:52:23.283+0000] {processor.py:157} INFO - Started process (PID=1385) to work on /home/airflow/.local/lib/python3.8/site-packages/airflow/example_dags/example_xcomargs.py
[2023-12-08T02:52:23.285+0000] {processor.py:829} INFO - Processing file /home/airflow/.local/lib/python3.8/site-packages/airflow/example_dags/example_xcomargs.py for tasks to queue
[2023-12-08T02:52:23.291+0000] {logging_mixin.py:154} INFO - [2023-12-08T02:52:23.290+0000] {dagbag.py:536} INFO - Filling up the DagBag from /home/airflow/.local/lib/python3.8/site-packages/airflow/example_dags/example_xcomargs.py
[2023-12-08T02:52:23.309+0000] {processor.py:839} INFO - DAG(s) dict_keys(['example_xcom_args_with_operators', 'example_xcom_args']) retrieved from /home/airflow/.local/lib/python3.8/site-packages/airflow/example_dags/example_xcomargs.py
[2023-12-08T02:52:23.365+0000] {logging_mixin.py:154} INFO - [2023-12-08T02:52:23.365+0000] {dag.py:2941} INFO - Sync 2 DAGs
[2023-12-08T02:52:23.401+0000] {logging_mixin.py:154} INFO - [2023-12-08T02:52:23.401+0000] {dag.py:3722} INFO - Setting next_dagrun for example_xcom_args to None, run_after=None
[2023-12-08T02:52:23.415+0000] {logging_mixin.py:154} INFO - [2023-12-08T02:52:23.414+0000] {dag.py:3722} INFO - Setting next_dagrun for example_xcom_args_with_operators to None, run_after=None
[2023-12-08T02:52:23.455+0000] {processor.py:179} INFO - Processing /home/airflow/.local/lib/python3.8/site-packages/airflow/example_dags/example_xcomargs.py took 0.179 seconds
[2023-12-08T02:52:53.728+0000] {processor.py:157} INFO - Started process (PID=1439) to work on /home/airflow/.local/lib/python3.8/site-packages/airflow/example_dags/example_xcomargs.py
[2023-12-08T02:52:53.730+0000] {processor.py:829} INFO - Processing file /home/airflow/.local/lib/python3.8/site-packages/airflow/example_dags/example_xcomargs.py for tasks to queue
[2023-12-08T02:52:53.736+0000] {logging_mixin.py:154} INFO - [2023-12-08T02:52:53.736+0000] {dagbag.py:536} INFO - Filling up the DagBag from /home/airflow/.local/lib/python3.8/site-packages/airflow/example_dags/example_xcomargs.py
[2023-12-08T02:52:53.760+0000] {processor.py:839} INFO - DAG(s) dict_keys(['example_xcom_args_with_operators', 'example_xcom_args']) retrieved from /home/airflow/.local/lib/python3.8/site-packages/airflow/example_dags/example_xcomargs.py
[2023-12-08T02:52:53.828+0000] {logging_mixin.py:154} INFO - [2023-12-08T02:52:53.828+0000] {dag.py:2941} INFO - Sync 2 DAGs
[2023-12-08T02:52:53.871+0000] {logging_mixin.py:154} INFO - [2023-12-08T02:52:53.871+0000] {dag.py:3722} INFO - Setting next_dagrun for example_xcom_args to None, run_after=None
[2023-12-08T02:52:53.882+0000] {logging_mixin.py:154} INFO - [2023-12-08T02:52:53.882+0000] {dag.py:3722} INFO - Setting next_dagrun for example_xcom_args_with_operators to None, run_after=None
[2023-12-08T02:52:53.938+0000] {processor.py:179} INFO - Processing /home/airflow/.local/lib/python3.8/site-packages/airflow/example_dags/example_xcomargs.py took 0.219 seconds
[2023-12-08T02:53:24.429+0000] {processor.py:157} INFO - Started process (PID=1494) to work on /home/airflow/.local/lib/python3.8/site-packages/airflow/example_dags/example_xcomargs.py
[2023-12-08T02:53:24.433+0000] {processor.py:829} INFO - Processing file /home/airflow/.local/lib/python3.8/site-packages/airflow/example_dags/example_xcomargs.py for tasks to queue
[2023-12-08T02:53:24.442+0000] {logging_mixin.py:154} INFO - [2023-12-08T02:53:24.441+0000] {dagbag.py:536} INFO - Filling up the DagBag from /home/airflow/.local/lib/python3.8/site-packages/airflow/example_dags/example_xcomargs.py
[2023-12-08T02:53:24.469+0000] {processor.py:839} INFO - DAG(s) dict_keys(['example_xcom_args', 'example_xcom_args_with_operators']) retrieved from /home/airflow/.local/lib/python3.8/site-packages/airflow/example_dags/example_xcomargs.py
[2023-12-08T02:53:24.531+0000] {logging_mixin.py:154} INFO - [2023-12-08T02:53:24.530+0000] {dag.py:2941} INFO - Sync 2 DAGs
[2023-12-08T02:53:24.566+0000] {logging_mixin.py:154} INFO - [2023-12-08T02:53:24.566+0000] {dag.py:3722} INFO - Setting next_dagrun for example_xcom_args to None, run_after=None
[2023-12-08T02:53:24.576+0000] {logging_mixin.py:154} INFO - [2023-12-08T02:53:24.575+0000] {dag.py:3722} INFO - Setting next_dagrun for example_xcom_args_with_operators to None, run_after=None
[2023-12-08T02:53:24.619+0000] {processor.py:179} INFO - Processing /home/airflow/.local/lib/python3.8/site-packages/airflow/example_dags/example_xcomargs.py took 0.201 seconds
[2023-12-08T02:53:55.023+0000] {processor.py:157} INFO - Started process (PID=1547) to work on /home/airflow/.local/lib/python3.8/site-packages/airflow/example_dags/example_xcomargs.py
[2023-12-08T02:53:55.025+0000] {processor.py:829} INFO - Processing file /home/airflow/.local/lib/python3.8/site-packages/airflow/example_dags/example_xcomargs.py for tasks to queue
[2023-12-08T02:53:55.036+0000] {logging_mixin.py:154} INFO - [2023-12-08T02:53:55.036+0000] {dagbag.py:536} INFO - Filling up the DagBag from /home/airflow/.local/lib/python3.8/site-packages/airflow/example_dags/example_xcomargs.py
[2023-12-08T02:53:55.057+0000] {processor.py:839} INFO - DAG(s) dict_keys(['example_xcom_args_with_operators', 'example_xcom_args']) retrieved from /home/airflow/.local/lib/python3.8/site-packages/airflow/example_dags/example_xcomargs.py
[2023-12-08T02:53:55.133+0000] {logging_mixin.py:154} INFO - [2023-12-08T02:53:55.133+0000] {dag.py:2941} INFO - Sync 2 DAGs
[2023-12-08T02:53:55.173+0000] {logging_mixin.py:154} INFO - [2023-12-08T02:53:55.173+0000] {dag.py:3722} INFO - Setting next_dagrun for example_xcom_args to None, run_after=None
[2023-12-08T02:53:55.184+0000] {logging_mixin.py:154} INFO - [2023-12-08T02:53:55.184+0000] {dag.py:3722} INFO - Setting next_dagrun for example_xcom_args_with_operators to None, run_after=None
[2023-12-08T02:53:55.236+0000] {processor.py:179} INFO - Processing /home/airflow/.local/lib/python3.8/site-packages/airflow/example_dags/example_xcomargs.py took 0.231 seconds
[2023-12-08T02:54:25.613+0000] {processor.py:157} INFO - Started process (PID=1602) to work on /home/airflow/.local/lib/python3.8/site-packages/airflow/example_dags/example_xcomargs.py
[2023-12-08T02:54:25.629+0000] {processor.py:829} INFO - Processing file /home/airflow/.local/lib/python3.8/site-packages/airflow/example_dags/example_xcomargs.py for tasks to queue
[2023-12-08T02:54:25.658+0000] {logging_mixin.py:154} INFO - [2023-12-08T02:54:25.655+0000] {dagbag.py:536} INFO - Filling up the DagBag from /home/airflow/.local/lib/python3.8/site-packages/airflow/example_dags/example_xcomargs.py
[2023-12-08T02:54:25.705+0000] {processor.py:839} INFO - DAG(s) dict_keys(['example_xcom_args', 'example_xcom_args_with_operators']) retrieved from /home/airflow/.local/lib/python3.8/site-packages/airflow/example_dags/example_xcomargs.py
[2023-12-08T02:54:26.123+0000] {logging_mixin.py:154} INFO - [2023-12-08T02:54:26.123+0000] {dag.py:2941} INFO - Sync 2 DAGs
[2023-12-08T02:54:26.242+0000] {logging_mixin.py:154} INFO - [2023-12-08T02:54:26.242+0000] {dag.py:3722} INFO - Setting next_dagrun for example_xcom_args to None, run_after=None
[2023-12-08T02:54:26.269+0000] {logging_mixin.py:154} INFO - [2023-12-08T02:54:26.268+0000] {dag.py:3722} INFO - Setting next_dagrun for example_xcom_args_with_operators to None, run_after=None
[2023-12-08T02:54:26.345+0000] {processor.py:179} INFO - Processing /home/airflow/.local/lib/python3.8/site-packages/airflow/example_dags/example_xcomargs.py took 0.760 seconds
[2023-12-08T02:54:57.073+0000] {processor.py:157} INFO - Started process (PID=1656) to work on /home/airflow/.local/lib/python3.8/site-packages/airflow/example_dags/example_xcomargs.py
[2023-12-08T02:54:57.081+0000] {processor.py:829} INFO - Processing file /home/airflow/.local/lib/python3.8/site-packages/airflow/example_dags/example_xcomargs.py for tasks to queue
[2023-12-08T02:54:57.090+0000] {logging_mixin.py:154} INFO - [2023-12-08T02:54:57.089+0000] {dagbag.py:536} INFO - Filling up the DagBag from /home/airflow/.local/lib/python3.8/site-packages/airflow/example_dags/example_xcomargs.py
[2023-12-08T02:54:57.114+0000] {processor.py:839} INFO - DAG(s) dict_keys(['example_xcom_args_with_operators', 'example_xcom_args']) retrieved from /home/airflow/.local/lib/python3.8/site-packages/airflow/example_dags/example_xcomargs.py
[2023-12-08T02:54:57.178+0000] {logging_mixin.py:154} INFO - [2023-12-08T02:54:57.178+0000] {dag.py:2941} INFO - Sync 2 DAGs
[2023-12-08T02:54:57.225+0000] {logging_mixin.py:154} INFO - [2023-12-08T02:54:57.224+0000] {dag.py:3722} INFO - Setting next_dagrun for example_xcom_args to None, run_after=None
[2023-12-08T02:54:57.231+0000] {logging_mixin.py:154} INFO - [2023-12-08T02:54:57.231+0000] {dag.py:3722} INFO - Setting next_dagrun for example_xcom_args_with_operators to None, run_after=None
[2023-12-08T02:54:57.271+0000] {processor.py:179} INFO - Processing /home/airflow/.local/lib/python3.8/site-packages/airflow/example_dags/example_xcomargs.py took 0.213 seconds
[2023-12-08T02:55:27.596+0000] {processor.py:157} INFO - Started process (PID=1710) to work on /home/airflow/.local/lib/python3.8/site-packages/airflow/example_dags/example_xcomargs.py
[2023-12-08T02:55:27.598+0000] {processor.py:829} INFO - Processing file /home/airflow/.local/lib/python3.8/site-packages/airflow/example_dags/example_xcomargs.py for tasks to queue
[2023-12-08T02:55:27.609+0000] {logging_mixin.py:154} INFO - [2023-12-08T02:55:27.609+0000] {dagbag.py:536} INFO - Filling up the DagBag from /home/airflow/.local/lib/python3.8/site-packages/airflow/example_dags/example_xcomargs.py
[2023-12-08T02:55:27.629+0000] {processor.py:839} INFO - DAG(s) dict_keys(['example_xcom_args', 'example_xcom_args_with_operators']) retrieved from /home/airflow/.local/lib/python3.8/site-packages/airflow/example_dags/example_xcomargs.py
[2023-12-08T02:55:27.780+0000] {logging_mixin.py:154} INFO - [2023-12-08T02:55:27.779+0000] {dag.py:2941} INFO - Sync 2 DAGs
[2023-12-08T02:55:27.829+0000] {logging_mixin.py:154} INFO - [2023-12-08T02:55:27.828+0000] {dag.py:3722} INFO - Setting next_dagrun for example_xcom_args to None, run_after=None
[2023-12-08T02:55:27.841+0000] {logging_mixin.py:154} INFO - [2023-12-08T02:55:27.841+0000] {dag.py:3722} INFO - Setting next_dagrun for example_xcom_args_with_operators to None, run_after=None
[2023-12-08T02:55:27.947+0000] {processor.py:179} INFO - Processing /home/airflow/.local/lib/python3.8/site-packages/airflow/example_dags/example_xcomargs.py took 0.358 seconds
[2023-12-08T02:55:58.284+0000] {processor.py:157} INFO - Started process (PID=1765) to work on /home/airflow/.local/lib/python3.8/site-packages/airflow/example_dags/example_xcomargs.py
[2023-12-08T02:55:58.288+0000] {processor.py:829} INFO - Processing file /home/airflow/.local/lib/python3.8/site-packages/airflow/example_dags/example_xcomargs.py for tasks to queue
[2023-12-08T02:55:58.301+0000] {logging_mixin.py:154} INFO - [2023-12-08T02:55:58.300+0000] {dagbag.py:536} INFO - Filling up the DagBag from /home/airflow/.local/lib/python3.8/site-packages/airflow/example_dags/example_xcomargs.py
[2023-12-08T02:55:58.334+0000] {processor.py:839} INFO - DAG(s) dict_keys(['example_xcom_args', 'example_xcom_args_with_operators']) retrieved from /home/airflow/.local/lib/python3.8/site-packages/airflow/example_dags/example_xcomargs.py
[2023-12-08T02:55:58.435+0000] {logging_mixin.py:154} INFO - [2023-12-08T02:55:58.434+0000] {dag.py:2941} INFO - Sync 2 DAGs
[2023-12-08T02:55:58.516+0000] {logging_mixin.py:154} INFO - [2023-12-08T02:55:58.515+0000] {dag.py:3722} INFO - Setting next_dagrun for example_xcom_args to None, run_after=None
[2023-12-08T02:55:58.537+0000] {logging_mixin.py:154} INFO - [2023-12-08T02:55:58.536+0000] {dag.py:3722} INFO - Setting next_dagrun for example_xcom_args_with_operators to None, run_after=None
[2023-12-08T02:55:58.638+0000] {processor.py:179} INFO - Processing /home/airflow/.local/lib/python3.8/site-packages/airflow/example_dags/example_xcomargs.py took 0.368 seconds
[2023-12-08T02:56:29.074+0000] {processor.py:157} INFO - Started process (PID=1819) to work on /home/airflow/.local/lib/python3.8/site-packages/airflow/example_dags/example_xcomargs.py
[2023-12-08T02:56:29.076+0000] {processor.py:829} INFO - Processing file /home/airflow/.local/lib/python3.8/site-packages/airflow/example_dags/example_xcomargs.py for tasks to queue
[2023-12-08T02:56:29.081+0000] {logging_mixin.py:154} INFO - [2023-12-08T02:56:29.081+0000] {dagbag.py:536} INFO - Filling up the DagBag from /home/airflow/.local/lib/python3.8/site-packages/airflow/example_dags/example_xcomargs.py
[2023-12-08T02:56:29.100+0000] {processor.py:839} INFO - DAG(s) dict_keys(['example_xcom_args_with_operators', 'example_xcom_args']) retrieved from /home/airflow/.local/lib/python3.8/site-packages/airflow/example_dags/example_xcomargs.py
[2023-12-08T02:56:29.169+0000] {logging_mixin.py:154} INFO - [2023-12-08T02:56:29.169+0000] {dag.py:2941} INFO - Sync 2 DAGs
[2023-12-08T02:56:29.206+0000] {logging_mixin.py:154} INFO - [2023-12-08T02:56:29.204+0000] {dag.py:3722} INFO - Setting next_dagrun for example_xcom_args to None, run_after=None
[2023-12-08T02:56:29.214+0000] {logging_mixin.py:154} INFO - [2023-12-08T02:56:29.214+0000] {dag.py:3722} INFO - Setting next_dagrun for example_xcom_args_with_operators to None, run_after=None
[2023-12-08T02:56:29.252+0000] {processor.py:179} INFO - Processing /home/airflow/.local/lib/python3.8/site-packages/airflow/example_dags/example_xcomargs.py took 0.185 seconds
[2023-12-08T02:56:59.456+0000] {processor.py:157} INFO - Started process (PID=1873) to work on /home/airflow/.local/lib/python3.8/site-packages/airflow/example_dags/example_xcomargs.py
[2023-12-08T02:56:59.460+0000] {processor.py:829} INFO - Processing file /home/airflow/.local/lib/python3.8/site-packages/airflow/example_dags/example_xcomargs.py for tasks to queue
[2023-12-08T02:56:59.467+0000] {logging_mixin.py:154} INFO - [2023-12-08T02:56:59.467+0000] {dagbag.py:536} INFO - Filling up the DagBag from /home/airflow/.local/lib/python3.8/site-packages/airflow/example_dags/example_xcomargs.py
[2023-12-08T02:56:59.493+0000] {processor.py:839} INFO - DAG(s) dict_keys(['example_xcom_args_with_operators', 'example_xcom_args']) retrieved from /home/airflow/.local/lib/python3.8/site-packages/airflow/example_dags/example_xcomargs.py
[2023-12-08T02:56:59.579+0000] {logging_mixin.py:154} INFO - [2023-12-08T02:56:59.579+0000] {dag.py:2941} INFO - Sync 2 DAGs
[2023-12-08T02:56:59.621+0000] {logging_mixin.py:154} INFO - [2023-12-08T02:56:59.620+0000] {dag.py:3722} INFO - Setting next_dagrun for example_xcom_args to None, run_after=None
[2023-12-08T02:56:59.632+0000] {logging_mixin.py:154} INFO - [2023-12-08T02:56:59.632+0000] {dag.py:3722} INFO - Setting next_dagrun for example_xcom_args_with_operators to None, run_after=None
[2023-12-08T02:56:59.693+0000] {processor.py:179} INFO - Processing /home/airflow/.local/lib/python3.8/site-packages/airflow/example_dags/example_xcomargs.py took 0.247 seconds
