[2023-12-08T02:39:24.822+0000] {processor.py:157} INFO - Started process (PID=87) to work on /home/airflow/.local/lib/python3.8/site-packages/airflow/example_dags/example_skip_dag.py
[2023-12-08T02:39:24.829+0000] {processor.py:829} INFO - Processing file /home/airflow/.local/lib/python3.8/site-packages/airflow/example_dags/example_skip_dag.py for tasks to queue
[2023-12-08T02:39:24.841+0000] {logging_mixin.py:154} INFO - [2023-12-08T02:39:24.840+0000] {dagbag.py:536} INFO - Filling up the DagBag from /home/airflow/.local/lib/python3.8/site-packages/airflow/example_dags/example_skip_dag.py
[2023-12-08T02:39:24.909+0000] {processor.py:839} INFO - DAG(s) dict_keys(['example_skip_dag']) retrieved from /home/airflow/.local/lib/python3.8/site-packages/airflow/example_dags/example_skip_dag.py
[2023-12-08T02:39:25.212+0000] {logging_mixin.py:154} INFO - [2023-12-08T02:39:25.211+0000] {dag.py:2941} INFO - Sync 1 DAGs
[2023-12-08T02:39:25.554+0000] {logging_mixin.py:154} INFO - [2023-12-08T02:39:25.553+0000] {dag.py:3722} INFO - Setting next_dagrun for example_skip_dag to 2023-12-07T02:39:25.513132+00:00, run_after=2023-12-08T02:39:25.513132+00:00
[2023-12-08T02:39:25.863+0000] {processor.py:179} INFO - Processing /home/airflow/.local/lib/python3.8/site-packages/airflow/example_dags/example_skip_dag.py took 1.070 seconds
[2023-12-08T02:39:56.365+0000] {processor.py:157} INFO - Started process (PID=141) to work on /home/airflow/.local/lib/python3.8/site-packages/airflow/example_dags/example_skip_dag.py
[2023-12-08T02:39:56.372+0000] {processor.py:829} INFO - Processing file /home/airflow/.local/lib/python3.8/site-packages/airflow/example_dags/example_skip_dag.py for tasks to queue
[2023-12-08T02:39:56.386+0000] {logging_mixin.py:154} INFO - [2023-12-08T02:39:56.385+0000] {dagbag.py:536} INFO - Filling up the DagBag from /home/airflow/.local/lib/python3.8/site-packages/airflow/example_dags/example_skip_dag.py
[2023-12-08T02:39:56.438+0000] {processor.py:839} INFO - DAG(s) dict_keys(['example_skip_dag']) retrieved from /home/airflow/.local/lib/python3.8/site-packages/airflow/example_dags/example_skip_dag.py
[2023-12-08T02:39:56.542+0000] {logging_mixin.py:154} INFO - [2023-12-08T02:39:56.541+0000] {dag.py:2941} INFO - Sync 1 DAGs
[2023-12-08T02:39:56.673+0000] {logging_mixin.py:154} INFO - [2023-12-08T02:39:56.672+0000] {dag.py:3722} INFO - Setting next_dagrun for example_skip_dag to 2023-12-07T02:39:56.671600+00:00, run_after=2023-12-08T02:39:56.671600+00:00
[2023-12-08T02:39:56.925+0000] {processor.py:179} INFO - Processing /home/airflow/.local/lib/python3.8/site-packages/airflow/example_dags/example_skip_dag.py took 0.580 seconds
[2023-12-08T02:40:27.443+0000] {processor.py:157} INFO - Started process (PID=195) to work on /home/airflow/.local/lib/python3.8/site-packages/airflow/example_dags/example_skip_dag.py
[2023-12-08T02:40:27.445+0000] {processor.py:829} INFO - Processing file /home/airflow/.local/lib/python3.8/site-packages/airflow/example_dags/example_skip_dag.py for tasks to queue
[2023-12-08T02:40:27.449+0000] {logging_mixin.py:154} INFO - [2023-12-08T02:40:27.448+0000] {dagbag.py:536} INFO - Filling up the DagBag from /home/airflow/.local/lib/python3.8/site-packages/airflow/example_dags/example_skip_dag.py
[2023-12-08T02:40:27.470+0000] {processor.py:839} INFO - DAG(s) dict_keys(['example_skip_dag']) retrieved from /home/airflow/.local/lib/python3.8/site-packages/airflow/example_dags/example_skip_dag.py
[2023-12-08T02:40:27.529+0000] {logging_mixin.py:154} INFO - [2023-12-08T02:40:27.529+0000] {dag.py:2941} INFO - Sync 1 DAGs
[2023-12-08T02:40:27.576+0000] {logging_mixin.py:154} INFO - [2023-12-08T02:40:27.576+0000] {dag.py:3722} INFO - Setting next_dagrun for example_skip_dag to 2023-12-07T02:40:27.575793+00:00, run_after=2023-12-08T02:40:27.575793+00:00
[2023-12-08T02:40:27.621+0000] {processor.py:179} INFO - Processing /home/airflow/.local/lib/python3.8/site-packages/airflow/example_dags/example_skip_dag.py took 0.184 seconds
[2023-12-08T02:41:00.570+0000] {processor.py:157} INFO - Started process (PID=249) to work on /home/airflow/.local/lib/python3.8/site-packages/airflow/example_dags/example_skip_dag.py
[2023-12-08T02:41:00.574+0000] {processor.py:829} INFO - Processing file /home/airflow/.local/lib/python3.8/site-packages/airflow/example_dags/example_skip_dag.py for tasks to queue
[2023-12-08T02:41:00.582+0000] {logging_mixin.py:154} INFO - [2023-12-08T02:41:00.581+0000] {dagbag.py:536} INFO - Filling up the DagBag from /home/airflow/.local/lib/python3.8/site-packages/airflow/example_dags/example_skip_dag.py
[2023-12-08T02:41:00.615+0000] {processor.py:839} INFO - DAG(s) dict_keys(['example_skip_dag']) retrieved from /home/airflow/.local/lib/python3.8/site-packages/airflow/example_dags/example_skip_dag.py
[2023-12-08T02:41:00.895+0000] {logging_mixin.py:154} INFO - [2023-12-08T02:41:00.894+0000] {dag.py:2941} INFO - Sync 1 DAGs
[2023-12-08T02:41:01.099+0000] {logging_mixin.py:154} INFO - [2023-12-08T02:41:01.099+0000] {dag.py:3722} INFO - Setting next_dagrun for example_skip_dag to 2023-12-07T02:41:01.098592+00:00, run_after=2023-12-08T02:41:01.098592+00:00
[2023-12-08T02:41:01.283+0000] {processor.py:179} INFO - Processing /home/airflow/.local/lib/python3.8/site-packages/airflow/example_dags/example_skip_dag.py took 0.728 seconds
[2023-12-08T02:41:32.847+0000] {processor.py:157} INFO - Started process (PID=303) to work on /home/airflow/.local/lib/python3.8/site-packages/airflow/example_dags/example_skip_dag.py
[2023-12-08T02:41:32.861+0000] {processor.py:829} INFO - Processing file /home/airflow/.local/lib/python3.8/site-packages/airflow/example_dags/example_skip_dag.py for tasks to queue
[2023-12-08T02:41:32.879+0000] {logging_mixin.py:154} INFO - [2023-12-08T02:41:32.878+0000] {dagbag.py:536} INFO - Filling up the DagBag from /home/airflow/.local/lib/python3.8/site-packages/airflow/example_dags/example_skip_dag.py
[2023-12-08T02:41:32.943+0000] {processor.py:839} INFO - DAG(s) dict_keys(['example_skip_dag']) retrieved from /home/airflow/.local/lib/python3.8/site-packages/airflow/example_dags/example_skip_dag.py
[2023-12-08T02:41:33.172+0000] {logging_mixin.py:154} INFO - [2023-12-08T02:41:33.171+0000] {dag.py:2941} INFO - Sync 1 DAGs
[2023-12-08T02:41:33.555+0000] {logging_mixin.py:154} INFO - [2023-12-08T02:41:33.554+0000] {dag.py:3722} INFO - Setting next_dagrun for example_skip_dag to 2023-12-07T02:41:33.554151+00:00, run_after=2023-12-08T02:41:33.554151+00:00
[2023-12-08T02:41:33.816+0000] {processor.py:179} INFO - Processing /home/airflow/.local/lib/python3.8/site-packages/airflow/example_dags/example_skip_dag.py took 1.002 seconds
[2023-12-08T02:42:04.262+0000] {processor.py:157} INFO - Started process (PID=358) to work on /home/airflow/.local/lib/python3.8/site-packages/airflow/example_dags/example_skip_dag.py
[2023-12-08T02:42:04.264+0000] {processor.py:829} INFO - Processing file /home/airflow/.local/lib/python3.8/site-packages/airflow/example_dags/example_skip_dag.py for tasks to queue
[2023-12-08T02:42:04.269+0000] {logging_mixin.py:154} INFO - [2023-12-08T02:42:04.269+0000] {dagbag.py:536} INFO - Filling up the DagBag from /home/airflow/.local/lib/python3.8/site-packages/airflow/example_dags/example_skip_dag.py
[2023-12-08T02:42:04.288+0000] {processor.py:839} INFO - DAG(s) dict_keys(['example_skip_dag']) retrieved from /home/airflow/.local/lib/python3.8/site-packages/airflow/example_dags/example_skip_dag.py
[2023-12-08T02:42:04.360+0000] {logging_mixin.py:154} INFO - [2023-12-08T02:42:04.359+0000] {dag.py:2941} INFO - Sync 1 DAGs
[2023-12-08T02:42:04.402+0000] {logging_mixin.py:154} INFO - [2023-12-08T02:42:04.402+0000] {dag.py:3722} INFO - Setting next_dagrun for example_skip_dag to 2023-12-07T02:42:04.401873+00:00, run_after=2023-12-08T02:42:04.401873+00:00
[2023-12-08T02:42:04.433+0000] {processor.py:179} INFO - Processing /home/airflow/.local/lib/python3.8/site-packages/airflow/example_dags/example_skip_dag.py took 0.181 seconds
[2023-12-08T02:42:44.791+0000] {processor.py:157} INFO - Started process (PID=412) to work on /home/airflow/.local/lib/python3.8/site-packages/airflow/example_dags/example_skip_dag.py
[2023-12-08T02:42:44.931+0000] {processor.py:829} INFO - Processing file /home/airflow/.local/lib/python3.8/site-packages/airflow/example_dags/example_skip_dag.py for tasks to queue
[2023-12-08T02:42:45.005+0000] {logging_mixin.py:154} INFO - [2023-12-08T02:42:45.004+0000] {dagbag.py:536} INFO - Filling up the DagBag from /home/airflow/.local/lib/python3.8/site-packages/airflow/example_dags/example_skip_dag.py
[2023-12-08T02:42:45.057+0000] {processor.py:839} INFO - DAG(s) dict_keys(['example_skip_dag']) retrieved from /home/airflow/.local/lib/python3.8/site-packages/airflow/example_dags/example_skip_dag.py
[2023-12-08T02:42:45.281+0000] {logging_mixin.py:154} INFO - [2023-12-08T02:42:45.280+0000] {dag.py:2941} INFO - Sync 1 DAGs
[2023-12-08T02:42:45.545+0000] {logging_mixin.py:154} INFO - [2023-12-08T02:42:45.545+0000] {dag.py:3722} INFO - Setting next_dagrun for example_skip_dag to 2023-12-07T02:42:45.544230+00:00, run_after=2023-12-08T02:42:45.544230+00:00
[2023-12-08T02:42:45.762+0000] {processor.py:179} INFO - Processing /home/airflow/.local/lib/python3.8/site-packages/airflow/example_dags/example_skip_dag.py took 1.036 seconds
[2023-12-08T02:43:16.908+0000] {processor.py:157} INFO - Started process (PID=466) to work on /home/airflow/.local/lib/python3.8/site-packages/airflow/example_dags/example_skip_dag.py
[2023-12-08T02:43:16.911+0000] {processor.py:829} INFO - Processing file /home/airflow/.local/lib/python3.8/site-packages/airflow/example_dags/example_skip_dag.py for tasks to queue
[2023-12-08T02:43:16.939+0000] {logging_mixin.py:154} INFO - [2023-12-08T02:43:16.928+0000] {dagbag.py:536} INFO - Filling up the DagBag from /home/airflow/.local/lib/python3.8/site-packages/airflow/example_dags/example_skip_dag.py
[2023-12-08T02:43:17.004+0000] {processor.py:839} INFO - DAG(s) dict_keys(['example_skip_dag']) retrieved from /home/airflow/.local/lib/python3.8/site-packages/airflow/example_dags/example_skip_dag.py
[2023-12-08T02:43:17.180+0000] {logging_mixin.py:154} INFO - [2023-12-08T02:43:17.180+0000] {dag.py:2941} INFO - Sync 1 DAGs
[2023-12-08T02:43:17.377+0000] {logging_mixin.py:154} INFO - [2023-12-08T02:43:17.366+0000] {dag.py:3722} INFO - Setting next_dagrun for example_skip_dag to 2023-12-07T02:43:17.366059+00:00, run_after=2023-12-08T02:43:17.366059+00:00
[2023-12-08T02:43:17.514+0000] {processor.py:179} INFO - Processing /home/airflow/.local/lib/python3.8/site-packages/airflow/example_dags/example_skip_dag.py took 0.638 seconds
[2023-12-08T02:43:47.922+0000] {processor.py:157} INFO - Started process (PID=521) to work on /home/airflow/.local/lib/python3.8/site-packages/airflow/example_dags/example_skip_dag.py
[2023-12-08T02:43:47.925+0000] {processor.py:829} INFO - Processing file /home/airflow/.local/lib/python3.8/site-packages/airflow/example_dags/example_skip_dag.py for tasks to queue
[2023-12-08T02:43:47.931+0000] {logging_mixin.py:154} INFO - [2023-12-08T02:43:47.930+0000] {dagbag.py:536} INFO - Filling up the DagBag from /home/airflow/.local/lib/python3.8/site-packages/airflow/example_dags/example_skip_dag.py
[2023-12-08T02:43:47.954+0000] {processor.py:839} INFO - DAG(s) dict_keys(['example_skip_dag']) retrieved from /home/airflow/.local/lib/python3.8/site-packages/airflow/example_dags/example_skip_dag.py
[2023-12-08T02:43:48.037+0000] {logging_mixin.py:154} INFO - [2023-12-08T02:43:48.037+0000] {dag.py:2941} INFO - Sync 1 DAGs
[2023-12-08T02:43:48.094+0000] {logging_mixin.py:154} INFO - [2023-12-08T02:43:48.094+0000] {dag.py:3722} INFO - Setting next_dagrun for example_skip_dag to 2023-12-07T02:43:48.093833+00:00, run_after=2023-12-08T02:43:48.093833+00:00
[2023-12-08T02:43:48.147+0000] {processor.py:179} INFO - Processing /home/airflow/.local/lib/python3.8/site-packages/airflow/example_dags/example_skip_dag.py took 0.234 seconds
[2023-12-08T02:44:18.488+0000] {processor.py:157} INFO - Started process (PID=575) to work on /home/airflow/.local/lib/python3.8/site-packages/airflow/example_dags/example_skip_dag.py
[2023-12-08T02:44:18.490+0000] {processor.py:829} INFO - Processing file /home/airflow/.local/lib/python3.8/site-packages/airflow/example_dags/example_skip_dag.py for tasks to queue
[2023-12-08T02:44:18.498+0000] {logging_mixin.py:154} INFO - [2023-12-08T02:44:18.498+0000] {dagbag.py:536} INFO - Filling up the DagBag from /home/airflow/.local/lib/python3.8/site-packages/airflow/example_dags/example_skip_dag.py
[2023-12-08T02:44:18.520+0000] {processor.py:839} INFO - DAG(s) dict_keys(['example_skip_dag']) retrieved from /home/airflow/.local/lib/python3.8/site-packages/airflow/example_dags/example_skip_dag.py
[2023-12-08T02:44:18.587+0000] {logging_mixin.py:154} INFO - [2023-12-08T02:44:18.586+0000] {dag.py:2941} INFO - Sync 1 DAGs
[2023-12-08T02:44:18.653+0000] {logging_mixin.py:154} INFO - [2023-12-08T02:44:18.652+0000] {dag.py:3722} INFO - Setting next_dagrun for example_skip_dag to 2023-12-07T02:44:18.652167+00:00, run_after=2023-12-08T02:44:18.652167+00:00
[2023-12-08T02:44:18.787+0000] {processor.py:179} INFO - Processing /home/airflow/.local/lib/python3.8/site-packages/airflow/example_dags/example_skip_dag.py took 0.309 seconds
[2023-12-08T02:44:48.948+0000] {processor.py:157} INFO - Started process (PID=630) to work on /home/airflow/.local/lib/python3.8/site-packages/airflow/example_dags/example_skip_dag.py
[2023-12-08T02:44:48.950+0000] {processor.py:829} INFO - Processing file /home/airflow/.local/lib/python3.8/site-packages/airflow/example_dags/example_skip_dag.py for tasks to queue
[2023-12-08T02:44:48.955+0000] {logging_mixin.py:154} INFO - [2023-12-08T02:44:48.954+0000] {dagbag.py:536} INFO - Filling up the DagBag from /home/airflow/.local/lib/python3.8/site-packages/airflow/example_dags/example_skip_dag.py
[2023-12-08T02:44:48.970+0000] {processor.py:839} INFO - DAG(s) dict_keys(['example_skip_dag']) retrieved from /home/airflow/.local/lib/python3.8/site-packages/airflow/example_dags/example_skip_dag.py
[2023-12-08T02:44:49.017+0000] {logging_mixin.py:154} INFO - [2023-12-08T02:44:49.016+0000] {dag.py:2941} INFO - Sync 1 DAGs
[2023-12-08T02:44:49.075+0000] {logging_mixin.py:154} INFO - [2023-12-08T02:44:49.074+0000] {dag.py:3722} INFO - Setting next_dagrun for example_skip_dag to 2023-12-07T02:44:49.073714+00:00, run_after=2023-12-08T02:44:49.073714+00:00
[2023-12-08T02:44:49.123+0000] {processor.py:179} INFO - Processing /home/airflow/.local/lib/python3.8/site-packages/airflow/example_dags/example_skip_dag.py took 0.183 seconds
[2023-12-08T02:45:20.056+0000] {processor.py:157} INFO - Started process (PID=689) to work on /home/airflow/.local/lib/python3.8/site-packages/airflow/example_dags/example_skip_dag.py
[2023-12-08T02:45:20.062+0000] {processor.py:829} INFO - Processing file /home/airflow/.local/lib/python3.8/site-packages/airflow/example_dags/example_skip_dag.py for tasks to queue
[2023-12-08T02:45:20.068+0000] {logging_mixin.py:154} INFO - [2023-12-08T02:45:20.068+0000] {dagbag.py:536} INFO - Filling up the DagBag from /home/airflow/.local/lib/python3.8/site-packages/airflow/example_dags/example_skip_dag.py
[2023-12-08T02:45:20.095+0000] {processor.py:839} INFO - DAG(s) dict_keys(['example_skip_dag']) retrieved from /home/airflow/.local/lib/python3.8/site-packages/airflow/example_dags/example_skip_dag.py
[2023-12-08T02:45:20.175+0000] {logging_mixin.py:154} INFO - [2023-12-08T02:45:20.174+0000] {dag.py:2941} INFO - Sync 1 DAGs
[2023-12-08T02:45:20.225+0000] {logging_mixin.py:154} INFO - [2023-12-08T02:45:20.224+0000] {dag.py:3722} INFO - Setting next_dagrun for example_skip_dag to 2023-12-07T02:45:20.224334+00:00, run_after=2023-12-08T02:45:20.224334+00:00
[2023-12-08T02:45:20.263+0000] {processor.py:179} INFO - Processing /home/airflow/.local/lib/python3.8/site-packages/airflow/example_dags/example_skip_dag.py took 0.218 seconds
[2023-12-08T02:46:00.055+0000] {processor.py:157} INFO - Started process (PID=745) to work on /home/airflow/.local/lib/python3.8/site-packages/airflow/example_dags/example_skip_dag.py
[2023-12-08T02:46:00.152+0000] {processor.py:829} INFO - Processing file /home/airflow/.local/lib/python3.8/site-packages/airflow/example_dags/example_skip_dag.py for tasks to queue
[2023-12-08T02:46:00.159+0000] {logging_mixin.py:154} INFO - [2023-12-08T02:46:00.158+0000] {dagbag.py:536} INFO - Filling up the DagBag from /home/airflow/.local/lib/python3.8/site-packages/airflow/example_dags/example_skip_dag.py
[2023-12-08T02:46:00.220+0000] {processor.py:839} INFO - DAG(s) dict_keys(['example_skip_dag']) retrieved from /home/airflow/.local/lib/python3.8/site-packages/airflow/example_dags/example_skip_dag.py
[2023-12-08T02:46:00.381+0000] {logging_mixin.py:154} INFO - [2023-12-08T02:46:00.370+0000] {dag.py:2941} INFO - Sync 1 DAGs
[2023-12-08T02:46:00.579+0000] {logging_mixin.py:154} INFO - [2023-12-08T02:46:00.579+0000] {dag.py:3722} INFO - Setting next_dagrun for example_skip_dag to 2023-12-07T02:46:00.578548+00:00, run_after=2023-12-08T02:46:00.578548+00:00
[2023-12-08T02:46:00.713+0000] {processor.py:179} INFO - Processing /home/airflow/.local/lib/python3.8/site-packages/airflow/example_dags/example_skip_dag.py took 0.692 seconds
[2023-12-08T02:46:48.089+0000] {processor.py:157} INFO - Started process (PID=807) to work on /home/airflow/.local/lib/python3.8/site-packages/airflow/example_dags/example_skip_dag.py
[2023-12-08T02:46:48.175+0000] {processor.py:829} INFO - Processing file /home/airflow/.local/lib/python3.8/site-packages/airflow/example_dags/example_skip_dag.py for tasks to queue
[2023-12-08T02:46:48.183+0000] {logging_mixin.py:154} INFO - [2023-12-08T02:46:48.182+0000] {dagbag.py:536} INFO - Filling up the DagBag from /home/airflow/.local/lib/python3.8/site-packages/airflow/example_dags/example_skip_dag.py
[2023-12-08T02:46:48.259+0000] {processor.py:839} INFO - DAG(s) dict_keys(['example_skip_dag']) retrieved from /home/airflow/.local/lib/python3.8/site-packages/airflow/example_dags/example_skip_dag.py
[2023-12-08T02:46:48.515+0000] {logging_mixin.py:154} INFO - [2023-12-08T02:46:48.514+0000] {dag.py:2941} INFO - Sync 1 DAGs
[2023-12-08T02:46:48.762+0000] {logging_mixin.py:154} INFO - [2023-12-08T02:46:48.761+0000] {dag.py:3722} INFO - Setting next_dagrun for example_skip_dag to 2023-12-07T02:46:48.761219+00:00, run_after=2023-12-08T02:46:48.761219+00:00
[2023-12-08T02:46:48.958+0000] {processor.py:179} INFO - Processing /home/airflow/.local/lib/python3.8/site-packages/airflow/example_dags/example_skip_dag.py took 0.901 seconds
[2023-12-08T02:47:19.129+0000] {processor.py:157} INFO - Started process (PID=861) to work on /home/airflow/.local/lib/python3.8/site-packages/airflow/example_dags/example_skip_dag.py
[2023-12-08T02:47:19.131+0000] {processor.py:829} INFO - Processing file /home/airflow/.local/lib/python3.8/site-packages/airflow/example_dags/example_skip_dag.py for tasks to queue
[2023-12-08T02:47:19.138+0000] {logging_mixin.py:154} INFO - [2023-12-08T02:47:19.137+0000] {dagbag.py:536} INFO - Filling up the DagBag from /home/airflow/.local/lib/python3.8/site-packages/airflow/example_dags/example_skip_dag.py
[2023-12-08T02:47:19.160+0000] {processor.py:839} INFO - DAG(s) dict_keys(['example_skip_dag']) retrieved from /home/airflow/.local/lib/python3.8/site-packages/airflow/example_dags/example_skip_dag.py
[2023-12-08T02:47:19.225+0000] {logging_mixin.py:154} INFO - [2023-12-08T02:47:19.224+0000] {dag.py:2941} INFO - Sync 1 DAGs
[2023-12-08T02:47:19.312+0000] {logging_mixin.py:154} INFO - [2023-12-08T02:47:19.311+0000] {dag.py:3722} INFO - Setting next_dagrun for example_skip_dag to 2023-12-07T02:47:19.311177+00:00, run_after=2023-12-08T02:47:19.311177+00:00
[2023-12-08T02:47:19.622+0000] {processor.py:179} INFO - Processing /home/airflow/.local/lib/python3.8/site-packages/airflow/example_dags/example_skip_dag.py took 0.500 seconds
[2023-12-08T02:47:49.775+0000] {processor.py:157} INFO - Started process (PID=915) to work on /home/airflow/.local/lib/python3.8/site-packages/airflow/example_dags/example_skip_dag.py
[2023-12-08T02:47:49.776+0000] {processor.py:829} INFO - Processing file /home/airflow/.local/lib/python3.8/site-packages/airflow/example_dags/example_skip_dag.py for tasks to queue
[2023-12-08T02:47:49.781+0000] {logging_mixin.py:154} INFO - [2023-12-08T02:47:49.781+0000] {dagbag.py:536} INFO - Filling up the DagBag from /home/airflow/.local/lib/python3.8/site-packages/airflow/example_dags/example_skip_dag.py
[2023-12-08T02:47:49.798+0000] {processor.py:839} INFO - DAG(s) dict_keys(['example_skip_dag']) retrieved from /home/airflow/.local/lib/python3.8/site-packages/airflow/example_dags/example_skip_dag.py
[2023-12-08T02:47:49.838+0000] {logging_mixin.py:154} INFO - [2023-12-08T02:47:49.837+0000] {dag.py:2941} INFO - Sync 1 DAGs
[2023-12-08T02:47:49.888+0000] {logging_mixin.py:154} INFO - [2023-12-08T02:47:49.887+0000] {dag.py:3722} INFO - Setting next_dagrun for example_skip_dag to 2023-12-07T02:47:49.886632+00:00, run_after=2023-12-08T02:47:49.886632+00:00
[2023-12-08T02:47:49.933+0000] {processor.py:179} INFO - Processing /home/airflow/.local/lib/python3.8/site-packages/airflow/example_dags/example_skip_dag.py took 0.164 seconds
[2023-12-08T02:48:20.756+0000] {processor.py:157} INFO - Started process (PID=969) to work on /home/airflow/.local/lib/python3.8/site-packages/airflow/example_dags/example_skip_dag.py
[2023-12-08T02:48:20.765+0000] {processor.py:829} INFO - Processing file /home/airflow/.local/lib/python3.8/site-packages/airflow/example_dags/example_skip_dag.py for tasks to queue
[2023-12-08T02:48:20.779+0000] {logging_mixin.py:154} INFO - [2023-12-08T02:48:20.778+0000] {dagbag.py:536} INFO - Filling up the DagBag from /home/airflow/.local/lib/python3.8/site-packages/airflow/example_dags/example_skip_dag.py
[2023-12-08T02:48:20.834+0000] {processor.py:839} INFO - DAG(s) dict_keys(['example_skip_dag']) retrieved from /home/airflow/.local/lib/python3.8/site-packages/airflow/example_dags/example_skip_dag.py
[2023-12-08T02:48:21.015+0000] {logging_mixin.py:154} INFO - [2023-12-08T02:48:21.005+0000] {dag.py:2941} INFO - Sync 1 DAGs
[2023-12-08T02:48:21.123+0000] {logging_mixin.py:154} INFO - [2023-12-08T02:48:21.122+0000] {dag.py:3722} INFO - Setting next_dagrun for example_skip_dag to 2023-12-07T02:48:21.120559+00:00, run_after=2023-12-08T02:48:21.120559+00:00
[2023-12-08T02:48:21.223+0000] {processor.py:179} INFO - Processing /home/airflow/.local/lib/python3.8/site-packages/airflow/example_dags/example_skip_dag.py took 0.488 seconds
[2023-12-08T02:48:51.517+0000] {processor.py:157} INFO - Started process (PID=1023) to work on /home/airflow/.local/lib/python3.8/site-packages/airflow/example_dags/example_skip_dag.py
[2023-12-08T02:48:51.519+0000] {processor.py:829} INFO - Processing file /home/airflow/.local/lib/python3.8/site-packages/airflow/example_dags/example_skip_dag.py for tasks to queue
[2023-12-08T02:48:51.529+0000] {logging_mixin.py:154} INFO - [2023-12-08T02:48:51.529+0000] {dagbag.py:536} INFO - Filling up the DagBag from /home/airflow/.local/lib/python3.8/site-packages/airflow/example_dags/example_skip_dag.py
[2023-12-08T02:48:51.553+0000] {processor.py:839} INFO - DAG(s) dict_keys(['example_skip_dag']) retrieved from /home/airflow/.local/lib/python3.8/site-packages/airflow/example_dags/example_skip_dag.py
[2023-12-08T02:48:51.635+0000] {logging_mixin.py:154} INFO - [2023-12-08T02:48:51.634+0000] {dag.py:2941} INFO - Sync 1 DAGs
[2023-12-08T02:48:51.729+0000] {logging_mixin.py:154} INFO - [2023-12-08T02:48:51.727+0000] {dag.py:3722} INFO - Setting next_dagrun for example_skip_dag to 2023-12-07T02:48:51.724294+00:00, run_after=2023-12-08T02:48:51.724294+00:00
[2023-12-08T02:48:51.795+0000] {processor.py:179} INFO - Processing /home/airflow/.local/lib/python3.8/site-packages/airflow/example_dags/example_skip_dag.py took 0.295 seconds
[2023-12-08T02:49:22.032+0000] {processor.py:157} INFO - Started process (PID=1076) to work on /home/airflow/.local/lib/python3.8/site-packages/airflow/example_dags/example_skip_dag.py
[2023-12-08T02:49:22.035+0000] {processor.py:829} INFO - Processing file /home/airflow/.local/lib/python3.8/site-packages/airflow/example_dags/example_skip_dag.py for tasks to queue
[2023-12-08T02:49:22.042+0000] {logging_mixin.py:154} INFO - [2023-12-08T02:49:22.041+0000] {dagbag.py:536} INFO - Filling up the DagBag from /home/airflow/.local/lib/python3.8/site-packages/airflow/example_dags/example_skip_dag.py
[2023-12-08T02:49:22.060+0000] {processor.py:839} INFO - DAG(s) dict_keys(['example_skip_dag']) retrieved from /home/airflow/.local/lib/python3.8/site-packages/airflow/example_dags/example_skip_dag.py
[2023-12-08T02:49:22.119+0000] {logging_mixin.py:154} INFO - [2023-12-08T02:49:22.119+0000] {dag.py:2941} INFO - Sync 1 DAGs
[2023-12-08T02:49:22.430+0000] {logging_mixin.py:154} INFO - [2023-12-08T02:49:22.429+0000] {dag.py:3722} INFO - Setting next_dagrun for example_skip_dag to 2023-12-07T02:49:22.429322+00:00, run_after=2023-12-08T02:49:22.429322+00:00
[2023-12-08T02:49:22.485+0000] {processor.py:179} INFO - Processing /home/airflow/.local/lib/python3.8/site-packages/airflow/example_dags/example_skip_dag.py took 0.465 seconds
[2023-12-08T02:49:53.007+0000] {processor.py:157} INFO - Started process (PID=1130) to work on /home/airflow/.local/lib/python3.8/site-packages/airflow/example_dags/example_skip_dag.py
[2023-12-08T02:49:53.010+0000] {processor.py:829} INFO - Processing file /home/airflow/.local/lib/python3.8/site-packages/airflow/example_dags/example_skip_dag.py for tasks to queue
[2023-12-08T02:49:53.018+0000] {logging_mixin.py:154} INFO - [2023-12-08T02:49:53.017+0000] {dagbag.py:536} INFO - Filling up the DagBag from /home/airflow/.local/lib/python3.8/site-packages/airflow/example_dags/example_skip_dag.py
[2023-12-08T02:49:53.036+0000] {processor.py:839} INFO - DAG(s) dict_keys(['example_skip_dag']) retrieved from /home/airflow/.local/lib/python3.8/site-packages/airflow/example_dags/example_skip_dag.py
[2023-12-08T02:49:53.099+0000] {logging_mixin.py:154} INFO - [2023-12-08T02:49:53.098+0000] {dag.py:2941} INFO - Sync 1 DAGs
[2023-12-08T02:49:53.159+0000] {logging_mixin.py:154} INFO - [2023-12-08T02:49:53.159+0000] {dag.py:3722} INFO - Setting next_dagrun for example_skip_dag to 2023-12-07T02:49:53.158493+00:00, run_after=2023-12-08T02:49:53.158493+00:00
[2023-12-08T02:49:53.479+0000] {processor.py:179} INFO - Processing /home/airflow/.local/lib/python3.8/site-packages/airflow/example_dags/example_skip_dag.py took 0.485 seconds
[2023-12-08T02:50:23.956+0000] {processor.py:157} INFO - Started process (PID=1185) to work on /home/airflow/.local/lib/python3.8/site-packages/airflow/example_dags/example_skip_dag.py
[2023-12-08T02:50:23.963+0000] {processor.py:829} INFO - Processing file /home/airflow/.local/lib/python3.8/site-packages/airflow/example_dags/example_skip_dag.py for tasks to queue
[2023-12-08T02:50:23.969+0000] {logging_mixin.py:154} INFO - [2023-12-08T02:50:23.968+0000] {dagbag.py:536} INFO - Filling up the DagBag from /home/airflow/.local/lib/python3.8/site-packages/airflow/example_dags/example_skip_dag.py
[2023-12-08T02:50:23.992+0000] {processor.py:839} INFO - DAG(s) dict_keys(['example_skip_dag']) retrieved from /home/airflow/.local/lib/python3.8/site-packages/airflow/example_dags/example_skip_dag.py
[2023-12-08T02:50:24.060+0000] {logging_mixin.py:154} INFO - [2023-12-08T02:50:24.059+0000] {dag.py:2941} INFO - Sync 1 DAGs
[2023-12-08T02:50:24.154+0000] {logging_mixin.py:154} INFO - [2023-12-08T02:50:24.146+0000] {dag.py:3722} INFO - Setting next_dagrun for example_skip_dag to 2023-12-07T02:50:24.144963+00:00, run_after=2023-12-08T02:50:24.144963+00:00
[2023-12-08T02:50:24.271+0000] {processor.py:179} INFO - Processing /home/airflow/.local/lib/python3.8/site-packages/airflow/example_dags/example_skip_dag.py took 0.326 seconds
[2023-12-08T02:50:55.191+0000] {processor.py:157} INFO - Started process (PID=1238) to work on /home/airflow/.local/lib/python3.8/site-packages/airflow/example_dags/example_skip_dag.py
[2023-12-08T02:50:55.192+0000] {processor.py:829} INFO - Processing file /home/airflow/.local/lib/python3.8/site-packages/airflow/example_dags/example_skip_dag.py for tasks to queue
[2023-12-08T02:50:55.196+0000] {logging_mixin.py:154} INFO - [2023-12-08T02:50:55.196+0000] {dagbag.py:536} INFO - Filling up the DagBag from /home/airflow/.local/lib/python3.8/site-packages/airflow/example_dags/example_skip_dag.py
[2023-12-08T02:50:55.211+0000] {processor.py:839} INFO - DAG(s) dict_keys(['example_skip_dag']) retrieved from /home/airflow/.local/lib/python3.8/site-packages/airflow/example_dags/example_skip_dag.py
[2023-12-08T02:50:55.525+0000] {logging_mixin.py:154} INFO - [2023-12-08T02:50:55.524+0000] {dag.py:2941} INFO - Sync 1 DAGs
[2023-12-08T02:50:55.588+0000] {logging_mixin.py:154} INFO - [2023-12-08T02:50:55.588+0000] {dag.py:3722} INFO - Setting next_dagrun for example_skip_dag to 2023-12-07T02:50:55.587706+00:00, run_after=2023-12-08T02:50:55.587706+00:00
[2023-12-08T02:50:55.627+0000] {processor.py:179} INFO - Processing /home/airflow/.local/lib/python3.8/site-packages/airflow/example_dags/example_skip_dag.py took 0.445 seconds
[2023-12-08T02:51:26.950+0000] {processor.py:157} INFO - Started process (PID=1292) to work on /home/airflow/.local/lib/python3.8/site-packages/airflow/example_dags/example_skip_dag.py
[2023-12-08T02:51:26.964+0000] {processor.py:829} INFO - Processing file /home/airflow/.local/lib/python3.8/site-packages/airflow/example_dags/example_skip_dag.py for tasks to queue
[2023-12-08T02:51:26.970+0000] {logging_mixin.py:154} INFO - [2023-12-08T02:51:26.969+0000] {dagbag.py:536} INFO - Filling up the DagBag from /home/airflow/.local/lib/python3.8/site-packages/airflow/example_dags/example_skip_dag.py
[2023-12-08T02:51:27.006+0000] {processor.py:839} INFO - DAG(s) dict_keys(['example_skip_dag']) retrieved from /home/airflow/.local/lib/python3.8/site-packages/airflow/example_dags/example_skip_dag.py
[2023-12-08T02:51:27.098+0000] {logging_mixin.py:154} INFO - [2023-12-08T02:51:27.097+0000] {dag.py:2941} INFO - Sync 1 DAGs
[2023-12-08T02:51:27.657+0000] {logging_mixin.py:154} INFO - [2023-12-08T02:51:27.656+0000] {dag.py:3722} INFO - Setting next_dagrun for example_skip_dag to 2023-12-07T02:51:27.655943+00:00, run_after=2023-12-08T02:51:27.655943+00:00
[2023-12-08T02:51:27.782+0000] {processor.py:179} INFO - Processing /home/airflow/.local/lib/python3.8/site-packages/airflow/example_dags/example_skip_dag.py took 0.863 seconds
[2023-12-08T02:51:58.087+0000] {processor.py:157} INFO - Started process (PID=1352) to work on /home/airflow/.local/lib/python3.8/site-packages/airflow/example_dags/example_skip_dag.py
[2023-12-08T02:51:58.100+0000] {processor.py:829} INFO - Processing file /home/airflow/.local/lib/python3.8/site-packages/airflow/example_dags/example_skip_dag.py for tasks to queue
[2023-12-08T02:51:58.107+0000] {logging_mixin.py:154} INFO - [2023-12-08T02:51:58.107+0000] {dagbag.py:536} INFO - Filling up the DagBag from /home/airflow/.local/lib/python3.8/site-packages/airflow/example_dags/example_skip_dag.py
[2023-12-08T02:51:58.139+0000] {processor.py:839} INFO - DAG(s) dict_keys(['example_skip_dag']) retrieved from /home/airflow/.local/lib/python3.8/site-packages/airflow/example_dags/example_skip_dag.py
[2023-12-08T02:51:58.222+0000] {logging_mixin.py:154} INFO - [2023-12-08T02:51:58.222+0000] {dag.py:2941} INFO - Sync 1 DAGs
[2023-12-08T02:51:58.301+0000] {logging_mixin.py:154} INFO - [2023-12-08T02:51:58.300+0000] {dag.py:3722} INFO - Setting next_dagrun for example_skip_dag to 2023-12-07T02:51:58.299756+00:00, run_after=2023-12-08T02:51:58.299756+00:00
[2023-12-08T02:51:58.497+0000] {processor.py:179} INFO - Processing /home/airflow/.local/lib/python3.8/site-packages/airflow/example_dags/example_skip_dag.py took 0.423 seconds
[2023-12-08T02:52:29.477+0000] {processor.py:157} INFO - Started process (PID=1406) to work on /home/airflow/.local/lib/python3.8/site-packages/airflow/example_dags/example_skip_dag.py
[2023-12-08T02:52:29.501+0000] {processor.py:829} INFO - Processing file /home/airflow/.local/lib/python3.8/site-packages/airflow/example_dags/example_skip_dag.py for tasks to queue
[2023-12-08T02:52:29.509+0000] {logging_mixin.py:154} INFO - [2023-12-08T02:52:29.508+0000] {dagbag.py:536} INFO - Filling up the DagBag from /home/airflow/.local/lib/python3.8/site-packages/airflow/example_dags/example_skip_dag.py
[2023-12-08T02:52:29.526+0000] {processor.py:839} INFO - DAG(s) dict_keys(['example_skip_dag']) retrieved from /home/airflow/.local/lib/python3.8/site-packages/airflow/example_dags/example_skip_dag.py
[2023-12-08T02:52:29.577+0000] {logging_mixin.py:154} INFO - [2023-12-08T02:52:29.576+0000] {dag.py:2941} INFO - Sync 1 DAGs
[2023-12-08T02:52:29.630+0000] {logging_mixin.py:154} INFO - [2023-12-08T02:52:29.630+0000] {dag.py:3722} INFO - Setting next_dagrun for example_skip_dag to 2023-12-07T02:52:29.629623+00:00, run_after=2023-12-08T02:52:29.629623+00:00
[2023-12-08T02:52:29.678+0000] {processor.py:179} INFO - Processing /home/airflow/.local/lib/python3.8/site-packages/airflow/example_dags/example_skip_dag.py took 0.211 seconds
[2023-12-08T02:52:59.989+0000] {processor.py:157} INFO - Started process (PID=1461) to work on /home/airflow/.local/lib/python3.8/site-packages/airflow/example_dags/example_skip_dag.py
[2023-12-08T02:52:59.991+0000] {processor.py:829} INFO - Processing file /home/airflow/.local/lib/python3.8/site-packages/airflow/example_dags/example_skip_dag.py for tasks to queue
[2023-12-08T02:52:59.997+0000] {logging_mixin.py:154} INFO - [2023-12-08T02:52:59.996+0000] {dagbag.py:536} INFO - Filling up the DagBag from /home/airflow/.local/lib/python3.8/site-packages/airflow/example_dags/example_skip_dag.py
[2023-12-08T02:53:00.025+0000] {processor.py:839} INFO - DAG(s) dict_keys(['example_skip_dag']) retrieved from /home/airflow/.local/lib/python3.8/site-packages/airflow/example_dags/example_skip_dag.py
[2023-12-08T02:53:00.085+0000] {logging_mixin.py:154} INFO - [2023-12-08T02:53:00.085+0000] {dag.py:2941} INFO - Sync 1 DAGs
[2023-12-08T02:53:00.139+0000] {logging_mixin.py:154} INFO - [2023-12-08T02:53:00.139+0000] {dag.py:3722} INFO - Setting next_dagrun for example_skip_dag to 2023-12-07T02:53:00.138873+00:00, run_after=2023-12-08T02:53:00.138873+00:00
[2023-12-08T02:53:00.186+0000] {processor.py:179} INFO - Processing /home/airflow/.local/lib/python3.8/site-packages/airflow/example_dags/example_skip_dag.py took 0.207 seconds
[2023-12-08T02:53:30.604+0000] {processor.py:157} INFO - Started process (PID=1514) to work on /home/airflow/.local/lib/python3.8/site-packages/airflow/example_dags/example_skip_dag.py
[2023-12-08T02:53:30.608+0000] {processor.py:829} INFO - Processing file /home/airflow/.local/lib/python3.8/site-packages/airflow/example_dags/example_skip_dag.py for tasks to queue
[2023-12-08T02:53:30.613+0000] {logging_mixin.py:154} INFO - [2023-12-08T02:53:30.612+0000] {dagbag.py:536} INFO - Filling up the DagBag from /home/airflow/.local/lib/python3.8/site-packages/airflow/example_dags/example_skip_dag.py
[2023-12-08T02:53:30.627+0000] {processor.py:839} INFO - DAG(s) dict_keys(['example_skip_dag']) retrieved from /home/airflow/.local/lib/python3.8/site-packages/airflow/example_dags/example_skip_dag.py
[2023-12-08T02:53:30.682+0000] {logging_mixin.py:154} INFO - [2023-12-08T02:53:30.682+0000] {dag.py:2941} INFO - Sync 1 DAGs
[2023-12-08T02:53:30.737+0000] {logging_mixin.py:154} INFO - [2023-12-08T02:53:30.736+0000] {dag.py:3722} INFO - Setting next_dagrun for example_skip_dag to 2023-12-07T02:53:30.736189+00:00, run_after=2023-12-08T02:53:30.736189+00:00
[2023-12-08T02:53:30.786+0000] {processor.py:179} INFO - Processing /home/airflow/.local/lib/python3.8/site-packages/airflow/example_dags/example_skip_dag.py took 0.189 seconds
[2023-12-08T02:54:01.117+0000] {processor.py:157} INFO - Started process (PID=1569) to work on /home/airflow/.local/lib/python3.8/site-packages/airflow/example_dags/example_skip_dag.py
[2023-12-08T02:54:01.119+0000] {processor.py:829} INFO - Processing file /home/airflow/.local/lib/python3.8/site-packages/airflow/example_dags/example_skip_dag.py for tasks to queue
[2023-12-08T02:54:01.129+0000] {logging_mixin.py:154} INFO - [2023-12-08T02:54:01.127+0000] {dagbag.py:536} INFO - Filling up the DagBag from /home/airflow/.local/lib/python3.8/site-packages/airflow/example_dags/example_skip_dag.py
[2023-12-08T02:54:01.148+0000] {processor.py:839} INFO - DAG(s) dict_keys(['example_skip_dag']) retrieved from /home/airflow/.local/lib/python3.8/site-packages/airflow/example_dags/example_skip_dag.py
[2023-12-08T02:54:01.208+0000] {logging_mixin.py:154} INFO - [2023-12-08T02:54:01.207+0000] {dag.py:2941} INFO - Sync 1 DAGs
[2023-12-08T02:54:01.255+0000] {logging_mixin.py:154} INFO - [2023-12-08T02:54:01.255+0000] {dag.py:3722} INFO - Setting next_dagrun for example_skip_dag to 2023-12-07T02:54:01.254455+00:00, run_after=2023-12-08T02:54:01.254455+00:00
[2023-12-08T02:54:01.304+0000] {processor.py:179} INFO - Processing /home/airflow/.local/lib/python3.8/site-packages/airflow/example_dags/example_skip_dag.py took 0.194 seconds
[2023-12-08T02:54:31.639+0000] {processor.py:157} INFO - Started process (PID=1623) to work on /home/airflow/.local/lib/python3.8/site-packages/airflow/example_dags/example_skip_dag.py
[2023-12-08T02:54:31.645+0000] {processor.py:829} INFO - Processing file /home/airflow/.local/lib/python3.8/site-packages/airflow/example_dags/example_skip_dag.py for tasks to queue
[2023-12-08T02:54:31.651+0000] {logging_mixin.py:154} INFO - [2023-12-08T02:54:31.650+0000] {dagbag.py:536} INFO - Filling up the DagBag from /home/airflow/.local/lib/python3.8/site-packages/airflow/example_dags/example_skip_dag.py
[2023-12-08T02:54:31.672+0000] {processor.py:839} INFO - DAG(s) dict_keys(['example_skip_dag']) retrieved from /home/airflow/.local/lib/python3.8/site-packages/airflow/example_dags/example_skip_dag.py
[2023-12-08T02:54:31.736+0000] {logging_mixin.py:154} INFO - [2023-12-08T02:54:31.735+0000] {dag.py:2941} INFO - Sync 1 DAGs
[2023-12-08T02:54:31.806+0000] {logging_mixin.py:154} INFO - [2023-12-08T02:54:31.806+0000] {dag.py:3722} INFO - Setting next_dagrun for example_skip_dag to 2023-12-07T02:54:31.805407+00:00, run_after=2023-12-08T02:54:31.805407+00:00
[2023-12-08T02:54:31.866+0000] {processor.py:179} INFO - Processing /home/airflow/.local/lib/python3.8/site-packages/airflow/example_dags/example_skip_dag.py took 0.238 seconds
[2023-12-08T02:55:02.409+0000] {processor.py:157} INFO - Started process (PID=1675) to work on /home/airflow/.local/lib/python3.8/site-packages/airflow/example_dags/example_skip_dag.py
[2023-12-08T02:55:02.412+0000] {processor.py:829} INFO - Processing file /home/airflow/.local/lib/python3.8/site-packages/airflow/example_dags/example_skip_dag.py for tasks to queue
[2023-12-08T02:55:02.422+0000] {logging_mixin.py:154} INFO - [2023-12-08T02:55:02.419+0000] {dagbag.py:536} INFO - Filling up the DagBag from /home/airflow/.local/lib/python3.8/site-packages/airflow/example_dags/example_skip_dag.py
[2023-12-08T02:55:02.450+0000] {processor.py:839} INFO - DAG(s) dict_keys(['example_skip_dag']) retrieved from /home/airflow/.local/lib/python3.8/site-packages/airflow/example_dags/example_skip_dag.py
[2023-12-08T02:55:02.517+0000] {logging_mixin.py:154} INFO - [2023-12-08T02:55:02.516+0000] {dag.py:2941} INFO - Sync 1 DAGs
[2023-12-08T02:55:02.581+0000] {logging_mixin.py:154} INFO - [2023-12-08T02:55:02.581+0000] {dag.py:3722} INFO - Setting next_dagrun for example_skip_dag to 2023-12-07T02:55:02.580792+00:00, run_after=2023-12-08T02:55:02.580792+00:00
[2023-12-08T02:55:02.662+0000] {processor.py:179} INFO - Processing /home/airflow/.local/lib/python3.8/site-packages/airflow/example_dags/example_skip_dag.py took 0.269 seconds
[2023-12-08T02:55:33.487+0000] {processor.py:157} INFO - Started process (PID=1730) to work on /home/airflow/.local/lib/python3.8/site-packages/airflow/example_dags/example_skip_dag.py
[2023-12-08T02:55:33.489+0000] {processor.py:829} INFO - Processing file /home/airflow/.local/lib/python3.8/site-packages/airflow/example_dags/example_skip_dag.py for tasks to queue
[2023-12-08T02:55:33.519+0000] {logging_mixin.py:154} INFO - [2023-12-08T02:55:33.518+0000] {dagbag.py:536} INFO - Filling up the DagBag from /home/airflow/.local/lib/python3.8/site-packages/airflow/example_dags/example_skip_dag.py
[2023-12-08T02:55:33.596+0000] {processor.py:839} INFO - DAG(s) dict_keys(['example_skip_dag']) retrieved from /home/airflow/.local/lib/python3.8/site-packages/airflow/example_dags/example_skip_dag.py
[2023-12-08T02:55:33.840+0000] {logging_mixin.py:154} INFO - [2023-12-08T02:55:33.829+0000] {dag.py:2941} INFO - Sync 1 DAGs
[2023-12-08T02:55:34.139+0000] {logging_mixin.py:154} INFO - [2023-12-08T02:55:34.138+0000] {dag.py:3722} INFO - Setting next_dagrun for example_skip_dag to 2023-12-07T02:55:34.127248+00:00, run_after=2023-12-08T02:55:34.127248+00:00
[2023-12-08T02:55:34.380+0000] {processor.py:179} INFO - Processing /home/airflow/.local/lib/python3.8/site-packages/airflow/example_dags/example_skip_dag.py took 0.939 seconds
[2023-12-08T02:56:04.862+0000] {processor.py:157} INFO - Started process (PID=1784) to work on /home/airflow/.local/lib/python3.8/site-packages/airflow/example_dags/example_skip_dag.py
[2023-12-08T02:56:04.868+0000] {processor.py:829} INFO - Processing file /home/airflow/.local/lib/python3.8/site-packages/airflow/example_dags/example_skip_dag.py for tasks to queue
[2023-12-08T02:56:04.876+0000] {logging_mixin.py:154} INFO - [2023-12-08T02:56:04.875+0000] {dagbag.py:536} INFO - Filling up the DagBag from /home/airflow/.local/lib/python3.8/site-packages/airflow/example_dags/example_skip_dag.py
[2023-12-08T02:56:04.894+0000] {processor.py:839} INFO - DAG(s) dict_keys(['example_skip_dag']) retrieved from /home/airflow/.local/lib/python3.8/site-packages/airflow/example_dags/example_skip_dag.py
[2023-12-08T02:56:04.953+0000] {logging_mixin.py:154} INFO - [2023-12-08T02:56:04.953+0000] {dag.py:2941} INFO - Sync 1 DAGs
[2023-12-08T02:56:05.010+0000] {logging_mixin.py:154} INFO - [2023-12-08T02:56:05.010+0000] {dag.py:3722} INFO - Setting next_dagrun for example_skip_dag to 2023-12-07T02:56:05.009783+00:00, run_after=2023-12-08T02:56:05.009783+00:00
[2023-12-08T02:56:05.057+0000] {processor.py:179} INFO - Processing /home/airflow/.local/lib/python3.8/site-packages/airflow/example_dags/example_skip_dag.py took 0.202 seconds
[2023-12-08T02:56:35.405+0000] {processor.py:157} INFO - Started process (PID=1838) to work on /home/airflow/.local/lib/python3.8/site-packages/airflow/example_dags/example_skip_dag.py
[2023-12-08T02:56:35.415+0000] {processor.py:829} INFO - Processing file /home/airflow/.local/lib/python3.8/site-packages/airflow/example_dags/example_skip_dag.py for tasks to queue
[2023-12-08T02:56:35.423+0000] {logging_mixin.py:154} INFO - [2023-12-08T02:56:35.422+0000] {dagbag.py:536} INFO - Filling up the DagBag from /home/airflow/.local/lib/python3.8/site-packages/airflow/example_dags/example_skip_dag.py
[2023-12-08T02:56:35.444+0000] {processor.py:839} INFO - DAG(s) dict_keys(['example_skip_dag']) retrieved from /home/airflow/.local/lib/python3.8/site-packages/airflow/example_dags/example_skip_dag.py
[2023-12-08T02:56:35.496+0000] {logging_mixin.py:154} INFO - [2023-12-08T02:56:35.496+0000] {dag.py:2941} INFO - Sync 1 DAGs
[2023-12-08T02:56:35.550+0000] {logging_mixin.py:154} INFO - [2023-12-08T02:56:35.550+0000] {dag.py:3722} INFO - Setting next_dagrun for example_skip_dag to 2023-12-07T02:56:35.549744+00:00, run_after=2023-12-08T02:56:35.549744+00:00
[2023-12-08T02:56:35.595+0000] {processor.py:179} INFO - Processing /home/airflow/.local/lib/python3.8/site-packages/airflow/example_dags/example_skip_dag.py took 0.208 seconds
[2023-12-08T02:57:06.364+0000] {processor.py:157} INFO - Started process (PID=1893) to work on /home/airflow/.local/lib/python3.8/site-packages/airflow/example_dags/example_skip_dag.py
[2023-12-08T02:57:06.366+0000] {processor.py:829} INFO - Processing file /home/airflow/.local/lib/python3.8/site-packages/airflow/example_dags/example_skip_dag.py for tasks to queue
[2023-12-08T02:57:06.371+0000] {logging_mixin.py:154} INFO - [2023-12-08T02:57:06.370+0000] {dagbag.py:536} INFO - Filling up the DagBag from /home/airflow/.local/lib/python3.8/site-packages/airflow/example_dags/example_skip_dag.py
[2023-12-08T02:57:06.401+0000] {processor.py:839} INFO - DAG(s) dict_keys(['example_skip_dag']) retrieved from /home/airflow/.local/lib/python3.8/site-packages/airflow/example_dags/example_skip_dag.py
[2023-12-08T02:57:06.468+0000] {logging_mixin.py:154} INFO - [2023-12-08T02:57:06.467+0000] {dag.py:2941} INFO - Sync 1 DAGs
[2023-12-08T02:57:06.604+0000] {logging_mixin.py:154} INFO - [2023-12-08T02:57:06.604+0000] {dag.py:3722} INFO - Setting next_dagrun for example_skip_dag to 2023-12-07T02:57:06.603628+00:00, run_after=2023-12-08T02:57:06.603628+00:00
[2023-12-08T02:57:06.806+0000] {processor.py:179} INFO - Processing /home/airflow/.local/lib/python3.8/site-packages/airflow/example_dags/example_skip_dag.py took 0.449 seconds
