[2023-12-08T02:39:14.022+0000] {processor.py:157} INFO - Started process (PID=58) to work on /home/airflow/.local/lib/python3.8/site-packages/airflow/example_dags/example_setup_teardown.py
[2023-12-08T02:39:14.030+0000] {processor.py:829} INFO - Processing file /home/airflow/.local/lib/python3.8/site-packages/airflow/example_dags/example_setup_teardown.py for tasks to queue
[2023-12-08T02:39:14.038+0000] {logging_mixin.py:154} INFO - [2023-12-08T02:39:14.037+0000] {dagbag.py:536} INFO - Filling up the DagBag from /home/airflow/.local/lib/python3.8/site-packages/airflow/example_dags/example_setup_teardown.py
[2023-12-08T02:39:14.075+0000] {processor.py:839} INFO - DAG(s) dict_keys(['example_setup_teardown']) retrieved from /home/airflow/.local/lib/python3.8/site-packages/airflow/example_dags/example_setup_teardown.py
[2023-12-08T02:39:14.175+0000] {logging_mixin.py:154} INFO - [2023-12-08T02:39:14.175+0000] {dag.py:2941} INFO - Sync 1 DAGs
[2023-12-08T02:39:14.289+0000] {logging_mixin.py:154} INFO - [2023-12-08T02:39:14.289+0000] {dag.py:3722} INFO - Setting next_dagrun for example_setup_teardown to 2023-12-07T02:39:14.288384+00:00, run_after=2023-12-08T02:39:14.288384+00:00
[2023-12-08T02:39:14.343+0000] {processor.py:179} INFO - Processing /home/airflow/.local/lib/python3.8/site-packages/airflow/example_dags/example_setup_teardown.py took 0.357 seconds
[2023-12-08T02:39:46.314+0000] {processor.py:157} INFO - Started process (PID=112) to work on /home/airflow/.local/lib/python3.8/site-packages/airflow/example_dags/example_setup_teardown.py
[2023-12-08T02:39:46.328+0000] {processor.py:829} INFO - Processing file /home/airflow/.local/lib/python3.8/site-packages/airflow/example_dags/example_setup_teardown.py for tasks to queue
[2023-12-08T02:39:46.352+0000] {logging_mixin.py:154} INFO - [2023-12-08T02:39:46.338+0000] {dagbag.py:536} INFO - Filling up the DagBag from /home/airflow/.local/lib/python3.8/site-packages/airflow/example_dags/example_setup_teardown.py
[2023-12-08T02:39:46.405+0000] {processor.py:839} INFO - DAG(s) dict_keys(['example_setup_teardown']) retrieved from /home/airflow/.local/lib/python3.8/site-packages/airflow/example_dags/example_setup_teardown.py
[2023-12-08T02:39:46.595+0000] {logging_mixin.py:154} INFO - [2023-12-08T02:39:46.594+0000] {dag.py:2941} INFO - Sync 1 DAGs
[2023-12-08T02:39:46.722+0000] {logging_mixin.py:154} INFO - [2023-12-08T02:39:46.721+0000] {dag.py:3722} INFO - Setting next_dagrun for example_setup_teardown to 2023-12-07T02:39:46.720857+00:00, run_after=2023-12-08T02:39:46.720857+00:00
[2023-12-08T02:39:46.804+0000] {processor.py:179} INFO - Processing /home/airflow/.local/lib/python3.8/site-packages/airflow/example_dags/example_setup_teardown.py took 0.570 seconds
[2023-12-08T02:40:17.358+0000] {processor.py:157} INFO - Started process (PID=166) to work on /home/airflow/.local/lib/python3.8/site-packages/airflow/example_dags/example_setup_teardown.py
[2023-12-08T02:40:17.362+0000] {processor.py:829} INFO - Processing file /home/airflow/.local/lib/python3.8/site-packages/airflow/example_dags/example_setup_teardown.py for tasks to queue
[2023-12-08T02:40:17.370+0000] {logging_mixin.py:154} INFO - [2023-12-08T02:40:17.369+0000] {dagbag.py:536} INFO - Filling up the DagBag from /home/airflow/.local/lib/python3.8/site-packages/airflow/example_dags/example_setup_teardown.py
[2023-12-08T02:40:17.389+0000] {processor.py:839} INFO - DAG(s) dict_keys(['example_setup_teardown']) retrieved from /home/airflow/.local/lib/python3.8/site-packages/airflow/example_dags/example_setup_teardown.py
[2023-12-08T02:40:17.460+0000] {logging_mixin.py:154} INFO - [2023-12-08T02:40:17.459+0000] {dag.py:2941} INFO - Sync 1 DAGs
[2023-12-08T02:40:17.522+0000] {logging_mixin.py:154} INFO - [2023-12-08T02:40:17.522+0000] {dag.py:3722} INFO - Setting next_dagrun for example_setup_teardown to 2023-12-07T02:40:17.521717+00:00, run_after=2023-12-08T02:40:17.521717+00:00
[2023-12-08T02:40:17.573+0000] {processor.py:179} INFO - Processing /home/airflow/.local/lib/python3.8/site-packages/airflow/example_dags/example_setup_teardown.py took 0.231 seconds
[2023-12-08T02:40:47.712+0000] {processor.py:157} INFO - Started process (PID=220) to work on /home/airflow/.local/lib/python3.8/site-packages/airflow/example_dags/example_setup_teardown.py
[2023-12-08T02:40:47.715+0000] {processor.py:829} INFO - Processing file /home/airflow/.local/lib/python3.8/site-packages/airflow/example_dags/example_setup_teardown.py for tasks to queue
[2023-12-08T02:40:47.719+0000] {logging_mixin.py:154} INFO - [2023-12-08T02:40:47.719+0000] {dagbag.py:536} INFO - Filling up the DagBag from /home/airflow/.local/lib/python3.8/site-packages/airflow/example_dags/example_setup_teardown.py
[2023-12-08T02:40:47.743+0000] {processor.py:839} INFO - DAG(s) dict_keys(['example_setup_teardown']) retrieved from /home/airflow/.local/lib/python3.8/site-packages/airflow/example_dags/example_setup_teardown.py
[2023-12-08T02:40:47.864+0000] {logging_mixin.py:154} INFO - [2023-12-08T02:40:47.864+0000] {dag.py:2941} INFO - Sync 1 DAGs
[2023-12-08T02:40:48.027+0000] {logging_mixin.py:154} INFO - [2023-12-08T02:40:48.026+0000] {dag.py:3722} INFO - Setting next_dagrun for example_setup_teardown to 2023-12-07T02:40:48.025755+00:00, run_after=2023-12-08T02:40:48.025755+00:00
[2023-12-08T02:40:48.146+0000] {processor.py:179} INFO - Processing /home/airflow/.local/lib/python3.8/site-packages/airflow/example_dags/example_setup_teardown.py took 0.441 seconds
[2023-12-08T02:41:19.996+0000] {processor.py:157} INFO - Started process (PID=274) to work on /home/airflow/.local/lib/python3.8/site-packages/airflow/example_dags/example_setup_teardown.py
[2023-12-08T02:41:19.998+0000] {processor.py:829} INFO - Processing file /home/airflow/.local/lib/python3.8/site-packages/airflow/example_dags/example_setup_teardown.py for tasks to queue
[2023-12-08T02:41:20.003+0000] {logging_mixin.py:154} INFO - [2023-12-08T02:41:20.002+0000] {dagbag.py:536} INFO - Filling up the DagBag from /home/airflow/.local/lib/python3.8/site-packages/airflow/example_dags/example_setup_teardown.py
[2023-12-08T02:41:20.015+0000] {processor.py:839} INFO - DAG(s) dict_keys(['example_setup_teardown']) retrieved from /home/airflow/.local/lib/python3.8/site-packages/airflow/example_dags/example_setup_teardown.py
[2023-12-08T02:41:20.058+0000] {logging_mixin.py:154} INFO - [2023-12-08T02:41:20.058+0000] {dag.py:2941} INFO - Sync 1 DAGs
[2023-12-08T02:41:20.120+0000] {logging_mixin.py:154} INFO - [2023-12-08T02:41:20.119+0000] {dag.py:3722} INFO - Setting next_dagrun for example_setup_teardown to 2023-12-07T02:41:20.118983+00:00, run_after=2023-12-08T02:41:20.118983+00:00
[2023-12-08T02:41:20.174+0000] {processor.py:179} INFO - Processing /home/airflow/.local/lib/python3.8/site-packages/airflow/example_dags/example_setup_teardown.py took 0.184 seconds
[2023-12-08T02:41:50.724+0000] {processor.py:157} INFO - Started process (PID=328) to work on /home/airflow/.local/lib/python3.8/site-packages/airflow/example_dags/example_setup_teardown.py
[2023-12-08T02:41:50.731+0000] {processor.py:829} INFO - Processing file /home/airflow/.local/lib/python3.8/site-packages/airflow/example_dags/example_setup_teardown.py for tasks to queue
[2023-12-08T02:41:50.747+0000] {logging_mixin.py:154} INFO - [2023-12-08T02:41:50.739+0000] {dagbag.py:536} INFO - Filling up the DagBag from /home/airflow/.local/lib/python3.8/site-packages/airflow/example_dags/example_setup_teardown.py
[2023-12-08T02:41:50.793+0000] {processor.py:839} INFO - DAG(s) dict_keys(['example_setup_teardown']) retrieved from /home/airflow/.local/lib/python3.8/site-packages/airflow/example_dags/example_setup_teardown.py
[2023-12-08T02:41:50.908+0000] {logging_mixin.py:154} INFO - [2023-12-08T02:41:50.908+0000] {dag.py:2941} INFO - Sync 1 DAGs
[2023-12-08T02:41:51.014+0000] {logging_mixin.py:154} INFO - [2023-12-08T02:41:51.013+0000] {dag.py:3722} INFO - Setting next_dagrun for example_setup_teardown to 2023-12-07T02:41:51.012991+00:00, run_after=2023-12-08T02:41:51.012991+00:00
[2023-12-08T02:41:51.224+0000] {processor.py:179} INFO - Processing /home/airflow/.local/lib/python3.8/site-packages/airflow/example_dags/example_setup_teardown.py took 0.517 seconds
[2023-12-08T02:42:23.101+0000] {processor.py:157} INFO - Started process (PID=381) to work on /home/airflow/.local/lib/python3.8/site-packages/airflow/example_dags/example_setup_teardown.py
[2023-12-08T02:42:23.128+0000] {processor.py:829} INFO - Processing file /home/airflow/.local/lib/python3.8/site-packages/airflow/example_dags/example_setup_teardown.py for tasks to queue
[2023-12-08T02:42:23.136+0000] {logging_mixin.py:154} INFO - [2023-12-08T02:42:23.135+0000] {dagbag.py:536} INFO - Filling up the DagBag from /home/airflow/.local/lib/python3.8/site-packages/airflow/example_dags/example_setup_teardown.py
[2023-12-08T02:42:23.215+0000] {processor.py:839} INFO - DAG(s) dict_keys(['example_setup_teardown']) retrieved from /home/airflow/.local/lib/python3.8/site-packages/airflow/example_dags/example_setup_teardown.py
[2023-12-08T02:42:23.427+0000] {logging_mixin.py:154} INFO - [2023-12-08T02:42:23.426+0000] {dag.py:2941} INFO - Sync 1 DAGs
[2023-12-08T02:42:23.553+0000] {logging_mixin.py:154} INFO - [2023-12-08T02:42:23.553+0000] {dag.py:3722} INFO - Setting next_dagrun for example_setup_teardown to 2023-12-07T02:42:23.552597+00:00, run_after=2023-12-08T02:42:23.552597+00:00
[2023-12-08T02:42:23.647+0000] {processor.py:179} INFO - Processing /home/airflow/.local/lib/python3.8/site-packages/airflow/example_dags/example_setup_teardown.py took 0.595 seconds
[2023-12-08T02:42:54.287+0000] {processor.py:157} INFO - Started process (PID=435) to work on /home/airflow/.local/lib/python3.8/site-packages/airflow/example_dags/example_setup_teardown.py
[2023-12-08T02:42:54.302+0000] {processor.py:829} INFO - Processing file /home/airflow/.local/lib/python3.8/site-packages/airflow/example_dags/example_setup_teardown.py for tasks to queue
[2023-12-08T02:42:54.336+0000] {logging_mixin.py:154} INFO - [2023-12-08T02:42:54.335+0000] {dagbag.py:536} INFO - Filling up the DagBag from /home/airflow/.local/lib/python3.8/site-packages/airflow/example_dags/example_setup_teardown.py
[2023-12-08T02:42:54.444+0000] {processor.py:839} INFO - DAG(s) dict_keys(['example_setup_teardown']) retrieved from /home/airflow/.local/lib/python3.8/site-packages/airflow/example_dags/example_setup_teardown.py
[2023-12-08T02:42:54.692+0000] {logging_mixin.py:154} INFO - [2023-12-08T02:42:54.691+0000] {dag.py:2941} INFO - Sync 1 DAGs
[2023-12-08T02:42:54.934+0000] {logging_mixin.py:154} INFO - [2023-12-08T02:42:54.934+0000] {dag.py:3722} INFO - Setting next_dagrun for example_setup_teardown to 2023-12-07T02:42:54.933197+00:00, run_after=2023-12-08T02:42:54.933197+00:00
[2023-12-08T02:42:55.167+0000] {processor.py:179} INFO - Processing /home/airflow/.local/lib/python3.8/site-packages/airflow/example_dags/example_setup_teardown.py took 0.945 seconds
[2023-12-08T02:43:26.134+0000] {processor.py:157} INFO - Started process (PID=490) to work on /home/airflow/.local/lib/python3.8/site-packages/airflow/example_dags/example_setup_teardown.py
[2023-12-08T02:43:26.322+0000] {processor.py:829} INFO - Processing file /home/airflow/.local/lib/python3.8/site-packages/airflow/example_dags/example_setup_teardown.py for tasks to queue
[2023-12-08T02:43:26.342+0000] {logging_mixin.py:154} INFO - [2023-12-08T02:43:26.341+0000] {dagbag.py:536} INFO - Filling up the DagBag from /home/airflow/.local/lib/python3.8/site-packages/airflow/example_dags/example_setup_teardown.py
[2023-12-08T02:43:26.419+0000] {processor.py:839} INFO - DAG(s) dict_keys(['example_setup_teardown']) retrieved from /home/airflow/.local/lib/python3.8/site-packages/airflow/example_dags/example_setup_teardown.py
[2023-12-08T02:43:26.636+0000] {logging_mixin.py:154} INFO - [2023-12-08T02:43:26.635+0000] {dag.py:2941} INFO - Sync 1 DAGs
[2023-12-08T02:43:26.883+0000] {logging_mixin.py:154} INFO - [2023-12-08T02:43:26.882+0000] {dag.py:3722} INFO - Setting next_dagrun for example_setup_teardown to 2023-12-07T02:43:26.881864+00:00, run_after=2023-12-08T02:43:26.881864+00:00
[2023-12-08T02:43:29.259+0000] {processor.py:179} INFO - Processing /home/airflow/.local/lib/python3.8/site-packages/airflow/example_dags/example_setup_teardown.py took 3.154 seconds
[2023-12-08T02:43:59.946+0000] {processor.py:157} INFO - Started process (PID=544) to work on /home/airflow/.local/lib/python3.8/site-packages/airflow/example_dags/example_setup_teardown.py
[2023-12-08T02:43:59.949+0000] {processor.py:829} INFO - Processing file /home/airflow/.local/lib/python3.8/site-packages/airflow/example_dags/example_setup_teardown.py for tasks to queue
[2023-12-08T02:43:59.965+0000] {logging_mixin.py:154} INFO - [2023-12-08T02:43:59.964+0000] {dagbag.py:536} INFO - Filling up the DagBag from /home/airflow/.local/lib/python3.8/site-packages/airflow/example_dags/example_setup_teardown.py
[2023-12-08T02:44:00.008+0000] {processor.py:839} INFO - DAG(s) dict_keys(['example_setup_teardown']) retrieved from /home/airflow/.local/lib/python3.8/site-packages/airflow/example_dags/example_setup_teardown.py
[2023-12-08T02:44:00.119+0000] {logging_mixin.py:154} INFO - [2023-12-08T02:44:00.119+0000] {dag.py:2941} INFO - Sync 1 DAGs
[2023-12-08T02:44:00.252+0000] {logging_mixin.py:154} INFO - [2023-12-08T02:44:00.252+0000] {dag.py:3722} INFO - Setting next_dagrun for example_setup_teardown to 2023-12-07T02:44:00.251625+00:00, run_after=2023-12-08T02:44:00.251625+00:00
[2023-12-08T02:44:00.303+0000] {processor.py:179} INFO - Processing /home/airflow/.local/lib/python3.8/site-packages/airflow/example_dags/example_setup_teardown.py took 0.371 seconds
[2023-12-08T02:44:31.141+0000] {processor.py:157} INFO - Started process (PID=599) to work on /home/airflow/.local/lib/python3.8/site-packages/airflow/example_dags/example_setup_teardown.py
[2023-12-08T02:44:31.145+0000] {processor.py:829} INFO - Processing file /home/airflow/.local/lib/python3.8/site-packages/airflow/example_dags/example_setup_teardown.py for tasks to queue
[2023-12-08T02:44:31.152+0000] {logging_mixin.py:154} INFO - [2023-12-08T02:44:31.151+0000] {dagbag.py:536} INFO - Filling up the DagBag from /home/airflow/.local/lib/python3.8/site-packages/airflow/example_dags/example_setup_teardown.py
[2023-12-08T02:44:31.185+0000] {processor.py:839} INFO - DAG(s) dict_keys(['example_setup_teardown']) retrieved from /home/airflow/.local/lib/python3.8/site-packages/airflow/example_dags/example_setup_teardown.py
[2023-12-08T02:44:31.255+0000] {logging_mixin.py:154} INFO - [2023-12-08T02:44:31.254+0000] {dag.py:2941} INFO - Sync 1 DAGs
[2023-12-08T02:44:31.364+0000] {logging_mixin.py:154} INFO - [2023-12-08T02:44:31.364+0000] {dag.py:3722} INFO - Setting next_dagrun for example_setup_teardown to 2023-12-07T02:44:31.363033+00:00, run_after=2023-12-08T02:44:31.363033+00:00
[2023-12-08T02:44:31.502+0000] {processor.py:179} INFO - Processing /home/airflow/.local/lib/python3.8/site-packages/airflow/example_dags/example_setup_teardown.py took 0.371 seconds
[2023-12-08T02:45:01.930+0000] {processor.py:157} INFO - Started process (PID=653) to work on /home/airflow/.local/lib/python3.8/site-packages/airflow/example_dags/example_setup_teardown.py
[2023-12-08T02:45:01.934+0000] {processor.py:829} INFO - Processing file /home/airflow/.local/lib/python3.8/site-packages/airflow/example_dags/example_setup_teardown.py for tasks to queue
[2023-12-08T02:45:01.942+0000] {logging_mixin.py:154} INFO - [2023-12-08T02:45:01.941+0000] {dagbag.py:536} INFO - Filling up the DagBag from /home/airflow/.local/lib/python3.8/site-packages/airflow/example_dags/example_setup_teardown.py
[2023-12-08T02:45:01.965+0000] {processor.py:839} INFO - DAG(s) dict_keys(['example_setup_teardown']) retrieved from /home/airflow/.local/lib/python3.8/site-packages/airflow/example_dags/example_setup_teardown.py
[2023-12-08T02:45:02.033+0000] {logging_mixin.py:154} INFO - [2023-12-08T02:45:02.029+0000] {dag.py:2941} INFO - Sync 1 DAGs
[2023-12-08T02:45:02.145+0000] {logging_mixin.py:154} INFO - [2023-12-08T02:45:02.144+0000] {dag.py:3722} INFO - Setting next_dagrun for example_setup_teardown to 2023-12-07T02:45:02.143256+00:00, run_after=2023-12-08T02:45:02.143256+00:00
[2023-12-08T02:45:02.271+0000] {processor.py:179} INFO - Processing /home/airflow/.local/lib/python3.8/site-packages/airflow/example_dags/example_setup_teardown.py took 0.355 seconds
[2023-12-08T02:45:33.034+0000] {processor.py:157} INFO - Started process (PID=706) to work on /home/airflow/.local/lib/python3.8/site-packages/airflow/example_dags/example_setup_teardown.py
[2023-12-08T02:45:33.048+0000] {processor.py:829} INFO - Processing file /home/airflow/.local/lib/python3.8/site-packages/airflow/example_dags/example_setup_teardown.py for tasks to queue
[2023-12-08T02:45:33.067+0000] {logging_mixin.py:154} INFO - [2023-12-08T02:45:33.065+0000] {dagbag.py:536} INFO - Filling up the DagBag from /home/airflow/.local/lib/python3.8/site-packages/airflow/example_dags/example_setup_teardown.py
[2023-12-08T02:45:33.107+0000] {processor.py:839} INFO - DAG(s) dict_keys(['example_setup_teardown']) retrieved from /home/airflow/.local/lib/python3.8/site-packages/airflow/example_dags/example_setup_teardown.py
[2023-12-08T02:45:33.351+0000] {logging_mixin.py:154} INFO - [2023-12-08T02:45:33.350+0000] {dag.py:2941} INFO - Sync 1 DAGs
[2023-12-08T02:45:33.673+0000] {logging_mixin.py:154} INFO - [2023-12-08T02:45:33.672+0000] {dag.py:3722} INFO - Setting next_dagrun for example_setup_teardown to 2023-12-07T02:45:33.671850+00:00, run_after=2023-12-08T02:45:33.671850+00:00
[2023-12-08T02:45:33.837+0000] {processor.py:179} INFO - Processing /home/airflow/.local/lib/python3.8/site-packages/airflow/example_dags/example_setup_teardown.py took 0.836 seconds
[2023-12-08T02:46:05.114+0000] {processor.py:157} INFO - Started process (PID=759) to work on /home/airflow/.local/lib/python3.8/site-packages/airflow/example_dags/example_setup_teardown.py
[2023-12-08T02:46:05.139+0000] {processor.py:829} INFO - Processing file /home/airflow/.local/lib/python3.8/site-packages/airflow/example_dags/example_setup_teardown.py for tasks to queue
[2023-12-08T02:46:05.159+0000] {logging_mixin.py:154} INFO - [2023-12-08T02:46:05.157+0000] {dagbag.py:536} INFO - Filling up the DagBag from /home/airflow/.local/lib/python3.8/site-packages/airflow/example_dags/example_setup_teardown.py
[2023-12-08T02:46:05.285+0000] {processor.py:839} INFO - DAG(s) dict_keys(['example_setup_teardown']) retrieved from /home/airflow/.local/lib/python3.8/site-packages/airflow/example_dags/example_setup_teardown.py
[2023-12-08T02:46:05.546+0000] {logging_mixin.py:154} INFO - [2023-12-08T02:46:05.545+0000] {dag.py:2941} INFO - Sync 1 DAGs
[2023-12-08T02:46:05.919+0000] {logging_mixin.py:154} INFO - [2023-12-08T02:46:05.918+0000] {dag.py:3722} INFO - Setting next_dagrun for example_setup_teardown to 2023-12-07T02:46:05.906830+00:00, run_after=2023-12-08T02:46:05.906830+00:00
[2023-12-08T02:46:06.170+0000] {processor.py:179} INFO - Processing /home/airflow/.local/lib/python3.8/site-packages/airflow/example_dags/example_setup_teardown.py took 1.090 seconds
[2023-12-08T02:46:42.338+0000] {processor.py:157} INFO - Started process (PID=797) to work on /home/airflow/.local/lib/python3.8/site-packages/airflow/example_dags/example_setup_teardown.py
[2023-12-08T02:46:42.354+0000] {processor.py:829} INFO - Processing file /home/airflow/.local/lib/python3.8/site-packages/airflow/example_dags/example_setup_teardown.py for tasks to queue
[2023-12-08T02:46:42.387+0000] {logging_mixin.py:154} INFO - [2023-12-08T02:46:42.373+0000] {dagbag.py:536} INFO - Filling up the DagBag from /home/airflow/.local/lib/python3.8/site-packages/airflow/example_dags/example_setup_teardown.py
[2023-12-08T02:46:42.483+0000] {processor.py:839} INFO - DAG(s) dict_keys(['example_setup_teardown']) retrieved from /home/airflow/.local/lib/python3.8/site-packages/airflow/example_dags/example_setup_teardown.py
[2023-12-08T02:46:42.724+0000] {logging_mixin.py:154} INFO - [2023-12-08T02:46:42.723+0000] {dag.py:2941} INFO - Sync 1 DAGs
[2023-12-08T02:46:42.949+0000] {logging_mixin.py:154} INFO - [2023-12-08T02:46:42.948+0000] {dag.py:3722} INFO - Setting next_dagrun for example_setup_teardown to 2023-12-07T02:46:42.948201+00:00, run_after=2023-12-08T02:46:42.948201+00:00
[2023-12-08T02:46:43.092+0000] {processor.py:179} INFO - Processing /home/airflow/.local/lib/python3.8/site-packages/airflow/example_dags/example_setup_teardown.py took 0.798 seconds
[2023-12-08T02:47:13.836+0000] {processor.py:157} INFO - Started process (PID=851) to work on /home/airflow/.local/lib/python3.8/site-packages/airflow/example_dags/example_setup_teardown.py
[2023-12-08T02:47:13.840+0000] {processor.py:829} INFO - Processing file /home/airflow/.local/lib/python3.8/site-packages/airflow/example_dags/example_setup_teardown.py for tasks to queue
[2023-12-08T02:47:13.853+0000] {logging_mixin.py:154} INFO - [2023-12-08T02:47:13.852+0000] {dagbag.py:536} INFO - Filling up the DagBag from /home/airflow/.local/lib/python3.8/site-packages/airflow/example_dags/example_setup_teardown.py
[2023-12-08T02:47:13.881+0000] {processor.py:839} INFO - DAG(s) dict_keys(['example_setup_teardown']) retrieved from /home/airflow/.local/lib/python3.8/site-packages/airflow/example_dags/example_setup_teardown.py
[2023-12-08T02:47:13.938+0000] {logging_mixin.py:154} INFO - [2023-12-08T02:47:13.938+0000] {dag.py:2941} INFO - Sync 1 DAGs
[2023-12-08T02:47:13.994+0000] {logging_mixin.py:154} INFO - [2023-12-08T02:47:13.993+0000] {dag.py:3722} INFO - Setting next_dagrun for example_setup_teardown to 2023-12-07T02:47:13.992825+00:00, run_after=2023-12-08T02:47:13.992825+00:00
[2023-12-08T02:47:14.038+0000] {processor.py:179} INFO - Processing /home/airflow/.local/lib/python3.8/site-packages/airflow/example_dags/example_setup_teardown.py took 0.221 seconds
[2023-12-08T02:47:44.350+0000] {processor.py:157} INFO - Started process (PID=905) to work on /home/airflow/.local/lib/python3.8/site-packages/airflow/example_dags/example_setup_teardown.py
[2023-12-08T02:47:44.352+0000] {processor.py:829} INFO - Processing file /home/airflow/.local/lib/python3.8/site-packages/airflow/example_dags/example_setup_teardown.py for tasks to queue
[2023-12-08T02:47:44.356+0000] {logging_mixin.py:154} INFO - [2023-12-08T02:47:44.356+0000] {dagbag.py:536} INFO - Filling up the DagBag from /home/airflow/.local/lib/python3.8/site-packages/airflow/example_dags/example_setup_teardown.py
[2023-12-08T02:47:44.372+0000] {processor.py:839} INFO - DAG(s) dict_keys(['example_setup_teardown']) retrieved from /home/airflow/.local/lib/python3.8/site-packages/airflow/example_dags/example_setup_teardown.py
[2023-12-08T02:47:44.416+0000] {logging_mixin.py:154} INFO - [2023-12-08T02:47:44.415+0000] {dag.py:2941} INFO - Sync 1 DAGs
[2023-12-08T02:47:44.470+0000] {logging_mixin.py:154} INFO - [2023-12-08T02:47:44.469+0000] {dag.py:3722} INFO - Setting next_dagrun for example_setup_teardown to 2023-12-07T02:47:44.469379+00:00, run_after=2023-12-08T02:47:44.469379+00:00
[2023-12-08T02:47:44.509+0000] {processor.py:179} INFO - Processing /home/airflow/.local/lib/python3.8/site-packages/airflow/example_dags/example_setup_teardown.py took 0.167 seconds
[2023-12-08T02:48:15.482+0000] {processor.py:157} INFO - Started process (PID=959) to work on /home/airflow/.local/lib/python3.8/site-packages/airflow/example_dags/example_setup_teardown.py
[2023-12-08T02:48:15.485+0000] {processor.py:829} INFO - Processing file /home/airflow/.local/lib/python3.8/site-packages/airflow/example_dags/example_setup_teardown.py for tasks to queue
[2023-12-08T02:48:15.498+0000] {logging_mixin.py:154} INFO - [2023-12-08T02:48:15.497+0000] {dagbag.py:536} INFO - Filling up the DagBag from /home/airflow/.local/lib/python3.8/site-packages/airflow/example_dags/example_setup_teardown.py
[2023-12-08T02:48:15.547+0000] {processor.py:839} INFO - DAG(s) dict_keys(['example_setup_teardown']) retrieved from /home/airflow/.local/lib/python3.8/site-packages/airflow/example_dags/example_setup_teardown.py
[2023-12-08T02:48:15.638+0000] {logging_mixin.py:154} INFO - [2023-12-08T02:48:15.638+0000] {dag.py:2941} INFO - Sync 1 DAGs
[2023-12-08T02:48:15.691+0000] {logging_mixin.py:154} INFO - [2023-12-08T02:48:15.691+0000] {dag.py:3722} INFO - Setting next_dagrun for example_setup_teardown to 2023-12-07T02:48:15.690648+00:00, run_after=2023-12-08T02:48:15.690648+00:00
[2023-12-08T02:48:15.733+0000] {processor.py:179} INFO - Processing /home/airflow/.local/lib/python3.8/site-packages/airflow/example_dags/example_setup_teardown.py took 0.267 seconds
[2023-12-08T02:48:46.160+0000] {processor.py:157} INFO - Started process (PID=1013) to work on /home/airflow/.local/lib/python3.8/site-packages/airflow/example_dags/example_setup_teardown.py
[2023-12-08T02:48:46.162+0000] {processor.py:829} INFO - Processing file /home/airflow/.local/lib/python3.8/site-packages/airflow/example_dags/example_setup_teardown.py for tasks to queue
[2023-12-08T02:48:46.167+0000] {logging_mixin.py:154} INFO - [2023-12-08T02:48:46.167+0000] {dagbag.py:536} INFO - Filling up the DagBag from /home/airflow/.local/lib/python3.8/site-packages/airflow/example_dags/example_setup_teardown.py
[2023-12-08T02:48:46.183+0000] {processor.py:839} INFO - DAG(s) dict_keys(['example_setup_teardown']) retrieved from /home/airflow/.local/lib/python3.8/site-packages/airflow/example_dags/example_setup_teardown.py
[2023-12-08T02:48:46.236+0000] {logging_mixin.py:154} INFO - [2023-12-08T02:48:46.235+0000] {dag.py:2941} INFO - Sync 1 DAGs
[2023-12-08T02:48:46.284+0000] {logging_mixin.py:154} INFO - [2023-12-08T02:48:46.283+0000] {dag.py:3722} INFO - Setting next_dagrun for example_setup_teardown to 2023-12-07T02:48:46.282810+00:00, run_after=2023-12-08T02:48:46.282810+00:00
[2023-12-08T02:48:46.329+0000] {processor.py:179} INFO - Processing /home/airflow/.local/lib/python3.8/site-packages/airflow/example_dags/example_setup_teardown.py took 0.176 seconds
[2023-12-08T02:49:17.038+0000] {processor.py:157} INFO - Started process (PID=1066) to work on /home/airflow/.local/lib/python3.8/site-packages/airflow/example_dags/example_setup_teardown.py
[2023-12-08T02:49:17.040+0000] {processor.py:829} INFO - Processing file /home/airflow/.local/lib/python3.8/site-packages/airflow/example_dags/example_setup_teardown.py for tasks to queue
[2023-12-08T02:49:17.045+0000] {logging_mixin.py:154} INFO - [2023-12-08T02:49:17.044+0000] {dagbag.py:536} INFO - Filling up the DagBag from /home/airflow/.local/lib/python3.8/site-packages/airflow/example_dags/example_setup_teardown.py
[2023-12-08T02:49:17.057+0000] {processor.py:839} INFO - DAG(s) dict_keys(['example_setup_teardown']) retrieved from /home/airflow/.local/lib/python3.8/site-packages/airflow/example_dags/example_setup_teardown.py
[2023-12-08T02:49:17.103+0000] {logging_mixin.py:154} INFO - [2023-12-08T02:49:17.103+0000] {dag.py:2941} INFO - Sync 1 DAGs
[2023-12-08T02:49:17.406+0000] {logging_mixin.py:154} INFO - [2023-12-08T02:49:17.405+0000] {dag.py:3722} INFO - Setting next_dagrun for example_setup_teardown to 2023-12-07T02:49:17.405097+00:00, run_after=2023-12-08T02:49:17.405097+00:00
[2023-12-08T02:49:17.461+0000] {processor.py:179} INFO - Processing /home/airflow/.local/lib/python3.8/site-packages/airflow/example_dags/example_setup_teardown.py took 0.431 seconds
[2023-12-08T02:49:47.723+0000] {processor.py:157} INFO - Started process (PID=1120) to work on /home/airflow/.local/lib/python3.8/site-packages/airflow/example_dags/example_setup_teardown.py
[2023-12-08T02:49:47.725+0000] {processor.py:829} INFO - Processing file /home/airflow/.local/lib/python3.8/site-packages/airflow/example_dags/example_setup_teardown.py for tasks to queue
[2023-12-08T02:49:47.731+0000] {logging_mixin.py:154} INFO - [2023-12-08T02:49:47.730+0000] {dagbag.py:536} INFO - Filling up the DagBag from /home/airflow/.local/lib/python3.8/site-packages/airflow/example_dags/example_setup_teardown.py
[2023-12-08T02:49:47.758+0000] {processor.py:839} INFO - DAG(s) dict_keys(['example_setup_teardown']) retrieved from /home/airflow/.local/lib/python3.8/site-packages/airflow/example_dags/example_setup_teardown.py
[2023-12-08T02:49:47.806+0000] {logging_mixin.py:154} INFO - [2023-12-08T02:49:47.806+0000] {dag.py:2941} INFO - Sync 1 DAGs
[2023-12-08T02:49:47.860+0000] {logging_mixin.py:154} INFO - [2023-12-08T02:49:47.860+0000] {dag.py:3722} INFO - Setting next_dagrun for example_setup_teardown to 2023-12-07T02:49:47.859725+00:00, run_after=2023-12-08T02:49:47.859725+00:00
[2023-12-08T02:49:47.914+0000] {processor.py:179} INFO - Processing /home/airflow/.local/lib/python3.8/site-packages/airflow/example_dags/example_setup_teardown.py took 0.201 seconds
[2023-12-08T02:50:19.450+0000] {processor.py:157} INFO - Started process (PID=1174) to work on /home/airflow/.local/lib/python3.8/site-packages/airflow/example_dags/example_setup_teardown.py
[2023-12-08T02:50:19.457+0000] {processor.py:829} INFO - Processing file /home/airflow/.local/lib/python3.8/site-packages/airflow/example_dags/example_setup_teardown.py for tasks to queue
[2023-12-08T02:50:19.470+0000] {logging_mixin.py:154} INFO - [2023-12-08T02:50:19.469+0000] {dagbag.py:536} INFO - Filling up the DagBag from /home/airflow/.local/lib/python3.8/site-packages/airflow/example_dags/example_setup_teardown.py
[2023-12-08T02:50:19.518+0000] {processor.py:839} INFO - DAG(s) dict_keys(['example_setup_teardown']) retrieved from /home/airflow/.local/lib/python3.8/site-packages/airflow/example_dags/example_setup_teardown.py
[2023-12-08T02:50:19.644+0000] {logging_mixin.py:154} INFO - [2023-12-08T02:50:19.644+0000] {dag.py:2941} INFO - Sync 1 DAGs
[2023-12-08T02:50:19.866+0000] {logging_mixin.py:154} INFO - [2023-12-08T02:50:19.865+0000] {dag.py:3722} INFO - Setting next_dagrun for example_setup_teardown to 2023-12-07T02:50:19.864924+00:00, run_after=2023-12-08T02:50:19.864924+00:00
[2023-12-08T02:50:19.989+0000] {processor.py:179} INFO - Processing /home/airflow/.local/lib/python3.8/site-packages/airflow/example_dags/example_setup_teardown.py took 0.562 seconds
[2023-12-08T02:50:50.717+0000] {processor.py:157} INFO - Started process (PID=1227) to work on /home/airflow/.local/lib/python3.8/site-packages/airflow/example_dags/example_setup_teardown.py
[2023-12-08T02:50:50.730+0000] {processor.py:829} INFO - Processing file /home/airflow/.local/lib/python3.8/site-packages/airflow/example_dags/example_setup_teardown.py for tasks to queue
[2023-12-08T02:50:50.737+0000] {logging_mixin.py:154} INFO - [2023-12-08T02:50:50.736+0000] {dagbag.py:536} INFO - Filling up the DagBag from /home/airflow/.local/lib/python3.8/site-packages/airflow/example_dags/example_setup_teardown.py
[2023-12-08T02:50:50.779+0000] {processor.py:839} INFO - DAG(s) dict_keys(['example_setup_teardown']) retrieved from /home/airflow/.local/lib/python3.8/site-packages/airflow/example_dags/example_setup_teardown.py
[2023-12-08T02:50:50.908+0000] {logging_mixin.py:154} INFO - [2023-12-08T02:50:50.907+0000] {dag.py:2941} INFO - Sync 1 DAGs
[2023-12-08T02:50:51.276+0000] {logging_mixin.py:154} INFO - [2023-12-08T02:50:51.276+0000] {dag.py:3722} INFO - Setting next_dagrun for example_setup_teardown to 2023-12-07T02:50:51.275833+00:00, run_after=2023-12-08T02:50:51.275833+00:00
[2023-12-08T02:50:51.346+0000] {processor.py:179} INFO - Processing /home/airflow/.local/lib/python3.8/site-packages/airflow/example_dags/example_setup_teardown.py took 0.651 seconds
[2023-12-08T02:51:21.943+0000] {processor.py:157} INFO - Started process (PID=1281) to work on /home/airflow/.local/lib/python3.8/site-packages/airflow/example_dags/example_setup_teardown.py
[2023-12-08T02:51:21.947+0000] {processor.py:829} INFO - Processing file /home/airflow/.local/lib/python3.8/site-packages/airflow/example_dags/example_setup_teardown.py for tasks to queue
[2023-12-08T02:51:21.957+0000] {logging_mixin.py:154} INFO - [2023-12-08T02:51:21.956+0000] {dagbag.py:536} INFO - Filling up the DagBag from /home/airflow/.local/lib/python3.8/site-packages/airflow/example_dags/example_setup_teardown.py
[2023-12-08T02:51:21.979+0000] {processor.py:839} INFO - DAG(s) dict_keys(['example_setup_teardown']) retrieved from /home/airflow/.local/lib/python3.8/site-packages/airflow/example_dags/example_setup_teardown.py
[2023-12-08T02:51:22.049+0000] {logging_mixin.py:154} INFO - [2023-12-08T02:51:22.049+0000] {dag.py:2941} INFO - Sync 1 DAGs
[2023-12-08T02:51:22.113+0000] {logging_mixin.py:154} INFO - [2023-12-08T02:51:22.113+0000] {dag.py:3722} INFO - Setting next_dagrun for example_setup_teardown to 2023-12-07T02:51:22.112771+00:00, run_after=2023-12-08T02:51:22.112771+00:00
[2023-12-08T02:51:22.490+0000] {processor.py:179} INFO - Processing /home/airflow/.local/lib/python3.8/site-packages/airflow/example_dags/example_setup_teardown.py took 0.558 seconds
[2023-12-08T02:51:52.624+0000] {processor.py:157} INFO - Started process (PID=1333) to work on /home/airflow/.local/lib/python3.8/site-packages/airflow/example_dags/example_setup_teardown.py
[2023-12-08T02:51:52.626+0000] {processor.py:829} INFO - Processing file /home/airflow/.local/lib/python3.8/site-packages/airflow/example_dags/example_setup_teardown.py for tasks to queue
[2023-12-08T02:51:52.631+0000] {logging_mixin.py:154} INFO - [2023-12-08T02:51:52.631+0000] {dagbag.py:536} INFO - Filling up the DagBag from /home/airflow/.local/lib/python3.8/site-packages/airflow/example_dags/example_setup_teardown.py
[2023-12-08T02:51:52.647+0000] {processor.py:839} INFO - DAG(s) dict_keys(['example_setup_teardown']) retrieved from /home/airflow/.local/lib/python3.8/site-packages/airflow/example_dags/example_setup_teardown.py
[2023-12-08T02:51:52.706+0000] {logging_mixin.py:154} INFO - [2023-12-08T02:51:52.705+0000] {dag.py:2941} INFO - Sync 1 DAGs
[2023-12-08T02:51:52.756+0000] {logging_mixin.py:154} INFO - [2023-12-08T02:51:52.755+0000] {dag.py:3722} INFO - Setting next_dagrun for example_setup_teardown to 2023-12-07T02:51:52.754801+00:00, run_after=2023-12-08T02:51:52.754801+00:00
[2023-12-08T02:51:52.801+0000] {processor.py:179} INFO - Processing /home/airflow/.local/lib/python3.8/site-packages/airflow/example_dags/example_setup_teardown.py took 0.187 seconds
[2023-12-08T02:52:23.298+0000] {processor.py:157} INFO - Started process (PID=1386) to work on /home/airflow/.local/lib/python3.8/site-packages/airflow/example_dags/example_setup_teardown.py
[2023-12-08T02:52:23.300+0000] {processor.py:829} INFO - Processing file /home/airflow/.local/lib/python3.8/site-packages/airflow/example_dags/example_setup_teardown.py for tasks to queue
[2023-12-08T02:52:23.305+0000] {logging_mixin.py:154} INFO - [2023-12-08T02:52:23.304+0000] {dagbag.py:536} INFO - Filling up the DagBag from /home/airflow/.local/lib/python3.8/site-packages/airflow/example_dags/example_setup_teardown.py
[2023-12-08T02:52:23.325+0000] {processor.py:839} INFO - DAG(s) dict_keys(['example_setup_teardown']) retrieved from /home/airflow/.local/lib/python3.8/site-packages/airflow/example_dags/example_setup_teardown.py
[2023-12-08T02:52:23.371+0000] {logging_mixin.py:154} INFO - [2023-12-08T02:52:23.371+0000] {dag.py:2941} INFO - Sync 1 DAGs
[2023-12-08T02:52:23.435+0000] {logging_mixin.py:154} INFO - [2023-12-08T02:52:23.435+0000] {dag.py:3722} INFO - Setting next_dagrun for example_setup_teardown to 2023-12-07T02:52:23.434350+00:00, run_after=2023-12-08T02:52:23.434350+00:00
[2023-12-08T02:52:23.486+0000] {processor.py:179} INFO - Processing /home/airflow/.local/lib/python3.8/site-packages/airflow/example_dags/example_setup_teardown.py took 0.197 seconds
[2023-12-08T02:52:53.750+0000] {processor.py:157} INFO - Started process (PID=1440) to work on /home/airflow/.local/lib/python3.8/site-packages/airflow/example_dags/example_setup_teardown.py
[2023-12-08T02:52:53.752+0000] {processor.py:829} INFO - Processing file /home/airflow/.local/lib/python3.8/site-packages/airflow/example_dags/example_setup_teardown.py for tasks to queue
[2023-12-08T02:52:53.763+0000] {logging_mixin.py:154} INFO - [2023-12-08T02:52:53.762+0000] {dagbag.py:536} INFO - Filling up the DagBag from /home/airflow/.local/lib/python3.8/site-packages/airflow/example_dags/example_setup_teardown.py
[2023-12-08T02:52:53.783+0000] {processor.py:839} INFO - DAG(s) dict_keys(['example_setup_teardown']) retrieved from /home/airflow/.local/lib/python3.8/site-packages/airflow/example_dags/example_setup_teardown.py
[2023-12-08T02:52:53.839+0000] {logging_mixin.py:154} INFO - [2023-12-08T02:52:53.838+0000] {dag.py:2941} INFO - Sync 1 DAGs
[2023-12-08T02:52:53.916+0000] {logging_mixin.py:154} INFO - [2023-12-08T02:52:53.915+0000] {dag.py:3722} INFO - Setting next_dagrun for example_setup_teardown to 2023-12-07T02:52:53.915127+00:00, run_after=2023-12-08T02:52:53.915127+00:00
[2023-12-08T02:52:53.969+0000] {processor.py:179} INFO - Processing /home/airflow/.local/lib/python3.8/site-packages/airflow/example_dags/example_setup_teardown.py took 0.232 seconds
[2023-12-08T02:53:24.447+0000] {processor.py:157} INFO - Started process (PID=1495) to work on /home/airflow/.local/lib/python3.8/site-packages/airflow/example_dags/example_setup_teardown.py
[2023-12-08T02:53:24.450+0000] {processor.py:829} INFO - Processing file /home/airflow/.local/lib/python3.8/site-packages/airflow/example_dags/example_setup_teardown.py for tasks to queue
[2023-12-08T02:53:24.460+0000] {logging_mixin.py:154} INFO - [2023-12-08T02:53:24.459+0000] {dagbag.py:536} INFO - Filling up the DagBag from /home/airflow/.local/lib/python3.8/site-packages/airflow/example_dags/example_setup_teardown.py
[2023-12-08T02:53:24.482+0000] {processor.py:839} INFO - DAG(s) dict_keys(['example_setup_teardown']) retrieved from /home/airflow/.local/lib/python3.8/site-packages/airflow/example_dags/example_setup_teardown.py
[2023-12-08T02:53:24.534+0000] {logging_mixin.py:154} INFO - [2023-12-08T02:53:24.533+0000] {dag.py:2941} INFO - Sync 1 DAGs
[2023-12-08T02:53:24.597+0000] {logging_mixin.py:154} INFO - [2023-12-08T02:53:24.597+0000] {dag.py:3722} INFO - Setting next_dagrun for example_setup_teardown to 2023-12-07T02:53:24.596849+00:00, run_after=2023-12-08T02:53:24.596849+00:00
[2023-12-08T02:53:24.643+0000] {processor.py:179} INFO - Processing /home/airflow/.local/lib/python3.8/site-packages/airflow/example_dags/example_setup_teardown.py took 0.209 seconds
[2023-12-08T02:53:55.028+0000] {processor.py:157} INFO - Started process (PID=1548) to work on /home/airflow/.local/lib/python3.8/site-packages/airflow/example_dags/example_setup_teardown.py
[2023-12-08T02:53:55.035+0000] {processor.py:829} INFO - Processing file /home/airflow/.local/lib/python3.8/site-packages/airflow/example_dags/example_setup_teardown.py for tasks to queue
[2023-12-08T02:53:55.042+0000] {logging_mixin.py:154} INFO - [2023-12-08T02:53:55.041+0000] {dagbag.py:536} INFO - Filling up the DagBag from /home/airflow/.local/lib/python3.8/site-packages/airflow/example_dags/example_setup_teardown.py
[2023-12-08T02:53:55.060+0000] {processor.py:839} INFO - DAG(s) dict_keys(['example_setup_teardown']) retrieved from /home/airflow/.local/lib/python3.8/site-packages/airflow/example_dags/example_setup_teardown.py
[2023-12-08T02:53:55.120+0000] {logging_mixin.py:154} INFO - [2023-12-08T02:53:55.119+0000] {dag.py:2941} INFO - Sync 1 DAGs
[2023-12-08T02:53:55.187+0000] {logging_mixin.py:154} INFO - [2023-12-08T02:53:55.187+0000] {dag.py:3722} INFO - Setting next_dagrun for example_setup_teardown to 2023-12-07T02:53:55.186493+00:00, run_after=2023-12-08T02:53:55.186493+00:00
[2023-12-08T02:53:55.247+0000] {processor.py:179} INFO - Processing /home/airflow/.local/lib/python3.8/site-packages/airflow/example_dags/example_setup_teardown.py took 0.227 seconds
[2023-12-08T02:54:25.660+0000] {processor.py:157} INFO - Started process (PID=1603) to work on /home/airflow/.local/lib/python3.8/site-packages/airflow/example_dags/example_setup_teardown.py
[2023-12-08T02:54:25.684+0000] {processor.py:829} INFO - Processing file /home/airflow/.local/lib/python3.8/site-packages/airflow/example_dags/example_setup_teardown.py for tasks to queue
[2023-12-08T02:54:25.698+0000] {logging_mixin.py:154} INFO - [2023-12-08T02:54:25.698+0000] {dagbag.py:536} INFO - Filling up the DagBag from /home/airflow/.local/lib/python3.8/site-packages/airflow/example_dags/example_setup_teardown.py
[2023-12-08T02:54:25.844+0000] {processor.py:839} INFO - DAG(s) dict_keys(['example_setup_teardown']) retrieved from /home/airflow/.local/lib/python3.8/site-packages/airflow/example_dags/example_setup_teardown.py
[2023-12-08T02:54:26.240+0000] {logging_mixin.py:154} INFO - [2023-12-08T02:54:26.240+0000] {dag.py:2941} INFO - Sync 1 DAGs
[2023-12-08T02:54:26.353+0000] {logging_mixin.py:154} INFO - [2023-12-08T02:54:26.352+0000] {dag.py:3722} INFO - Setting next_dagrun for example_setup_teardown to 2023-12-07T02:54:26.351480+00:00, run_after=2023-12-08T02:54:26.351480+00:00
[2023-12-08T02:54:26.416+0000] {processor.py:179} INFO - Processing /home/airflow/.local/lib/python3.8/site-packages/airflow/example_dags/example_setup_teardown.py took 0.777 seconds
[2023-12-08T02:54:57.092+0000] {processor.py:157} INFO - Started process (PID=1657) to work on /home/airflow/.local/lib/python3.8/site-packages/airflow/example_dags/example_setup_teardown.py
[2023-12-08T02:54:57.094+0000] {processor.py:829} INFO - Processing file /home/airflow/.local/lib/python3.8/site-packages/airflow/example_dags/example_setup_teardown.py for tasks to queue
[2023-12-08T02:54:57.105+0000] {logging_mixin.py:154} INFO - [2023-12-08T02:54:57.105+0000] {dagbag.py:536} INFO - Filling up the DagBag from /home/airflow/.local/lib/python3.8/site-packages/airflow/example_dags/example_setup_teardown.py
[2023-12-08T02:54:57.121+0000] {processor.py:839} INFO - DAG(s) dict_keys(['example_setup_teardown']) retrieved from /home/airflow/.local/lib/python3.8/site-packages/airflow/example_dags/example_setup_teardown.py
[2023-12-08T02:54:57.177+0000] {logging_mixin.py:154} INFO - [2023-12-08T02:54:57.177+0000] {dag.py:2941} INFO - Sync 1 DAGs
[2023-12-08T02:54:57.243+0000] {logging_mixin.py:154} INFO - [2023-12-08T02:54:57.242+0000] {dag.py:3722} INFO - Setting next_dagrun for example_setup_teardown to 2023-12-07T02:54:57.242290+00:00, run_after=2023-12-08T02:54:57.242290+00:00
[2023-12-08T02:54:57.294+0000] {processor.py:179} INFO - Processing /home/airflow/.local/lib/python3.8/site-packages/airflow/example_dags/example_setup_teardown.py took 0.210 seconds
[2023-12-08T02:55:27.613+0000] {processor.py:157} INFO - Started process (PID=1711) to work on /home/airflow/.local/lib/python3.8/site-packages/airflow/example_dags/example_setup_teardown.py
[2023-12-08T02:55:27.616+0000] {processor.py:829} INFO - Processing file /home/airflow/.local/lib/python3.8/site-packages/airflow/example_dags/example_setup_teardown.py for tasks to queue
[2023-12-08T02:55:27.624+0000] {logging_mixin.py:154} INFO - [2023-12-08T02:55:27.624+0000] {dagbag.py:536} INFO - Filling up the DagBag from /home/airflow/.local/lib/python3.8/site-packages/airflow/example_dags/example_setup_teardown.py
[2023-12-08T02:55:27.657+0000] {processor.py:839} INFO - DAG(s) dict_keys(['example_setup_teardown']) retrieved from /home/airflow/.local/lib/python3.8/site-packages/airflow/example_dags/example_setup_teardown.py
[2023-12-08T02:55:27.791+0000] {logging_mixin.py:154} INFO - [2023-12-08T02:55:27.790+0000] {dag.py:2941} INFO - Sync 1 DAGs
[2023-12-08T02:55:27.869+0000] {logging_mixin.py:154} INFO - [2023-12-08T02:55:27.866+0000] {dag.py:3722} INFO - Setting next_dagrun for example_setup_teardown to 2023-12-07T02:55:27.865973+00:00, run_after=2023-12-08T02:55:27.865973+00:00
[2023-12-08T02:55:27.995+0000] {processor.py:179} INFO - Processing /home/airflow/.local/lib/python3.8/site-packages/airflow/example_dags/example_setup_teardown.py took 0.388 seconds
[2023-12-08T02:55:58.307+0000] {processor.py:157} INFO - Started process (PID=1766) to work on /home/airflow/.local/lib/python3.8/site-packages/airflow/example_dags/example_setup_teardown.py
[2023-12-08T02:55:58.312+0000] {processor.py:829} INFO - Processing file /home/airflow/.local/lib/python3.8/site-packages/airflow/example_dags/example_setup_teardown.py for tasks to queue
[2023-12-08T02:55:58.325+0000] {logging_mixin.py:154} INFO - [2023-12-08T02:55:58.325+0000] {dagbag.py:536} INFO - Filling up the DagBag from /home/airflow/.local/lib/python3.8/site-packages/airflow/example_dags/example_setup_teardown.py
[2023-12-08T02:55:58.357+0000] {processor.py:839} INFO - DAG(s) dict_keys(['example_setup_teardown']) retrieved from /home/airflow/.local/lib/python3.8/site-packages/airflow/example_dags/example_setup_teardown.py
[2023-12-08T02:55:58.452+0000] {logging_mixin.py:154} INFO - [2023-12-08T02:55:58.451+0000] {dag.py:2941} INFO - Sync 1 DAGs
[2023-12-08T02:55:58.587+0000] {logging_mixin.py:154} INFO - [2023-12-08T02:55:58.586+0000] {dag.py:3722} INFO - Setting next_dagrun for example_setup_teardown to 2023-12-07T02:55:58.585570+00:00, run_after=2023-12-08T02:55:58.585570+00:00
[2023-12-08T02:55:58.702+0000] {processor.py:179} INFO - Processing /home/airflow/.local/lib/python3.8/site-packages/airflow/example_dags/example_setup_teardown.py took 0.410 seconds
[2023-12-08T02:56:29.084+0000] {processor.py:157} INFO - Started process (PID=1820) to work on /home/airflow/.local/lib/python3.8/site-packages/airflow/example_dags/example_setup_teardown.py
[2023-12-08T02:56:29.086+0000] {processor.py:829} INFO - Processing file /home/airflow/.local/lib/python3.8/site-packages/airflow/example_dags/example_setup_teardown.py for tasks to queue
[2023-12-08T02:56:29.095+0000] {logging_mixin.py:154} INFO - [2023-12-08T02:56:29.095+0000] {dagbag.py:536} INFO - Filling up the DagBag from /home/airflow/.local/lib/python3.8/site-packages/airflow/example_dags/example_setup_teardown.py
[2023-12-08T02:56:29.113+0000] {processor.py:839} INFO - DAG(s) dict_keys(['example_setup_teardown']) retrieved from /home/airflow/.local/lib/python3.8/site-packages/airflow/example_dags/example_setup_teardown.py
[2023-12-08T02:56:29.176+0000] {logging_mixin.py:154} INFO - [2023-12-08T02:56:29.176+0000] {dag.py:2941} INFO - Sync 1 DAGs
[2023-12-08T02:56:29.233+0000] {logging_mixin.py:154} INFO - [2023-12-08T02:56:29.232+0000] {dag.py:3722} INFO - Setting next_dagrun for example_setup_teardown to 2023-12-07T02:56:29.232201+00:00, run_after=2023-12-08T02:56:29.232201+00:00
[2023-12-08T02:56:29.278+0000] {processor.py:179} INFO - Processing /home/airflow/.local/lib/python3.8/site-packages/airflow/example_dags/example_setup_teardown.py took 0.200 seconds
[2023-12-08T02:56:59.467+0000] {processor.py:157} INFO - Started process (PID=1881) to work on /home/airflow/.local/lib/python3.8/site-packages/airflow/example_dags/example_setup_teardown.py
[2023-12-08T02:56:59.470+0000] {processor.py:829} INFO - Processing file /home/airflow/.local/lib/python3.8/site-packages/airflow/example_dags/example_setup_teardown.py for tasks to queue
[2023-12-08T02:56:59.481+0000] {logging_mixin.py:154} INFO - [2023-12-08T02:56:59.480+0000] {dagbag.py:536} INFO - Filling up the DagBag from /home/airflow/.local/lib/python3.8/site-packages/airflow/example_dags/example_setup_teardown.py
[2023-12-08T02:56:59.503+0000] {processor.py:839} INFO - DAG(s) dict_keys(['example_setup_teardown']) retrieved from /home/airflow/.local/lib/python3.8/site-packages/airflow/example_dags/example_setup_teardown.py
[2023-12-08T02:56:59.582+0000] {logging_mixin.py:154} INFO - [2023-12-08T02:56:59.581+0000] {dag.py:2941} INFO - Sync 1 DAGs
[2023-12-08T02:56:59.675+0000] {logging_mixin.py:154} INFO - [2023-12-08T02:56:59.675+0000] {dag.py:3722} INFO - Setting next_dagrun for example_setup_teardown to 2023-12-07T02:56:59.675144+00:00, run_after=2023-12-08T02:56:59.675144+00:00
[2023-12-08T02:56:59.729+0000] {processor.py:179} INFO - Processing /home/airflow/.local/lib/python3.8/site-packages/airflow/example_dags/example_setup_teardown.py took 0.274 seconds
