[2023-12-08T02:39:22.149+0000] {processor.py:157} INFO - Started process (PID=79) to work on /home/airflow/.local/lib/python3.8/site-packages/airflow/example_dags/example_kubernetes_executor.py
[2023-12-08T02:39:22.152+0000] {processor.py:829} INFO - Processing file /home/airflow/.local/lib/python3.8/site-packages/airflow/example_dags/example_kubernetes_executor.py for tasks to queue
[2023-12-08T02:39:22.163+0000] {logging_mixin.py:154} INFO - [2023-12-08T02:39:22.161+0000] {dagbag.py:536} INFO - Filling up the DagBag from /home/airflow/.local/lib/python3.8/site-packages/airflow/example_dags/example_kubernetes_executor.py
[2023-12-08T02:39:22.235+0000] {processor.py:839} INFO - DAG(s) dict_keys(['example_kubernetes_executor']) retrieved from /home/airflow/.local/lib/python3.8/site-packages/airflow/example_dags/example_kubernetes_executor.py
[2023-12-08T02:39:22.517+0000] {logging_mixin.py:154} INFO - [2023-12-08T02:39:22.516+0000] {dag.py:2941} INFO - Sync 1 DAGs
[2023-12-08T02:39:22.627+0000] {logging_mixin.py:154} INFO - [2023-12-08T02:39:22.615+0000] {dag.py:3722} INFO - Setting next_dagrun for example_kubernetes_executor to None, run_after=None
[2023-12-08T02:39:22.716+0000] {processor.py:179} INFO - Processing /home/airflow/.local/lib/python3.8/site-packages/airflow/example_dags/example_kubernetes_executor.py took 0.585 seconds
[2023-12-08T02:39:53.002+0000] {processor.py:157} INFO - Started process (PID=133) to work on /home/airflow/.local/lib/python3.8/site-packages/airflow/example_dags/example_kubernetes_executor.py
[2023-12-08T02:39:53.005+0000] {processor.py:829} INFO - Processing file /home/airflow/.local/lib/python3.8/site-packages/airflow/example_dags/example_kubernetes_executor.py for tasks to queue
[2023-12-08T02:39:53.013+0000] {logging_mixin.py:154} INFO - [2023-12-08T02:39:53.013+0000] {dagbag.py:536} INFO - Filling up the DagBag from /home/airflow/.local/lib/python3.8/site-packages/airflow/example_dags/example_kubernetes_executor.py
[2023-12-08T02:39:53.092+0000] {processor.py:839} INFO - DAG(s) dict_keys(['example_kubernetes_executor']) retrieved from /home/airflow/.local/lib/python3.8/site-packages/airflow/example_dags/example_kubernetes_executor.py
[2023-12-08T02:39:53.283+0000] {logging_mixin.py:154} INFO - [2023-12-08T02:39:53.282+0000] {dag.py:2941} INFO - Sync 1 DAGs
[2023-12-08T02:39:53.339+0000] {logging_mixin.py:154} INFO - [2023-12-08T02:39:53.338+0000] {dag.py:3722} INFO - Setting next_dagrun for example_kubernetes_executor to None, run_after=None
[2023-12-08T02:39:53.441+0000] {processor.py:179} INFO - Processing /home/airflow/.local/lib/python3.8/site-packages/airflow/example_dags/example_kubernetes_executor.py took 0.452 seconds
[2023-12-08T02:40:25.150+0000] {processor.py:157} INFO - Started process (PID=187) to work on /home/airflow/.local/lib/python3.8/site-packages/airflow/example_dags/example_kubernetes_executor.py
[2023-12-08T02:40:25.152+0000] {processor.py:829} INFO - Processing file /home/airflow/.local/lib/python3.8/site-packages/airflow/example_dags/example_kubernetes_executor.py for tasks to queue
[2023-12-08T02:40:25.156+0000] {logging_mixin.py:154} INFO - [2023-12-08T02:40:25.155+0000] {dagbag.py:536} INFO - Filling up the DagBag from /home/airflow/.local/lib/python3.8/site-packages/airflow/example_dags/example_kubernetes_executor.py
[2023-12-08T02:40:25.188+0000] {processor.py:839} INFO - DAG(s) dict_keys(['example_kubernetes_executor']) retrieved from /home/airflow/.local/lib/python3.8/site-packages/airflow/example_dags/example_kubernetes_executor.py
[2023-12-08T02:40:25.259+0000] {logging_mixin.py:154} INFO - [2023-12-08T02:40:25.259+0000] {dag.py:2941} INFO - Sync 1 DAGs
[2023-12-08T02:40:25.289+0000] {logging_mixin.py:154} INFO - [2023-12-08T02:40:25.289+0000] {dag.py:3722} INFO - Setting next_dagrun for example_kubernetes_executor to None, run_after=None
[2023-12-08T02:40:25.329+0000] {processor.py:179} INFO - Processing /home/airflow/.local/lib/python3.8/site-packages/airflow/example_dags/example_kubernetes_executor.py took 0.185 seconds
[2023-12-08T02:40:58.167+0000] {processor.py:157} INFO - Started process (PID=241) to work on /home/airflow/.local/lib/python3.8/site-packages/airflow/example_dags/example_kubernetes_executor.py
[2023-12-08T02:40:58.181+0000] {processor.py:829} INFO - Processing file /home/airflow/.local/lib/python3.8/site-packages/airflow/example_dags/example_kubernetes_executor.py for tasks to queue
[2023-12-08T02:40:58.189+0000] {logging_mixin.py:154} INFO - [2023-12-08T02:40:58.188+0000] {dagbag.py:536} INFO - Filling up the DagBag from /home/airflow/.local/lib/python3.8/site-packages/airflow/example_dags/example_kubernetes_executor.py
[2023-12-08T02:40:58.228+0000] {processor.py:839} INFO - DAG(s) dict_keys(['example_kubernetes_executor']) retrieved from /home/airflow/.local/lib/python3.8/site-packages/airflow/example_dags/example_kubernetes_executor.py
[2023-12-08T02:40:58.400+0000] {logging_mixin.py:154} INFO - [2023-12-08T02:40:58.399+0000] {dag.py:2941} INFO - Sync 1 DAGs
[2023-12-08T02:40:58.489+0000] {logging_mixin.py:154} INFO - [2023-12-08T02:40:58.484+0000] {dag.py:3722} INFO - Setting next_dagrun for example_kubernetes_executor to None, run_after=None
[2023-12-08T02:40:58.596+0000] {processor.py:179} INFO - Processing /home/airflow/.local/lib/python3.8/site-packages/airflow/example_dags/example_kubernetes_executor.py took 0.443 seconds
[2023-12-08T02:41:29.070+0000] {processor.py:157} INFO - Started process (PID=295) to work on /home/airflow/.local/lib/python3.8/site-packages/airflow/example_dags/example_kubernetes_executor.py
[2023-12-08T02:41:29.073+0000] {processor.py:829} INFO - Processing file /home/airflow/.local/lib/python3.8/site-packages/airflow/example_dags/example_kubernetes_executor.py for tasks to queue
[2023-12-08T02:41:29.090+0000] {logging_mixin.py:154} INFO - [2023-12-08T02:41:29.078+0000] {dagbag.py:536} INFO - Filling up the DagBag from /home/airflow/.local/lib/python3.8/site-packages/airflow/example_dags/example_kubernetes_executor.py
[2023-12-08T02:41:29.224+0000] {processor.py:839} INFO - DAG(s) dict_keys(['example_kubernetes_executor']) retrieved from /home/airflow/.local/lib/python3.8/site-packages/airflow/example_dags/example_kubernetes_executor.py
[2023-12-08T02:41:29.524+0000] {logging_mixin.py:154} INFO - [2023-12-08T02:41:29.523+0000] {dag.py:2941} INFO - Sync 1 DAGs
[2023-12-08T02:41:29.640+0000] {logging_mixin.py:154} INFO - [2023-12-08T02:41:29.640+0000] {dag.py:3722} INFO - Setting next_dagrun for example_kubernetes_executor to None, run_after=None
[2023-12-08T02:41:29.770+0000] {processor.py:179} INFO - Processing /home/airflow/.local/lib/python3.8/site-packages/airflow/example_dags/example_kubernetes_executor.py took 0.744 seconds
[2023-12-08T02:42:00.355+0000] {processor.py:157} INFO - Started process (PID=350) to work on /home/airflow/.local/lib/python3.8/site-packages/airflow/example_dags/example_kubernetes_executor.py
[2023-12-08T02:42:00.359+0000] {processor.py:829} INFO - Processing file /home/airflow/.local/lib/python3.8/site-packages/airflow/example_dags/example_kubernetes_executor.py for tasks to queue
[2023-12-08T02:42:00.366+0000] {logging_mixin.py:154} INFO - [2023-12-08T02:42:00.365+0000] {dagbag.py:536} INFO - Filling up the DagBag from /home/airflow/.local/lib/python3.8/site-packages/airflow/example_dags/example_kubernetes_executor.py
[2023-12-08T02:42:00.428+0000] {processor.py:839} INFO - DAG(s) dict_keys(['example_kubernetes_executor']) retrieved from /home/airflow/.local/lib/python3.8/site-packages/airflow/example_dags/example_kubernetes_executor.py
[2023-12-08T02:42:00.675+0000] {logging_mixin.py:154} INFO - [2023-12-08T02:42:00.675+0000] {dag.py:2941} INFO - Sync 1 DAGs
[2023-12-08T02:42:00.773+0000] {logging_mixin.py:154} INFO - [2023-12-08T02:42:00.772+0000] {dag.py:3722} INFO - Setting next_dagrun for example_kubernetes_executor to None, run_after=None
[2023-12-08T02:42:00.883+0000] {processor.py:179} INFO - Processing /home/airflow/.local/lib/python3.8/site-packages/airflow/example_dags/example_kubernetes_executor.py took 0.539 seconds
[2023-12-08T02:42:37.508+0000] {processor.py:157} INFO - Started process (PID=404) to work on /home/airflow/.local/lib/python3.8/site-packages/airflow/example_dags/example_kubernetes_executor.py
[2023-12-08T02:42:37.538+0000] {processor.py:829} INFO - Processing file /home/airflow/.local/lib/python3.8/site-packages/airflow/example_dags/example_kubernetes_executor.py for tasks to queue
[2023-12-08T02:42:37.545+0000] {logging_mixin.py:154} INFO - [2023-12-08T02:42:37.544+0000] {dagbag.py:536} INFO - Filling up the DagBag from /home/airflow/.local/lib/python3.8/site-packages/airflow/example_dags/example_kubernetes_executor.py
[2023-12-08T02:42:37.736+0000] {processor.py:839} INFO - DAG(s) dict_keys(['example_kubernetes_executor']) retrieved from /home/airflow/.local/lib/python3.8/site-packages/airflow/example_dags/example_kubernetes_executor.py
[2023-12-08T02:42:38.079+0000] {logging_mixin.py:154} INFO - [2023-12-08T02:42:38.078+0000] {dag.py:2941} INFO - Sync 1 DAGs
[2023-12-08T02:42:38.193+0000] {logging_mixin.py:154} INFO - [2023-12-08T02:42:38.192+0000] {dag.py:3722} INFO - Setting next_dagrun for example_kubernetes_executor to None, run_after=None
[2023-12-08T02:42:38.356+0000] {processor.py:179} INFO - Processing /home/airflow/.local/lib/python3.8/site-packages/airflow/example_dags/example_kubernetes_executor.py took 0.886 seconds
[2023-12-08T02:43:12.154+0000] {processor.py:157} INFO - Started process (PID=458) to work on /home/airflow/.local/lib/python3.8/site-packages/airflow/example_dags/example_kubernetes_executor.py
[2023-12-08T02:43:12.158+0000] {processor.py:829} INFO - Processing file /home/airflow/.local/lib/python3.8/site-packages/airflow/example_dags/example_kubernetes_executor.py for tasks to queue
[2023-12-08T02:43:12.168+0000] {logging_mixin.py:154} INFO - [2023-12-08T02:43:12.164+0000] {dagbag.py:536} INFO - Filling up the DagBag from /home/airflow/.local/lib/python3.8/site-packages/airflow/example_dags/example_kubernetes_executor.py
[2023-12-08T02:43:12.281+0000] {processor.py:839} INFO - DAG(s) dict_keys(['example_kubernetes_executor']) retrieved from /home/airflow/.local/lib/python3.8/site-packages/airflow/example_dags/example_kubernetes_executor.py
[2023-12-08T02:43:12.609+0000] {logging_mixin.py:154} INFO - [2023-12-08T02:43:12.608+0000] {dag.py:2941} INFO - Sync 1 DAGs
[2023-12-08T02:43:12.714+0000] {logging_mixin.py:154} INFO - [2023-12-08T02:43:12.713+0000] {dag.py:3722} INFO - Setting next_dagrun for example_kubernetes_executor to None, run_after=None
[2023-12-08T02:43:12.996+0000] {processor.py:179} INFO - Processing /home/airflow/.local/lib/python3.8/site-packages/airflow/example_dags/example_kubernetes_executor.py took 0.857 seconds
[2023-12-08T02:43:45.940+0000] {processor.py:157} INFO - Started process (PID=513) to work on /home/airflow/.local/lib/python3.8/site-packages/airflow/example_dags/example_kubernetes_executor.py
[2023-12-08T02:43:45.943+0000] {processor.py:829} INFO - Processing file /home/airflow/.local/lib/python3.8/site-packages/airflow/example_dags/example_kubernetes_executor.py for tasks to queue
[2023-12-08T02:43:45.950+0000] {logging_mixin.py:154} INFO - [2023-12-08T02:43:45.949+0000] {dagbag.py:536} INFO - Filling up the DagBag from /home/airflow/.local/lib/python3.8/site-packages/airflow/example_dags/example_kubernetes_executor.py
[2023-12-08T02:43:45.995+0000] {processor.py:839} INFO - DAG(s) dict_keys(['example_kubernetes_executor']) retrieved from /home/airflow/.local/lib/python3.8/site-packages/airflow/example_dags/example_kubernetes_executor.py
[2023-12-08T02:43:46.116+0000] {logging_mixin.py:154} INFO - [2023-12-08T02:43:46.116+0000] {dag.py:2941} INFO - Sync 1 DAGs
[2023-12-08T02:43:46.156+0000] {logging_mixin.py:154} INFO - [2023-12-08T02:43:46.156+0000] {dag.py:3722} INFO - Setting next_dagrun for example_kubernetes_executor to None, run_after=None
[2023-12-08T02:43:46.222+0000] {processor.py:179} INFO - Processing /home/airflow/.local/lib/python3.8/site-packages/airflow/example_dags/example_kubernetes_executor.py took 0.292 seconds
[2023-12-08T02:44:16.813+0000] {processor.py:157} INFO - Started process (PID=567) to work on /home/airflow/.local/lib/python3.8/site-packages/airflow/example_dags/example_kubernetes_executor.py
[2023-12-08T02:44:16.818+0000] {processor.py:829} INFO - Processing file /home/airflow/.local/lib/python3.8/site-packages/airflow/example_dags/example_kubernetes_executor.py for tasks to queue
[2023-12-08T02:44:16.826+0000] {logging_mixin.py:154} INFO - [2023-12-08T02:44:16.825+0000] {dagbag.py:536} INFO - Filling up the DagBag from /home/airflow/.local/lib/python3.8/site-packages/airflow/example_dags/example_kubernetes_executor.py
[2023-12-08T02:44:16.883+0000] {processor.py:839} INFO - DAG(s) dict_keys(['example_kubernetes_executor']) retrieved from /home/airflow/.local/lib/python3.8/site-packages/airflow/example_dags/example_kubernetes_executor.py
[2023-12-08T02:44:17.018+0000] {logging_mixin.py:154} INFO - [2023-12-08T02:44:17.017+0000] {dag.py:2941} INFO - Sync 1 DAGs
[2023-12-08T02:44:17.066+0000] {logging_mixin.py:154} INFO - [2023-12-08T02:44:17.065+0000] {dag.py:3722} INFO - Setting next_dagrun for example_kubernetes_executor to None, run_after=None
[2023-12-08T02:44:17.139+0000] {processor.py:179} INFO - Processing /home/airflow/.local/lib/python3.8/site-packages/airflow/example_dags/example_kubernetes_executor.py took 0.337 seconds
[2023-12-08T02:44:47.487+0000] {processor.py:157} INFO - Started process (PID=622) to work on /home/airflow/.local/lib/python3.8/site-packages/airflow/example_dags/example_kubernetes_executor.py
[2023-12-08T02:44:47.489+0000] {processor.py:829} INFO - Processing file /home/airflow/.local/lib/python3.8/site-packages/airflow/example_dags/example_kubernetes_executor.py for tasks to queue
[2023-12-08T02:44:47.494+0000] {logging_mixin.py:154} INFO - [2023-12-08T02:44:47.494+0000] {dagbag.py:536} INFO - Filling up the DagBag from /home/airflow/.local/lib/python3.8/site-packages/airflow/example_dags/example_kubernetes_executor.py
[2023-12-08T02:44:47.540+0000] {processor.py:839} INFO - DAG(s) dict_keys(['example_kubernetes_executor']) retrieved from /home/airflow/.local/lib/python3.8/site-packages/airflow/example_dags/example_kubernetes_executor.py
[2023-12-08T02:44:47.653+0000] {logging_mixin.py:154} INFO - [2023-12-08T02:44:47.652+0000] {dag.py:2941} INFO - Sync 1 DAGs
[2023-12-08T02:44:47.691+0000] {logging_mixin.py:154} INFO - [2023-12-08T02:44:47.690+0000] {dag.py:3722} INFO - Setting next_dagrun for example_kubernetes_executor to None, run_after=None
[2023-12-08T02:44:47.732+0000] {processor.py:179} INFO - Processing /home/airflow/.local/lib/python3.8/site-packages/airflow/example_dags/example_kubernetes_executor.py took 0.254 seconds
[2023-12-08T02:45:18.143+0000] {processor.py:157} INFO - Started process (PID=676) to work on /home/airflow/.local/lib/python3.8/site-packages/airflow/example_dags/example_kubernetes_executor.py
[2023-12-08T02:45:18.144+0000] {processor.py:829} INFO - Processing file /home/airflow/.local/lib/python3.8/site-packages/airflow/example_dags/example_kubernetes_executor.py for tasks to queue
[2023-12-08T02:45:18.148+0000] {logging_mixin.py:154} INFO - [2023-12-08T02:45:18.147+0000] {dagbag.py:536} INFO - Filling up the DagBag from /home/airflow/.local/lib/python3.8/site-packages/airflow/example_dags/example_kubernetes_executor.py
[2023-12-08T02:45:18.171+0000] {processor.py:839} INFO - DAG(s) dict_keys(['example_kubernetes_executor']) retrieved from /home/airflow/.local/lib/python3.8/site-packages/airflow/example_dags/example_kubernetes_executor.py
[2023-12-08T02:45:18.246+0000] {logging_mixin.py:154} INFO - [2023-12-08T02:45:18.246+0000] {dag.py:2941} INFO - Sync 1 DAGs
[2023-12-08T02:45:18.276+0000] {logging_mixin.py:154} INFO - [2023-12-08T02:45:18.275+0000] {dag.py:3722} INFO - Setting next_dagrun for example_kubernetes_executor to None, run_after=None
[2023-12-08T02:45:18.312+0000] {processor.py:179} INFO - Processing /home/airflow/.local/lib/python3.8/site-packages/airflow/example_dags/example_kubernetes_executor.py took 0.174 seconds
[2023-12-08T02:45:52.752+0000] {processor.py:157} INFO - Started process (PID=735) to work on /home/airflow/.local/lib/python3.8/site-packages/airflow/example_dags/example_kubernetes_executor.py
[2023-12-08T02:45:52.771+0000] {processor.py:829} INFO - Processing file /home/airflow/.local/lib/python3.8/site-packages/airflow/example_dags/example_kubernetes_executor.py for tasks to queue
[2023-12-08T02:45:52.792+0000] {logging_mixin.py:154} INFO - [2023-12-08T02:45:52.778+0000] {dagbag.py:536} INFO - Filling up the DagBag from /home/airflow/.local/lib/python3.8/site-packages/airflow/example_dags/example_kubernetes_executor.py
[2023-12-08T02:45:52.943+0000] {processor.py:839} INFO - DAG(s) dict_keys(['example_kubernetes_executor']) retrieved from /home/airflow/.local/lib/python3.8/site-packages/airflow/example_dags/example_kubernetes_executor.py
[2023-12-08T02:45:53.339+0000] {logging_mixin.py:154} INFO - [2023-12-08T02:45:53.339+0000] {dag.py:2941} INFO - Sync 1 DAGs
[2023-12-08T02:45:53.418+0000] {logging_mixin.py:154} INFO - [2023-12-08T02:45:53.417+0000] {dag.py:3722} INFO - Setting next_dagrun for example_kubernetes_executor to None, run_after=None
[2023-12-08T02:45:53.641+0000] {processor.py:179} INFO - Processing /home/airflow/.local/lib/python3.8/site-packages/airflow/example_dags/example_kubernetes_executor.py took 0.969 seconds
[2023-12-08T02:46:37.590+0000] {processor.py:157} INFO - Started process (PID=789) to work on /home/airflow/.local/lib/python3.8/site-packages/airflow/example_dags/example_kubernetes_executor.py
[2023-12-08T02:46:37.622+0000] {processor.py:829} INFO - Processing file /home/airflow/.local/lib/python3.8/site-packages/airflow/example_dags/example_kubernetes_executor.py for tasks to queue
[2023-12-08T02:46:37.681+0000] {logging_mixin.py:154} INFO - [2023-12-08T02:46:37.680+0000] {dagbag.py:536} INFO - Filling up the DagBag from /home/airflow/.local/lib/python3.8/site-packages/airflow/example_dags/example_kubernetes_executor.py
[2023-12-08T02:46:38.061+0000] {processor.py:839} INFO - DAG(s) dict_keys(['example_kubernetes_executor']) retrieved from /home/airflow/.local/lib/python3.8/site-packages/airflow/example_dags/example_kubernetes_executor.py
[2023-12-08T02:46:38.655+0000] {logging_mixin.py:154} INFO - [2023-12-08T02:46:38.654+0000] {dag.py:2941} INFO - Sync 1 DAGs
[2023-12-08T02:46:38.812+0000] {logging_mixin.py:154} INFO - [2023-12-08T02:46:38.811+0000] {dag.py:3722} INFO - Setting next_dagrun for example_kubernetes_executor to None, run_after=None
[2023-12-08T02:46:39.011+0000] {processor.py:179} INFO - Processing /home/airflow/.local/lib/python3.8/site-packages/airflow/example_dags/example_kubernetes_executor.py took 1.500 seconds
[2023-12-08T02:47:09.364+0000] {processor.py:157} INFO - Started process (PID=843) to work on /home/airflow/.local/lib/python3.8/site-packages/airflow/example_dags/example_kubernetes_executor.py
[2023-12-08T02:47:09.377+0000] {processor.py:829} INFO - Processing file /home/airflow/.local/lib/python3.8/site-packages/airflow/example_dags/example_kubernetes_executor.py for tasks to queue
[2023-12-08T02:47:09.383+0000] {logging_mixin.py:154} INFO - [2023-12-08T02:47:09.382+0000] {dagbag.py:536} INFO - Filling up the DagBag from /home/airflow/.local/lib/python3.8/site-packages/airflow/example_dags/example_kubernetes_executor.py
[2023-12-08T02:47:09.456+0000] {processor.py:839} INFO - DAG(s) dict_keys(['example_kubernetes_executor']) retrieved from /home/airflow/.local/lib/python3.8/site-packages/airflow/example_dags/example_kubernetes_executor.py
[2023-12-08T02:47:09.681+0000] {logging_mixin.py:154} INFO - [2023-12-08T02:47:09.681+0000] {dag.py:2941} INFO - Sync 1 DAGs
[2023-12-08T02:47:09.758+0000] {logging_mixin.py:154} INFO - [2023-12-08T02:47:09.756+0000] {dag.py:3722} INFO - Setting next_dagrun for example_kubernetes_executor to None, run_after=None
[2023-12-08T02:47:09.867+0000] {processor.py:179} INFO - Processing /home/airflow/.local/lib/python3.8/site-packages/airflow/example_dags/example_kubernetes_executor.py took 0.514 seconds
[2023-12-08T02:47:39.946+0000] {processor.py:157} INFO - Started process (PID=897) to work on /home/airflow/.local/lib/python3.8/site-packages/airflow/example_dags/example_kubernetes_executor.py
[2023-12-08T02:47:39.948+0000] {processor.py:829} INFO - Processing file /home/airflow/.local/lib/python3.8/site-packages/airflow/example_dags/example_kubernetes_executor.py for tasks to queue
[2023-12-08T02:47:39.954+0000] {logging_mixin.py:154} INFO - [2023-12-08T02:47:39.953+0000] {dagbag.py:536} INFO - Filling up the DagBag from /home/airflow/.local/lib/python3.8/site-packages/airflow/example_dags/example_kubernetes_executor.py
[2023-12-08T02:47:39.987+0000] {processor.py:839} INFO - DAG(s) dict_keys(['example_kubernetes_executor']) retrieved from /home/airflow/.local/lib/python3.8/site-packages/airflow/example_dags/example_kubernetes_executor.py
[2023-12-08T02:47:40.061+0000] {logging_mixin.py:154} INFO - [2023-12-08T02:47:40.061+0000] {dag.py:2941} INFO - Sync 1 DAGs
[2023-12-08T02:47:40.089+0000] {logging_mixin.py:154} INFO - [2023-12-08T02:47:40.088+0000] {dag.py:3722} INFO - Setting next_dagrun for example_kubernetes_executor to None, run_after=None
[2023-12-08T02:47:40.132+0000] {processor.py:179} INFO - Processing /home/airflow/.local/lib/python3.8/site-packages/airflow/example_dags/example_kubernetes_executor.py took 0.195 seconds
[2023-12-08T02:48:12.832+0000] {processor.py:157} INFO - Started process (PID=953) to work on /home/airflow/.local/lib/python3.8/site-packages/airflow/example_dags/example_kubernetes_executor.py
[2023-12-08T02:48:13.051+0000] {processor.py:829} INFO - Processing file /home/airflow/.local/lib/python3.8/site-packages/airflow/example_dags/example_kubernetes_executor.py for tasks to queue
[2023-12-08T02:48:13.067+0000] {logging_mixin.py:154} INFO - [2023-12-08T02:48:13.066+0000] {dagbag.py:536} INFO - Filling up the DagBag from /home/airflow/.local/lib/python3.8/site-packages/airflow/example_dags/example_kubernetes_executor.py
[2023-12-08T02:48:13.272+0000] {processor.py:839} INFO - DAG(s) dict_keys(['example_kubernetes_executor']) retrieved from /home/airflow/.local/lib/python3.8/site-packages/airflow/example_dags/example_kubernetes_executor.py
[2023-12-08T02:48:13.481+0000] {logging_mixin.py:154} INFO - [2023-12-08T02:48:13.480+0000] {dag.py:2941} INFO - Sync 1 DAGs
[2023-12-08T02:48:13.542+0000] {logging_mixin.py:154} INFO - [2023-12-08T02:48:13.542+0000] {dag.py:3722} INFO - Setting next_dagrun for example_kubernetes_executor to None, run_after=None
[2023-12-08T02:48:13.846+0000] {processor.py:179} INFO - Processing /home/airflow/.local/lib/python3.8/site-packages/airflow/example_dags/example_kubernetes_executor.py took 1.093 seconds
[2023-12-08T02:48:44.462+0000] {processor.py:157} INFO - Started process (PID=1007) to work on /home/airflow/.local/lib/python3.8/site-packages/airflow/example_dags/example_kubernetes_executor.py
[2023-12-08T02:48:44.464+0000] {processor.py:829} INFO - Processing file /home/airflow/.local/lib/python3.8/site-packages/airflow/example_dags/example_kubernetes_executor.py for tasks to queue
[2023-12-08T02:48:44.468+0000] {logging_mixin.py:154} INFO - [2023-12-08T02:48:44.467+0000] {dagbag.py:536} INFO - Filling up the DagBag from /home/airflow/.local/lib/python3.8/site-packages/airflow/example_dags/example_kubernetes_executor.py
[2023-12-08T02:48:44.501+0000] {processor.py:839} INFO - DAG(s) dict_keys(['example_kubernetes_executor']) retrieved from /home/airflow/.local/lib/python3.8/site-packages/airflow/example_dags/example_kubernetes_executor.py
[2023-12-08T02:48:44.597+0000] {logging_mixin.py:154} INFO - [2023-12-08T02:48:44.597+0000] {dag.py:2941} INFO - Sync 1 DAGs
[2023-12-08T02:48:44.634+0000] {logging_mixin.py:154} INFO - [2023-12-08T02:48:44.634+0000] {dag.py:3722} INFO - Setting next_dagrun for example_kubernetes_executor to None, run_after=None
[2023-12-08T02:48:44.684+0000] {processor.py:179} INFO - Processing /home/airflow/.local/lib/python3.8/site-packages/airflow/example_dags/example_kubernetes_executor.py took 0.231 seconds
[2023-12-08T02:49:15.682+0000] {processor.py:157} INFO - Started process (PID=1061) to work on /home/airflow/.local/lib/python3.8/site-packages/airflow/example_dags/example_kubernetes_executor.py
[2023-12-08T02:49:15.684+0000] {processor.py:829} INFO - Processing file /home/airflow/.local/lib/python3.8/site-packages/airflow/example_dags/example_kubernetes_executor.py for tasks to queue
[2023-12-08T02:49:15.688+0000] {logging_mixin.py:154} INFO - [2023-12-08T02:49:15.687+0000] {dagbag.py:536} INFO - Filling up the DagBag from /home/airflow/.local/lib/python3.8/site-packages/airflow/example_dags/example_kubernetes_executor.py
[2023-12-08T02:49:15.714+0000] {processor.py:839} INFO - DAG(s) dict_keys(['example_kubernetes_executor']) retrieved from /home/airflow/.local/lib/python3.8/site-packages/airflow/example_dags/example_kubernetes_executor.py
[2023-12-08T02:49:16.005+0000] {logging_mixin.py:154} INFO - [2023-12-08T02:49:16.004+0000] {dag.py:2941} INFO - Sync 1 DAGs
[2023-12-08T02:49:16.035+0000] {logging_mixin.py:154} INFO - [2023-12-08T02:49:16.035+0000] {dag.py:3722} INFO - Setting next_dagrun for example_kubernetes_executor to None, run_after=None
[2023-12-08T02:49:16.087+0000] {processor.py:179} INFO - Processing /home/airflow/.local/lib/python3.8/site-packages/airflow/example_dags/example_kubernetes_executor.py took 0.413 seconds
[2023-12-08T02:49:47.241+0000] {processor.py:157} INFO - Started process (PID=1117) to work on /home/airflow/.local/lib/python3.8/site-packages/airflow/example_dags/example_kubernetes_executor.py
[2023-12-08T02:49:47.243+0000] {processor.py:829} INFO - Processing file /home/airflow/.local/lib/python3.8/site-packages/airflow/example_dags/example_kubernetes_executor.py for tasks to queue
[2023-12-08T02:49:47.255+0000] {logging_mixin.py:154} INFO - [2023-12-08T02:49:47.254+0000] {dagbag.py:536} INFO - Filling up the DagBag from /home/airflow/.local/lib/python3.8/site-packages/airflow/example_dags/example_kubernetes_executor.py
[2023-12-08T02:49:47.291+0000] {processor.py:839} INFO - DAG(s) dict_keys(['example_kubernetes_executor']) retrieved from /home/airflow/.local/lib/python3.8/site-packages/airflow/example_dags/example_kubernetes_executor.py
[2023-12-08T02:49:47.381+0000] {logging_mixin.py:154} INFO - [2023-12-08T02:49:47.381+0000] {dag.py:2941} INFO - Sync 1 DAGs
[2023-12-08T02:49:47.415+0000] {logging_mixin.py:154} INFO - [2023-12-08T02:49:47.415+0000] {dag.py:3722} INFO - Setting next_dagrun for example_kubernetes_executor to None, run_after=None
[2023-12-08T02:49:47.669+0000] {processor.py:179} INFO - Processing /home/airflow/.local/lib/python3.8/site-packages/airflow/example_dags/example_kubernetes_executor.py took 0.441 seconds
[2023-12-08T02:50:19.639+0000] {processor.py:157} INFO - Started process (PID=1175) to work on /home/airflow/.local/lib/python3.8/site-packages/airflow/example_dags/example_kubernetes_executor.py
[2023-12-08T02:50:19.645+0000] {processor.py:829} INFO - Processing file /home/airflow/.local/lib/python3.8/site-packages/airflow/example_dags/example_kubernetes_executor.py for tasks to queue
[2023-12-08T02:50:19.672+0000] {logging_mixin.py:154} INFO - [2023-12-08T02:50:19.660+0000] {dagbag.py:536} INFO - Filling up the DagBag from /home/airflow/.local/lib/python3.8/site-packages/airflow/example_dags/example_kubernetes_executor.py
[2023-12-08T02:50:19.843+0000] {processor.py:839} INFO - DAG(s) dict_keys(['example_kubernetes_executor']) retrieved from /home/airflow/.local/lib/python3.8/site-packages/airflow/example_dags/example_kubernetes_executor.py
[2023-12-08T02:50:20.173+0000] {logging_mixin.py:154} INFO - [2023-12-08T02:50:20.172+0000] {dag.py:2941} INFO - Sync 1 DAGs
[2023-12-08T02:50:20.250+0000] {logging_mixin.py:154} INFO - [2023-12-08T02:50:20.249+0000] {dag.py:3722} INFO - Setting next_dagrun for example_kubernetes_executor to None, run_after=None
[2023-12-08T02:50:20.342+0000] {processor.py:179} INFO - Processing /home/airflow/.local/lib/python3.8/site-packages/airflow/example_dags/example_kubernetes_executor.py took 0.730 seconds
[2023-12-08T02:50:51.130+0000] {processor.py:157} INFO - Started process (PID=1228) to work on /home/airflow/.local/lib/python3.8/site-packages/airflow/example_dags/example_kubernetes_executor.py
[2023-12-08T02:50:51.132+0000] {processor.py:829} INFO - Processing file /home/airflow/.local/lib/python3.8/site-packages/airflow/example_dags/example_kubernetes_executor.py for tasks to queue
[2023-12-08T02:50:51.141+0000] {logging_mixin.py:154} INFO - [2023-12-08T02:50:51.140+0000] {dagbag.py:536} INFO - Filling up the DagBag from /home/airflow/.local/lib/python3.8/site-packages/airflow/example_dags/example_kubernetes_executor.py
[2023-12-08T02:50:51.189+0000] {processor.py:839} INFO - DAG(s) dict_keys(['example_kubernetes_executor']) retrieved from /home/airflow/.local/lib/python3.8/site-packages/airflow/example_dags/example_kubernetes_executor.py
[2023-12-08T02:50:51.645+0000] {logging_mixin.py:154} INFO - [2023-12-08T02:50:51.645+0000] {dag.py:2941} INFO - Sync 1 DAGs
[2023-12-08T02:50:51.680+0000] {logging_mixin.py:154} INFO - [2023-12-08T02:50:51.680+0000] {dag.py:3722} INFO - Setting next_dagrun for example_kubernetes_executor to None, run_after=None
[2023-12-08T02:50:51.729+0000] {processor.py:179} INFO - Processing /home/airflow/.local/lib/python3.8/site-packages/airflow/example_dags/example_kubernetes_executor.py took 0.610 seconds
[2023-12-08T02:51:22.659+0000] {processor.py:157} INFO - Started process (PID=1283) to work on /home/airflow/.local/lib/python3.8/site-packages/airflow/example_dags/example_kubernetes_executor.py
[2023-12-08T02:51:22.664+0000] {processor.py:829} INFO - Processing file /home/airflow/.local/lib/python3.8/site-packages/airflow/example_dags/example_kubernetes_executor.py for tasks to queue
[2023-12-08T02:51:22.676+0000] {logging_mixin.py:154} INFO - [2023-12-08T02:51:22.675+0000] {dagbag.py:536} INFO - Filling up the DagBag from /home/airflow/.local/lib/python3.8/site-packages/airflow/example_dags/example_kubernetes_executor.py
[2023-12-08T02:51:22.810+0000] {processor.py:839} INFO - DAG(s) dict_keys(['example_kubernetes_executor']) retrieved from /home/airflow/.local/lib/python3.8/site-packages/airflow/example_dags/example_kubernetes_executor.py
[2023-12-08T02:51:23.239+0000] {logging_mixin.py:154} INFO - [2023-12-08T02:51:23.238+0000] {dag.py:2941} INFO - Sync 1 DAGs
[2023-12-08T02:51:23.272+0000] {logging_mixin.py:154} INFO - [2023-12-08T02:51:23.272+0000] {dag.py:3722} INFO - Setting next_dagrun for example_kubernetes_executor to None, run_after=None
[2023-12-08T02:51:23.317+0000] {processor.py:179} INFO - Processing /home/airflow/.local/lib/python3.8/site-packages/airflow/example_dags/example_kubernetes_executor.py took 0.677 seconds
[2023-12-08T02:51:53.492+0000] {processor.py:157} INFO - Started process (PID=1337) to work on /home/airflow/.local/lib/python3.8/site-packages/airflow/example_dags/example_kubernetes_executor.py
[2023-12-08T02:51:53.494+0000] {processor.py:829} INFO - Processing file /home/airflow/.local/lib/python3.8/site-packages/airflow/example_dags/example_kubernetes_executor.py for tasks to queue
[2023-12-08T02:51:53.499+0000] {logging_mixin.py:154} INFO - [2023-12-08T02:51:53.498+0000] {dagbag.py:536} INFO - Filling up the DagBag from /home/airflow/.local/lib/python3.8/site-packages/airflow/example_dags/example_kubernetes_executor.py
[2023-12-08T02:51:53.537+0000] {processor.py:839} INFO - DAG(s) dict_keys(['example_kubernetes_executor']) retrieved from /home/airflow/.local/lib/python3.8/site-packages/airflow/example_dags/example_kubernetes_executor.py
[2023-12-08T02:51:53.619+0000] {logging_mixin.py:154} INFO - [2023-12-08T02:51:53.618+0000] {dag.py:2941} INFO - Sync 1 DAGs
[2023-12-08T02:51:53.653+0000] {logging_mixin.py:154} INFO - [2023-12-08T02:51:53.652+0000] {dag.py:3722} INFO - Setting next_dagrun for example_kubernetes_executor to None, run_after=None
[2023-12-08T02:51:53.700+0000] {processor.py:179} INFO - Processing /home/airflow/.local/lib/python3.8/site-packages/airflow/example_dags/example_kubernetes_executor.py took 0.216 seconds
[2023-12-08T02:52:24.141+0000] {processor.py:157} INFO - Started process (PID=1390) to work on /home/airflow/.local/lib/python3.8/site-packages/airflow/example_dags/example_kubernetes_executor.py
[2023-12-08T02:52:24.151+0000] {processor.py:829} INFO - Processing file /home/airflow/.local/lib/python3.8/site-packages/airflow/example_dags/example_kubernetes_executor.py for tasks to queue
[2023-12-08T02:52:24.155+0000] {logging_mixin.py:154} INFO - [2023-12-08T02:52:24.155+0000] {dagbag.py:536} INFO - Filling up the DagBag from /home/airflow/.local/lib/python3.8/site-packages/airflow/example_dags/example_kubernetes_executor.py
[2023-12-08T02:52:24.194+0000] {processor.py:839} INFO - DAG(s) dict_keys(['example_kubernetes_executor']) retrieved from /home/airflow/.local/lib/python3.8/site-packages/airflow/example_dags/example_kubernetes_executor.py
[2023-12-08T02:52:24.290+0000] {logging_mixin.py:154} INFO - [2023-12-08T02:52:24.290+0000] {dag.py:2941} INFO - Sync 1 DAGs
[2023-12-08T02:52:24.325+0000] {logging_mixin.py:154} INFO - [2023-12-08T02:52:24.325+0000] {dag.py:3722} INFO - Setting next_dagrun for example_kubernetes_executor to None, run_after=None
[2023-12-08T02:52:24.383+0000] {processor.py:179} INFO - Processing /home/airflow/.local/lib/python3.8/site-packages/airflow/example_dags/example_kubernetes_executor.py took 0.249 seconds
[2023-12-08T02:52:55.030+0000] {processor.py:157} INFO - Started process (PID=1442) to work on /home/airflow/.local/lib/python3.8/site-packages/airflow/example_dags/example_kubernetes_executor.py
[2023-12-08T02:52:55.034+0000] {processor.py:829} INFO - Processing file /home/airflow/.local/lib/python3.8/site-packages/airflow/example_dags/example_kubernetes_executor.py for tasks to queue
[2023-12-08T02:52:55.052+0000] {logging_mixin.py:154} INFO - [2023-12-08T02:52:55.051+0000] {dagbag.py:536} INFO - Filling up the DagBag from /home/airflow/.local/lib/python3.8/site-packages/airflow/example_dags/example_kubernetes_executor.py
[2023-12-08T02:52:55.089+0000] {processor.py:839} INFO - DAG(s) dict_keys(['example_kubernetes_executor']) retrieved from /home/airflow/.local/lib/python3.8/site-packages/airflow/example_dags/example_kubernetes_executor.py
[2023-12-08T02:52:55.184+0000] {logging_mixin.py:154} INFO - [2023-12-08T02:52:55.183+0000] {dag.py:2941} INFO - Sync 1 DAGs
[2023-12-08T02:52:55.217+0000] {logging_mixin.py:154} INFO - [2023-12-08T02:52:55.217+0000] {dag.py:3722} INFO - Setting next_dagrun for example_kubernetes_executor to None, run_after=None
[2023-12-08T02:52:55.263+0000] {processor.py:179} INFO - Processing /home/airflow/.local/lib/python3.8/site-packages/airflow/example_dags/example_kubernetes_executor.py took 0.255 seconds
[2023-12-08T02:53:25.692+0000] {processor.py:157} INFO - Started process (PID=1497) to work on /home/airflow/.local/lib/python3.8/site-packages/airflow/example_dags/example_kubernetes_executor.py
[2023-12-08T02:53:25.694+0000] {processor.py:829} INFO - Processing file /home/airflow/.local/lib/python3.8/site-packages/airflow/example_dags/example_kubernetes_executor.py for tasks to queue
[2023-12-08T02:53:25.702+0000] {logging_mixin.py:154} INFO - [2023-12-08T02:53:25.701+0000] {dagbag.py:536} INFO - Filling up the DagBag from /home/airflow/.local/lib/python3.8/site-packages/airflow/example_dags/example_kubernetes_executor.py
[2023-12-08T02:53:25.730+0000] {processor.py:839} INFO - DAG(s) dict_keys(['example_kubernetes_executor']) retrieved from /home/airflow/.local/lib/python3.8/site-packages/airflow/example_dags/example_kubernetes_executor.py
[2023-12-08T02:53:25.823+0000] {logging_mixin.py:154} INFO - [2023-12-08T02:53:25.823+0000] {dag.py:2941} INFO - Sync 1 DAGs
[2023-12-08T02:53:25.855+0000] {logging_mixin.py:154} INFO - [2023-12-08T02:53:25.854+0000] {dag.py:3722} INFO - Setting next_dagrun for example_kubernetes_executor to None, run_after=None
[2023-12-08T02:53:25.890+0000] {processor.py:179} INFO - Processing /home/airflow/.local/lib/python3.8/site-packages/airflow/example_dags/example_kubernetes_executor.py took 0.203 seconds
[2023-12-08T02:53:56.185+0000] {processor.py:157} INFO - Started process (PID=1550) to work on /home/airflow/.local/lib/python3.8/site-packages/airflow/example_dags/example_kubernetes_executor.py
[2023-12-08T02:53:56.188+0000] {processor.py:829} INFO - Processing file /home/airflow/.local/lib/python3.8/site-packages/airflow/example_dags/example_kubernetes_executor.py for tasks to queue
[2023-12-08T02:53:56.195+0000] {logging_mixin.py:154} INFO - [2023-12-08T02:53:56.194+0000] {dagbag.py:536} INFO - Filling up the DagBag from /home/airflow/.local/lib/python3.8/site-packages/airflow/example_dags/example_kubernetes_executor.py
[2023-12-08T02:53:56.244+0000] {processor.py:839} INFO - DAG(s) dict_keys(['example_kubernetes_executor']) retrieved from /home/airflow/.local/lib/python3.8/site-packages/airflow/example_dags/example_kubernetes_executor.py
[2023-12-08T02:53:56.333+0000] {logging_mixin.py:154} INFO - [2023-12-08T02:53:56.333+0000] {dag.py:2941} INFO - Sync 1 DAGs
[2023-12-08T02:53:56.360+0000] {logging_mixin.py:154} INFO - [2023-12-08T02:53:56.360+0000] {dag.py:3722} INFO - Setting next_dagrun for example_kubernetes_executor to None, run_after=None
[2023-12-08T02:53:56.402+0000] {processor.py:179} INFO - Processing /home/airflow/.local/lib/python3.8/site-packages/airflow/example_dags/example_kubernetes_executor.py took 0.230 seconds
[2023-12-08T02:54:26.496+0000] {processor.py:157} INFO - Started process (PID=1605) to work on /home/airflow/.local/lib/python3.8/site-packages/airflow/example_dags/example_kubernetes_executor.py
[2023-12-08T02:54:26.499+0000] {processor.py:829} INFO - Processing file /home/airflow/.local/lib/python3.8/site-packages/airflow/example_dags/example_kubernetes_executor.py for tasks to queue
[2023-12-08T02:54:26.508+0000] {logging_mixin.py:154} INFO - [2023-12-08T02:54:26.506+0000] {dagbag.py:536} INFO - Filling up the DagBag from /home/airflow/.local/lib/python3.8/site-packages/airflow/example_dags/example_kubernetes_executor.py
[2023-12-08T02:54:26.577+0000] {processor.py:839} INFO - DAG(s) dict_keys(['example_kubernetes_executor']) retrieved from /home/airflow/.local/lib/python3.8/site-packages/airflow/example_dags/example_kubernetes_executor.py
[2023-12-08T02:54:26.694+0000] {logging_mixin.py:154} INFO - [2023-12-08T02:54:26.694+0000] {dag.py:2941} INFO - Sync 1 DAGs
[2023-12-08T02:54:26.765+0000] {logging_mixin.py:154} INFO - [2023-12-08T02:54:26.765+0000] {dag.py:3722} INFO - Setting next_dagrun for example_kubernetes_executor to None, run_after=None
[2023-12-08T02:54:26.914+0000] {processor.py:179} INFO - Processing /home/airflow/.local/lib/python3.8/site-packages/airflow/example_dags/example_kubernetes_executor.py took 0.428 seconds
[2023-12-08T02:54:57.357+0000] {processor.py:157} INFO - Started process (PID=1659) to work on /home/airflow/.local/lib/python3.8/site-packages/airflow/example_dags/example_kubernetes_executor.py
[2023-12-08T02:54:57.359+0000] {processor.py:829} INFO - Processing file /home/airflow/.local/lib/python3.8/site-packages/airflow/example_dags/example_kubernetes_executor.py for tasks to queue
[2023-12-08T02:54:57.363+0000] {logging_mixin.py:154} INFO - [2023-12-08T02:54:57.363+0000] {dagbag.py:536} INFO - Filling up the DagBag from /home/airflow/.local/lib/python3.8/site-packages/airflow/example_dags/example_kubernetes_executor.py
[2023-12-08T02:54:57.410+0000] {processor.py:839} INFO - DAG(s) dict_keys(['example_kubernetes_executor']) retrieved from /home/airflow/.local/lib/python3.8/site-packages/airflow/example_dags/example_kubernetes_executor.py
[2023-12-08T02:54:57.528+0000] {logging_mixin.py:154} INFO - [2023-12-08T02:54:57.528+0000] {dag.py:2941} INFO - Sync 1 DAGs
[2023-12-08T02:54:57.563+0000] {logging_mixin.py:154} INFO - [2023-12-08T02:54:57.563+0000] {dag.py:3722} INFO - Setting next_dagrun for example_kubernetes_executor to None, run_after=None
[2023-12-08T02:54:57.609+0000] {processor.py:179} INFO - Processing /home/airflow/.local/lib/python3.8/site-packages/airflow/example_dags/example_kubernetes_executor.py took 0.263 seconds
[2023-12-08T02:55:28.155+0000] {processor.py:157} INFO - Started process (PID=1713) to work on /home/airflow/.local/lib/python3.8/site-packages/airflow/example_dags/example_kubernetes_executor.py
[2023-12-08T02:55:28.170+0000] {processor.py:829} INFO - Processing file /home/airflow/.local/lib/python3.8/site-packages/airflow/example_dags/example_kubernetes_executor.py for tasks to queue
[2023-12-08T02:55:28.244+0000] {logging_mixin.py:154} INFO - [2023-12-08T02:55:28.206+0000] {dagbag.py:536} INFO - Filling up the DagBag from /home/airflow/.local/lib/python3.8/site-packages/airflow/example_dags/example_kubernetes_executor.py
[2023-12-08T02:55:28.526+0000] {processor.py:839} INFO - DAG(s) dict_keys(['example_kubernetes_executor']) retrieved from /home/airflow/.local/lib/python3.8/site-packages/airflow/example_dags/example_kubernetes_executor.py
[2023-12-08T02:55:28.859+0000] {logging_mixin.py:154} INFO - [2023-12-08T02:55:28.858+0000] {dag.py:2941} INFO - Sync 1 DAGs
[2023-12-08T02:55:28.890+0000] {logging_mixin.py:154} INFO - [2023-12-08T02:55:28.889+0000] {dag.py:3722} INFO - Setting next_dagrun for example_kubernetes_executor to None, run_after=None
[2023-12-08T02:55:28.947+0000] {processor.py:179} INFO - Processing /home/airflow/.local/lib/python3.8/site-packages/airflow/example_dags/example_kubernetes_executor.py took 0.847 seconds
[2023-12-08T02:55:59.740+0000] {processor.py:157} INFO - Started process (PID=1775) to work on /home/airflow/.local/lib/python3.8/site-packages/airflow/example_dags/example_kubernetes_executor.py
[2023-12-08T02:55:59.752+0000] {processor.py:829} INFO - Processing file /home/airflow/.local/lib/python3.8/site-packages/airflow/example_dags/example_kubernetes_executor.py for tasks to queue
[2023-12-08T02:55:59.760+0000] {logging_mixin.py:154} INFO - [2023-12-08T02:55:59.759+0000] {dagbag.py:536} INFO - Filling up the DagBag from /home/airflow/.local/lib/python3.8/site-packages/airflow/example_dags/example_kubernetes_executor.py
[2023-12-08T02:55:59.819+0000] {processor.py:839} INFO - DAG(s) dict_keys(['example_kubernetes_executor']) retrieved from /home/airflow/.local/lib/python3.8/site-packages/airflow/example_dags/example_kubernetes_executor.py
[2023-12-08T02:55:59.943+0000] {logging_mixin.py:154} INFO - [2023-12-08T02:55:59.942+0000] {dag.py:2941} INFO - Sync 1 DAGs
[2023-12-08T02:55:59.990+0000] {logging_mixin.py:154} INFO - [2023-12-08T02:55:59.989+0000] {dag.py:3722} INFO - Setting next_dagrun for example_kubernetes_executor to None, run_after=None
[2023-12-08T02:56:00.073+0000] {processor.py:179} INFO - Processing /home/airflow/.local/lib/python3.8/site-packages/airflow/example_dags/example_kubernetes_executor.py took 0.341 seconds
[2023-12-08T02:56:30.321+0000] {processor.py:157} INFO - Started process (PID=1829) to work on /home/airflow/.local/lib/python3.8/site-packages/airflow/example_dags/example_kubernetes_executor.py
[2023-12-08T02:56:30.323+0000] {processor.py:829} INFO - Processing file /home/airflow/.local/lib/python3.8/site-packages/airflow/example_dags/example_kubernetes_executor.py for tasks to queue
[2023-12-08T02:56:30.329+0000] {logging_mixin.py:154} INFO - [2023-12-08T02:56:30.329+0000] {dagbag.py:536} INFO - Filling up the DagBag from /home/airflow/.local/lib/python3.8/site-packages/airflow/example_dags/example_kubernetes_executor.py
[2023-12-08T02:56:30.363+0000] {processor.py:839} INFO - DAG(s) dict_keys(['example_kubernetes_executor']) retrieved from /home/airflow/.local/lib/python3.8/site-packages/airflow/example_dags/example_kubernetes_executor.py
[2023-12-08T02:56:30.451+0000] {logging_mixin.py:154} INFO - [2023-12-08T02:56:30.450+0000] {dag.py:2941} INFO - Sync 1 DAGs
[2023-12-08T02:56:30.482+0000] {logging_mixin.py:154} INFO - [2023-12-08T02:56:30.482+0000] {dag.py:3722} INFO - Setting next_dagrun for example_kubernetes_executor to None, run_after=None
[2023-12-08T02:56:30.544+0000] {processor.py:179} INFO - Processing /home/airflow/.local/lib/python3.8/site-packages/airflow/example_dags/example_kubernetes_executor.py took 0.231 seconds
[2023-12-08T02:57:00.765+0000] {processor.py:157} INFO - Started process (PID=1884) to work on /home/airflow/.local/lib/python3.8/site-packages/airflow/example_dags/example_kubernetes_executor.py
[2023-12-08T02:57:00.766+0000] {processor.py:829} INFO - Processing file /home/airflow/.local/lib/python3.8/site-packages/airflow/example_dags/example_kubernetes_executor.py for tasks to queue
[2023-12-08T02:57:00.773+0000] {logging_mixin.py:154} INFO - [2023-12-08T02:57:00.772+0000] {dagbag.py:536} INFO - Filling up the DagBag from /home/airflow/.local/lib/python3.8/site-packages/airflow/example_dags/example_kubernetes_executor.py
[2023-12-08T02:57:00.814+0000] {processor.py:839} INFO - DAG(s) dict_keys(['example_kubernetes_executor']) retrieved from /home/airflow/.local/lib/python3.8/site-packages/airflow/example_dags/example_kubernetes_executor.py
[2023-12-08T02:57:00.905+0000] {logging_mixin.py:154} INFO - [2023-12-08T02:57:00.905+0000] {dag.py:2941} INFO - Sync 1 DAGs
[2023-12-08T02:57:00.937+0000] {logging_mixin.py:154} INFO - [2023-12-08T02:57:00.937+0000] {dag.py:3722} INFO - Setting next_dagrun for example_kubernetes_executor to None, run_after=None
[2023-12-08T02:57:00.984+0000] {processor.py:179} INFO - Processing /home/airflow/.local/lib/python3.8/site-packages/airflow/example_dags/example_kubernetes_executor.py took 0.228 seconds
