[2023-12-08T02:39:19.421+0000] {processor.py:157} INFO - Started process (PID=72) to work on /home/airflow/.local/lib/python3.8/site-packages/airflow/example_dags/example_complex.py
[2023-12-08T02:39:19.434+0000] {processor.py:829} INFO - Processing file /home/airflow/.local/lib/python3.8/site-packages/airflow/example_dags/example_complex.py for tasks to queue
[2023-12-08T02:39:19.453+0000] {logging_mixin.py:154} INFO - [2023-12-08T02:39:19.452+0000] {dagbag.py:536} INFO - Filling up the DagBag from /home/airflow/.local/lib/python3.8/site-packages/airflow/example_dags/example_complex.py
[2023-12-08T02:39:19.588+0000] {processor.py:839} INFO - DAG(s) dict_keys(['example_complex']) retrieved from /home/airflow/.local/lib/python3.8/site-packages/airflow/example_dags/example_complex.py
[2023-12-08T02:39:19.896+0000] {logging_mixin.py:154} INFO - [2023-12-08T02:39:19.895+0000] {dag.py:2941} INFO - Sync 1 DAGs
[2023-12-08T02:39:19.998+0000] {logging_mixin.py:154} INFO - [2023-12-08T02:39:19.997+0000] {dag.py:3722} INFO - Setting next_dagrun for example_complex to None, run_after=None
[2023-12-08T02:39:20.123+0000] {processor.py:179} INFO - Processing /home/airflow/.local/lib/python3.8/site-packages/airflow/example_dags/example_complex.py took 0.765 seconds
[2023-12-08T02:39:51.820+0000] {processor.py:157} INFO - Started process (PID=126) to work on /home/airflow/.local/lib/python3.8/site-packages/airflow/example_dags/example_complex.py
[2023-12-08T02:39:51.824+0000] {processor.py:829} INFO - Processing file /home/airflow/.local/lib/python3.8/site-packages/airflow/example_dags/example_complex.py for tasks to queue
[2023-12-08T02:39:51.829+0000] {logging_mixin.py:154} INFO - [2023-12-08T02:39:51.829+0000] {dagbag.py:536} INFO - Filling up the DagBag from /home/airflow/.local/lib/python3.8/site-packages/airflow/example_dags/example_complex.py
[2023-12-08T02:39:51.876+0000] {processor.py:839} INFO - DAG(s) dict_keys(['example_complex']) retrieved from /home/airflow/.local/lib/python3.8/site-packages/airflow/example_dags/example_complex.py
[2023-12-08T02:39:52.024+0000] {logging_mixin.py:154} INFO - [2023-12-08T02:39:52.023+0000] {dag.py:2941} INFO - Sync 1 DAGs
[2023-12-08T02:39:52.078+0000] {logging_mixin.py:154} INFO - [2023-12-08T02:39:52.077+0000] {dag.py:3722} INFO - Setting next_dagrun for example_complex to None, run_after=None
[2023-12-08T02:39:52.142+0000] {processor.py:179} INFO - Processing /home/airflow/.local/lib/python3.8/site-packages/airflow/example_dags/example_complex.py took 0.328 seconds
[2023-12-08T02:40:23.844+0000] {processor.py:157} INFO - Started process (PID=180) to work on /home/airflow/.local/lib/python3.8/site-packages/airflow/example_dags/example_complex.py
[2023-12-08T02:40:23.846+0000] {processor.py:829} INFO - Processing file /home/airflow/.local/lib/python3.8/site-packages/airflow/example_dags/example_complex.py for tasks to queue
[2023-12-08T02:40:23.855+0000] {logging_mixin.py:154} INFO - [2023-12-08T02:40:23.853+0000] {dagbag.py:536} INFO - Filling up the DagBag from /home/airflow/.local/lib/python3.8/site-packages/airflow/example_dags/example_complex.py
[2023-12-08T02:40:23.898+0000] {processor.py:839} INFO - DAG(s) dict_keys(['example_complex']) retrieved from /home/airflow/.local/lib/python3.8/site-packages/airflow/example_dags/example_complex.py
[2023-12-08T02:40:24.095+0000] {logging_mixin.py:154} INFO - [2023-12-08T02:40:24.094+0000] {dag.py:2941} INFO - Sync 1 DAGs
[2023-12-08T02:40:24.157+0000] {logging_mixin.py:154} INFO - [2023-12-08T02:40:24.157+0000] {dag.py:3722} INFO - Setting next_dagrun for example_complex to None, run_after=None
[2023-12-08T02:40:24.242+0000] {processor.py:179} INFO - Processing /home/airflow/.local/lib/python3.8/site-packages/airflow/example_dags/example_complex.py took 0.419 seconds
[2023-12-08T02:40:55.721+0000] {processor.py:157} INFO - Started process (PID=234) to work on /home/airflow/.local/lib/python3.8/site-packages/airflow/example_dags/example_complex.py
[2023-12-08T02:40:55.727+0000] {processor.py:829} INFO - Processing file /home/airflow/.local/lib/python3.8/site-packages/airflow/example_dags/example_complex.py for tasks to queue
[2023-12-08T02:40:55.734+0000] {logging_mixin.py:154} INFO - [2023-12-08T02:40:55.733+0000] {dagbag.py:536} INFO - Filling up the DagBag from /home/airflow/.local/lib/python3.8/site-packages/airflow/example_dags/example_complex.py
[2023-12-08T02:40:55.802+0000] {processor.py:839} INFO - DAG(s) dict_keys(['example_complex']) retrieved from /home/airflow/.local/lib/python3.8/site-packages/airflow/example_dags/example_complex.py
[2023-12-08T02:40:56.046+0000] {logging_mixin.py:154} INFO - [2023-12-08T02:40:56.044+0000] {dag.py:2941} INFO - Sync 1 DAGs
[2023-12-08T02:40:56.124+0000] {logging_mixin.py:154} INFO - [2023-12-08T02:40:56.123+0000] {dag.py:3722} INFO - Setting next_dagrun for example_complex to None, run_after=None
[2023-12-08T02:40:56.236+0000] {processor.py:179} INFO - Processing /home/airflow/.local/lib/python3.8/site-packages/airflow/example_dags/example_complex.py took 0.528 seconds
[2023-12-08T02:41:26.830+0000] {processor.py:157} INFO - Started process (PID=288) to work on /home/airflow/.local/lib/python3.8/site-packages/airflow/example_dags/example_complex.py
[2023-12-08T02:41:26.832+0000] {processor.py:829} INFO - Processing file /home/airflow/.local/lib/python3.8/site-packages/airflow/example_dags/example_complex.py for tasks to queue
[2023-12-08T02:41:26.837+0000] {logging_mixin.py:154} INFO - [2023-12-08T02:41:26.836+0000] {dagbag.py:536} INFO - Filling up the DagBag from /home/airflow/.local/lib/python3.8/site-packages/airflow/example_dags/example_complex.py
[2023-12-08T02:41:26.858+0000] {processor.py:839} INFO - DAG(s) dict_keys(['example_complex']) retrieved from /home/airflow/.local/lib/python3.8/site-packages/airflow/example_dags/example_complex.py
[2023-12-08T02:41:26.924+0000] {logging_mixin.py:154} INFO - [2023-12-08T02:41:26.924+0000] {dag.py:2941} INFO - Sync 1 DAGs
[2023-12-08T02:41:26.948+0000] {logging_mixin.py:154} INFO - [2023-12-08T02:41:26.948+0000] {dag.py:3722} INFO - Setting next_dagrun for example_complex to None, run_after=None
[2023-12-08T02:41:26.989+0000] {processor.py:179} INFO - Processing /home/airflow/.local/lib/python3.8/site-packages/airflow/example_dags/example_complex.py took 0.167 seconds
[2023-12-08T02:41:57.971+0000] {processor.py:157} INFO - Started process (PID=343) to work on /home/airflow/.local/lib/python3.8/site-packages/airflow/example_dags/example_complex.py
[2023-12-08T02:41:57.975+0000] {processor.py:829} INFO - Processing file /home/airflow/.local/lib/python3.8/site-packages/airflow/example_dags/example_complex.py for tasks to queue
[2023-12-08T02:41:57.982+0000] {logging_mixin.py:154} INFO - [2023-12-08T02:41:57.981+0000] {dagbag.py:536} INFO - Filling up the DagBag from /home/airflow/.local/lib/python3.8/site-packages/airflow/example_dags/example_complex.py
[2023-12-08T02:41:58.017+0000] {processor.py:839} INFO - DAG(s) dict_keys(['example_complex']) retrieved from /home/airflow/.local/lib/python3.8/site-packages/airflow/example_dags/example_complex.py
[2023-12-08T02:41:58.171+0000] {logging_mixin.py:154} INFO - [2023-12-08T02:41:58.170+0000] {dag.py:2941} INFO - Sync 1 DAGs
[2023-12-08T02:41:58.213+0000] {logging_mixin.py:154} INFO - [2023-12-08T02:41:58.213+0000] {dag.py:3722} INFO - Setting next_dagrun for example_complex to None, run_after=None
[2023-12-08T02:41:58.267+0000] {processor.py:179} INFO - Processing /home/airflow/.local/lib/python3.8/site-packages/airflow/example_dags/example_complex.py took 0.310 seconds
[2023-12-08T02:42:31.407+0000] {processor.py:157} INFO - Started process (PID=396) to work on /home/airflow/.local/lib/python3.8/site-packages/airflow/example_dags/example_complex.py
[2023-12-08T02:42:31.420+0000] {processor.py:829} INFO - Processing file /home/airflow/.local/lib/python3.8/site-packages/airflow/example_dags/example_complex.py for tasks to queue
[2023-12-08T02:42:31.437+0000] {logging_mixin.py:154} INFO - [2023-12-08T02:42:31.436+0000] {dagbag.py:536} INFO - Filling up the DagBag from /home/airflow/.local/lib/python3.8/site-packages/airflow/example_dags/example_complex.py
[2023-12-08T02:42:31.567+0000] {processor.py:839} INFO - DAG(s) dict_keys(['example_complex']) retrieved from /home/airflow/.local/lib/python3.8/site-packages/airflow/example_dags/example_complex.py
[2023-12-08T02:42:31.903+0000] {logging_mixin.py:154} INFO - [2023-12-08T02:42:31.903+0000] {dag.py:2941} INFO - Sync 1 DAGs
[2023-12-08T02:42:32.060+0000] {logging_mixin.py:154} INFO - [2023-12-08T02:42:32.060+0000] {dag.py:3722} INFO - Setting next_dagrun for example_complex to None, run_after=None
[2023-12-08T02:42:32.398+0000] {processor.py:179} INFO - Processing /home/airflow/.local/lib/python3.8/site-packages/airflow/example_dags/example_complex.py took 1.025 seconds
[2023-12-08T02:43:07.488+0000] {processor.py:157} INFO - Started process (PID=450) to work on /home/airflow/.local/lib/python3.8/site-packages/airflow/example_dags/example_complex.py
[2023-12-08T02:43:07.493+0000] {processor.py:829} INFO - Processing file /home/airflow/.local/lib/python3.8/site-packages/airflow/example_dags/example_complex.py for tasks to queue
[2023-12-08T02:43:07.504+0000] {logging_mixin.py:154} INFO - [2023-12-08T02:43:07.503+0000] {dagbag.py:536} INFO - Filling up the DagBag from /home/airflow/.local/lib/python3.8/site-packages/airflow/example_dags/example_complex.py
[2023-12-08T02:43:07.576+0000] {processor.py:839} INFO - DAG(s) dict_keys(['example_complex']) retrieved from /home/airflow/.local/lib/python3.8/site-packages/airflow/example_dags/example_complex.py
[2023-12-08T02:43:07.963+0000] {logging_mixin.py:154} INFO - [2023-12-08T02:43:07.961+0000] {dag.py:2941} INFO - Sync 1 DAGs
[2023-12-08T02:43:08.079+0000] {logging_mixin.py:154} INFO - [2023-12-08T02:43:08.078+0000] {dag.py:3722} INFO - Setting next_dagrun for example_complex to None, run_after=None
[2023-12-08T02:43:08.278+0000] {processor.py:179} INFO - Processing /home/airflow/.local/lib/python3.8/site-packages/airflow/example_dags/example_complex.py took 0.802 seconds
[2023-12-08T02:43:42.210+0000] {processor.py:157} INFO - Started process (PID=505) to work on /home/airflow/.local/lib/python3.8/site-packages/airflow/example_dags/example_complex.py
[2023-12-08T02:43:42.226+0000] {processor.py:829} INFO - Processing file /home/airflow/.local/lib/python3.8/site-packages/airflow/example_dags/example_complex.py for tasks to queue
[2023-12-08T02:43:42.238+0000] {logging_mixin.py:154} INFO - [2023-12-08T02:43:42.235+0000] {dagbag.py:536} INFO - Filling up the DagBag from /home/airflow/.local/lib/python3.8/site-packages/airflow/example_dags/example_complex.py
[2023-12-08T02:43:42.297+0000] {processor.py:839} INFO - DAG(s) dict_keys(['example_complex']) retrieved from /home/airflow/.local/lib/python3.8/site-packages/airflow/example_dags/example_complex.py
[2023-12-08T02:43:42.597+0000] {logging_mixin.py:154} INFO - [2023-12-08T02:43:42.596+0000] {dag.py:2941} INFO - Sync 1 DAGs
[2023-12-08T02:43:42.829+0000] {logging_mixin.py:154} INFO - [2023-12-08T02:43:42.829+0000] {dag.py:3722} INFO - Setting next_dagrun for example_complex to None, run_after=None
[2023-12-08T02:43:43.125+0000] {processor.py:179} INFO - Processing /home/airflow/.local/lib/python3.8/site-packages/airflow/example_dags/example_complex.py took 0.933 seconds
[2023-12-08T02:44:13.895+0000] {processor.py:157} INFO - Started process (PID=559) to work on /home/airflow/.local/lib/python3.8/site-packages/airflow/example_dags/example_complex.py
[2023-12-08T02:44:13.897+0000] {processor.py:829} INFO - Processing file /home/airflow/.local/lib/python3.8/site-packages/airflow/example_dags/example_complex.py for tasks to queue
[2023-12-08T02:44:13.913+0000] {logging_mixin.py:154} INFO - [2023-12-08T02:44:13.912+0000] {dagbag.py:536} INFO - Filling up the DagBag from /home/airflow/.local/lib/python3.8/site-packages/airflow/example_dags/example_complex.py
[2023-12-08T02:44:14.029+0000] {processor.py:839} INFO - DAG(s) dict_keys(['example_complex']) retrieved from /home/airflow/.local/lib/python3.8/site-packages/airflow/example_dags/example_complex.py
[2023-12-08T02:44:14.379+0000] {logging_mixin.py:154} INFO - [2023-12-08T02:44:14.379+0000] {dag.py:2941} INFO - Sync 1 DAGs
[2023-12-08T02:44:14.460+0000] {logging_mixin.py:154} INFO - [2023-12-08T02:44:14.459+0000] {dag.py:3722} INFO - Setting next_dagrun for example_complex to None, run_after=None
[2023-12-08T02:44:14.528+0000] {processor.py:179} INFO - Processing /home/airflow/.local/lib/python3.8/site-packages/airflow/example_dags/example_complex.py took 0.651 seconds
[2023-12-08T02:44:45.238+0000] {processor.py:157} INFO - Started process (PID=614) to work on /home/airflow/.local/lib/python3.8/site-packages/airflow/example_dags/example_complex.py
[2023-12-08T02:44:45.241+0000] {processor.py:829} INFO - Processing file /home/airflow/.local/lib/python3.8/site-packages/airflow/example_dags/example_complex.py for tasks to queue
[2023-12-08T02:44:45.246+0000] {logging_mixin.py:154} INFO - [2023-12-08T02:44:45.245+0000] {dagbag.py:536} INFO - Filling up the DagBag from /home/airflow/.local/lib/python3.8/site-packages/airflow/example_dags/example_complex.py
[2023-12-08T02:44:45.269+0000] {processor.py:839} INFO - DAG(s) dict_keys(['example_complex']) retrieved from /home/airflow/.local/lib/python3.8/site-packages/airflow/example_dags/example_complex.py
[2023-12-08T02:44:45.324+0000] {logging_mixin.py:154} INFO - [2023-12-08T02:44:45.324+0000] {dag.py:2941} INFO - Sync 1 DAGs
[2023-12-08T02:44:45.358+0000] {logging_mixin.py:154} INFO - [2023-12-08T02:44:45.358+0000] {dag.py:3722} INFO - Setting next_dagrun for example_complex to None, run_after=None
[2023-12-08T02:44:45.399+0000] {processor.py:179} INFO - Processing /home/airflow/.local/lib/python3.8/site-packages/airflow/example_dags/example_complex.py took 0.167 seconds
[2023-12-08T02:45:15.884+0000] {processor.py:157} INFO - Started process (PID=668) to work on /home/airflow/.local/lib/python3.8/site-packages/airflow/example_dags/example_complex.py
[2023-12-08T02:45:15.885+0000] {processor.py:829} INFO - Processing file /home/airflow/.local/lib/python3.8/site-packages/airflow/example_dags/example_complex.py for tasks to queue
[2023-12-08T02:45:15.893+0000] {logging_mixin.py:154} INFO - [2023-12-08T02:45:15.892+0000] {dagbag.py:536} INFO - Filling up the DagBag from /home/airflow/.local/lib/python3.8/site-packages/airflow/example_dags/example_complex.py
[2023-12-08T02:45:15.928+0000] {processor.py:839} INFO - DAG(s) dict_keys(['example_complex']) retrieved from /home/airflow/.local/lib/python3.8/site-packages/airflow/example_dags/example_complex.py
[2023-12-08T02:45:15.993+0000] {logging_mixin.py:154} INFO - [2023-12-08T02:45:15.992+0000] {dag.py:2941} INFO - Sync 1 DAGs
[2023-12-08T02:45:16.017+0000] {logging_mixin.py:154} INFO - [2023-12-08T02:45:16.017+0000] {dag.py:3722} INFO - Setting next_dagrun for example_complex to None, run_after=None
[2023-12-08T02:45:16.059+0000] {processor.py:179} INFO - Processing /home/airflow/.local/lib/python3.8/site-packages/airflow/example_dags/example_complex.py took 0.183 seconds
[2023-12-08T02:45:46.455+0000] {processor.py:157} INFO - Started process (PID=721) to work on /home/airflow/.local/lib/python3.8/site-packages/airflow/example_dags/example_complex.py
[2023-12-08T02:45:46.465+0000] {processor.py:829} INFO - Processing file /home/airflow/.local/lib/python3.8/site-packages/airflow/example_dags/example_complex.py for tasks to queue
[2023-12-08T02:45:46.497+0000] {logging_mixin.py:154} INFO - [2023-12-08T02:45:46.496+0000] {dagbag.py:536} INFO - Filling up the DagBag from /home/airflow/.local/lib/python3.8/site-packages/airflow/example_dags/example_complex.py
[2023-12-08T02:45:46.760+0000] {processor.py:839} INFO - DAG(s) dict_keys(['example_complex']) retrieved from /home/airflow/.local/lib/python3.8/site-packages/airflow/example_dags/example_complex.py
[2023-12-08T02:45:47.523+0000] {logging_mixin.py:154} INFO - [2023-12-08T02:45:47.523+0000] {dag.py:2941} INFO - Sync 1 DAGs
[2023-12-08T02:45:47.883+0000] {logging_mixin.py:154} INFO - [2023-12-08T02:45:47.852+0000] {dag.py:3722} INFO - Setting next_dagrun for example_complex to None, run_after=None
[2023-12-08T02:45:48.273+0000] {processor.py:179} INFO - Processing /home/airflow/.local/lib/python3.8/site-packages/airflow/example_dags/example_complex.py took 1.868 seconds
[2023-12-08T02:46:18.758+0000] {processor.py:157} INFO - Started process (PID=772) to work on /home/airflow/.local/lib/python3.8/site-packages/airflow/example_dags/example_complex.py
[2023-12-08T02:46:18.772+0000] {processor.py:829} INFO - Processing file /home/airflow/.local/lib/python3.8/site-packages/airflow/example_dags/example_complex.py for tasks to queue
[2023-12-08T02:46:18.801+0000] {logging_mixin.py:154} INFO - [2023-12-08T02:46:18.789+0000] {dagbag.py:536} INFO - Filling up the DagBag from /home/airflow/.local/lib/python3.8/site-packages/airflow/example_dags/example_complex.py
[2023-12-08T02:46:18.949+0000] {processor.py:839} INFO - DAG(s) dict_keys(['example_complex']) retrieved from /home/airflow/.local/lib/python3.8/site-packages/airflow/example_dags/example_complex.py
[2023-12-08T02:46:19.348+0000] {logging_mixin.py:154} INFO - [2023-12-08T02:46:19.348+0000] {dag.py:2941} INFO - Sync 1 DAGs
[2023-12-08T02:46:19.498+0000] {logging_mixin.py:154} INFO - [2023-12-08T02:46:19.486+0000] {dag.py:3722} INFO - Setting next_dagrun for example_complex to None, run_after=None
[2023-12-08T02:46:19.667+0000] {processor.py:179} INFO - Processing /home/airflow/.local/lib/python3.8/site-packages/airflow/example_dags/example_complex.py took 0.977 seconds
[2023-12-08T02:46:57.351+0000] {processor.py:157} INFO - Started process (PID=833) to work on /home/airflow/.local/lib/python3.8/site-packages/airflow/example_dags/example_complex.py
[2023-12-08T02:46:57.357+0000] {processor.py:829} INFO - Processing file /home/airflow/.local/lib/python3.8/site-packages/airflow/example_dags/example_complex.py for tasks to queue
[2023-12-08T02:46:57.365+0000] {logging_mixin.py:154} INFO - [2023-12-08T02:46:57.364+0000] {dagbag.py:536} INFO - Filling up the DagBag from /home/airflow/.local/lib/python3.8/site-packages/airflow/example_dags/example_complex.py
[2023-12-08T02:46:57.434+0000] {processor.py:839} INFO - DAG(s) dict_keys(['example_complex']) retrieved from /home/airflow/.local/lib/python3.8/site-packages/airflow/example_dags/example_complex.py
[2023-12-08T02:46:57.819+0000] {logging_mixin.py:154} INFO - [2023-12-08T02:46:57.810+0000] {dag.py:2941} INFO - Sync 1 DAGs
[2023-12-08T02:46:57.927+0000] {logging_mixin.py:154} INFO - [2023-12-08T02:46:57.926+0000] {dag.py:3722} INFO - Setting next_dagrun for example_complex to None, run_after=None
[2023-12-08T02:46:58.144+0000] {processor.py:179} INFO - Processing /home/airflow/.local/lib/python3.8/site-packages/airflow/example_dags/example_complex.py took 0.808 seconds
[2023-12-08T02:47:28.678+0000] {processor.py:157} INFO - Started process (PID=887) to work on /home/airflow/.local/lib/python3.8/site-packages/airflow/example_dags/example_complex.py
[2023-12-08T02:47:28.693+0000] {processor.py:829} INFO - Processing file /home/airflow/.local/lib/python3.8/site-packages/airflow/example_dags/example_complex.py for tasks to queue
[2023-12-08T02:47:28.712+0000] {logging_mixin.py:154} INFO - [2023-12-08T02:47:28.711+0000] {dagbag.py:536} INFO - Filling up the DagBag from /home/airflow/.local/lib/python3.8/site-packages/airflow/example_dags/example_complex.py
[2023-12-08T02:47:28.831+0000] {processor.py:839} INFO - DAG(s) dict_keys(['example_complex']) retrieved from /home/airflow/.local/lib/python3.8/site-packages/airflow/example_dags/example_complex.py
[2023-12-08T02:47:29.073+0000] {logging_mixin.py:154} INFO - [2023-12-08T02:47:29.072+0000] {dag.py:2941} INFO - Sync 1 DAGs
[2023-12-08T02:47:29.214+0000] {logging_mixin.py:154} INFO - [2023-12-08T02:47:29.213+0000] {dag.py:3722} INFO - Setting next_dagrun for example_complex to None, run_after=None
[2023-12-08T02:47:29.460+0000] {processor.py:179} INFO - Processing /home/airflow/.local/lib/python3.8/site-packages/airflow/example_dags/example_complex.py took 0.801 seconds
[2023-12-08T02:48:03.618+0000] {processor.py:157} INFO - Started process (PID=941) to work on /home/airflow/.local/lib/python3.8/site-packages/airflow/example_dags/example_complex.py
[2023-12-08T02:48:03.632+0000] {processor.py:829} INFO - Processing file /home/airflow/.local/lib/python3.8/site-packages/airflow/example_dags/example_complex.py for tasks to queue
[2023-12-08T02:48:03.650+0000] {logging_mixin.py:154} INFO - [2023-12-08T02:48:03.649+0000] {dagbag.py:536} INFO - Filling up the DagBag from /home/airflow/.local/lib/python3.8/site-packages/airflow/example_dags/example_complex.py
[2023-12-08T02:48:03.780+0000] {processor.py:839} INFO - DAG(s) dict_keys(['example_complex']) retrieved from /home/airflow/.local/lib/python3.8/site-packages/airflow/example_dags/example_complex.py
[2023-12-08T02:48:04.078+0000] {logging_mixin.py:154} INFO - [2023-12-08T02:48:04.077+0000] {dag.py:2941} INFO - Sync 1 DAGs
[2023-12-08T02:48:04.207+0000] {logging_mixin.py:154} INFO - [2023-12-08T02:48:04.206+0000] {dag.py:3722} INFO - Setting next_dagrun for example_complex to None, run_after=None
[2023-12-08T02:48:04.381+0000] {processor.py:179} INFO - Processing /home/airflow/.local/lib/python3.8/site-packages/airflow/example_dags/example_complex.py took 0.810 seconds
[2023-12-08T02:48:35.213+0000] {processor.py:157} INFO - Started process (PID=995) to work on /home/airflow/.local/lib/python3.8/site-packages/airflow/example_dags/example_complex.py
[2023-12-08T02:48:35.215+0000] {processor.py:829} INFO - Processing file /home/airflow/.local/lib/python3.8/site-packages/airflow/example_dags/example_complex.py for tasks to queue
[2023-12-08T02:48:35.221+0000] {logging_mixin.py:154} INFO - [2023-12-08T02:48:35.220+0000] {dagbag.py:536} INFO - Filling up the DagBag from /home/airflow/.local/lib/python3.8/site-packages/airflow/example_dags/example_complex.py
[2023-12-08T02:48:35.255+0000] {processor.py:839} INFO - DAG(s) dict_keys(['example_complex']) retrieved from /home/airflow/.local/lib/python3.8/site-packages/airflow/example_dags/example_complex.py
[2023-12-08T02:48:35.330+0000] {logging_mixin.py:154} INFO - [2023-12-08T02:48:35.330+0000] {dag.py:2941} INFO - Sync 1 DAGs
[2023-12-08T02:48:35.356+0000] {logging_mixin.py:154} INFO - [2023-12-08T02:48:35.356+0000] {dag.py:3722} INFO - Setting next_dagrun for example_complex to None, run_after=None
[2023-12-08T02:48:35.689+0000] {processor.py:179} INFO - Processing /home/airflow/.local/lib/python3.8/site-packages/airflow/example_dags/example_complex.py took 0.484 seconds
[2023-12-08T02:49:05.752+0000] {processor.py:157} INFO - Started process (PID=1048) to work on /home/airflow/.local/lib/python3.8/site-packages/airflow/example_dags/example_complex.py
[2023-12-08T02:49:05.754+0000] {processor.py:829} INFO - Processing file /home/airflow/.local/lib/python3.8/site-packages/airflow/example_dags/example_complex.py for tasks to queue
[2023-12-08T02:49:05.758+0000] {logging_mixin.py:154} INFO - [2023-12-08T02:49:05.757+0000] {dagbag.py:536} INFO - Filling up the DagBag from /home/airflow/.local/lib/python3.8/site-packages/airflow/example_dags/example_complex.py
[2023-12-08T02:49:05.792+0000] {processor.py:839} INFO - DAG(s) dict_keys(['example_complex']) retrieved from /home/airflow/.local/lib/python3.8/site-packages/airflow/example_dags/example_complex.py
[2023-12-08T02:49:05.957+0000] {logging_mixin.py:154} INFO - [2023-12-08T02:49:05.957+0000] {dag.py:2941} INFO - Sync 1 DAGs
[2023-12-08T02:49:05.989+0000] {logging_mixin.py:154} INFO - [2023-12-08T02:49:05.989+0000] {dag.py:3722} INFO - Setting next_dagrun for example_complex to None, run_after=None
[2023-12-08T02:49:06.032+0000] {processor.py:179} INFO - Processing /home/airflow/.local/lib/python3.8/site-packages/airflow/example_dags/example_complex.py took 0.289 seconds
[2023-12-08T02:49:36.422+0000] {processor.py:157} INFO - Started process (PID=1102) to work on /home/airflow/.local/lib/python3.8/site-packages/airflow/example_dags/example_complex.py
[2023-12-08T02:49:36.424+0000] {processor.py:829} INFO - Processing file /home/airflow/.local/lib/python3.8/site-packages/airflow/example_dags/example_complex.py for tasks to queue
[2023-12-08T02:49:36.429+0000] {logging_mixin.py:154} INFO - [2023-12-08T02:49:36.428+0000] {dagbag.py:536} INFO - Filling up the DagBag from /home/airflow/.local/lib/python3.8/site-packages/airflow/example_dags/example_complex.py
[2023-12-08T02:49:36.464+0000] {processor.py:839} INFO - DAG(s) dict_keys(['example_complex']) retrieved from /home/airflow/.local/lib/python3.8/site-packages/airflow/example_dags/example_complex.py
[2023-12-08T02:49:36.551+0000] {logging_mixin.py:154} INFO - [2023-12-08T02:49:36.550+0000] {dag.py:2941} INFO - Sync 1 DAGs
[2023-12-08T02:49:36.586+0000] {logging_mixin.py:154} INFO - [2023-12-08T02:49:36.586+0000] {dag.py:3722} INFO - Setting next_dagrun for example_complex to None, run_after=None
[2023-12-08T02:49:36.629+0000] {processor.py:179} INFO - Processing /home/airflow/.local/lib/python3.8/site-packages/airflow/example_dags/example_complex.py took 0.218 seconds
[2023-12-08T02:50:08.652+0000] {processor.py:157} INFO - Started process (PID=1157) to work on /home/airflow/.local/lib/python3.8/site-packages/airflow/example_dags/example_complex.py
[2023-12-08T02:50:08.657+0000] {processor.py:829} INFO - Processing file /home/airflow/.local/lib/python3.8/site-packages/airflow/example_dags/example_complex.py for tasks to queue
[2023-12-08T02:50:08.670+0000] {logging_mixin.py:154} INFO - [2023-12-08T02:50:08.669+0000] {dagbag.py:536} INFO - Filling up the DagBag from /home/airflow/.local/lib/python3.8/site-packages/airflow/example_dags/example_complex.py
[2023-12-08T02:50:08.741+0000] {processor.py:839} INFO - DAG(s) dict_keys(['example_complex']) retrieved from /home/airflow/.local/lib/python3.8/site-packages/airflow/example_dags/example_complex.py
[2023-12-08T02:50:09.045+0000] {logging_mixin.py:154} INFO - [2023-12-08T02:50:09.045+0000] {dag.py:2941} INFO - Sync 1 DAGs
[2023-12-08T02:50:10.234+0000] {logging_mixin.py:154} INFO - [2023-12-08T02:50:10.234+0000] {dag.py:3722} INFO - Setting next_dagrun for example_complex to None, run_after=None
[2023-12-08T02:50:10.526+0000] {processor.py:179} INFO - Processing /home/airflow/.local/lib/python3.8/site-packages/airflow/example_dags/example_complex.py took 1.891 seconds
[2023-12-08T02:50:41.147+0000] {processor.py:157} INFO - Started process (PID=1211) to work on /home/airflow/.local/lib/python3.8/site-packages/airflow/example_dags/example_complex.py
[2023-12-08T02:50:41.158+0000] {processor.py:829} INFO - Processing file /home/airflow/.local/lib/python3.8/site-packages/airflow/example_dags/example_complex.py for tasks to queue
[2023-12-08T02:50:41.164+0000] {logging_mixin.py:154} INFO - [2023-12-08T02:50:41.163+0000] {dagbag.py:536} INFO - Filling up the DagBag from /home/airflow/.local/lib/python3.8/site-packages/airflow/example_dags/example_complex.py
[2023-12-08T02:50:41.210+0000] {processor.py:839} INFO - DAG(s) dict_keys(['example_complex']) retrieved from /home/airflow/.local/lib/python3.8/site-packages/airflow/example_dags/example_complex.py
[2023-12-08T02:50:41.324+0000] {logging_mixin.py:154} INFO - [2023-12-08T02:50:41.324+0000] {dag.py:2941} INFO - Sync 1 DAGs
[2023-12-08T02:50:41.371+0000] {logging_mixin.py:154} INFO - [2023-12-08T02:50:41.371+0000] {dag.py:3722} INFO - Setting next_dagrun for example_complex to None, run_after=None
[2023-12-08T02:50:41.818+0000] {processor.py:179} INFO - Processing /home/airflow/.local/lib/python3.8/site-packages/airflow/example_dags/example_complex.py took 0.687 seconds
[2023-12-08T02:51:12.120+0000] {processor.py:157} INFO - Started process (PID=1264) to work on /home/airflow/.local/lib/python3.8/site-packages/airflow/example_dags/example_complex.py
[2023-12-08T02:51:12.131+0000] {processor.py:829} INFO - Processing file /home/airflow/.local/lib/python3.8/site-packages/airflow/example_dags/example_complex.py for tasks to queue
[2023-12-08T02:51:12.137+0000] {logging_mixin.py:154} INFO - [2023-12-08T02:51:12.136+0000] {dagbag.py:536} INFO - Filling up the DagBag from /home/airflow/.local/lib/python3.8/site-packages/airflow/example_dags/example_complex.py
[2023-12-08T02:51:12.180+0000] {processor.py:839} INFO - DAG(s) dict_keys(['example_complex']) retrieved from /home/airflow/.local/lib/python3.8/site-packages/airflow/example_dags/example_complex.py
[2023-12-08T02:51:12.265+0000] {logging_mixin.py:154} INFO - [2023-12-08T02:51:12.264+0000] {dag.py:2941} INFO - Sync 1 DAGs
[2023-12-08T02:51:12.296+0000] {logging_mixin.py:154} INFO - [2023-12-08T02:51:12.295+0000] {dag.py:3722} INFO - Setting next_dagrun for example_complex to None, run_after=None
[2023-12-08T02:51:12.339+0000] {processor.py:179} INFO - Processing /home/airflow/.local/lib/python3.8/site-packages/airflow/example_dags/example_complex.py took 0.230 seconds
[2023-12-08T02:51:42.495+0000] {processor.py:157} INFO - Started process (PID=1318) to work on /home/airflow/.local/lib/python3.8/site-packages/airflow/example_dags/example_complex.py
[2023-12-08T02:51:42.509+0000] {processor.py:829} INFO - Processing file /home/airflow/.local/lib/python3.8/site-packages/airflow/example_dags/example_complex.py for tasks to queue
[2023-12-08T02:51:42.513+0000] {logging_mixin.py:154} INFO - [2023-12-08T02:51:42.513+0000] {dagbag.py:536} INFO - Filling up the DagBag from /home/airflow/.local/lib/python3.8/site-packages/airflow/example_dags/example_complex.py
[2023-12-08T02:51:42.573+0000] {processor.py:839} INFO - DAG(s) dict_keys(['example_complex']) retrieved from /home/airflow/.local/lib/python3.8/site-packages/airflow/example_dags/example_complex.py
[2023-12-08T02:51:42.903+0000] {logging_mixin.py:154} INFO - [2023-12-08T02:51:42.903+0000] {dag.py:2941} INFO - Sync 1 DAGs
[2023-12-08T02:51:42.931+0000] {logging_mixin.py:154} INFO - [2023-12-08T02:51:42.931+0000] {dag.py:3722} INFO - Setting next_dagrun for example_complex to None, run_after=None
[2023-12-08T02:51:42.969+0000] {processor.py:179} INFO - Processing /home/airflow/.local/lib/python3.8/site-packages/airflow/example_dags/example_complex.py took 0.482 seconds
[2023-12-08T02:52:13.479+0000] {processor.py:157} INFO - Started process (PID=1371) to work on /home/airflow/.local/lib/python3.8/site-packages/airflow/example_dags/example_complex.py
[2023-12-08T02:52:13.492+0000] {processor.py:829} INFO - Processing file /home/airflow/.local/lib/python3.8/site-packages/airflow/example_dags/example_complex.py for tasks to queue
[2023-12-08T02:52:13.500+0000] {logging_mixin.py:154} INFO - [2023-12-08T02:52:13.499+0000] {dagbag.py:536} INFO - Filling up the DagBag from /home/airflow/.local/lib/python3.8/site-packages/airflow/example_dags/example_complex.py
[2023-12-08T02:52:13.539+0000] {processor.py:839} INFO - DAG(s) dict_keys(['example_complex']) retrieved from /home/airflow/.local/lib/python3.8/site-packages/airflow/example_dags/example_complex.py
[2023-12-08T02:52:13.746+0000] {logging_mixin.py:154} INFO - [2023-12-08T02:52:13.745+0000] {dag.py:2941} INFO - Sync 1 DAGs
[2023-12-08T02:52:13.801+0000] {logging_mixin.py:154} INFO - [2023-12-08T02:52:13.800+0000] {dag.py:3722} INFO - Setting next_dagrun for example_complex to None, run_after=None
[2023-12-08T02:52:13.874+0000] {processor.py:179} INFO - Processing /home/airflow/.local/lib/python3.8/site-packages/airflow/example_dags/example_complex.py took 0.408 seconds
[2023-12-08T02:52:44.177+0000] {processor.py:157} INFO - Started process (PID=1425) to work on /home/airflow/.local/lib/python3.8/site-packages/airflow/example_dags/example_complex.py
[2023-12-08T02:52:44.179+0000] {processor.py:829} INFO - Processing file /home/airflow/.local/lib/python3.8/site-packages/airflow/example_dags/example_complex.py for tasks to queue
[2023-12-08T02:52:44.184+0000] {logging_mixin.py:154} INFO - [2023-12-08T02:52:44.184+0000] {dagbag.py:536} INFO - Filling up the DagBag from /home/airflow/.local/lib/python3.8/site-packages/airflow/example_dags/example_complex.py
[2023-12-08T02:52:44.213+0000] {processor.py:839} INFO - DAG(s) dict_keys(['example_complex']) retrieved from /home/airflow/.local/lib/python3.8/site-packages/airflow/example_dags/example_complex.py
[2023-12-08T02:52:44.304+0000] {logging_mixin.py:154} INFO - [2023-12-08T02:52:44.304+0000] {dag.py:2941} INFO - Sync 1 DAGs
[2023-12-08T02:52:44.338+0000] {logging_mixin.py:154} INFO - [2023-12-08T02:52:44.337+0000] {dag.py:3722} INFO - Setting next_dagrun for example_complex to None, run_after=None
[2023-12-08T02:52:44.392+0000] {processor.py:179} INFO - Processing /home/airflow/.local/lib/python3.8/site-packages/airflow/example_dags/example_complex.py took 0.224 seconds
[2023-12-08T02:53:14.569+0000] {processor.py:157} INFO - Started process (PID=1480) to work on /home/airflow/.local/lib/python3.8/site-packages/airflow/example_dags/example_complex.py
[2023-12-08T02:53:14.571+0000] {processor.py:829} INFO - Processing file /home/airflow/.local/lib/python3.8/site-packages/airflow/example_dags/example_complex.py for tasks to queue
[2023-12-08T02:53:14.577+0000] {logging_mixin.py:154} INFO - [2023-12-08T02:53:14.576+0000] {dagbag.py:536} INFO - Filling up the DagBag from /home/airflow/.local/lib/python3.8/site-packages/airflow/example_dags/example_complex.py
[2023-12-08T02:53:14.619+0000] {processor.py:839} INFO - DAG(s) dict_keys(['example_complex']) retrieved from /home/airflow/.local/lib/python3.8/site-packages/airflow/example_dags/example_complex.py
[2023-12-08T02:53:14.732+0000] {logging_mixin.py:154} INFO - [2023-12-08T02:53:14.732+0000] {dag.py:2941} INFO - Sync 1 DAGs
[2023-12-08T02:53:14.766+0000] {logging_mixin.py:154} INFO - [2023-12-08T02:53:14.766+0000] {dag.py:3722} INFO - Setting next_dagrun for example_complex to None, run_after=None
[2023-12-08T02:53:14.814+0000] {processor.py:179} INFO - Processing /home/airflow/.local/lib/python3.8/site-packages/airflow/example_dags/example_complex.py took 0.250 seconds
[2023-12-08T02:53:45.202+0000] {processor.py:157} INFO - Started process (PID=1533) to work on /home/airflow/.local/lib/python3.8/site-packages/airflow/example_dags/example_complex.py
[2023-12-08T02:53:45.206+0000] {processor.py:829} INFO - Processing file /home/airflow/.local/lib/python3.8/site-packages/airflow/example_dags/example_complex.py for tasks to queue
[2023-12-08T02:53:45.217+0000] {logging_mixin.py:154} INFO - [2023-12-08T02:53:45.216+0000] {dagbag.py:536} INFO - Filling up the DagBag from /home/airflow/.local/lib/python3.8/site-packages/airflow/example_dags/example_complex.py
[2023-12-08T02:53:45.264+0000] {processor.py:839} INFO - DAG(s) dict_keys(['example_complex']) retrieved from /home/airflow/.local/lib/python3.8/site-packages/airflow/example_dags/example_complex.py
[2023-12-08T02:53:45.358+0000] {logging_mixin.py:154} INFO - [2023-12-08T02:53:45.358+0000] {dag.py:2941} INFO - Sync 1 DAGs
[2023-12-08T02:53:45.408+0000] {logging_mixin.py:154} INFO - [2023-12-08T02:53:45.407+0000] {dag.py:3722} INFO - Setting next_dagrun for example_complex to None, run_after=None
[2023-12-08T02:53:45.469+0000] {processor.py:179} INFO - Processing /home/airflow/.local/lib/python3.8/site-packages/airflow/example_dags/example_complex.py took 0.283 seconds
[2023-12-08T02:54:15.720+0000] {processor.py:157} INFO - Started process (PID=1588) to work on /home/airflow/.local/lib/python3.8/site-packages/airflow/example_dags/example_complex.py
[2023-12-08T02:54:15.738+0000] {processor.py:829} INFO - Processing file /home/airflow/.local/lib/python3.8/site-packages/airflow/example_dags/example_complex.py for tasks to queue
[2023-12-08T02:54:15.758+0000] {logging_mixin.py:154} INFO - [2023-12-08T02:54:15.757+0000] {dagbag.py:536} INFO - Filling up the DagBag from /home/airflow/.local/lib/python3.8/site-packages/airflow/example_dags/example_complex.py
[2023-12-08T02:54:15.814+0000] {processor.py:839} INFO - DAG(s) dict_keys(['example_complex']) retrieved from /home/airflow/.local/lib/python3.8/site-packages/airflow/example_dags/example_complex.py
[2023-12-08T02:54:15.922+0000] {logging_mixin.py:154} INFO - [2023-12-08T02:54:15.922+0000] {dag.py:2941} INFO - Sync 1 DAGs
[2023-12-08T02:54:15.952+0000] {logging_mixin.py:154} INFO - [2023-12-08T02:54:15.951+0000] {dag.py:3722} INFO - Setting next_dagrun for example_complex to None, run_after=None
[2023-12-08T02:54:15.993+0000] {processor.py:179} INFO - Processing /home/airflow/.local/lib/python3.8/site-packages/airflow/example_dags/example_complex.py took 0.288 seconds
[2023-12-08T02:54:46.267+0000] {processor.py:157} INFO - Started process (PID=1642) to work on /home/airflow/.local/lib/python3.8/site-packages/airflow/example_dags/example_complex.py
[2023-12-08T02:54:46.271+0000] {processor.py:829} INFO - Processing file /home/airflow/.local/lib/python3.8/site-packages/airflow/example_dags/example_complex.py for tasks to queue
[2023-12-08T02:54:46.277+0000] {logging_mixin.py:154} INFO - [2023-12-08T02:54:46.276+0000] {dagbag.py:536} INFO - Filling up the DagBag from /home/airflow/.local/lib/python3.8/site-packages/airflow/example_dags/example_complex.py
[2023-12-08T02:54:46.313+0000] {processor.py:839} INFO - DAG(s) dict_keys(['example_complex']) retrieved from /home/airflow/.local/lib/python3.8/site-packages/airflow/example_dags/example_complex.py
[2023-12-08T02:54:46.420+0000] {logging_mixin.py:154} INFO - [2023-12-08T02:54:46.420+0000] {dag.py:2941} INFO - Sync 1 DAGs
[2023-12-08T02:54:46.478+0000] {logging_mixin.py:154} INFO - [2023-12-08T02:54:46.477+0000] {dag.py:3722} INFO - Setting next_dagrun for example_complex to None, run_after=None
[2023-12-08T02:54:46.538+0000] {processor.py:179} INFO - Processing /home/airflow/.local/lib/python3.8/site-packages/airflow/example_dags/example_complex.py took 0.281 seconds
[2023-12-08T02:55:16.618+0000] {processor.py:157} INFO - Started process (PID=1696) to work on /home/airflow/.local/lib/python3.8/site-packages/airflow/example_dags/example_complex.py
[2023-12-08T02:55:16.620+0000] {processor.py:829} INFO - Processing file /home/airflow/.local/lib/python3.8/site-packages/airflow/example_dags/example_complex.py for tasks to queue
[2023-12-08T02:55:16.626+0000] {logging_mixin.py:154} INFO - [2023-12-08T02:55:16.625+0000] {dagbag.py:536} INFO - Filling up the DagBag from /home/airflow/.local/lib/python3.8/site-packages/airflow/example_dags/example_complex.py
[2023-12-08T02:55:16.664+0000] {processor.py:839} INFO - DAG(s) dict_keys(['example_complex']) retrieved from /home/airflow/.local/lib/python3.8/site-packages/airflow/example_dags/example_complex.py
[2023-12-08T02:55:16.735+0000] {logging_mixin.py:154} INFO - [2023-12-08T02:55:16.735+0000] {dag.py:2941} INFO - Sync 1 DAGs
[2023-12-08T02:55:16.763+0000] {logging_mixin.py:154} INFO - [2023-12-08T02:55:16.762+0000] {dag.py:3722} INFO - Setting next_dagrun for example_complex to None, run_after=None
[2023-12-08T02:55:16.826+0000] {processor.py:179} INFO - Processing /home/airflow/.local/lib/python3.8/site-packages/airflow/example_dags/example_complex.py took 0.223 seconds
[2023-12-08T02:55:47.018+0000] {processor.py:157} INFO - Started process (PID=1751) to work on /home/airflow/.local/lib/python3.8/site-packages/airflow/example_dags/example_complex.py
[2023-12-08T02:55:47.111+0000] {processor.py:829} INFO - Processing file /home/airflow/.local/lib/python3.8/site-packages/airflow/example_dags/example_complex.py for tasks to queue
[2023-12-08T02:55:47.119+0000] {logging_mixin.py:154} INFO - [2023-12-08T02:55:47.118+0000] {dagbag.py:536} INFO - Filling up the DagBag from /home/airflow/.local/lib/python3.8/site-packages/airflow/example_dags/example_complex.py
[2023-12-08T02:55:47.362+0000] {processor.py:839} INFO - DAG(s) dict_keys(['example_complex']) retrieved from /home/airflow/.local/lib/python3.8/site-packages/airflow/example_dags/example_complex.py
[2023-12-08T02:55:47.708+0000] {logging_mixin.py:154} INFO - [2023-12-08T02:55:47.708+0000] {dag.py:2941} INFO - Sync 1 DAGs
[2023-12-08T02:55:47.746+0000] {logging_mixin.py:154} INFO - [2023-12-08T02:55:47.746+0000] {dag.py:3722} INFO - Setting next_dagrun for example_complex to None, run_after=None
[2023-12-08T02:55:47.802+0000] {processor.py:179} INFO - Processing /home/airflow/.local/lib/python3.8/site-packages/airflow/example_dags/example_complex.py took 0.819 seconds
[2023-12-08T02:56:18.330+0000] {processor.py:157} INFO - Started process (PID=1805) to work on /home/airflow/.local/lib/python3.8/site-packages/airflow/example_dags/example_complex.py
[2023-12-08T02:56:18.355+0000] {processor.py:829} INFO - Processing file /home/airflow/.local/lib/python3.8/site-packages/airflow/example_dags/example_complex.py for tasks to queue
[2023-12-08T02:56:18.376+0000] {logging_mixin.py:154} INFO - [2023-12-08T02:56:18.375+0000] {dagbag.py:536} INFO - Filling up the DagBag from /home/airflow/.local/lib/python3.8/site-packages/airflow/example_dags/example_complex.py
[2023-12-08T02:56:18.433+0000] {processor.py:839} INFO - DAG(s) dict_keys(['example_complex']) retrieved from /home/airflow/.local/lib/python3.8/site-packages/airflow/example_dags/example_complex.py
[2023-12-08T02:56:18.558+0000] {logging_mixin.py:154} INFO - [2023-12-08T02:56:18.558+0000] {dag.py:2941} INFO - Sync 1 DAGs
[2023-12-08T02:56:18.597+0000] {logging_mixin.py:154} INFO - [2023-12-08T02:56:18.597+0000] {dag.py:3722} INFO - Setting next_dagrun for example_complex to None, run_after=None
[2023-12-08T02:56:18.658+0000] {processor.py:179} INFO - Processing /home/airflow/.local/lib/python3.8/site-packages/airflow/example_dags/example_complex.py took 0.361 seconds
[2023-12-08T02:56:49.386+0000] {processor.py:157} INFO - Started process (PID=1859) to work on /home/airflow/.local/lib/python3.8/site-packages/airflow/example_dags/example_complex.py
[2023-12-08T02:56:49.388+0000] {processor.py:829} INFO - Processing file /home/airflow/.local/lib/python3.8/site-packages/airflow/example_dags/example_complex.py for tasks to queue
[2023-12-08T02:56:49.395+0000] {logging_mixin.py:154} INFO - [2023-12-08T02:56:49.394+0000] {dagbag.py:536} INFO - Filling up the DagBag from /home/airflow/.local/lib/python3.8/site-packages/airflow/example_dags/example_complex.py
[2023-12-08T02:56:49.427+0000] {processor.py:839} INFO - DAG(s) dict_keys(['example_complex']) retrieved from /home/airflow/.local/lib/python3.8/site-packages/airflow/example_dags/example_complex.py
[2023-12-08T02:56:49.530+0000] {logging_mixin.py:154} INFO - [2023-12-08T02:56:49.529+0000] {dag.py:2941} INFO - Sync 1 DAGs
[2023-12-08T02:56:49.564+0000] {logging_mixin.py:154} INFO - [2023-12-08T02:56:49.563+0000] {dag.py:3722} INFO - Setting next_dagrun for example_complex to None, run_after=None
[2023-12-08T02:56:49.619+0000] {processor.py:179} INFO - Processing /home/airflow/.local/lib/python3.8/site-packages/airflow/example_dags/example_complex.py took 0.240 seconds
