[2023-12-08T02:39:24.611+0000] {processor.py:157} INFO - Started process (PID=86) to work on /home/airflow/.local/lib/python3.8/site-packages/airflow/example_dags/example_nested_branch_dag.py
[2023-12-08T02:39:24.616+0000] {processor.py:829} INFO - Processing file /home/airflow/.local/lib/python3.8/site-packages/airflow/example_dags/example_nested_branch_dag.py for tasks to queue
[2023-12-08T02:39:24.626+0000] {logging_mixin.py:154} INFO - [2023-12-08T02:39:24.625+0000] {dagbag.py:536} INFO - Filling up the DagBag from /home/airflow/.local/lib/python3.8/site-packages/airflow/example_dags/example_nested_branch_dag.py
[2023-12-08T02:39:24.675+0000] {processor.py:839} INFO - DAG(s) dict_keys(['example_nested_branch_dag']) retrieved from /home/airflow/.local/lib/python3.8/site-packages/airflow/example_dags/example_nested_branch_dag.py
[2023-12-08T02:39:24.816+0000] {logging_mixin.py:154} INFO - [2023-12-08T02:39:24.815+0000] {dag.py:2941} INFO - Sync 1 DAGs
[2023-12-08T02:39:24.962+0000] {logging_mixin.py:154} INFO - [2023-12-08T02:39:24.962+0000] {dag.py:3722} INFO - Setting next_dagrun for example_nested_branch_dag to 2023-12-07T00:00:00+00:00, run_after=2023-12-08T00:00:00+00:00
[2023-12-08T02:39:25.099+0000] {processor.py:179} INFO - Processing /home/airflow/.local/lib/python3.8/site-packages/airflow/example_dags/example_nested_branch_dag.py took 0.516 seconds
[2023-12-08T02:39:56.132+0000] {processor.py:157} INFO - Started process (PID=140) to work on /home/airflow/.local/lib/python3.8/site-packages/airflow/example_dags/example_nested_branch_dag.py
[2023-12-08T02:39:56.137+0000] {processor.py:829} INFO - Processing file /home/airflow/.local/lib/python3.8/site-packages/airflow/example_dags/example_nested_branch_dag.py for tasks to queue
[2023-12-08T02:39:56.146+0000] {logging_mixin.py:154} INFO - [2023-12-08T02:39:56.145+0000] {dagbag.py:536} INFO - Filling up the DagBag from /home/airflow/.local/lib/python3.8/site-packages/airflow/example_dags/example_nested_branch_dag.py
[2023-12-08T02:39:56.187+0000] {processor.py:839} INFO - DAG(s) dict_keys(['example_nested_branch_dag']) retrieved from /home/airflow/.local/lib/python3.8/site-packages/airflow/example_dags/example_nested_branch_dag.py
[2023-12-08T02:39:56.282+0000] {logging_mixin.py:154} INFO - [2023-12-08T02:39:56.281+0000] {dag.py:2941} INFO - Sync 1 DAGs
[2023-12-08T02:39:56.441+0000] {logging_mixin.py:154} INFO - [2023-12-08T02:39:56.440+0000] {dag.py:3722} INFO - Setting next_dagrun for example_nested_branch_dag to 2023-12-07T00:00:00+00:00, run_after=2023-12-08T00:00:00+00:00
[2023-12-08T02:39:56.536+0000] {processor.py:179} INFO - Processing /home/airflow/.local/lib/python3.8/site-packages/airflow/example_dags/example_nested_branch_dag.py took 0.417 seconds
[2023-12-08T02:40:27.211+0000] {processor.py:157} INFO - Started process (PID=194) to work on /home/airflow/.local/lib/python3.8/site-packages/airflow/example_dags/example_nested_branch_dag.py
[2023-12-08T02:40:27.219+0000] {processor.py:829} INFO - Processing file /home/airflow/.local/lib/python3.8/site-packages/airflow/example_dags/example_nested_branch_dag.py for tasks to queue
[2023-12-08T02:40:27.225+0000] {logging_mixin.py:154} INFO - [2023-12-08T02:40:27.224+0000] {dagbag.py:536} INFO - Filling up the DagBag from /home/airflow/.local/lib/python3.8/site-packages/airflow/example_dags/example_nested_branch_dag.py
[2023-12-08T02:40:27.265+0000] {processor.py:839} INFO - DAG(s) dict_keys(['example_nested_branch_dag']) retrieved from /home/airflow/.local/lib/python3.8/site-packages/airflow/example_dags/example_nested_branch_dag.py
[2023-12-08T02:40:27.318+0000] {logging_mixin.py:154} INFO - [2023-12-08T02:40:27.317+0000] {dag.py:2941} INFO - Sync 1 DAGs
[2023-12-08T02:40:27.374+0000] {logging_mixin.py:154} INFO - [2023-12-08T02:40:27.374+0000] {dag.py:3722} INFO - Setting next_dagrun for example_nested_branch_dag to 2023-12-07T00:00:00+00:00, run_after=2023-12-08T00:00:00+00:00
[2023-12-08T02:40:27.410+0000] {processor.py:179} INFO - Processing /home/airflow/.local/lib/python3.8/site-packages/airflow/example_dags/example_nested_branch_dag.py took 0.210 seconds
[2023-12-08T02:41:00.438+0000] {processor.py:157} INFO - Started process (PID=248) to work on /home/airflow/.local/lib/python3.8/site-packages/airflow/example_dags/example_nested_branch_dag.py
[2023-12-08T02:41:00.440+0000] {processor.py:829} INFO - Processing file /home/airflow/.local/lib/python3.8/site-packages/airflow/example_dags/example_nested_branch_dag.py for tasks to queue
[2023-12-08T02:41:00.455+0000] {logging_mixin.py:154} INFO - [2023-12-08T02:41:00.454+0000] {dagbag.py:536} INFO - Filling up the DagBag from /home/airflow/.local/lib/python3.8/site-packages/airflow/example_dags/example_nested_branch_dag.py
[2023-12-08T02:41:00.544+0000] {processor.py:839} INFO - DAG(s) dict_keys(['example_nested_branch_dag']) retrieved from /home/airflow/.local/lib/python3.8/site-packages/airflow/example_dags/example_nested_branch_dag.py
[2023-12-08T02:41:00.629+0000] {logging_mixin.py:154} INFO - [2023-12-08T02:41:00.628+0000] {dag.py:2941} INFO - Sync 1 DAGs
[2023-12-08T02:41:00.822+0000] {logging_mixin.py:154} INFO - [2023-12-08T02:41:00.810+0000] {dag.py:3722} INFO - Setting next_dagrun for example_nested_branch_dag to 2023-12-07T00:00:00+00:00, run_after=2023-12-08T00:00:00+00:00
[2023-12-08T02:41:01.006+0000] {processor.py:179} INFO - Processing /home/airflow/.local/lib/python3.8/site-packages/airflow/example_dags/example_nested_branch_dag.py took 0.616 seconds
[2023-12-08T02:41:32.358+0000] {processor.py:157} INFO - Started process (PID=302) to work on /home/airflow/.local/lib/python3.8/site-packages/airflow/example_dags/example_nested_branch_dag.py
[2023-12-08T02:41:32.375+0000] {processor.py:829} INFO - Processing file /home/airflow/.local/lib/python3.8/site-packages/airflow/example_dags/example_nested_branch_dag.py for tasks to queue
[2023-12-08T02:41:32.392+0000] {logging_mixin.py:154} INFO - [2023-12-08T02:41:32.380+0000] {dagbag.py:536} INFO - Filling up the DagBag from /home/airflow/.local/lib/python3.8/site-packages/airflow/example_dags/example_nested_branch_dag.py
[2023-12-08T02:41:32.477+0000] {processor.py:839} INFO - DAG(s) dict_keys(['example_nested_branch_dag']) retrieved from /home/airflow/.local/lib/python3.8/site-packages/airflow/example_dags/example_nested_branch_dag.py
[2023-12-08T02:41:32.631+0000] {logging_mixin.py:154} INFO - [2023-12-08T02:41:32.620+0000] {dag.py:2941} INFO - Sync 1 DAGs
[2023-12-08T02:41:32.854+0000] {logging_mixin.py:154} INFO - [2023-12-08T02:41:32.853+0000] {dag.py:3722} INFO - Setting next_dagrun for example_nested_branch_dag to 2023-12-07T00:00:00+00:00, run_after=2023-12-08T00:00:00+00:00
[2023-12-08T02:41:33.007+0000] {processor.py:179} INFO - Processing /home/airflow/.local/lib/python3.8/site-packages/airflow/example_dags/example_nested_branch_dag.py took 0.667 seconds
[2023-12-08T02:42:03.583+0000] {processor.py:157} INFO - Started process (PID=357) to work on /home/airflow/.local/lib/python3.8/site-packages/airflow/example_dags/example_nested_branch_dag.py
[2023-12-08T02:42:03.589+0000] {processor.py:829} INFO - Processing file /home/airflow/.local/lib/python3.8/site-packages/airflow/example_dags/example_nested_branch_dag.py for tasks to queue
[2023-12-08T02:42:03.614+0000] {logging_mixin.py:154} INFO - [2023-12-08T02:42:03.603+0000] {dagbag.py:536} INFO - Filling up the DagBag from /home/airflow/.local/lib/python3.8/site-packages/airflow/example_dags/example_nested_branch_dag.py
[2023-12-08T02:42:03.713+0000] {processor.py:839} INFO - DAG(s) dict_keys(['example_nested_branch_dag']) retrieved from /home/airflow/.local/lib/python3.8/site-packages/airflow/example_dags/example_nested_branch_dag.py
[2023-12-08T02:42:03.904+0000] {logging_mixin.py:154} INFO - [2023-12-08T02:42:03.903+0000] {dag.py:2941} INFO - Sync 1 DAGs
[2023-12-08T02:42:04.121+0000] {logging_mixin.py:154} INFO - [2023-12-08T02:42:04.120+0000] {dag.py:3722} INFO - Setting next_dagrun for example_nested_branch_dag to 2023-12-07T00:00:00+00:00, run_after=2023-12-08T00:00:00+00:00
[2023-12-08T02:42:04.211+0000] {processor.py:179} INFO - Processing /home/airflow/.local/lib/python3.8/site-packages/airflow/example_dags/example_nested_branch_dag.py took 0.674 seconds
[2023-12-08T02:42:43.667+0000] {processor.py:157} INFO - Started process (PID=411) to work on /home/airflow/.local/lib/python3.8/site-packages/airflow/example_dags/example_nested_branch_dag.py
[2023-12-08T02:42:43.683+0000] {processor.py:829} INFO - Processing file /home/airflow/.local/lib/python3.8/site-packages/airflow/example_dags/example_nested_branch_dag.py for tasks to queue
[2023-12-08T02:42:43.701+0000] {logging_mixin.py:154} INFO - [2023-12-08T02:42:43.700+0000] {dagbag.py:536} INFO - Filling up the DagBag from /home/airflow/.local/lib/python3.8/site-packages/airflow/example_dags/example_nested_branch_dag.py
[2023-12-08T02:42:43.827+0000] {processor.py:839} INFO - DAG(s) dict_keys(['example_nested_branch_dag']) retrieved from /home/airflow/.local/lib/python3.8/site-packages/airflow/example_dags/example_nested_branch_dag.py
[2023-12-08T02:42:44.044+0000] {logging_mixin.py:154} INFO - [2023-12-08T02:42:44.043+0000] {dag.py:2941} INFO - Sync 1 DAGs
[2023-12-08T02:42:44.284+0000] {logging_mixin.py:154} INFO - [2023-12-08T02:42:44.284+0000] {dag.py:3722} INFO - Setting next_dagrun for example_nested_branch_dag to 2023-12-07T00:00:00+00:00, run_after=2023-12-08T00:00:00+00:00
[2023-12-08T02:42:44.670+0000] {processor.py:179} INFO - Processing /home/airflow/.local/lib/python3.8/site-packages/airflow/example_dags/example_nested_branch_dag.py took 1.038 seconds
[2023-12-08T02:43:16.295+0000] {processor.py:157} INFO - Started process (PID=465) to work on /home/airflow/.local/lib/python3.8/site-packages/airflow/example_dags/example_nested_branch_dag.py
[2023-12-08T02:43:16.308+0000] {processor.py:829} INFO - Processing file /home/airflow/.local/lib/python3.8/site-packages/airflow/example_dags/example_nested_branch_dag.py for tasks to queue
[2023-12-08T02:43:16.326+0000] {logging_mixin.py:154} INFO - [2023-12-08T02:43:16.325+0000] {dagbag.py:536} INFO - Filling up the DagBag from /home/airflow/.local/lib/python3.8/site-packages/airflow/example_dags/example_nested_branch_dag.py
[2023-12-08T02:43:16.423+0000] {processor.py:839} INFO - DAG(s) dict_keys(['example_nested_branch_dag']) retrieved from /home/airflow/.local/lib/python3.8/site-packages/airflow/example_dags/example_nested_branch_dag.py
[2023-12-08T02:43:16.601+0000] {logging_mixin.py:154} INFO - [2023-12-08T02:43:16.601+0000] {dag.py:2941} INFO - Sync 1 DAGs
[2023-12-08T02:43:16.863+0000] {logging_mixin.py:154} INFO - [2023-12-08T02:43:16.863+0000] {dag.py:3722} INFO - Setting next_dagrun for example_nested_branch_dag to 2023-12-07T00:00:00+00:00, run_after=2023-12-08T00:00:00+00:00
[2023-12-08T02:43:17.020+0000] {processor.py:179} INFO - Processing /home/airflow/.local/lib/python3.8/site-packages/airflow/example_dags/example_nested_branch_dag.py took 0.758 seconds
[2023-12-08T02:43:47.691+0000] {processor.py:157} INFO - Started process (PID=520) to work on /home/airflow/.local/lib/python3.8/site-packages/airflow/example_dags/example_nested_branch_dag.py
[2023-12-08T02:43:47.694+0000] {processor.py:829} INFO - Processing file /home/airflow/.local/lib/python3.8/site-packages/airflow/example_dags/example_nested_branch_dag.py for tasks to queue
[2023-12-08T02:43:47.701+0000] {logging_mixin.py:154} INFO - [2023-12-08T02:43:47.700+0000] {dagbag.py:536} INFO - Filling up the DagBag from /home/airflow/.local/lib/python3.8/site-packages/airflow/example_dags/example_nested_branch_dag.py
[2023-12-08T02:43:47.747+0000] {processor.py:839} INFO - DAG(s) dict_keys(['example_nested_branch_dag']) retrieved from /home/airflow/.local/lib/python3.8/site-packages/airflow/example_dags/example_nested_branch_dag.py
[2023-12-08T02:43:47.839+0000] {logging_mixin.py:154} INFO - [2023-12-08T02:43:47.838+0000] {dag.py:2941} INFO - Sync 1 DAGs
[2023-12-08T02:43:47.905+0000] {logging_mixin.py:154} INFO - [2023-12-08T02:43:47.905+0000] {dag.py:3722} INFO - Setting next_dagrun for example_nested_branch_dag to 2023-12-07T00:00:00+00:00, run_after=2023-12-08T00:00:00+00:00
[2023-12-08T02:43:47.960+0000] {processor.py:179} INFO - Processing /home/airflow/.local/lib/python3.8/site-packages/airflow/example_dags/example_nested_branch_dag.py took 0.279 seconds
[2023-12-08T02:44:18.176+0000] {processor.py:157} INFO - Started process (PID=574) to work on /home/airflow/.local/lib/python3.8/site-packages/airflow/example_dags/example_nested_branch_dag.py
[2023-12-08T02:44:18.178+0000] {processor.py:829} INFO - Processing file /home/airflow/.local/lib/python3.8/site-packages/airflow/example_dags/example_nested_branch_dag.py for tasks to queue
[2023-12-08T02:44:18.184+0000] {logging_mixin.py:154} INFO - [2023-12-08T02:44:18.183+0000] {dagbag.py:536} INFO - Filling up the DagBag from /home/airflow/.local/lib/python3.8/site-packages/airflow/example_dags/example_nested_branch_dag.py
[2023-12-08T02:44:18.271+0000] {processor.py:839} INFO - DAG(s) dict_keys(['example_nested_branch_dag']) retrieved from /home/airflow/.local/lib/python3.8/site-packages/airflow/example_dags/example_nested_branch_dag.py
[2023-12-08T02:44:18.374+0000] {logging_mixin.py:154} INFO - [2023-12-08T02:44:18.373+0000] {dag.py:2941} INFO - Sync 1 DAGs
[2023-12-08T02:44:18.447+0000] {logging_mixin.py:154} INFO - [2023-12-08T02:44:18.446+0000] {dag.py:3722} INFO - Setting next_dagrun for example_nested_branch_dag to 2023-12-07T00:00:00+00:00, run_after=2023-12-08T00:00:00+00:00
[2023-12-08T02:44:18.505+0000] {processor.py:179} INFO - Processing /home/airflow/.local/lib/python3.8/site-packages/airflow/example_dags/example_nested_branch_dag.py took 0.338 seconds
[2023-12-08T02:44:48.718+0000] {processor.py:157} INFO - Started process (PID=629) to work on /home/airflow/.local/lib/python3.8/site-packages/airflow/example_dags/example_nested_branch_dag.py
[2023-12-08T02:44:48.731+0000] {processor.py:829} INFO - Processing file /home/airflow/.local/lib/python3.8/site-packages/airflow/example_dags/example_nested_branch_dag.py for tasks to queue
[2023-12-08T02:44:48.736+0000] {logging_mixin.py:154} INFO - [2023-12-08T02:44:48.736+0000] {dagbag.py:536} INFO - Filling up the DagBag from /home/airflow/.local/lib/python3.8/site-packages/airflow/example_dags/example_nested_branch_dag.py
[2023-12-08T02:44:48.773+0000] {processor.py:839} INFO - DAG(s) dict_keys(['example_nested_branch_dag']) retrieved from /home/airflow/.local/lib/python3.8/site-packages/airflow/example_dags/example_nested_branch_dag.py
[2023-12-08T02:44:48.836+0000] {logging_mixin.py:154} INFO - [2023-12-08T02:44:48.836+0000] {dag.py:2941} INFO - Sync 1 DAGs
[2023-12-08T02:44:48.892+0000] {logging_mixin.py:154} INFO - [2023-12-08T02:44:48.892+0000] {dag.py:3722} INFO - Setting next_dagrun for example_nested_branch_dag to 2023-12-07T00:00:00+00:00, run_after=2023-12-08T00:00:00+00:00
[2023-12-08T02:44:48.932+0000] {processor.py:179} INFO - Processing /home/airflow/.local/lib/python3.8/site-packages/airflow/example_dags/example_nested_branch_dag.py took 0.234 seconds
[2023-12-08T02:45:19.814+0000] {processor.py:157} INFO - Started process (PID=683) to work on /home/airflow/.local/lib/python3.8/site-packages/airflow/example_dags/example_nested_branch_dag.py
[2023-12-08T02:45:19.816+0000] {processor.py:829} INFO - Processing file /home/airflow/.local/lib/python3.8/site-packages/airflow/example_dags/example_nested_branch_dag.py for tasks to queue
[2023-12-08T02:45:19.820+0000] {logging_mixin.py:154} INFO - [2023-12-08T02:45:19.820+0000] {dagbag.py:536} INFO - Filling up the DagBag from /home/airflow/.local/lib/python3.8/site-packages/airflow/example_dags/example_nested_branch_dag.py
[2023-12-08T02:45:19.840+0000] {processor.py:839} INFO - DAG(s) dict_keys(['example_nested_branch_dag']) retrieved from /home/airflow/.local/lib/python3.8/site-packages/airflow/example_dags/example_nested_branch_dag.py
[2023-12-08T02:45:19.903+0000] {logging_mixin.py:154} INFO - [2023-12-08T02:45:19.902+0000] {dag.py:2941} INFO - Sync 1 DAGs
[2023-12-08T02:45:19.983+0000] {logging_mixin.py:154} INFO - [2023-12-08T02:45:19.983+0000] {dag.py:3722} INFO - Setting next_dagrun for example_nested_branch_dag to 2023-12-07T00:00:00+00:00, run_after=2023-12-08T00:00:00+00:00
[2023-12-08T02:45:20.083+0000] {processor.py:179} INFO - Processing /home/airflow/.local/lib/python3.8/site-packages/airflow/example_dags/example_nested_branch_dag.py took 0.275 seconds
[2023-12-08T02:45:58.165+0000] {processor.py:157} INFO - Started process (PID=744) to work on /home/airflow/.local/lib/python3.8/site-packages/airflow/example_dags/example_nested_branch_dag.py
[2023-12-08T02:45:58.178+0000] {processor.py:829} INFO - Processing file /home/airflow/.local/lib/python3.8/site-packages/airflow/example_dags/example_nested_branch_dag.py for tasks to queue
[2023-12-08T02:45:58.193+0000] {logging_mixin.py:154} INFO - [2023-12-08T02:45:58.192+0000] {dagbag.py:536} INFO - Filling up the DagBag from /home/airflow/.local/lib/python3.8/site-packages/airflow/example_dags/example_nested_branch_dag.py
[2023-12-08T02:45:58.290+0000] {processor.py:839} INFO - DAG(s) dict_keys(['example_nested_branch_dag']) retrieved from /home/airflow/.local/lib/python3.8/site-packages/airflow/example_dags/example_nested_branch_dag.py
[2023-12-08T02:45:59.504+0000] {logging_mixin.py:154} INFO - [2023-12-08T02:45:59.503+0000] {dag.py:2941} INFO - Sync 1 DAGs
[2023-12-08T02:45:59.801+0000] {logging_mixin.py:154} INFO - [2023-12-08T02:45:59.800+0000] {dag.py:3722} INFO - Setting next_dagrun for example_nested_branch_dag to 2023-12-07T00:00:00+00:00, run_after=2023-12-08T00:00:00+00:00
[2023-12-08T02:46:00.053+0000] {processor.py:179} INFO - Processing /home/airflow/.local/lib/python3.8/site-packages/airflow/example_dags/example_nested_branch_dag.py took 1.920 seconds
[2023-12-08T02:46:47.843+0000] {processor.py:157} INFO - Started process (PID=806) to work on /home/airflow/.local/lib/python3.8/site-packages/airflow/example_dags/example_nested_branch_dag.py
[2023-12-08T02:46:47.857+0000] {processor.py:829} INFO - Processing file /home/airflow/.local/lib/python3.8/site-packages/airflow/example_dags/example_nested_branch_dag.py for tasks to queue
[2023-12-08T02:46:47.874+0000] {logging_mixin.py:154} INFO - [2023-12-08T02:46:47.874+0000] {dagbag.py:536} INFO - Filling up the DagBag from /home/airflow/.local/lib/python3.8/site-packages/airflow/example_dags/example_nested_branch_dag.py
[2023-12-08T02:46:47.973+0000] {processor.py:839} INFO - DAG(s) dict_keys(['example_nested_branch_dag']) retrieved from /home/airflow/.local/lib/python3.8/site-packages/airflow/example_dags/example_nested_branch_dag.py
[2023-12-08T02:46:48.163+0000] {logging_mixin.py:154} INFO - [2023-12-08T02:46:48.162+0000] {dag.py:2941} INFO - Sync 1 DAGs
[2023-12-08T02:46:48.420+0000] {logging_mixin.py:154} INFO - [2023-12-08T02:46:48.419+0000] {dag.py:3722} INFO - Setting next_dagrun for example_nested_branch_dag to 2023-12-07T00:00:00+00:00, run_after=2023-12-08T00:00:00+00:00
[2023-12-08T02:46:48.644+0000] {processor.py:179} INFO - Processing /home/airflow/.local/lib/python3.8/site-packages/airflow/example_dags/example_nested_branch_dag.py took 0.833 seconds
[2023-12-08T02:47:18.787+0000] {processor.py:157} INFO - Started process (PID=860) to work on /home/airflow/.local/lib/python3.8/site-packages/airflow/example_dags/example_nested_branch_dag.py
[2023-12-08T02:47:18.790+0000] {processor.py:829} INFO - Processing file /home/airflow/.local/lib/python3.8/site-packages/airflow/example_dags/example_nested_branch_dag.py for tasks to queue
[2023-12-08T02:47:18.797+0000] {logging_mixin.py:154} INFO - [2023-12-08T02:47:18.796+0000] {dagbag.py:536} INFO - Filling up the DagBag from /home/airflow/.local/lib/python3.8/site-packages/airflow/example_dags/example_nested_branch_dag.py
[2023-12-08T02:47:18.830+0000] {processor.py:839} INFO - DAG(s) dict_keys(['example_nested_branch_dag']) retrieved from /home/airflow/.local/lib/python3.8/site-packages/airflow/example_dags/example_nested_branch_dag.py
[2023-12-08T02:47:18.894+0000] {logging_mixin.py:154} INFO - [2023-12-08T02:47:18.893+0000] {dag.py:2941} INFO - Sync 1 DAGs
[2023-12-08T02:47:18.972+0000] {logging_mixin.py:154} INFO - [2023-12-08T02:47:18.971+0000] {dag.py:3722} INFO - Setting next_dagrun for example_nested_branch_dag to 2023-12-07T00:00:00+00:00, run_after=2023-12-08T00:00:00+00:00
[2023-12-08T02:47:19.332+0000] {processor.py:179} INFO - Processing /home/airflow/.local/lib/python3.8/site-packages/airflow/example_dags/example_nested_branch_dag.py took 0.556 seconds
[2023-12-08T02:47:49.562+0000] {processor.py:157} INFO - Started process (PID=914) to work on /home/airflow/.local/lib/python3.8/site-packages/airflow/example_dags/example_nested_branch_dag.py
[2023-12-08T02:47:49.564+0000] {processor.py:829} INFO - Processing file /home/airflow/.local/lib/python3.8/site-packages/airflow/example_dags/example_nested_branch_dag.py for tasks to queue
[2023-12-08T02:47:49.570+0000] {logging_mixin.py:154} INFO - [2023-12-08T02:47:49.569+0000] {dagbag.py:536} INFO - Filling up the DagBag from /home/airflow/.local/lib/python3.8/site-packages/airflow/example_dags/example_nested_branch_dag.py
[2023-12-08T02:47:49.597+0000] {processor.py:839} INFO - DAG(s) dict_keys(['example_nested_branch_dag']) retrieved from /home/airflow/.local/lib/python3.8/site-packages/airflow/example_dags/example_nested_branch_dag.py
[2023-12-08T02:47:49.646+0000] {logging_mixin.py:154} INFO - [2023-12-08T02:47:49.646+0000] {dag.py:2941} INFO - Sync 1 DAGs
[2023-12-08T02:47:49.703+0000] {logging_mixin.py:154} INFO - [2023-12-08T02:47:49.703+0000] {dag.py:3722} INFO - Setting next_dagrun for example_nested_branch_dag to 2023-12-07T00:00:00+00:00, run_after=2023-12-08T00:00:00+00:00
[2023-12-08T02:47:49.741+0000] {processor.py:179} INFO - Processing /home/airflow/.local/lib/python3.8/site-packages/airflow/example_dags/example_nested_branch_dag.py took 0.189 seconds
[2023-12-08T02:48:20.509+0000] {processor.py:157} INFO - Started process (PID=968) to work on /home/airflow/.local/lib/python3.8/site-packages/airflow/example_dags/example_nested_branch_dag.py
[2023-12-08T02:48:20.517+0000] {processor.py:829} INFO - Processing file /home/airflow/.local/lib/python3.8/site-packages/airflow/example_dags/example_nested_branch_dag.py for tasks to queue
[2023-12-08T02:48:20.557+0000] {logging_mixin.py:154} INFO - [2023-12-08T02:48:20.556+0000] {dagbag.py:536} INFO - Filling up the DagBag from /home/airflow/.local/lib/python3.8/site-packages/airflow/example_dags/example_nested_branch_dag.py
[2023-12-08T02:48:20.655+0000] {processor.py:839} INFO - DAG(s) dict_keys(['example_nested_branch_dag']) retrieved from /home/airflow/.local/lib/python3.8/site-packages/airflow/example_dags/example_nested_branch_dag.py
[2023-12-08T02:48:20.847+0000] {logging_mixin.py:154} INFO - [2023-12-08T02:48:20.846+0000] {dag.py:2941} INFO - Sync 1 DAGs
[2023-12-08T02:48:21.048+0000] {logging_mixin.py:154} INFO - [2023-12-08T02:48:21.048+0000] {dag.py:3722} INFO - Setting next_dagrun for example_nested_branch_dag to 2023-12-07T00:00:00+00:00, run_after=2023-12-08T00:00:00+00:00
[2023-12-08T02:48:21.129+0000] {processor.py:179} INFO - Processing /home/airflow/.local/lib/python3.8/site-packages/airflow/example_dags/example_nested_branch_dag.py took 0.640 seconds
[2023-12-08T02:48:51.431+0000] {processor.py:157} INFO - Started process (PID=1022) to work on /home/airflow/.local/lib/python3.8/site-packages/airflow/example_dags/example_nested_branch_dag.py
[2023-12-08T02:48:51.439+0000] {processor.py:829} INFO - Processing file /home/airflow/.local/lib/python3.8/site-packages/airflow/example_dags/example_nested_branch_dag.py for tasks to queue
[2023-12-08T02:48:51.457+0000] {logging_mixin.py:154} INFO - [2023-12-08T02:48:51.456+0000] {dagbag.py:536} INFO - Filling up the DagBag from /home/airflow/.local/lib/python3.8/site-packages/airflow/example_dags/example_nested_branch_dag.py
[2023-12-08T02:48:51.488+0000] {processor.py:839} INFO - DAG(s) dict_keys(['example_nested_branch_dag']) retrieved from /home/airflow/.local/lib/python3.8/site-packages/airflow/example_dags/example_nested_branch_dag.py
[2023-12-08T02:48:51.569+0000] {logging_mixin.py:154} INFO - [2023-12-08T02:48:51.569+0000] {dag.py:2941} INFO - Sync 1 DAGs
[2023-12-08T02:48:51.656+0000] {logging_mixin.py:154} INFO - [2023-12-08T02:48:51.655+0000] {dag.py:3722} INFO - Setting next_dagrun for example_nested_branch_dag to 2023-12-07T00:00:00+00:00, run_after=2023-12-08T00:00:00+00:00
[2023-12-08T02:48:51.730+0000] {processor.py:179} INFO - Processing /home/airflow/.local/lib/python3.8/site-packages/airflow/example_dags/example_nested_branch_dag.py took 0.314 seconds
[2023-12-08T02:49:21.990+0000] {processor.py:157} INFO - Started process (PID=1075) to work on /home/airflow/.local/lib/python3.8/site-packages/airflow/example_dags/example_nested_branch_dag.py
[2023-12-08T02:49:21.992+0000] {processor.py:829} INFO - Processing file /home/airflow/.local/lib/python3.8/site-packages/airflow/example_dags/example_nested_branch_dag.py for tasks to queue
[2023-12-08T02:49:21.999+0000] {logging_mixin.py:154} INFO - [2023-12-08T02:49:21.998+0000] {dagbag.py:536} INFO - Filling up the DagBag from /home/airflow/.local/lib/python3.8/site-packages/airflow/example_dags/example_nested_branch_dag.py
[2023-12-08T02:49:22.023+0000] {processor.py:839} INFO - DAG(s) dict_keys(['example_nested_branch_dag']) retrieved from /home/airflow/.local/lib/python3.8/site-packages/airflow/example_dags/example_nested_branch_dag.py
[2023-12-08T02:49:22.082+0000] {logging_mixin.py:154} INFO - [2023-12-08T02:49:22.082+0000] {dag.py:2941} INFO - Sync 1 DAGs
[2023-12-08T02:49:22.403+0000] {logging_mixin.py:154} INFO - [2023-12-08T02:49:22.402+0000] {dag.py:3722} INFO - Setting next_dagrun for example_nested_branch_dag to 2023-12-07T00:00:00+00:00, run_after=2023-12-08T00:00:00+00:00
[2023-12-08T02:49:22.461+0000] {processor.py:179} INFO - Processing /home/airflow/.local/lib/python3.8/site-packages/airflow/example_dags/example_nested_branch_dag.py took 0.478 seconds
[2023-12-08T02:49:52.689+0000] {processor.py:157} INFO - Started process (PID=1129) to work on /home/airflow/.local/lib/python3.8/site-packages/airflow/example_dags/example_nested_branch_dag.py
[2023-12-08T02:49:52.690+0000] {processor.py:829} INFO - Processing file /home/airflow/.local/lib/python3.8/site-packages/airflow/example_dags/example_nested_branch_dag.py for tasks to queue
[2023-12-08T02:49:52.695+0000] {logging_mixin.py:154} INFO - [2023-12-08T02:49:52.694+0000] {dagbag.py:536} INFO - Filling up the DagBag from /home/airflow/.local/lib/python3.8/site-packages/airflow/example_dags/example_nested_branch_dag.py
[2023-12-08T02:49:52.720+0000] {processor.py:839} INFO - DAG(s) dict_keys(['example_nested_branch_dag']) retrieved from /home/airflow/.local/lib/python3.8/site-packages/airflow/example_dags/example_nested_branch_dag.py
[2023-12-08T02:49:52.774+0000] {logging_mixin.py:154} INFO - [2023-12-08T02:49:52.774+0000] {dag.py:2941} INFO - Sync 1 DAGs
[2023-12-08T02:49:52.838+0000] {logging_mixin.py:154} INFO - [2023-12-08T02:49:52.837+0000] {dag.py:3722} INFO - Setting next_dagrun for example_nested_branch_dag to 2023-12-07T00:00:00+00:00, run_after=2023-12-08T00:00:00+00:00
[2023-12-08T02:49:53.160+0000] {processor.py:179} INFO - Processing /home/airflow/.local/lib/python3.8/site-packages/airflow/example_dags/example_nested_branch_dag.py took 0.478 seconds
[2023-12-08T02:50:23.350+0000] {processor.py:157} INFO - Started process (PID=1184) to work on /home/airflow/.local/lib/python3.8/site-packages/airflow/example_dags/example_nested_branch_dag.py
[2023-12-08T02:50:23.356+0000] {processor.py:829} INFO - Processing file /home/airflow/.local/lib/python3.8/site-packages/airflow/example_dags/example_nested_branch_dag.py for tasks to queue
[2023-12-08T02:50:23.371+0000] {logging_mixin.py:154} INFO - [2023-12-08T02:50:23.371+0000] {dagbag.py:536} INFO - Filling up the DagBag from /home/airflow/.local/lib/python3.8/site-packages/airflow/example_dags/example_nested_branch_dag.py
[2023-12-08T02:50:23.485+0000] {processor.py:839} INFO - DAG(s) dict_keys(['example_nested_branch_dag']) retrieved from /home/airflow/.local/lib/python3.8/site-packages/airflow/example_dags/example_nested_branch_dag.py
[2023-12-08T02:50:23.676+0000] {logging_mixin.py:154} INFO - [2023-12-08T02:50:23.675+0000] {dag.py:2941} INFO - Sync 1 DAGs
[2023-12-08T02:50:23.884+0000] {logging_mixin.py:154} INFO - [2023-12-08T02:50:23.883+0000] {dag.py:3722} INFO - Setting next_dagrun for example_nested_branch_dag to 2023-12-07T00:00:00+00:00, run_after=2023-12-08T00:00:00+00:00
[2023-12-08T02:50:23.974+0000] {processor.py:179} INFO - Processing /home/airflow/.local/lib/python3.8/site-packages/airflow/example_dags/example_nested_branch_dag.py took 0.669 seconds
[2023-12-08T02:50:54.681+0000] {processor.py:157} INFO - Started process (PID=1237) to work on /home/airflow/.local/lib/python3.8/site-packages/airflow/example_dags/example_nested_branch_dag.py
[2023-12-08T02:50:54.683+0000] {processor.py:829} INFO - Processing file /home/airflow/.local/lib/python3.8/site-packages/airflow/example_dags/example_nested_branch_dag.py for tasks to queue
[2023-12-08T02:50:54.689+0000] {logging_mixin.py:154} INFO - [2023-12-08T02:50:54.689+0000] {dagbag.py:536} INFO - Filling up the DagBag from /home/airflow/.local/lib/python3.8/site-packages/airflow/example_dags/example_nested_branch_dag.py
[2023-12-08T02:50:54.744+0000] {processor.py:839} INFO - DAG(s) dict_keys(['example_nested_branch_dag']) retrieved from /home/airflow/.local/lib/python3.8/site-packages/airflow/example_dags/example_nested_branch_dag.py
[2023-12-08T02:50:55.078+0000] {logging_mixin.py:154} INFO - [2023-12-08T02:50:55.078+0000] {dag.py:2941} INFO - Sync 1 DAGs
[2023-12-08T02:50:55.141+0000] {logging_mixin.py:154} INFO - [2023-12-08T02:50:55.141+0000] {dag.py:3722} INFO - Setting next_dagrun for example_nested_branch_dag to 2023-12-07T00:00:00+00:00, run_after=2023-12-08T00:00:00+00:00
[2023-12-08T02:50:55.186+0000] {processor.py:179} INFO - Processing /home/airflow/.local/lib/python3.8/site-packages/airflow/example_dags/example_nested_branch_dag.py took 0.518 seconds
[2023-12-08T02:51:26.432+0000] {processor.py:157} INFO - Started process (PID=1291) to work on /home/airflow/.local/lib/python3.8/site-packages/airflow/example_dags/example_nested_branch_dag.py
[2023-12-08T02:51:26.444+0000] {processor.py:829} INFO - Processing file /home/airflow/.local/lib/python3.8/site-packages/airflow/example_dags/example_nested_branch_dag.py for tasks to queue
[2023-12-08T02:51:26.450+0000] {logging_mixin.py:154} INFO - [2023-12-08T02:51:26.449+0000] {dagbag.py:536} INFO - Filling up the DagBag from /home/airflow/.local/lib/python3.8/site-packages/airflow/example_dags/example_nested_branch_dag.py
[2023-12-08T02:51:26.487+0000] {processor.py:839} INFO - DAG(s) dict_keys(['example_nested_branch_dag']) retrieved from /home/airflow/.local/lib/python3.8/site-packages/airflow/example_dags/example_nested_branch_dag.py
[2023-12-08T02:51:26.562+0000] {logging_mixin.py:154} INFO - [2023-12-08T02:51:26.561+0000] {dag.py:2941} INFO - Sync 1 DAGs
[2023-12-08T02:51:26.993+0000] {logging_mixin.py:154} INFO - [2023-12-08T02:51:26.992+0000] {dag.py:3722} INFO - Setting next_dagrun for example_nested_branch_dag to 2023-12-07T00:00:00+00:00, run_after=2023-12-08T00:00:00+00:00
[2023-12-08T02:51:27.056+0000] {processor.py:179} INFO - Processing /home/airflow/.local/lib/python3.8/site-packages/airflow/example_dags/example_nested_branch_dag.py took 0.658 seconds
[2023-12-08T02:51:57.573+0000] {processor.py:157} INFO - Started process (PID=1345) to work on /home/airflow/.local/lib/python3.8/site-packages/airflow/example_dags/example_nested_branch_dag.py
[2023-12-08T02:51:57.576+0000] {processor.py:829} INFO - Processing file /home/airflow/.local/lib/python3.8/site-packages/airflow/example_dags/example_nested_branch_dag.py for tasks to queue
[2023-12-08T02:51:57.593+0000] {logging_mixin.py:154} INFO - [2023-12-08T02:51:57.592+0000] {dagbag.py:536} INFO - Filling up the DagBag from /home/airflow/.local/lib/python3.8/site-packages/airflow/example_dags/example_nested_branch_dag.py
[2023-12-08T02:51:57.677+0000] {processor.py:839} INFO - DAG(s) dict_keys(['example_nested_branch_dag']) retrieved from /home/airflow/.local/lib/python3.8/site-packages/airflow/example_dags/example_nested_branch_dag.py
[2023-12-08T02:51:57.781+0000] {logging_mixin.py:154} INFO - [2023-12-08T02:51:57.780+0000] {dag.py:2941} INFO - Sync 1 DAGs
[2023-12-08T02:51:57.913+0000] {logging_mixin.py:154} INFO - [2023-12-08T02:51:57.913+0000] {dag.py:3722} INFO - Setting next_dagrun for example_nested_branch_dag to 2023-12-07T00:00:00+00:00, run_after=2023-12-08T00:00:00+00:00
[2023-12-08T02:51:58.089+0000] {processor.py:179} INFO - Processing /home/airflow/.local/lib/python3.8/site-packages/airflow/example_dags/example_nested_branch_dag.py took 0.535 seconds
[2023-12-08T02:52:28.229+0000] {processor.py:157} INFO - Started process (PID=1405) to work on /home/airflow/.local/lib/python3.8/site-packages/airflow/example_dags/example_nested_branch_dag.py
[2023-12-08T02:52:28.240+0000] {processor.py:829} INFO - Processing file /home/airflow/.local/lib/python3.8/site-packages/airflow/example_dags/example_nested_branch_dag.py for tasks to queue
[2023-12-08T02:52:28.244+0000] {logging_mixin.py:154} INFO - [2023-12-08T02:52:28.244+0000] {dagbag.py:536} INFO - Filling up the DagBag from /home/airflow/.local/lib/python3.8/site-packages/airflow/example_dags/example_nested_branch_dag.py
[2023-12-08T02:52:28.295+0000] {processor.py:839} INFO - DAG(s) dict_keys(['example_nested_branch_dag']) retrieved from /home/airflow/.local/lib/python3.8/site-packages/airflow/example_dags/example_nested_branch_dag.py
[2023-12-08T02:52:28.348+0000] {logging_mixin.py:154} INFO - [2023-12-08T02:52:28.348+0000] {dag.py:2941} INFO - Sync 1 DAGs
[2023-12-08T02:52:28.408+0000] {logging_mixin.py:154} INFO - [2023-12-08T02:52:28.407+0000] {dag.py:3722} INFO - Setting next_dagrun for example_nested_branch_dag to 2023-12-07T00:00:00+00:00, run_after=2023-12-08T00:00:00+00:00
[2023-12-08T02:52:28.459+0000] {processor.py:179} INFO - Processing /home/airflow/.local/lib/python3.8/site-packages/airflow/example_dags/example_nested_branch_dag.py took 0.237 seconds
[2023-12-08T02:52:58.687+0000] {processor.py:157} INFO - Started process (PID=1460) to work on /home/airflow/.local/lib/python3.8/site-packages/airflow/example_dags/example_nested_branch_dag.py
[2023-12-08T02:52:58.700+0000] {processor.py:829} INFO - Processing file /home/airflow/.local/lib/python3.8/site-packages/airflow/example_dags/example_nested_branch_dag.py for tasks to queue
[2023-12-08T02:52:58.719+0000] {logging_mixin.py:154} INFO - [2023-12-08T02:52:58.718+0000] {dagbag.py:536} INFO - Filling up the DagBag from /home/airflow/.local/lib/python3.8/site-packages/airflow/example_dags/example_nested_branch_dag.py
[2023-12-08T02:52:58.780+0000] {processor.py:839} INFO - DAG(s) dict_keys(['example_nested_branch_dag']) retrieved from /home/airflow/.local/lib/python3.8/site-packages/airflow/example_dags/example_nested_branch_dag.py
[2023-12-08T02:52:58.862+0000] {logging_mixin.py:154} INFO - [2023-12-08T02:52:58.862+0000] {dag.py:2941} INFO - Sync 1 DAGs
[2023-12-08T02:52:58.922+0000] {logging_mixin.py:154} INFO - [2023-12-08T02:52:58.921+0000] {dag.py:3722} INFO - Setting next_dagrun for example_nested_branch_dag to 2023-12-07T00:00:00+00:00, run_after=2023-12-08T00:00:00+00:00
[2023-12-08T02:52:58.963+0000] {processor.py:179} INFO - Processing /home/airflow/.local/lib/python3.8/site-packages/airflow/example_dags/example_nested_branch_dag.py took 0.296 seconds
[2023-12-08T02:53:29.391+0000] {processor.py:157} INFO - Started process (PID=1513) to work on /home/airflow/.local/lib/python3.8/site-packages/airflow/example_dags/example_nested_branch_dag.py
[2023-12-08T02:53:29.393+0000] {processor.py:829} INFO - Processing file /home/airflow/.local/lib/python3.8/site-packages/airflow/example_dags/example_nested_branch_dag.py for tasks to queue
[2023-12-08T02:53:29.398+0000] {logging_mixin.py:154} INFO - [2023-12-08T02:53:29.397+0000] {dagbag.py:536} INFO - Filling up the DagBag from /home/airflow/.local/lib/python3.8/site-packages/airflow/example_dags/example_nested_branch_dag.py
[2023-12-08T02:53:29.426+0000] {processor.py:839} INFO - DAG(s) dict_keys(['example_nested_branch_dag']) retrieved from /home/airflow/.local/lib/python3.8/site-packages/airflow/example_dags/example_nested_branch_dag.py
[2023-12-08T02:53:29.478+0000] {logging_mixin.py:154} INFO - [2023-12-08T02:53:29.477+0000] {dag.py:2941} INFO - Sync 1 DAGs
[2023-12-08T02:53:29.557+0000] {logging_mixin.py:154} INFO - [2023-12-08T02:53:29.556+0000] {dag.py:3722} INFO - Setting next_dagrun for example_nested_branch_dag to 2023-12-07T00:00:00+00:00, run_after=2023-12-08T00:00:00+00:00
[2023-12-08T02:53:29.596+0000] {processor.py:179} INFO - Processing /home/airflow/.local/lib/python3.8/site-packages/airflow/example_dags/example_nested_branch_dag.py took 0.214 seconds
[2023-12-08T02:53:59.874+0000] {processor.py:157} INFO - Started process (PID=1568) to work on /home/airflow/.local/lib/python3.8/site-packages/airflow/example_dags/example_nested_branch_dag.py
[2023-12-08T02:53:59.877+0000] {processor.py:829} INFO - Processing file /home/airflow/.local/lib/python3.8/site-packages/airflow/example_dags/example_nested_branch_dag.py for tasks to queue
[2023-12-08T02:53:59.882+0000] {logging_mixin.py:154} INFO - [2023-12-08T02:53:59.882+0000] {dagbag.py:536} INFO - Filling up the DagBag from /home/airflow/.local/lib/python3.8/site-packages/airflow/example_dags/example_nested_branch_dag.py
[2023-12-08T02:53:59.905+0000] {processor.py:839} INFO - DAG(s) dict_keys(['example_nested_branch_dag']) retrieved from /home/airflow/.local/lib/python3.8/site-packages/airflow/example_dags/example_nested_branch_dag.py
[2023-12-08T02:53:59.958+0000] {logging_mixin.py:154} INFO - [2023-12-08T02:53:59.957+0000] {dag.py:2941} INFO - Sync 1 DAGs
[2023-12-08T02:54:00.023+0000] {logging_mixin.py:154} INFO - [2023-12-08T02:54:00.013+0000] {dag.py:3722} INFO - Setting next_dagrun for example_nested_branch_dag to 2023-12-07T00:00:00+00:00, run_after=2023-12-08T00:00:00+00:00
[2023-12-08T02:54:00.093+0000] {processor.py:179} INFO - Processing /home/airflow/.local/lib/python3.8/site-packages/airflow/example_dags/example_nested_branch_dag.py took 0.225 seconds
[2023-12-08T02:54:31.352+0000] {processor.py:157} INFO - Started process (PID=1622) to work on /home/airflow/.local/lib/python3.8/site-packages/airflow/example_dags/example_nested_branch_dag.py
[2023-12-08T02:54:31.357+0000] {processor.py:829} INFO - Processing file /home/airflow/.local/lib/python3.8/site-packages/airflow/example_dags/example_nested_branch_dag.py for tasks to queue
[2023-12-08T02:54:31.365+0000] {logging_mixin.py:154} INFO - [2023-12-08T02:54:31.364+0000] {dagbag.py:536} INFO - Filling up the DagBag from /home/airflow/.local/lib/python3.8/site-packages/airflow/example_dags/example_nested_branch_dag.py
[2023-12-08T02:54:31.401+0000] {processor.py:839} INFO - DAG(s) dict_keys(['example_nested_branch_dag']) retrieved from /home/airflow/.local/lib/python3.8/site-packages/airflow/example_dags/example_nested_branch_dag.py
[2023-12-08T02:54:31.473+0000] {logging_mixin.py:154} INFO - [2023-12-08T02:54:31.472+0000] {dag.py:2941} INFO - Sync 1 DAGs
[2023-12-08T02:54:31.542+0000] {logging_mixin.py:154} INFO - [2023-12-08T02:54:31.542+0000] {dag.py:3722} INFO - Setting next_dagrun for example_nested_branch_dag to 2023-12-07T00:00:00+00:00, run_after=2023-12-08T00:00:00+00:00
[2023-12-08T02:54:31.587+0000] {processor.py:179} INFO - Processing /home/airflow/.local/lib/python3.8/site-packages/airflow/example_dags/example_nested_branch_dag.py took 0.244 seconds
[2023-12-08T02:55:02.388+0000] {processor.py:157} INFO - Started process (PID=1674) to work on /home/airflow/.local/lib/python3.8/site-packages/airflow/example_dags/example_nested_branch_dag.py
[2023-12-08T02:55:02.400+0000] {processor.py:829} INFO - Processing file /home/airflow/.local/lib/python3.8/site-packages/airflow/example_dags/example_nested_branch_dag.py for tasks to queue
[2023-12-08T02:55:02.411+0000] {logging_mixin.py:154} INFO - [2023-12-08T02:55:02.411+0000] {dagbag.py:536} INFO - Filling up the DagBag from /home/airflow/.local/lib/python3.8/site-packages/airflow/example_dags/example_nested_branch_dag.py
[2023-12-08T02:55:02.457+0000] {processor.py:839} INFO - DAG(s) dict_keys(['example_nested_branch_dag']) retrieved from /home/airflow/.local/lib/python3.8/site-packages/airflow/example_dags/example_nested_branch_dag.py
[2023-12-08T02:55:02.521+0000] {logging_mixin.py:154} INFO - [2023-12-08T02:55:02.521+0000] {dag.py:2941} INFO - Sync 1 DAGs
[2023-12-08T02:55:02.590+0000] {logging_mixin.py:154} INFO - [2023-12-08T02:55:02.590+0000] {dag.py:3722} INFO - Setting next_dagrun for example_nested_branch_dag to 2023-12-07T00:00:00+00:00, run_after=2023-12-08T00:00:00+00:00
[2023-12-08T02:55:02.694+0000] {processor.py:179} INFO - Processing /home/airflow/.local/lib/python3.8/site-packages/airflow/example_dags/example_nested_branch_dag.py took 0.317 seconds
[2023-12-08T02:55:33.224+0000] {processor.py:157} INFO - Started process (PID=1729) to work on /home/airflow/.local/lib/python3.8/site-packages/airflow/example_dags/example_nested_branch_dag.py
[2023-12-08T02:55:33.226+0000] {processor.py:829} INFO - Processing file /home/airflow/.local/lib/python3.8/site-packages/airflow/example_dags/example_nested_branch_dag.py for tasks to queue
[2023-12-08T02:55:33.237+0000] {logging_mixin.py:154} INFO - [2023-12-08T02:55:33.236+0000] {dagbag.py:536} INFO - Filling up the DagBag from /home/airflow/.local/lib/python3.8/site-packages/airflow/example_dags/example_nested_branch_dag.py
[2023-12-08T02:55:33.353+0000] {processor.py:839} INFO - DAG(s) dict_keys(['example_nested_branch_dag']) retrieved from /home/airflow/.local/lib/python3.8/site-packages/airflow/example_dags/example_nested_branch_dag.py
[2023-12-08T02:55:33.579+0000] {logging_mixin.py:154} INFO - [2023-12-08T02:55:33.579+0000] {dag.py:2941} INFO - Sync 1 DAGs
[2023-12-08T02:55:33.872+0000] {logging_mixin.py:154} INFO - [2023-12-08T02:55:33.871+0000] {dag.py:3722} INFO - Setting next_dagrun for example_nested_branch_dag to 2023-12-07T00:00:00+00:00, run_after=2023-12-08T00:00:00+00:00
[2023-12-08T02:55:34.315+0000] {processor.py:179} INFO - Processing /home/airflow/.local/lib/python3.8/site-packages/airflow/example_dags/example_nested_branch_dag.py took 1.109 seconds
[2023-12-08T02:56:04.848+0000] {processor.py:157} INFO - Started process (PID=1783) to work on /home/airflow/.local/lib/python3.8/site-packages/airflow/example_dags/example_nested_branch_dag.py
[2023-12-08T02:56:04.860+0000] {processor.py:829} INFO - Processing file /home/airflow/.local/lib/python3.8/site-packages/airflow/example_dags/example_nested_branch_dag.py for tasks to queue
[2023-12-08T02:56:04.865+0000] {logging_mixin.py:154} INFO - [2023-12-08T02:56:04.865+0000] {dagbag.py:536} INFO - Filling up the DagBag from /home/airflow/.local/lib/python3.8/site-packages/airflow/example_dags/example_nested_branch_dag.py
[2023-12-08T02:56:04.892+0000] {processor.py:839} INFO - DAG(s) dict_keys(['example_nested_branch_dag']) retrieved from /home/airflow/.local/lib/python3.8/site-packages/airflow/example_dags/example_nested_branch_dag.py
[2023-12-08T02:56:04.959+0000] {logging_mixin.py:154} INFO - [2023-12-08T02:56:04.958+0000] {dag.py:2941} INFO - Sync 1 DAGs
[2023-12-08T02:56:05.016+0000] {logging_mixin.py:154} INFO - [2023-12-08T02:56:05.015+0000] {dag.py:3722} INFO - Setting next_dagrun for example_nested_branch_dag to 2023-12-07T00:00:00+00:00, run_after=2023-12-08T00:00:00+00:00
[2023-12-08T02:56:05.063+0000] {processor.py:179} INFO - Processing /home/airflow/.local/lib/python3.8/site-packages/airflow/example_dags/example_nested_branch_dag.py took 0.222 seconds
[2023-12-08T02:56:35.385+0000] {processor.py:157} INFO - Started process (PID=1837) to work on /home/airflow/.local/lib/python3.8/site-packages/airflow/example_dags/example_nested_branch_dag.py
[2023-12-08T02:56:35.391+0000] {processor.py:829} INFO - Processing file /home/airflow/.local/lib/python3.8/site-packages/airflow/example_dags/example_nested_branch_dag.py for tasks to queue
[2023-12-08T02:56:35.396+0000] {logging_mixin.py:154} INFO - [2023-12-08T02:56:35.395+0000] {dagbag.py:536} INFO - Filling up the DagBag from /home/airflow/.local/lib/python3.8/site-packages/airflow/example_dags/example_nested_branch_dag.py
[2023-12-08T02:56:35.438+0000] {processor.py:839} INFO - DAG(s) dict_keys(['example_nested_branch_dag']) retrieved from /home/airflow/.local/lib/python3.8/site-packages/airflow/example_dags/example_nested_branch_dag.py
[2023-12-08T02:56:35.497+0000] {logging_mixin.py:154} INFO - [2023-12-08T02:56:35.496+0000] {dag.py:2941} INFO - Sync 1 DAGs
[2023-12-08T02:56:35.555+0000] {logging_mixin.py:154} INFO - [2023-12-08T02:56:35.555+0000] {dag.py:3722} INFO - Setting next_dagrun for example_nested_branch_dag to 2023-12-07T00:00:00+00:00, run_after=2023-12-08T00:00:00+00:00
[2023-12-08T02:56:35.595+0000] {processor.py:179} INFO - Processing /home/airflow/.local/lib/python3.8/site-packages/airflow/example_dags/example_nested_branch_dag.py took 0.224 seconds
[2023-12-08T02:57:06.351+0000] {processor.py:157} INFO - Started process (PID=1892) to work on /home/airflow/.local/lib/python3.8/site-packages/airflow/example_dags/example_nested_branch_dag.py
[2023-12-08T02:57:06.353+0000] {processor.py:829} INFO - Processing file /home/airflow/.local/lib/python3.8/site-packages/airflow/example_dags/example_nested_branch_dag.py for tasks to queue
[2023-12-08T02:57:06.360+0000] {logging_mixin.py:154} INFO - [2023-12-08T02:57:06.360+0000] {dagbag.py:536} INFO - Filling up the DagBag from /home/airflow/.local/lib/python3.8/site-packages/airflow/example_dags/example_nested_branch_dag.py
[2023-12-08T02:57:06.385+0000] {processor.py:839} INFO - DAG(s) dict_keys(['example_nested_branch_dag']) retrieved from /home/airflow/.local/lib/python3.8/site-packages/airflow/example_dags/example_nested_branch_dag.py
[2023-12-08T02:57:06.467+0000] {logging_mixin.py:154} INFO - [2023-12-08T02:57:06.466+0000] {dag.py:2941} INFO - Sync 1 DAGs
[2023-12-08T02:57:06.631+0000] {logging_mixin.py:154} INFO - [2023-12-08T02:57:06.631+0000] {dag.py:3722} INFO - Setting next_dagrun for example_nested_branch_dag to 2023-12-07T00:00:00+00:00, run_after=2023-12-08T00:00:00+00:00
[2023-12-08T02:57:06.832+0000] {processor.py:179} INFO - Processing /home/airflow/.local/lib/python3.8/site-packages/airflow/example_dags/example_nested_branch_dag.py took 0.488 seconds
