[2023-12-08T02:39:21.962+0000] {processor.py:157} INFO - Started process (PID=78) to work on /home/airflow/.local/lib/python3.8/site-packages/airflow/example_dags/example_branch_python_dop_operator_3.py
[2023-12-08T02:39:21.965+0000] {processor.py:829} INFO - Processing file /home/airflow/.local/lib/python3.8/site-packages/airflow/example_dags/example_branch_python_dop_operator_3.py for tasks to queue
[2023-12-08T02:39:21.979+0000] {logging_mixin.py:154} INFO - [2023-12-08T02:39:21.978+0000] {dagbag.py:536} INFO - Filling up the DagBag from /home/airflow/.local/lib/python3.8/site-packages/airflow/example_dags/example_branch_python_dop_operator_3.py
[2023-12-08T02:39:22.054+0000] {processor.py:839} INFO - DAG(s) dict_keys(['example_branch_dop_operator_v3']) retrieved from /home/airflow/.local/lib/python3.8/site-packages/airflow/example_dags/example_branch_python_dop_operator_3.py
[2023-12-08T02:39:22.204+0000] {logging_mixin.py:154} INFO - [2023-12-08T02:39:22.203+0000] {dag.py:2941} INFO - Sync 1 DAGs
[2023-12-08T02:39:22.477+0000] {logging_mixin.py:154} INFO - [2023-12-08T02:39:22.477+0000] {dag.py:3722} INFO - Setting next_dagrun for example_branch_dop_operator_v3 to 2023-12-08T02:38:00+00:00, run_after=2023-12-08T02:39:00+00:00
[2023-12-08T02:39:22.571+0000] {processor.py:179} INFO - Processing /home/airflow/.local/lib/python3.8/site-packages/airflow/example_dags/example_branch_python_dop_operator_3.py took 0.623 seconds
[2023-12-08T02:39:52.769+0000] {processor.py:157} INFO - Started process (PID=132) to work on /home/airflow/.local/lib/python3.8/site-packages/airflow/example_dags/example_branch_python_dop_operator_3.py
[2023-12-08T02:39:52.771+0000] {processor.py:829} INFO - Processing file /home/airflow/.local/lib/python3.8/site-packages/airflow/example_dags/example_branch_python_dop_operator_3.py for tasks to queue
[2023-12-08T02:39:52.781+0000] {logging_mixin.py:154} INFO - [2023-12-08T02:39:52.780+0000] {dagbag.py:536} INFO - Filling up the DagBag from /home/airflow/.local/lib/python3.8/site-packages/airflow/example_dags/example_branch_python_dop_operator_3.py
[2023-12-08T02:39:52.801+0000] {processor.py:839} INFO - DAG(s) dict_keys(['example_branch_dop_operator_v3']) retrieved from /home/airflow/.local/lib/python3.8/site-packages/airflow/example_dags/example_branch_python_dop_operator_3.py
[2023-12-08T02:39:52.858+0000] {logging_mixin.py:154} INFO - [2023-12-08T02:39:52.857+0000] {dag.py:2941} INFO - Sync 1 DAGs
[2023-12-08T02:39:52.991+0000] {logging_mixin.py:154} INFO - [2023-12-08T02:39:52.991+0000] {dag.py:3722} INFO - Setting next_dagrun for example_branch_dop_operator_v3 to 2023-12-08T02:38:00+00:00, run_after=2023-12-08T02:39:00+00:00
[2023-12-08T02:39:53.071+0000] {processor.py:179} INFO - Processing /home/airflow/.local/lib/python3.8/site-packages/airflow/example_dags/example_branch_python_dop_operator_3.py took 0.313 seconds
[2023-12-08T02:40:24.922+0000] {processor.py:157} INFO - Started process (PID=186) to work on /home/airflow/.local/lib/python3.8/site-packages/airflow/example_dags/example_branch_python_dop_operator_3.py
[2023-12-08T02:40:24.925+0000] {processor.py:829} INFO - Processing file /home/airflow/.local/lib/python3.8/site-packages/airflow/example_dags/example_branch_python_dop_operator_3.py for tasks to queue
[2023-12-08T02:40:24.930+0000] {logging_mixin.py:154} INFO - [2023-12-08T02:40:24.929+0000] {dagbag.py:536} INFO - Filling up the DagBag from /home/airflow/.local/lib/python3.8/site-packages/airflow/example_dags/example_branch_python_dop_operator_3.py
[2023-12-08T02:40:24.978+0000] {processor.py:839} INFO - DAG(s) dict_keys(['example_branch_dop_operator_v3']) retrieved from /home/airflow/.local/lib/python3.8/site-packages/airflow/example_dags/example_branch_python_dop_operator_3.py
[2023-12-08T02:40:25.075+0000] {logging_mixin.py:154} INFO - [2023-12-08T02:40:25.074+0000] {dag.py:2941} INFO - Sync 1 DAGs
[2023-12-08T02:40:25.140+0000] {logging_mixin.py:154} INFO - [2023-12-08T02:40:25.139+0000] {dag.py:3722} INFO - Setting next_dagrun for example_branch_dop_operator_v3 to 2023-12-08T02:39:00+00:00, run_after=2023-12-08T02:40:00+00:00
[2023-12-08T02:40:25.177+0000] {processor.py:179} INFO - Processing /home/airflow/.local/lib/python3.8/site-packages/airflow/example_dags/example_branch_python_dop_operator_3.py took 0.262 seconds
[2023-12-08T02:40:57.935+0000] {processor.py:157} INFO - Started process (PID=240) to work on /home/airflow/.local/lib/python3.8/site-packages/airflow/example_dags/example_branch_python_dop_operator_3.py
[2023-12-08T02:40:57.947+0000] {processor.py:829} INFO - Processing file /home/airflow/.local/lib/python3.8/site-packages/airflow/example_dags/example_branch_python_dop_operator_3.py for tasks to queue
[2023-12-08T02:40:57.961+0000] {logging_mixin.py:154} INFO - [2023-12-08T02:40:57.960+0000] {dagbag.py:536} INFO - Filling up the DagBag from /home/airflow/.local/lib/python3.8/site-packages/airflow/example_dags/example_branch_python_dop_operator_3.py
[2023-12-08T02:40:58.014+0000] {processor.py:839} INFO - DAG(s) dict_keys(['example_branch_dop_operator_v3']) retrieved from /home/airflow/.local/lib/python3.8/site-packages/airflow/example_dags/example_branch_python_dop_operator_3.py
[2023-12-08T02:40:58.118+0000] {logging_mixin.py:154} INFO - [2023-12-08T02:40:58.118+0000] {dag.py:2941} INFO - Sync 1 DAGs
[2023-12-08T02:40:58.211+0000] {logging_mixin.py:154} INFO - [2023-12-08T02:40:58.211+0000] {dag.py:3722} INFO - Setting next_dagrun for example_branch_dop_operator_v3 to 2023-12-08T02:39:00+00:00, run_after=2023-12-08T02:40:00+00:00
[2023-12-08T02:40:58.267+0000] {processor.py:179} INFO - Processing /home/airflow/.local/lib/python3.8/site-packages/airflow/example_dags/example_branch_python_dop_operator_3.py took 0.343 seconds
[2023-12-08T02:41:28.960+0000] {processor.py:157} INFO - Started process (PID=294) to work on /home/airflow/.local/lib/python3.8/site-packages/airflow/example_dags/example_branch_python_dop_operator_3.py
[2023-12-08T02:41:28.973+0000] {processor.py:829} INFO - Processing file /home/airflow/.local/lib/python3.8/site-packages/airflow/example_dags/example_branch_python_dop_operator_3.py for tasks to queue
[2023-12-08T02:41:28.990+0000] {logging_mixin.py:154} INFO - [2023-12-08T02:41:28.978+0000] {dagbag.py:536} INFO - Filling up the DagBag from /home/airflow/.local/lib/python3.8/site-packages/airflow/example_dags/example_branch_python_dop_operator_3.py
[2023-12-08T02:41:29.061+0000] {processor.py:839} INFO - DAG(s) dict_keys(['example_branch_dop_operator_v3']) retrieved from /home/airflow/.local/lib/python3.8/site-packages/airflow/example_dags/example_branch_python_dop_operator_3.py
[2023-12-08T02:41:29.207+0000] {logging_mixin.py:154} INFO - [2023-12-08T02:41:29.196+0000] {dag.py:2941} INFO - Sync 1 DAGs
[2023-12-08T02:41:29.444+0000] {logging_mixin.py:154} INFO - [2023-12-08T02:41:29.443+0000] {dag.py:3722} INFO - Setting next_dagrun for example_branch_dop_operator_v3 to 2023-12-08T02:40:00+00:00, run_after=2023-12-08T02:41:00+00:00
[2023-12-08T02:41:29.599+0000] {processor.py:179} INFO - Processing /home/airflow/.local/lib/python3.8/site-packages/airflow/example_dags/example_branch_python_dop_operator_3.py took 0.659 seconds
[2023-12-08T02:42:00.335+0000] {processor.py:157} INFO - Started process (PID=349) to work on /home/airflow/.local/lib/python3.8/site-packages/airflow/example_dags/example_branch_python_dop_operator_3.py
[2023-12-08T02:42:00.350+0000] {processor.py:829} INFO - Processing file /home/airflow/.local/lib/python3.8/site-packages/airflow/example_dags/example_branch_python_dop_operator_3.py for tasks to queue
[2023-12-08T02:42:00.359+0000] {logging_mixin.py:154} INFO - [2023-12-08T02:42:00.356+0000] {dagbag.py:536} INFO - Filling up the DagBag from /home/airflow/.local/lib/python3.8/site-packages/airflow/example_dags/example_branch_python_dop_operator_3.py
[2023-12-08T02:42:00.389+0000] {processor.py:839} INFO - DAG(s) dict_keys(['example_branch_dop_operator_v3']) retrieved from /home/airflow/.local/lib/python3.8/site-packages/airflow/example_dags/example_branch_python_dop_operator_3.py
[2023-12-08T02:42:00.461+0000] {logging_mixin.py:154} INFO - [2023-12-08T02:42:00.460+0000] {dag.py:2941} INFO - Sync 1 DAGs
[2023-12-08T02:42:00.673+0000] {logging_mixin.py:154} INFO - [2023-12-08T02:42:00.661+0000] {dag.py:3722} INFO - Setting next_dagrun for example_branch_dop_operator_v3 to 2023-12-08T02:41:00+00:00, run_after=2023-12-08T02:42:00+00:00
[2023-12-08T02:42:00.807+0000] {processor.py:179} INFO - Processing /home/airflow/.local/lib/python3.8/site-packages/airflow/example_dags/example_branch_python_dop_operator_3.py took 0.482 seconds
[2023-12-08T02:42:36.856+0000] {processor.py:157} INFO - Started process (PID=403) to work on /home/airflow/.local/lib/python3.8/site-packages/airflow/example_dags/example_branch_python_dop_operator_3.py
[2023-12-08T02:42:36.860+0000] {processor.py:829} INFO - Processing file /home/airflow/.local/lib/python3.8/site-packages/airflow/example_dags/example_branch_python_dop_operator_3.py for tasks to queue
[2023-12-08T02:42:36.888+0000] {logging_mixin.py:154} INFO - [2023-12-08T02:42:36.876+0000] {dagbag.py:536} INFO - Filling up the DagBag from /home/airflow/.local/lib/python3.8/site-packages/airflow/example_dags/example_branch_python_dop_operator_3.py
[2023-12-08T02:42:36.984+0000] {processor.py:839} INFO - DAG(s) dict_keys(['example_branch_dop_operator_v3']) retrieved from /home/airflow/.local/lib/python3.8/site-packages/airflow/example_dags/example_branch_python_dop_operator_3.py
[2023-12-08T02:42:37.175+0000] {logging_mixin.py:154} INFO - [2023-12-08T02:42:37.175+0000] {dag.py:2941} INFO - Sync 1 DAGs
[2023-12-08T02:42:37.576+0000] {logging_mixin.py:154} INFO - [2023-12-08T02:42:37.575+0000] {dag.py:3722} INFO - Setting next_dagrun for example_branch_dop_operator_v3 to 2023-12-08T02:41:00+00:00, run_after=2023-12-08T02:42:00+00:00
[2023-12-08T02:42:37.781+0000] {processor.py:179} INFO - Processing /home/airflow/.local/lib/python3.8/site-packages/airflow/example_dags/example_branch_python_dop_operator_3.py took 0.968 seconds
[2023-12-08T02:43:11.514+0000] {processor.py:157} INFO - Started process (PID=457) to work on /home/airflow/.local/lib/python3.8/site-packages/airflow/example_dags/example_branch_python_dop_operator_3.py
[2023-12-08T02:43:11.560+0000] {processor.py:829} INFO - Processing file /home/airflow/.local/lib/python3.8/site-packages/airflow/example_dags/example_branch_python_dop_operator_3.py for tasks to queue
[2023-12-08T02:43:11.595+0000] {logging_mixin.py:154} INFO - [2023-12-08T02:43:11.566+0000] {dagbag.py:536} INFO - Filling up the DagBag from /home/airflow/.local/lib/python3.8/site-packages/airflow/example_dags/example_branch_python_dop_operator_3.py
[2023-12-08T02:43:11.726+0000] {processor.py:839} INFO - DAG(s) dict_keys(['example_branch_dop_operator_v3']) retrieved from /home/airflow/.local/lib/python3.8/site-packages/airflow/example_dags/example_branch_python_dop_operator_3.py
[2023-12-08T02:43:11.861+0000] {logging_mixin.py:154} INFO - [2023-12-08T02:43:11.861+0000] {dag.py:2941} INFO - Sync 1 DAGs
[2023-12-08T02:43:12.082+0000] {logging_mixin.py:154} INFO - [2023-12-08T02:43:12.081+0000] {dag.py:3722} INFO - Setting next_dagrun for example_branch_dop_operator_v3 to 2023-12-08T02:42:00+00:00, run_after=2023-12-08T02:43:00+00:00
[2023-12-08T02:43:12.209+0000] {processor.py:179} INFO - Processing /home/airflow/.local/lib/python3.8/site-packages/airflow/example_dags/example_branch_python_dop_operator_3.py took 0.789 seconds
[2023-12-08T02:43:45.621+0000] {processor.py:157} INFO - Started process (PID=512) to work on /home/airflow/.local/lib/python3.8/site-packages/airflow/example_dags/example_branch_python_dop_operator_3.py
[2023-12-08T02:43:45.632+0000] {processor.py:829} INFO - Processing file /home/airflow/.local/lib/python3.8/site-packages/airflow/example_dags/example_branch_python_dop_operator_3.py for tasks to queue
[2023-12-08T02:43:45.639+0000] {logging_mixin.py:154} INFO - [2023-12-08T02:43:45.638+0000] {dagbag.py:536} INFO - Filling up the DagBag from /home/airflow/.local/lib/python3.8/site-packages/airflow/example_dags/example_branch_python_dop_operator_3.py
[2023-12-08T02:43:45.721+0000] {processor.py:839} INFO - DAG(s) dict_keys(['example_branch_dop_operator_v3']) retrieved from /home/airflow/.local/lib/python3.8/site-packages/airflow/example_dags/example_branch_python_dop_operator_3.py
[2023-12-08T02:43:45.848+0000] {logging_mixin.py:154} INFO - [2023-12-08T02:43:45.847+0000] {dag.py:2941} INFO - Sync 1 DAGs
[2023-12-08T02:43:45.976+0000] {logging_mixin.py:154} INFO - [2023-12-08T02:43:45.976+0000] {dag.py:3722} INFO - Setting next_dagrun for example_branch_dop_operator_v3 to 2023-12-08T02:42:00+00:00, run_after=2023-12-08T02:43:00+00:00
[2023-12-08T02:43:46.028+0000] {processor.py:179} INFO - Processing /home/airflow/.local/lib/python3.8/site-packages/airflow/example_dags/example_branch_python_dop_operator_3.py took 0.448 seconds
[2023-12-08T02:44:16.513+0000] {processor.py:157} INFO - Started process (PID=566) to work on /home/airflow/.local/lib/python3.8/site-packages/airflow/example_dags/example_branch_python_dop_operator_3.py
[2023-12-08T02:44:16.516+0000] {processor.py:829} INFO - Processing file /home/airflow/.local/lib/python3.8/site-packages/airflow/example_dags/example_branch_python_dop_operator_3.py for tasks to queue
[2023-12-08T02:44:16.523+0000] {logging_mixin.py:154} INFO - [2023-12-08T02:44:16.522+0000] {dagbag.py:536} INFO - Filling up the DagBag from /home/airflow/.local/lib/python3.8/site-packages/airflow/example_dags/example_branch_python_dop_operator_3.py
[2023-12-08T02:44:16.548+0000] {processor.py:839} INFO - DAG(s) dict_keys(['example_branch_dop_operator_v3']) retrieved from /home/airflow/.local/lib/python3.8/site-packages/airflow/example_dags/example_branch_python_dop_operator_3.py
[2023-12-08T02:44:16.603+0000] {logging_mixin.py:154} INFO - [2023-12-08T02:44:16.603+0000] {dag.py:2941} INFO - Sync 1 DAGs
[2023-12-08T02:44:16.710+0000] {logging_mixin.py:154} INFO - [2023-12-08T02:44:16.709+0000] {dag.py:3722} INFO - Setting next_dagrun for example_branch_dop_operator_v3 to 2023-12-08T02:43:00+00:00, run_after=2023-12-08T02:44:00+00:00
[2023-12-08T02:44:16.757+0000] {processor.py:179} INFO - Processing /home/airflow/.local/lib/python3.8/site-packages/airflow/example_dags/example_branch_python_dop_operator_3.py took 0.254 seconds
[2023-12-08T02:44:46.906+0000] {processor.py:157} INFO - Started process (PID=620) to work on /home/airflow/.local/lib/python3.8/site-packages/airflow/example_dags/example_branch_python_dop_operator_3.py
[2023-12-08T02:44:46.908+0000] {processor.py:829} INFO - Processing file /home/airflow/.local/lib/python3.8/site-packages/airflow/example_dags/example_branch_python_dop_operator_3.py for tasks to queue
[2023-12-08T02:44:46.911+0000] {logging_mixin.py:154} INFO - [2023-12-08T02:44:46.911+0000] {dagbag.py:536} INFO - Filling up the DagBag from /home/airflow/.local/lib/python3.8/site-packages/airflow/example_dags/example_branch_python_dop_operator_3.py
[2023-12-08T02:44:46.926+0000] {processor.py:839} INFO - DAG(s) dict_keys(['example_branch_dop_operator_v3']) retrieved from /home/airflow/.local/lib/python3.8/site-packages/airflow/example_dags/example_branch_python_dop_operator_3.py
[2023-12-08T02:44:46.969+0000] {logging_mixin.py:154} INFO - [2023-12-08T02:44:46.968+0000] {dag.py:2941} INFO - Sync 1 DAGs
[2023-12-08T02:44:47.053+0000] {logging_mixin.py:154} INFO - [2023-12-08T02:44:47.052+0000] {dag.py:3722} INFO - Setting next_dagrun for example_branch_dop_operator_v3 to 2023-12-08T02:43:00+00:00, run_after=2023-12-08T02:44:00+00:00
[2023-12-08T02:44:47.089+0000] {processor.py:179} INFO - Processing /home/airflow/.local/lib/python3.8/site-packages/airflow/example_dags/example_branch_python_dop_operator_3.py took 0.190 seconds
[2023-12-08T02:45:17.952+0000] {processor.py:157} INFO - Started process (PID=675) to work on /home/airflow/.local/lib/python3.8/site-packages/airflow/example_dags/example_branch_python_dop_operator_3.py
[2023-12-08T02:45:17.954+0000] {processor.py:829} INFO - Processing file /home/airflow/.local/lib/python3.8/site-packages/airflow/example_dags/example_branch_python_dop_operator_3.py for tasks to queue
[2023-12-08T02:45:17.959+0000] {logging_mixin.py:154} INFO - [2023-12-08T02:45:17.958+0000] {dagbag.py:536} INFO - Filling up the DagBag from /home/airflow/.local/lib/python3.8/site-packages/airflow/example_dags/example_branch_python_dop_operator_3.py
[2023-12-08T02:45:17.981+0000] {processor.py:839} INFO - DAG(s) dict_keys(['example_branch_dop_operator_v3']) retrieved from /home/airflow/.local/lib/python3.8/site-packages/airflow/example_dags/example_branch_python_dop_operator_3.py
[2023-12-08T02:45:18.021+0000] {logging_mixin.py:154} INFO - [2023-12-08T02:45:18.021+0000] {dag.py:2941} INFO - Sync 1 DAGs
[2023-12-08T02:45:18.072+0000] {logging_mixin.py:154} INFO - [2023-12-08T02:45:18.072+0000] {dag.py:3722} INFO - Setting next_dagrun for example_branch_dop_operator_v3 to 2023-12-08T02:44:00+00:00, run_after=2023-12-08T02:45:00+00:00
[2023-12-08T02:45:18.106+0000] {processor.py:179} INFO - Processing /home/airflow/.local/lib/python3.8/site-packages/airflow/example_dags/example_branch_python_dop_operator_3.py took 0.163 seconds
[2023-12-08T02:45:52.545+0000] {processor.py:157} INFO - Started process (PID=734) to work on /home/airflow/.local/lib/python3.8/site-packages/airflow/example_dags/example_branch_python_dop_operator_3.py
[2023-12-08T02:45:52.578+0000] {processor.py:829} INFO - Processing file /home/airflow/.local/lib/python3.8/site-packages/airflow/example_dags/example_branch_python_dop_operator_3.py for tasks to queue
[2023-12-08T02:45:52.610+0000] {logging_mixin.py:154} INFO - [2023-12-08T02:45:52.609+0000] {dagbag.py:536} INFO - Filling up the DagBag from /home/airflow/.local/lib/python3.8/site-packages/airflow/example_dags/example_branch_python_dop_operator_3.py
[2023-12-08T02:45:52.704+0000] {processor.py:839} INFO - DAG(s) dict_keys(['example_branch_dop_operator_v3']) retrieved from /home/airflow/.local/lib/python3.8/site-packages/airflow/example_dags/example_branch_python_dop_operator_3.py
[2023-12-08T02:45:52.905+0000] {logging_mixin.py:154} INFO - [2023-12-08T02:45:52.904+0000] {dag.py:2941} INFO - Sync 1 DAGs
[2023-12-08T02:45:53.155+0000] {logging_mixin.py:154} INFO - [2023-12-08T02:45:53.154+0000] {dag.py:3722} INFO - Setting next_dagrun for example_branch_dop_operator_v3 to 2023-12-08T02:44:00+00:00, run_after=2023-12-08T02:45:00+00:00
[2023-12-08T02:45:53.269+0000] {processor.py:179} INFO - Processing /home/airflow/.local/lib/python3.8/site-packages/airflow/example_dags/example_branch_python_dop_operator_3.py took 0.753 seconds
[2023-12-08T02:46:36.522+0000] {processor.py:157} INFO - Started process (PID=788) to work on /home/airflow/.local/lib/python3.8/site-packages/airflow/example_dags/example_branch_python_dop_operator_3.py
[2023-12-08T02:46:36.571+0000] {processor.py:829} INFO - Processing file /home/airflow/.local/lib/python3.8/site-packages/airflow/example_dags/example_branch_python_dop_operator_3.py for tasks to queue
[2023-12-08T02:46:36.630+0000] {logging_mixin.py:154} INFO - [2023-12-08T02:46:36.600+0000] {dagbag.py:536} INFO - Filling up the DagBag from /home/airflow/.local/lib/python3.8/site-packages/airflow/example_dags/example_branch_python_dop_operator_3.py
[2023-12-08T02:46:36.853+0000] {processor.py:839} INFO - DAG(s) dict_keys(['example_branch_dop_operator_v3']) retrieved from /home/airflow/.local/lib/python3.8/site-packages/airflow/example_dags/example_branch_python_dop_operator_3.py
[2023-12-08T02:46:37.069+0000] {logging_mixin.py:154} INFO - [2023-12-08T02:46:37.059+0000] {dag.py:2941} INFO - Sync 1 DAGs
[2023-12-08T02:46:37.731+0000] {logging_mixin.py:154} INFO - [2023-12-08T02:46:37.730+0000] {dag.py:3722} INFO - Setting next_dagrun for example_branch_dop_operator_v3 to 2023-12-08T02:45:00+00:00, run_after=2023-12-08T02:46:00+00:00
[2023-12-08T02:46:38.223+0000] {processor.py:179} INFO - Processing /home/airflow/.local/lib/python3.8/site-packages/airflow/example_dags/example_branch_python_dop_operator_3.py took 1.747 seconds
[2023-12-08T02:47:08.348+0000] {processor.py:157} INFO - Started process (PID=842) to work on /home/airflow/.local/lib/python3.8/site-packages/airflow/example_dags/example_branch_python_dop_operator_3.py
[2023-12-08T02:47:08.369+0000] {processor.py:829} INFO - Processing file /home/airflow/.local/lib/python3.8/site-packages/airflow/example_dags/example_branch_python_dop_operator_3.py for tasks to queue
[2023-12-08T02:47:08.376+0000] {logging_mixin.py:154} INFO - [2023-12-08T02:47:08.375+0000] {dagbag.py:536} INFO - Filling up the DagBag from /home/airflow/.local/lib/python3.8/site-packages/airflow/example_dags/example_branch_python_dop_operator_3.py
[2023-12-08T02:47:08.419+0000] {processor.py:839} INFO - DAG(s) dict_keys(['example_branch_dop_operator_v3']) retrieved from /home/airflow/.local/lib/python3.8/site-packages/airflow/example_dags/example_branch_python_dop_operator_3.py
[2023-12-08T02:47:08.469+0000] {logging_mixin.py:154} INFO - [2023-12-08T02:47:08.468+0000] {dag.py:2941} INFO - Sync 1 DAGs
[2023-12-08T02:47:08.533+0000] {logging_mixin.py:154} INFO - [2023-12-08T02:47:08.533+0000] {dag.py:3722} INFO - Setting next_dagrun for example_branch_dop_operator_v3 to 2023-12-08T02:46:00+00:00, run_after=2023-12-08T02:47:00+00:00
[2023-12-08T02:47:08.575+0000] {processor.py:179} INFO - Processing /home/airflow/.local/lib/python3.8/site-packages/airflow/example_dags/example_branch_python_dop_operator_3.py took 0.237 seconds
[2023-12-08T02:47:38.639+0000] {processor.py:157} INFO - Started process (PID=896) to work on /home/airflow/.local/lib/python3.8/site-packages/airflow/example_dags/example_branch_python_dop_operator_3.py
[2023-12-08T02:47:38.641+0000] {processor.py:829} INFO - Processing file /home/airflow/.local/lib/python3.8/site-packages/airflow/example_dags/example_branch_python_dop_operator_3.py for tasks to queue
[2023-12-08T02:47:38.647+0000] {logging_mixin.py:154} INFO - [2023-12-08T02:47:38.646+0000] {dagbag.py:536} INFO - Filling up the DagBag from /home/airflow/.local/lib/python3.8/site-packages/airflow/example_dags/example_branch_python_dop_operator_3.py
[2023-12-08T02:47:38.669+0000] {processor.py:839} INFO - DAG(s) dict_keys(['example_branch_dop_operator_v3']) retrieved from /home/airflow/.local/lib/python3.8/site-packages/airflow/example_dags/example_branch_python_dop_operator_3.py
[2023-12-08T02:47:38.729+0000] {logging_mixin.py:154} INFO - [2023-12-08T02:47:38.729+0000] {dag.py:2941} INFO - Sync 1 DAGs
[2023-12-08T02:47:38.809+0000] {logging_mixin.py:154} INFO - [2023-12-08T02:47:38.808+0000] {dag.py:3722} INFO - Setting next_dagrun for example_branch_dop_operator_v3 to 2023-12-08T02:46:00+00:00, run_after=2023-12-08T02:47:00+00:00
[2023-12-08T02:47:38.872+0000] {processor.py:179} INFO - Processing /home/airflow/.local/lib/python3.8/site-packages/airflow/example_dags/example_branch_python_dop_operator_3.py took 0.242 seconds
[2023-12-08T02:48:11.255+0000] {processor.py:157} INFO - Started process (PID=950) to work on /home/airflow/.local/lib/python3.8/site-packages/airflow/example_dags/example_branch_python_dop_operator_3.py
[2023-12-08T02:48:11.270+0000] {processor.py:829} INFO - Processing file /home/airflow/.local/lib/python3.8/site-packages/airflow/example_dags/example_branch_python_dop_operator_3.py for tasks to queue
[2023-12-08T02:48:11.287+0000] {logging_mixin.py:154} INFO - [2023-12-08T02:48:11.286+0000] {dagbag.py:536} INFO - Filling up the DagBag from /home/airflow/.local/lib/python3.8/site-packages/airflow/example_dags/example_branch_python_dop_operator_3.py
[2023-12-08T02:48:11.333+0000] {processor.py:839} INFO - DAG(s) dict_keys(['example_branch_dop_operator_v3']) retrieved from /home/airflow/.local/lib/python3.8/site-packages/airflow/example_dags/example_branch_python_dop_operator_3.py
[2023-12-08T02:48:11.495+0000] {logging_mixin.py:154} INFO - [2023-12-08T02:48:11.494+0000] {dag.py:2941} INFO - Sync 1 DAGs
[2023-12-08T02:48:11.654+0000] {logging_mixin.py:154} INFO - [2023-12-08T02:48:11.654+0000] {dag.py:3722} INFO - Setting next_dagrun for example_branch_dop_operator_v3 to 2023-12-08T02:47:00+00:00, run_after=2023-12-08T02:48:00+00:00
[2023-12-08T02:48:11.767+0000] {processor.py:179} INFO - Processing /home/airflow/.local/lib/python3.8/site-packages/airflow/example_dags/example_branch_python_dop_operator_3.py took 0.545 seconds
[2023-12-08T02:48:42.225+0000] {processor.py:157} INFO - Started process (PID=1002) to work on /home/airflow/.local/lib/python3.8/site-packages/airflow/example_dags/example_branch_python_dop_operator_3.py
[2023-12-08T02:48:42.226+0000] {processor.py:829} INFO - Processing file /home/airflow/.local/lib/python3.8/site-packages/airflow/example_dags/example_branch_python_dop_operator_3.py for tasks to queue
[2023-12-08T02:48:42.233+0000] {logging_mixin.py:154} INFO - [2023-12-08T02:48:42.232+0000] {dagbag.py:536} INFO - Filling up the DagBag from /home/airflow/.local/lib/python3.8/site-packages/airflow/example_dags/example_branch_python_dop_operator_3.py
[2023-12-08T02:48:42.251+0000] {processor.py:839} INFO - DAG(s) dict_keys(['example_branch_dop_operator_v3']) retrieved from /home/airflow/.local/lib/python3.8/site-packages/airflow/example_dags/example_branch_python_dop_operator_3.py
[2023-12-08T02:48:42.289+0000] {logging_mixin.py:154} INFO - [2023-12-08T02:48:42.288+0000] {dag.py:2941} INFO - Sync 1 DAGs
[2023-12-08T02:48:42.345+0000] {logging_mixin.py:154} INFO - [2023-12-08T02:48:42.344+0000] {dag.py:3722} INFO - Setting next_dagrun for example_branch_dop_operator_v3 to 2023-12-08T02:47:00+00:00, run_after=2023-12-08T02:48:00+00:00
[2023-12-08T02:48:42.379+0000] {processor.py:179} INFO - Processing /home/airflow/.local/lib/python3.8/site-packages/airflow/example_dags/example_branch_python_dop_operator_3.py took 0.160 seconds
[2023-12-08T02:49:13.140+0000] {processor.py:157} INFO - Started process (PID=1055) to work on /home/airflow/.local/lib/python3.8/site-packages/airflow/example_dags/example_branch_python_dop_operator_3.py
[2023-12-08T02:49:13.146+0000] {processor.py:829} INFO - Processing file /home/airflow/.local/lib/python3.8/site-packages/airflow/example_dags/example_branch_python_dop_operator_3.py for tasks to queue
[2023-12-08T02:49:13.153+0000] {logging_mixin.py:154} INFO - [2023-12-08T02:49:13.153+0000] {dagbag.py:536} INFO - Filling up the DagBag from /home/airflow/.local/lib/python3.8/site-packages/airflow/example_dags/example_branch_python_dop_operator_3.py
[2023-12-08T02:49:13.170+0000] {processor.py:839} INFO - DAG(s) dict_keys(['example_branch_dop_operator_v3']) retrieved from /home/airflow/.local/lib/python3.8/site-packages/airflow/example_dags/example_branch_python_dop_operator_3.py
[2023-12-08T02:49:13.209+0000] {logging_mixin.py:154} INFO - [2023-12-08T02:49:13.208+0000] {dag.py:2941} INFO - Sync 1 DAGs
[2023-12-08T02:49:13.271+0000] {logging_mixin.py:154} INFO - [2023-12-08T02:49:13.271+0000] {dag.py:3722} INFO - Setting next_dagrun for example_branch_dop_operator_v3 to 2023-12-08T02:48:00+00:00, run_after=2023-12-08T02:49:00+00:00
[2023-12-08T02:49:13.559+0000] {processor.py:179} INFO - Processing /home/airflow/.local/lib/python3.8/site-packages/airflow/example_dags/example_branch_python_dop_operator_3.py took 0.425 seconds
[2023-12-08T02:49:43.868+0000] {processor.py:157} INFO - Started process (PID=1109) to work on /home/airflow/.local/lib/python3.8/site-packages/airflow/example_dags/example_branch_python_dop_operator_3.py
[2023-12-08T02:49:43.870+0000] {processor.py:829} INFO - Processing file /home/airflow/.local/lib/python3.8/site-packages/airflow/example_dags/example_branch_python_dop_operator_3.py for tasks to queue
[2023-12-08T02:49:43.874+0000] {logging_mixin.py:154} INFO - [2023-12-08T02:49:43.873+0000] {dagbag.py:536} INFO - Filling up the DagBag from /home/airflow/.local/lib/python3.8/site-packages/airflow/example_dags/example_branch_python_dop_operator_3.py
[2023-12-08T02:49:43.890+0000] {processor.py:839} INFO - DAG(s) dict_keys(['example_branch_dop_operator_v3']) retrieved from /home/airflow/.local/lib/python3.8/site-packages/airflow/example_dags/example_branch_python_dop_operator_3.py
[2023-12-08T02:49:43.932+0000] {logging_mixin.py:154} INFO - [2023-12-08T02:49:43.932+0000] {dag.py:2941} INFO - Sync 1 DAGs
[2023-12-08T02:49:43.996+0000] {logging_mixin.py:154} INFO - [2023-12-08T02:49:43.995+0000] {dag.py:3722} INFO - Setting next_dagrun for example_branch_dop_operator_v3 to 2023-12-08T02:48:00+00:00, run_after=2023-12-08T02:49:00+00:00
[2023-12-08T02:49:44.034+0000] {processor.py:179} INFO - Processing /home/airflow/.local/lib/python3.8/site-packages/airflow/example_dags/example_branch_python_dop_operator_3.py took 0.173 seconds
[2023-12-08T02:50:14.486+0000] {processor.py:157} INFO - Started process (PID=1164) to work on /home/airflow/.local/lib/python3.8/site-packages/airflow/example_dags/example_branch_python_dop_operator_3.py
[2023-12-08T02:50:14.497+0000] {processor.py:829} INFO - Processing file /home/airflow/.local/lib/python3.8/site-packages/airflow/example_dags/example_branch_python_dop_operator_3.py for tasks to queue
[2023-12-08T02:50:14.507+0000] {logging_mixin.py:154} INFO - [2023-12-08T02:50:14.506+0000] {dagbag.py:536} INFO - Filling up the DagBag from /home/airflow/.local/lib/python3.8/site-packages/airflow/example_dags/example_branch_python_dop_operator_3.py
[2023-12-08T02:50:14.564+0000] {processor.py:839} INFO - DAG(s) dict_keys(['example_branch_dop_operator_v3']) retrieved from /home/airflow/.local/lib/python3.8/site-packages/airflow/example_dags/example_branch_python_dop_operator_3.py
[2023-12-08T02:50:14.659+0000] {logging_mixin.py:154} INFO - [2023-12-08T02:50:14.659+0000] {dag.py:2941} INFO - Sync 1 DAGs
[2023-12-08T02:50:14.891+0000] {logging_mixin.py:154} INFO - [2023-12-08T02:50:14.890+0000] {dag.py:3722} INFO - Setting next_dagrun for example_branch_dop_operator_v3 to 2023-12-08T02:49:00+00:00, run_after=2023-12-08T02:50:00+00:00
[2023-12-08T02:50:15.041+0000] {processor.py:179} INFO - Processing /home/airflow/.local/lib/python3.8/site-packages/airflow/example_dags/example_branch_python_dop_operator_3.py took 0.572 seconds
[2023-12-08T02:50:45.327+0000] {processor.py:157} INFO - Started process (PID=1216) to work on /home/airflow/.local/lib/python3.8/site-packages/airflow/example_dags/example_branch_python_dop_operator_3.py
[2023-12-08T02:50:45.329+0000] {processor.py:829} INFO - Processing file /home/airflow/.local/lib/python3.8/site-packages/airflow/example_dags/example_branch_python_dop_operator_3.py for tasks to queue
[2023-12-08T02:50:45.336+0000] {logging_mixin.py:154} INFO - [2023-12-08T02:50:45.335+0000] {dagbag.py:536} INFO - Filling up the DagBag from /home/airflow/.local/lib/python3.8/site-packages/airflow/example_dags/example_branch_python_dop_operator_3.py
[2023-12-08T02:50:45.381+0000] {processor.py:839} INFO - DAG(s) dict_keys(['example_branch_dop_operator_v3']) retrieved from /home/airflow/.local/lib/python3.8/site-packages/airflow/example_dags/example_branch_python_dop_operator_3.py
[2023-12-08T02:50:45.423+0000] {logging_mixin.py:154} INFO - [2023-12-08T02:50:45.423+0000] {dag.py:2941} INFO - Sync 1 DAGs
[2023-12-08T02:50:45.734+0000] {logging_mixin.py:154} INFO - [2023-12-08T02:50:45.733+0000] {dag.py:3722} INFO - Setting next_dagrun for example_branch_dop_operator_v3 to 2023-12-08T02:49:00+00:00, run_after=2023-12-08T02:50:00+00:00
[2023-12-08T02:50:45.773+0000] {processor.py:179} INFO - Processing /home/airflow/.local/lib/python3.8/site-packages/airflow/example_dags/example_branch_python_dop_operator_3.py took 0.461 seconds
[2023-12-08T02:51:15.959+0000] {processor.py:157} INFO - Started process (PID=1270) to work on /home/airflow/.local/lib/python3.8/site-packages/airflow/example_dags/example_branch_python_dop_operator_3.py
[2023-12-08T02:51:15.961+0000] {processor.py:829} INFO - Processing file /home/airflow/.local/lib/python3.8/site-packages/airflow/example_dags/example_branch_python_dop_operator_3.py for tasks to queue
[2023-12-08T02:51:15.965+0000] {logging_mixin.py:154} INFO - [2023-12-08T02:51:15.964+0000] {dagbag.py:536} INFO - Filling up the DagBag from /home/airflow/.local/lib/python3.8/site-packages/airflow/example_dags/example_branch_python_dop_operator_3.py
[2023-12-08T02:51:15.983+0000] {processor.py:839} INFO - DAG(s) dict_keys(['example_branch_dop_operator_v3']) retrieved from /home/airflow/.local/lib/python3.8/site-packages/airflow/example_dags/example_branch_python_dop_operator_3.py
[2023-12-08T02:51:16.021+0000] {logging_mixin.py:154} INFO - [2023-12-08T02:51:16.021+0000] {dag.py:2941} INFO - Sync 1 DAGs
[2023-12-08T02:51:16.078+0000] {logging_mixin.py:154} INFO - [2023-12-08T02:51:16.078+0000] {dag.py:3722} INFO - Setting next_dagrun for example_branch_dop_operator_v3 to 2023-12-08T02:50:00+00:00, run_after=2023-12-08T02:51:00+00:00
[2023-12-08T02:51:16.372+0000] {processor.py:179} INFO - Processing /home/airflow/.local/lib/python3.8/site-packages/airflow/example_dags/example_branch_python_dop_operator_3.py took 0.420 seconds
[2023-12-08T02:51:46.705+0000] {processor.py:157} INFO - Started process (PID=1324) to work on /home/airflow/.local/lib/python3.8/site-packages/airflow/example_dags/example_branch_python_dop_operator_3.py
[2023-12-08T02:51:46.706+0000] {processor.py:829} INFO - Processing file /home/airflow/.local/lib/python3.8/site-packages/airflow/example_dags/example_branch_python_dop_operator_3.py for tasks to queue
[2023-12-08T02:51:46.711+0000] {logging_mixin.py:154} INFO - [2023-12-08T02:51:46.711+0000] {dagbag.py:536} INFO - Filling up the DagBag from /home/airflow/.local/lib/python3.8/site-packages/airflow/example_dags/example_branch_python_dop_operator_3.py
[2023-12-08T02:51:46.732+0000] {processor.py:839} INFO - DAG(s) dict_keys(['example_branch_dop_operator_v3']) retrieved from /home/airflow/.local/lib/python3.8/site-packages/airflow/example_dags/example_branch_python_dop_operator_3.py
[2023-12-08T02:51:46.783+0000] {logging_mixin.py:154} INFO - [2023-12-08T02:51:46.782+0000] {dag.py:2941} INFO - Sync 1 DAGs
[2023-12-08T02:51:46.861+0000] {logging_mixin.py:154} INFO - [2023-12-08T02:51:46.860+0000] {dag.py:3722} INFO - Setting next_dagrun for example_branch_dop_operator_v3 to 2023-12-08T02:50:00+00:00, run_after=2023-12-08T02:51:00+00:00
[2023-12-08T02:51:46.903+0000] {processor.py:179} INFO - Processing /home/airflow/.local/lib/python3.8/site-packages/airflow/example_dags/example_branch_python_dop_operator_3.py took 0.205 seconds
[2023-12-08T02:52:17.185+0000] {processor.py:157} INFO - Started process (PID=1377) to work on /home/airflow/.local/lib/python3.8/site-packages/airflow/example_dags/example_branch_python_dop_operator_3.py
[2023-12-08T02:52:17.194+0000] {processor.py:829} INFO - Processing file /home/airflow/.local/lib/python3.8/site-packages/airflow/example_dags/example_branch_python_dop_operator_3.py for tasks to queue
[2023-12-08T02:52:17.198+0000] {logging_mixin.py:154} INFO - [2023-12-08T02:52:17.198+0000] {dagbag.py:536} INFO - Filling up the DagBag from /home/airflow/.local/lib/python3.8/site-packages/airflow/example_dags/example_branch_python_dop_operator_3.py
[2023-12-08T02:52:17.218+0000] {processor.py:839} INFO - DAG(s) dict_keys(['example_branch_dop_operator_v3']) retrieved from /home/airflow/.local/lib/python3.8/site-packages/airflow/example_dags/example_branch_python_dop_operator_3.py
[2023-12-08T02:52:17.286+0000] {logging_mixin.py:154} INFO - [2023-12-08T02:52:17.277+0000] {dag.py:2941} INFO - Sync 1 DAGs
[2023-12-08T02:52:17.363+0000] {logging_mixin.py:154} INFO - [2023-12-08T02:52:17.363+0000] {dag.py:3722} INFO - Setting next_dagrun for example_branch_dop_operator_v3 to 2023-12-08T02:51:00+00:00, run_after=2023-12-08T02:52:00+00:00
[2023-12-08T02:52:17.412+0000] {processor.py:179} INFO - Processing /home/airflow/.local/lib/python3.8/site-packages/airflow/example_dags/example_branch_python_dop_operator_3.py took 0.233 seconds
[2023-12-08T02:52:47.790+0000] {processor.py:157} INFO - Started process (PID=1431) to work on /home/airflow/.local/lib/python3.8/site-packages/airflow/example_dags/example_branch_python_dop_operator_3.py
[2023-12-08T02:52:47.791+0000] {processor.py:829} INFO - Processing file /home/airflow/.local/lib/python3.8/site-packages/airflow/example_dags/example_branch_python_dop_operator_3.py for tasks to queue
[2023-12-08T02:52:47.799+0000] {logging_mixin.py:154} INFO - [2023-12-08T02:52:47.798+0000] {dagbag.py:536} INFO - Filling up the DagBag from /home/airflow/.local/lib/python3.8/site-packages/airflow/example_dags/example_branch_python_dop_operator_3.py
[2023-12-08T02:52:47.822+0000] {processor.py:839} INFO - DAG(s) dict_keys(['example_branch_dop_operator_v3']) retrieved from /home/airflow/.local/lib/python3.8/site-packages/airflow/example_dags/example_branch_python_dop_operator_3.py
[2023-12-08T02:52:47.870+0000] {logging_mixin.py:154} INFO - [2023-12-08T02:52:47.870+0000] {dag.py:2941} INFO - Sync 1 DAGs
[2023-12-08T02:52:47.950+0000] {logging_mixin.py:154} INFO - [2023-12-08T02:52:47.950+0000] {dag.py:3722} INFO - Setting next_dagrun for example_branch_dop_operator_v3 to 2023-12-08T02:51:00+00:00, run_after=2023-12-08T02:52:00+00:00
[2023-12-08T02:52:48.004+0000] {processor.py:179} INFO - Processing /home/airflow/.local/lib/python3.8/site-packages/airflow/example_dags/example_branch_python_dop_operator_3.py took 0.221 seconds
[2023-12-08T02:53:18.424+0000] {processor.py:157} INFO - Started process (PID=1486) to work on /home/airflow/.local/lib/python3.8/site-packages/airflow/example_dags/example_branch_python_dop_operator_3.py
[2023-12-08T02:53:18.434+0000] {processor.py:829} INFO - Processing file /home/airflow/.local/lib/python3.8/site-packages/airflow/example_dags/example_branch_python_dop_operator_3.py for tasks to queue
[2023-12-08T02:53:18.452+0000] {logging_mixin.py:154} INFO - [2023-12-08T02:53:18.451+0000] {dagbag.py:536} INFO - Filling up the DagBag from /home/airflow/.local/lib/python3.8/site-packages/airflow/example_dags/example_branch_python_dop_operator_3.py
[2023-12-08T02:53:18.483+0000] {processor.py:839} INFO - DAG(s) dict_keys(['example_branch_dop_operator_v3']) retrieved from /home/airflow/.local/lib/python3.8/site-packages/airflow/example_dags/example_branch_python_dop_operator_3.py
[2023-12-08T02:53:18.537+0000] {logging_mixin.py:154} INFO - [2023-12-08T02:53:18.536+0000] {dag.py:2941} INFO - Sync 1 DAGs
[2023-12-08T02:53:18.653+0000] {logging_mixin.py:154} INFO - [2023-12-08T02:53:18.653+0000] {dag.py:3722} INFO - Setting next_dagrun for example_branch_dop_operator_v3 to 2023-12-08T02:52:00+00:00, run_after=2023-12-08T02:53:00+00:00
[2023-12-08T02:53:18.728+0000] {processor.py:179} INFO - Processing /home/airflow/.local/lib/python3.8/site-packages/airflow/example_dags/example_branch_python_dop_operator_3.py took 0.336 seconds
[2023-12-08T02:53:48.823+0000] {processor.py:157} INFO - Started process (PID=1538) to work on /home/airflow/.local/lib/python3.8/site-packages/airflow/example_dags/example_branch_python_dop_operator_3.py
[2023-12-08T02:53:48.825+0000] {processor.py:829} INFO - Processing file /home/airflow/.local/lib/python3.8/site-packages/airflow/example_dags/example_branch_python_dop_operator_3.py for tasks to queue
[2023-12-08T02:53:48.832+0000] {logging_mixin.py:154} INFO - [2023-12-08T02:53:48.832+0000] {dagbag.py:536} INFO - Filling up the DagBag from /home/airflow/.local/lib/python3.8/site-packages/airflow/example_dags/example_branch_python_dop_operator_3.py
[2023-12-08T02:53:48.857+0000] {processor.py:839} INFO - DAG(s) dict_keys(['example_branch_dop_operator_v3']) retrieved from /home/airflow/.local/lib/python3.8/site-packages/airflow/example_dags/example_branch_python_dop_operator_3.py
[2023-12-08T02:53:48.904+0000] {logging_mixin.py:154} INFO - [2023-12-08T02:53:48.904+0000] {dag.py:2941} INFO - Sync 1 DAGs
[2023-12-08T02:53:48.976+0000] {logging_mixin.py:154} INFO - [2023-12-08T02:53:48.976+0000] {dag.py:3722} INFO - Setting next_dagrun for example_branch_dop_operator_v3 to 2023-12-08T02:52:00+00:00, run_after=2023-12-08T02:53:00+00:00
[2023-12-08T02:53:49.041+0000] {processor.py:179} INFO - Processing /home/airflow/.local/lib/python3.8/site-packages/airflow/example_dags/example_branch_python_dop_operator_3.py took 0.227 seconds
[2023-12-08T02:54:19.265+0000] {processor.py:157} INFO - Started process (PID=1593) to work on /home/airflow/.local/lib/python3.8/site-packages/airflow/example_dags/example_branch_python_dop_operator_3.py
[2023-12-08T02:54:19.267+0000] {processor.py:829} INFO - Processing file /home/airflow/.local/lib/python3.8/site-packages/airflow/example_dags/example_branch_python_dop_operator_3.py for tasks to queue
[2023-12-08T02:54:19.274+0000] {logging_mixin.py:154} INFO - [2023-12-08T02:54:19.273+0000] {dagbag.py:536} INFO - Filling up the DagBag from /home/airflow/.local/lib/python3.8/site-packages/airflow/example_dags/example_branch_python_dop_operator_3.py
[2023-12-08T02:54:19.308+0000] {processor.py:839} INFO - DAG(s) dict_keys(['example_branch_dop_operator_v3']) retrieved from /home/airflow/.local/lib/python3.8/site-packages/airflow/example_dags/example_branch_python_dop_operator_3.py
[2023-12-08T02:54:19.358+0000] {logging_mixin.py:154} INFO - [2023-12-08T02:54:19.358+0000] {dag.py:2941} INFO - Sync 1 DAGs
[2023-12-08T02:54:19.421+0000] {logging_mixin.py:154} INFO - [2023-12-08T02:54:19.421+0000] {dag.py:3722} INFO - Setting next_dagrun for example_branch_dop_operator_v3 to 2023-12-08T02:53:00+00:00, run_after=2023-12-08T02:54:00+00:00
[2023-12-08T02:54:19.461+0000] {processor.py:179} INFO - Processing /home/airflow/.local/lib/python3.8/site-packages/airflow/example_dags/example_branch_python_dop_operator_3.py took 0.209 seconds
[2023-12-08T02:54:49.566+0000] {processor.py:157} INFO - Started process (PID=1647) to work on /home/airflow/.local/lib/python3.8/site-packages/airflow/example_dags/example_branch_python_dop_operator_3.py
[2023-12-08T02:54:49.569+0000] {processor.py:829} INFO - Processing file /home/airflow/.local/lib/python3.8/site-packages/airflow/example_dags/example_branch_python_dop_operator_3.py for tasks to queue
[2023-12-08T02:54:49.574+0000] {logging_mixin.py:154} INFO - [2023-12-08T02:54:49.573+0000] {dagbag.py:536} INFO - Filling up the DagBag from /home/airflow/.local/lib/python3.8/site-packages/airflow/example_dags/example_branch_python_dop_operator_3.py
[2023-12-08T02:54:49.592+0000] {processor.py:839} INFO - DAG(s) dict_keys(['example_branch_dop_operator_v3']) retrieved from /home/airflow/.local/lib/python3.8/site-packages/airflow/example_dags/example_branch_python_dop_operator_3.py
[2023-12-08T02:54:49.640+0000] {logging_mixin.py:154} INFO - [2023-12-08T02:54:49.640+0000] {dag.py:2941} INFO - Sync 1 DAGs
[2023-12-08T02:54:49.708+0000] {logging_mixin.py:154} INFO - [2023-12-08T02:54:49.708+0000] {dag.py:3722} INFO - Setting next_dagrun for example_branch_dop_operator_v3 to 2023-12-08T02:53:00+00:00, run_after=2023-12-08T02:54:00+00:00
[2023-12-08T02:54:49.743+0000] {processor.py:179} INFO - Processing /home/airflow/.local/lib/python3.8/site-packages/airflow/example_dags/example_branch_python_dop_operator_3.py took 0.184 seconds
[2023-12-08T02:55:20.224+0000] {processor.py:157} INFO - Started process (PID=1701) to work on /home/airflow/.local/lib/python3.8/site-packages/airflow/example_dags/example_branch_python_dop_operator_3.py
[2023-12-08T02:55:20.226+0000] {processor.py:829} INFO - Processing file /home/airflow/.local/lib/python3.8/site-packages/airflow/example_dags/example_branch_python_dop_operator_3.py for tasks to queue
[2023-12-08T02:55:20.232+0000] {logging_mixin.py:154} INFO - [2023-12-08T02:55:20.229+0000] {dagbag.py:536} INFO - Filling up the DagBag from /home/airflow/.local/lib/python3.8/site-packages/airflow/example_dags/example_branch_python_dop_operator_3.py
[2023-12-08T02:55:20.252+0000] {processor.py:839} INFO - DAG(s) dict_keys(['example_branch_dop_operator_v3']) retrieved from /home/airflow/.local/lib/python3.8/site-packages/airflow/example_dags/example_branch_python_dop_operator_3.py
[2023-12-08T02:55:20.305+0000] {logging_mixin.py:154} INFO - [2023-12-08T02:55:20.304+0000] {dag.py:2941} INFO - Sync 1 DAGs
[2023-12-08T02:55:20.374+0000] {logging_mixin.py:154} INFO - [2023-12-08T02:55:20.374+0000] {dag.py:3722} INFO - Setting next_dagrun for example_branch_dop_operator_v3 to 2023-12-08T02:54:00+00:00, run_after=2023-12-08T02:55:00+00:00
[2023-12-08T02:55:20.419+0000] {processor.py:179} INFO - Processing /home/airflow/.local/lib/python3.8/site-packages/airflow/example_dags/example_branch_python_dop_operator_3.py took 0.207 seconds
[2023-12-08T02:55:51.236+0000] {processor.py:157} INFO - Started process (PID=1756) to work on /home/airflow/.local/lib/python3.8/site-packages/airflow/example_dags/example_branch_python_dop_operator_3.py
[2023-12-08T02:55:51.239+0000] {processor.py:829} INFO - Processing file /home/airflow/.local/lib/python3.8/site-packages/airflow/example_dags/example_branch_python_dop_operator_3.py for tasks to queue
[2023-12-08T02:55:51.245+0000] {logging_mixin.py:154} INFO - [2023-12-08T02:55:51.245+0000] {dagbag.py:536} INFO - Filling up the DagBag from /home/airflow/.local/lib/python3.8/site-packages/airflow/example_dags/example_branch_python_dop_operator_3.py
[2023-12-08T02:55:51.271+0000] {processor.py:839} INFO - DAG(s) dict_keys(['example_branch_dop_operator_v3']) retrieved from /home/airflow/.local/lib/python3.8/site-packages/airflow/example_dags/example_branch_python_dop_operator_3.py
[2023-12-08T02:55:51.321+0000] {logging_mixin.py:154} INFO - [2023-12-08T02:55:51.320+0000] {dag.py:2941} INFO - Sync 1 DAGs
[2023-12-08T02:55:51.421+0000] {logging_mixin.py:154} INFO - [2023-12-08T02:55:51.420+0000] {dag.py:3722} INFO - Setting next_dagrun for example_branch_dop_operator_v3 to 2023-12-08T02:54:00+00:00, run_after=2023-12-08T02:55:00+00:00
[2023-12-08T02:55:51.516+0000] {processor.py:179} INFO - Processing /home/airflow/.local/lib/python3.8/site-packages/airflow/example_dags/example_branch_python_dop_operator_3.py took 0.289 seconds
[2023-12-08T02:56:22.049+0000] {processor.py:157} INFO - Started process (PID=1810) to work on /home/airflow/.local/lib/python3.8/site-packages/airflow/example_dags/example_branch_python_dop_operator_3.py
[2023-12-08T02:56:22.052+0000] {processor.py:829} INFO - Processing file /home/airflow/.local/lib/python3.8/site-packages/airflow/example_dags/example_branch_python_dop_operator_3.py for tasks to queue
[2023-12-08T02:56:22.059+0000] {logging_mixin.py:154} INFO - [2023-12-08T02:56:22.059+0000] {dagbag.py:536} INFO - Filling up the DagBag from /home/airflow/.local/lib/python3.8/site-packages/airflow/example_dags/example_branch_python_dop_operator_3.py
[2023-12-08T02:56:22.078+0000] {processor.py:839} INFO - DAG(s) dict_keys(['example_branch_dop_operator_v3']) retrieved from /home/airflow/.local/lib/python3.8/site-packages/airflow/example_dags/example_branch_python_dop_operator_3.py
[2023-12-08T02:56:22.119+0000] {logging_mixin.py:154} INFO - [2023-12-08T02:56:22.118+0000] {dag.py:2941} INFO - Sync 1 DAGs
[2023-12-08T02:56:22.177+0000] {logging_mixin.py:154} INFO - [2023-12-08T02:56:22.177+0000] {dag.py:3722} INFO - Setting next_dagrun for example_branch_dop_operator_v3 to 2023-12-08T02:55:00+00:00, run_after=2023-12-08T02:56:00+00:00
[2023-12-08T02:56:22.213+0000] {processor.py:179} INFO - Processing /home/airflow/.local/lib/python3.8/site-packages/airflow/example_dags/example_branch_python_dop_operator_3.py took 0.170 seconds
[2023-12-08T02:56:53.000+0000] {processor.py:157} INFO - Started process (PID=1864) to work on /home/airflow/.local/lib/python3.8/site-packages/airflow/example_dags/example_branch_python_dop_operator_3.py
[2023-12-08T02:56:53.001+0000] {processor.py:829} INFO - Processing file /home/airflow/.local/lib/python3.8/site-packages/airflow/example_dags/example_branch_python_dop_operator_3.py for tasks to queue
[2023-12-08T02:56:53.005+0000] {logging_mixin.py:154} INFO - [2023-12-08T02:56:53.005+0000] {dagbag.py:536} INFO - Filling up the DagBag from /home/airflow/.local/lib/python3.8/site-packages/airflow/example_dags/example_branch_python_dop_operator_3.py
[2023-12-08T02:56:53.030+0000] {processor.py:839} INFO - DAG(s) dict_keys(['example_branch_dop_operator_v3']) retrieved from /home/airflow/.local/lib/python3.8/site-packages/airflow/example_dags/example_branch_python_dop_operator_3.py
[2023-12-08T02:56:53.077+0000] {logging_mixin.py:154} INFO - [2023-12-08T02:56:53.077+0000] {dag.py:2941} INFO - Sync 1 DAGs
[2023-12-08T02:56:53.150+0000] {logging_mixin.py:154} INFO - [2023-12-08T02:56:53.149+0000] {dag.py:3722} INFO - Setting next_dagrun for example_branch_dop_operator_v3 to 2023-12-08T02:55:00+00:00, run_after=2023-12-08T02:56:00+00:00
[2023-12-08T02:56:53.201+0000] {processor.py:179} INFO - Processing /home/airflow/.local/lib/python3.8/site-packages/airflow/example_dags/example_branch_python_dop_operator_3.py took 0.208 seconds
