[2023-12-08T02:39:20.610+0000] {processor.py:157} INFO - Started process (PID=75) to work on /home/airflow/.local/lib/python3.8/site-packages/airflow/example_dags/example_trigger_target_dag.py
[2023-12-08T02:39:20.612+0000] {processor.py:829} INFO - Processing file /home/airflow/.local/lib/python3.8/site-packages/airflow/example_dags/example_trigger_target_dag.py for tasks to queue
[2023-12-08T02:39:20.621+0000] {logging_mixin.py:154} INFO - [2023-12-08T02:39:20.620+0000] {dagbag.py:536} INFO - Filling up the DagBag from /home/airflow/.local/lib/python3.8/site-packages/airflow/example_dags/example_trigger_target_dag.py
[2023-12-08T02:39:20.667+0000] {processor.py:839} INFO - DAG(s) dict_keys(['example_trigger_target_dag']) retrieved from /home/airflow/.local/lib/python3.8/site-packages/airflow/example_dags/example_trigger_target_dag.py
[2023-12-08T02:39:20.875+0000] {logging_mixin.py:154} INFO - [2023-12-08T02:39:20.874+0000] {dag.py:2941} INFO - Sync 1 DAGs
[2023-12-08T02:39:20.971+0000] {logging_mixin.py:154} INFO - [2023-12-08T02:39:20.971+0000] {dag.py:3722} INFO - Setting next_dagrun for example_trigger_target_dag to None, run_after=None
[2023-12-08T02:39:21.069+0000] {processor.py:179} INFO - Processing /home/airflow/.local/lib/python3.8/site-packages/airflow/example_dags/example_trigger_target_dag.py took 0.477 seconds
[2023-12-08T02:39:52.191+0000] {processor.py:157} INFO - Started process (PID=128) to work on /home/airflow/.local/lib/python3.8/site-packages/airflow/example_dags/example_trigger_target_dag.py
[2023-12-08T02:39:52.194+0000] {processor.py:829} INFO - Processing file /home/airflow/.local/lib/python3.8/site-packages/airflow/example_dags/example_trigger_target_dag.py for tasks to queue
[2023-12-08T02:39:52.201+0000] {logging_mixin.py:154} INFO - [2023-12-08T02:39:52.200+0000] {dagbag.py:536} INFO - Filling up the DagBag from /home/airflow/.local/lib/python3.8/site-packages/airflow/example_dags/example_trigger_target_dag.py
[2023-12-08T02:39:52.216+0000] {processor.py:839} INFO - DAG(s) dict_keys(['example_trigger_target_dag']) retrieved from /home/airflow/.local/lib/python3.8/site-packages/airflow/example_dags/example_trigger_target_dag.py
[2023-12-08T02:39:52.270+0000] {logging_mixin.py:154} INFO - [2023-12-08T02:39:52.269+0000] {dag.py:2941} INFO - Sync 1 DAGs
[2023-12-08T02:39:52.309+0000] {logging_mixin.py:154} INFO - [2023-12-08T02:39:52.308+0000] {dag.py:3722} INFO - Setting next_dagrun for example_trigger_target_dag to None, run_after=None
[2023-12-08T02:39:52.354+0000] {processor.py:179} INFO - Processing /home/airflow/.local/lib/python3.8/site-packages/airflow/example_dags/example_trigger_target_dag.py took 0.173 seconds
[2023-12-08T02:40:24.347+0000] {processor.py:157} INFO - Started process (PID=183) to work on /home/airflow/.local/lib/python3.8/site-packages/airflow/example_dags/example_trigger_target_dag.py
[2023-12-08T02:40:24.350+0000] {processor.py:829} INFO - Processing file /home/airflow/.local/lib/python3.8/site-packages/airflow/example_dags/example_trigger_target_dag.py for tasks to queue
[2023-12-08T02:40:24.358+0000] {logging_mixin.py:154} INFO - [2023-12-08T02:40:24.357+0000] {dagbag.py:536} INFO - Filling up the DagBag from /home/airflow/.local/lib/python3.8/site-packages/airflow/example_dags/example_trigger_target_dag.py
[2023-12-08T02:40:24.387+0000] {processor.py:839} INFO - DAG(s) dict_keys(['example_trigger_target_dag']) retrieved from /home/airflow/.local/lib/python3.8/site-packages/airflow/example_dags/example_trigger_target_dag.py
[2023-12-08T02:40:24.464+0000] {logging_mixin.py:154} INFO - [2023-12-08T02:40:24.463+0000] {dag.py:2941} INFO - Sync 1 DAGs
[2023-12-08T02:40:24.493+0000] {logging_mixin.py:154} INFO - [2023-12-08T02:40:24.492+0000] {dag.py:3722} INFO - Setting next_dagrun for example_trigger_target_dag to None, run_after=None
[2023-12-08T02:40:24.532+0000] {processor.py:179} INFO - Processing /home/airflow/.local/lib/python3.8/site-packages/airflow/example_dags/example_trigger_target_dag.py took 0.213 seconds
[2023-12-08T02:40:56.895+0000] {processor.py:157} INFO - Started process (PID=237) to work on /home/airflow/.local/lib/python3.8/site-packages/airflow/example_dags/example_trigger_target_dag.py
[2023-12-08T02:40:56.911+0000] {processor.py:829} INFO - Processing file /home/airflow/.local/lib/python3.8/site-packages/airflow/example_dags/example_trigger_target_dag.py for tasks to queue
[2023-12-08T02:40:56.929+0000] {logging_mixin.py:154} INFO - [2023-12-08T02:40:56.928+0000] {dagbag.py:536} INFO - Filling up the DagBag from /home/airflow/.local/lib/python3.8/site-packages/airflow/example_dags/example_trigger_target_dag.py
[2023-12-08T02:40:56.986+0000] {processor.py:839} INFO - DAG(s) dict_keys(['example_trigger_target_dag']) retrieved from /home/airflow/.local/lib/python3.8/site-packages/airflow/example_dags/example_trigger_target_dag.py
[2023-12-08T02:40:57.109+0000] {logging_mixin.py:154} INFO - [2023-12-08T02:40:57.108+0000] {dag.py:2941} INFO - Sync 1 DAGs
[2023-12-08T02:40:57.196+0000] {logging_mixin.py:154} INFO - [2023-12-08T02:40:57.196+0000] {dag.py:3722} INFO - Setting next_dagrun for example_trigger_target_dag to None, run_after=None
[2023-12-08T02:40:57.359+0000] {processor.py:179} INFO - Processing /home/airflow/.local/lib/python3.8/site-packages/airflow/example_dags/example_trigger_target_dag.py took 0.483 seconds
[2023-12-08T02:41:28.373+0000] {processor.py:157} INFO - Started process (PID=291) to work on /home/airflow/.local/lib/python3.8/site-packages/airflow/example_dags/example_trigger_target_dag.py
[2023-12-08T02:41:28.381+0000] {processor.py:829} INFO - Processing file /home/airflow/.local/lib/python3.8/site-packages/airflow/example_dags/example_trigger_target_dag.py for tasks to queue
[2023-12-08T02:41:28.391+0000] {logging_mixin.py:154} INFO - [2023-12-08T02:41:28.390+0000] {dagbag.py:536} INFO - Filling up the DagBag from /home/airflow/.local/lib/python3.8/site-packages/airflow/example_dags/example_trigger_target_dag.py
[2023-12-08T02:41:28.420+0000] {processor.py:839} INFO - DAG(s) dict_keys(['example_trigger_target_dag']) retrieved from /home/airflow/.local/lib/python3.8/site-packages/airflow/example_dags/example_trigger_target_dag.py
[2023-12-08T02:41:28.530+0000] {logging_mixin.py:154} INFO - [2023-12-08T02:41:28.530+0000] {dag.py:2941} INFO - Sync 1 DAGs
[2023-12-08T02:41:28.565+0000] {logging_mixin.py:154} INFO - [2023-12-08T02:41:28.565+0000] {dag.py:3722} INFO - Setting next_dagrun for example_trigger_target_dag to None, run_after=None
[2023-12-08T02:41:28.623+0000] {processor.py:179} INFO - Processing /home/airflow/.local/lib/python3.8/site-packages/airflow/example_dags/example_trigger_target_dag.py took 0.267 seconds
[2023-12-08T02:41:58.897+0000] {processor.py:157} INFO - Started process (PID=346) to work on /home/airflow/.local/lib/python3.8/site-packages/airflow/example_dags/example_trigger_target_dag.py
[2023-12-08T02:41:58.901+0000] {processor.py:829} INFO - Processing file /home/airflow/.local/lib/python3.8/site-packages/airflow/example_dags/example_trigger_target_dag.py for tasks to queue
[2023-12-08T02:41:58.911+0000] {logging_mixin.py:154} INFO - [2023-12-08T02:41:58.910+0000] {dagbag.py:536} INFO - Filling up the DagBag from /home/airflow/.local/lib/python3.8/site-packages/airflow/example_dags/example_trigger_target_dag.py
[2023-12-08T02:41:58.925+0000] {processor.py:839} INFO - DAG(s) dict_keys(['example_trigger_target_dag']) retrieved from /home/airflow/.local/lib/python3.8/site-packages/airflow/example_dags/example_trigger_target_dag.py
[2023-12-08T02:41:58.976+0000] {logging_mixin.py:154} INFO - [2023-12-08T02:41:58.975+0000] {dag.py:2941} INFO - Sync 1 DAGs
[2023-12-08T02:41:59.010+0000] {logging_mixin.py:154} INFO - [2023-12-08T02:41:59.009+0000] {dag.py:3722} INFO - Setting next_dagrun for example_trigger_target_dag to None, run_after=None
[2023-12-08T02:41:59.062+0000] {processor.py:179} INFO - Processing /home/airflow/.local/lib/python3.8/site-packages/airflow/example_dags/example_trigger_target_dag.py took 0.175 seconds
[2023-12-08T02:42:35.384+0000] {processor.py:157} INFO - Started process (PID=400) to work on /home/airflow/.local/lib/python3.8/site-packages/airflow/example_dags/example_trigger_target_dag.py
[2023-12-08T02:42:35.400+0000] {processor.py:829} INFO - Processing file /home/airflow/.local/lib/python3.8/site-packages/airflow/example_dags/example_trigger_target_dag.py for tasks to queue
[2023-12-08T02:42:35.420+0000] {logging_mixin.py:154} INFO - [2023-12-08T02:42:35.419+0000] {dagbag.py:536} INFO - Filling up the DagBag from /home/airflow/.local/lib/python3.8/site-packages/airflow/example_dags/example_trigger_target_dag.py
[2023-12-08T02:42:35.483+0000] {processor.py:839} INFO - DAG(s) dict_keys(['example_trigger_target_dag']) retrieved from /home/airflow/.local/lib/python3.8/site-packages/airflow/example_dags/example_trigger_target_dag.py
[2023-12-08T02:42:35.680+0000] {logging_mixin.py:154} INFO - [2023-12-08T02:42:35.679+0000] {dag.py:2941} INFO - Sync 1 DAGs
[2023-12-08T02:42:35.808+0000] {logging_mixin.py:154} INFO - [2023-12-08T02:42:35.808+0000] {dag.py:3722} INFO - Setting next_dagrun for example_trigger_target_dag to None, run_after=None
[2023-12-08T02:42:35.966+0000] {processor.py:179} INFO - Processing /home/airflow/.local/lib/python3.8/site-packages/airflow/example_dags/example_trigger_target_dag.py took 0.628 seconds
[2023-12-08T02:43:09.990+0000] {processor.py:157} INFO - Started process (PID=454) to work on /home/airflow/.local/lib/python3.8/site-packages/airflow/example_dags/example_trigger_target_dag.py
[2023-12-08T02:43:09.994+0000] {processor.py:829} INFO - Processing file /home/airflow/.local/lib/python3.8/site-packages/airflow/example_dags/example_trigger_target_dag.py for tasks to queue
[2023-12-08T02:43:10.008+0000] {logging_mixin.py:154} INFO - [2023-12-08T02:43:10.007+0000] {dagbag.py:536} INFO - Filling up the DagBag from /home/airflow/.local/lib/python3.8/site-packages/airflow/example_dags/example_trigger_target_dag.py
[2023-12-08T02:43:10.058+0000] {processor.py:839} INFO - DAG(s) dict_keys(['example_trigger_target_dag']) retrieved from /home/airflow/.local/lib/python3.8/site-packages/airflow/example_dags/example_trigger_target_dag.py
[2023-12-08T02:43:10.300+0000] {logging_mixin.py:154} INFO - [2023-12-08T02:43:10.288+0000] {dag.py:2941} INFO - Sync 1 DAGs
[2023-12-08T02:43:10.418+0000] {logging_mixin.py:154} INFO - [2023-12-08T02:43:10.417+0000] {dag.py:3722} INFO - Setting next_dagrun for example_trigger_target_dag to None, run_after=None
[2023-12-08T02:43:10.494+0000] {processor.py:179} INFO - Processing /home/airflow/.local/lib/python3.8/site-packages/airflow/example_dags/example_trigger_target_dag.py took 0.520 seconds
[2023-12-08T02:43:44.898+0000] {processor.py:157} INFO - Started process (PID=509) to work on /home/airflow/.local/lib/python3.8/site-packages/airflow/example_dags/example_trigger_target_dag.py
[2023-12-08T02:43:44.901+0000] {processor.py:829} INFO - Processing file /home/airflow/.local/lib/python3.8/site-packages/airflow/example_dags/example_trigger_target_dag.py for tasks to queue
[2023-12-08T02:43:44.907+0000] {logging_mixin.py:154} INFO - [2023-12-08T02:43:44.906+0000] {dagbag.py:536} INFO - Filling up the DagBag from /home/airflow/.local/lib/python3.8/site-packages/airflow/example_dags/example_trigger_target_dag.py
[2023-12-08T02:43:44.921+0000] {processor.py:839} INFO - DAG(s) dict_keys(['example_trigger_target_dag']) retrieved from /home/airflow/.local/lib/python3.8/site-packages/airflow/example_dags/example_trigger_target_dag.py
[2023-12-08T02:43:44.978+0000] {logging_mixin.py:154} INFO - [2023-12-08T02:43:44.978+0000] {dag.py:2941} INFO - Sync 1 DAGs
[2023-12-08T02:43:45.018+0000] {logging_mixin.py:154} INFO - [2023-12-08T02:43:45.017+0000] {dag.py:3722} INFO - Setting next_dagrun for example_trigger_target_dag to None, run_after=None
[2023-12-08T02:43:45.074+0000] {processor.py:179} INFO - Processing /home/airflow/.local/lib/python3.8/site-packages/airflow/example_dags/example_trigger_target_dag.py took 0.184 seconds
[2023-12-08T02:44:15.807+0000] {processor.py:157} INFO - Started process (PID=563) to work on /home/airflow/.local/lib/python3.8/site-packages/airflow/example_dags/example_trigger_target_dag.py
[2023-12-08T02:44:15.809+0000] {processor.py:829} INFO - Processing file /home/airflow/.local/lib/python3.8/site-packages/airflow/example_dags/example_trigger_target_dag.py for tasks to queue
[2023-12-08T02:44:15.825+0000] {logging_mixin.py:154} INFO - [2023-12-08T02:44:15.824+0000] {dagbag.py:536} INFO - Filling up the DagBag from /home/airflow/.local/lib/python3.8/site-packages/airflow/example_dags/example_trigger_target_dag.py
[2023-12-08T02:44:15.845+0000] {processor.py:839} INFO - DAG(s) dict_keys(['example_trigger_target_dag']) retrieved from /home/airflow/.local/lib/python3.8/site-packages/airflow/example_dags/example_trigger_target_dag.py
[2023-12-08T02:44:15.906+0000] {logging_mixin.py:154} INFO - [2023-12-08T02:44:15.905+0000] {dag.py:2941} INFO - Sync 1 DAGs
[2023-12-08T02:44:15.992+0000] {logging_mixin.py:154} INFO - [2023-12-08T02:44:15.992+0000] {dag.py:3722} INFO - Setting next_dagrun for example_trigger_target_dag to None, run_after=None
[2023-12-08T02:44:16.092+0000] {processor.py:179} INFO - Processing /home/airflow/.local/lib/python3.8/site-packages/airflow/example_dags/example_trigger_target_dag.py took 0.314 seconds
[2023-12-08T02:44:46.471+0000] {processor.py:157} INFO - Started process (PID=617) to work on /home/airflow/.local/lib/python3.8/site-packages/airflow/example_dags/example_trigger_target_dag.py
[2023-12-08T02:44:46.474+0000] {processor.py:829} INFO - Processing file /home/airflow/.local/lib/python3.8/site-packages/airflow/example_dags/example_trigger_target_dag.py for tasks to queue
[2023-12-08T02:44:46.483+0000] {logging_mixin.py:154} INFO - [2023-12-08T02:44:46.482+0000] {dagbag.py:536} INFO - Filling up the DagBag from /home/airflow/.local/lib/python3.8/site-packages/airflow/example_dags/example_trigger_target_dag.py
[2023-12-08T02:44:46.503+0000] {processor.py:839} INFO - DAG(s) dict_keys(['example_trigger_target_dag']) retrieved from /home/airflow/.local/lib/python3.8/site-packages/airflow/example_dags/example_trigger_target_dag.py
[2023-12-08T02:44:46.558+0000] {logging_mixin.py:154} INFO - [2023-12-08T02:44:46.558+0000] {dag.py:2941} INFO - Sync 1 DAGs
[2023-12-08T02:44:46.598+0000] {logging_mixin.py:154} INFO - [2023-12-08T02:44:46.598+0000] {dag.py:3722} INFO - Setting next_dagrun for example_trigger_target_dag to None, run_after=None
[2023-12-08T02:44:46.650+0000] {processor.py:179} INFO - Processing /home/airflow/.local/lib/python3.8/site-packages/airflow/example_dags/example_trigger_target_dag.py took 0.188 seconds
[2023-12-08T02:45:17.117+0000] {processor.py:157} INFO - Started process (PID=671) to work on /home/airflow/.local/lib/python3.8/site-packages/airflow/example_dags/example_trigger_target_dag.py
[2023-12-08T02:45:17.119+0000] {processor.py:829} INFO - Processing file /home/airflow/.local/lib/python3.8/site-packages/airflow/example_dags/example_trigger_target_dag.py for tasks to queue
[2023-12-08T02:45:17.124+0000] {logging_mixin.py:154} INFO - [2023-12-08T02:45:17.123+0000] {dagbag.py:536} INFO - Filling up the DagBag from /home/airflow/.local/lib/python3.8/site-packages/airflow/example_dags/example_trigger_target_dag.py
[2023-12-08T02:45:17.141+0000] {processor.py:839} INFO - DAG(s) dict_keys(['example_trigger_target_dag']) retrieved from /home/airflow/.local/lib/python3.8/site-packages/airflow/example_dags/example_trigger_target_dag.py
[2023-12-08T02:45:17.223+0000] {logging_mixin.py:154} INFO - [2023-12-08T02:45:17.222+0000] {dag.py:2941} INFO - Sync 1 DAGs
[2023-12-08T02:45:17.279+0000] {logging_mixin.py:154} INFO - [2023-12-08T02:45:17.279+0000] {dag.py:3722} INFO - Setting next_dagrun for example_trigger_target_dag to None, run_after=None
[2023-12-08T02:45:17.345+0000] {processor.py:179} INFO - Processing /home/airflow/.local/lib/python3.8/site-packages/airflow/example_dags/example_trigger_target_dag.py took 0.237 seconds
[2023-12-08T02:45:50.554+0000] {processor.py:157} INFO - Started process (PID=731) to work on /home/airflow/.local/lib/python3.8/site-packages/airflow/example_dags/example_trigger_target_dag.py
[2023-12-08T02:45:50.562+0000] {processor.py:829} INFO - Processing file /home/airflow/.local/lib/python3.8/site-packages/airflow/example_dags/example_trigger_target_dag.py for tasks to queue
[2023-12-08T02:45:50.569+0000] {logging_mixin.py:154} INFO - [2023-12-08T02:45:50.568+0000] {dagbag.py:536} INFO - Filling up the DagBag from /home/airflow/.local/lib/python3.8/site-packages/airflow/example_dags/example_trigger_target_dag.py
[2023-12-08T02:45:50.589+0000] {processor.py:839} INFO - DAG(s) dict_keys(['example_trigger_target_dag']) retrieved from /home/airflow/.local/lib/python3.8/site-packages/airflow/example_dags/example_trigger_target_dag.py
[2023-12-08T02:45:50.724+0000] {logging_mixin.py:154} INFO - [2023-12-08T02:45:50.723+0000] {dag.py:2941} INFO - Sync 1 DAGs
[2023-12-08T02:45:50.770+0000] {logging_mixin.py:154} INFO - [2023-12-08T02:45:50.770+0000] {dag.py:3722} INFO - Setting next_dagrun for example_trigger_target_dag to None, run_after=None
[2023-12-08T02:45:50.919+0000] {processor.py:179} INFO - Processing /home/airflow/.local/lib/python3.8/site-packages/airflow/example_dags/example_trigger_target_dag.py took 0.377 seconds
[2023-12-08T02:46:31.889+0000] {processor.py:157} INFO - Started process (PID=785) to work on /home/airflow/.local/lib/python3.8/site-packages/airflow/example_dags/example_trigger_target_dag.py
[2023-12-08T02:46:32.077+0000] {processor.py:829} INFO - Processing file /home/airflow/.local/lib/python3.8/site-packages/airflow/example_dags/example_trigger_target_dag.py for tasks to queue
[2023-12-08T02:46:32.093+0000] {logging_mixin.py:154} INFO - [2023-12-08T02:46:32.093+0000] {dagbag.py:536} INFO - Filling up the DagBag from /home/airflow/.local/lib/python3.8/site-packages/airflow/example_dags/example_trigger_target_dag.py
[2023-12-08T02:46:32.142+0000] {processor.py:839} INFO - DAG(s) dict_keys(['example_trigger_target_dag']) retrieved from /home/airflow/.local/lib/python3.8/site-packages/airflow/example_dags/example_trigger_target_dag.py
[2023-12-08T02:46:32.363+0000] {logging_mixin.py:154} INFO - [2023-12-08T02:46:32.352+0000] {dag.py:2941} INFO - Sync 1 DAGs
[2023-12-08T02:46:32.596+0000] {logging_mixin.py:154} INFO - [2023-12-08T02:46:32.595+0000] {dag.py:3722} INFO - Setting next_dagrun for example_trigger_target_dag to None, run_after=None
[2023-12-08T02:46:32.961+0000] {processor.py:179} INFO - Processing /home/airflow/.local/lib/python3.8/site-packages/airflow/example_dags/example_trigger_target_dag.py took 1.106 seconds
[2023-12-08T02:47:04.460+0000] {processor.py:157} INFO - Started process (PID=839) to work on /home/airflow/.local/lib/python3.8/site-packages/airflow/example_dags/example_trigger_target_dag.py
[2023-12-08T02:47:04.471+0000] {processor.py:829} INFO - Processing file /home/airflow/.local/lib/python3.8/site-packages/airflow/example_dags/example_trigger_target_dag.py for tasks to queue
[2023-12-08T02:47:04.477+0000] {logging_mixin.py:154} INFO - [2023-12-08T02:47:04.476+0000] {dagbag.py:536} INFO - Filling up the DagBag from /home/airflow/.local/lib/python3.8/site-packages/airflow/example_dags/example_trigger_target_dag.py
[2023-12-08T02:47:04.497+0000] {processor.py:839} INFO - DAG(s) dict_keys(['example_trigger_target_dag']) retrieved from /home/airflow/.local/lib/python3.8/site-packages/airflow/example_dags/example_trigger_target_dag.py
[2023-12-08T02:47:04.591+0000] {logging_mixin.py:154} INFO - [2023-12-08T02:47:04.587+0000] {dag.py:2941} INFO - Sync 1 DAGs
[2023-12-08T02:47:04.651+0000] {logging_mixin.py:154} INFO - [2023-12-08T02:47:04.651+0000] {dag.py:3722} INFO - Setting next_dagrun for example_trigger_target_dag to None, run_after=None
[2023-12-08T02:47:04.802+0000] {processor.py:179} INFO - Processing /home/airflow/.local/lib/python3.8/site-packages/airflow/example_dags/example_trigger_target_dag.py took 0.357 seconds
[2023-12-08T02:47:35.664+0000] {processor.py:157} INFO - Started process (PID=891) to work on /home/airflow/.local/lib/python3.8/site-packages/airflow/example_dags/example_trigger_target_dag.py
[2023-12-08T02:47:35.666+0000] {processor.py:829} INFO - Processing file /home/airflow/.local/lib/python3.8/site-packages/airflow/example_dags/example_trigger_target_dag.py for tasks to queue
[2023-12-08T02:47:35.673+0000] {logging_mixin.py:154} INFO - [2023-12-08T02:47:35.672+0000] {dagbag.py:536} INFO - Filling up the DagBag from /home/airflow/.local/lib/python3.8/site-packages/airflow/example_dags/example_trigger_target_dag.py
[2023-12-08T02:47:35.699+0000] {processor.py:839} INFO - DAG(s) dict_keys(['example_trigger_target_dag']) retrieved from /home/airflow/.local/lib/python3.8/site-packages/airflow/example_dags/example_trigger_target_dag.py
[2023-12-08T02:47:35.755+0000] {logging_mixin.py:154} INFO - [2023-12-08T02:47:35.754+0000] {dag.py:2941} INFO - Sync 1 DAGs
[2023-12-08T02:47:35.801+0000] {logging_mixin.py:154} INFO - [2023-12-08T02:47:35.801+0000] {dag.py:3722} INFO - Setting next_dagrun for example_trigger_target_dag to None, run_after=None
[2023-12-08T02:47:35.876+0000] {processor.py:179} INFO - Processing /home/airflow/.local/lib/python3.8/site-packages/airflow/example_dags/example_trigger_target_dag.py took 0.222 seconds
[2023-12-08T02:48:06.332+0000] {processor.py:157} INFO - Started process (PID=945) to work on /home/airflow/.local/lib/python3.8/site-packages/airflow/example_dags/example_trigger_target_dag.py
[2023-12-08T02:48:06.352+0000] {processor.py:829} INFO - Processing file /home/airflow/.local/lib/python3.8/site-packages/airflow/example_dags/example_trigger_target_dag.py for tasks to queue
[2023-12-08T02:48:06.361+0000] {logging_mixin.py:154} INFO - [2023-12-08T02:48:06.360+0000] {dagbag.py:536} INFO - Filling up the DagBag from /home/airflow/.local/lib/python3.8/site-packages/airflow/example_dags/example_trigger_target_dag.py
[2023-12-08T02:48:06.406+0000] {processor.py:839} INFO - DAG(s) dict_keys(['example_trigger_target_dag']) retrieved from /home/airflow/.local/lib/python3.8/site-packages/airflow/example_dags/example_trigger_target_dag.py
[2023-12-08T02:48:06.575+0000] {logging_mixin.py:154} INFO - [2023-12-08T02:48:06.574+0000] {dag.py:2941} INFO - Sync 1 DAGs
[2023-12-08T02:48:06.688+0000] {logging_mixin.py:154} INFO - [2023-12-08T02:48:06.687+0000] {dag.py:3722} INFO - Setting next_dagrun for example_trigger_target_dag to None, run_after=None
[2023-12-08T02:48:06.847+0000] {processor.py:179} INFO - Processing /home/airflow/.local/lib/python3.8/site-packages/airflow/example_dags/example_trigger_target_dag.py took 0.549 seconds
[2023-12-08T02:48:37.126+0000] {processor.py:157} INFO - Started process (PID=998) to work on /home/airflow/.local/lib/python3.8/site-packages/airflow/example_dags/example_trigger_target_dag.py
[2023-12-08T02:48:37.127+0000] {processor.py:829} INFO - Processing file /home/airflow/.local/lib/python3.8/site-packages/airflow/example_dags/example_trigger_target_dag.py for tasks to queue
[2023-12-08T02:48:37.131+0000] {logging_mixin.py:154} INFO - [2023-12-08T02:48:37.130+0000] {dagbag.py:536} INFO - Filling up the DagBag from /home/airflow/.local/lib/python3.8/site-packages/airflow/example_dags/example_trigger_target_dag.py
[2023-12-08T02:48:37.141+0000] {processor.py:839} INFO - DAG(s) dict_keys(['example_trigger_target_dag']) retrieved from /home/airflow/.local/lib/python3.8/site-packages/airflow/example_dags/example_trigger_target_dag.py
[2023-12-08T02:48:37.178+0000] {logging_mixin.py:154} INFO - [2023-12-08T02:48:37.178+0000] {dag.py:2941} INFO - Sync 1 DAGs
[2023-12-08T02:48:37.208+0000] {logging_mixin.py:154} INFO - [2023-12-08T02:48:37.208+0000] {dag.py:3722} INFO - Setting next_dagrun for example_trigger_target_dag to None, run_after=None
[2023-12-08T02:48:37.449+0000] {processor.py:179} INFO - Processing /home/airflow/.local/lib/python3.8/site-packages/airflow/example_dags/example_trigger_target_dag.py took 0.331 seconds
[2023-12-08T02:49:08.184+0000] {processor.py:157} INFO - Started process (PID=1051) to work on /home/airflow/.local/lib/python3.8/site-packages/airflow/example_dags/example_trigger_target_dag.py
[2023-12-08T02:49:08.186+0000] {processor.py:829} INFO - Processing file /home/airflow/.local/lib/python3.8/site-packages/airflow/example_dags/example_trigger_target_dag.py for tasks to queue
[2023-12-08T02:49:08.191+0000] {logging_mixin.py:154} INFO - [2023-12-08T02:49:08.189+0000] {dagbag.py:536} INFO - Filling up the DagBag from /home/airflow/.local/lib/python3.8/site-packages/airflow/example_dags/example_trigger_target_dag.py
[2023-12-08T02:49:08.201+0000] {processor.py:839} INFO - DAG(s) dict_keys(['example_trigger_target_dag']) retrieved from /home/airflow/.local/lib/python3.8/site-packages/airflow/example_dags/example_trigger_target_dag.py
[2023-12-08T02:49:08.240+0000] {logging_mixin.py:154} INFO - [2023-12-08T02:49:08.239+0000] {dag.py:2941} INFO - Sync 1 DAGs
[2023-12-08T02:49:08.266+0000] {logging_mixin.py:154} INFO - [2023-12-08T02:49:08.266+0000] {dag.py:3722} INFO - Setting next_dagrun for example_trigger_target_dag to None, run_after=None
[2023-12-08T02:49:08.303+0000] {processor.py:179} INFO - Processing /home/airflow/.local/lib/python3.8/site-packages/airflow/example_dags/example_trigger_target_dag.py took 0.124 seconds
[2023-12-08T02:49:38.715+0000] {processor.py:157} INFO - Started process (PID=1105) to work on /home/airflow/.local/lib/python3.8/site-packages/airflow/example_dags/example_trigger_target_dag.py
[2023-12-08T02:49:38.717+0000] {processor.py:829} INFO - Processing file /home/airflow/.local/lib/python3.8/site-packages/airflow/example_dags/example_trigger_target_dag.py for tasks to queue
[2023-12-08T02:49:38.721+0000] {logging_mixin.py:154} INFO - [2023-12-08T02:49:38.720+0000] {dagbag.py:536} INFO - Filling up the DagBag from /home/airflow/.local/lib/python3.8/site-packages/airflow/example_dags/example_trigger_target_dag.py
[2023-12-08T02:49:38.731+0000] {processor.py:839} INFO - DAG(s) dict_keys(['example_trigger_target_dag']) retrieved from /home/airflow/.local/lib/python3.8/site-packages/airflow/example_dags/example_trigger_target_dag.py
[2023-12-08T02:49:38.773+0000] {logging_mixin.py:154} INFO - [2023-12-08T02:49:38.773+0000] {dag.py:2941} INFO - Sync 1 DAGs
[2023-12-08T02:49:38.807+0000] {logging_mixin.py:154} INFO - [2023-12-08T02:49:38.807+0000] {dag.py:3722} INFO - Setting next_dagrun for example_trigger_target_dag to None, run_after=None
[2023-12-08T02:49:38.849+0000] {processor.py:179} INFO - Processing /home/airflow/.local/lib/python3.8/site-packages/airflow/example_dags/example_trigger_target_dag.py took 0.140 seconds
[2023-12-08T02:50:10.942+0000] {processor.py:157} INFO - Started process (PID=1160) to work on /home/airflow/.local/lib/python3.8/site-packages/airflow/example_dags/example_trigger_target_dag.py
[2023-12-08T02:50:10.978+0000] {processor.py:829} INFO - Processing file /home/airflow/.local/lib/python3.8/site-packages/airflow/example_dags/example_trigger_target_dag.py for tasks to queue
[2023-12-08T02:50:10.999+0000] {logging_mixin.py:154} INFO - [2023-12-08T02:50:10.998+0000] {dagbag.py:536} INFO - Filling up the DagBag from /home/airflow/.local/lib/python3.8/site-packages/airflow/example_dags/example_trigger_target_dag.py
[2023-12-08T02:50:11.062+0000] {processor.py:839} INFO - DAG(s) dict_keys(['example_trigger_target_dag']) retrieved from /home/airflow/.local/lib/python3.8/site-packages/airflow/example_dags/example_trigger_target_dag.py
[2023-12-08T02:50:11.228+0000] {logging_mixin.py:154} INFO - [2023-12-08T02:50:11.228+0000] {dag.py:2941} INFO - Sync 1 DAGs
[2023-12-08T02:50:12.204+0000] {logging_mixin.py:154} INFO - [2023-12-08T02:50:12.204+0000] {dag.py:3722} INFO - Setting next_dagrun for example_trigger_target_dag to None, run_after=None
[2023-12-08T02:50:12.339+0000] {processor.py:179} INFO - Processing /home/airflow/.local/lib/python3.8/site-packages/airflow/example_dags/example_trigger_target_dag.py took 1.431 seconds
[2023-12-08T02:50:42.859+0000] {processor.py:157} INFO - Started process (PID=1213) to work on /home/airflow/.local/lib/python3.8/site-packages/airflow/example_dags/example_trigger_target_dag.py
[2023-12-08T02:50:42.861+0000] {processor.py:829} INFO - Processing file /home/airflow/.local/lib/python3.8/site-packages/airflow/example_dags/example_trigger_target_dag.py for tasks to queue
[2023-12-08T02:50:42.865+0000] {logging_mixin.py:154} INFO - [2023-12-08T02:50:42.865+0000] {dagbag.py:536} INFO - Filling up the DagBag from /home/airflow/.local/lib/python3.8/site-packages/airflow/example_dags/example_trigger_target_dag.py
[2023-12-08T02:50:42.877+0000] {processor.py:839} INFO - DAG(s) dict_keys(['example_trigger_target_dag']) retrieved from /home/airflow/.local/lib/python3.8/site-packages/airflow/example_dags/example_trigger_target_dag.py
[2023-12-08T02:50:42.916+0000] {logging_mixin.py:154} INFO - [2023-12-08T02:50:42.916+0000] {dag.py:2941} INFO - Sync 1 DAGs
[2023-12-08T02:50:42.941+0000] {logging_mixin.py:154} INFO - [2023-12-08T02:50:42.940+0000] {dag.py:3722} INFO - Setting next_dagrun for example_trigger_target_dag to None, run_after=None
[2023-12-08T02:50:43.232+0000] {processor.py:179} INFO - Processing /home/airflow/.local/lib/python3.8/site-packages/airflow/example_dags/example_trigger_target_dag.py took 0.380 seconds
[2023-12-08T02:51:13.419+0000] {processor.py:157} INFO - Started process (PID=1267) to work on /home/airflow/.local/lib/python3.8/site-packages/airflow/example_dags/example_trigger_target_dag.py
[2023-12-08T02:51:13.420+0000] {processor.py:829} INFO - Processing file /home/airflow/.local/lib/python3.8/site-packages/airflow/example_dags/example_trigger_target_dag.py for tasks to queue
[2023-12-08T02:51:13.430+0000] {logging_mixin.py:154} INFO - [2023-12-08T02:51:13.429+0000] {dagbag.py:536} INFO - Filling up the DagBag from /home/airflow/.local/lib/python3.8/site-packages/airflow/example_dags/example_trigger_target_dag.py
[2023-12-08T02:51:13.450+0000] {processor.py:839} INFO - DAG(s) dict_keys(['example_trigger_target_dag']) retrieved from /home/airflow/.local/lib/python3.8/site-packages/airflow/example_dags/example_trigger_target_dag.py
[2023-12-08T02:51:13.509+0000] {logging_mixin.py:154} INFO - [2023-12-08T02:51:13.509+0000] {dag.py:2941} INFO - Sync 1 DAGs
[2023-12-08T02:51:13.537+0000] {logging_mixin.py:154} INFO - [2023-12-08T02:51:13.537+0000] {dag.py:3722} INFO - Setting next_dagrun for example_trigger_target_dag to None, run_after=None
[2023-12-08T02:51:13.586+0000] {processor.py:179} INFO - Processing /home/airflow/.local/lib/python3.8/site-packages/airflow/example_dags/example_trigger_target_dag.py took 0.180 seconds
[2023-12-08T02:51:44.032+0000] {processor.py:157} INFO - Started process (PID=1321) to work on /home/airflow/.local/lib/python3.8/site-packages/airflow/example_dags/example_trigger_target_dag.py
[2023-12-08T02:51:44.034+0000] {processor.py:829} INFO - Processing file /home/airflow/.local/lib/python3.8/site-packages/airflow/example_dags/example_trigger_target_dag.py for tasks to queue
[2023-12-08T02:51:44.038+0000] {logging_mixin.py:154} INFO - [2023-12-08T02:51:44.038+0000] {dagbag.py:536} INFO - Filling up the DagBag from /home/airflow/.local/lib/python3.8/site-packages/airflow/example_dags/example_trigger_target_dag.py
[2023-12-08T02:51:44.287+0000] {processor.py:839} INFO - DAG(s) dict_keys(['example_trigger_target_dag']) retrieved from /home/airflow/.local/lib/python3.8/site-packages/airflow/example_dags/example_trigger_target_dag.py
[2023-12-08T02:51:44.328+0000] {logging_mixin.py:154} INFO - [2023-12-08T02:51:44.328+0000] {dag.py:2941} INFO - Sync 1 DAGs
[2023-12-08T02:51:44.353+0000] {logging_mixin.py:154} INFO - [2023-12-08T02:51:44.353+0000] {dag.py:3722} INFO - Setting next_dagrun for example_trigger_target_dag to None, run_after=None
[2023-12-08T02:51:44.402+0000] {processor.py:179} INFO - Processing /home/airflow/.local/lib/python3.8/site-packages/airflow/example_dags/example_trigger_target_dag.py took 0.378 seconds
[2023-12-08T02:52:14.912+0000] {processor.py:157} INFO - Started process (PID=1374) to work on /home/airflow/.local/lib/python3.8/site-packages/airflow/example_dags/example_trigger_target_dag.py
[2023-12-08T02:52:14.926+0000] {processor.py:829} INFO - Processing file /home/airflow/.local/lib/python3.8/site-packages/airflow/example_dags/example_trigger_target_dag.py for tasks to queue
[2023-12-08T02:52:14.933+0000] {logging_mixin.py:154} INFO - [2023-12-08T02:52:14.932+0000] {dagbag.py:536} INFO - Filling up the DagBag from /home/airflow/.local/lib/python3.8/site-packages/airflow/example_dags/example_trigger_target_dag.py
[2023-12-08T02:52:14.950+0000] {processor.py:839} INFO - DAG(s) dict_keys(['example_trigger_target_dag']) retrieved from /home/airflow/.local/lib/python3.8/site-packages/airflow/example_dags/example_trigger_target_dag.py
[2023-12-08T02:52:15.010+0000] {logging_mixin.py:154} INFO - [2023-12-08T02:52:15.010+0000] {dag.py:2941} INFO - Sync 1 DAGs
[2023-12-08T02:52:15.045+0000] {logging_mixin.py:154} INFO - [2023-12-08T02:52:15.045+0000] {dag.py:3722} INFO - Setting next_dagrun for example_trigger_target_dag to None, run_after=None
[2023-12-08T02:52:15.091+0000] {processor.py:179} INFO - Processing /home/airflow/.local/lib/python3.8/site-packages/airflow/example_dags/example_trigger_target_dag.py took 0.191 seconds
[2023-12-08T02:52:45.470+0000] {processor.py:157} INFO - Started process (PID=1428) to work on /home/airflow/.local/lib/python3.8/site-packages/airflow/example_dags/example_trigger_target_dag.py
[2023-12-08T02:52:45.472+0000] {processor.py:829} INFO - Processing file /home/airflow/.local/lib/python3.8/site-packages/airflow/example_dags/example_trigger_target_dag.py for tasks to queue
[2023-12-08T02:52:45.478+0000] {logging_mixin.py:154} INFO - [2023-12-08T02:52:45.478+0000] {dagbag.py:536} INFO - Filling up the DagBag from /home/airflow/.local/lib/python3.8/site-packages/airflow/example_dags/example_trigger_target_dag.py
[2023-12-08T02:52:45.505+0000] {processor.py:839} INFO - DAG(s) dict_keys(['example_trigger_target_dag']) retrieved from /home/airflow/.local/lib/python3.8/site-packages/airflow/example_dags/example_trigger_target_dag.py
[2023-12-08T02:52:45.571+0000] {logging_mixin.py:154} INFO - [2023-12-08T02:52:45.571+0000] {dag.py:2941} INFO - Sync 1 DAGs
[2023-12-08T02:52:45.613+0000] {logging_mixin.py:154} INFO - [2023-12-08T02:52:45.613+0000] {dag.py:3722} INFO - Setting next_dagrun for example_trigger_target_dag to None, run_after=None
[2023-12-08T02:52:45.676+0000] {processor.py:179} INFO - Processing /home/airflow/.local/lib/python3.8/site-packages/airflow/example_dags/example_trigger_target_dag.py took 0.218 seconds
[2023-12-08T02:53:15.948+0000] {processor.py:157} INFO - Started process (PID=1483) to work on /home/airflow/.local/lib/python3.8/site-packages/airflow/example_dags/example_trigger_target_dag.py
[2023-12-08T02:53:15.957+0000] {processor.py:829} INFO - Processing file /home/airflow/.local/lib/python3.8/site-packages/airflow/example_dags/example_trigger_target_dag.py for tasks to queue
[2023-12-08T02:53:15.963+0000] {logging_mixin.py:154} INFO - [2023-12-08T02:53:15.962+0000] {dagbag.py:536} INFO - Filling up the DagBag from /home/airflow/.local/lib/python3.8/site-packages/airflow/example_dags/example_trigger_target_dag.py
[2023-12-08T02:53:15.985+0000] {processor.py:839} INFO - DAG(s) dict_keys(['example_trigger_target_dag']) retrieved from /home/airflow/.local/lib/python3.8/site-packages/airflow/example_dags/example_trigger_target_dag.py
[2023-12-08T02:53:16.055+0000] {logging_mixin.py:154} INFO - [2023-12-08T02:53:16.054+0000] {dag.py:2941} INFO - Sync 1 DAGs
[2023-12-08T02:53:16.099+0000] {logging_mixin.py:154} INFO - [2023-12-08T02:53:16.099+0000] {dag.py:3722} INFO - Setting next_dagrun for example_trigger_target_dag to None, run_after=None
[2023-12-08T02:53:16.230+0000] {processor.py:179} INFO - Processing /home/airflow/.local/lib/python3.8/site-packages/airflow/example_dags/example_trigger_target_dag.py took 0.307 seconds
[2023-12-08T02:53:46.545+0000] {processor.py:157} INFO - Started process (PID=1536) to work on /home/airflow/.local/lib/python3.8/site-packages/airflow/example_dags/example_trigger_target_dag.py
[2023-12-08T02:53:46.548+0000] {processor.py:829} INFO - Processing file /home/airflow/.local/lib/python3.8/site-packages/airflow/example_dags/example_trigger_target_dag.py for tasks to queue
[2023-12-08T02:53:46.556+0000] {logging_mixin.py:154} INFO - [2023-12-08T02:53:46.555+0000] {dagbag.py:536} INFO - Filling up the DagBag from /home/airflow/.local/lib/python3.8/site-packages/airflow/example_dags/example_trigger_target_dag.py
[2023-12-08T02:53:46.569+0000] {processor.py:839} INFO - DAG(s) dict_keys(['example_trigger_target_dag']) retrieved from /home/airflow/.local/lib/python3.8/site-packages/airflow/example_dags/example_trigger_target_dag.py
[2023-12-08T02:53:46.638+0000] {logging_mixin.py:154} INFO - [2023-12-08T02:53:46.637+0000] {dag.py:2941} INFO - Sync 1 DAGs
[2023-12-08T02:53:46.674+0000] {logging_mixin.py:154} INFO - [2023-12-08T02:53:46.673+0000] {dag.py:3722} INFO - Setting next_dagrun for example_trigger_target_dag to None, run_after=None
[2023-12-08T02:53:46.725+0000] {processor.py:179} INFO - Processing /home/airflow/.local/lib/python3.8/site-packages/airflow/example_dags/example_trigger_target_dag.py took 0.188 seconds
[2023-12-08T02:54:17.057+0000] {processor.py:157} INFO - Started process (PID=1591) to work on /home/airflow/.local/lib/python3.8/site-packages/airflow/example_dags/example_trigger_target_dag.py
[2023-12-08T02:54:17.059+0000] {processor.py:829} INFO - Processing file /home/airflow/.local/lib/python3.8/site-packages/airflow/example_dags/example_trigger_target_dag.py for tasks to queue
[2023-12-08T02:54:17.063+0000] {logging_mixin.py:154} INFO - [2023-12-08T02:54:17.062+0000] {dagbag.py:536} INFO - Filling up the DagBag from /home/airflow/.local/lib/python3.8/site-packages/airflow/example_dags/example_trigger_target_dag.py
[2023-12-08T02:54:17.075+0000] {processor.py:839} INFO - DAG(s) dict_keys(['example_trigger_target_dag']) retrieved from /home/airflow/.local/lib/python3.8/site-packages/airflow/example_dags/example_trigger_target_dag.py
[2023-12-08T02:54:17.118+0000] {logging_mixin.py:154} INFO - [2023-12-08T02:54:17.117+0000] {dag.py:2941} INFO - Sync 1 DAGs
[2023-12-08T02:54:17.148+0000] {logging_mixin.py:154} INFO - [2023-12-08T02:54:17.147+0000] {dag.py:3722} INFO - Setting next_dagrun for example_trigger_target_dag to None, run_after=None
[2023-12-08T02:54:17.193+0000] {processor.py:179} INFO - Processing /home/airflow/.local/lib/python3.8/site-packages/airflow/example_dags/example_trigger_target_dag.py took 0.147 seconds
[2023-12-08T02:54:47.337+0000] {processor.py:157} INFO - Started process (PID=1645) to work on /home/airflow/.local/lib/python3.8/site-packages/airflow/example_dags/example_trigger_target_dag.py
[2023-12-08T02:54:47.341+0000] {processor.py:829} INFO - Processing file /home/airflow/.local/lib/python3.8/site-packages/airflow/example_dags/example_trigger_target_dag.py for tasks to queue
[2023-12-08T02:54:47.347+0000] {logging_mixin.py:154} INFO - [2023-12-08T02:54:47.346+0000] {dagbag.py:536} INFO - Filling up the DagBag from /home/airflow/.local/lib/python3.8/site-packages/airflow/example_dags/example_trigger_target_dag.py
[2023-12-08T02:54:47.359+0000] {processor.py:839} INFO - DAG(s) dict_keys(['example_trigger_target_dag']) retrieved from /home/airflow/.local/lib/python3.8/site-packages/airflow/example_dags/example_trigger_target_dag.py
[2023-12-08T02:54:47.406+0000] {logging_mixin.py:154} INFO - [2023-12-08T02:54:47.406+0000] {dag.py:2941} INFO - Sync 1 DAGs
[2023-12-08T02:54:47.440+0000] {logging_mixin.py:154} INFO - [2023-12-08T02:54:47.440+0000] {dag.py:3722} INFO - Setting next_dagrun for example_trigger_target_dag to None, run_after=None
[2023-12-08T02:54:47.485+0000] {processor.py:179} INFO - Processing /home/airflow/.local/lib/python3.8/site-packages/airflow/example_dags/example_trigger_target_dag.py took 0.158 seconds
[2023-12-08T02:55:17.904+0000] {processor.py:157} INFO - Started process (PID=1699) to work on /home/airflow/.local/lib/python3.8/site-packages/airflow/example_dags/example_trigger_target_dag.py
[2023-12-08T02:55:17.906+0000] {processor.py:829} INFO - Processing file /home/airflow/.local/lib/python3.8/site-packages/airflow/example_dags/example_trigger_target_dag.py for tasks to queue
[2023-12-08T02:55:17.911+0000] {logging_mixin.py:154} INFO - [2023-12-08T02:55:17.911+0000] {dagbag.py:536} INFO - Filling up the DagBag from /home/airflow/.local/lib/python3.8/site-packages/airflow/example_dags/example_trigger_target_dag.py
[2023-12-08T02:55:17.928+0000] {processor.py:839} INFO - DAG(s) dict_keys(['example_trigger_target_dag']) retrieved from /home/airflow/.local/lib/python3.8/site-packages/airflow/example_dags/example_trigger_target_dag.py
[2023-12-08T02:55:18.018+0000] {logging_mixin.py:154} INFO - [2023-12-08T02:55:18.018+0000] {dag.py:2941} INFO - Sync 1 DAGs
[2023-12-08T02:55:18.058+0000] {logging_mixin.py:154} INFO - [2023-12-08T02:55:18.057+0000] {dag.py:3722} INFO - Setting next_dagrun for example_trigger_target_dag to None, run_after=None
[2023-12-08T02:55:18.107+0000] {processor.py:179} INFO - Processing /home/airflow/.local/lib/python3.8/site-packages/airflow/example_dags/example_trigger_target_dag.py took 0.212 seconds
[2023-12-08T02:55:48.876+0000] {processor.py:157} INFO - Started process (PID=1754) to work on /home/airflow/.local/lib/python3.8/site-packages/airflow/example_dags/example_trigger_target_dag.py
[2023-12-08T02:55:48.887+0000] {processor.py:829} INFO - Processing file /home/airflow/.local/lib/python3.8/site-packages/airflow/example_dags/example_trigger_target_dag.py for tasks to queue
[2023-12-08T02:55:48.896+0000] {logging_mixin.py:154} INFO - [2023-12-08T02:55:48.895+0000] {dagbag.py:536} INFO - Filling up the DagBag from /home/airflow/.local/lib/python3.8/site-packages/airflow/example_dags/example_trigger_target_dag.py
[2023-12-08T02:55:48.910+0000] {processor.py:839} INFO - DAG(s) dict_keys(['example_trigger_target_dag']) retrieved from /home/airflow/.local/lib/python3.8/site-packages/airflow/example_dags/example_trigger_target_dag.py
[2023-12-08T02:55:48.973+0000] {logging_mixin.py:154} INFO - [2023-12-08T02:55:48.973+0000] {dag.py:2941} INFO - Sync 1 DAGs
[2023-12-08T02:55:49.032+0000] {logging_mixin.py:154} INFO - [2023-12-08T02:55:49.032+0000] {dag.py:3722} INFO - Setting next_dagrun for example_trigger_target_dag to None, run_after=None
[2023-12-08T02:55:49.103+0000] {processor.py:179} INFO - Processing /home/airflow/.local/lib/python3.8/site-packages/airflow/example_dags/example_trigger_target_dag.py took 0.238 seconds
[2023-12-08T02:56:19.700+0000] {processor.py:157} INFO - Started process (PID=1808) to work on /home/airflow/.local/lib/python3.8/site-packages/airflow/example_dags/example_trigger_target_dag.py
[2023-12-08T02:56:19.702+0000] {processor.py:829} INFO - Processing file /home/airflow/.local/lib/python3.8/site-packages/airflow/example_dags/example_trigger_target_dag.py for tasks to queue
[2023-12-08T02:56:19.707+0000] {logging_mixin.py:154} INFO - [2023-12-08T02:56:19.706+0000] {dagbag.py:536} INFO - Filling up the DagBag from /home/airflow/.local/lib/python3.8/site-packages/airflow/example_dags/example_trigger_target_dag.py
[2023-12-08T02:56:19.719+0000] {processor.py:839} INFO - DAG(s) dict_keys(['example_trigger_target_dag']) retrieved from /home/airflow/.local/lib/python3.8/site-packages/airflow/example_dags/example_trigger_target_dag.py
[2023-12-08T02:56:19.762+0000] {logging_mixin.py:154} INFO - [2023-12-08T02:56:19.760+0000] {dag.py:2941} INFO - Sync 1 DAGs
[2023-12-08T02:56:19.878+0000] {logging_mixin.py:154} INFO - [2023-12-08T02:56:19.877+0000] {dag.py:3722} INFO - Setting next_dagrun for example_trigger_target_dag to None, run_after=None
[2023-12-08T02:56:19.955+0000] {processor.py:179} INFO - Processing /home/airflow/.local/lib/python3.8/site-packages/airflow/example_dags/example_trigger_target_dag.py took 0.263 seconds
[2023-12-08T02:56:50.730+0000] {processor.py:157} INFO - Started process (PID=1862) to work on /home/airflow/.local/lib/python3.8/site-packages/airflow/example_dags/example_trigger_target_dag.py
[2023-12-08T02:56:50.737+0000] {processor.py:829} INFO - Processing file /home/airflow/.local/lib/python3.8/site-packages/airflow/example_dags/example_trigger_target_dag.py for tasks to queue
[2023-12-08T02:56:50.743+0000] {logging_mixin.py:154} INFO - [2023-12-08T02:56:50.742+0000] {dagbag.py:536} INFO - Filling up the DagBag from /home/airflow/.local/lib/python3.8/site-packages/airflow/example_dags/example_trigger_target_dag.py
[2023-12-08T02:56:50.762+0000] {processor.py:839} INFO - DAG(s) dict_keys(['example_trigger_target_dag']) retrieved from /home/airflow/.local/lib/python3.8/site-packages/airflow/example_dags/example_trigger_target_dag.py
[2023-12-08T02:56:50.825+0000] {logging_mixin.py:154} INFO - [2023-12-08T02:56:50.824+0000] {dag.py:2941} INFO - Sync 1 DAGs
[2023-12-08T02:56:50.867+0000] {logging_mixin.py:154} INFO - [2023-12-08T02:56:50.866+0000] {dag.py:3722} INFO - Setting next_dagrun for example_trigger_target_dag to None, run_after=None
[2023-12-08T02:56:50.919+0000] {processor.py:179} INFO - Processing /home/airflow/.local/lib/python3.8/site-packages/airflow/example_dags/example_trigger_target_dag.py took 0.210 seconds
