[2023-12-08T02:39:22.707+0000] {processor.py:157} INFO - Started process (PID=80) to work on /home/airflow/.local/lib/python3.8/site-packages/airflow/example_dags/example_params_trigger_ui.py
[2023-12-08T02:39:22.710+0000] {processor.py:829} INFO - Processing file /home/airflow/.local/lib/python3.8/site-packages/airflow/example_dags/example_params_trigger_ui.py for tasks to queue
[2023-12-08T02:39:22.719+0000] {logging_mixin.py:154} INFO - [2023-12-08T02:39:22.718+0000] {dagbag.py:536} INFO - Filling up the DagBag from /home/airflow/.local/lib/python3.8/site-packages/airflow/example_dags/example_params_trigger_ui.py
[2023-12-08T02:39:22.819+0000] {processor.py:839} INFO - DAG(s) dict_keys(['example_params_trigger_ui']) retrieved from /home/airflow/.local/lib/python3.8/site-packages/airflow/example_dags/example_params_trigger_ui.py
[2023-12-08T02:39:23.418+0000] {logging_mixin.py:154} INFO - [2023-12-08T02:39:23.417+0000] {dag.py:2941} INFO - Sync 1 DAGs
[2023-12-08T02:39:23.541+0000] {logging_mixin.py:154} INFO - [2023-12-08T02:39:23.540+0000] {dag.py:3722} INFO - Setting next_dagrun for example_params_trigger_ui to None, run_after=None
[2023-12-08T02:39:23.708+0000] {processor.py:179} INFO - Processing /home/airflow/.local/lib/python3.8/site-packages/airflow/example_dags/example_params_trigger_ui.py took 1.016 seconds
[2023-12-08T02:39:54.181+0000] {processor.py:157} INFO - Started process (PID=134) to work on /home/airflow/.local/lib/python3.8/site-packages/airflow/example_dags/example_params_trigger_ui.py
[2023-12-08T02:39:54.194+0000] {processor.py:829} INFO - Processing file /home/airflow/.local/lib/python3.8/site-packages/airflow/example_dags/example_params_trigger_ui.py for tasks to queue
[2023-12-08T02:39:54.211+0000] {logging_mixin.py:154} INFO - [2023-12-08T02:39:54.210+0000] {dagbag.py:536} INFO - Filling up the DagBag from /home/airflow/.local/lib/python3.8/site-packages/airflow/example_dags/example_params_trigger_ui.py
[2023-12-08T02:39:54.305+0000] {processor.py:839} INFO - DAG(s) dict_keys(['example_params_trigger_ui']) retrieved from /home/airflow/.local/lib/python3.8/site-packages/airflow/example_dags/example_params_trigger_ui.py
[2023-12-08T02:39:54.724+0000] {logging_mixin.py:154} INFO - [2023-12-08T02:39:54.716+0000] {dag.py:2941} INFO - Sync 1 DAGs
[2023-12-08T02:39:54.798+0000] {logging_mixin.py:154} INFO - [2023-12-08T02:39:54.796+0000] {dag.py:3722} INFO - Setting next_dagrun for example_params_trigger_ui to None, run_after=None
[2023-12-08T02:39:54.927+0000] {processor.py:179} INFO - Processing /home/airflow/.local/lib/python3.8/site-packages/airflow/example_dags/example_params_trigger_ui.py took 0.766 seconds
[2023-12-08T02:40:25.219+0000] {processor.py:157} INFO - Started process (PID=188) to work on /home/airflow/.local/lib/python3.8/site-packages/airflow/example_dags/example_params_trigger_ui.py
[2023-12-08T02:40:25.221+0000] {processor.py:829} INFO - Processing file /home/airflow/.local/lib/python3.8/site-packages/airflow/example_dags/example_params_trigger_ui.py for tasks to queue
[2023-12-08T02:40:25.225+0000] {logging_mixin.py:154} INFO - [2023-12-08T02:40:25.224+0000] {dagbag.py:536} INFO - Filling up the DagBag from /home/airflow/.local/lib/python3.8/site-packages/airflow/example_dags/example_params_trigger_ui.py
[2023-12-08T02:40:25.258+0000] {processor.py:839} INFO - DAG(s) dict_keys(['example_params_trigger_ui']) retrieved from /home/airflow/.local/lib/python3.8/site-packages/airflow/example_dags/example_params_trigger_ui.py
[2023-12-08T02:40:25.408+0000] {logging_mixin.py:154} INFO - [2023-12-08T02:40:25.408+0000] {dag.py:2941} INFO - Sync 1 DAGs
[2023-12-08T02:40:25.454+0000] {logging_mixin.py:154} INFO - [2023-12-08T02:40:25.453+0000] {dag.py:3722} INFO - Setting next_dagrun for example_params_trigger_ui to None, run_after=None
[2023-12-08T02:40:25.510+0000] {processor.py:179} INFO - Processing /home/airflow/.local/lib/python3.8/site-packages/airflow/example_dags/example_params_trigger_ui.py took 0.299 seconds
[2023-12-08T02:40:58.360+0000] {processor.py:157} INFO - Started process (PID=242) to work on /home/airflow/.local/lib/python3.8/site-packages/airflow/example_dags/example_params_trigger_ui.py
[2023-12-08T02:40:58.364+0000] {processor.py:829} INFO - Processing file /home/airflow/.local/lib/python3.8/site-packages/airflow/example_dags/example_params_trigger_ui.py for tasks to queue
[2023-12-08T02:40:58.393+0000] {logging_mixin.py:154} INFO - [2023-12-08T02:40:58.382+0000] {dagbag.py:536} INFO - Filling up the DagBag from /home/airflow/.local/lib/python3.8/site-packages/airflow/example_dags/example_params_trigger_ui.py
[2023-12-08T02:40:58.514+0000] {processor.py:839} INFO - DAG(s) dict_keys(['example_params_trigger_ui']) retrieved from /home/airflow/.local/lib/python3.8/site-packages/airflow/example_dags/example_params_trigger_ui.py
[2023-12-08T02:40:58.806+0000] {logging_mixin.py:154} INFO - [2023-12-08T02:40:58.805+0000] {dag.py:2941} INFO - Sync 1 DAGs
[2023-12-08T02:40:58.884+0000] {logging_mixin.py:154} INFO - [2023-12-08T02:40:58.883+0000] {dag.py:3722} INFO - Setting next_dagrun for example_params_trigger_ui to None, run_after=None
[2023-12-08T02:40:59.011+0000] {processor.py:179} INFO - Processing /home/airflow/.local/lib/python3.8/site-packages/airflow/example_dags/example_params_trigger_ui.py took 0.669 seconds
[2023-12-08T02:41:29.745+0000] {processor.py:157} INFO - Started process (PID=296) to work on /home/airflow/.local/lib/python3.8/site-packages/airflow/example_dags/example_params_trigger_ui.py
[2023-12-08T02:41:29.748+0000] {processor.py:829} INFO - Processing file /home/airflow/.local/lib/python3.8/site-packages/airflow/example_dags/example_params_trigger_ui.py for tasks to queue
[2023-12-08T02:41:29.775+0000] {logging_mixin.py:154} INFO - [2023-12-08T02:41:29.763+0000] {dagbag.py:536} INFO - Filling up the DagBag from /home/airflow/.local/lib/python3.8/site-packages/airflow/example_dags/example_params_trigger_ui.py
[2023-12-08T02:41:29.984+0000] {processor.py:839} INFO - DAG(s) dict_keys(['example_params_trigger_ui']) retrieved from /home/airflow/.local/lib/python3.8/site-packages/airflow/example_dags/example_params_trigger_ui.py
[2023-12-08T02:41:30.532+0000] {logging_mixin.py:154} INFO - [2023-12-08T02:41:30.531+0000] {dag.py:2941} INFO - Sync 1 DAGs
[2023-12-08T02:41:30.660+0000] {logging_mixin.py:154} INFO - [2023-12-08T02:41:30.659+0000] {dag.py:3722} INFO - Setting next_dagrun for example_params_trigger_ui to None, run_after=None
[2023-12-08T02:41:31.048+0000] {processor.py:179} INFO - Processing /home/airflow/.local/lib/python3.8/site-packages/airflow/example_dags/example_params_trigger_ui.py took 1.336 seconds
[2023-12-08T02:42:01.243+0000] {processor.py:157} INFO - Started process (PID=352) to work on /home/airflow/.local/lib/python3.8/site-packages/airflow/example_dags/example_params_trigger_ui.py
[2023-12-08T02:42:01.247+0000] {processor.py:829} INFO - Processing file /home/airflow/.local/lib/python3.8/site-packages/airflow/example_dags/example_params_trigger_ui.py for tasks to queue
[2023-12-08T02:42:01.252+0000] {logging_mixin.py:154} INFO - [2023-12-08T02:42:01.252+0000] {dagbag.py:536} INFO - Filling up the DagBag from /home/airflow/.local/lib/python3.8/site-packages/airflow/example_dags/example_params_trigger_ui.py
[2023-12-08T02:42:01.306+0000] {processor.py:839} INFO - DAG(s) dict_keys(['example_params_trigger_ui']) retrieved from /home/airflow/.local/lib/python3.8/site-packages/airflow/example_dags/example_params_trigger_ui.py
[2023-12-08T02:42:01.478+0000] {logging_mixin.py:154} INFO - [2023-12-08T02:42:01.477+0000] {dag.py:2941} INFO - Sync 1 DAGs
[2023-12-08T02:42:01.532+0000] {logging_mixin.py:154} INFO - [2023-12-08T02:42:01.532+0000] {dag.py:3722} INFO - Setting next_dagrun for example_params_trigger_ui to None, run_after=None
[2023-12-08T02:42:01.601+0000] {processor.py:179} INFO - Processing /home/airflow/.local/lib/python3.8/site-packages/airflow/example_dags/example_params_trigger_ui.py took 0.367 seconds
[2023-12-08T02:42:39.152+0000] {processor.py:157} INFO - Started process (PID=406) to work on /home/airflow/.local/lib/python3.8/site-packages/airflow/example_dags/example_params_trigger_ui.py
[2023-12-08T02:42:39.169+0000] {processor.py:829} INFO - Processing file /home/airflow/.local/lib/python3.8/site-packages/airflow/example_dags/example_params_trigger_ui.py for tasks to queue
[2023-12-08T02:42:39.228+0000] {logging_mixin.py:154} INFO - [2023-12-08T02:42:39.227+0000] {dagbag.py:536} INFO - Filling up the DagBag from /home/airflow/.local/lib/python3.8/site-packages/airflow/example_dags/example_params_trigger_ui.py
[2023-12-08T02:42:40.134+0000] {processor.py:839} INFO - DAG(s) dict_keys(['example_params_trigger_ui']) retrieved from /home/airflow/.local/lib/python3.8/site-packages/airflow/example_dags/example_params_trigger_ui.py
[2023-12-08T02:42:42.412+0000] {logging_mixin.py:154} INFO - [2023-12-08T02:42:42.412+0000] {dag.py:2941} INFO - Sync 1 DAGs
[2023-12-08T02:42:42.546+0000] {logging_mixin.py:154} INFO - [2023-12-08T02:42:42.545+0000] {dag.py:3722} INFO - Setting next_dagrun for example_params_trigger_ui to None, run_after=None
[2023-12-08T02:42:42.692+0000] {processor.py:179} INFO - Processing /home/airflow/.local/lib/python3.8/site-packages/airflow/example_dags/example_params_trigger_ui.py took 3.627 seconds
[2023-12-08T02:43:13.401+0000] {processor.py:157} INFO - Started process (PID=460) to work on /home/airflow/.local/lib/python3.8/site-packages/airflow/example_dags/example_params_trigger_ui.py
[2023-12-08T02:43:13.429+0000] {processor.py:829} INFO - Processing file /home/airflow/.local/lib/python3.8/site-packages/airflow/example_dags/example_params_trigger_ui.py for tasks to queue
[2023-12-08T02:43:13.447+0000] {logging_mixin.py:154} INFO - [2023-12-08T02:43:13.446+0000] {dagbag.py:536} INFO - Filling up the DagBag from /home/airflow/.local/lib/python3.8/site-packages/airflow/example_dags/example_params_trigger_ui.py
[2023-12-08T02:43:13.665+0000] {processor.py:839} INFO - DAG(s) dict_keys(['example_params_trigger_ui']) retrieved from /home/airflow/.local/lib/python3.8/site-packages/airflow/example_dags/example_params_trigger_ui.py
[2023-12-08T02:43:14.410+0000] {logging_mixin.py:154} INFO - [2023-12-08T02:43:14.409+0000] {dag.py:2941} INFO - Sync 1 DAGs
[2023-12-08T02:43:14.629+0000] {logging_mixin.py:154} INFO - [2023-12-08T02:43:14.629+0000] {dag.py:3722} INFO - Setting next_dagrun for example_params_trigger_ui to None, run_after=None
[2023-12-08T02:43:15.024+0000] {processor.py:179} INFO - Processing /home/airflow/.local/lib/python3.8/site-packages/airflow/example_dags/example_params_trigger_ui.py took 1.722 seconds
[2023-12-08T02:43:46.094+0000] {processor.py:157} INFO - Started process (PID=514) to work on /home/airflow/.local/lib/python3.8/site-packages/airflow/example_dags/example_params_trigger_ui.py
[2023-12-08T02:43:46.097+0000] {processor.py:829} INFO - Processing file /home/airflow/.local/lib/python3.8/site-packages/airflow/example_dags/example_params_trigger_ui.py for tasks to queue
[2023-12-08T02:43:46.105+0000] {logging_mixin.py:154} INFO - [2023-12-08T02:43:46.105+0000] {dagbag.py:536} INFO - Filling up the DagBag from /home/airflow/.local/lib/python3.8/site-packages/airflow/example_dags/example_params_trigger_ui.py
[2023-12-08T02:43:46.160+0000] {processor.py:839} INFO - DAG(s) dict_keys(['example_params_trigger_ui']) retrieved from /home/airflow/.local/lib/python3.8/site-packages/airflow/example_dags/example_params_trigger_ui.py
[2023-12-08T02:43:46.345+0000] {logging_mixin.py:154} INFO - [2023-12-08T02:43:46.344+0000] {dag.py:2941} INFO - Sync 1 DAGs
[2023-12-08T02:43:46.441+0000] {logging_mixin.py:154} INFO - [2023-12-08T02:43:46.441+0000] {dag.py:3722} INFO - Setting next_dagrun for example_params_trigger_ui to None, run_after=None
[2023-12-08T02:43:46.618+0000] {processor.py:179} INFO - Processing /home/airflow/.local/lib/python3.8/site-packages/airflow/example_dags/example_params_trigger_ui.py took 0.535 seconds
[2023-12-08T02:44:16.973+0000] {processor.py:157} INFO - Started process (PID=568) to work on /home/airflow/.local/lib/python3.8/site-packages/airflow/example_dags/example_params_trigger_ui.py
[2023-12-08T02:44:16.975+0000] {processor.py:829} INFO - Processing file /home/airflow/.local/lib/python3.8/site-packages/airflow/example_dags/example_params_trigger_ui.py for tasks to queue
[2023-12-08T02:44:16.980+0000] {logging_mixin.py:154} INFO - [2023-12-08T02:44:16.980+0000] {dagbag.py:536} INFO - Filling up the DagBag from /home/airflow/.local/lib/python3.8/site-packages/airflow/example_dags/example_params_trigger_ui.py
[2023-12-08T02:44:17.027+0000] {processor.py:839} INFO - DAG(s) dict_keys(['example_params_trigger_ui']) retrieved from /home/airflow/.local/lib/python3.8/site-packages/airflow/example_dags/example_params_trigger_ui.py
[2023-12-08T02:44:17.209+0000] {logging_mixin.py:154} INFO - [2023-12-08T02:44:17.209+0000] {dag.py:2941} INFO - Sync 1 DAGs
[2023-12-08T02:44:17.245+0000] {logging_mixin.py:154} INFO - [2023-12-08T02:44:17.244+0000] {dag.py:3722} INFO - Setting next_dagrun for example_params_trigger_ui to None, run_after=None
[2023-12-08T02:44:17.302+0000] {processor.py:179} INFO - Processing /home/airflow/.local/lib/python3.8/site-packages/airflow/example_dags/example_params_trigger_ui.py took 0.339 seconds
[2023-12-08T02:44:47.583+0000] {processor.py:157} INFO - Started process (PID=623) to work on /home/airflow/.local/lib/python3.8/site-packages/airflow/example_dags/example_params_trigger_ui.py
[2023-12-08T02:44:47.593+0000] {processor.py:829} INFO - Processing file /home/airflow/.local/lib/python3.8/site-packages/airflow/example_dags/example_params_trigger_ui.py for tasks to queue
[2023-12-08T02:44:47.599+0000] {logging_mixin.py:154} INFO - [2023-12-08T02:44:47.598+0000] {dagbag.py:536} INFO - Filling up the DagBag from /home/airflow/.local/lib/python3.8/site-packages/airflow/example_dags/example_params_trigger_ui.py
[2023-12-08T02:44:47.648+0000] {processor.py:839} INFO - DAG(s) dict_keys(['example_params_trigger_ui']) retrieved from /home/airflow/.local/lib/python3.8/site-packages/airflow/example_dags/example_params_trigger_ui.py
[2023-12-08T02:44:47.786+0000] {logging_mixin.py:154} INFO - [2023-12-08T02:44:47.785+0000] {dag.py:2941} INFO - Sync 1 DAGs
[2023-12-08T02:44:47.823+0000] {logging_mixin.py:154} INFO - [2023-12-08T02:44:47.823+0000] {dag.py:3722} INFO - Setting next_dagrun for example_params_trigger_ui to None, run_after=None
[2023-12-08T02:44:47.861+0000] {processor.py:179} INFO - Processing /home/airflow/.local/lib/python3.8/site-packages/airflow/example_dags/example_params_trigger_ui.py took 0.287 seconds
[2023-12-08T02:45:18.315+0000] {processor.py:157} INFO - Started process (PID=677) to work on /home/airflow/.local/lib/python3.8/site-packages/airflow/example_dags/example_params_trigger_ui.py
[2023-12-08T02:45:18.317+0000] {processor.py:829} INFO - Processing file /home/airflow/.local/lib/python3.8/site-packages/airflow/example_dags/example_params_trigger_ui.py for tasks to queue
[2023-12-08T02:45:18.321+0000] {logging_mixin.py:154} INFO - [2023-12-08T02:45:18.320+0000] {dagbag.py:536} INFO - Filling up the DagBag from /home/airflow/.local/lib/python3.8/site-packages/airflow/example_dags/example_params_trigger_ui.py
[2023-12-08T02:45:18.358+0000] {processor.py:839} INFO - DAG(s) dict_keys(['example_params_trigger_ui']) retrieved from /home/airflow/.local/lib/python3.8/site-packages/airflow/example_dags/example_params_trigger_ui.py
[2023-12-08T02:45:18.489+0000] {logging_mixin.py:154} INFO - [2023-12-08T02:45:18.489+0000] {dag.py:2941} INFO - Sync 1 DAGs
[2023-12-08T02:45:18.519+0000] {logging_mixin.py:154} INFO - [2023-12-08T02:45:18.519+0000] {dag.py:3722} INFO - Setting next_dagrun for example_params_trigger_ui to None, run_after=None
[2023-12-08T02:45:18.588+0000] {processor.py:179} INFO - Processing /home/airflow/.local/lib/python3.8/site-packages/airflow/example_dags/example_params_trigger_ui.py took 0.280 seconds
[2023-12-08T02:45:53.354+0000] {processor.py:157} INFO - Started process (PID=736) to work on /home/airflow/.local/lib/python3.8/site-packages/airflow/example_dags/example_params_trigger_ui.py
[2023-12-08T02:45:53.367+0000] {processor.py:829} INFO - Processing file /home/airflow/.local/lib/python3.8/site-packages/airflow/example_dags/example_params_trigger_ui.py for tasks to queue
[2023-12-08T02:45:53.374+0000] {logging_mixin.py:154} INFO - [2023-12-08T02:45:53.374+0000] {dagbag.py:536} INFO - Filling up the DagBag from /home/airflow/.local/lib/python3.8/site-packages/airflow/example_dags/example_params_trigger_ui.py
[2023-12-08T02:45:53.492+0000] {processor.py:839} INFO - DAG(s) dict_keys(['example_params_trigger_ui']) retrieved from /home/airflow/.local/lib/python3.8/site-packages/airflow/example_dags/example_params_trigger_ui.py
[2023-12-08T02:45:53.776+0000] {logging_mixin.py:154} INFO - [2023-12-08T02:45:53.776+0000] {dag.py:2941} INFO - Sync 1 DAGs
[2023-12-08T02:45:53.833+0000] {logging_mixin.py:154} INFO - [2023-12-08T02:45:53.833+0000] {dag.py:3722} INFO - Setting next_dagrun for example_params_trigger_ui to None, run_after=None
[2023-12-08T02:45:53.909+0000] {processor.py:179} INFO - Processing /home/airflow/.local/lib/python3.8/site-packages/airflow/example_dags/example_params_trigger_ui.py took 0.564 seconds
[2023-12-08T02:46:44.779+0000] {processor.py:157} INFO - Started process (PID=800) to work on /home/airflow/.local/lib/python3.8/site-packages/airflow/example_dags/example_params_trigger_ui.py
[2023-12-08T02:46:44.803+0000] {processor.py:829} INFO - Processing file /home/airflow/.local/lib/python3.8/site-packages/airflow/example_dags/example_params_trigger_ui.py for tasks to queue
[2023-12-08T02:46:44.811+0000] {logging_mixin.py:154} INFO - [2023-12-08T02:46:44.810+0000] {dagbag.py:536} INFO - Filling up the DagBag from /home/airflow/.local/lib/python3.8/site-packages/airflow/example_dags/example_params_trigger_ui.py
[2023-12-08T02:46:45.015+0000] {processor.py:839} INFO - DAG(s) dict_keys(['example_params_trigger_ui']) retrieved from /home/airflow/.local/lib/python3.8/site-packages/airflow/example_dags/example_params_trigger_ui.py
[2023-12-08T02:46:45.558+0000] {logging_mixin.py:154} INFO - [2023-12-08T02:46:45.557+0000] {dag.py:2941} INFO - Sync 1 DAGs
[2023-12-08T02:46:45.701+0000] {logging_mixin.py:154} INFO - [2023-12-08T02:46:45.701+0000] {dag.py:3722} INFO - Setting next_dagrun for example_params_trigger_ui to None, run_after=None
[2023-12-08T02:46:45.870+0000] {processor.py:179} INFO - Processing /home/airflow/.local/lib/python3.8/site-packages/airflow/example_dags/example_params_trigger_ui.py took 1.124 seconds
[2023-12-08T02:47:16.153+0000] {processor.py:157} INFO - Started process (PID=854) to work on /home/airflow/.local/lib/python3.8/site-packages/airflow/example_dags/example_params_trigger_ui.py
[2023-12-08T02:47:16.155+0000] {processor.py:829} INFO - Processing file /home/airflow/.local/lib/python3.8/site-packages/airflow/example_dags/example_params_trigger_ui.py for tasks to queue
[2023-12-08T02:47:16.160+0000] {logging_mixin.py:154} INFO - [2023-12-08T02:47:16.159+0000] {dagbag.py:536} INFO - Filling up the DagBag from /home/airflow/.local/lib/python3.8/site-packages/airflow/example_dags/example_params_trigger_ui.py
[2023-12-08T02:47:16.210+0000] {processor.py:839} INFO - DAG(s) dict_keys(['example_params_trigger_ui']) retrieved from /home/airflow/.local/lib/python3.8/site-packages/airflow/example_dags/example_params_trigger_ui.py
[2023-12-08T02:47:16.326+0000] {logging_mixin.py:154} INFO - [2023-12-08T02:47:16.326+0000] {dag.py:2941} INFO - Sync 1 DAGs
[2023-12-08T02:47:16.350+0000] {logging_mixin.py:154} INFO - [2023-12-08T02:47:16.349+0000] {dag.py:3722} INFO - Setting next_dagrun for example_params_trigger_ui to None, run_after=None
[2023-12-08T02:47:16.596+0000] {processor.py:179} INFO - Processing /home/airflow/.local/lib/python3.8/site-packages/airflow/example_dags/example_params_trigger_ui.py took 0.452 seconds
[2023-12-08T02:47:46.760+0000] {processor.py:157} INFO - Started process (PID=908) to work on /home/airflow/.local/lib/python3.8/site-packages/airflow/example_dags/example_params_trigger_ui.py
[2023-12-08T02:47:46.762+0000] {processor.py:829} INFO - Processing file /home/airflow/.local/lib/python3.8/site-packages/airflow/example_dags/example_params_trigger_ui.py for tasks to queue
[2023-12-08T02:47:46.769+0000] {logging_mixin.py:154} INFO - [2023-12-08T02:47:46.768+0000] {dagbag.py:536} INFO - Filling up the DagBag from /home/airflow/.local/lib/python3.8/site-packages/airflow/example_dags/example_params_trigger_ui.py
[2023-12-08T02:47:46.820+0000] {processor.py:839} INFO - DAG(s) dict_keys(['example_params_trigger_ui']) retrieved from /home/airflow/.local/lib/python3.8/site-packages/airflow/example_dags/example_params_trigger_ui.py
[2023-12-08T02:47:46.958+0000] {logging_mixin.py:154} INFO - [2023-12-08T02:47:46.957+0000] {dag.py:2941} INFO - Sync 1 DAGs
[2023-12-08T02:47:46.979+0000] {logging_mixin.py:154} INFO - [2023-12-08T02:47:46.979+0000] {dag.py:3722} INFO - Setting next_dagrun for example_params_trigger_ui to None, run_after=None
[2023-12-08T02:47:47.025+0000] {processor.py:179} INFO - Processing /home/airflow/.local/lib/python3.8/site-packages/airflow/example_dags/example_params_trigger_ui.py took 0.275 seconds
[2023-12-08T02:48:17.104+0000] {processor.py:157} INFO - Started process (PID=962) to work on /home/airflow/.local/lib/python3.8/site-packages/airflow/example_dags/example_params_trigger_ui.py
[2023-12-08T02:48:17.107+0000] {processor.py:829} INFO - Processing file /home/airflow/.local/lib/python3.8/site-packages/airflow/example_dags/example_params_trigger_ui.py for tasks to queue
[2023-12-08T02:48:17.113+0000] {logging_mixin.py:154} INFO - [2023-12-08T02:48:17.112+0000] {dagbag.py:536} INFO - Filling up the DagBag from /home/airflow/.local/lib/python3.8/site-packages/airflow/example_dags/example_params_trigger_ui.py
[2023-12-08T02:48:17.160+0000] {processor.py:839} INFO - DAG(s) dict_keys(['example_params_trigger_ui']) retrieved from /home/airflow/.local/lib/python3.8/site-packages/airflow/example_dags/example_params_trigger_ui.py
[2023-12-08T02:48:17.290+0000] {logging_mixin.py:154} INFO - [2023-12-08T02:48:17.289+0000] {dag.py:2941} INFO - Sync 1 DAGs
[2023-12-08T02:48:17.329+0000] {logging_mixin.py:154} INFO - [2023-12-08T02:48:17.328+0000] {dag.py:3722} INFO - Setting next_dagrun for example_params_trigger_ui to None, run_after=None
[2023-12-08T02:48:17.411+0000] {processor.py:179} INFO - Processing /home/airflow/.local/lib/python3.8/site-packages/airflow/example_dags/example_params_trigger_ui.py took 0.319 seconds
[2023-12-08T02:48:47.496+0000] {processor.py:157} INFO - Started process (PID=1016) to work on /home/airflow/.local/lib/python3.8/site-packages/airflow/example_dags/example_params_trigger_ui.py
[2023-12-08T02:48:47.500+0000] {processor.py:829} INFO - Processing file /home/airflow/.local/lib/python3.8/site-packages/airflow/example_dags/example_params_trigger_ui.py for tasks to queue
[2023-12-08T02:48:47.504+0000] {logging_mixin.py:154} INFO - [2023-12-08T02:48:47.503+0000] {dagbag.py:536} INFO - Filling up the DagBag from /home/airflow/.local/lib/python3.8/site-packages/airflow/example_dags/example_params_trigger_ui.py
[2023-12-08T02:48:47.536+0000] {processor.py:839} INFO - DAG(s) dict_keys(['example_params_trigger_ui']) retrieved from /home/airflow/.local/lib/python3.8/site-packages/airflow/example_dags/example_params_trigger_ui.py
[2023-12-08T02:48:47.645+0000] {logging_mixin.py:154} INFO - [2023-12-08T02:48:47.645+0000] {dag.py:2941} INFO - Sync 1 DAGs
[2023-12-08T02:48:47.671+0000] {logging_mixin.py:154} INFO - [2023-12-08T02:48:47.670+0000] {dag.py:3722} INFO - Setting next_dagrun for example_params_trigger_ui to None, run_after=None
[2023-12-08T02:48:47.717+0000] {processor.py:179} INFO - Processing /home/airflow/.local/lib/python3.8/site-packages/airflow/example_dags/example_params_trigger_ui.py took 0.228 seconds
[2023-12-08T02:49:17.993+0000] {processor.py:157} INFO - Started process (PID=1069) to work on /home/airflow/.local/lib/python3.8/site-packages/airflow/example_dags/example_params_trigger_ui.py
[2023-12-08T02:49:17.996+0000] {processor.py:829} INFO - Processing file /home/airflow/.local/lib/python3.8/site-packages/airflow/example_dags/example_params_trigger_ui.py for tasks to queue
[2023-12-08T02:49:18.000+0000] {logging_mixin.py:154} INFO - [2023-12-08T02:49:17.999+0000] {dagbag.py:536} INFO - Filling up the DagBag from /home/airflow/.local/lib/python3.8/site-packages/airflow/example_dags/example_params_trigger_ui.py
[2023-12-08T02:49:18.041+0000] {processor.py:839} INFO - DAG(s) dict_keys(['example_params_trigger_ui']) retrieved from /home/airflow/.local/lib/python3.8/site-packages/airflow/example_dags/example_params_trigger_ui.py
[2023-12-08T02:49:18.148+0000] {logging_mixin.py:154} INFO - [2023-12-08T02:49:18.148+0000] {dag.py:2941} INFO - Sync 1 DAGs
[2023-12-08T02:49:18.369+0000] {logging_mixin.py:154} INFO - [2023-12-08T02:49:18.368+0000] {dag.py:3722} INFO - Setting next_dagrun for example_params_trigger_ui to None, run_after=None
[2023-12-08T02:49:18.405+0000] {processor.py:179} INFO - Processing /home/airflow/.local/lib/python3.8/site-packages/airflow/example_dags/example_params_trigger_ui.py took 0.420 seconds
[2023-12-08T02:49:49.249+0000] {processor.py:157} INFO - Started process (PID=1123) to work on /home/airflow/.local/lib/python3.8/site-packages/airflow/example_dags/example_params_trigger_ui.py
[2023-12-08T02:49:49.251+0000] {processor.py:829} INFO - Processing file /home/airflow/.local/lib/python3.8/site-packages/airflow/example_dags/example_params_trigger_ui.py for tasks to queue
[2023-12-08T02:49:49.255+0000] {logging_mixin.py:154} INFO - [2023-12-08T02:49:49.254+0000] {dagbag.py:536} INFO - Filling up the DagBag from /home/airflow/.local/lib/python3.8/site-packages/airflow/example_dags/example_params_trigger_ui.py
[2023-12-08T02:49:49.301+0000] {processor.py:839} INFO - DAG(s) dict_keys(['example_params_trigger_ui']) retrieved from /home/airflow/.local/lib/python3.8/site-packages/airflow/example_dags/example_params_trigger_ui.py
[2023-12-08T02:49:49.437+0000] {logging_mixin.py:154} INFO - [2023-12-08T02:49:49.437+0000] {dag.py:2941} INFO - Sync 1 DAGs
[2023-12-08T02:49:49.466+0000] {logging_mixin.py:154} INFO - [2023-12-08T02:49:49.465+0000] {dag.py:3722} INFO - Setting next_dagrun for example_params_trigger_ui to None, run_after=None
[2023-12-08T02:49:49.694+0000] {processor.py:179} INFO - Processing /home/airflow/.local/lib/python3.8/site-packages/airflow/example_dags/example_params_trigger_ui.py took 0.454 seconds
[2023-12-08T02:50:21.029+0000] {processor.py:157} INFO - Started process (PID=1178) to work on /home/airflow/.local/lib/python3.8/site-packages/airflow/example_dags/example_params_trigger_ui.py
[2023-12-08T02:50:21.043+0000] {processor.py:829} INFO - Processing file /home/airflow/.local/lib/python3.8/site-packages/airflow/example_dags/example_params_trigger_ui.py for tasks to queue
[2023-12-08T02:50:21.061+0000] {logging_mixin.py:154} INFO - [2023-12-08T02:50:21.061+0000] {dagbag.py:536} INFO - Filling up the DagBag from /home/airflow/.local/lib/python3.8/site-packages/airflow/example_dags/example_params_trigger_ui.py
[2023-12-08T02:50:21.117+0000] {processor.py:839} INFO - DAG(s) dict_keys(['example_params_trigger_ui']) retrieved from /home/airflow/.local/lib/python3.8/site-packages/airflow/example_dags/example_params_trigger_ui.py
[2023-12-08T02:50:21.404+0000] {logging_mixin.py:154} INFO - [2023-12-08T02:50:21.403+0000] {dag.py:2941} INFO - Sync 1 DAGs
[2023-12-08T02:50:21.481+0000] {logging_mixin.py:154} INFO - [2023-12-08T02:50:21.480+0000] {dag.py:3722} INFO - Setting next_dagrun for example_params_trigger_ui to None, run_after=None
[2023-12-08T02:50:21.531+0000] {processor.py:179} INFO - Processing /home/airflow/.local/lib/python3.8/site-packages/airflow/example_dags/example_params_trigger_ui.py took 0.535 seconds
[2023-12-08T02:50:52.050+0000] {processor.py:157} INFO - Started process (PID=1231) to work on /home/airflow/.local/lib/python3.8/site-packages/airflow/example_dags/example_params_trigger_ui.py
[2023-12-08T02:50:52.052+0000] {processor.py:829} INFO - Processing file /home/airflow/.local/lib/python3.8/site-packages/airflow/example_dags/example_params_trigger_ui.py for tasks to queue
[2023-12-08T02:50:52.061+0000] {logging_mixin.py:154} INFO - [2023-12-08T02:50:52.060+0000] {dagbag.py:536} INFO - Filling up the DagBag from /home/airflow/.local/lib/python3.8/site-packages/airflow/example_dags/example_params_trigger_ui.py
[2023-12-08T02:50:52.115+0000] {processor.py:839} INFO - DAG(s) dict_keys(['example_params_trigger_ui']) retrieved from /home/airflow/.local/lib/python3.8/site-packages/airflow/example_dags/example_params_trigger_ui.py
[2023-12-08T02:50:52.631+0000] {logging_mixin.py:154} INFO - [2023-12-08T02:50:52.631+0000] {dag.py:2941} INFO - Sync 1 DAGs
[2023-12-08T02:50:52.682+0000] {logging_mixin.py:154} INFO - [2023-12-08T02:50:52.682+0000] {dag.py:3722} INFO - Setting next_dagrun for example_params_trigger_ui to None, run_after=None
[2023-12-08T02:50:52.748+0000] {processor.py:179} INFO - Processing /home/airflow/.local/lib/python3.8/site-packages/airflow/example_dags/example_params_trigger_ui.py took 0.706 seconds
[2023-12-08T02:51:23.379+0000] {processor.py:157} INFO - Started process (PID=1285) to work on /home/airflow/.local/lib/python3.8/site-packages/airflow/example_dags/example_params_trigger_ui.py
[2023-12-08T02:51:23.437+0000] {processor.py:829} INFO - Processing file /home/airflow/.local/lib/python3.8/site-packages/airflow/example_dags/example_params_trigger_ui.py for tasks to queue
[2023-12-08T02:51:23.444+0000] {logging_mixin.py:154} INFO - [2023-12-08T02:51:23.443+0000] {dagbag.py:536} INFO - Filling up the DagBag from /home/airflow/.local/lib/python3.8/site-packages/airflow/example_dags/example_params_trigger_ui.py
[2023-12-08T02:51:23.674+0000] {processor.py:839} INFO - DAG(s) dict_keys(['example_params_trigger_ui']) retrieved from /home/airflow/.local/lib/python3.8/site-packages/airflow/example_dags/example_params_trigger_ui.py
[2023-12-08T02:51:24.120+0000] {logging_mixin.py:154} INFO - [2023-12-08T02:51:24.119+0000] {dag.py:2941} INFO - Sync 1 DAGs
[2023-12-08T02:51:24.595+0000] {logging_mixin.py:154} INFO - [2023-12-08T02:51:24.594+0000] {dag.py:3722} INFO - Setting next_dagrun for example_params_trigger_ui to None, run_after=None
[2023-12-08T02:51:24.660+0000] {processor.py:179} INFO - Processing /home/airflow/.local/lib/python3.8/site-packages/airflow/example_dags/example_params_trigger_ui.py took 1.293 seconds
[2023-12-08T02:51:54.829+0000] {processor.py:157} INFO - Started process (PID=1339) to work on /home/airflow/.local/lib/python3.8/site-packages/airflow/example_dags/example_params_trigger_ui.py
[2023-12-08T02:51:54.870+0000] {processor.py:829} INFO - Processing file /home/airflow/.local/lib/python3.8/site-packages/airflow/example_dags/example_params_trigger_ui.py for tasks to queue
[2023-12-08T02:51:54.890+0000] {logging_mixin.py:154} INFO - [2023-12-08T02:51:54.889+0000] {dagbag.py:536} INFO - Filling up the DagBag from /home/airflow/.local/lib/python3.8/site-packages/airflow/example_dags/example_params_trigger_ui.py
[2023-12-08T02:51:55.146+0000] {processor.py:839} INFO - DAG(s) dict_keys(['example_params_trigger_ui']) retrieved from /home/airflow/.local/lib/python3.8/site-packages/airflow/example_dags/example_params_trigger_ui.py
[2023-12-08T02:51:55.671+0000] {logging_mixin.py:154} INFO - [2023-12-08T02:51:55.670+0000] {dag.py:2941} INFO - Sync 1 DAGs
[2023-12-08T02:51:55.816+0000] {logging_mixin.py:154} INFO - [2023-12-08T02:51:55.815+0000] {dag.py:3722} INFO - Setting next_dagrun for example_params_trigger_ui to None, run_after=None
[2023-12-08T02:51:55.964+0000] {processor.py:179} INFO - Processing /home/airflow/.local/lib/python3.8/site-packages/airflow/example_dags/example_params_trigger_ui.py took 1.166 seconds
[2023-12-08T02:52:26.452+0000] {processor.py:157} INFO - Started process (PID=1392) to work on /home/airflow/.local/lib/python3.8/site-packages/airflow/example_dags/example_params_trigger_ui.py
[2023-12-08T02:52:26.456+0000] {processor.py:829} INFO - Processing file /home/airflow/.local/lib/python3.8/site-packages/airflow/example_dags/example_params_trigger_ui.py for tasks to queue
[2023-12-08T02:52:26.460+0000] {logging_mixin.py:154} INFO - [2023-12-08T02:52:26.460+0000] {dagbag.py:536} INFO - Filling up the DagBag from /home/airflow/.local/lib/python3.8/site-packages/airflow/example_dags/example_params_trigger_ui.py
[2023-12-08T02:52:26.518+0000] {processor.py:839} INFO - DAG(s) dict_keys(['example_params_trigger_ui']) retrieved from /home/airflow/.local/lib/python3.8/site-packages/airflow/example_dags/example_params_trigger_ui.py
[2023-12-08T02:52:26.658+0000] {logging_mixin.py:154} INFO - [2023-12-08T02:52:26.658+0000] {dag.py:2941} INFO - Sync 1 DAGs
[2023-12-08T02:52:26.690+0000] {logging_mixin.py:154} INFO - [2023-12-08T02:52:26.690+0000] {dag.py:3722} INFO - Setting next_dagrun for example_params_trigger_ui to None, run_after=None
[2023-12-08T02:52:26.737+0000] {processor.py:179} INFO - Processing /home/airflow/.local/lib/python3.8/site-packages/airflow/example_dags/example_params_trigger_ui.py took 0.292 seconds
[2023-12-08T02:52:56.900+0000] {processor.py:157} INFO - Started process (PID=1446) to work on /home/airflow/.local/lib/python3.8/site-packages/airflow/example_dags/example_params_trigger_ui.py
[2023-12-08T02:52:56.902+0000] {processor.py:829} INFO - Processing file /home/airflow/.local/lib/python3.8/site-packages/airflow/example_dags/example_params_trigger_ui.py for tasks to queue
[2023-12-08T02:52:56.908+0000] {logging_mixin.py:154} INFO - [2023-12-08T02:52:56.908+0000] {dagbag.py:536} INFO - Filling up the DagBag from /home/airflow/.local/lib/python3.8/site-packages/airflow/example_dags/example_params_trigger_ui.py
[2023-12-08T02:52:56.954+0000] {processor.py:839} INFO - DAG(s) dict_keys(['example_params_trigger_ui']) retrieved from /home/airflow/.local/lib/python3.8/site-packages/airflow/example_dags/example_params_trigger_ui.py
[2023-12-08T02:52:57.103+0000] {logging_mixin.py:154} INFO - [2023-12-08T02:52:57.103+0000] {dag.py:2941} INFO - Sync 1 DAGs
[2023-12-08T02:52:57.138+0000] {logging_mixin.py:154} INFO - [2023-12-08T02:52:57.138+0000] {dag.py:3722} INFO - Setting next_dagrun for example_params_trigger_ui to None, run_after=None
[2023-12-08T02:52:57.181+0000] {processor.py:179} INFO - Processing /home/airflow/.local/lib/python3.8/site-packages/airflow/example_dags/example_params_trigger_ui.py took 0.287 seconds
[2023-12-08T02:53:27.664+0000] {processor.py:157} INFO - Started process (PID=1501) to work on /home/airflow/.local/lib/python3.8/site-packages/airflow/example_dags/example_params_trigger_ui.py
[2023-12-08T02:53:27.667+0000] {processor.py:829} INFO - Processing file /home/airflow/.local/lib/python3.8/site-packages/airflow/example_dags/example_params_trigger_ui.py for tasks to queue
[2023-12-08T02:53:27.671+0000] {logging_mixin.py:154} INFO - [2023-12-08T02:53:27.670+0000] {dagbag.py:536} INFO - Filling up the DagBag from /home/airflow/.local/lib/python3.8/site-packages/airflow/example_dags/example_params_trigger_ui.py
[2023-12-08T02:53:27.719+0000] {processor.py:839} INFO - DAG(s) dict_keys(['example_params_trigger_ui']) retrieved from /home/airflow/.local/lib/python3.8/site-packages/airflow/example_dags/example_params_trigger_ui.py
[2023-12-08T02:53:27.864+0000] {logging_mixin.py:154} INFO - [2023-12-08T02:53:27.864+0000] {dag.py:2941} INFO - Sync 1 DAGs
[2023-12-08T02:53:27.891+0000] {logging_mixin.py:154} INFO - [2023-12-08T02:53:27.891+0000] {dag.py:3722} INFO - Setting next_dagrun for example_params_trigger_ui to None, run_after=None
[2023-12-08T02:53:27.941+0000] {processor.py:179} INFO - Processing /home/airflow/.local/lib/python3.8/site-packages/airflow/example_dags/example_params_trigger_ui.py took 0.286 seconds
[2023-12-08T02:53:58.075+0000] {processor.py:157} INFO - Started process (PID=1554) to work on /home/airflow/.local/lib/python3.8/site-packages/airflow/example_dags/example_params_trigger_ui.py
[2023-12-08T02:53:58.078+0000] {processor.py:829} INFO - Processing file /home/airflow/.local/lib/python3.8/site-packages/airflow/example_dags/example_params_trigger_ui.py for tasks to queue
[2023-12-08T02:53:58.082+0000] {logging_mixin.py:154} INFO - [2023-12-08T02:53:58.082+0000] {dagbag.py:536} INFO - Filling up the DagBag from /home/airflow/.local/lib/python3.8/site-packages/airflow/example_dags/example_params_trigger_ui.py
[2023-12-08T02:53:58.123+0000] {processor.py:839} INFO - DAG(s) dict_keys(['example_params_trigger_ui']) retrieved from /home/airflow/.local/lib/python3.8/site-packages/airflow/example_dags/example_params_trigger_ui.py
[2023-12-08T02:53:58.261+0000] {logging_mixin.py:154} INFO - [2023-12-08T02:53:58.261+0000] {dag.py:2941} INFO - Sync 1 DAGs
[2023-12-08T02:53:58.297+0000] {logging_mixin.py:154} INFO - [2023-12-08T02:53:58.296+0000] {dag.py:3722} INFO - Setting next_dagrun for example_params_trigger_ui to None, run_after=None
[2023-12-08T02:53:58.344+0000] {processor.py:179} INFO - Processing /home/airflow/.local/lib/python3.8/site-packages/airflow/example_dags/example_params_trigger_ui.py took 0.279 seconds
[2023-12-08T02:54:29.002+0000] {processor.py:157} INFO - Started process (PID=1614) to work on /home/airflow/.local/lib/python3.8/site-packages/airflow/example_dags/example_params_trigger_ui.py
[2023-12-08T02:54:29.008+0000] {processor.py:829} INFO - Processing file /home/airflow/.local/lib/python3.8/site-packages/airflow/example_dags/example_params_trigger_ui.py for tasks to queue
[2023-12-08T02:54:29.015+0000] {logging_mixin.py:154} INFO - [2023-12-08T02:54:29.015+0000] {dagbag.py:536} INFO - Filling up the DagBag from /home/airflow/.local/lib/python3.8/site-packages/airflow/example_dags/example_params_trigger_ui.py
[2023-12-08T02:54:29.091+0000] {processor.py:839} INFO - DAG(s) dict_keys(['example_params_trigger_ui']) retrieved from /home/airflow/.local/lib/python3.8/site-packages/airflow/example_dags/example_params_trigger_ui.py
[2023-12-08T02:54:29.424+0000] {logging_mixin.py:154} INFO - [2023-12-08T02:54:29.423+0000] {dag.py:2941} INFO - Sync 1 DAGs
[2023-12-08T02:54:29.561+0000] {logging_mixin.py:154} INFO - [2023-12-08T02:54:29.561+0000] {dag.py:3722} INFO - Setting next_dagrun for example_params_trigger_ui to None, run_after=None
[2023-12-08T02:54:29.729+0000] {processor.py:179} INFO - Processing /home/airflow/.local/lib/python3.8/site-packages/airflow/example_dags/example_params_trigger_ui.py took 0.740 seconds
[2023-12-08T02:54:59.838+0000] {processor.py:157} INFO - Started process (PID=1668) to work on /home/airflow/.local/lib/python3.8/site-packages/airflow/example_dags/example_params_trigger_ui.py
[2023-12-08T02:54:59.840+0000] {processor.py:829} INFO - Processing file /home/airflow/.local/lib/python3.8/site-packages/airflow/example_dags/example_params_trigger_ui.py for tasks to queue
[2023-12-08T02:54:59.844+0000] {logging_mixin.py:154} INFO - [2023-12-08T02:54:59.844+0000] {dagbag.py:536} INFO - Filling up the DagBag from /home/airflow/.local/lib/python3.8/site-packages/airflow/example_dags/example_params_trigger_ui.py
[2023-12-08T02:54:59.878+0000] {processor.py:839} INFO - DAG(s) dict_keys(['example_params_trigger_ui']) retrieved from /home/airflow/.local/lib/python3.8/site-packages/airflow/example_dags/example_params_trigger_ui.py
[2023-12-08T02:54:59.986+0000] {logging_mixin.py:154} INFO - [2023-12-08T02:54:59.986+0000] {dag.py:2941} INFO - Sync 1 DAGs
[2023-12-08T02:55:00.013+0000] {logging_mixin.py:154} INFO - [2023-12-08T02:55:00.012+0000] {dag.py:3722} INFO - Setting next_dagrun for example_params_trigger_ui to None, run_after=None
[2023-12-08T02:55:00.073+0000] {processor.py:179} INFO - Processing /home/airflow/.local/lib/python3.8/site-packages/airflow/example_dags/example_params_trigger_ui.py took 0.244 seconds
[2023-12-08T02:55:30.207+0000] {processor.py:157} INFO - Started process (PID=1723) to work on /home/airflow/.local/lib/python3.8/site-packages/airflow/example_dags/example_params_trigger_ui.py
[2023-12-08T02:55:30.208+0000] {processor.py:829} INFO - Processing file /home/airflow/.local/lib/python3.8/site-packages/airflow/example_dags/example_params_trigger_ui.py for tasks to queue
[2023-12-08T02:55:30.214+0000] {logging_mixin.py:154} INFO - [2023-12-08T02:55:30.213+0000] {dagbag.py:536} INFO - Filling up the DagBag from /home/airflow/.local/lib/python3.8/site-packages/airflow/example_dags/example_params_trigger_ui.py
[2023-12-08T02:55:30.260+0000] {processor.py:839} INFO - DAG(s) dict_keys(['example_params_trigger_ui']) retrieved from /home/airflow/.local/lib/python3.8/site-packages/airflow/example_dags/example_params_trigger_ui.py
[2023-12-08T02:55:30.379+0000] {logging_mixin.py:154} INFO - [2023-12-08T02:55:30.378+0000] {dag.py:2941} INFO - Sync 1 DAGs
[2023-12-08T02:55:30.416+0000] {logging_mixin.py:154} INFO - [2023-12-08T02:55:30.415+0000] {dag.py:3722} INFO - Setting next_dagrun for example_params_trigger_ui to None, run_after=None
[2023-12-08T02:55:30.824+0000] {processor.py:179} INFO - Processing /home/airflow/.local/lib/python3.8/site-packages/airflow/example_dags/example_params_trigger_ui.py took 0.625 seconds
[2023-12-08T02:56:01.138+0000] {processor.py:157} INFO - Started process (PID=1777) to work on /home/airflow/.local/lib/python3.8/site-packages/airflow/example_dags/example_params_trigger_ui.py
[2023-12-08T02:56:01.143+0000] {processor.py:829} INFO - Processing file /home/airflow/.local/lib/python3.8/site-packages/airflow/example_dags/example_params_trigger_ui.py for tasks to queue
[2023-12-08T02:56:01.149+0000] {logging_mixin.py:154} INFO - [2023-12-08T02:56:01.149+0000] {dagbag.py:536} INFO - Filling up the DagBag from /home/airflow/.local/lib/python3.8/site-packages/airflow/example_dags/example_params_trigger_ui.py
[2023-12-08T02:56:01.197+0000] {processor.py:839} INFO - DAG(s) dict_keys(['example_params_trigger_ui']) retrieved from /home/airflow/.local/lib/python3.8/site-packages/airflow/example_dags/example_params_trigger_ui.py
[2023-12-08T02:56:01.326+0000] {logging_mixin.py:154} INFO - [2023-12-08T02:56:01.326+0000] {dag.py:2941} INFO - Sync 1 DAGs
[2023-12-08T02:56:01.359+0000] {logging_mixin.py:154} INFO - [2023-12-08T02:56:01.359+0000] {dag.py:3722} INFO - Setting next_dagrun for example_params_trigger_ui to None, run_after=None
[2023-12-08T02:56:01.396+0000] {processor.py:179} INFO - Processing /home/airflow/.local/lib/python3.8/site-packages/airflow/example_dags/example_params_trigger_ui.py took 0.271 seconds
[2023-12-08T02:56:31.624+0000] {processor.py:157} INFO - Started process (PID=1831) to work on /home/airflow/.local/lib/python3.8/site-packages/airflow/example_dags/example_params_trigger_ui.py
[2023-12-08T02:56:31.626+0000] {processor.py:829} INFO - Processing file /home/airflow/.local/lib/python3.8/site-packages/airflow/example_dags/example_params_trigger_ui.py for tasks to queue
[2023-12-08T02:56:31.631+0000] {logging_mixin.py:154} INFO - [2023-12-08T02:56:31.631+0000] {dagbag.py:536} INFO - Filling up the DagBag from /home/airflow/.local/lib/python3.8/site-packages/airflow/example_dags/example_params_trigger_ui.py
[2023-12-08T02:56:31.675+0000] {processor.py:839} INFO - DAG(s) dict_keys(['example_params_trigger_ui']) retrieved from /home/airflow/.local/lib/python3.8/site-packages/airflow/example_dags/example_params_trigger_ui.py
[2023-12-08T02:56:31.820+0000] {logging_mixin.py:154} INFO - [2023-12-08T02:56:31.819+0000] {dag.py:2941} INFO - Sync 1 DAGs
[2023-12-08T02:56:31.850+0000] {logging_mixin.py:154} INFO - [2023-12-08T02:56:31.850+0000] {dag.py:3722} INFO - Setting next_dagrun for example_params_trigger_ui to None, run_after=None
[2023-12-08T02:56:31.886+0000] {processor.py:179} INFO - Processing /home/airflow/.local/lib/python3.8/site-packages/airflow/example_dags/example_params_trigger_ui.py took 0.270 seconds
[2023-12-08T02:57:02.037+0000] {processor.py:157} INFO - Started process (PID=1886) to work on /home/airflow/.local/lib/python3.8/site-packages/airflow/example_dags/example_params_trigger_ui.py
[2023-12-08T02:57:02.038+0000] {processor.py:829} INFO - Processing file /home/airflow/.local/lib/python3.8/site-packages/airflow/example_dags/example_params_trigger_ui.py for tasks to queue
[2023-12-08T02:57:02.043+0000] {logging_mixin.py:154} INFO - [2023-12-08T02:57:02.042+0000] {dagbag.py:536} INFO - Filling up the DagBag from /home/airflow/.local/lib/python3.8/site-packages/airflow/example_dags/example_params_trigger_ui.py
[2023-12-08T02:57:02.092+0000] {processor.py:839} INFO - DAG(s) dict_keys(['example_params_trigger_ui']) retrieved from /home/airflow/.local/lib/python3.8/site-packages/airflow/example_dags/example_params_trigger_ui.py
[2023-12-08T02:57:02.215+0000] {logging_mixin.py:154} INFO - [2023-12-08T02:57:02.215+0000] {dag.py:2941} INFO - Sync 1 DAGs
[2023-12-08T02:57:02.247+0000] {logging_mixin.py:154} INFO - [2023-12-08T02:57:02.246+0000] {dag.py:3722} INFO - Setting next_dagrun for example_params_trigger_ui to None, run_after=None
[2023-12-08T02:57:02.284+0000] {processor.py:179} INFO - Processing /home/airflow/.local/lib/python3.8/site-packages/airflow/example_dags/example_params_trigger_ui.py took 0.256 seconds
