[2023-12-08T02:39:12.394+0000] {processor.py:157} INFO - Started process (PID=44) to work on /home/airflow/.local/lib/python3.8/site-packages/airflow/example_dags/example_setup_teardown_taskflow.py
[2023-12-08T02:39:12.396+0000] {processor.py:829} INFO - Processing file /home/airflow/.local/lib/python3.8/site-packages/airflow/example_dags/example_setup_teardown_taskflow.py for tasks to queue
[2023-12-08T02:39:12.402+0000] {logging_mixin.py:154} INFO - [2023-12-08T02:39:12.401+0000] {dagbag.py:536} INFO - Filling up the DagBag from /home/airflow/.local/lib/python3.8/site-packages/airflow/example_dags/example_setup_teardown_taskflow.py
[2023-12-08T02:39:12.450+0000] {processor.py:839} INFO - DAG(s) dict_keys(['example_setup_teardown_taskflow']) retrieved from /home/airflow/.local/lib/python3.8/site-packages/airflow/example_dags/example_setup_teardown_taskflow.py
[2023-12-08T02:39:12.727+0000] {logging_mixin.py:154} INFO - [2023-12-08T02:39:12.726+0000] {dag.py:2941} INFO - Sync 1 DAGs
[2023-12-08T02:39:12.786+0000] {logging_mixin.py:154} INFO - [2023-12-08T02:39:12.785+0000] {dag.py:3722} INFO - Setting next_dagrun for example_setup_teardown_taskflow to 2023-12-07T02:39:12.784983+00:00, run_after=2023-12-08T02:39:12.784983+00:00
[2023-12-08T02:39:12.880+0000] {processor.py:179} INFO - Processing /home/airflow/.local/lib/python3.8/site-packages/airflow/example_dags/example_setup_teardown_taskflow.py took 0.495 seconds
[2023-12-08T02:39:43.227+0000] {processor.py:157} INFO - Started process (PID=98) to work on /home/airflow/.local/lib/python3.8/site-packages/airflow/example_dags/example_setup_teardown_taskflow.py
[2023-12-08T02:39:43.250+0000] {processor.py:829} INFO - Processing file /home/airflow/.local/lib/python3.8/site-packages/airflow/example_dags/example_setup_teardown_taskflow.py for tasks to queue
[2023-12-08T02:39:43.259+0000] {logging_mixin.py:154} INFO - [2023-12-08T02:39:43.259+0000] {dagbag.py:536} INFO - Filling up the DagBag from /home/airflow/.local/lib/python3.8/site-packages/airflow/example_dags/example_setup_teardown_taskflow.py
[2023-12-08T02:39:43.402+0000] {processor.py:839} INFO - DAG(s) dict_keys(['example_setup_teardown_taskflow']) retrieved from /home/airflow/.local/lib/python3.8/site-packages/airflow/example_dags/example_setup_teardown_taskflow.py
[2023-12-08T02:39:43.794+0000] {logging_mixin.py:154} INFO - [2023-12-08T02:39:43.794+0000] {dag.py:2941} INFO - Sync 1 DAGs
[2023-12-08T02:39:43.946+0000] {logging_mixin.py:154} INFO - [2023-12-08T02:39:43.945+0000] {dag.py:3722} INFO - Setting next_dagrun for example_setup_teardown_taskflow to 2023-12-07T02:39:43.944580+00:00, run_after=2023-12-08T02:39:43.944580+00:00
[2023-12-08T02:39:44.067+0000] {processor.py:179} INFO - Processing /home/airflow/.local/lib/python3.8/site-packages/airflow/example_dags/example_setup_teardown_taskflow.py took 0.850 seconds
[2023-12-08T02:40:14.477+0000] {processor.py:157} INFO - Started process (PID=159) to work on /home/airflow/.local/lib/python3.8/site-packages/airflow/example_dags/example_setup_teardown_taskflow.py
[2023-12-08T02:40:14.496+0000] {processor.py:829} INFO - Processing file /home/airflow/.local/lib/python3.8/site-packages/airflow/example_dags/example_setup_teardown_taskflow.py for tasks to queue
[2023-12-08T02:40:14.514+0000] {logging_mixin.py:154} INFO - [2023-12-08T02:40:14.504+0000] {dagbag.py:536} INFO - Filling up the DagBag from /home/airflow/.local/lib/python3.8/site-packages/airflow/example_dags/example_setup_teardown_taskflow.py
[2023-12-08T02:40:14.598+0000] {processor.py:839} INFO - DAG(s) dict_keys(['example_setup_teardown_taskflow']) retrieved from /home/airflow/.local/lib/python3.8/site-packages/airflow/example_dags/example_setup_teardown_taskflow.py
[2023-12-08T02:40:14.783+0000] {logging_mixin.py:154} INFO - [2023-12-08T02:40:14.783+0000] {dag.py:2941} INFO - Sync 1 DAGs
[2023-12-08T02:40:15.028+0000] {logging_mixin.py:154} INFO - [2023-12-08T02:40:15.027+0000] {dag.py:3722} INFO - Setting next_dagrun for example_setup_teardown_taskflow to 2023-12-07T02:40:15.014563+00:00, run_after=2023-12-08T02:40:15.014563+00:00
[2023-12-08T02:40:15.168+0000] {processor.py:179} INFO - Processing /home/airflow/.local/lib/python3.8/site-packages/airflow/example_dags/example_setup_teardown_taskflow.py took 0.723 seconds
[2023-12-08T02:40:45.477+0000] {processor.py:157} INFO - Started process (PID=213) to work on /home/airflow/.local/lib/python3.8/site-packages/airflow/example_dags/example_setup_teardown_taskflow.py
[2023-12-08T02:40:45.479+0000] {processor.py:829} INFO - Processing file /home/airflow/.local/lib/python3.8/site-packages/airflow/example_dags/example_setup_teardown_taskflow.py for tasks to queue
[2023-12-08T02:40:45.483+0000] {logging_mixin.py:154} INFO - [2023-12-08T02:40:45.483+0000] {dagbag.py:536} INFO - Filling up the DagBag from /home/airflow/.local/lib/python3.8/site-packages/airflow/example_dags/example_setup_teardown_taskflow.py
[2023-12-08T02:40:45.514+0000] {processor.py:839} INFO - DAG(s) dict_keys(['example_setup_teardown_taskflow']) retrieved from /home/airflow/.local/lib/python3.8/site-packages/airflow/example_dags/example_setup_teardown_taskflow.py
[2023-12-08T02:40:45.621+0000] {logging_mixin.py:154} INFO - [2023-12-08T02:40:45.620+0000] {dag.py:2941} INFO - Sync 1 DAGs
[2023-12-08T02:40:45.741+0000] {logging_mixin.py:154} INFO - [2023-12-08T02:40:45.740+0000] {dag.py:3722} INFO - Setting next_dagrun for example_setup_teardown_taskflow to 2023-12-07T02:40:45.739449+00:00, run_after=2023-12-08T02:40:45.739449+00:00
[2023-12-08T02:40:45.819+0000] {processor.py:179} INFO - Processing /home/airflow/.local/lib/python3.8/site-packages/airflow/example_dags/example_setup_teardown_taskflow.py took 0.354 seconds
[2023-12-08T02:41:16.169+0000] {processor.py:157} INFO - Started process (PID=265) to work on /home/airflow/.local/lib/python3.8/site-packages/airflow/example_dags/example_setup_teardown_taskflow.py
[2023-12-08T02:41:16.196+0000] {processor.py:829} INFO - Processing file /home/airflow/.local/lib/python3.8/site-packages/airflow/example_dags/example_setup_teardown_taskflow.py for tasks to queue
[2023-12-08T02:41:16.214+0000] {logging_mixin.py:154} INFO - [2023-12-08T02:41:16.213+0000] {dagbag.py:536} INFO - Filling up the DagBag from /home/airflow/.local/lib/python3.8/site-packages/airflow/example_dags/example_setup_teardown_taskflow.py
[2023-12-08T02:41:16.310+0000] {processor.py:839} INFO - DAG(s) dict_keys(['example_setup_teardown_taskflow']) retrieved from /home/airflow/.local/lib/python3.8/site-packages/airflow/example_dags/example_setup_teardown_taskflow.py
[2023-12-08T02:41:16.536+0000] {logging_mixin.py:154} INFO - [2023-12-08T02:41:16.535+0000] {dag.py:2941} INFO - Sync 1 DAGs
[2023-12-08T02:41:16.755+0000] {logging_mixin.py:154} INFO - [2023-12-08T02:41:16.754+0000] {dag.py:3722} INFO - Setting next_dagrun for example_setup_teardown_taskflow to 2023-12-07T02:41:16.753523+00:00, run_after=2023-12-08T02:41:16.753523+00:00
[2023-12-08T02:41:16.909+0000] {processor.py:179} INFO - Processing /home/airflow/.local/lib/python3.8/site-packages/airflow/example_dags/example_setup_teardown_taskflow.py took 0.770 seconds
[2023-12-08T02:41:47.899+0000] {processor.py:157} INFO - Started process (PID=320) to work on /home/airflow/.local/lib/python3.8/site-packages/airflow/example_dags/example_setup_teardown_taskflow.py
[2023-12-08T02:41:47.911+0000] {processor.py:829} INFO - Processing file /home/airflow/.local/lib/python3.8/site-packages/airflow/example_dags/example_setup_teardown_taskflow.py for tasks to queue
[2023-12-08T02:41:47.919+0000] {logging_mixin.py:154} INFO - [2023-12-08T02:41:47.919+0000] {dagbag.py:536} INFO - Filling up the DagBag from /home/airflow/.local/lib/python3.8/site-packages/airflow/example_dags/example_setup_teardown_taskflow.py
[2023-12-08T02:41:48.028+0000] {processor.py:839} INFO - DAG(s) dict_keys(['example_setup_teardown_taskflow']) retrieved from /home/airflow/.local/lib/python3.8/site-packages/airflow/example_dags/example_setup_teardown_taskflow.py
[2023-12-08T02:41:48.247+0000] {logging_mixin.py:154} INFO - [2023-12-08T02:41:48.246+0000] {dag.py:2941} INFO - Sync 1 DAGs
[2023-12-08T02:41:48.474+0000] {logging_mixin.py:154} INFO - [2023-12-08T02:41:48.463+0000] {dag.py:3722} INFO - Setting next_dagrun for example_setup_teardown_taskflow to 2023-12-07T02:41:48.462773+00:00, run_after=2023-12-08T02:41:48.462773+00:00
[2023-12-08T02:41:48.630+0000] {processor.py:179} INFO - Processing /home/airflow/.local/lib/python3.8/site-packages/airflow/example_dags/example_setup_teardown_taskflow.py took 0.762 seconds
[2023-12-08T02:42:18.964+0000] {processor.py:157} INFO - Started process (PID=374) to work on /home/airflow/.local/lib/python3.8/site-packages/airflow/example_dags/example_setup_teardown_taskflow.py
[2023-12-08T02:42:18.966+0000] {processor.py:829} INFO - Processing file /home/airflow/.local/lib/python3.8/site-packages/airflow/example_dags/example_setup_teardown_taskflow.py for tasks to queue
[2023-12-08T02:42:19.005+0000] {logging_mixin.py:154} INFO - [2023-12-08T02:42:19.004+0000] {dagbag.py:536} INFO - Filling up the DagBag from /home/airflow/.local/lib/python3.8/site-packages/airflow/example_dags/example_setup_teardown_taskflow.py
[2023-12-08T02:42:19.135+0000] {processor.py:839} INFO - DAG(s) dict_keys(['example_setup_teardown_taskflow']) retrieved from /home/airflow/.local/lib/python3.8/site-packages/airflow/example_dags/example_setup_teardown_taskflow.py
[2023-12-08T02:42:19.447+0000] {logging_mixin.py:154} INFO - [2023-12-08T02:42:19.447+0000] {dag.py:2941} INFO - Sync 1 DAGs
[2023-12-08T02:42:19.678+0000] {logging_mixin.py:154} INFO - [2023-12-08T02:42:19.678+0000] {dag.py:3722} INFO - Setting next_dagrun for example_setup_teardown_taskflow to 2023-12-07T02:42:19.677469+00:00, run_after=2023-12-08T02:42:19.677469+00:00
[2023-12-08T02:42:19.798+0000] {processor.py:179} INFO - Processing /home/airflow/.local/lib/python3.8/site-packages/airflow/example_dags/example_setup_teardown_taskflow.py took 0.893 seconds
[2023-12-08T02:42:50.080+0000] {processor.py:157} INFO - Started process (PID=428) to work on /home/airflow/.local/lib/python3.8/site-packages/airflow/example_dags/example_setup_teardown_taskflow.py
[2023-12-08T02:42:50.085+0000] {processor.py:829} INFO - Processing file /home/airflow/.local/lib/python3.8/site-packages/airflow/example_dags/example_setup_teardown_taskflow.py for tasks to queue
[2023-12-08T02:42:50.101+0000] {logging_mixin.py:154} INFO - [2023-12-08T02:42:50.100+0000] {dagbag.py:536} INFO - Filling up the DagBag from /home/airflow/.local/lib/python3.8/site-packages/airflow/example_dags/example_setup_teardown_taskflow.py
[2023-12-08T02:42:50.197+0000] {processor.py:839} INFO - DAG(s) dict_keys(['example_setup_teardown_taskflow']) retrieved from /home/airflow/.local/lib/python3.8/site-packages/airflow/example_dags/example_setup_teardown_taskflow.py
[2023-12-08T02:42:50.422+0000] {logging_mixin.py:154} INFO - [2023-12-08T02:42:50.422+0000] {dag.py:2941} INFO - Sync 1 DAGs
[2023-12-08T02:42:50.616+0000] {logging_mixin.py:154} INFO - [2023-12-08T02:42:50.616+0000] {dag.py:3722} INFO - Setting next_dagrun for example_setup_teardown_taskflow to 2023-12-07T02:42:50.615616+00:00, run_after=2023-12-08T02:42:50.615616+00:00
[2023-12-08T02:42:50.733+0000] {processor.py:179} INFO - Processing /home/airflow/.local/lib/python3.8/site-packages/airflow/example_dags/example_setup_teardown_taskflow.py took 0.686 seconds
[2023-12-08T02:43:21.217+0000] {processor.py:157} INFO - Started process (PID=483) to work on /home/airflow/.local/lib/python3.8/site-packages/airflow/example_dags/example_setup_teardown_taskflow.py
[2023-12-08T02:43:21.219+0000] {processor.py:829} INFO - Processing file /home/airflow/.local/lib/python3.8/site-packages/airflow/example_dags/example_setup_teardown_taskflow.py for tasks to queue
[2023-12-08T02:43:21.236+0000] {logging_mixin.py:154} INFO - [2023-12-08T02:43:21.235+0000] {dagbag.py:536} INFO - Filling up the DagBag from /home/airflow/.local/lib/python3.8/site-packages/airflow/example_dags/example_setup_teardown_taskflow.py
[2023-12-08T02:43:21.297+0000] {processor.py:839} INFO - DAG(s) dict_keys(['example_setup_teardown_taskflow']) retrieved from /home/airflow/.local/lib/python3.8/site-packages/airflow/example_dags/example_setup_teardown_taskflow.py
[2023-12-08T02:43:21.409+0000] {logging_mixin.py:154} INFO - [2023-12-08T02:43:21.408+0000] {dag.py:2941} INFO - Sync 1 DAGs
[2023-12-08T02:43:21.588+0000] {logging_mixin.py:154} INFO - [2023-12-08T02:43:21.588+0000] {dag.py:3722} INFO - Setting next_dagrun for example_setup_teardown_taskflow to 2023-12-07T02:43:21.587446+00:00, run_after=2023-12-08T02:43:21.587446+00:00
[2023-12-08T02:43:21.740+0000] {processor.py:179} INFO - Processing /home/airflow/.local/lib/python3.8/site-packages/airflow/example_dags/example_setup_teardown_taskflow.py took 0.543 seconds
[2023-12-08T02:43:52.213+0000] {processor.py:157} INFO - Started process (PID=537) to work on /home/airflow/.local/lib/python3.8/site-packages/airflow/example_dags/example_setup_teardown_taskflow.py
[2023-12-08T02:43:52.227+0000] {processor.py:829} INFO - Processing file /home/airflow/.local/lib/python3.8/site-packages/airflow/example_dags/example_setup_teardown_taskflow.py for tasks to queue
[2023-12-08T02:43:52.235+0000] {logging_mixin.py:154} INFO - [2023-12-08T02:43:52.234+0000] {dagbag.py:536} INFO - Filling up the DagBag from /home/airflow/.local/lib/python3.8/site-packages/airflow/example_dags/example_setup_teardown_taskflow.py
[2023-12-08T02:43:52.309+0000] {processor.py:839} INFO - DAG(s) dict_keys(['example_setup_teardown_taskflow']) retrieved from /home/airflow/.local/lib/python3.8/site-packages/airflow/example_dags/example_setup_teardown_taskflow.py
[2023-12-08T02:43:52.380+0000] {logging_mixin.py:154} INFO - [2023-12-08T02:43:52.379+0000] {dag.py:2941} INFO - Sync 1 DAGs
[2023-12-08T02:43:52.435+0000] {logging_mixin.py:154} INFO - [2023-12-08T02:43:52.434+0000] {dag.py:3722} INFO - Setting next_dagrun for example_setup_teardown_taskflow to 2023-12-07T02:43:52.433959+00:00, run_after=2023-12-08T02:43:52.433959+00:00
[2023-12-08T02:43:52.479+0000] {processor.py:179} INFO - Processing /home/airflow/.local/lib/python3.8/site-packages/airflow/example_dags/example_setup_teardown_taskflow.py took 0.285 seconds
[2023-12-08T02:44:22.563+0000] {processor.py:157} INFO - Started process (PID=592) to work on /home/airflow/.local/lib/python3.8/site-packages/airflow/example_dags/example_setup_teardown_taskflow.py
[2023-12-08T02:44:22.565+0000] {processor.py:829} INFO - Processing file /home/airflow/.local/lib/python3.8/site-packages/airflow/example_dags/example_setup_teardown_taskflow.py for tasks to queue
[2023-12-08T02:44:22.569+0000] {logging_mixin.py:154} INFO - [2023-12-08T02:44:22.568+0000] {dagbag.py:536} INFO - Filling up the DagBag from /home/airflow/.local/lib/python3.8/site-packages/airflow/example_dags/example_setup_teardown_taskflow.py
[2023-12-08T02:44:22.586+0000] {processor.py:839} INFO - DAG(s) dict_keys(['example_setup_teardown_taskflow']) retrieved from /home/airflow/.local/lib/python3.8/site-packages/airflow/example_dags/example_setup_teardown_taskflow.py
[2023-12-08T02:44:22.637+0000] {logging_mixin.py:154} INFO - [2023-12-08T02:44:22.636+0000] {dag.py:2941} INFO - Sync 1 DAGs
[2023-12-08T02:44:22.682+0000] {logging_mixin.py:154} INFO - [2023-12-08T02:44:22.682+0000] {dag.py:3722} INFO - Setting next_dagrun for example_setup_teardown_taskflow to 2023-12-07T02:44:22.681536+00:00, run_after=2023-12-08T02:44:22.681536+00:00
[2023-12-08T02:44:22.720+0000] {processor.py:179} INFO - Processing /home/airflow/.local/lib/python3.8/site-packages/airflow/example_dags/example_setup_teardown_taskflow.py took 0.164 seconds
[2023-12-08T02:44:53.531+0000] {processor.py:157} INFO - Started process (PID=646) to work on /home/airflow/.local/lib/python3.8/site-packages/airflow/example_dags/example_setup_teardown_taskflow.py
[2023-12-08T02:44:53.546+0000] {processor.py:829} INFO - Processing file /home/airflow/.local/lib/python3.8/site-packages/airflow/example_dags/example_setup_teardown_taskflow.py for tasks to queue
[2023-12-08T02:44:53.553+0000] {logging_mixin.py:154} INFO - [2023-12-08T02:44:53.552+0000] {dagbag.py:536} INFO - Filling up the DagBag from /home/airflow/.local/lib/python3.8/site-packages/airflow/example_dags/example_setup_teardown_taskflow.py
[2023-12-08T02:44:53.689+0000] {processor.py:839} INFO - DAG(s) dict_keys(['example_setup_teardown_taskflow']) retrieved from /home/airflow/.local/lib/python3.8/site-packages/airflow/example_dags/example_setup_teardown_taskflow.py
[2023-12-08T02:44:53.978+0000] {logging_mixin.py:154} INFO - [2023-12-08T02:44:53.977+0000] {dag.py:2941} INFO - Sync 1 DAGs
[2023-12-08T02:44:54.202+0000] {logging_mixin.py:154} INFO - [2023-12-08T02:44:54.201+0000] {dag.py:3722} INFO - Setting next_dagrun for example_setup_teardown_taskflow to 2023-12-07T02:44:54.200518+00:00, run_after=2023-12-08T02:44:54.200518+00:00
[2023-12-08T02:44:54.328+0000] {processor.py:179} INFO - Processing /home/airflow/.local/lib/python3.8/site-packages/airflow/example_dags/example_setup_teardown_taskflow.py took 0.830 seconds
[2023-12-08T02:45:24.872+0000] {processor.py:157} INFO - Started process (PID=699) to work on /home/airflow/.local/lib/python3.8/site-packages/airflow/example_dags/example_setup_teardown_taskflow.py
[2023-12-08T02:45:24.875+0000] {processor.py:829} INFO - Processing file /home/airflow/.local/lib/python3.8/site-packages/airflow/example_dags/example_setup_teardown_taskflow.py for tasks to queue
[2023-12-08T02:45:24.881+0000] {logging_mixin.py:154} INFO - [2023-12-08T02:45:24.880+0000] {dagbag.py:536} INFO - Filling up the DagBag from /home/airflow/.local/lib/python3.8/site-packages/airflow/example_dags/example_setup_teardown_taskflow.py
[2023-12-08T02:45:24.914+0000] {processor.py:839} INFO - DAG(s) dict_keys(['example_setup_teardown_taskflow']) retrieved from /home/airflow/.local/lib/python3.8/site-packages/airflow/example_dags/example_setup_teardown_taskflow.py
[2023-12-08T02:45:24.972+0000] {logging_mixin.py:154} INFO - [2023-12-08T02:45:24.972+0000] {dag.py:2941} INFO - Sync 1 DAGs
[2023-12-08T02:45:25.080+0000] {logging_mixin.py:154} INFO - [2023-12-08T02:45:25.079+0000] {dag.py:3722} INFO - Setting next_dagrun for example_setup_teardown_taskflow to 2023-12-07T02:45:25.079269+00:00, run_after=2023-12-08T02:45:25.079269+00:00
[2023-12-08T02:45:25.203+0000] {processor.py:179} INFO - Processing /home/airflow/.local/lib/python3.8/site-packages/airflow/example_dags/example_setup_teardown_taskflow.py took 0.343 seconds
[2023-12-08T02:45:55.816+0000] {processor.py:157} INFO - Started process (PID=741) to work on /home/airflow/.local/lib/python3.8/site-packages/airflow/example_dags/example_setup_teardown_taskflow.py
[2023-12-08T02:45:55.831+0000] {processor.py:829} INFO - Processing file /home/airflow/.local/lib/python3.8/site-packages/airflow/example_dags/example_setup_teardown_taskflow.py for tasks to queue
[2023-12-08T02:45:55.838+0000] {logging_mixin.py:154} INFO - [2023-12-08T02:45:55.837+0000] {dagbag.py:536} INFO - Filling up the DagBag from /home/airflow/.local/lib/python3.8/site-packages/airflow/example_dags/example_setup_teardown_taskflow.py
[2023-12-08T02:45:56.172+0000] {processor.py:839} INFO - DAG(s) dict_keys(['example_setup_teardown_taskflow']) retrieved from /home/airflow/.local/lib/python3.8/site-packages/airflow/example_dags/example_setup_teardown_taskflow.py
[2023-12-08T02:45:56.658+0000] {logging_mixin.py:154} INFO - [2023-12-08T02:45:56.657+0000] {dag.py:2941} INFO - Sync 1 DAGs
[2023-12-08T02:45:57.042+0000] {logging_mixin.py:154} INFO - [2023-12-08T02:45:57.041+0000] {dag.py:3722} INFO - Setting next_dagrun for example_setup_teardown_taskflow to 2023-12-07T02:45:57.040835+00:00, run_after=2023-12-08T02:45:57.040835+00:00
[2023-12-08T02:45:57.193+0000] {processor.py:179} INFO - Processing /home/airflow/.local/lib/python3.8/site-packages/airflow/example_dags/example_setup_teardown_taskflow.py took 1.442 seconds
[2023-12-08T02:46:38.413+0000] {processor.py:157} INFO - Started process (PID=790) to work on /home/airflow/.local/lib/python3.8/site-packages/airflow/example_dags/example_setup_teardown_taskflow.py
[2023-12-08T02:46:38.472+0000] {processor.py:829} INFO - Processing file /home/airflow/.local/lib/python3.8/site-packages/airflow/example_dags/example_setup_teardown_taskflow.py for tasks to queue
[2023-12-08T02:46:38.489+0000] {logging_mixin.py:154} INFO - [2023-12-08T02:46:38.478+0000] {dagbag.py:536} INFO - Filling up the DagBag from /home/airflow/.local/lib/python3.8/site-packages/airflow/example_dags/example_setup_teardown_taskflow.py
[2023-12-08T02:46:38.588+0000] {processor.py:839} INFO - DAG(s) dict_keys(['example_setup_teardown_taskflow']) retrieved from /home/airflow/.local/lib/python3.8/site-packages/airflow/example_dags/example_setup_teardown_taskflow.py
[2023-12-08T02:46:38.892+0000] {logging_mixin.py:154} INFO - [2023-12-08T02:46:38.891+0000] {dag.py:2941} INFO - Sync 1 DAGs
[2023-12-08T02:46:39.147+0000] {logging_mixin.py:154} INFO - [2023-12-08T02:46:39.147+0000] {dag.py:3722} INFO - Setting next_dagrun for example_setup_teardown_taskflow to 2023-12-07T02:46:39.146408+00:00, run_after=2023-12-08T02:46:39.146408+00:00
[2023-12-08T02:46:39.405+0000] {processor.py:179} INFO - Processing /home/airflow/.local/lib/python3.8/site-packages/airflow/example_dags/example_setup_teardown_taskflow.py took 1.027 seconds
[2023-12-08T02:47:09.671+0000] {processor.py:157} INFO - Started process (PID=844) to work on /home/airflow/.local/lib/python3.8/site-packages/airflow/example_dags/example_setup_teardown_taskflow.py
[2023-12-08T02:47:09.710+0000] {processor.py:829} INFO - Processing file /home/airflow/.local/lib/python3.8/site-packages/airflow/example_dags/example_setup_teardown_taskflow.py for tasks to queue
[2023-12-08T02:47:09.717+0000] {logging_mixin.py:154} INFO - [2023-12-08T02:47:09.716+0000] {dagbag.py:536} INFO - Filling up the DagBag from /home/airflow/.local/lib/python3.8/site-packages/airflow/example_dags/example_setup_teardown_taskflow.py
[2023-12-08T02:47:09.772+0000] {processor.py:839} INFO - DAG(s) dict_keys(['example_setup_teardown_taskflow']) retrieved from /home/airflow/.local/lib/python3.8/site-packages/airflow/example_dags/example_setup_teardown_taskflow.py
[2023-12-08T02:47:09.901+0000] {logging_mixin.py:154} INFO - [2023-12-08T02:47:09.898+0000] {dag.py:2941} INFO - Sync 1 DAGs
[2023-12-08T02:47:09.983+0000] {logging_mixin.py:154} INFO - [2023-12-08T02:47:09.983+0000] {dag.py:3722} INFO - Setting next_dagrun for example_setup_teardown_taskflow to 2023-12-07T02:47:09.982447+00:00, run_after=2023-12-08T02:47:09.982447+00:00
[2023-12-08T02:47:10.026+0000] {processor.py:179} INFO - Processing /home/airflow/.local/lib/python3.8/site-packages/airflow/example_dags/example_setup_teardown_taskflow.py took 0.377 seconds
[2023-12-08T02:47:40.173+0000] {processor.py:157} INFO - Started process (PID=898) to work on /home/airflow/.local/lib/python3.8/site-packages/airflow/example_dags/example_setup_teardown_taskflow.py
[2023-12-08T02:47:40.176+0000] {processor.py:829} INFO - Processing file /home/airflow/.local/lib/python3.8/site-packages/airflow/example_dags/example_setup_teardown_taskflow.py for tasks to queue
[2023-12-08T02:47:40.182+0000] {logging_mixin.py:154} INFO - [2023-12-08T02:47:40.182+0000] {dagbag.py:536} INFO - Filling up the DagBag from /home/airflow/.local/lib/python3.8/site-packages/airflow/example_dags/example_setup_teardown_taskflow.py
[2023-12-08T02:47:40.206+0000] {processor.py:839} INFO - DAG(s) dict_keys(['example_setup_teardown_taskflow']) retrieved from /home/airflow/.local/lib/python3.8/site-packages/airflow/example_dags/example_setup_teardown_taskflow.py
[2023-12-08T02:47:40.266+0000] {logging_mixin.py:154} INFO - [2023-12-08T02:47:40.265+0000] {dag.py:2941} INFO - Sync 1 DAGs
[2023-12-08T02:47:40.324+0000] {logging_mixin.py:154} INFO - [2023-12-08T02:47:40.324+0000] {dag.py:3722} INFO - Setting next_dagrun for example_setup_teardown_taskflow to 2023-12-07T02:47:40.324043+00:00, run_after=2023-12-08T02:47:40.324043+00:00
[2023-12-08T02:47:40.382+0000] {processor.py:179} INFO - Processing /home/airflow/.local/lib/python3.8/site-packages/airflow/example_dags/example_setup_teardown_taskflow.py took 0.217 seconds
[2023-12-08T02:48:11.879+0000] {processor.py:157} INFO - Started process (PID=951) to work on /home/airflow/.local/lib/python3.8/site-packages/airflow/example_dags/example_setup_teardown_taskflow.py
[2023-12-08T02:48:11.884+0000] {processor.py:829} INFO - Processing file /home/airflow/.local/lib/python3.8/site-packages/airflow/example_dags/example_setup_teardown_taskflow.py for tasks to queue
[2023-12-08T02:48:11.890+0000] {logging_mixin.py:154} INFO - [2023-12-08T02:48:11.889+0000] {dagbag.py:536} INFO - Filling up the DagBag from /home/airflow/.local/lib/python3.8/site-packages/airflow/example_dags/example_setup_teardown_taskflow.py
[2023-12-08T02:48:11.929+0000] {processor.py:839} INFO - DAG(s) dict_keys(['example_setup_teardown_taskflow']) retrieved from /home/airflow/.local/lib/python3.8/site-packages/airflow/example_dags/example_setup_teardown_taskflow.py
[2023-12-08T02:48:12.031+0000] {logging_mixin.py:154} INFO - [2023-12-08T02:48:12.031+0000] {dag.py:2941} INFO - Sync 1 DAGs
[2023-12-08T02:48:12.211+0000] {logging_mixin.py:154} INFO - [2023-12-08T02:48:12.210+0000] {dag.py:3722} INFO - Setting next_dagrun for example_setup_teardown_taskflow to 2023-12-07T02:48:12.209496+00:00, run_after=2023-12-08T02:48:12.209496+00:00
[2023-12-08T02:48:12.492+0000] {processor.py:179} INFO - Processing /home/airflow/.local/lib/python3.8/site-packages/airflow/example_dags/example_setup_teardown_taskflow.py took 0.631 seconds
[2023-12-08T02:48:43.225+0000] {processor.py:157} INFO - Started process (PID=1005) to work on /home/airflow/.local/lib/python3.8/site-packages/airflow/example_dags/example_setup_teardown_taskflow.py
[2023-12-08T02:48:43.227+0000] {processor.py:829} INFO - Processing file /home/airflow/.local/lib/python3.8/site-packages/airflow/example_dags/example_setup_teardown_taskflow.py for tasks to queue
[2023-12-08T02:48:43.231+0000] {logging_mixin.py:154} INFO - [2023-12-08T02:48:43.231+0000] {dagbag.py:536} INFO - Filling up the DagBag from /home/airflow/.local/lib/python3.8/site-packages/airflow/example_dags/example_setup_teardown_taskflow.py
[2023-12-08T02:48:43.252+0000] {processor.py:839} INFO - DAG(s) dict_keys(['example_setup_teardown_taskflow']) retrieved from /home/airflow/.local/lib/python3.8/site-packages/airflow/example_dags/example_setup_teardown_taskflow.py
[2023-12-08T02:48:43.295+0000] {logging_mixin.py:154} INFO - [2023-12-08T02:48:43.294+0000] {dag.py:2941} INFO - Sync 1 DAGs
[2023-12-08T02:48:43.340+0000] {logging_mixin.py:154} INFO - [2023-12-08T02:48:43.339+0000] {dag.py:3722} INFO - Setting next_dagrun for example_setup_teardown_taskflow to 2023-12-07T02:48:43.338909+00:00, run_after=2023-12-08T02:48:43.338909+00:00
[2023-12-08T02:48:43.404+0000] {processor.py:179} INFO - Processing /home/airflow/.local/lib/python3.8/site-packages/airflow/example_dags/example_setup_teardown_taskflow.py took 0.187 seconds
[2023-12-08T02:49:13.616+0000] {processor.py:157} INFO - Started process (PID=1057) to work on /home/airflow/.local/lib/python3.8/site-packages/airflow/example_dags/example_setup_teardown_taskflow.py
[2023-12-08T02:49:13.621+0000] {processor.py:829} INFO - Processing file /home/airflow/.local/lib/python3.8/site-packages/airflow/example_dags/example_setup_teardown_taskflow.py for tasks to queue
[2023-12-08T02:49:13.626+0000] {logging_mixin.py:154} INFO - [2023-12-08T02:49:13.625+0000] {dagbag.py:536} INFO - Filling up the DagBag from /home/airflow/.local/lib/python3.8/site-packages/airflow/example_dags/example_setup_teardown_taskflow.py
[2023-12-08T02:49:13.648+0000] {processor.py:839} INFO - DAG(s) dict_keys(['example_setup_teardown_taskflow']) retrieved from /home/airflow/.local/lib/python3.8/site-packages/airflow/example_dags/example_setup_teardown_taskflow.py
[2023-12-08T02:49:13.701+0000] {logging_mixin.py:154} INFO - [2023-12-08T02:49:13.701+0000] {dag.py:2941} INFO - Sync 1 DAGs
[2023-12-08T02:49:13.837+0000] {logging_mixin.py:154} INFO - [2023-12-08T02:49:13.836+0000] {dag.py:3722} INFO - Setting next_dagrun for example_setup_teardown_taskflow to 2023-12-07T02:49:13.836352+00:00, run_after=2023-12-08T02:49:13.836352+00:00
[2023-12-08T02:49:14.134+0000] {processor.py:179} INFO - Processing /home/airflow/.local/lib/python3.8/site-packages/airflow/example_dags/example_setup_teardown_taskflow.py took 0.526 seconds
[2023-12-08T02:49:44.884+0000] {processor.py:157} INFO - Started process (PID=1110) to work on /home/airflow/.local/lib/python3.8/site-packages/airflow/example_dags/example_setup_teardown_taskflow.py
[2023-12-08T02:49:44.886+0000] {processor.py:829} INFO - Processing file /home/airflow/.local/lib/python3.8/site-packages/airflow/example_dags/example_setup_teardown_taskflow.py for tasks to queue
[2023-12-08T02:49:44.891+0000] {logging_mixin.py:154} INFO - [2023-12-08T02:49:44.890+0000] {dagbag.py:536} INFO - Filling up the DagBag from /home/airflow/.local/lib/python3.8/site-packages/airflow/example_dags/example_setup_teardown_taskflow.py
[2023-12-08T02:49:44.913+0000] {processor.py:839} INFO - DAG(s) dict_keys(['example_setup_teardown_taskflow']) retrieved from /home/airflow/.local/lib/python3.8/site-packages/airflow/example_dags/example_setup_teardown_taskflow.py
[2023-12-08T02:49:44.964+0000] {logging_mixin.py:154} INFO - [2023-12-08T02:49:44.964+0000] {dag.py:2941} INFO - Sync 1 DAGs
[2023-12-08T02:49:45.019+0000] {logging_mixin.py:154} INFO - [2023-12-08T02:49:45.018+0000] {dag.py:3722} INFO - Setting next_dagrun for example_setup_teardown_taskflow to 2023-12-07T02:49:45.017380+00:00, run_after=2023-12-08T02:49:45.017380+00:00
[2023-12-08T02:49:45.077+0000] {processor.py:179} INFO - Processing /home/airflow/.local/lib/python3.8/site-packages/airflow/example_dags/example_setup_teardown_taskflow.py took 0.199 seconds
[2023-12-08T02:50:15.347+0000] {processor.py:157} INFO - Started process (PID=1165) to work on /home/airflow/.local/lib/python3.8/site-packages/airflow/example_dags/example_setup_teardown_taskflow.py
[2023-12-08T02:50:15.360+0000] {processor.py:829} INFO - Processing file /home/airflow/.local/lib/python3.8/site-packages/airflow/example_dags/example_setup_teardown_taskflow.py for tasks to queue
[2023-12-08T02:50:15.371+0000] {logging_mixin.py:154} INFO - [2023-12-08T02:50:15.370+0000] {dagbag.py:536} INFO - Filling up the DagBag from /home/airflow/.local/lib/python3.8/site-packages/airflow/example_dags/example_setup_teardown_taskflow.py
[2023-12-08T02:50:15.511+0000] {processor.py:839} INFO - DAG(s) dict_keys(['example_setup_teardown_taskflow']) retrieved from /home/airflow/.local/lib/python3.8/site-packages/airflow/example_dags/example_setup_teardown_taskflow.py
[2023-12-08T02:50:15.690+0000] {logging_mixin.py:154} INFO - [2023-12-08T02:50:15.690+0000] {dag.py:2941} INFO - Sync 1 DAGs
[2023-12-08T02:50:15.940+0000] {logging_mixin.py:154} INFO - [2023-12-08T02:50:15.940+0000] {dag.py:3722} INFO - Setting next_dagrun for example_setup_teardown_taskflow to 2023-12-07T02:50:15.939410+00:00, run_after=2023-12-08T02:50:15.939410+00:00
[2023-12-08T02:50:16.203+0000] {processor.py:179} INFO - Processing /home/airflow/.local/lib/python3.8/site-packages/airflow/example_dags/example_setup_teardown_taskflow.py took 0.907 seconds
[2023-12-08T02:50:46.437+0000] {processor.py:157} INFO - Started process (PID=1217) to work on /home/airflow/.local/lib/python3.8/site-packages/airflow/example_dags/example_setup_teardown_taskflow.py
[2023-12-08T02:50:46.439+0000] {processor.py:829} INFO - Processing file /home/airflow/.local/lib/python3.8/site-packages/airflow/example_dags/example_setup_teardown_taskflow.py for tasks to queue
[2023-12-08T02:50:46.445+0000] {logging_mixin.py:154} INFO - [2023-12-08T02:50:46.445+0000] {dagbag.py:536} INFO - Filling up the DagBag from /home/airflow/.local/lib/python3.8/site-packages/airflow/example_dags/example_setup_teardown_taskflow.py
[2023-12-08T02:50:46.479+0000] {processor.py:839} INFO - DAG(s) dict_keys(['example_setup_teardown_taskflow']) retrieved from /home/airflow/.local/lib/python3.8/site-packages/airflow/example_dags/example_setup_teardown_taskflow.py
[2023-12-08T02:50:46.616+0000] {logging_mixin.py:154} INFO - [2023-12-08T02:50:46.615+0000] {dag.py:2941} INFO - Sync 1 DAGs
[2023-12-08T02:50:47.092+0000] {logging_mixin.py:154} INFO - [2023-12-08T02:50:47.091+0000] {dag.py:3722} INFO - Setting next_dagrun for example_setup_teardown_taskflow to 2023-12-07T02:50:47.091314+00:00, run_after=2023-12-08T02:50:47.091314+00:00
[2023-12-08T02:50:47.154+0000] {processor.py:179} INFO - Processing /home/airflow/.local/lib/python3.8/site-packages/airflow/example_dags/example_setup_teardown_taskflow.py took 0.735 seconds
[2023-12-08T02:51:17.442+0000] {processor.py:157} INFO - Started process (PID=1271) to work on /home/airflow/.local/lib/python3.8/site-packages/airflow/example_dags/example_setup_teardown_taskflow.py
[2023-12-08T02:51:17.445+0000] {processor.py:829} INFO - Processing file /home/airflow/.local/lib/python3.8/site-packages/airflow/example_dags/example_setup_teardown_taskflow.py for tasks to queue
[2023-12-08T02:51:17.450+0000] {logging_mixin.py:154} INFO - [2023-12-08T02:51:17.449+0000] {dagbag.py:536} INFO - Filling up the DagBag from /home/airflow/.local/lib/python3.8/site-packages/airflow/example_dags/example_setup_teardown_taskflow.py
[2023-12-08T02:51:17.467+0000] {processor.py:839} INFO - DAG(s) dict_keys(['example_setup_teardown_taskflow']) retrieved from /home/airflow/.local/lib/python3.8/site-packages/airflow/example_dags/example_setup_teardown_taskflow.py
[2023-12-08T02:51:17.509+0000] {logging_mixin.py:154} INFO - [2023-12-08T02:51:17.508+0000] {dag.py:2941} INFO - Sync 1 DAGs
[2023-12-08T02:51:17.551+0000] {logging_mixin.py:154} INFO - [2023-12-08T02:51:17.551+0000] {dag.py:3722} INFO - Setting next_dagrun for example_setup_teardown_taskflow to 2023-12-07T02:51:17.550641+00:00, run_after=2023-12-08T02:51:17.550641+00:00
[2023-12-08T02:51:17.803+0000] {processor.py:179} INFO - Processing /home/airflow/.local/lib/python3.8/site-packages/airflow/example_dags/example_setup_teardown_taskflow.py took 0.367 seconds
[2023-12-08T02:51:47.957+0000] {processor.py:157} INFO - Started process (PID=1325) to work on /home/airflow/.local/lib/python3.8/site-packages/airflow/example_dags/example_setup_teardown_taskflow.py
[2023-12-08T02:51:47.959+0000] {processor.py:829} INFO - Processing file /home/airflow/.local/lib/python3.8/site-packages/airflow/example_dags/example_setup_teardown_taskflow.py for tasks to queue
[2023-12-08T02:51:47.966+0000] {logging_mixin.py:154} INFO - [2023-12-08T02:51:47.965+0000] {dagbag.py:536} INFO - Filling up the DagBag from /home/airflow/.local/lib/python3.8/site-packages/airflow/example_dags/example_setup_teardown_taskflow.py
[2023-12-08T02:51:47.985+0000] {processor.py:839} INFO - DAG(s) dict_keys(['example_setup_teardown_taskflow']) retrieved from /home/airflow/.local/lib/python3.8/site-packages/airflow/example_dags/example_setup_teardown_taskflow.py
[2023-12-08T02:51:48.030+0000] {logging_mixin.py:154} INFO - [2023-12-08T02:51:48.030+0000] {dag.py:2941} INFO - Sync 1 DAGs
[2023-12-08T02:51:48.073+0000] {logging_mixin.py:154} INFO - [2023-12-08T02:51:48.072+0000] {dag.py:3722} INFO - Setting next_dagrun for example_setup_teardown_taskflow to 2023-12-07T02:51:48.072393+00:00, run_after=2023-12-08T02:51:48.072393+00:00
[2023-12-08T02:51:48.111+0000] {processor.py:179} INFO - Processing /home/airflow/.local/lib/python3.8/site-packages/airflow/example_dags/example_setup_teardown_taskflow.py took 0.163 seconds
[2023-12-08T02:52:18.468+0000] {processor.py:157} INFO - Started process (PID=1378) to work on /home/airflow/.local/lib/python3.8/site-packages/airflow/example_dags/example_setup_teardown_taskflow.py
[2023-12-08T02:52:18.470+0000] {processor.py:829} INFO - Processing file /home/airflow/.local/lib/python3.8/site-packages/airflow/example_dags/example_setup_teardown_taskflow.py for tasks to queue
[2023-12-08T02:52:18.474+0000] {logging_mixin.py:154} INFO - [2023-12-08T02:52:18.474+0000] {dagbag.py:536} INFO - Filling up the DagBag from /home/airflow/.local/lib/python3.8/site-packages/airflow/example_dags/example_setup_teardown_taskflow.py
[2023-12-08T02:52:18.493+0000] {processor.py:839} INFO - DAG(s) dict_keys(['example_setup_teardown_taskflow']) retrieved from /home/airflow/.local/lib/python3.8/site-packages/airflow/example_dags/example_setup_teardown_taskflow.py
[2023-12-08T02:52:18.540+0000] {logging_mixin.py:154} INFO - [2023-12-08T02:52:18.539+0000] {dag.py:2941} INFO - Sync 1 DAGs
[2023-12-08T02:52:18.587+0000] {logging_mixin.py:154} INFO - [2023-12-08T02:52:18.587+0000] {dag.py:3722} INFO - Setting next_dagrun for example_setup_teardown_taskflow to 2023-12-07T02:52:18.586719+00:00, run_after=2023-12-08T02:52:18.586719+00:00
[2023-12-08T02:52:18.636+0000] {processor.py:179} INFO - Processing /home/airflow/.local/lib/python3.8/site-packages/airflow/example_dags/example_setup_teardown_taskflow.py took 0.175 seconds
[2023-12-08T02:52:49.055+0000] {processor.py:157} INFO - Started process (PID=1432) to work on /home/airflow/.local/lib/python3.8/site-packages/airflow/example_dags/example_setup_teardown_taskflow.py
[2023-12-08T02:52:49.056+0000] {processor.py:829} INFO - Processing file /home/airflow/.local/lib/python3.8/site-packages/airflow/example_dags/example_setup_teardown_taskflow.py for tasks to queue
[2023-12-08T02:52:49.061+0000] {logging_mixin.py:154} INFO - [2023-12-08T02:52:49.060+0000] {dagbag.py:536} INFO - Filling up the DagBag from /home/airflow/.local/lib/python3.8/site-packages/airflow/example_dags/example_setup_teardown_taskflow.py
[2023-12-08T02:52:49.078+0000] {processor.py:839} INFO - DAG(s) dict_keys(['example_setup_teardown_taskflow']) retrieved from /home/airflow/.local/lib/python3.8/site-packages/airflow/example_dags/example_setup_teardown_taskflow.py
[2023-12-08T02:52:49.125+0000] {logging_mixin.py:154} INFO - [2023-12-08T02:52:49.124+0000] {dag.py:2941} INFO - Sync 1 DAGs
[2023-12-08T02:52:49.171+0000] {logging_mixin.py:154} INFO - [2023-12-08T02:52:49.170+0000] {dag.py:3722} INFO - Setting next_dagrun for example_setup_teardown_taskflow to 2023-12-07T02:52:49.169567+00:00, run_after=2023-12-08T02:52:49.169567+00:00
[2023-12-08T02:52:49.210+0000] {processor.py:179} INFO - Processing /home/airflow/.local/lib/python3.8/site-packages/airflow/example_dags/example_setup_teardown_taskflow.py took 0.162 seconds
[2023-12-08T02:53:19.786+0000] {processor.py:157} INFO - Started process (PID=1487) to work on /home/airflow/.local/lib/python3.8/site-packages/airflow/example_dags/example_setup_teardown_taskflow.py
[2023-12-08T02:53:19.789+0000] {processor.py:829} INFO - Processing file /home/airflow/.local/lib/python3.8/site-packages/airflow/example_dags/example_setup_teardown_taskflow.py for tasks to queue
[2023-12-08T02:53:19.796+0000] {logging_mixin.py:154} INFO - [2023-12-08T02:53:19.795+0000] {dagbag.py:536} INFO - Filling up the DagBag from /home/airflow/.local/lib/python3.8/site-packages/airflow/example_dags/example_setup_teardown_taskflow.py
[2023-12-08T02:53:19.825+0000] {processor.py:839} INFO - DAG(s) dict_keys(['example_setup_teardown_taskflow']) retrieved from /home/airflow/.local/lib/python3.8/site-packages/airflow/example_dags/example_setup_teardown_taskflow.py
[2023-12-08T02:53:19.881+0000] {logging_mixin.py:154} INFO - [2023-12-08T02:53:19.880+0000] {dag.py:2941} INFO - Sync 1 DAGs
[2023-12-08T02:53:19.926+0000] {logging_mixin.py:154} INFO - [2023-12-08T02:53:19.926+0000] {dag.py:3722} INFO - Setting next_dagrun for example_setup_teardown_taskflow to 2023-12-07T02:53:19.925711+00:00, run_after=2023-12-08T02:53:19.925711+00:00
[2023-12-08T02:53:19.963+0000] {processor.py:179} INFO - Processing /home/airflow/.local/lib/python3.8/site-packages/airflow/example_dags/example_setup_teardown_taskflow.py took 0.185 seconds
[2023-12-08T02:53:50.104+0000] {processor.py:157} INFO - Started process (PID=1540) to work on /home/airflow/.local/lib/python3.8/site-packages/airflow/example_dags/example_setup_teardown_taskflow.py
[2023-12-08T02:53:50.106+0000] {processor.py:829} INFO - Processing file /home/airflow/.local/lib/python3.8/site-packages/airflow/example_dags/example_setup_teardown_taskflow.py for tasks to queue
[2023-12-08T02:53:50.110+0000] {logging_mixin.py:154} INFO - [2023-12-08T02:53:50.110+0000] {dagbag.py:536} INFO - Filling up the DagBag from /home/airflow/.local/lib/python3.8/site-packages/airflow/example_dags/example_setup_teardown_taskflow.py
[2023-12-08T02:53:50.132+0000] {processor.py:839} INFO - DAG(s) dict_keys(['example_setup_teardown_taskflow']) retrieved from /home/airflow/.local/lib/python3.8/site-packages/airflow/example_dags/example_setup_teardown_taskflow.py
[2023-12-08T02:53:50.183+0000] {logging_mixin.py:154} INFO - [2023-12-08T02:53:50.183+0000] {dag.py:2941} INFO - Sync 1 DAGs
[2023-12-08T02:53:50.238+0000] {logging_mixin.py:154} INFO - [2023-12-08T02:53:50.238+0000] {dag.py:3722} INFO - Setting next_dagrun for example_setup_teardown_taskflow to 2023-12-07T02:53:50.237389+00:00, run_after=2023-12-08T02:53:50.237389+00:00
[2023-12-08T02:53:50.282+0000] {processor.py:179} INFO - Processing /home/airflow/.local/lib/python3.8/site-packages/airflow/example_dags/example_setup_teardown_taskflow.py took 0.187 seconds
[2023-12-08T02:54:20.527+0000] {processor.py:157} INFO - Started process (PID=1595) to work on /home/airflow/.local/lib/python3.8/site-packages/airflow/example_dags/example_setup_teardown_taskflow.py
[2023-12-08T02:54:20.531+0000] {processor.py:829} INFO - Processing file /home/airflow/.local/lib/python3.8/site-packages/airflow/example_dags/example_setup_teardown_taskflow.py for tasks to queue
[2023-12-08T02:54:20.538+0000] {logging_mixin.py:154} INFO - [2023-12-08T02:54:20.537+0000] {dagbag.py:536} INFO - Filling up the DagBag from /home/airflow/.local/lib/python3.8/site-packages/airflow/example_dags/example_setup_teardown_taskflow.py
[2023-12-08T02:54:20.560+0000] {processor.py:839} INFO - DAG(s) dict_keys(['example_setup_teardown_taskflow']) retrieved from /home/airflow/.local/lib/python3.8/site-packages/airflow/example_dags/example_setup_teardown_taskflow.py
[2023-12-08T02:54:20.609+0000] {logging_mixin.py:154} INFO - [2023-12-08T02:54:20.609+0000] {dag.py:2941} INFO - Sync 1 DAGs
[2023-12-08T02:54:20.666+0000] {logging_mixin.py:154} INFO - [2023-12-08T02:54:20.666+0000] {dag.py:3722} INFO - Setting next_dagrun for example_setup_teardown_taskflow to 2023-12-07T02:54:20.665791+00:00, run_after=2023-12-08T02:54:20.665791+00:00
[2023-12-08T02:54:20.707+0000] {processor.py:179} INFO - Processing /home/airflow/.local/lib/python3.8/site-packages/airflow/example_dags/example_setup_teardown_taskflow.py took 0.190 seconds
[2023-12-08T02:54:50.813+0000] {processor.py:157} INFO - Started process (PID=1649) to work on /home/airflow/.local/lib/python3.8/site-packages/airflow/example_dags/example_setup_teardown_taskflow.py
[2023-12-08T02:54:50.815+0000] {processor.py:829} INFO - Processing file /home/airflow/.local/lib/python3.8/site-packages/airflow/example_dags/example_setup_teardown_taskflow.py for tasks to queue
[2023-12-08T02:54:50.822+0000] {logging_mixin.py:154} INFO - [2023-12-08T02:54:50.821+0000] {dagbag.py:536} INFO - Filling up the DagBag from /home/airflow/.local/lib/python3.8/site-packages/airflow/example_dags/example_setup_teardown_taskflow.py
[2023-12-08T02:54:50.846+0000] {processor.py:839} INFO - DAG(s) dict_keys(['example_setup_teardown_taskflow']) retrieved from /home/airflow/.local/lib/python3.8/site-packages/airflow/example_dags/example_setup_teardown_taskflow.py
[2023-12-08T02:54:50.902+0000] {logging_mixin.py:154} INFO - [2023-12-08T02:54:50.901+0000] {dag.py:2941} INFO - Sync 1 DAGs
[2023-12-08T02:54:50.961+0000] {logging_mixin.py:154} INFO - [2023-12-08T02:54:50.960+0000] {dag.py:3722} INFO - Setting next_dagrun for example_setup_teardown_taskflow to 2023-12-07T02:54:50.960545+00:00, run_after=2023-12-08T02:54:50.960545+00:00
[2023-12-08T02:54:51.006+0000] {processor.py:179} INFO - Processing /home/airflow/.local/lib/python3.8/site-packages/airflow/example_dags/example_setup_teardown_taskflow.py took 0.204 seconds
[2023-12-08T02:55:21.382+0000] {processor.py:157} INFO - Started process (PID=1702) to work on /home/airflow/.local/lib/python3.8/site-packages/airflow/example_dags/example_setup_teardown_taskflow.py
[2023-12-08T02:55:21.385+0000] {processor.py:829} INFO - Processing file /home/airflow/.local/lib/python3.8/site-packages/airflow/example_dags/example_setup_teardown_taskflow.py for tasks to queue
[2023-12-08T02:55:21.390+0000] {logging_mixin.py:154} INFO - [2023-12-08T02:55:21.390+0000] {dagbag.py:536} INFO - Filling up the DagBag from /home/airflow/.local/lib/python3.8/site-packages/airflow/example_dags/example_setup_teardown_taskflow.py
[2023-12-08T02:55:21.427+0000] {processor.py:839} INFO - DAG(s) dict_keys(['example_setup_teardown_taskflow']) retrieved from /home/airflow/.local/lib/python3.8/site-packages/airflow/example_dags/example_setup_teardown_taskflow.py
[2023-12-08T02:55:21.499+0000] {logging_mixin.py:154} INFO - [2023-12-08T02:55:21.499+0000] {dag.py:2941} INFO - Sync 1 DAGs
[2023-12-08T02:55:21.574+0000] {logging_mixin.py:154} INFO - [2023-12-08T02:55:21.574+0000] {dag.py:3722} INFO - Setting next_dagrun for example_setup_teardown_taskflow to 2023-12-07T02:55:21.574185+00:00, run_after=2023-12-08T02:55:21.574185+00:00
[2023-12-08T02:55:21.615+0000] {processor.py:179} INFO - Processing /home/airflow/.local/lib/python3.8/site-packages/airflow/example_dags/example_setup_teardown_taskflow.py took 0.242 seconds
[2023-12-08T02:55:52.448+0000] {processor.py:157} INFO - Started process (PID=1757) to work on /home/airflow/.local/lib/python3.8/site-packages/airflow/example_dags/example_setup_teardown_taskflow.py
[2023-12-08T02:55:52.453+0000] {processor.py:829} INFO - Processing file /home/airflow/.local/lib/python3.8/site-packages/airflow/example_dags/example_setup_teardown_taskflow.py for tasks to queue
[2023-12-08T02:55:52.459+0000] {logging_mixin.py:154} INFO - [2023-12-08T02:55:52.458+0000] {dagbag.py:536} INFO - Filling up the DagBag from /home/airflow/.local/lib/python3.8/site-packages/airflow/example_dags/example_setup_teardown_taskflow.py
[2023-12-08T02:55:52.481+0000] {processor.py:839} INFO - DAG(s) dict_keys(['example_setup_teardown_taskflow']) retrieved from /home/airflow/.local/lib/python3.8/site-packages/airflow/example_dags/example_setup_teardown_taskflow.py
[2023-12-08T02:55:52.542+0000] {logging_mixin.py:154} INFO - [2023-12-08T02:55:52.542+0000] {dag.py:2941} INFO - Sync 1 DAGs
[2023-12-08T02:55:52.627+0000] {logging_mixin.py:154} INFO - [2023-12-08T02:55:52.627+0000] {dag.py:3722} INFO - Setting next_dagrun for example_setup_teardown_taskflow to 2023-12-07T02:55:52.626384+00:00, run_after=2023-12-08T02:55:52.626384+00:00
[2023-12-08T02:55:52.687+0000] {processor.py:179} INFO - Processing /home/airflow/.local/lib/python3.8/site-packages/airflow/example_dags/example_setup_teardown_taskflow.py took 0.248 seconds
[2023-12-08T02:56:23.188+0000] {processor.py:157} INFO - Started process (PID=1811) to work on /home/airflow/.local/lib/python3.8/site-packages/airflow/example_dags/example_setup_teardown_taskflow.py
[2023-12-08T02:56:23.191+0000] {processor.py:829} INFO - Processing file /home/airflow/.local/lib/python3.8/site-packages/airflow/example_dags/example_setup_teardown_taskflow.py for tasks to queue
[2023-12-08T02:56:23.196+0000] {logging_mixin.py:154} INFO - [2023-12-08T02:56:23.195+0000] {dagbag.py:536} INFO - Filling up the DagBag from /home/airflow/.local/lib/python3.8/site-packages/airflow/example_dags/example_setup_teardown_taskflow.py
[2023-12-08T02:56:23.216+0000] {processor.py:839} INFO - DAG(s) dict_keys(['example_setup_teardown_taskflow']) retrieved from /home/airflow/.local/lib/python3.8/site-packages/airflow/example_dags/example_setup_teardown_taskflow.py
[2023-12-08T02:56:23.275+0000] {logging_mixin.py:154} INFO - [2023-12-08T02:56:23.275+0000] {dag.py:2941} INFO - Sync 1 DAGs
[2023-12-08T02:56:23.337+0000] {logging_mixin.py:154} INFO - [2023-12-08T02:56:23.337+0000] {dag.py:3722} INFO - Setting next_dagrun for example_setup_teardown_taskflow to 2023-12-07T02:56:23.336545+00:00, run_after=2023-12-08T02:56:23.336545+00:00
[2023-12-08T02:56:23.380+0000] {processor.py:179} INFO - Processing /home/airflow/.local/lib/python3.8/site-packages/airflow/example_dags/example_setup_teardown_taskflow.py took 0.197 seconds
[2023-12-08T02:56:54.159+0000] {processor.py:157} INFO - Started process (PID=1865) to work on /home/airflow/.local/lib/python3.8/site-packages/airflow/example_dags/example_setup_teardown_taskflow.py
[2023-12-08T02:56:54.161+0000] {processor.py:829} INFO - Processing file /home/airflow/.local/lib/python3.8/site-packages/airflow/example_dags/example_setup_teardown_taskflow.py for tasks to queue
[2023-12-08T02:56:54.167+0000] {logging_mixin.py:154} INFO - [2023-12-08T02:56:54.167+0000] {dagbag.py:536} INFO - Filling up the DagBag from /home/airflow/.local/lib/python3.8/site-packages/airflow/example_dags/example_setup_teardown_taskflow.py
[2023-12-08T02:56:54.196+0000] {processor.py:839} INFO - DAG(s) dict_keys(['example_setup_teardown_taskflow']) retrieved from /home/airflow/.local/lib/python3.8/site-packages/airflow/example_dags/example_setup_teardown_taskflow.py
[2023-12-08T02:56:54.256+0000] {logging_mixin.py:154} INFO - [2023-12-08T02:56:54.256+0000] {dag.py:2941} INFO - Sync 1 DAGs
[2023-12-08T02:56:54.324+0000] {logging_mixin.py:154} INFO - [2023-12-08T02:56:54.324+0000] {dag.py:3722} INFO - Setting next_dagrun for example_setup_teardown_taskflow to 2023-12-07T02:56:54.323379+00:00, run_after=2023-12-08T02:56:54.323379+00:00
[2023-12-08T02:56:54.373+0000] {processor.py:179} INFO - Processing /home/airflow/.local/lib/python3.8/site-packages/airflow/example_dags/example_setup_teardown_taskflow.py took 0.220 seconds
