[2023-12-08T02:39:20.224+0000] {processor.py:157} INFO - Started process (PID=74) to work on /home/airflow/.local/lib/python3.8/site-packages/airflow/example_dags/example_python_operator.py
[2023-12-08T02:39:20.238+0000] {processor.py:829} INFO - Processing file /home/airflow/.local/lib/python3.8/site-packages/airflow/example_dags/example_python_operator.py for tasks to queue
[2023-12-08T02:39:20.255+0000] {logging_mixin.py:154} INFO - [2023-12-08T02:39:20.246+0000] {dagbag.py:536} INFO - Filling up the DagBag from /home/airflow/.local/lib/python3.8/site-packages/airflow/example_dags/example_python_operator.py
[2023-12-08T02:39:20.324+0000] {processor.py:839} INFO - DAG(s) dict_keys(['example_python_operator']) retrieved from /home/airflow/.local/lib/python3.8/site-packages/airflow/example_dags/example_python_operator.py
[2023-12-08T02:39:21.118+0000] {logging_mixin.py:154} INFO - [2023-12-08T02:39:21.118+0000] {dag.py:2941} INFO - Sync 1 DAGs
[2023-12-08T02:39:21.180+0000] {logging_mixin.py:154} INFO - [2023-12-08T02:39:21.178+0000] {dag.py:3722} INFO - Setting next_dagrun for example_python_operator to None, run_after=None
[2023-12-08T02:39:21.306+0000] {processor.py:179} INFO - Processing /home/airflow/.local/lib/python3.8/site-packages/airflow/example_dags/example_python_operator.py took 1.099 seconds
[2023-12-08T02:39:52.222+0000] {processor.py:157} INFO - Started process (PID=129) to work on /home/airflow/.local/lib/python3.8/site-packages/airflow/example_dags/example_python_operator.py
[2023-12-08T02:39:52.230+0000] {processor.py:829} INFO - Processing file /home/airflow/.local/lib/python3.8/site-packages/airflow/example_dags/example_python_operator.py for tasks to queue
[2023-12-08T02:39:52.236+0000] {logging_mixin.py:154} INFO - [2023-12-08T02:39:52.235+0000] {dagbag.py:536} INFO - Filling up the DagBag from /home/airflow/.local/lib/python3.8/site-packages/airflow/example_dags/example_python_operator.py
[2023-12-08T02:39:52.265+0000] {processor.py:839} INFO - DAG(s) dict_keys(['example_python_operator']) retrieved from /home/airflow/.local/lib/python3.8/site-packages/airflow/example_dags/example_python_operator.py
[2023-12-08T02:39:52.330+0000] {logging_mixin.py:154} INFO - [2023-12-08T02:39:52.330+0000] {dag.py:2941} INFO - Sync 1 DAGs
[2023-12-08T02:39:52.369+0000] {logging_mixin.py:154} INFO - [2023-12-08T02:39:52.369+0000] {dag.py:3722} INFO - Setting next_dagrun for example_python_operator to None, run_after=None
[2023-12-08T02:39:52.422+0000] {processor.py:179} INFO - Processing /home/airflow/.local/lib/python3.8/site-packages/airflow/example_dags/example_python_operator.py took 0.209 seconds
[2023-12-08T02:40:24.295+0000] {processor.py:157} INFO - Started process (PID=182) to work on /home/airflow/.local/lib/python3.8/site-packages/airflow/example_dags/example_python_operator.py
[2023-12-08T02:40:24.297+0000] {processor.py:829} INFO - Processing file /home/airflow/.local/lib/python3.8/site-packages/airflow/example_dags/example_python_operator.py for tasks to queue
[2023-12-08T02:40:24.303+0000] {logging_mixin.py:154} INFO - [2023-12-08T02:40:24.302+0000] {dagbag.py:536} INFO - Filling up the DagBag from /home/airflow/.local/lib/python3.8/site-packages/airflow/example_dags/example_python_operator.py
[2023-12-08T02:40:24.366+0000] {processor.py:839} INFO - DAG(s) dict_keys(['example_python_operator']) retrieved from /home/airflow/.local/lib/python3.8/site-packages/airflow/example_dags/example_python_operator.py
[2023-12-08T02:40:24.463+0000] {logging_mixin.py:154} INFO - [2023-12-08T02:40:24.463+0000] {dag.py:2941} INFO - Sync 1 DAGs
[2023-12-08T02:40:24.493+0000] {logging_mixin.py:154} INFO - [2023-12-08T02:40:24.492+0000] {dag.py:3722} INFO - Setting next_dagrun for example_python_operator to None, run_after=None
[2023-12-08T02:40:24.535+0000] {processor.py:179} INFO - Processing /home/airflow/.local/lib/python3.8/site-packages/airflow/example_dags/example_python_operator.py took 0.250 seconds
[2023-12-08T02:40:56.322+0000] {processor.py:157} INFO - Started process (PID=236) to work on /home/airflow/.local/lib/python3.8/site-packages/airflow/example_dags/example_python_operator.py
[2023-12-08T02:40:56.336+0000] {processor.py:829} INFO - Processing file /home/airflow/.local/lib/python3.8/site-packages/airflow/example_dags/example_python_operator.py for tasks to queue
[2023-12-08T02:40:56.352+0000] {logging_mixin.py:154} INFO - [2023-12-08T02:40:56.351+0000] {dagbag.py:536} INFO - Filling up the DagBag from /home/airflow/.local/lib/python3.8/site-packages/airflow/example_dags/example_python_operator.py
[2023-12-08T02:40:56.416+0000] {processor.py:839} INFO - DAG(s) dict_keys(['example_python_operator']) retrieved from /home/airflow/.local/lib/python3.8/site-packages/airflow/example_dags/example_python_operator.py
[2023-12-08T02:40:56.518+0000] {logging_mixin.py:154} INFO - [2023-12-08T02:40:56.518+0000] {dag.py:2941} INFO - Sync 1 DAGs
[2023-12-08T02:40:56.621+0000] {logging_mixin.py:154} INFO - [2023-12-08T02:40:56.620+0000] {dag.py:3722} INFO - Setting next_dagrun for example_python_operator to None, run_after=None
[2023-12-08T02:40:56.843+0000] {processor.py:179} INFO - Processing /home/airflow/.local/lib/python3.8/site-packages/airflow/example_dags/example_python_operator.py took 0.535 seconds
[2023-12-08T02:41:27.059+0000] {processor.py:157} INFO - Started process (PID=290) to work on /home/airflow/.local/lib/python3.8/site-packages/airflow/example_dags/example_python_operator.py
[2023-12-08T02:41:27.063+0000] {processor.py:829} INFO - Processing file /home/airflow/.local/lib/python3.8/site-packages/airflow/example_dags/example_python_operator.py for tasks to queue
[2023-12-08T02:41:27.069+0000] {logging_mixin.py:154} INFO - [2023-12-08T02:41:27.069+0000] {dagbag.py:536} INFO - Filling up the DagBag from /home/airflow/.local/lib/python3.8/site-packages/airflow/example_dags/example_python_operator.py
[2023-12-08T02:41:27.103+0000] {processor.py:839} INFO - DAG(s) dict_keys(['example_python_operator']) retrieved from /home/airflow/.local/lib/python3.8/site-packages/airflow/example_dags/example_python_operator.py
[2023-12-08T02:41:27.195+0000] {logging_mixin.py:154} INFO - [2023-12-08T02:41:27.193+0000] {dag.py:2941} INFO - Sync 1 DAGs
[2023-12-08T02:41:27.236+0000] {logging_mixin.py:154} INFO - [2023-12-08T02:41:27.236+0000] {dag.py:3722} INFO - Setting next_dagrun for example_python_operator to None, run_after=None
[2023-12-08T02:41:27.301+0000] {processor.py:179} INFO - Processing /home/airflow/.local/lib/python3.8/site-packages/airflow/example_dags/example_python_operator.py took 0.254 seconds
[2023-12-08T02:41:58.632+0000] {processor.py:157} INFO - Started process (PID=345) to work on /home/airflow/.local/lib/python3.8/site-packages/airflow/example_dags/example_python_operator.py
[2023-12-08T02:41:58.635+0000] {processor.py:829} INFO - Processing file /home/airflow/.local/lib/python3.8/site-packages/airflow/example_dags/example_python_operator.py for tasks to queue
[2023-12-08T02:41:58.639+0000] {logging_mixin.py:154} INFO - [2023-12-08T02:41:58.639+0000] {dagbag.py:536} INFO - Filling up the DagBag from /home/airflow/.local/lib/python3.8/site-packages/airflow/example_dags/example_python_operator.py
[2023-12-08T02:41:58.668+0000] {processor.py:839} INFO - DAG(s) dict_keys(['example_python_operator']) retrieved from /home/airflow/.local/lib/python3.8/site-packages/airflow/example_dags/example_python_operator.py
[2023-12-08T02:41:58.733+0000] {logging_mixin.py:154} INFO - [2023-12-08T02:41:58.733+0000] {dag.py:2941} INFO - Sync 1 DAGs
[2023-12-08T02:41:58.777+0000] {logging_mixin.py:154} INFO - [2023-12-08T02:41:58.776+0000] {dag.py:3722} INFO - Setting next_dagrun for example_python_operator to None, run_after=None
[2023-12-08T02:41:58.838+0000] {processor.py:179} INFO - Processing /home/airflow/.local/lib/python3.8/site-packages/airflow/example_dags/example_python_operator.py took 0.216 seconds
[2023-12-08T02:42:33.945+0000] {processor.py:157} INFO - Started process (PID=399) to work on /home/airflow/.local/lib/python3.8/site-packages/airflow/example_dags/example_python_operator.py
[2023-12-08T02:42:34.039+0000] {processor.py:829} INFO - Processing file /home/airflow/.local/lib/python3.8/site-packages/airflow/example_dags/example_python_operator.py for tasks to queue
[2023-12-08T02:42:34.074+0000] {logging_mixin.py:154} INFO - [2023-12-08T02:42:34.073+0000] {dagbag.py:536} INFO - Filling up the DagBag from /home/airflow/.local/lib/python3.8/site-packages/airflow/example_dags/example_python_operator.py
[2023-12-08T02:42:34.216+0000] {processor.py:839} INFO - DAG(s) dict_keys(['example_python_operator']) retrieved from /home/airflow/.local/lib/python3.8/site-packages/airflow/example_dags/example_python_operator.py
[2023-12-08T02:42:34.583+0000] {logging_mixin.py:154} INFO - [2023-12-08T02:42:34.569+0000] {dag.py:2941} INFO - Sync 1 DAGs
[2023-12-08T02:42:34.792+0000] {logging_mixin.py:154} INFO - [2023-12-08T02:42:34.791+0000] {dag.py:3722} INFO - Setting next_dagrun for example_python_operator to None, run_after=None
[2023-12-08T02:42:35.122+0000] {processor.py:179} INFO - Processing /home/airflow/.local/lib/python3.8/site-packages/airflow/example_dags/example_python_operator.py took 1.212 seconds
[2023-12-08T02:43:09.278+0000] {processor.py:157} INFO - Started process (PID=453) to work on /home/airflow/.local/lib/python3.8/site-packages/airflow/example_dags/example_python_operator.py
[2023-12-08T02:43:09.297+0000] {processor.py:829} INFO - Processing file /home/airflow/.local/lib/python3.8/site-packages/airflow/example_dags/example_python_operator.py for tasks to queue
[2023-12-08T02:43:09.318+0000] {logging_mixin.py:154} INFO - [2023-12-08T02:43:09.317+0000] {dagbag.py:536} INFO - Filling up the DagBag from /home/airflow/.local/lib/python3.8/site-packages/airflow/example_dags/example_python_operator.py
[2023-12-08T02:43:09.396+0000] {processor.py:839} INFO - DAG(s) dict_keys(['example_python_operator']) retrieved from /home/airflow/.local/lib/python3.8/site-packages/airflow/example_dags/example_python_operator.py
[2023-12-08T02:43:09.677+0000] {logging_mixin.py:154} INFO - [2023-12-08T02:43:09.677+0000] {dag.py:2941} INFO - Sync 1 DAGs
[2023-12-08T02:43:09.765+0000] {logging_mixin.py:154} INFO - [2023-12-08T02:43:09.764+0000] {dag.py:3722} INFO - Setting next_dagrun for example_python_operator to None, run_after=None
[2023-12-08T02:43:09.882+0000] {processor.py:179} INFO - Processing /home/airflow/.local/lib/python3.8/site-packages/airflow/example_dags/example_python_operator.py took 0.637 seconds
[2023-12-08T02:43:44.337+0000] {processor.py:157} INFO - Started process (PID=508) to work on /home/airflow/.local/lib/python3.8/site-packages/airflow/example_dags/example_python_operator.py
[2023-12-08T02:43:44.341+0000] {processor.py:829} INFO - Processing file /home/airflow/.local/lib/python3.8/site-packages/airflow/example_dags/example_python_operator.py for tasks to queue
[2023-12-08T02:43:44.352+0000] {logging_mixin.py:154} INFO - [2023-12-08T02:43:44.351+0000] {dagbag.py:536} INFO - Filling up the DagBag from /home/airflow/.local/lib/python3.8/site-packages/airflow/example_dags/example_python_operator.py
[2023-12-08T02:43:44.395+0000] {processor.py:839} INFO - DAG(s) dict_keys(['example_python_operator']) retrieved from /home/airflow/.local/lib/python3.8/site-packages/airflow/example_dags/example_python_operator.py
[2023-12-08T02:43:44.587+0000] {logging_mixin.py:154} INFO - [2023-12-08T02:43:44.587+0000] {dag.py:2941} INFO - Sync 1 DAGs
[2023-12-08T02:43:44.686+0000] {logging_mixin.py:154} INFO - [2023-12-08T02:43:44.686+0000] {dag.py:3722} INFO - Setting next_dagrun for example_python_operator to None, run_after=None
[2023-12-08T02:43:44.822+0000] {processor.py:179} INFO - Processing /home/airflow/.local/lib/python3.8/site-packages/airflow/example_dags/example_python_operator.py took 0.497 seconds
[2023-12-08T02:44:15.457+0000] {processor.py:157} INFO - Started process (PID=562) to work on /home/airflow/.local/lib/python3.8/site-packages/airflow/example_dags/example_python_operator.py
[2023-12-08T02:44:15.459+0000] {processor.py:829} INFO - Processing file /home/airflow/.local/lib/python3.8/site-packages/airflow/example_dags/example_python_operator.py for tasks to queue
[2023-12-08T02:44:15.473+0000] {logging_mixin.py:154} INFO - [2023-12-08T02:44:15.466+0000] {dagbag.py:536} INFO - Filling up the DagBag from /home/airflow/.local/lib/python3.8/site-packages/airflow/example_dags/example_python_operator.py
[2023-12-08T02:44:15.505+0000] {processor.py:839} INFO - DAG(s) dict_keys(['example_python_operator']) retrieved from /home/airflow/.local/lib/python3.8/site-packages/airflow/example_dags/example_python_operator.py
[2023-12-08T02:44:15.602+0000] {logging_mixin.py:154} INFO - [2023-12-08T02:44:15.602+0000] {dag.py:2941} INFO - Sync 1 DAGs
[2023-12-08T02:44:15.647+0000] {logging_mixin.py:154} INFO - [2023-12-08T02:44:15.647+0000] {dag.py:3722} INFO - Setting next_dagrun for example_python_operator to None, run_after=None
[2023-12-08T02:44:15.720+0000] {processor.py:179} INFO - Processing /home/airflow/.local/lib/python3.8/site-packages/airflow/example_dags/example_python_operator.py took 0.288 seconds
[2023-12-08T02:44:46.457+0000] {processor.py:157} INFO - Started process (PID=616) to work on /home/airflow/.local/lib/python3.8/site-packages/airflow/example_dags/example_python_operator.py
[2023-12-08T02:44:46.459+0000] {processor.py:829} INFO - Processing file /home/airflow/.local/lib/python3.8/site-packages/airflow/example_dags/example_python_operator.py for tasks to queue
[2023-12-08T02:44:46.464+0000] {logging_mixin.py:154} INFO - [2023-12-08T02:44:46.463+0000] {dagbag.py:536} INFO - Filling up the DagBag from /home/airflow/.local/lib/python3.8/site-packages/airflow/example_dags/example_python_operator.py
[2023-12-08T02:44:46.501+0000] {processor.py:839} INFO - DAG(s) dict_keys(['example_python_operator']) retrieved from /home/airflow/.local/lib/python3.8/site-packages/airflow/example_dags/example_python_operator.py
[2023-12-08T02:44:46.575+0000] {logging_mixin.py:154} INFO - [2023-12-08T02:44:46.574+0000] {dag.py:2941} INFO - Sync 1 DAGs
[2023-12-08T02:44:46.613+0000] {logging_mixin.py:154} INFO - [2023-12-08T02:44:46.612+0000] {dag.py:3722} INFO - Setting next_dagrun for example_python_operator to None, run_after=None
[2023-12-08T02:44:46.668+0000] {processor.py:179} INFO - Processing /home/airflow/.local/lib/python3.8/site-packages/airflow/example_dags/example_python_operator.py took 0.221 seconds
[2023-12-08T02:45:17.108+0000] {processor.py:157} INFO - Started process (PID=670) to work on /home/airflow/.local/lib/python3.8/site-packages/airflow/example_dags/example_python_operator.py
[2023-12-08T02:45:17.110+0000] {processor.py:829} INFO - Processing file /home/airflow/.local/lib/python3.8/site-packages/airflow/example_dags/example_python_operator.py for tasks to queue
[2023-12-08T02:45:17.115+0000] {logging_mixin.py:154} INFO - [2023-12-08T02:45:17.114+0000] {dagbag.py:536} INFO - Filling up the DagBag from /home/airflow/.local/lib/python3.8/site-packages/airflow/example_dags/example_python_operator.py
[2023-12-08T02:45:17.147+0000] {processor.py:839} INFO - DAG(s) dict_keys(['example_python_operator']) retrieved from /home/airflow/.local/lib/python3.8/site-packages/airflow/example_dags/example_python_operator.py
[2023-12-08T02:45:17.251+0000] {logging_mixin.py:154} INFO - [2023-12-08T02:45:17.250+0000] {dag.py:2941} INFO - Sync 1 DAGs
[2023-12-08T02:45:17.299+0000] {logging_mixin.py:154} INFO - [2023-12-08T02:45:17.299+0000] {dag.py:3722} INFO - Setting next_dagrun for example_python_operator to None, run_after=None
[2023-12-08T02:45:17.365+0000] {processor.py:179} INFO - Processing /home/airflow/.local/lib/python3.8/site-packages/airflow/example_dags/example_python_operator.py took 0.266 seconds
[2023-12-08T02:45:50.083+0000] {processor.py:157} INFO - Started process (PID=724) to work on /home/airflow/.local/lib/python3.8/site-packages/airflow/example_dags/example_python_operator.py
[2023-12-08T02:45:50.088+0000] {processor.py:829} INFO - Processing file /home/airflow/.local/lib/python3.8/site-packages/airflow/example_dags/example_python_operator.py for tasks to queue
[2023-12-08T02:45:50.098+0000] {logging_mixin.py:154} INFO - [2023-12-08T02:45:50.097+0000] {dagbag.py:536} INFO - Filling up the DagBag from /home/airflow/.local/lib/python3.8/site-packages/airflow/example_dags/example_python_operator.py
[2023-12-08T02:45:50.131+0000] {processor.py:839} INFO - DAG(s) dict_keys(['example_python_operator']) retrieved from /home/airflow/.local/lib/python3.8/site-packages/airflow/example_dags/example_python_operator.py
[2023-12-08T02:45:50.250+0000] {logging_mixin.py:154} INFO - [2023-12-08T02:45:50.249+0000] {dag.py:2941} INFO - Sync 1 DAGs
[2023-12-08T02:45:50.322+0000] {logging_mixin.py:154} INFO - [2023-12-08T02:45:50.322+0000] {dag.py:3722} INFO - Setting next_dagrun for example_python_operator to None, run_after=None
[2023-12-08T02:45:50.443+0000] {processor.py:179} INFO - Processing /home/airflow/.local/lib/python3.8/site-packages/airflow/example_dags/example_python_operator.py took 0.380 seconds
[2023-12-08T02:46:21.493+0000] {processor.py:157} INFO - Started process (PID=774) to work on /home/airflow/.local/lib/python3.8/site-packages/airflow/example_dags/example_python_operator.py
[2023-12-08T02:46:21.540+0000] {processor.py:829} INFO - Processing file /home/airflow/.local/lib/python3.8/site-packages/airflow/example_dags/example_python_operator.py for tasks to queue
[2023-12-08T02:46:21.603+0000] {logging_mixin.py:154} INFO - [2023-12-08T02:46:21.602+0000] {dagbag.py:536} INFO - Filling up the DagBag from /home/airflow/.local/lib/python3.8/site-packages/airflow/example_dags/example_python_operator.py
[2023-12-08T02:46:22.443+0000] {processor.py:839} INFO - DAG(s) dict_keys(['example_python_operator']) retrieved from /home/airflow/.local/lib/python3.8/site-packages/airflow/example_dags/example_python_operator.py
[2023-12-08T02:46:23.021+0000] {logging_mixin.py:154} INFO - [2023-12-08T02:46:23.021+0000] {dag.py:2941} INFO - Sync 1 DAGs
[2023-12-08T02:46:23.325+0000] {logging_mixin.py:154} INFO - [2023-12-08T02:46:23.324+0000] {dag.py:3722} INFO - Setting next_dagrun for example_python_operator to None, run_after=None
[2023-12-08T02:46:23.723+0000] {processor.py:179} INFO - Processing /home/airflow/.local/lib/python3.8/site-packages/airflow/example_dags/example_python_operator.py took 2.295 seconds
[2023-12-08T02:46:58.269+0000] {processor.py:157} INFO - Started process (PID=835) to work on /home/airflow/.local/lib/python3.8/site-packages/airflow/example_dags/example_python_operator.py
[2023-12-08T02:46:58.284+0000] {processor.py:829} INFO - Processing file /home/airflow/.local/lib/python3.8/site-packages/airflow/example_dags/example_python_operator.py for tasks to queue
[2023-12-08T02:46:58.294+0000] {logging_mixin.py:154} INFO - [2023-12-08T02:46:58.290+0000] {dagbag.py:536} INFO - Filling up the DagBag from /home/airflow/.local/lib/python3.8/site-packages/airflow/example_dags/example_python_operator.py
[2023-12-08T02:46:58.375+0000] {processor.py:839} INFO - DAG(s) dict_keys(['example_python_operator']) retrieved from /home/airflow/.local/lib/python3.8/site-packages/airflow/example_dags/example_python_operator.py
[2023-12-08T02:46:58.469+0000] {logging_mixin.py:154} INFO - [2023-12-08T02:46:58.469+0000] {dag.py:2941} INFO - Sync 1 DAGs
[2023-12-08T02:46:58.518+0000] {logging_mixin.py:154} INFO - [2023-12-08T02:46:58.517+0000] {dag.py:3722} INFO - Setting next_dagrun for example_python_operator to None, run_after=None
[2023-12-08T02:46:58.623+0000] {processor.py:179} INFO - Processing /home/airflow/.local/lib/python3.8/site-packages/airflow/example_dags/example_python_operator.py took 0.377 seconds
[2023-12-08T02:47:29.891+0000] {processor.py:157} INFO - Started process (PID=889) to work on /home/airflow/.local/lib/python3.8/site-packages/airflow/example_dags/example_python_operator.py
[2023-12-08T02:47:29.937+0000] {processor.py:829} INFO - Processing file /home/airflow/.local/lib/python3.8/site-packages/airflow/example_dags/example_python_operator.py for tasks to queue
[2023-12-08T02:47:29.955+0000] {logging_mixin.py:154} INFO - [2023-12-08T02:47:29.954+0000] {dagbag.py:536} INFO - Filling up the DagBag from /home/airflow/.local/lib/python3.8/site-packages/airflow/example_dags/example_python_operator.py
[2023-12-08T02:47:30.079+0000] {processor.py:839} INFO - DAG(s) dict_keys(['example_python_operator']) retrieved from /home/airflow/.local/lib/python3.8/site-packages/airflow/example_dags/example_python_operator.py
[2023-12-08T02:47:30.295+0000] {logging_mixin.py:154} INFO - [2023-12-08T02:47:30.294+0000] {dag.py:2941} INFO - Sync 1 DAGs
[2023-12-08T02:47:30.420+0000] {logging_mixin.py:154} INFO - [2023-12-08T02:47:30.420+0000] {dag.py:3722} INFO - Setting next_dagrun for example_python_operator to None, run_after=None
[2023-12-08T02:47:30.589+0000] {processor.py:179} INFO - Processing /home/airflow/.local/lib/python3.8/site-packages/airflow/example_dags/example_python_operator.py took 0.731 seconds
[2023-12-08T02:48:04.518+0000] {processor.py:157} INFO - Started process (PID=943) to work on /home/airflow/.local/lib/python3.8/site-packages/airflow/example_dags/example_python_operator.py
[2023-12-08T02:48:04.538+0000] {processor.py:829} INFO - Processing file /home/airflow/.local/lib/python3.8/site-packages/airflow/example_dags/example_python_operator.py for tasks to queue
[2023-12-08T02:48:04.556+0000] {logging_mixin.py:154} INFO - [2023-12-08T02:48:04.555+0000] {dagbag.py:536} INFO - Filling up the DagBag from /home/airflow/.local/lib/python3.8/site-packages/airflow/example_dags/example_python_operator.py
[2023-12-08T02:48:04.668+0000] {processor.py:839} INFO - DAG(s) dict_keys(['example_python_operator']) retrieved from /home/airflow/.local/lib/python3.8/site-packages/airflow/example_dags/example_python_operator.py
[2023-12-08T02:48:04.888+0000] {logging_mixin.py:154} INFO - [2023-12-08T02:48:04.887+0000] {dag.py:2941} INFO - Sync 1 DAGs
[2023-12-08T02:48:05.012+0000] {logging_mixin.py:154} INFO - [2023-12-08T02:48:05.001+0000] {dag.py:3722} INFO - Setting next_dagrun for example_python_operator to None, run_after=None
[2023-12-08T02:48:05.163+0000] {processor.py:179} INFO - Processing /home/airflow/.local/lib/python3.8/site-packages/airflow/example_dags/example_python_operator.py took 0.677 seconds
[2023-12-08T02:48:35.739+0000] {processor.py:157} INFO - Started process (PID=997) to work on /home/airflow/.local/lib/python3.8/site-packages/airflow/example_dags/example_python_operator.py
[2023-12-08T02:48:35.741+0000] {processor.py:829} INFO - Processing file /home/airflow/.local/lib/python3.8/site-packages/airflow/example_dags/example_python_operator.py for tasks to queue
[2023-12-08T02:48:35.747+0000] {logging_mixin.py:154} INFO - [2023-12-08T02:48:35.746+0000] {dagbag.py:536} INFO - Filling up the DagBag from /home/airflow/.local/lib/python3.8/site-packages/airflow/example_dags/example_python_operator.py
[2023-12-08T02:48:35.769+0000] {processor.py:839} INFO - DAG(s) dict_keys(['example_python_operator']) retrieved from /home/airflow/.local/lib/python3.8/site-packages/airflow/example_dags/example_python_operator.py
[2023-12-08T02:48:35.813+0000] {logging_mixin.py:154} INFO - [2023-12-08T02:48:35.813+0000] {dag.py:2941} INFO - Sync 1 DAGs
[2023-12-08T02:48:35.839+0000] {logging_mixin.py:154} INFO - [2023-12-08T02:48:35.839+0000] {dag.py:3722} INFO - Setting next_dagrun for example_python_operator to None, run_after=None
[2023-12-08T02:48:36.079+0000] {processor.py:179} INFO - Processing /home/airflow/.local/lib/python3.8/site-packages/airflow/example_dags/example_python_operator.py took 0.346 seconds
[2023-12-08T02:49:06.191+0000] {processor.py:157} INFO - Started process (PID=1050) to work on /home/airflow/.local/lib/python3.8/site-packages/airflow/example_dags/example_python_operator.py
[2023-12-08T02:49:06.193+0000] {processor.py:829} INFO - Processing file /home/airflow/.local/lib/python3.8/site-packages/airflow/example_dags/example_python_operator.py for tasks to queue
[2023-12-08T02:49:06.202+0000] {logging_mixin.py:154} INFO - [2023-12-08T02:49:06.201+0000] {dagbag.py:536} INFO - Filling up the DagBag from /home/airflow/.local/lib/python3.8/site-packages/airflow/example_dags/example_python_operator.py
[2023-12-08T02:49:06.251+0000] {processor.py:839} INFO - DAG(s) dict_keys(['example_python_operator']) retrieved from /home/airflow/.local/lib/python3.8/site-packages/airflow/example_dags/example_python_operator.py
[2023-12-08T02:49:06.305+0000] {logging_mixin.py:154} INFO - [2023-12-08T02:49:06.304+0000] {dag.py:2941} INFO - Sync 1 DAGs
[2023-12-08T02:49:06.340+0000] {logging_mixin.py:154} INFO - [2023-12-08T02:49:06.340+0000] {dag.py:3722} INFO - Setting next_dagrun for example_python_operator to None, run_after=None
[2023-12-08T02:49:06.409+0000] {processor.py:179} INFO - Processing /home/airflow/.local/lib/python3.8/site-packages/airflow/example_dags/example_python_operator.py took 0.249 seconds
[2023-12-08T02:49:36.677+0000] {processor.py:157} INFO - Started process (PID=1104) to work on /home/airflow/.local/lib/python3.8/site-packages/airflow/example_dags/example_python_operator.py
[2023-12-08T02:49:36.679+0000] {processor.py:829} INFO - Processing file /home/airflow/.local/lib/python3.8/site-packages/airflow/example_dags/example_python_operator.py for tasks to queue
[2023-12-08T02:49:36.684+0000] {logging_mixin.py:154} INFO - [2023-12-08T02:49:36.684+0000] {dagbag.py:536} INFO - Filling up the DagBag from /home/airflow/.local/lib/python3.8/site-packages/airflow/example_dags/example_python_operator.py
[2023-12-08T02:49:36.711+0000] {processor.py:839} INFO - DAG(s) dict_keys(['example_python_operator']) retrieved from /home/airflow/.local/lib/python3.8/site-packages/airflow/example_dags/example_python_operator.py
[2023-12-08T02:49:36.753+0000] {logging_mixin.py:154} INFO - [2023-12-08T02:49:36.753+0000] {dag.py:2941} INFO - Sync 1 DAGs
[2023-12-08T02:49:36.777+0000] {logging_mixin.py:154} INFO - [2023-12-08T02:49:36.777+0000] {dag.py:3722} INFO - Setting next_dagrun for example_python_operator to None, run_after=None
[2023-12-08T02:49:36.814+0000] {processor.py:179} INFO - Processing /home/airflow/.local/lib/python3.8/site-packages/airflow/example_dags/example_python_operator.py took 0.145 seconds
[2023-12-08T02:50:10.543+0000] {processor.py:157} INFO - Started process (PID=1159) to work on /home/airflow/.local/lib/python3.8/site-packages/airflow/example_dags/example_python_operator.py
[2023-12-08T02:50:10.606+0000] {processor.py:829} INFO - Processing file /home/airflow/.local/lib/python3.8/site-packages/airflow/example_dags/example_python_operator.py for tasks to queue
[2023-12-08T02:50:10.639+0000] {logging_mixin.py:154} INFO - [2023-12-08T02:50:10.638+0000] {dagbag.py:536} INFO - Filling up the DagBag from /home/airflow/.local/lib/python3.8/site-packages/airflow/example_dags/example_python_operator.py
[2023-12-08T02:50:10.767+0000] {processor.py:839} INFO - DAG(s) dict_keys(['example_python_operator']) retrieved from /home/airflow/.local/lib/python3.8/site-packages/airflow/example_dags/example_python_operator.py
[2023-12-08T02:50:11.898+0000] {logging_mixin.py:154} INFO - [2023-12-08T02:50:11.898+0000] {dag.py:2941} INFO - Sync 1 DAGs
[2023-12-08T02:50:12.003+0000] {logging_mixin.py:154} INFO - [2023-12-08T02:50:11.972+0000] {dag.py:3722} INFO - Setting next_dagrun for example_python_operator to None, run_after=None
[2023-12-08T02:50:12.147+0000] {processor.py:179} INFO - Processing /home/airflow/.local/lib/python3.8/site-packages/airflow/example_dags/example_python_operator.py took 1.653 seconds
[2023-12-08T02:50:42.361+0000] {processor.py:157} INFO - Started process (PID=1212) to work on /home/airflow/.local/lib/python3.8/site-packages/airflow/example_dags/example_python_operator.py
[2023-12-08T02:50:42.362+0000] {processor.py:829} INFO - Processing file /home/airflow/.local/lib/python3.8/site-packages/airflow/example_dags/example_python_operator.py for tasks to queue
[2023-12-08T02:50:42.366+0000] {logging_mixin.py:154} INFO - [2023-12-08T02:50:42.366+0000] {dagbag.py:536} INFO - Filling up the DagBag from /home/airflow/.local/lib/python3.8/site-packages/airflow/example_dags/example_python_operator.py
[2023-12-08T02:50:42.396+0000] {processor.py:839} INFO - DAG(s) dict_keys(['example_python_operator']) retrieved from /home/airflow/.local/lib/python3.8/site-packages/airflow/example_dags/example_python_operator.py
[2023-12-08T02:50:42.464+0000] {logging_mixin.py:154} INFO - [2023-12-08T02:50:42.464+0000] {dag.py:2941} INFO - Sync 1 DAGs
[2023-12-08T02:50:42.504+0000] {logging_mixin.py:154} INFO - [2023-12-08T02:50:42.504+0000] {dag.py:3722} INFO - Setting next_dagrun for example_python_operator to None, run_after=None
[2023-12-08T02:50:42.819+0000] {processor.py:179} INFO - Processing /home/airflow/.local/lib/python3.8/site-packages/airflow/example_dags/example_python_operator.py took 0.471 seconds
[2023-12-08T02:51:13.398+0000] {processor.py:157} INFO - Started process (PID=1266) to work on /home/airflow/.local/lib/python3.8/site-packages/airflow/example_dags/example_python_operator.py
[2023-12-08T02:51:13.408+0000] {processor.py:829} INFO - Processing file /home/airflow/.local/lib/python3.8/site-packages/airflow/example_dags/example_python_operator.py for tasks to queue
[2023-12-08T02:51:13.415+0000] {logging_mixin.py:154} INFO - [2023-12-08T02:51:13.415+0000] {dagbag.py:536} INFO - Filling up the DagBag from /home/airflow/.local/lib/python3.8/site-packages/airflow/example_dags/example_python_operator.py
[2023-12-08T02:51:13.450+0000] {processor.py:839} INFO - DAG(s) dict_keys(['example_python_operator']) retrieved from /home/airflow/.local/lib/python3.8/site-packages/airflow/example_dags/example_python_operator.py
[2023-12-08T02:51:13.521+0000] {logging_mixin.py:154} INFO - [2023-12-08T02:51:13.521+0000] {dag.py:2941} INFO - Sync 1 DAGs
[2023-12-08T02:51:13.550+0000] {logging_mixin.py:154} INFO - [2023-12-08T02:51:13.549+0000] {dag.py:3722} INFO - Setting next_dagrun for example_python_operator to None, run_after=None
[2023-12-08T02:51:13.602+0000] {processor.py:179} INFO - Processing /home/airflow/.local/lib/python3.8/site-packages/airflow/example_dags/example_python_operator.py took 0.213 seconds
[2023-12-08T02:51:44.020+0000] {processor.py:157} INFO - Started process (PID=1320) to work on /home/airflow/.local/lib/python3.8/site-packages/airflow/example_dags/example_python_operator.py
[2023-12-08T02:51:44.028+0000] {processor.py:829} INFO - Processing file /home/airflow/.local/lib/python3.8/site-packages/airflow/example_dags/example_python_operator.py for tasks to queue
[2023-12-08T02:51:44.033+0000] {logging_mixin.py:154} INFO - [2023-12-08T02:51:44.033+0000] {dagbag.py:536} INFO - Filling up the DagBag from /home/airflow/.local/lib/python3.8/site-packages/airflow/example_dags/example_python_operator.py
[2023-12-08T02:51:44.297+0000] {processor.py:839} INFO - DAG(s) dict_keys(['example_python_operator']) retrieved from /home/airflow/.local/lib/python3.8/site-packages/airflow/example_dags/example_python_operator.py
[2023-12-08T02:51:44.349+0000] {logging_mixin.py:154} INFO - [2023-12-08T02:51:44.348+0000] {dag.py:2941} INFO - Sync 1 DAGs
[2023-12-08T02:51:44.378+0000] {logging_mixin.py:154} INFO - [2023-12-08T02:51:44.378+0000] {dag.py:3722} INFO - Setting next_dagrun for example_python_operator to None, run_after=None
[2023-12-08T02:51:44.426+0000] {processor.py:179} INFO - Processing /home/airflow/.local/lib/python3.8/site-packages/airflow/example_dags/example_python_operator.py took 0.416 seconds
[2023-12-08T02:52:14.897+0000] {processor.py:157} INFO - Started process (PID=1373) to work on /home/airflow/.local/lib/python3.8/site-packages/airflow/example_dags/example_python_operator.py
[2023-12-08T02:52:14.904+0000] {processor.py:829} INFO - Processing file /home/airflow/.local/lib/python3.8/site-packages/airflow/example_dags/example_python_operator.py for tasks to queue
[2023-12-08T02:52:14.915+0000] {logging_mixin.py:154} INFO - [2023-12-08T02:52:14.914+0000] {dagbag.py:536} INFO - Filling up the DagBag from /home/airflow/.local/lib/python3.8/site-packages/airflow/example_dags/example_python_operator.py
[2023-12-08T02:52:14.958+0000] {processor.py:839} INFO - DAG(s) dict_keys(['example_python_operator']) retrieved from /home/airflow/.local/lib/python3.8/site-packages/airflow/example_dags/example_python_operator.py
[2023-12-08T02:52:15.036+0000] {logging_mixin.py:154} INFO - [2023-12-08T02:52:15.036+0000] {dag.py:2941} INFO - Sync 1 DAGs
[2023-12-08T02:52:15.067+0000] {logging_mixin.py:154} INFO - [2023-12-08T02:52:15.066+0000] {dag.py:3722} INFO - Setting next_dagrun for example_python_operator to None, run_after=None
[2023-12-08T02:52:15.110+0000] {processor.py:179} INFO - Processing /home/airflow/.local/lib/python3.8/site-packages/airflow/example_dags/example_python_operator.py took 0.226 seconds
[2023-12-08T02:52:45.455+0000] {processor.py:157} INFO - Started process (PID=1427) to work on /home/airflow/.local/lib/python3.8/site-packages/airflow/example_dags/example_python_operator.py
[2023-12-08T02:52:45.457+0000] {processor.py:829} INFO - Processing file /home/airflow/.local/lib/python3.8/site-packages/airflow/example_dags/example_python_operator.py for tasks to queue
[2023-12-08T02:52:45.467+0000] {logging_mixin.py:154} INFO - [2023-12-08T02:52:45.466+0000] {dagbag.py:536} INFO - Filling up the DagBag from /home/airflow/.local/lib/python3.8/site-packages/airflow/example_dags/example_python_operator.py
[2023-12-08T02:52:45.505+0000] {processor.py:839} INFO - DAG(s) dict_keys(['example_python_operator']) retrieved from /home/airflow/.local/lib/python3.8/site-packages/airflow/example_dags/example_python_operator.py
[2023-12-08T02:52:45.594+0000] {logging_mixin.py:154} INFO - [2023-12-08T02:52:45.594+0000] {dag.py:2941} INFO - Sync 1 DAGs
[2023-12-08T02:52:45.638+0000] {logging_mixin.py:154} INFO - [2023-12-08T02:52:45.638+0000] {dag.py:3722} INFO - Setting next_dagrun for example_python_operator to None, run_after=None
[2023-12-08T02:52:45.706+0000] {processor.py:179} INFO - Processing /home/airflow/.local/lib/python3.8/site-packages/airflow/example_dags/example_python_operator.py took 0.266 seconds
[2023-12-08T02:53:15.917+0000] {processor.py:157} INFO - Started process (PID=1482) to work on /home/airflow/.local/lib/python3.8/site-packages/airflow/example_dags/example_python_operator.py
[2023-12-08T02:53:15.947+0000] {processor.py:829} INFO - Processing file /home/airflow/.local/lib/python3.8/site-packages/airflow/example_dags/example_python_operator.py for tasks to queue
[2023-12-08T02:53:15.957+0000] {logging_mixin.py:154} INFO - [2023-12-08T02:53:15.956+0000] {dagbag.py:536} INFO - Filling up the DagBag from /home/airflow/.local/lib/python3.8/site-packages/airflow/example_dags/example_python_operator.py
[2023-12-08T02:53:15.994+0000] {processor.py:839} INFO - DAG(s) dict_keys(['example_python_operator']) retrieved from /home/airflow/.local/lib/python3.8/site-packages/airflow/example_dags/example_python_operator.py
[2023-12-08T02:53:16.076+0000] {logging_mixin.py:154} INFO - [2023-12-08T02:53:16.076+0000] {dag.py:2941} INFO - Sync 1 DAGs
[2023-12-08T02:53:16.151+0000] {logging_mixin.py:154} INFO - [2023-12-08T02:53:16.150+0000] {dag.py:3722} INFO - Setting next_dagrun for example_python_operator to None, run_after=None
[2023-12-08T02:53:16.298+0000] {processor.py:179} INFO - Processing /home/airflow/.local/lib/python3.8/site-packages/airflow/example_dags/example_python_operator.py took 0.417 seconds
[2023-12-08T02:53:46.536+0000] {processor.py:157} INFO - Started process (PID=1535) to work on /home/airflow/.local/lib/python3.8/site-packages/airflow/example_dags/example_python_operator.py
[2023-12-08T02:53:46.539+0000] {processor.py:829} INFO - Processing file /home/airflow/.local/lib/python3.8/site-packages/airflow/example_dags/example_python_operator.py for tasks to queue
[2023-12-08T02:53:46.545+0000] {logging_mixin.py:154} INFO - [2023-12-08T02:53:46.544+0000] {dagbag.py:536} INFO - Filling up the DagBag from /home/airflow/.local/lib/python3.8/site-packages/airflow/example_dags/example_python_operator.py
[2023-12-08T02:53:46.577+0000] {processor.py:839} INFO - DAG(s) dict_keys(['example_python_operator']) retrieved from /home/airflow/.local/lib/python3.8/site-packages/airflow/example_dags/example_python_operator.py
[2023-12-08T02:53:46.659+0000] {logging_mixin.py:154} INFO - [2023-12-08T02:53:46.659+0000] {dag.py:2941} INFO - Sync 1 DAGs
[2023-12-08T02:53:46.697+0000] {logging_mixin.py:154} INFO - [2023-12-08T02:53:46.697+0000] {dag.py:3722} INFO - Setting next_dagrun for example_python_operator to None, run_after=None
[2023-12-08T02:53:46.755+0000] {processor.py:179} INFO - Processing /home/airflow/.local/lib/python3.8/site-packages/airflow/example_dags/example_python_operator.py took 0.228 seconds
[2023-12-08T02:54:17.041+0000] {processor.py:157} INFO - Started process (PID=1590) to work on /home/airflow/.local/lib/python3.8/site-packages/airflow/example_dags/example_python_operator.py
[2023-12-08T02:54:17.042+0000] {processor.py:829} INFO - Processing file /home/airflow/.local/lib/python3.8/site-packages/airflow/example_dags/example_python_operator.py for tasks to queue
[2023-12-08T02:54:17.049+0000] {logging_mixin.py:154} INFO - [2023-12-08T02:54:17.048+0000] {dagbag.py:536} INFO - Filling up the DagBag from /home/airflow/.local/lib/python3.8/site-packages/airflow/example_dags/example_python_operator.py
[2023-12-08T02:54:17.073+0000] {processor.py:839} INFO - DAG(s) dict_keys(['example_python_operator']) retrieved from /home/airflow/.local/lib/python3.8/site-packages/airflow/example_dags/example_python_operator.py
[2023-12-08T02:54:17.127+0000] {logging_mixin.py:154} INFO - [2023-12-08T02:54:17.127+0000] {dag.py:2941} INFO - Sync 1 DAGs
[2023-12-08T02:54:17.158+0000] {logging_mixin.py:154} INFO - [2023-12-08T02:54:17.158+0000] {dag.py:3722} INFO - Setting next_dagrun for example_python_operator to None, run_after=None
[2023-12-08T02:54:17.200+0000] {processor.py:179} INFO - Processing /home/airflow/.local/lib/python3.8/site-packages/airflow/example_dags/example_python_operator.py took 0.168 seconds
[2023-12-08T02:54:47.323+0000] {processor.py:157} INFO - Started process (PID=1644) to work on /home/airflow/.local/lib/python3.8/site-packages/airflow/example_dags/example_python_operator.py
[2023-12-08T02:54:47.326+0000] {processor.py:829} INFO - Processing file /home/airflow/.local/lib/python3.8/site-packages/airflow/example_dags/example_python_operator.py for tasks to queue
[2023-12-08T02:54:47.332+0000] {logging_mixin.py:154} INFO - [2023-12-08T02:54:47.331+0000] {dagbag.py:536} INFO - Filling up the DagBag from /home/airflow/.local/lib/python3.8/site-packages/airflow/example_dags/example_python_operator.py
[2023-12-08T02:54:47.362+0000] {processor.py:839} INFO - DAG(s) dict_keys(['example_python_operator']) retrieved from /home/airflow/.local/lib/python3.8/site-packages/airflow/example_dags/example_python_operator.py
[2023-12-08T02:54:47.421+0000] {logging_mixin.py:154} INFO - [2023-12-08T02:54:47.420+0000] {dag.py:2941} INFO - Sync 1 DAGs
[2023-12-08T02:54:47.458+0000] {logging_mixin.py:154} INFO - [2023-12-08T02:54:47.457+0000] {dag.py:3722} INFO - Setting next_dagrun for example_python_operator to None, run_after=None
[2023-12-08T02:54:47.498+0000] {processor.py:179} INFO - Processing /home/airflow/.local/lib/python3.8/site-packages/airflow/example_dags/example_python_operator.py took 0.188 seconds
[2023-12-08T02:55:17.907+0000] {processor.py:157} INFO - Started process (PID=1698) to work on /home/airflow/.local/lib/python3.8/site-packages/airflow/example_dags/example_python_operator.py
[2023-12-08T02:55:17.908+0000] {processor.py:829} INFO - Processing file /home/airflow/.local/lib/python3.8/site-packages/airflow/example_dags/example_python_operator.py for tasks to queue
[2023-12-08T02:55:17.913+0000] {logging_mixin.py:154} INFO - [2023-12-08T02:55:17.913+0000] {dagbag.py:536} INFO - Filling up the DagBag from /home/airflow/.local/lib/python3.8/site-packages/airflow/example_dags/example_python_operator.py
[2023-12-08T02:55:17.951+0000] {processor.py:839} INFO - DAG(s) dict_keys(['example_python_operator']) retrieved from /home/airflow/.local/lib/python3.8/site-packages/airflow/example_dags/example_python_operator.py
[2023-12-08T02:55:18.036+0000] {logging_mixin.py:154} INFO - [2023-12-08T02:55:18.036+0000] {dag.py:2941} INFO - Sync 1 DAGs
[2023-12-08T02:55:18.077+0000] {logging_mixin.py:154} INFO - [2023-12-08T02:55:18.076+0000] {dag.py:3722} INFO - Setting next_dagrun for example_python_operator to None, run_after=None
[2023-12-08T02:55:18.122+0000] {processor.py:179} INFO - Processing /home/airflow/.local/lib/python3.8/site-packages/airflow/example_dags/example_python_operator.py took 0.234 seconds
[2023-12-08T02:55:48.861+0000] {processor.py:157} INFO - Started process (PID=1753) to work on /home/airflow/.local/lib/python3.8/site-packages/airflow/example_dags/example_python_operator.py
[2023-12-08T02:55:48.864+0000] {processor.py:829} INFO - Processing file /home/airflow/.local/lib/python3.8/site-packages/airflow/example_dags/example_python_operator.py for tasks to queue
[2023-12-08T02:55:48.869+0000] {logging_mixin.py:154} INFO - [2023-12-08T02:55:48.869+0000] {dagbag.py:536} INFO - Filling up the DagBag from /home/airflow/.local/lib/python3.8/site-packages/airflow/example_dags/example_python_operator.py
[2023-12-08T02:55:48.911+0000] {processor.py:839} INFO - DAG(s) dict_keys(['example_python_operator']) retrieved from /home/airflow/.local/lib/python3.8/site-packages/airflow/example_dags/example_python_operator.py
[2023-12-08T02:55:49.000+0000] {logging_mixin.py:154} INFO - [2023-12-08T02:55:48.989+0000] {dag.py:2941} INFO - Sync 1 DAGs
[2023-12-08T02:55:49.047+0000] {logging_mixin.py:154} INFO - [2023-12-08T02:55:49.047+0000] {dag.py:3722} INFO - Setting next_dagrun for example_python_operator to None, run_after=None
[2023-12-08T02:55:49.117+0000] {processor.py:179} INFO - Processing /home/airflow/.local/lib/python3.8/site-packages/airflow/example_dags/example_python_operator.py took 0.271 seconds
[2023-12-08T02:56:19.684+0000] {processor.py:157} INFO - Started process (PID=1807) to work on /home/airflow/.local/lib/python3.8/site-packages/airflow/example_dags/example_python_operator.py
[2023-12-08T02:56:19.686+0000] {processor.py:829} INFO - Processing file /home/airflow/.local/lib/python3.8/site-packages/airflow/example_dags/example_python_operator.py for tasks to queue
[2023-12-08T02:56:19.690+0000] {logging_mixin.py:154} INFO - [2023-12-08T02:56:19.690+0000] {dagbag.py:536} INFO - Filling up the DagBag from /home/airflow/.local/lib/python3.8/site-packages/airflow/example_dags/example_python_operator.py
[2023-12-08T02:56:19.718+0000] {processor.py:839} INFO - DAG(s) dict_keys(['example_python_operator']) retrieved from /home/airflow/.local/lib/python3.8/site-packages/airflow/example_dags/example_python_operator.py
[2023-12-08T02:56:19.790+0000] {logging_mixin.py:154} INFO - [2023-12-08T02:56:19.790+0000] {dag.py:2941} INFO - Sync 1 DAGs
[2023-12-08T02:56:19.901+0000] {logging_mixin.py:154} INFO - [2023-12-08T02:56:19.900+0000] {dag.py:3722} INFO - Setting next_dagrun for example_python_operator to None, run_after=None
[2023-12-08T02:56:19.972+0000] {processor.py:179} INFO - Processing /home/airflow/.local/lib/python3.8/site-packages/airflow/example_dags/example_python_operator.py took 0.294 seconds
[2023-12-08T02:56:50.691+0000] {processor.py:157} INFO - Started process (PID=1861) to work on /home/airflow/.local/lib/python3.8/site-packages/airflow/example_dags/example_python_operator.py
[2023-12-08T02:56:50.693+0000] {processor.py:829} INFO - Processing file /home/airflow/.local/lib/python3.8/site-packages/airflow/example_dags/example_python_operator.py for tasks to queue
[2023-12-08T02:56:50.704+0000] {logging_mixin.py:154} INFO - [2023-12-08T02:56:50.704+0000] {dagbag.py:536} INFO - Filling up the DagBag from /home/airflow/.local/lib/python3.8/site-packages/airflow/example_dags/example_python_operator.py
[2023-12-08T02:56:50.744+0000] {processor.py:839} INFO - DAG(s) dict_keys(['example_python_operator']) retrieved from /home/airflow/.local/lib/python3.8/site-packages/airflow/example_dags/example_python_operator.py
[2023-12-08T02:56:50.828+0000] {logging_mixin.py:154} INFO - [2023-12-08T02:56:50.828+0000] {dag.py:2941} INFO - Sync 1 DAGs
[2023-12-08T02:56:50.859+0000] {logging_mixin.py:154} INFO - [2023-12-08T02:56:50.859+0000] {dag.py:3722} INFO - Setting next_dagrun for example_python_operator to None, run_after=None
[2023-12-08T02:56:50.907+0000] {processor.py:179} INFO - Processing /home/airflow/.local/lib/python3.8/site-packages/airflow/example_dags/example_python_operator.py took 0.227 seconds
