[2023-12-08T02:39:15.321+0000] {processor.py:157} INFO - Started process (PID=62) to work on /home/airflow/.local/lib/python3.8/site-packages/airflow/example_dags/example_short_circuit_operator.py
[2023-12-08T02:39:15.324+0000] {processor.py:829} INFO - Processing file /home/airflow/.local/lib/python3.8/site-packages/airflow/example_dags/example_short_circuit_operator.py for tasks to queue
[2023-12-08T02:39:15.342+0000] {logging_mixin.py:154} INFO - [2023-12-08T02:39:15.341+0000] {dagbag.py:536} INFO - Filling up the DagBag from /home/airflow/.local/lib/python3.8/site-packages/airflow/example_dags/example_short_circuit_operator.py
[2023-12-08T02:39:15.413+0000] {processor.py:839} INFO - DAG(s) dict_keys(['example_short_circuit_operator']) retrieved from /home/airflow/.local/lib/python3.8/site-packages/airflow/example_dags/example_short_circuit_operator.py
[2023-12-08T02:39:15.539+0000] {logging_mixin.py:154} INFO - [2023-12-08T02:39:15.538+0000] {dag.py:2941} INFO - Sync 1 DAGs
[2023-12-08T02:39:15.610+0000] {logging_mixin.py:154} INFO - [2023-12-08T02:39:15.610+0000] {dag.py:3722} INFO - Setting next_dagrun for example_short_circuit_operator to 2023-12-07T02:39:15.609440+00:00, run_after=2023-12-08T02:39:15.609440+00:00
[2023-12-08T02:39:15.687+0000] {processor.py:179} INFO - Processing /home/airflow/.local/lib/python3.8/site-packages/airflow/example_dags/example_short_circuit_operator.py took 0.398 seconds
[2023-12-08T02:39:47.243+0000] {processor.py:157} INFO - Started process (PID=116) to work on /home/airflow/.local/lib/python3.8/site-packages/airflow/example_dags/example_short_circuit_operator.py
[2023-12-08T02:39:47.245+0000] {processor.py:829} INFO - Processing file /home/airflow/.local/lib/python3.8/site-packages/airflow/example_dags/example_short_circuit_operator.py for tasks to queue
[2023-12-08T02:39:47.252+0000] {logging_mixin.py:154} INFO - [2023-12-08T02:39:47.251+0000] {dagbag.py:536} INFO - Filling up the DagBag from /home/airflow/.local/lib/python3.8/site-packages/airflow/example_dags/example_short_circuit_operator.py
[2023-12-08T02:39:47.273+0000] {processor.py:839} INFO - DAG(s) dict_keys(['example_short_circuit_operator']) retrieved from /home/airflow/.local/lib/python3.8/site-packages/airflow/example_dags/example_short_circuit_operator.py
[2023-12-08T02:39:47.423+0000] {logging_mixin.py:154} INFO - [2023-12-08T02:39:47.423+0000] {dag.py:2941} INFO - Sync 1 DAGs
[2023-12-08T02:39:47.535+0000] {logging_mixin.py:154} INFO - [2023-12-08T02:39:47.534+0000] {dag.py:3722} INFO - Setting next_dagrun for example_short_circuit_operator to 2023-12-07T02:39:47.533859+00:00, run_after=2023-12-08T02:39:47.533859+00:00
[2023-12-08T02:39:47.619+0000] {processor.py:179} INFO - Processing /home/airflow/.local/lib/python3.8/site-packages/airflow/example_dags/example_short_circuit_operator.py took 0.386 seconds
[2023-12-08T02:40:18.077+0000] {processor.py:157} INFO - Started process (PID=170) to work on /home/airflow/.local/lib/python3.8/site-packages/airflow/example_dags/example_short_circuit_operator.py
[2023-12-08T02:40:18.102+0000] {processor.py:829} INFO - Processing file /home/airflow/.local/lib/python3.8/site-packages/airflow/example_dags/example_short_circuit_operator.py for tasks to queue
[2023-12-08T02:40:18.108+0000] {logging_mixin.py:154} INFO - [2023-12-08T02:40:18.108+0000] {dagbag.py:536} INFO - Filling up the DagBag from /home/airflow/.local/lib/python3.8/site-packages/airflow/example_dags/example_short_circuit_operator.py
[2023-12-08T02:40:18.198+0000] {processor.py:839} INFO - DAG(s) dict_keys(['example_short_circuit_operator']) retrieved from /home/airflow/.local/lib/python3.8/site-packages/airflow/example_dags/example_short_circuit_operator.py
[2023-12-08T02:40:18.283+0000] {logging_mixin.py:154} INFO - [2023-12-08T02:40:18.283+0000] {dag.py:2941} INFO - Sync 1 DAGs
[2023-12-08T02:40:18.342+0000] {logging_mixin.py:154} INFO - [2023-12-08T02:40:18.342+0000] {dag.py:3722} INFO - Setting next_dagrun for example_short_circuit_operator to 2023-12-07T02:40:18.341422+00:00, run_after=2023-12-08T02:40:18.341422+00:00
[2023-12-08T02:40:18.440+0000] {processor.py:179} INFO - Processing /home/airflow/.local/lib/python3.8/site-packages/airflow/example_dags/example_short_circuit_operator.py took 0.375 seconds
[2023-12-08T02:40:48.624+0000] {processor.py:157} INFO - Started process (PID=224) to work on /home/airflow/.local/lib/python3.8/site-packages/airflow/example_dags/example_short_circuit_operator.py
[2023-12-08T02:40:48.627+0000] {processor.py:829} INFO - Processing file /home/airflow/.local/lib/python3.8/site-packages/airflow/example_dags/example_short_circuit_operator.py for tasks to queue
[2023-12-08T02:40:48.634+0000] {logging_mixin.py:154} INFO - [2023-12-08T02:40:48.633+0000] {dagbag.py:536} INFO - Filling up the DagBag from /home/airflow/.local/lib/python3.8/site-packages/airflow/example_dags/example_short_circuit_operator.py
[2023-12-08T02:40:48.667+0000] {processor.py:839} INFO - DAG(s) dict_keys(['example_short_circuit_operator']) retrieved from /home/airflow/.local/lib/python3.8/site-packages/airflow/example_dags/example_short_circuit_operator.py
[2023-12-08T02:40:48.745+0000] {logging_mixin.py:154} INFO - [2023-12-08T02:40:48.744+0000] {dag.py:2941} INFO - Sync 1 DAGs
[2023-12-08T02:40:48.854+0000] {logging_mixin.py:154} INFO - [2023-12-08T02:40:48.853+0000] {dag.py:3722} INFO - Setting next_dagrun for example_short_circuit_operator to 2023-12-07T02:40:48.852842+00:00, run_after=2023-12-08T02:40:48.852842+00:00
[2023-12-08T02:40:48.930+0000] {processor.py:179} INFO - Processing /home/airflow/.local/lib/python3.8/site-packages/airflow/example_dags/example_short_circuit_operator.py took 0.325 seconds
[2023-12-08T02:41:20.596+0000] {processor.py:157} INFO - Started process (PID=278) to work on /home/airflow/.local/lib/python3.8/site-packages/airflow/example_dags/example_short_circuit_operator.py
[2023-12-08T02:41:20.599+0000] {processor.py:829} INFO - Processing file /home/airflow/.local/lib/python3.8/site-packages/airflow/example_dags/example_short_circuit_operator.py for tasks to queue
[2023-12-08T02:41:20.604+0000] {logging_mixin.py:154} INFO - [2023-12-08T02:41:20.604+0000] {dagbag.py:536} INFO - Filling up the DagBag from /home/airflow/.local/lib/python3.8/site-packages/airflow/example_dags/example_short_circuit_operator.py
[2023-12-08T02:41:20.623+0000] {processor.py:839} INFO - DAG(s) dict_keys(['example_short_circuit_operator']) retrieved from /home/airflow/.local/lib/python3.8/site-packages/airflow/example_dags/example_short_circuit_operator.py
[2023-12-08T02:41:20.675+0000] {logging_mixin.py:154} INFO - [2023-12-08T02:41:20.675+0000] {dag.py:2941} INFO - Sync 1 DAGs
[2023-12-08T02:41:20.722+0000] {logging_mixin.py:154} INFO - [2023-12-08T02:41:20.722+0000] {dag.py:3722} INFO - Setting next_dagrun for example_short_circuit_operator to 2023-12-07T02:41:20.721908+00:00, run_after=2023-12-08T02:41:20.721908+00:00
[2023-12-08T02:41:20.768+0000] {processor.py:179} INFO - Processing /home/airflow/.local/lib/python3.8/site-packages/airflow/example_dags/example_short_circuit_operator.py took 0.185 seconds
[2023-12-08T02:41:53.941+0000] {processor.py:157} INFO - Started process (PID=333) to work on /home/airflow/.local/lib/python3.8/site-packages/airflow/example_dags/example_short_circuit_operator.py
[2023-12-08T02:41:53.946+0000] {processor.py:829} INFO - Processing file /home/airflow/.local/lib/python3.8/site-packages/airflow/example_dags/example_short_circuit_operator.py for tasks to queue
[2023-12-08T02:41:53.959+0000] {logging_mixin.py:154} INFO - [2023-12-08T02:41:53.958+0000] {dagbag.py:536} INFO - Filling up the DagBag from /home/airflow/.local/lib/python3.8/site-packages/airflow/example_dags/example_short_circuit_operator.py
[2023-12-08T02:41:54.029+0000] {processor.py:839} INFO - DAG(s) dict_keys(['example_short_circuit_operator']) retrieved from /home/airflow/.local/lib/python3.8/site-packages/airflow/example_dags/example_short_circuit_operator.py
[2023-12-08T02:41:54.201+0000] {logging_mixin.py:154} INFO - [2023-12-08T02:41:54.200+0000] {dag.py:2941} INFO - Sync 1 DAGs
[2023-12-08T02:41:54.307+0000] {logging_mixin.py:154} INFO - [2023-12-08T02:41:54.306+0000] {dag.py:3722} INFO - Setting next_dagrun for example_short_circuit_operator to 2023-12-07T02:41:54.305299+00:00, run_after=2023-12-08T02:41:54.305299+00:00
[2023-12-08T02:41:54.390+0000] {processor.py:179} INFO - Processing /home/airflow/.local/lib/python3.8/site-packages/airflow/example_dags/example_short_circuit_operator.py took 0.467 seconds
[2023-12-08T02:42:25.922+0000] {processor.py:157} INFO - Started process (PID=387) to work on /home/airflow/.local/lib/python3.8/site-packages/airflow/example_dags/example_short_circuit_operator.py
[2023-12-08T02:42:25.924+0000] {processor.py:829} INFO - Processing file /home/airflow/.local/lib/python3.8/site-packages/airflow/example_dags/example_short_circuit_operator.py for tasks to queue
[2023-12-08T02:42:25.955+0000] {logging_mixin.py:154} INFO - [2023-12-08T02:42:25.954+0000] {dagbag.py:536} INFO - Filling up the DagBag from /home/airflow/.local/lib/python3.8/site-packages/airflow/example_dags/example_short_circuit_operator.py
[2023-12-08T02:42:26.131+0000] {processor.py:839} INFO - DAG(s) dict_keys(['example_short_circuit_operator']) retrieved from /home/airflow/.local/lib/python3.8/site-packages/airflow/example_dags/example_short_circuit_operator.py
[2023-12-08T02:42:26.702+0000] {logging_mixin.py:154} INFO - [2023-12-08T02:42:26.701+0000] {dag.py:2941} INFO - Sync 1 DAGs
[2023-12-08T02:42:27.000+0000] {logging_mixin.py:154} INFO - [2023-12-08T02:42:26.999+0000] {dag.py:3722} INFO - Setting next_dagrun for example_short_circuit_operator to 2023-12-07T02:42:26.998996+00:00, run_after=2023-12-08T02:42:26.998996+00:00
[2023-12-08T02:42:27.354+0000] {processor.py:179} INFO - Processing /home/airflow/.local/lib/python3.8/site-packages/airflow/example_dags/example_short_circuit_operator.py took 1.480 seconds
[2023-12-08T02:43:00.279+0000] {processor.py:157} INFO - Started process (PID=441) to work on /home/airflow/.local/lib/python3.8/site-packages/airflow/example_dags/example_short_circuit_operator.py
[2023-12-08T02:43:00.310+0000] {processor.py:829} INFO - Processing file /home/airflow/.local/lib/python3.8/site-packages/airflow/example_dags/example_short_circuit_operator.py for tasks to queue
[2023-12-08T02:43:00.356+0000] {logging_mixin.py:154} INFO - [2023-12-08T02:43:00.356+0000] {dagbag.py:536} INFO - Filling up the DagBag from /home/airflow/.local/lib/python3.8/site-packages/airflow/example_dags/example_short_circuit_operator.py
[2023-12-08T02:43:00.534+0000] {processor.py:839} INFO - DAG(s) dict_keys(['example_short_circuit_operator']) retrieved from /home/airflow/.local/lib/python3.8/site-packages/airflow/example_dags/example_short_circuit_operator.py
[2023-12-08T02:43:01.015+0000] {logging_mixin.py:154} INFO - [2023-12-08T02:43:01.014+0000] {dag.py:2941} INFO - Sync 1 DAGs
[2023-12-08T02:43:01.398+0000] {logging_mixin.py:154} INFO - [2023-12-08T02:43:01.398+0000] {dag.py:3722} INFO - Setting next_dagrun for example_short_circuit_operator to 2023-12-07T02:43:01.391892+00:00, run_after=2023-12-08T02:43:01.391892+00:00
[2023-12-08T02:43:01.626+0000] {processor.py:179} INFO - Processing /home/airflow/.local/lib/python3.8/site-packages/airflow/example_dags/example_short_circuit_operator.py took 1.398 seconds
[2023-12-08T02:43:32.151+0000] {processor.py:157} INFO - Started process (PID=494) to work on /home/airflow/.local/lib/python3.8/site-packages/airflow/example_dags/example_short_circuit_operator.py
[2023-12-08T02:43:32.165+0000] {processor.py:829} INFO - Processing file /home/airflow/.local/lib/python3.8/site-packages/airflow/example_dags/example_short_circuit_operator.py for tasks to queue
[2023-12-08T02:43:32.183+0000] {logging_mixin.py:154} INFO - [2023-12-08T02:43:32.182+0000] {dagbag.py:536} INFO - Filling up the DagBag from /home/airflow/.local/lib/python3.8/site-packages/airflow/example_dags/example_short_circuit_operator.py
[2023-12-08T02:43:32.277+0000] {processor.py:839} INFO - DAG(s) dict_keys(['example_short_circuit_operator']) retrieved from /home/airflow/.local/lib/python3.8/site-packages/airflow/example_dags/example_short_circuit_operator.py
[2023-12-08T02:43:32.521+0000] {logging_mixin.py:154} INFO - [2023-12-08T02:43:32.520+0000] {dag.py:2941} INFO - Sync 1 DAGs
[2023-12-08T02:43:32.731+0000] {logging_mixin.py:154} INFO - [2023-12-08T02:43:32.730+0000] {dag.py:3722} INFO - Setting next_dagrun for example_short_circuit_operator to 2023-12-07T02:43:32.729583+00:00, run_after=2023-12-08T02:43:32.729583+00:00
[2023-12-08T02:43:32.856+0000] {processor.py:179} INFO - Processing /home/airflow/.local/lib/python3.8/site-packages/airflow/example_dags/example_short_circuit_operator.py took 0.740 seconds
[2023-12-08T02:44:03.402+0000] {processor.py:157} INFO - Started process (PID=548) to work on /home/airflow/.local/lib/python3.8/site-packages/airflow/example_dags/example_short_circuit_operator.py
[2023-12-08T02:44:03.410+0000] {processor.py:829} INFO - Processing file /home/airflow/.local/lib/python3.8/site-packages/airflow/example_dags/example_short_circuit_operator.py for tasks to queue
[2023-12-08T02:44:03.415+0000] {logging_mixin.py:154} INFO - [2023-12-08T02:44:03.415+0000] {dagbag.py:536} INFO - Filling up the DagBag from /home/airflow/.local/lib/python3.8/site-packages/airflow/example_dags/example_short_circuit_operator.py
[2023-12-08T02:44:03.442+0000] {processor.py:839} INFO - DAG(s) dict_keys(['example_short_circuit_operator']) retrieved from /home/airflow/.local/lib/python3.8/site-packages/airflow/example_dags/example_short_circuit_operator.py
[2023-12-08T02:44:03.526+0000] {logging_mixin.py:154} INFO - [2023-12-08T02:44:03.526+0000] {dag.py:2941} INFO - Sync 1 DAGs
[2023-12-08T02:44:03.603+0000] {logging_mixin.py:154} INFO - [2023-12-08T02:44:03.602+0000] {dag.py:3722} INFO - Setting next_dagrun for example_short_circuit_operator to 2023-12-07T02:44:03.602346+00:00, run_after=2023-12-08T02:44:03.602346+00:00
[2023-12-08T02:44:03.647+0000] {processor.py:179} INFO - Processing /home/airflow/.local/lib/python3.8/site-packages/airflow/example_dags/example_short_circuit_operator.py took 0.254 seconds
[2023-12-08T02:44:33.797+0000] {processor.py:157} INFO - Started process (PID=603) to work on /home/airflow/.local/lib/python3.8/site-packages/airflow/example_dags/example_short_circuit_operator.py
[2023-12-08T02:44:33.799+0000] {processor.py:829} INFO - Processing file /home/airflow/.local/lib/python3.8/site-packages/airflow/example_dags/example_short_circuit_operator.py for tasks to queue
[2023-12-08T02:44:33.803+0000] {logging_mixin.py:154} INFO - [2023-12-08T02:44:33.802+0000] {dagbag.py:536} INFO - Filling up the DagBag from /home/airflow/.local/lib/python3.8/site-packages/airflow/example_dags/example_short_circuit_operator.py
[2023-12-08T02:44:33.816+0000] {processor.py:839} INFO - DAG(s) dict_keys(['example_short_circuit_operator']) retrieved from /home/airflow/.local/lib/python3.8/site-packages/airflow/example_dags/example_short_circuit_operator.py
[2023-12-08T02:44:33.883+0000] {logging_mixin.py:154} INFO - [2023-12-08T02:44:33.882+0000] {dag.py:2941} INFO - Sync 1 DAGs
[2023-12-08T02:44:33.948+0000] {logging_mixin.py:154} INFO - [2023-12-08T02:44:33.947+0000] {dag.py:3722} INFO - Setting next_dagrun for example_short_circuit_operator to 2023-12-07T02:44:33.947330+00:00, run_after=2023-12-08T02:44:33.947330+00:00
[2023-12-08T02:44:34.003+0000] {processor.py:179} INFO - Processing /home/airflow/.local/lib/python3.8/site-packages/airflow/example_dags/example_short_circuit_operator.py took 0.212 seconds
[2023-12-08T02:45:04.624+0000] {processor.py:157} INFO - Started process (PID=657) to work on /home/airflow/.local/lib/python3.8/site-packages/airflow/example_dags/example_short_circuit_operator.py
[2023-12-08T02:45:04.627+0000] {processor.py:829} INFO - Processing file /home/airflow/.local/lib/python3.8/site-packages/airflow/example_dags/example_short_circuit_operator.py for tasks to queue
[2023-12-08T02:45:04.633+0000] {logging_mixin.py:154} INFO - [2023-12-08T02:45:04.632+0000] {dagbag.py:536} INFO - Filling up the DagBag from /home/airflow/.local/lib/python3.8/site-packages/airflow/example_dags/example_short_circuit_operator.py
[2023-12-08T02:45:04.655+0000] {processor.py:839} INFO - DAG(s) dict_keys(['example_short_circuit_operator']) retrieved from /home/airflow/.local/lib/python3.8/site-packages/airflow/example_dags/example_short_circuit_operator.py
[2023-12-08T02:45:04.758+0000] {logging_mixin.py:154} INFO - [2023-12-08T02:45:04.757+0000] {dag.py:2941} INFO - Sync 1 DAGs
[2023-12-08T02:45:04.894+0000] {logging_mixin.py:154} INFO - [2023-12-08T02:45:04.893+0000] {dag.py:3722} INFO - Setting next_dagrun for example_short_circuit_operator to 2023-12-07T02:45:04.888533+00:00, run_after=2023-12-08T02:45:04.888533+00:00
[2023-12-08T02:45:04.962+0000] {processor.py:179} INFO - Processing /home/airflow/.local/lib/python3.8/site-packages/airflow/example_dags/example_short_circuit_operator.py took 0.347 seconds
[2023-12-08T02:45:35.394+0000] {processor.py:157} INFO - Started process (PID=710) to work on /home/airflow/.local/lib/python3.8/site-packages/airflow/example_dags/example_short_circuit_operator.py
[2023-12-08T02:45:35.460+0000] {processor.py:829} INFO - Processing file /home/airflow/.local/lib/python3.8/site-packages/airflow/example_dags/example_short_circuit_operator.py for tasks to queue
[2023-12-08T02:45:35.541+0000] {logging_mixin.py:154} INFO - [2023-12-08T02:45:35.540+0000] {dagbag.py:536} INFO - Filling up the DagBag from /home/airflow/.local/lib/python3.8/site-packages/airflow/example_dags/example_short_circuit_operator.py
[2023-12-08T02:45:35.689+0000] {processor.py:839} INFO - DAG(s) dict_keys(['example_short_circuit_operator']) retrieved from /home/airflow/.local/lib/python3.8/site-packages/airflow/example_dags/example_short_circuit_operator.py
[2023-12-08T02:45:36.190+0000] {logging_mixin.py:154} INFO - [2023-12-08T02:45:36.189+0000] {dag.py:2941} INFO - Sync 1 DAGs
[2023-12-08T02:45:36.513+0000] {logging_mixin.py:154} INFO - [2023-12-08T02:45:36.512+0000] {dag.py:3722} INFO - Setting next_dagrun for example_short_circuit_operator to 2023-12-07T02:45:36.511913+00:00, run_after=2023-12-08T02:45:36.511913+00:00
[2023-12-08T02:45:36.987+0000] {processor.py:179} INFO - Processing /home/airflow/.local/lib/python3.8/site-packages/airflow/example_dags/example_short_circuit_operator.py took 1.668 seconds
[2023-12-08T02:46:07.930+0000] {processor.py:157} INFO - Started process (PID=763) to work on /home/airflow/.local/lib/python3.8/site-packages/airflow/example_dags/example_short_circuit_operator.py
[2023-12-08T02:46:07.943+0000] {processor.py:829} INFO - Processing file /home/airflow/.local/lib/python3.8/site-packages/airflow/example_dags/example_short_circuit_operator.py for tasks to queue
[2023-12-08T02:46:07.961+0000] {logging_mixin.py:154} INFO - [2023-12-08T02:46:07.960+0000] {dagbag.py:536} INFO - Filling up the DagBag from /home/airflow/.local/lib/python3.8/site-packages/airflow/example_dags/example_short_circuit_operator.py
[2023-12-08T02:46:08.028+0000] {processor.py:839} INFO - DAG(s) dict_keys(['example_short_circuit_operator']) retrieved from /home/airflow/.local/lib/python3.8/site-packages/airflow/example_dags/example_short_circuit_operator.py
[2023-12-08T02:46:08.136+0000] {logging_mixin.py:154} INFO - [2023-12-08T02:46:08.136+0000] {dag.py:2941} INFO - Sync 1 DAGs
[2023-12-08T02:46:08.216+0000] {logging_mixin.py:154} INFO - [2023-12-08T02:46:08.215+0000] {dag.py:3722} INFO - Setting next_dagrun for example_short_circuit_operator to 2023-12-07T02:46:08.215281+00:00, run_after=2023-12-08T02:46:08.215281+00:00
[2023-12-08T02:46:08.308+0000] {processor.py:179} INFO - Processing /home/airflow/.local/lib/python3.8/site-packages/airflow/example_dags/example_short_circuit_operator.py took 0.412 seconds
[2023-12-08T02:46:51.777+0000] {processor.py:157} INFO - Started process (PID=817) to work on /home/airflow/.local/lib/python3.8/site-packages/airflow/example_dags/example_short_circuit_operator.py
[2023-12-08T02:46:51.791+0000] {processor.py:829} INFO - Processing file /home/airflow/.local/lib/python3.8/site-packages/airflow/example_dags/example_short_circuit_operator.py for tasks to queue
[2023-12-08T02:46:51.806+0000] {logging_mixin.py:154} INFO - [2023-12-08T02:46:51.806+0000] {dagbag.py:536} INFO - Filling up the DagBag from /home/airflow/.local/lib/python3.8/site-packages/airflow/example_dags/example_short_circuit_operator.py
[2023-12-08T02:46:51.885+0000] {processor.py:839} INFO - DAG(s) dict_keys(['example_short_circuit_operator']) retrieved from /home/airflow/.local/lib/python3.8/site-packages/airflow/example_dags/example_short_circuit_operator.py
[2023-12-08T02:46:52.103+0000] {logging_mixin.py:154} INFO - [2023-12-08T02:46:52.102+0000] {dag.py:2941} INFO - Sync 1 DAGs
[2023-12-08T02:46:52.334+0000] {logging_mixin.py:154} INFO - [2023-12-08T02:46:52.333+0000] {dag.py:3722} INFO - Setting next_dagrun for example_short_circuit_operator to 2023-12-07T02:46:52.332281+00:00, run_after=2023-12-08T02:46:52.332281+00:00
[2023-12-08T02:46:52.468+0000] {processor.py:179} INFO - Processing /home/airflow/.local/lib/python3.8/site-packages/airflow/example_dags/example_short_circuit_operator.py took 0.740 seconds
[2023-12-08T02:47:22.942+0000] {processor.py:157} INFO - Started process (PID=871) to work on /home/airflow/.local/lib/python3.8/site-packages/airflow/example_dags/example_short_circuit_operator.py
[2023-12-08T02:47:22.944+0000] {processor.py:829} INFO - Processing file /home/airflow/.local/lib/python3.8/site-packages/airflow/example_dags/example_short_circuit_operator.py for tasks to queue
[2023-12-08T02:47:22.948+0000] {logging_mixin.py:154} INFO - [2023-12-08T02:47:22.947+0000] {dagbag.py:536} INFO - Filling up the DagBag from /home/airflow/.local/lib/python3.8/site-packages/airflow/example_dags/example_short_circuit_operator.py
[2023-12-08T02:47:22.962+0000] {processor.py:839} INFO - DAG(s) dict_keys(['example_short_circuit_operator']) retrieved from /home/airflow/.local/lib/python3.8/site-packages/airflow/example_dags/example_short_circuit_operator.py
[2023-12-08T02:47:23.026+0000] {logging_mixin.py:154} INFO - [2023-12-08T02:47:23.025+0000] {dag.py:2941} INFO - Sync 1 DAGs
[2023-12-08T02:47:23.081+0000] {logging_mixin.py:154} INFO - [2023-12-08T02:47:23.081+0000] {dag.py:3722} INFO - Setting next_dagrun for example_short_circuit_operator to 2023-12-07T02:47:23.080916+00:00, run_after=2023-12-08T02:47:23.080916+00:00
[2023-12-08T02:47:23.153+0000] {processor.py:179} INFO - Processing /home/airflow/.local/lib/python3.8/site-packages/airflow/example_dags/example_short_circuit_operator.py took 0.220 seconds
[2023-12-08T02:47:54.428+0000] {processor.py:157} INFO - Started process (PID=925) to work on /home/airflow/.local/lib/python3.8/site-packages/airflow/example_dags/example_short_circuit_operator.py
[2023-12-08T02:47:54.429+0000] {processor.py:829} INFO - Processing file /home/airflow/.local/lib/python3.8/site-packages/airflow/example_dags/example_short_circuit_operator.py for tasks to queue
[2023-12-08T02:47:54.444+0000] {logging_mixin.py:154} INFO - [2023-12-08T02:47:54.444+0000] {dagbag.py:536} INFO - Filling up the DagBag from /home/airflow/.local/lib/python3.8/site-packages/airflow/example_dags/example_short_circuit_operator.py
[2023-12-08T02:47:54.487+0000] {processor.py:839} INFO - DAG(s) dict_keys(['example_short_circuit_operator']) retrieved from /home/airflow/.local/lib/python3.8/site-packages/airflow/example_dags/example_short_circuit_operator.py
[2023-12-08T02:47:54.663+0000] {logging_mixin.py:154} INFO - [2023-12-08T02:47:54.663+0000] {dag.py:2941} INFO - Sync 1 DAGs
[2023-12-08T02:47:54.877+0000] {logging_mixin.py:154} INFO - [2023-12-08T02:47:54.877+0000] {dag.py:3722} INFO - Setting next_dagrun for example_short_circuit_operator to 2023-12-07T02:47:54.876211+00:00, run_after=2023-12-08T02:47:54.876211+00:00
[2023-12-08T02:47:55.675+0000] {processor.py:179} INFO - Processing /home/airflow/.local/lib/python3.8/site-packages/airflow/example_dags/example_short_circuit_operator.py took 1.273 seconds
[2023-12-08T02:48:26.145+0000] {processor.py:157} INFO - Started process (PID=986) to work on /home/airflow/.local/lib/python3.8/site-packages/airflow/example_dags/example_short_circuit_operator.py
[2023-12-08T02:48:26.148+0000] {processor.py:829} INFO - Processing file /home/airflow/.local/lib/python3.8/site-packages/airflow/example_dags/example_short_circuit_operator.py for tasks to queue
[2023-12-08T02:48:26.153+0000] {logging_mixin.py:154} INFO - [2023-12-08T02:48:26.152+0000] {dagbag.py:536} INFO - Filling up the DagBag from /home/airflow/.local/lib/python3.8/site-packages/airflow/example_dags/example_short_circuit_operator.py
[2023-12-08T02:48:26.172+0000] {processor.py:839} INFO - DAG(s) dict_keys(['example_short_circuit_operator']) retrieved from /home/airflow/.local/lib/python3.8/site-packages/airflow/example_dags/example_short_circuit_operator.py
[2023-12-08T02:48:26.260+0000] {logging_mixin.py:154} INFO - [2023-12-08T02:48:26.260+0000] {dag.py:2941} INFO - Sync 1 DAGs
[2023-12-08T02:48:26.340+0000] {logging_mixin.py:154} INFO - [2023-12-08T02:48:26.339+0000] {dag.py:3722} INFO - Setting next_dagrun for example_short_circuit_operator to 2023-12-07T02:48:26.338926+00:00, run_after=2023-12-08T02:48:26.338926+00:00
[2023-12-08T02:48:26.407+0000] {processor.py:179} INFO - Processing /home/airflow/.local/lib/python3.8/site-packages/airflow/example_dags/example_short_circuit_operator.py took 0.276 seconds
[2023-12-08T02:48:57.396+0000] {processor.py:157} INFO - Started process (PID=1037) to work on /home/airflow/.local/lib/python3.8/site-packages/airflow/example_dags/example_short_circuit_operator.py
[2023-12-08T02:48:57.406+0000] {processor.py:829} INFO - Processing file /home/airflow/.local/lib/python3.8/site-packages/airflow/example_dags/example_short_circuit_operator.py for tasks to queue
[2023-12-08T02:48:57.412+0000] {logging_mixin.py:154} INFO - [2023-12-08T02:48:57.412+0000] {dagbag.py:536} INFO - Filling up the DagBag from /home/airflow/.local/lib/python3.8/site-packages/airflow/example_dags/example_short_circuit_operator.py
[2023-12-08T02:48:57.447+0000] {processor.py:839} INFO - DAG(s) dict_keys(['example_short_circuit_operator']) retrieved from /home/airflow/.local/lib/python3.8/site-packages/airflow/example_dags/example_short_circuit_operator.py
[2023-12-08T02:48:57.618+0000] {logging_mixin.py:154} INFO - [2023-12-08T02:48:57.618+0000] {dag.py:2941} INFO - Sync 1 DAGs
[2023-12-08T02:48:57.786+0000] {logging_mixin.py:154} INFO - [2023-12-08T02:48:57.785+0000] {dag.py:3722} INFO - Setting next_dagrun for example_short_circuit_operator to 2023-12-07T02:48:57.784965+00:00, run_after=2023-12-08T02:48:57.784965+00:00
[2023-12-08T02:48:57.874+0000] {processor.py:179} INFO - Processing /home/airflow/.local/lib/python3.8/site-packages/airflow/example_dags/example_short_circuit_operator.py took 0.495 seconds
[2023-12-08T02:49:28.514+0000] {processor.py:157} INFO - Started process (PID=1091) to work on /home/airflow/.local/lib/python3.8/site-packages/airflow/example_dags/example_short_circuit_operator.py
[2023-12-08T02:49:28.517+0000] {processor.py:829} INFO - Processing file /home/airflow/.local/lib/python3.8/site-packages/airflow/example_dags/example_short_circuit_operator.py for tasks to queue
[2023-12-08T02:49:28.522+0000] {logging_mixin.py:154} INFO - [2023-12-08T02:49:28.521+0000] {dagbag.py:536} INFO - Filling up the DagBag from /home/airflow/.local/lib/python3.8/site-packages/airflow/example_dags/example_short_circuit_operator.py
[2023-12-08T02:49:28.549+0000] {processor.py:839} INFO - DAG(s) dict_keys(['example_short_circuit_operator']) retrieved from /home/airflow/.local/lib/python3.8/site-packages/airflow/example_dags/example_short_circuit_operator.py
[2023-12-08T02:49:28.613+0000] {logging_mixin.py:154} INFO - [2023-12-08T02:49:28.613+0000] {dag.py:2941} INFO - Sync 1 DAGs
[2023-12-08T02:49:28.689+0000] {logging_mixin.py:154} INFO - [2023-12-08T02:49:28.688+0000] {dag.py:3722} INFO - Setting next_dagrun for example_short_circuit_operator to 2023-12-07T02:49:28.687814+00:00, run_after=2023-12-08T02:49:28.687814+00:00
[2023-12-08T02:49:28.751+0000] {processor.py:179} INFO - Processing /home/airflow/.local/lib/python3.8/site-packages/airflow/example_dags/example_short_circuit_operator.py took 0.250 seconds
[2023-12-08T02:49:59.559+0000] {processor.py:157} INFO - Started process (PID=1146) to work on /home/airflow/.local/lib/python3.8/site-packages/airflow/example_dags/example_short_circuit_operator.py
[2023-12-08T02:49:59.563+0000] {processor.py:829} INFO - Processing file /home/airflow/.local/lib/python3.8/site-packages/airflow/example_dags/example_short_circuit_operator.py for tasks to queue
[2023-12-08T02:49:59.568+0000] {logging_mixin.py:154} INFO - [2023-12-08T02:49:59.567+0000] {dagbag.py:536} INFO - Filling up the DagBag from /home/airflow/.local/lib/python3.8/site-packages/airflow/example_dags/example_short_circuit_operator.py
[2023-12-08T02:49:59.596+0000] {processor.py:839} INFO - DAG(s) dict_keys(['example_short_circuit_operator']) retrieved from /home/airflow/.local/lib/python3.8/site-packages/airflow/example_dags/example_short_circuit_operator.py
[2023-12-08T02:49:59.695+0000] {logging_mixin.py:154} INFO - [2023-12-08T02:49:59.694+0000] {dag.py:2941} INFO - Sync 1 DAGs
[2023-12-08T02:49:59.767+0000] {logging_mixin.py:154} INFO - [2023-12-08T02:49:59.767+0000] {dag.py:3722} INFO - Setting next_dagrun for example_short_circuit_operator to 2023-12-07T02:49:59.767190+00:00, run_after=2023-12-08T02:49:59.767190+00:00
[2023-12-08T02:50:00.107+0000] {processor.py:179} INFO - Processing /home/airflow/.local/lib/python3.8/site-packages/airflow/example_dags/example_short_circuit_operator.py took 0.559 seconds
[2023-12-08T02:50:31.032+0000] {processor.py:157} INFO - Started process (PID=1199) to work on /home/airflow/.local/lib/python3.8/site-packages/airflow/example_dags/example_short_circuit_operator.py
[2023-12-08T02:50:31.036+0000] {processor.py:829} INFO - Processing file /home/airflow/.local/lib/python3.8/site-packages/airflow/example_dags/example_short_circuit_operator.py for tasks to queue
[2023-12-08T02:50:31.046+0000] {logging_mixin.py:154} INFO - [2023-12-08T02:50:31.045+0000] {dagbag.py:536} INFO - Filling up the DagBag from /home/airflow/.local/lib/python3.8/site-packages/airflow/example_dags/example_short_circuit_operator.py
[2023-12-08T02:50:31.088+0000] {processor.py:839} INFO - DAG(s) dict_keys(['example_short_circuit_operator']) retrieved from /home/airflow/.local/lib/python3.8/site-packages/airflow/example_dags/example_short_circuit_operator.py
[2023-12-08T02:50:31.190+0000] {logging_mixin.py:154} INFO - [2023-12-08T02:50:31.189+0000] {dag.py:2941} INFO - Sync 1 DAGs
[2023-12-08T02:50:31.323+0000] {logging_mixin.py:154} INFO - [2023-12-08T02:50:31.322+0000] {dag.py:3722} INFO - Setting next_dagrun for example_short_circuit_operator to 2023-12-07T02:50:31.321482+00:00, run_after=2023-12-08T02:50:31.321482+00:00
[2023-12-08T02:50:31.441+0000] {processor.py:179} INFO - Processing /home/airflow/.local/lib/python3.8/site-packages/airflow/example_dags/example_short_circuit_operator.py took 0.418 seconds
[2023-12-08T02:51:02.384+0000] {processor.py:157} INFO - Started process (PID=1253) to work on /home/airflow/.local/lib/python3.8/site-packages/airflow/example_dags/example_short_circuit_operator.py
[2023-12-08T02:51:02.386+0000] {processor.py:829} INFO - Processing file /home/airflow/.local/lib/python3.8/site-packages/airflow/example_dags/example_short_circuit_operator.py for tasks to queue
[2023-12-08T02:51:02.407+0000] {logging_mixin.py:154} INFO - [2023-12-08T02:51:02.404+0000] {dagbag.py:536} INFO - Filling up the DagBag from /home/airflow/.local/lib/python3.8/site-packages/airflow/example_dags/example_short_circuit_operator.py
[2023-12-08T02:51:02.436+0000] {processor.py:839} INFO - DAG(s) dict_keys(['example_short_circuit_operator']) retrieved from /home/airflow/.local/lib/python3.8/site-packages/airflow/example_dags/example_short_circuit_operator.py
[2023-12-08T02:51:02.508+0000] {logging_mixin.py:154} INFO - [2023-12-08T02:51:02.507+0000] {dag.py:2941} INFO - Sync 1 DAGs
[2023-12-08T02:51:02.570+0000] {logging_mixin.py:154} INFO - [2023-12-08T02:51:02.570+0000] {dag.py:3722} INFO - Setting next_dagrun for example_short_circuit_operator to 2023-12-07T02:51:02.569752+00:00, run_after=2023-12-08T02:51:02.569752+00:00
[2023-12-08T02:51:02.614+0000] {processor.py:179} INFO - Processing /home/airflow/.local/lib/python3.8/site-packages/airflow/example_dags/example_short_circuit_operator.py took 0.243 seconds
[2023-12-08T02:51:33.327+0000] {processor.py:157} INFO - Started process (PID=1307) to work on /home/airflow/.local/lib/python3.8/site-packages/airflow/example_dags/example_short_circuit_operator.py
[2023-12-08T02:51:33.331+0000] {processor.py:829} INFO - Processing file /home/airflow/.local/lib/python3.8/site-packages/airflow/example_dags/example_short_circuit_operator.py for tasks to queue
[2023-12-08T02:51:33.337+0000] {logging_mixin.py:154} INFO - [2023-12-08T02:51:33.336+0000] {dagbag.py:536} INFO - Filling up the DagBag from /home/airflow/.local/lib/python3.8/site-packages/airflow/example_dags/example_short_circuit_operator.py
[2023-12-08T02:51:33.357+0000] {processor.py:839} INFO - DAG(s) dict_keys(['example_short_circuit_operator']) retrieved from /home/airflow/.local/lib/python3.8/site-packages/airflow/example_dags/example_short_circuit_operator.py
[2023-12-08T02:51:33.417+0000] {logging_mixin.py:154} INFO - [2023-12-08T02:51:33.417+0000] {dag.py:2941} INFO - Sync 1 DAGs
[2023-12-08T02:51:33.755+0000] {logging_mixin.py:154} INFO - [2023-12-08T02:51:33.754+0000] {dag.py:3722} INFO - Setting next_dagrun for example_short_circuit_operator to 2023-12-07T02:51:33.753719+00:00, run_after=2023-12-08T02:51:33.753719+00:00
[2023-12-08T02:51:33.830+0000] {processor.py:179} INFO - Processing /home/airflow/.local/lib/python3.8/site-packages/airflow/example_dags/example_short_circuit_operator.py took 0.517 seconds
[2023-12-08T02:52:04.343+0000] {processor.py:157} INFO - Started process (PID=1360) to work on /home/airflow/.local/lib/python3.8/site-packages/airflow/example_dags/example_short_circuit_operator.py
[2023-12-08T02:52:04.349+0000] {processor.py:829} INFO - Processing file /home/airflow/.local/lib/python3.8/site-packages/airflow/example_dags/example_short_circuit_operator.py for tasks to queue
[2023-12-08T02:52:04.359+0000] {logging_mixin.py:154} INFO - [2023-12-08T02:52:04.358+0000] {dagbag.py:536} INFO - Filling up the DagBag from /home/airflow/.local/lib/python3.8/site-packages/airflow/example_dags/example_short_circuit_operator.py
[2023-12-08T02:52:04.385+0000] {processor.py:839} INFO - DAG(s) dict_keys(['example_short_circuit_operator']) retrieved from /home/airflow/.local/lib/python3.8/site-packages/airflow/example_dags/example_short_circuit_operator.py
[2023-12-08T02:52:04.460+0000] {logging_mixin.py:154} INFO - [2023-12-08T02:52:04.460+0000] {dag.py:2941} INFO - Sync 1 DAGs
[2023-12-08T02:52:04.553+0000] {logging_mixin.py:154} INFO - [2023-12-08T02:52:04.553+0000] {dag.py:3722} INFO - Setting next_dagrun for example_short_circuit_operator to 2023-12-07T02:52:04.552444+00:00, run_after=2023-12-08T02:52:04.552444+00:00
[2023-12-08T02:52:04.605+0000] {processor.py:179} INFO - Processing /home/airflow/.local/lib/python3.8/site-packages/airflow/example_dags/example_short_circuit_operator.py took 0.271 seconds
[2023-12-08T02:52:35.238+0000] {processor.py:157} INFO - Started process (PID=1414) to work on /home/airflow/.local/lib/python3.8/site-packages/airflow/example_dags/example_short_circuit_operator.py
[2023-12-08T02:52:35.241+0000] {processor.py:829} INFO - Processing file /home/airflow/.local/lib/python3.8/site-packages/airflow/example_dags/example_short_circuit_operator.py for tasks to queue
[2023-12-08T02:52:35.247+0000] {logging_mixin.py:154} INFO - [2023-12-08T02:52:35.246+0000] {dagbag.py:536} INFO - Filling up the DagBag from /home/airflow/.local/lib/python3.8/site-packages/airflow/example_dags/example_short_circuit_operator.py
[2023-12-08T02:52:35.272+0000] {processor.py:839} INFO - DAG(s) dict_keys(['example_short_circuit_operator']) retrieved from /home/airflow/.local/lib/python3.8/site-packages/airflow/example_dags/example_short_circuit_operator.py
[2023-12-08T02:52:35.339+0000] {logging_mixin.py:154} INFO - [2023-12-08T02:52:35.339+0000] {dag.py:2941} INFO - Sync 1 DAGs
[2023-12-08T02:52:35.409+0000] {logging_mixin.py:154} INFO - [2023-12-08T02:52:35.409+0000] {dag.py:3722} INFO - Setting next_dagrun for example_short_circuit_operator to 2023-12-07T02:52:35.408809+00:00, run_after=2023-12-08T02:52:35.408809+00:00
[2023-12-08T02:52:35.473+0000] {processor.py:179} INFO - Processing /home/airflow/.local/lib/python3.8/site-packages/airflow/example_dags/example_short_circuit_operator.py took 0.247 seconds
[2023-12-08T02:53:05.652+0000] {processor.py:157} INFO - Started process (PID=1469) to work on /home/airflow/.local/lib/python3.8/site-packages/airflow/example_dags/example_short_circuit_operator.py
[2023-12-08T02:53:05.655+0000] {processor.py:829} INFO - Processing file /home/airflow/.local/lib/python3.8/site-packages/airflow/example_dags/example_short_circuit_operator.py for tasks to queue
[2023-12-08T02:53:05.662+0000] {logging_mixin.py:154} INFO - [2023-12-08T02:53:05.661+0000] {dagbag.py:536} INFO - Filling up the DagBag from /home/airflow/.local/lib/python3.8/site-packages/airflow/example_dags/example_short_circuit_operator.py
[2023-12-08T02:53:05.684+0000] {processor.py:839} INFO - DAG(s) dict_keys(['example_short_circuit_operator']) retrieved from /home/airflow/.local/lib/python3.8/site-packages/airflow/example_dags/example_short_circuit_operator.py
[2023-12-08T02:53:05.739+0000] {logging_mixin.py:154} INFO - [2023-12-08T02:53:05.738+0000] {dag.py:2941} INFO - Sync 1 DAGs
[2023-12-08T02:53:05.791+0000] {logging_mixin.py:154} INFO - [2023-12-08T02:53:05.791+0000] {dag.py:3722} INFO - Setting next_dagrun for example_short_circuit_operator to 2023-12-07T02:53:05.790654+00:00, run_after=2023-12-08T02:53:05.790654+00:00
[2023-12-08T02:53:05.835+0000] {processor.py:179} INFO - Processing /home/airflow/.local/lib/python3.8/site-packages/airflow/example_dags/example_short_circuit_operator.py took 0.208 seconds
[2023-12-08T02:53:36.288+0000] {processor.py:157} INFO - Started process (PID=1522) to work on /home/airflow/.local/lib/python3.8/site-packages/airflow/example_dags/example_short_circuit_operator.py
[2023-12-08T02:53:36.292+0000] {processor.py:829} INFO - Processing file /home/airflow/.local/lib/python3.8/site-packages/airflow/example_dags/example_short_circuit_operator.py for tasks to queue
[2023-12-08T02:53:36.299+0000] {logging_mixin.py:154} INFO - [2023-12-08T02:53:36.298+0000] {dagbag.py:536} INFO - Filling up the DagBag from /home/airflow/.local/lib/python3.8/site-packages/airflow/example_dags/example_short_circuit_operator.py
[2023-12-08T02:53:36.365+0000] {processor.py:839} INFO - DAG(s) dict_keys(['example_short_circuit_operator']) retrieved from /home/airflow/.local/lib/python3.8/site-packages/airflow/example_dags/example_short_circuit_operator.py
[2023-12-08T02:53:36.485+0000] {logging_mixin.py:154} INFO - [2023-12-08T02:53:36.485+0000] {dag.py:2941} INFO - Sync 1 DAGs
[2023-12-08T02:53:36.609+0000] {logging_mixin.py:154} INFO - [2023-12-08T02:53:36.609+0000] {dag.py:3722} INFO - Setting next_dagrun for example_short_circuit_operator to 2023-12-07T02:53:36.608755+00:00, run_after=2023-12-08T02:53:36.608755+00:00
[2023-12-08T02:53:36.697+0000] {processor.py:179} INFO - Processing /home/airflow/.local/lib/python3.8/site-packages/airflow/example_dags/example_short_circuit_operator.py took 0.439 seconds
[2023-12-08T02:54:07.758+0000] {processor.py:157} INFO - Started process (PID=1577) to work on /home/airflow/.local/lib/python3.8/site-packages/airflow/example_dags/example_short_circuit_operator.py
[2023-12-08T02:54:07.783+0000] {processor.py:829} INFO - Processing file /home/airflow/.local/lib/python3.8/site-packages/airflow/example_dags/example_short_circuit_operator.py for tasks to queue
[2023-12-08T02:54:07.803+0000] {logging_mixin.py:154} INFO - [2023-12-08T02:54:07.803+0000] {dagbag.py:536} INFO - Filling up the DagBag from /home/airflow/.local/lib/python3.8/site-packages/airflow/example_dags/example_short_circuit_operator.py
[2023-12-08T02:54:07.868+0000] {processor.py:839} INFO - DAG(s) dict_keys(['example_short_circuit_operator']) retrieved from /home/airflow/.local/lib/python3.8/site-packages/airflow/example_dags/example_short_circuit_operator.py
[2023-12-08T02:54:07.981+0000] {logging_mixin.py:154} INFO - [2023-12-08T02:54:07.980+0000] {dag.py:2941} INFO - Sync 1 DAGs
[2023-12-08T02:54:08.130+0000] {logging_mixin.py:154} INFO - [2023-12-08T02:54:08.129+0000] {dag.py:3722} INFO - Setting next_dagrun for example_short_circuit_operator to 2023-12-07T02:54:08.129019+00:00, run_after=2023-12-08T02:54:08.129019+00:00
[2023-12-08T02:54:08.219+0000] {processor.py:179} INFO - Processing /home/airflow/.local/lib/python3.8/site-packages/airflow/example_dags/example_short_circuit_operator.py took 0.470 seconds
[2023-12-08T02:54:38.570+0000] {processor.py:157} INFO - Started process (PID=1631) to work on /home/airflow/.local/lib/python3.8/site-packages/airflow/example_dags/example_short_circuit_operator.py
[2023-12-08T02:54:38.578+0000] {processor.py:829} INFO - Processing file /home/airflow/.local/lib/python3.8/site-packages/airflow/example_dags/example_short_circuit_operator.py for tasks to queue
[2023-12-08T02:54:38.591+0000] {logging_mixin.py:154} INFO - [2023-12-08T02:54:38.590+0000] {dagbag.py:536} INFO - Filling up the DagBag from /home/airflow/.local/lib/python3.8/site-packages/airflow/example_dags/example_short_circuit_operator.py
[2023-12-08T02:54:38.614+0000] {processor.py:839} INFO - DAG(s) dict_keys(['example_short_circuit_operator']) retrieved from /home/airflow/.local/lib/python3.8/site-packages/airflow/example_dags/example_short_circuit_operator.py
[2023-12-08T02:54:38.689+0000] {logging_mixin.py:154} INFO - [2023-12-08T02:54:38.688+0000] {dag.py:2941} INFO - Sync 1 DAGs
[2023-12-08T02:54:38.752+0000] {logging_mixin.py:154} INFO - [2023-12-08T02:54:38.752+0000] {dag.py:3722} INFO - Setting next_dagrun for example_short_circuit_operator to 2023-12-07T02:54:38.751769+00:00, run_after=2023-12-08T02:54:38.751769+00:00
[2023-12-08T02:54:38.808+0000] {processor.py:179} INFO - Processing /home/airflow/.local/lib/python3.8/site-packages/airflow/example_dags/example_short_circuit_operator.py took 0.260 seconds
[2023-12-08T02:55:09.040+0000] {processor.py:157} INFO - Started process (PID=1685) to work on /home/airflow/.local/lib/python3.8/site-packages/airflow/example_dags/example_short_circuit_operator.py
[2023-12-08T02:55:09.043+0000] {processor.py:829} INFO - Processing file /home/airflow/.local/lib/python3.8/site-packages/airflow/example_dags/example_short_circuit_operator.py for tasks to queue
[2023-12-08T02:55:09.049+0000] {logging_mixin.py:154} INFO - [2023-12-08T02:55:09.049+0000] {dagbag.py:536} INFO - Filling up the DagBag from /home/airflow/.local/lib/python3.8/site-packages/airflow/example_dags/example_short_circuit_operator.py
[2023-12-08T02:55:09.067+0000] {processor.py:839} INFO - DAG(s) dict_keys(['example_short_circuit_operator']) retrieved from /home/airflow/.local/lib/python3.8/site-packages/airflow/example_dags/example_short_circuit_operator.py
[2023-12-08T02:55:09.122+0000] {logging_mixin.py:154} INFO - [2023-12-08T02:55:09.121+0000] {dag.py:2941} INFO - Sync 1 DAGs
[2023-12-08T02:55:09.179+0000] {logging_mixin.py:154} INFO - [2023-12-08T02:55:09.178+0000] {dag.py:3722} INFO - Setting next_dagrun for example_short_circuit_operator to 2023-12-07T02:55:09.178180+00:00, run_after=2023-12-08T02:55:09.178180+00:00
[2023-12-08T02:55:09.219+0000] {processor.py:179} INFO - Processing /home/airflow/.local/lib/python3.8/site-packages/airflow/example_dags/example_short_circuit_operator.py took 0.185 seconds
[2023-12-08T02:55:39.969+0000] {processor.py:157} INFO - Started process (PID=1740) to work on /home/airflow/.local/lib/python3.8/site-packages/airflow/example_dags/example_short_circuit_operator.py
[2023-12-08T02:55:39.972+0000] {processor.py:829} INFO - Processing file /home/airflow/.local/lib/python3.8/site-packages/airflow/example_dags/example_short_circuit_operator.py for tasks to queue
[2023-12-08T02:55:39.984+0000] {logging_mixin.py:154} INFO - [2023-12-08T02:55:39.983+0000] {dagbag.py:536} INFO - Filling up the DagBag from /home/airflow/.local/lib/python3.8/site-packages/airflow/example_dags/example_short_circuit_operator.py
[2023-12-08T02:55:40.008+0000] {processor.py:839} INFO - DAG(s) dict_keys(['example_short_circuit_operator']) retrieved from /home/airflow/.local/lib/python3.8/site-packages/airflow/example_dags/example_short_circuit_operator.py
[2023-12-08T02:55:40.075+0000] {logging_mixin.py:154} INFO - [2023-12-08T02:55:40.074+0000] {dag.py:2941} INFO - Sync 1 DAGs
[2023-12-08T02:55:40.134+0000] {logging_mixin.py:154} INFO - [2023-12-08T02:55:40.133+0000] {dag.py:3722} INFO - Setting next_dagrun for example_short_circuit_operator to 2023-12-07T02:55:40.133204+00:00, run_after=2023-12-08T02:55:40.133204+00:00
[2023-12-08T02:55:40.192+0000] {processor.py:179} INFO - Processing /home/airflow/.local/lib/python3.8/site-packages/airflow/example_dags/example_short_circuit_operator.py took 0.239 seconds
[2023-12-08T02:56:10.438+0000] {processor.py:157} INFO - Started process (PID=1794) to work on /home/airflow/.local/lib/python3.8/site-packages/airflow/example_dags/example_short_circuit_operator.py
[2023-12-08T02:56:10.440+0000] {processor.py:829} INFO - Processing file /home/airflow/.local/lib/python3.8/site-packages/airflow/example_dags/example_short_circuit_operator.py for tasks to queue
[2023-12-08T02:56:10.452+0000] {logging_mixin.py:154} INFO - [2023-12-08T02:56:10.450+0000] {dagbag.py:536} INFO - Filling up the DagBag from /home/airflow/.local/lib/python3.8/site-packages/airflow/example_dags/example_short_circuit_operator.py
[2023-12-08T02:56:10.476+0000] {processor.py:839} INFO - DAG(s) dict_keys(['example_short_circuit_operator']) retrieved from /home/airflow/.local/lib/python3.8/site-packages/airflow/example_dags/example_short_circuit_operator.py
[2023-12-08T02:56:10.538+0000] {logging_mixin.py:154} INFO - [2023-12-08T02:56:10.538+0000] {dag.py:2941} INFO - Sync 1 DAGs
[2023-12-08T02:56:10.605+0000] {logging_mixin.py:154} INFO - [2023-12-08T02:56:10.605+0000] {dag.py:3722} INFO - Setting next_dagrun for example_short_circuit_operator to 2023-12-07T02:56:10.604631+00:00, run_after=2023-12-08T02:56:10.604631+00:00
[2023-12-08T02:56:10.684+0000] {processor.py:179} INFO - Processing /home/airflow/.local/lib/python3.8/site-packages/airflow/example_dags/example_short_circuit_operator.py took 0.256 seconds
[2023-12-08T02:56:40.950+0000] {processor.py:157} INFO - Started process (PID=1848) to work on /home/airflow/.local/lib/python3.8/site-packages/airflow/example_dags/example_short_circuit_operator.py
[2023-12-08T02:56:40.954+0000] {processor.py:829} INFO - Processing file /home/airflow/.local/lib/python3.8/site-packages/airflow/example_dags/example_short_circuit_operator.py for tasks to queue
[2023-12-08T02:56:40.962+0000] {logging_mixin.py:154} INFO - [2023-12-08T02:56:40.961+0000] {dagbag.py:536} INFO - Filling up the DagBag from /home/airflow/.local/lib/python3.8/site-packages/airflow/example_dags/example_short_circuit_operator.py
[2023-12-08T02:56:40.989+0000] {processor.py:839} INFO - DAG(s) dict_keys(['example_short_circuit_operator']) retrieved from /home/airflow/.local/lib/python3.8/site-packages/airflow/example_dags/example_short_circuit_operator.py
[2023-12-08T02:56:41.056+0000] {logging_mixin.py:154} INFO - [2023-12-08T02:56:41.055+0000] {dag.py:2941} INFO - Sync 1 DAGs
[2023-12-08T02:56:41.111+0000] {logging_mixin.py:154} INFO - [2023-12-08T02:56:41.111+0000] {dag.py:3722} INFO - Setting next_dagrun for example_short_circuit_operator to 2023-12-07T02:56:41.110989+00:00, run_after=2023-12-08T02:56:41.110989+00:00
[2023-12-08T02:56:41.155+0000] {processor.py:179} INFO - Processing /home/airflow/.local/lib/python3.8/site-packages/airflow/example_dags/example_short_circuit_operator.py took 0.216 seconds
