[2023-12-08T02:39:27.949+0000] {processor.py:157} INFO - Started process (PID=92) to work on /home/airflow/.local/lib/python3.8/site-packages/airflow/example_dags/example_subdag_operator.py
[2023-12-08T02:39:27.952+0000] {processor.py:829} INFO - Processing file /home/airflow/.local/lib/python3.8/site-packages/airflow/example_dags/example_subdag_operator.py for tasks to queue
[2023-12-08T02:39:27.979+0000] {logging_mixin.py:154} INFO - [2023-12-08T02:39:27.970+0000] {dagbag.py:536} INFO - Filling up the DagBag from /home/airflow/.local/lib/python3.8/site-packages/airflow/example_dags/example_subdag_operator.py
[2023-12-08T02:39:28.244+0000] {processor.py:839} INFO - DAG(s) dict_keys(['example_subdag_operator.section-1', 'example_subdag_operator.section-2', 'example_subdag_operator']) retrieved from /home/airflow/.local/lib/python3.8/site-packages/airflow/example_dags/example_subdag_operator.py
[2023-12-08T02:39:28.394+0000] {logging_mixin.py:154} INFO - [2023-12-08T02:39:28.394+0000] {dag.py:2941} INFO - Sync 3 DAGs
[2023-12-08T02:39:28.690+0000] {logging_mixin.py:154} INFO - [2023-12-08T02:39:28.678+0000] {dag.py:3722} INFO - Setting next_dagrun for example_subdag_operator to 2022-01-01T00:00:00+00:00, run_after=2022-01-01T00:00:00+00:00
[2023-12-08T02:39:28.723+0000] {logging_mixin.py:154} INFO - [2023-12-08T02:39:28.722+0000] {dag.py:3722} INFO - Setting next_dagrun for example_subdag_operator.section-1 to None, run_after=None
[2023-12-08T02:39:28.727+0000] {logging_mixin.py:154} INFO - [2023-12-08T02:39:28.726+0000] {dag.py:3722} INFO - Setting next_dagrun for example_subdag_operator.section-2 to None, run_after=None
[2023-12-08T02:39:28.765+0000] {logging_mixin.py:154} INFO - [2023-12-08T02:39:28.764+0000] {dag.py:2941} INFO - Sync 2 DAGs
[2023-12-08T02:39:28.794+0000] {logging_mixin.py:154} INFO - [2023-12-08T02:39:28.793+0000] {dag.py:3722} INFO - Setting next_dagrun for example_subdag_operator.section-1 to None, run_after=None
[2023-12-08T02:39:28.796+0000] {logging_mixin.py:154} INFO - [2023-12-08T02:39:28.795+0000] {dag.py:3722} INFO - Setting next_dagrun for example_subdag_operator.section-2 to None, run_after=None
[2023-12-08T02:39:28.847+0000] {processor.py:179} INFO - Processing /home/airflow/.local/lib/python3.8/site-packages/airflow/example_dags/example_subdag_operator.py took 0.920 seconds
[2023-12-08T02:39:59.656+0000] {processor.py:157} INFO - Started process (PID=147) to work on /home/airflow/.local/lib/python3.8/site-packages/airflow/example_dags/example_subdag_operator.py
[2023-12-08T02:39:59.658+0000] {processor.py:829} INFO - Processing file /home/airflow/.local/lib/python3.8/site-packages/airflow/example_dags/example_subdag_operator.py for tasks to queue
[2023-12-08T02:39:59.676+0000] {logging_mixin.py:154} INFO - [2023-12-08T02:39:59.676+0000] {dagbag.py:536} INFO - Filling up the DagBag from /home/airflow/.local/lib/python3.8/site-packages/airflow/example_dags/example_subdag_operator.py
[2023-12-08T02:39:59.861+0000] {processor.py:839} INFO - DAG(s) dict_keys(['example_subdag_operator.section-1', 'example_subdag_operator.section-2', 'example_subdag_operator']) retrieved from /home/airflow/.local/lib/python3.8/site-packages/airflow/example_dags/example_subdag_operator.py
[2023-12-08T02:40:00.002+0000] {logging_mixin.py:154} INFO - [2023-12-08T02:40:00.002+0000] {dag.py:2941} INFO - Sync 3 DAGs
[2023-12-08T02:40:00.225+0000] {logging_mixin.py:154} INFO - [2023-12-08T02:40:00.215+0000] {dag.py:3722} INFO - Setting next_dagrun for example_subdag_operator to 2022-01-01T00:00:00+00:00, run_after=2022-01-01T00:00:00+00:00
[2023-12-08T02:40:00.248+0000] {logging_mixin.py:154} INFO - [2023-12-08T02:40:00.247+0000] {dag.py:3722} INFO - Setting next_dagrun for example_subdag_operator.section-1 to None, run_after=None
[2023-12-08T02:40:00.261+0000] {logging_mixin.py:154} INFO - [2023-12-08T02:40:00.260+0000] {dag.py:3722} INFO - Setting next_dagrun for example_subdag_operator.section-2 to None, run_after=None
[2023-12-08T02:40:00.340+0000] {logging_mixin.py:154} INFO - [2023-12-08T02:40:00.339+0000] {dag.py:2941} INFO - Sync 2 DAGs
[2023-12-08T02:40:00.390+0000] {logging_mixin.py:154} INFO - [2023-12-08T02:40:00.389+0000] {dag.py:3722} INFO - Setting next_dagrun for example_subdag_operator.section-1 to None, run_after=None
[2023-12-08T02:40:00.402+0000] {logging_mixin.py:154} INFO - [2023-12-08T02:40:00.390+0000] {dag.py:3722} INFO - Setting next_dagrun for example_subdag_operator.section-2 to None, run_after=None
[2023-12-08T02:40:00.668+0000] {processor.py:179} INFO - Processing /home/airflow/.local/lib/python3.8/site-packages/airflow/example_dags/example_subdag_operator.py took 1.056 seconds
[2023-12-08T02:40:30.915+0000] {processor.py:157} INFO - Started process (PID=202) to work on /home/airflow/.local/lib/python3.8/site-packages/airflow/example_dags/example_subdag_operator.py
[2023-12-08T02:40:30.917+0000] {processor.py:829} INFO - Processing file /home/airflow/.local/lib/python3.8/site-packages/airflow/example_dags/example_subdag_operator.py for tasks to queue
[2023-12-08T02:40:30.921+0000] {logging_mixin.py:154} INFO - [2023-12-08T02:40:30.921+0000] {dagbag.py:536} INFO - Filling up the DagBag from /home/airflow/.local/lib/python3.8/site-packages/airflow/example_dags/example_subdag_operator.py
[2023-12-08T02:40:30.967+0000] {processor.py:839} INFO - DAG(s) dict_keys(['example_subdag_operator.section-1', 'example_subdag_operator.section-2', 'example_subdag_operator']) retrieved from /home/airflow/.local/lib/python3.8/site-packages/airflow/example_dags/example_subdag_operator.py
[2023-12-08T02:40:31.021+0000] {logging_mixin.py:154} INFO - [2023-12-08T02:40:31.018+0000] {dag.py:2941} INFO - Sync 3 DAGs
[2023-12-08T02:40:31.181+0000] {logging_mixin.py:154} INFO - [2023-12-08T02:40:31.173+0000] {dag.py:3722} INFO - Setting next_dagrun for example_subdag_operator to 2022-01-01T00:00:00+00:00, run_after=2022-01-01T00:00:00+00:00
[2023-12-08T02:40:31.213+0000] {logging_mixin.py:154} INFO - [2023-12-08T02:40:31.213+0000] {dag.py:3722} INFO - Setting next_dagrun for example_subdag_operator.section-1 to None, run_after=None
[2023-12-08T02:40:31.218+0000] {logging_mixin.py:154} INFO - [2023-12-08T02:40:31.217+0000] {dag.py:3722} INFO - Setting next_dagrun for example_subdag_operator.section-2 to None, run_after=None
[2023-12-08T02:40:31.272+0000] {logging_mixin.py:154} INFO - [2023-12-08T02:40:31.271+0000] {dag.py:2941} INFO - Sync 2 DAGs
[2023-12-08T02:40:31.308+0000] {logging_mixin.py:154} INFO - [2023-12-08T02:40:31.308+0000] {dag.py:3722} INFO - Setting next_dagrun for example_subdag_operator.section-1 to None, run_after=None
[2023-12-08T02:40:31.310+0000] {logging_mixin.py:154} INFO - [2023-12-08T02:40:31.309+0000] {dag.py:3722} INFO - Setting next_dagrun for example_subdag_operator.section-2 to None, run_after=None
[2023-12-08T02:40:31.350+0000] {processor.py:179} INFO - Processing /home/airflow/.local/lib/python3.8/site-packages/airflow/example_dags/example_subdag_operator.py took 0.441 seconds
[2023-12-08T02:41:03.099+0000] {processor.py:157} INFO - Started process (PID=255) to work on /home/airflow/.local/lib/python3.8/site-packages/airflow/example_dags/example_subdag_operator.py
[2023-12-08T02:41:03.120+0000] {processor.py:829} INFO - Processing file /home/airflow/.local/lib/python3.8/site-packages/airflow/example_dags/example_subdag_operator.py for tasks to queue
[2023-12-08T02:41:03.158+0000] {logging_mixin.py:154} INFO - [2023-12-08T02:41:03.130+0000] {dagbag.py:536} INFO - Filling up the DagBag from /home/airflow/.local/lib/python3.8/site-packages/airflow/example_dags/example_subdag_operator.py
[2023-12-08T02:41:03.388+0000] {processor.py:839} INFO - DAG(s) dict_keys(['example_subdag_operator.section-1', 'example_subdag_operator.section-2', 'example_subdag_operator']) retrieved from /home/airflow/.local/lib/python3.8/site-packages/airflow/example_dags/example_subdag_operator.py
[2023-12-08T02:41:03.522+0000] {logging_mixin.py:154} INFO - [2023-12-08T02:41:03.522+0000] {dag.py:2941} INFO - Sync 3 DAGs
[2023-12-08T02:41:03.757+0000] {logging_mixin.py:154} INFO - [2023-12-08T02:41:03.757+0000] {dag.py:3722} INFO - Setting next_dagrun for example_subdag_operator to 2022-01-01T00:00:00+00:00, run_after=2022-01-01T00:00:00+00:00
[2023-12-08T02:41:03.786+0000] {logging_mixin.py:154} INFO - [2023-12-08T02:41:03.784+0000] {dag.py:3722} INFO - Setting next_dagrun for example_subdag_operator.section-1 to None, run_after=None
[2023-12-08T02:41:03.794+0000] {logging_mixin.py:154} INFO - [2023-12-08T02:41:03.793+0000] {dag.py:3722} INFO - Setting next_dagrun for example_subdag_operator.section-2 to None, run_after=None
[2023-12-08T02:41:03.829+0000] {logging_mixin.py:154} INFO - [2023-12-08T02:41:03.819+0000] {dag.py:2941} INFO - Sync 2 DAGs
[2023-12-08T02:41:03.844+0000] {logging_mixin.py:154} INFO - [2023-12-08T02:41:03.844+0000] {dag.py:3722} INFO - Setting next_dagrun for example_subdag_operator.section-1 to None, run_after=None
[2023-12-08T02:41:03.845+0000] {logging_mixin.py:154} INFO - [2023-12-08T02:41:03.845+0000] {dag.py:3722} INFO - Setting next_dagrun for example_subdag_operator.section-2 to None, run_after=None
[2023-12-08T02:41:03.923+0000] {processor.py:179} INFO - Processing /home/airflow/.local/lib/python3.8/site-packages/airflow/example_dags/example_subdag_operator.py took 0.888 seconds
[2023-12-08T02:41:35.943+0000] {processor.py:157} INFO - Started process (PID=308) to work on /home/airflow/.local/lib/python3.8/site-packages/airflow/example_dags/example_subdag_operator.py
[2023-12-08T02:41:35.947+0000] {processor.py:829} INFO - Processing file /home/airflow/.local/lib/python3.8/site-packages/airflow/example_dags/example_subdag_operator.py for tasks to queue
[2023-12-08T02:41:35.961+0000] {logging_mixin.py:154} INFO - [2023-12-08T02:41:35.960+0000] {dagbag.py:536} INFO - Filling up the DagBag from /home/airflow/.local/lib/python3.8/site-packages/airflow/example_dags/example_subdag_operator.py
[2023-12-08T02:41:36.107+0000] {processor.py:839} INFO - DAG(s) dict_keys(['example_subdag_operator.section-1', 'example_subdag_operator.section-2', 'example_subdag_operator']) retrieved from /home/airflow/.local/lib/python3.8/site-packages/airflow/example_dags/example_subdag_operator.py
[2023-12-08T02:41:36.182+0000] {logging_mixin.py:154} INFO - [2023-12-08T02:41:36.181+0000] {dag.py:2941} INFO - Sync 3 DAGs
[2023-12-08T02:41:36.245+0000] {logging_mixin.py:154} INFO - [2023-12-08T02:41:36.245+0000] {dag.py:3722} INFO - Setting next_dagrun for example_subdag_operator to 2022-01-01T00:00:00+00:00, run_after=2022-01-01T00:00:00+00:00
[2023-12-08T02:41:36.255+0000] {logging_mixin.py:154} INFO - [2023-12-08T02:41:36.255+0000] {dag.py:3722} INFO - Setting next_dagrun for example_subdag_operator.section-1 to None, run_after=None
[2023-12-08T02:41:36.262+0000] {logging_mixin.py:154} INFO - [2023-12-08T02:41:36.262+0000] {dag.py:3722} INFO - Setting next_dagrun for example_subdag_operator.section-2 to None, run_after=None
[2023-12-08T02:41:36.286+0000] {logging_mixin.py:154} INFO - [2023-12-08T02:41:36.285+0000] {dag.py:2941} INFO - Sync 2 DAGs
[2023-12-08T02:41:36.301+0000] {logging_mixin.py:154} INFO - [2023-12-08T02:41:36.301+0000] {dag.py:3722} INFO - Setting next_dagrun for example_subdag_operator.section-1 to None, run_after=None
[2023-12-08T02:41:36.302+0000] {logging_mixin.py:154} INFO - [2023-12-08T02:41:36.302+0000] {dag.py:3722} INFO - Setting next_dagrun for example_subdag_operator.section-2 to None, run_after=None
[2023-12-08T02:41:36.344+0000] {processor.py:179} INFO - Processing /home/airflow/.local/lib/python3.8/site-packages/airflow/example_dags/example_subdag_operator.py took 0.435 seconds
[2023-12-08T02:42:07.048+0000] {processor.py:157} INFO - Started process (PID=363) to work on /home/airflow/.local/lib/python3.8/site-packages/airflow/example_dags/example_subdag_operator.py
[2023-12-08T02:42:07.065+0000] {processor.py:829} INFO - Processing file /home/airflow/.local/lib/python3.8/site-packages/airflow/example_dags/example_subdag_operator.py for tasks to queue
[2023-12-08T02:42:07.072+0000] {logging_mixin.py:154} INFO - [2023-12-08T02:42:07.071+0000] {dagbag.py:536} INFO - Filling up the DagBag from /home/airflow/.local/lib/python3.8/site-packages/airflow/example_dags/example_subdag_operator.py
[2023-12-08T02:42:07.239+0000] {processor.py:839} INFO - DAG(s) dict_keys(['example_subdag_operator.section-1', 'example_subdag_operator.section-2', 'example_subdag_operator']) retrieved from /home/airflow/.local/lib/python3.8/site-packages/airflow/example_dags/example_subdag_operator.py
[2023-12-08T02:42:07.299+0000] {logging_mixin.py:154} INFO - [2023-12-08T02:42:07.299+0000] {dag.py:2941} INFO - Sync 3 DAGs
[2023-12-08T02:42:07.387+0000] {logging_mixin.py:154} INFO - [2023-12-08T02:42:07.386+0000] {dag.py:3722} INFO - Setting next_dagrun for example_subdag_operator to 2022-01-01T00:00:00+00:00, run_after=2022-01-01T00:00:00+00:00
[2023-12-08T02:42:07.398+0000] {logging_mixin.py:154} INFO - [2023-12-08T02:42:07.397+0000] {dag.py:3722} INFO - Setting next_dagrun for example_subdag_operator.section-1 to None, run_after=None
[2023-12-08T02:42:07.401+0000] {logging_mixin.py:154} INFO - [2023-12-08T02:42:07.401+0000] {dag.py:3722} INFO - Setting next_dagrun for example_subdag_operator.section-2 to None, run_after=None
[2023-12-08T02:42:07.423+0000] {logging_mixin.py:154} INFO - [2023-12-08T02:42:07.423+0000] {dag.py:2941} INFO - Sync 2 DAGs
[2023-12-08T02:42:07.465+0000] {logging_mixin.py:154} INFO - [2023-12-08T02:42:07.465+0000] {dag.py:3722} INFO - Setting next_dagrun for example_subdag_operator.section-1 to None, run_after=None
[2023-12-08T02:42:07.466+0000] {logging_mixin.py:154} INFO - [2023-12-08T02:42:07.466+0000] {dag.py:3722} INFO - Setting next_dagrun for example_subdag_operator.section-2 to None, run_after=None
[2023-12-08T02:42:07.534+0000] {processor.py:179} INFO - Processing /home/airflow/.local/lib/python3.8/site-packages/airflow/example_dags/example_subdag_operator.py took 0.499 seconds
[2023-12-08T02:42:46.921+0000] {processor.py:157} INFO - Started process (PID=417) to work on /home/airflow/.local/lib/python3.8/site-packages/airflow/example_dags/example_subdag_operator.py
[2023-12-08T02:42:46.927+0000] {processor.py:829} INFO - Processing file /home/airflow/.local/lib/python3.8/site-packages/airflow/example_dags/example_subdag_operator.py for tasks to queue
[2023-12-08T02:42:46.942+0000] {logging_mixin.py:154} INFO - [2023-12-08T02:42:46.941+0000] {dagbag.py:536} INFO - Filling up the DagBag from /home/airflow/.local/lib/python3.8/site-packages/airflow/example_dags/example_subdag_operator.py
[2023-12-08T02:42:47.325+0000] {processor.py:839} INFO - DAG(s) dict_keys(['example_subdag_operator.section-1', 'example_subdag_operator.section-2', 'example_subdag_operator']) retrieved from /home/airflow/.local/lib/python3.8/site-packages/airflow/example_dags/example_subdag_operator.py
[2023-12-08T02:42:47.575+0000] {logging_mixin.py:154} INFO - [2023-12-08T02:42:47.574+0000] {dag.py:2941} INFO - Sync 3 DAGs
[2023-12-08T02:42:47.893+0000] {logging_mixin.py:154} INFO - [2023-12-08T02:42:47.892+0000] {dag.py:3722} INFO - Setting next_dagrun for example_subdag_operator to 2022-01-01T00:00:00+00:00, run_after=2022-01-01T00:00:00+00:00
[2023-12-08T02:42:47.928+0000] {logging_mixin.py:154} INFO - [2023-12-08T02:42:47.928+0000] {dag.py:3722} INFO - Setting next_dagrun for example_subdag_operator.section-1 to None, run_after=None
[2023-12-08T02:42:47.944+0000] {logging_mixin.py:154} INFO - [2023-12-08T02:42:47.944+0000] {dag.py:3722} INFO - Setting next_dagrun for example_subdag_operator.section-2 to None, run_after=None
[2023-12-08T02:42:48.065+0000] {logging_mixin.py:154} INFO - [2023-12-08T02:42:48.064+0000] {dag.py:2941} INFO - Sync 2 DAGs
[2023-12-08T02:42:48.163+0000] {logging_mixin.py:154} INFO - [2023-12-08T02:42:48.163+0000] {dag.py:3722} INFO - Setting next_dagrun for example_subdag_operator.section-1 to None, run_after=None
[2023-12-08T02:42:48.164+0000] {logging_mixin.py:154} INFO - [2023-12-08T02:42:48.164+0000] {dag.py:3722} INFO - Setting next_dagrun for example_subdag_operator.section-2 to None, run_after=None
[2023-12-08T02:42:48.434+0000] {processor.py:179} INFO - Processing /home/airflow/.local/lib/python3.8/site-packages/airflow/example_dags/example_subdag_operator.py took 1.548 seconds
[2023-12-08T02:43:19.198+0000] {processor.py:157} INFO - Started process (PID=479) to work on /home/airflow/.local/lib/python3.8/site-packages/airflow/example_dags/example_subdag_operator.py
[2023-12-08T02:43:19.212+0000] {processor.py:829} INFO - Processing file /home/airflow/.local/lib/python3.8/site-packages/airflow/example_dags/example_subdag_operator.py for tasks to queue
[2023-12-08T02:43:19.230+0000] {logging_mixin.py:154} INFO - [2023-12-08T02:43:19.229+0000] {dagbag.py:536} INFO - Filling up the DagBag from /home/airflow/.local/lib/python3.8/site-packages/airflow/example_dags/example_subdag_operator.py
[2023-12-08T02:43:19.552+0000] {processor.py:839} INFO - DAG(s) dict_keys(['example_subdag_operator.section-1', 'example_subdag_operator.section-2', 'example_subdag_operator']) retrieved from /home/airflow/.local/lib/python3.8/site-packages/airflow/example_dags/example_subdag_operator.py
[2023-12-08T02:43:19.721+0000] {logging_mixin.py:154} INFO - [2023-12-08T02:43:19.721+0000] {dag.py:2941} INFO - Sync 3 DAGs
[2023-12-08T02:43:19.947+0000] {logging_mixin.py:154} INFO - [2023-12-08T02:43:19.947+0000] {dag.py:3722} INFO - Setting next_dagrun for example_subdag_operator to 2022-01-01T00:00:00+00:00, run_after=2022-01-01T00:00:00+00:00
[2023-12-08T02:43:19.978+0000] {logging_mixin.py:154} INFO - [2023-12-08T02:43:19.978+0000] {dag.py:3722} INFO - Setting next_dagrun for example_subdag_operator.section-1 to None, run_after=None
[2023-12-08T02:43:19.982+0000] {logging_mixin.py:154} INFO - [2023-12-08T02:43:19.982+0000] {dag.py:3722} INFO - Setting next_dagrun for example_subdag_operator.section-2 to None, run_after=None
[2023-12-08T02:43:20.046+0000] {logging_mixin.py:154} INFO - [2023-12-08T02:43:20.037+0000] {dag.py:2941} INFO - Sync 2 DAGs
[2023-12-08T02:43:20.080+0000] {logging_mixin.py:154} INFO - [2023-12-08T02:43:20.079+0000] {dag.py:3722} INFO - Setting next_dagrun for example_subdag_operator.section-1 to None, run_after=None
[2023-12-08T02:43:20.081+0000] {logging_mixin.py:154} INFO - [2023-12-08T02:43:20.081+0000] {dag.py:3722} INFO - Setting next_dagrun for example_subdag_operator.section-2 to None, run_after=None
[2023-12-08T02:43:20.198+0000] {processor.py:179} INFO - Processing /home/airflow/.local/lib/python3.8/site-packages/airflow/example_dags/example_subdag_operator.py took 1.048 seconds
[2023-12-08T02:43:50.715+0000] {processor.py:157} INFO - Started process (PID=534) to work on /home/airflow/.local/lib/python3.8/site-packages/airflow/example_dags/example_subdag_operator.py
[2023-12-08T02:43:50.717+0000] {processor.py:829} INFO - Processing file /home/airflow/.local/lib/python3.8/site-packages/airflow/example_dags/example_subdag_operator.py for tasks to queue
[2023-12-08T02:43:50.732+0000] {logging_mixin.py:154} INFO - [2023-12-08T02:43:50.732+0000] {dagbag.py:536} INFO - Filling up the DagBag from /home/airflow/.local/lib/python3.8/site-packages/airflow/example_dags/example_subdag_operator.py
[2023-12-08T02:43:50.885+0000] {processor.py:839} INFO - DAG(s) dict_keys(['example_subdag_operator.section-1', 'example_subdag_operator.section-2', 'example_subdag_operator']) retrieved from /home/airflow/.local/lib/python3.8/site-packages/airflow/example_dags/example_subdag_operator.py
[2023-12-08T02:43:51.006+0000] {logging_mixin.py:154} INFO - [2023-12-08T02:43:51.006+0000] {dag.py:2941} INFO - Sync 3 DAGs
[2023-12-08T02:43:51.137+0000] {logging_mixin.py:154} INFO - [2023-12-08T02:43:51.136+0000] {dag.py:3722} INFO - Setting next_dagrun for example_subdag_operator to 2022-01-01T00:00:00+00:00, run_after=2022-01-01T00:00:00+00:00
[2023-12-08T02:43:51.147+0000] {logging_mixin.py:154} INFO - [2023-12-08T02:43:51.146+0000] {dag.py:3722} INFO - Setting next_dagrun for example_subdag_operator.section-1 to None, run_after=None
[2023-12-08T02:43:51.150+0000] {logging_mixin.py:154} INFO - [2023-12-08T02:43:51.149+0000] {dag.py:3722} INFO - Setting next_dagrun for example_subdag_operator.section-2 to None, run_after=None
[2023-12-08T02:43:51.167+0000] {logging_mixin.py:154} INFO - [2023-12-08T02:43:51.167+0000] {dag.py:2941} INFO - Sync 2 DAGs
[2023-12-08T02:43:51.185+0000] {logging_mixin.py:154} INFO - [2023-12-08T02:43:51.184+0000] {dag.py:3722} INFO - Setting next_dagrun for example_subdag_operator.section-1 to None, run_after=None
[2023-12-08T02:43:51.186+0000] {logging_mixin.py:154} INFO - [2023-12-08T02:43:51.186+0000] {dag.py:3722} INFO - Setting next_dagrun for example_subdag_operator.section-2 to None, run_after=None
[2023-12-08T02:43:51.266+0000] {processor.py:179} INFO - Processing /home/airflow/.local/lib/python3.8/site-packages/airflow/example_dags/example_subdag_operator.py took 0.563 seconds
[2023-12-08T02:44:21.349+0000] {processor.py:157} INFO - Started process (PID=589) to work on /home/airflow/.local/lib/python3.8/site-packages/airflow/example_dags/example_subdag_operator.py
[2023-12-08T02:44:21.353+0000] {processor.py:829} INFO - Processing file /home/airflow/.local/lib/python3.8/site-packages/airflow/example_dags/example_subdag_operator.py for tasks to queue
[2023-12-08T02:44:21.361+0000] {logging_mixin.py:154} INFO - [2023-12-08T02:44:21.360+0000] {dagbag.py:536} INFO - Filling up the DagBag from /home/airflow/.local/lib/python3.8/site-packages/airflow/example_dags/example_subdag_operator.py
[2023-12-08T02:44:21.424+0000] {processor.py:839} INFO - DAG(s) dict_keys(['example_subdag_operator.section-1', 'example_subdag_operator.section-2', 'example_subdag_operator']) retrieved from /home/airflow/.local/lib/python3.8/site-packages/airflow/example_dags/example_subdag_operator.py
[2023-12-08T02:44:21.464+0000] {logging_mixin.py:154} INFO - [2023-12-08T02:44:21.464+0000] {dag.py:2941} INFO - Sync 3 DAGs
[2023-12-08T02:44:21.520+0000] {logging_mixin.py:154} INFO - [2023-12-08T02:44:21.519+0000] {dag.py:3722} INFO - Setting next_dagrun for example_subdag_operator to 2022-01-01T00:00:00+00:00, run_after=2022-01-01T00:00:00+00:00
[2023-12-08T02:44:21.530+0000] {logging_mixin.py:154} INFO - [2023-12-08T02:44:21.529+0000] {dag.py:3722} INFO - Setting next_dagrun for example_subdag_operator.section-1 to None, run_after=None
[2023-12-08T02:44:21.533+0000] {logging_mixin.py:154} INFO - [2023-12-08T02:44:21.532+0000] {dag.py:3722} INFO - Setting next_dagrun for example_subdag_operator.section-2 to None, run_after=None
[2023-12-08T02:44:21.546+0000] {logging_mixin.py:154} INFO - [2023-12-08T02:44:21.545+0000] {dag.py:2941} INFO - Sync 2 DAGs
[2023-12-08T02:44:21.553+0000] {logging_mixin.py:154} INFO - [2023-12-08T02:44:21.553+0000] {dag.py:3722} INFO - Setting next_dagrun for example_subdag_operator.section-1 to None, run_after=None
[2023-12-08T02:44:21.554+0000] {logging_mixin.py:154} INFO - [2023-12-08T02:44:21.554+0000] {dag.py:3722} INFO - Setting next_dagrun for example_subdag_operator.section-2 to None, run_after=None
[2023-12-08T02:44:21.571+0000] {processor.py:179} INFO - Processing /home/airflow/.local/lib/python3.8/site-packages/airflow/example_dags/example_subdag_operator.py took 0.235 seconds
[2023-12-08T02:44:51.854+0000] {processor.py:157} INFO - Started process (PID=643) to work on /home/airflow/.local/lib/python3.8/site-packages/airflow/example_dags/example_subdag_operator.py
[2023-12-08T02:44:51.862+0000] {processor.py:829} INFO - Processing file /home/airflow/.local/lib/python3.8/site-packages/airflow/example_dags/example_subdag_operator.py for tasks to queue
[2023-12-08T02:44:51.868+0000] {logging_mixin.py:154} INFO - [2023-12-08T02:44:51.867+0000] {dagbag.py:536} INFO - Filling up the DagBag from /home/airflow/.local/lib/python3.8/site-packages/airflow/example_dags/example_subdag_operator.py
[2023-12-08T02:44:51.991+0000] {processor.py:839} INFO - DAG(s) dict_keys(['example_subdag_operator.section-1', 'example_subdag_operator.section-2', 'example_subdag_operator']) retrieved from /home/airflow/.local/lib/python3.8/site-packages/airflow/example_dags/example_subdag_operator.py
[2023-12-08T02:44:52.128+0000] {logging_mixin.py:154} INFO - [2023-12-08T02:44:52.115+0000] {dag.py:2941} INFO - Sync 3 DAGs
[2023-12-08T02:44:52.534+0000] {logging_mixin.py:154} INFO - [2023-12-08T02:44:52.533+0000] {dag.py:3722} INFO - Setting next_dagrun for example_subdag_operator to 2022-01-01T00:00:00+00:00, run_after=2022-01-01T00:00:00+00:00
[2023-12-08T02:44:52.566+0000] {logging_mixin.py:154} INFO - [2023-12-08T02:44:52.565+0000] {dag.py:3722} INFO - Setting next_dagrun for example_subdag_operator.section-1 to None, run_after=None
[2023-12-08T02:44:52.570+0000] {logging_mixin.py:154} INFO - [2023-12-08T02:44:52.570+0000] {dag.py:3722} INFO - Setting next_dagrun for example_subdag_operator.section-2 to None, run_after=None
[2023-12-08T02:44:52.604+0000] {logging_mixin.py:154} INFO - [2023-12-08T02:44:52.604+0000] {dag.py:2941} INFO - Sync 2 DAGs
[2023-12-08T02:44:52.637+0000] {logging_mixin.py:154} INFO - [2023-12-08T02:44:52.637+0000] {dag.py:3722} INFO - Setting next_dagrun for example_subdag_operator.section-1 to None, run_after=None
[2023-12-08T02:44:52.638+0000] {logging_mixin.py:154} INFO - [2023-12-08T02:44:52.638+0000] {dag.py:3722} INFO - Setting next_dagrun for example_subdag_operator.section-2 to None, run_after=None
[2023-12-08T02:44:52.681+0000] {processor.py:179} INFO - Processing /home/airflow/.local/lib/python3.8/site-packages/airflow/example_dags/example_subdag_operator.py took 0.848 seconds
[2023-12-08T02:45:22.825+0000] {processor.py:157} INFO - Started process (PID=698) to work on /home/airflow/.local/lib/python3.8/site-packages/airflow/example_dags/example_subdag_operator.py
[2023-12-08T02:45:22.841+0000] {processor.py:829} INFO - Processing file /home/airflow/.local/lib/python3.8/site-packages/airflow/example_dags/example_subdag_operator.py for tasks to queue
[2023-12-08T02:45:22.847+0000] {logging_mixin.py:154} INFO - [2023-12-08T02:45:22.846+0000] {dagbag.py:536} INFO - Filling up the DagBag from /home/airflow/.local/lib/python3.8/site-packages/airflow/example_dags/example_subdag_operator.py
[2023-12-08T02:45:22.912+0000] {processor.py:839} INFO - DAG(s) dict_keys(['example_subdag_operator.section-1', 'example_subdag_operator.section-2', 'example_subdag_operator']) retrieved from /home/airflow/.local/lib/python3.8/site-packages/airflow/example_dags/example_subdag_operator.py
[2023-12-08T02:45:22.967+0000] {logging_mixin.py:154} INFO - [2023-12-08T02:45:22.966+0000] {dag.py:2941} INFO - Sync 3 DAGs
[2023-12-08T02:45:23.021+0000] {logging_mixin.py:154} INFO - [2023-12-08T02:45:23.020+0000] {dag.py:3722} INFO - Setting next_dagrun for example_subdag_operator to 2022-01-01T00:00:00+00:00, run_after=2022-01-01T00:00:00+00:00
[2023-12-08T02:45:23.028+0000] {logging_mixin.py:154} INFO - [2023-12-08T02:45:23.027+0000] {dag.py:3722} INFO - Setting next_dagrun for example_subdag_operator.section-1 to None, run_after=None
[2023-12-08T02:45:23.031+0000] {logging_mixin.py:154} INFO - [2023-12-08T02:45:23.031+0000] {dag.py:3722} INFO - Setting next_dagrun for example_subdag_operator.section-2 to None, run_after=None
[2023-12-08T02:45:23.048+0000] {logging_mixin.py:154} INFO - [2023-12-08T02:45:23.047+0000] {dag.py:2941} INFO - Sync 2 DAGs
[2023-12-08T02:45:23.061+0000] {logging_mixin.py:154} INFO - [2023-12-08T02:45:23.061+0000] {dag.py:3722} INFO - Setting next_dagrun for example_subdag_operator.section-1 to None, run_after=None
[2023-12-08T02:45:23.062+0000] {logging_mixin.py:154} INFO - [2023-12-08T02:45:23.062+0000] {dag.py:3722} INFO - Setting next_dagrun for example_subdag_operator.section-2 to None, run_after=None
[2023-12-08T02:45:23.088+0000] {processor.py:179} INFO - Processing /home/airflow/.local/lib/python3.8/site-packages/airflow/example_dags/example_subdag_operator.py took 0.274 seconds
[2023-12-08T02:46:01.660+0000] {processor.py:157} INFO - Started process (PID=750) to work on /home/airflow/.local/lib/python3.8/site-packages/airflow/example_dags/example_subdag_operator.py
[2023-12-08T02:46:01.675+0000] {processor.py:829} INFO - Processing file /home/airflow/.local/lib/python3.8/site-packages/airflow/example_dags/example_subdag_operator.py for tasks to queue
[2023-12-08T02:46:01.689+0000] {logging_mixin.py:154} INFO - [2023-12-08T02:46:01.689+0000] {dagbag.py:536} INFO - Filling up the DagBag from /home/airflow/.local/lib/python3.8/site-packages/airflow/example_dags/example_subdag_operator.py
[2023-12-08T02:46:01.880+0000] {processor.py:839} INFO - DAG(s) dict_keys(['example_subdag_operator.section-1', 'example_subdag_operator.section-2', 'example_subdag_operator']) retrieved from /home/airflow/.local/lib/python3.8/site-packages/airflow/example_dags/example_subdag_operator.py
[2023-12-08T02:46:02.026+0000] {logging_mixin.py:154} INFO - [2023-12-08T02:46:02.016+0000] {dag.py:2941} INFO - Sync 3 DAGs
[2023-12-08T02:46:02.234+0000] {logging_mixin.py:154} INFO - [2023-12-08T02:46:02.234+0000] {dag.py:3722} INFO - Setting next_dagrun for example_subdag_operator to 2022-01-01T00:00:00+00:00, run_after=2022-01-01T00:00:00+00:00
[2023-12-08T02:46:02.266+0000] {logging_mixin.py:154} INFO - [2023-12-08T02:46:02.265+0000] {dag.py:3722} INFO - Setting next_dagrun for example_subdag_operator.section-1 to None, run_after=None
[2023-12-08T02:46:02.279+0000] {logging_mixin.py:154} INFO - [2023-12-08T02:46:02.269+0000] {dag.py:3722} INFO - Setting next_dagrun for example_subdag_operator.section-2 to None, run_after=None
[2023-12-08T02:46:02.392+0000] {logging_mixin.py:154} INFO - [2023-12-08T02:46:02.380+0000] {dag.py:2941} INFO - Sync 2 DAGs
[2023-12-08T02:46:02.509+0000] {logging_mixin.py:154} INFO - [2023-12-08T02:46:02.508+0000] {dag.py:3722} INFO - Setting next_dagrun for example_subdag_operator.section-1 to None, run_after=None
[2023-12-08T02:46:02.510+0000] {logging_mixin.py:154} INFO - [2023-12-08T02:46:02.509+0000] {dag.py:3722} INFO - Setting next_dagrun for example_subdag_operator.section-2 to None, run_after=None
[2023-12-08T02:46:02.753+0000] {processor.py:179} INFO - Processing /home/airflow/.local/lib/python3.8/site-packages/airflow/example_dags/example_subdag_operator.py took 1.128 seconds
[2023-12-08T02:46:50.534+0000] {processor.py:157} INFO - Started process (PID=812) to work on /home/airflow/.local/lib/python3.8/site-packages/airflow/example_dags/example_subdag_operator.py
[2023-12-08T02:46:50.549+0000] {processor.py:829} INFO - Processing file /home/airflow/.local/lib/python3.8/site-packages/airflow/example_dags/example_subdag_operator.py for tasks to queue
[2023-12-08T02:46:50.568+0000] {logging_mixin.py:154} INFO - [2023-12-08T02:46:50.567+0000] {dagbag.py:536} INFO - Filling up the DagBag from /home/airflow/.local/lib/python3.8/site-packages/airflow/example_dags/example_subdag_operator.py
[2023-12-08T02:46:50.795+0000] {processor.py:839} INFO - DAG(s) dict_keys(['example_subdag_operator.section-1', 'example_subdag_operator.section-2', 'example_subdag_operator']) retrieved from /home/airflow/.local/lib/python3.8/site-packages/airflow/example_dags/example_subdag_operator.py
[2023-12-08T02:46:50.952+0000] {logging_mixin.py:154} INFO - [2023-12-08T02:46:50.951+0000] {dag.py:2941} INFO - Sync 3 DAGs
[2023-12-08T02:46:51.207+0000] {logging_mixin.py:154} INFO - [2023-12-08T02:46:51.206+0000] {dag.py:3722} INFO - Setting next_dagrun for example_subdag_operator to 2022-01-01T00:00:00+00:00, run_after=2022-01-01T00:00:00+00:00
[2023-12-08T02:46:51.226+0000] {logging_mixin.py:154} INFO - [2023-12-08T02:46:51.225+0000] {dag.py:3722} INFO - Setting next_dagrun for example_subdag_operator.section-1 to None, run_after=None
[2023-12-08T02:46:51.239+0000] {logging_mixin.py:154} INFO - [2023-12-08T02:46:51.238+0000] {dag.py:3722} INFO - Setting next_dagrun for example_subdag_operator.section-2 to None, run_after=None
[2023-12-08T02:46:51.287+0000] {logging_mixin.py:154} INFO - [2023-12-08T02:46:51.287+0000] {dag.py:2941} INFO - Sync 2 DAGs
[2023-12-08T02:46:51.323+0000] {logging_mixin.py:154} INFO - [2023-12-08T02:46:51.322+0000] {dag.py:3722} INFO - Setting next_dagrun for example_subdag_operator.section-1 to None, run_after=None
[2023-12-08T02:46:51.333+0000] {logging_mixin.py:154} INFO - [2023-12-08T02:46:51.323+0000] {dag.py:3722} INFO - Setting next_dagrun for example_subdag_operator.section-2 to None, run_after=None
[2023-12-08T02:46:51.418+0000] {processor.py:179} INFO - Processing /home/airflow/.local/lib/python3.8/site-packages/airflow/example_dags/example_subdag_operator.py took 0.931 seconds
[2023-12-08T02:47:21.672+0000] {processor.py:157} INFO - Started process (PID=867) to work on /home/airflow/.local/lib/python3.8/site-packages/airflow/example_dags/example_subdag_operator.py
[2023-12-08T02:47:21.674+0000] {processor.py:829} INFO - Processing file /home/airflow/.local/lib/python3.8/site-packages/airflow/example_dags/example_subdag_operator.py for tasks to queue
[2023-12-08T02:47:21.680+0000] {logging_mixin.py:154} INFO - [2023-12-08T02:47:21.679+0000] {dagbag.py:536} INFO - Filling up the DagBag from /home/airflow/.local/lib/python3.8/site-packages/airflow/example_dags/example_subdag_operator.py
[2023-12-08T02:47:21.760+0000] {processor.py:839} INFO - DAG(s) dict_keys(['example_subdag_operator.section-1', 'example_subdag_operator.section-2', 'example_subdag_operator']) retrieved from /home/airflow/.local/lib/python3.8/site-packages/airflow/example_dags/example_subdag_operator.py
[2023-12-08T02:47:21.811+0000] {logging_mixin.py:154} INFO - [2023-12-08T02:47:21.811+0000] {dag.py:2941} INFO - Sync 3 DAGs
[2023-12-08T02:47:22.135+0000] {logging_mixin.py:154} INFO - [2023-12-08T02:47:22.134+0000] {dag.py:3722} INFO - Setting next_dagrun for example_subdag_operator to 2022-01-01T00:00:00+00:00, run_after=2022-01-01T00:00:00+00:00
[2023-12-08T02:47:22.142+0000] {logging_mixin.py:154} INFO - [2023-12-08T02:47:22.141+0000] {dag.py:3722} INFO - Setting next_dagrun for example_subdag_operator.section-1 to None, run_after=None
[2023-12-08T02:47:22.145+0000] {logging_mixin.py:154} INFO - [2023-12-08T02:47:22.145+0000] {dag.py:3722} INFO - Setting next_dagrun for example_subdag_operator.section-2 to None, run_after=None
[2023-12-08T02:47:22.160+0000] {logging_mixin.py:154} INFO - [2023-12-08T02:47:22.159+0000] {dag.py:2941} INFO - Sync 2 DAGs
[2023-12-08T02:47:22.172+0000] {logging_mixin.py:154} INFO - [2023-12-08T02:47:22.171+0000] {dag.py:3722} INFO - Setting next_dagrun for example_subdag_operator.section-1 to None, run_after=None
[2023-12-08T02:47:22.173+0000] {logging_mixin.py:154} INFO - [2023-12-08T02:47:22.172+0000] {dag.py:3722} INFO - Setting next_dagrun for example_subdag_operator.section-2 to None, run_after=None
[2023-12-08T02:47:22.196+0000] {processor.py:179} INFO - Processing /home/airflow/.local/lib/python3.8/site-packages/airflow/example_dags/example_subdag_operator.py took 0.535 seconds
[2023-12-08T02:47:53.171+0000] {processor.py:157} INFO - Started process (PID=920) to work on /home/airflow/.local/lib/python3.8/site-packages/airflow/example_dags/example_subdag_operator.py
[2023-12-08T02:47:53.174+0000] {processor.py:829} INFO - Processing file /home/airflow/.local/lib/python3.8/site-packages/airflow/example_dags/example_subdag_operator.py for tasks to queue
[2023-12-08T02:47:53.180+0000] {logging_mixin.py:154} INFO - [2023-12-08T02:47:53.179+0000] {dagbag.py:536} INFO - Filling up the DagBag from /home/airflow/.local/lib/python3.8/site-packages/airflow/example_dags/example_subdag_operator.py
[2023-12-08T02:47:53.265+0000] {processor.py:839} INFO - DAG(s) dict_keys(['example_subdag_operator.section-1', 'example_subdag_operator.section-2', 'example_subdag_operator']) retrieved from /home/airflow/.local/lib/python3.8/site-packages/airflow/example_dags/example_subdag_operator.py
[2023-12-08T02:47:53.397+0000] {logging_mixin.py:154} INFO - [2023-12-08T02:47:53.396+0000] {dag.py:2941} INFO - Sync 3 DAGs
[2023-12-08T02:47:53.568+0000] {logging_mixin.py:154} INFO - [2023-12-08T02:47:53.567+0000] {dag.py:3722} INFO - Setting next_dagrun for example_subdag_operator to 2022-01-01T00:00:00+00:00, run_after=2022-01-01T00:00:00+00:00
[2023-12-08T02:47:53.587+0000] {logging_mixin.py:154} INFO - [2023-12-08T02:47:53.587+0000] {dag.py:3722} INFO - Setting next_dagrun for example_subdag_operator.section-1 to None, run_after=None
[2023-12-08T02:47:53.599+0000] {logging_mixin.py:154} INFO - [2023-12-08T02:47:53.598+0000] {dag.py:3722} INFO - Setting next_dagrun for example_subdag_operator.section-2 to None, run_after=None
[2023-12-08T02:47:54.150+0000] {logging_mixin.py:154} INFO - [2023-12-08T02:47:54.141+0000] {dag.py:2941} INFO - Sync 2 DAGs
[2023-12-08T02:47:54.185+0000] {logging_mixin.py:154} INFO - [2023-12-08T02:47:54.184+0000] {dag.py:3722} INFO - Setting next_dagrun for example_subdag_operator.section-1 to None, run_after=None
[2023-12-08T02:47:54.186+0000] {logging_mixin.py:154} INFO - [2023-12-08T02:47:54.185+0000] {dag.py:3722} INFO - Setting next_dagrun for example_subdag_operator.section-2 to None, run_after=None
[2023-12-08T02:47:54.281+0000] {processor.py:179} INFO - Processing /home/airflow/.local/lib/python3.8/site-packages/airflow/example_dags/example_subdag_operator.py took 1.118 seconds
[2023-12-08T02:48:25.106+0000] {processor.py:157} INFO - Started process (PID=976) to work on /home/airflow/.local/lib/python3.8/site-packages/airflow/example_dags/example_subdag_operator.py
[2023-12-08T02:48:25.108+0000] {processor.py:829} INFO - Processing file /home/airflow/.local/lib/python3.8/site-packages/airflow/example_dags/example_subdag_operator.py for tasks to queue
[2023-12-08T02:48:25.126+0000] {logging_mixin.py:154} INFO - [2023-12-08T02:48:25.125+0000] {dagbag.py:536} INFO - Filling up the DagBag from /home/airflow/.local/lib/python3.8/site-packages/airflow/example_dags/example_subdag_operator.py
[2023-12-08T02:48:25.267+0000] {processor.py:839} INFO - DAG(s) dict_keys(['example_subdag_operator.section-1', 'example_subdag_operator.section-2', 'example_subdag_operator']) retrieved from /home/airflow/.local/lib/python3.8/site-packages/airflow/example_dags/example_subdag_operator.py
[2023-12-08T02:48:25.306+0000] {logging_mixin.py:154} INFO - [2023-12-08T02:48:25.306+0000] {dag.py:2941} INFO - Sync 3 DAGs
[2023-12-08T02:48:25.375+0000] {logging_mixin.py:154} INFO - [2023-12-08T02:48:25.375+0000] {dag.py:3722} INFO - Setting next_dagrun for example_subdag_operator to 2022-01-01T00:00:00+00:00, run_after=2022-01-01T00:00:00+00:00
[2023-12-08T02:48:25.390+0000] {logging_mixin.py:154} INFO - [2023-12-08T02:48:25.390+0000] {dag.py:3722} INFO - Setting next_dagrun for example_subdag_operator.section-1 to None, run_after=None
[2023-12-08T02:48:25.393+0000] {logging_mixin.py:154} INFO - [2023-12-08T02:48:25.393+0000] {dag.py:3722} INFO - Setting next_dagrun for example_subdag_operator.section-2 to None, run_after=None
[2023-12-08T02:48:25.432+0000] {logging_mixin.py:154} INFO - [2023-12-08T02:48:25.432+0000] {dag.py:2941} INFO - Sync 2 DAGs
[2023-12-08T02:48:25.449+0000] {logging_mixin.py:154} INFO - [2023-12-08T02:48:25.448+0000] {dag.py:3722} INFO - Setting next_dagrun for example_subdag_operator.section-1 to None, run_after=None
[2023-12-08T02:48:25.451+0000] {logging_mixin.py:154} INFO - [2023-12-08T02:48:25.450+0000] {dag.py:3722} INFO - Setting next_dagrun for example_subdag_operator.section-2 to None, run_after=None
[2023-12-08T02:48:25.514+0000] {processor.py:179} INFO - Processing /home/airflow/.local/lib/python3.8/site-packages/airflow/example_dags/example_subdag_operator.py took 0.433 seconds
[2023-12-08T02:48:57.861+0000] {processor.py:157} INFO - Started process (PID=1038) to work on /home/airflow/.local/lib/python3.8/site-packages/airflow/example_dags/example_subdag_operator.py
[2023-12-08T02:48:57.867+0000] {processor.py:829} INFO - Processing file /home/airflow/.local/lib/python3.8/site-packages/airflow/example_dags/example_subdag_operator.py for tasks to queue
[2023-12-08T02:48:57.875+0000] {logging_mixin.py:154} INFO - [2023-12-08T02:48:57.874+0000] {dagbag.py:536} INFO - Filling up the DagBag from /home/airflow/.local/lib/python3.8/site-packages/airflow/example_dags/example_subdag_operator.py
[2023-12-08T02:48:57.970+0000] {processor.py:839} INFO - DAG(s) dict_keys(['example_subdag_operator.section-1', 'example_subdag_operator.section-2', 'example_subdag_operator']) retrieved from /home/airflow/.local/lib/python3.8/site-packages/airflow/example_dags/example_subdag_operator.py
[2023-12-08T02:48:58.030+0000] {logging_mixin.py:154} INFO - [2023-12-08T02:48:58.029+0000] {dag.py:2941} INFO - Sync 3 DAGs
[2023-12-08T02:48:58.117+0000] {logging_mixin.py:154} INFO - [2023-12-08T02:48:58.116+0000] {dag.py:3722} INFO - Setting next_dagrun for example_subdag_operator to 2022-01-01T00:00:00+00:00, run_after=2022-01-01T00:00:00+00:00
[2023-12-08T02:48:58.131+0000] {logging_mixin.py:154} INFO - [2023-12-08T02:48:58.131+0000] {dag.py:3722} INFO - Setting next_dagrun for example_subdag_operator.section-1 to None, run_after=None
[2023-12-08T02:48:58.135+0000] {logging_mixin.py:154} INFO - [2023-12-08T02:48:58.135+0000] {dag.py:3722} INFO - Setting next_dagrun for example_subdag_operator.section-2 to None, run_after=None
[2023-12-08T02:48:58.168+0000] {logging_mixin.py:154} INFO - [2023-12-08T02:48:58.168+0000] {dag.py:2941} INFO - Sync 2 DAGs
[2023-12-08T02:48:58.195+0000] {logging_mixin.py:154} INFO - [2023-12-08T02:48:58.194+0000] {dag.py:3722} INFO - Setting next_dagrun for example_subdag_operator.section-1 to None, run_after=None
[2023-12-08T02:48:58.196+0000] {logging_mixin.py:154} INFO - [2023-12-08T02:48:58.196+0000] {dag.py:3722} INFO - Setting next_dagrun for example_subdag_operator.section-2 to None, run_after=None
[2023-12-08T02:48:58.248+0000] {processor.py:179} INFO - Processing /home/airflow/.local/lib/python3.8/site-packages/airflow/example_dags/example_subdag_operator.py took 0.401 seconds
[2023-12-08T02:49:29.067+0000] {processor.py:157} INFO - Started process (PID=1093) to work on /home/airflow/.local/lib/python3.8/site-packages/airflow/example_dags/example_subdag_operator.py
[2023-12-08T02:49:29.073+0000] {processor.py:829} INFO - Processing file /home/airflow/.local/lib/python3.8/site-packages/airflow/example_dags/example_subdag_operator.py for tasks to queue
[2023-12-08T02:49:29.079+0000] {logging_mixin.py:154} INFO - [2023-12-08T02:49:29.078+0000] {dagbag.py:536} INFO - Filling up the DagBag from /home/airflow/.local/lib/python3.8/site-packages/airflow/example_dags/example_subdag_operator.py
[2023-12-08T02:49:29.153+0000] {processor.py:839} INFO - DAG(s) dict_keys(['example_subdag_operator.section-1', 'example_subdag_operator.section-2', 'example_subdag_operator']) retrieved from /home/airflow/.local/lib/python3.8/site-packages/airflow/example_dags/example_subdag_operator.py
[2023-12-08T02:49:29.207+0000] {logging_mixin.py:154} INFO - [2023-12-08T02:49:29.207+0000] {dag.py:2941} INFO - Sync 3 DAGs
[2023-12-08T02:49:29.282+0000] {logging_mixin.py:154} INFO - [2023-12-08T02:49:29.281+0000] {dag.py:3722} INFO - Setting next_dagrun for example_subdag_operator to 2022-01-01T00:00:00+00:00, run_after=2022-01-01T00:00:00+00:00
[2023-12-08T02:49:29.288+0000] {logging_mixin.py:154} INFO - [2023-12-08T02:49:29.288+0000] {dag.py:3722} INFO - Setting next_dagrun for example_subdag_operator.section-1 to None, run_after=None
[2023-12-08T02:49:29.292+0000] {logging_mixin.py:154} INFO - [2023-12-08T02:49:29.291+0000] {dag.py:3722} INFO - Setting next_dagrun for example_subdag_operator.section-2 to None, run_after=None
[2023-12-08T02:49:29.309+0000] {logging_mixin.py:154} INFO - [2023-12-08T02:49:29.309+0000] {dag.py:2941} INFO - Sync 2 DAGs
[2023-12-08T02:49:29.330+0000] {logging_mixin.py:154} INFO - [2023-12-08T02:49:29.328+0000] {dag.py:3722} INFO - Setting next_dagrun for example_subdag_operator.section-1 to None, run_after=None
[2023-12-08T02:49:29.332+0000] {logging_mixin.py:154} INFO - [2023-12-08T02:49:29.331+0000] {dag.py:3722} INFO - Setting next_dagrun for example_subdag_operator.section-2 to None, run_after=None
[2023-12-08T02:49:29.367+0000] {processor.py:179} INFO - Processing /home/airflow/.local/lib/python3.8/site-packages/airflow/example_dags/example_subdag_operator.py took 0.311 seconds
[2023-12-08T02:50:00.694+0000] {processor.py:157} INFO - Started process (PID=1149) to work on /home/airflow/.local/lib/python3.8/site-packages/airflow/example_dags/example_subdag_operator.py
[2023-12-08T02:50:00.696+0000] {processor.py:829} INFO - Processing file /home/airflow/.local/lib/python3.8/site-packages/airflow/example_dags/example_subdag_operator.py for tasks to queue
[2023-12-08T02:50:00.706+0000] {logging_mixin.py:154} INFO - [2023-12-08T02:50:00.705+0000] {dagbag.py:536} INFO - Filling up the DagBag from /home/airflow/.local/lib/python3.8/site-packages/airflow/example_dags/example_subdag_operator.py
[2023-12-08T02:50:00.780+0000] {processor.py:839} INFO - DAG(s) dict_keys(['example_subdag_operator.section-1', 'example_subdag_operator.section-2', 'example_subdag_operator']) retrieved from /home/airflow/.local/lib/python3.8/site-packages/airflow/example_dags/example_subdag_operator.py
[2023-12-08T02:50:00.824+0000] {logging_mixin.py:154} INFO - [2023-12-08T02:50:00.824+0000] {dag.py:2941} INFO - Sync 3 DAGs
[2023-12-08T02:50:01.176+0000] {logging_mixin.py:154} INFO - [2023-12-08T02:50:01.175+0000] {dag.py:3722} INFO - Setting next_dagrun for example_subdag_operator to 2022-01-01T00:00:00+00:00, run_after=2022-01-01T00:00:00+00:00
[2023-12-08T02:50:01.181+0000] {logging_mixin.py:154} INFO - [2023-12-08T02:50:01.181+0000] {dag.py:3722} INFO - Setting next_dagrun for example_subdag_operator.section-1 to None, run_after=None
[2023-12-08T02:50:01.183+0000] {logging_mixin.py:154} INFO - [2023-12-08T02:50:01.183+0000] {dag.py:3722} INFO - Setting next_dagrun for example_subdag_operator.section-2 to None, run_after=None
[2023-12-08T02:50:01.200+0000] {logging_mixin.py:154} INFO - [2023-12-08T02:50:01.199+0000] {dag.py:2941} INFO - Sync 2 DAGs
[2023-12-08T02:50:01.214+0000] {logging_mixin.py:154} INFO - [2023-12-08T02:50:01.214+0000] {dag.py:3722} INFO - Setting next_dagrun for example_subdag_operator.section-1 to None, run_after=None
[2023-12-08T02:50:01.215+0000] {logging_mixin.py:154} INFO - [2023-12-08T02:50:01.215+0000] {dag.py:3722} INFO - Setting next_dagrun for example_subdag_operator.section-2 to None, run_after=None
[2023-12-08T02:50:01.241+0000] {processor.py:179} INFO - Processing /home/airflow/.local/lib/python3.8/site-packages/airflow/example_dags/example_subdag_operator.py took 0.561 seconds
[2023-12-08T02:50:33.271+0000] {processor.py:157} INFO - Started process (PID=1204) to work on /home/airflow/.local/lib/python3.8/site-packages/airflow/example_dags/example_subdag_operator.py
[2023-12-08T02:50:33.292+0000] {processor.py:829} INFO - Processing file /home/airflow/.local/lib/python3.8/site-packages/airflow/example_dags/example_subdag_operator.py for tasks to queue
[2023-12-08T02:50:33.309+0000] {logging_mixin.py:154} INFO - [2023-12-08T02:50:33.299+0000] {dagbag.py:536} INFO - Filling up the DagBag from /home/airflow/.local/lib/python3.8/site-packages/airflow/example_dags/example_subdag_operator.py
[2023-12-08T02:50:33.527+0000] {processor.py:839} INFO - DAG(s) dict_keys(['example_subdag_operator.section-1', 'example_subdag_operator.section-2', 'example_subdag_operator']) retrieved from /home/airflow/.local/lib/python3.8/site-packages/airflow/example_dags/example_subdag_operator.py
[2023-12-08T02:50:33.676+0000] {logging_mixin.py:154} INFO - [2023-12-08T02:50:33.675+0000] {dag.py:2941} INFO - Sync 3 DAGs
[2023-12-08T02:50:33.838+0000] {logging_mixin.py:154} INFO - [2023-12-08T02:50:33.838+0000] {dag.py:3722} INFO - Setting next_dagrun for example_subdag_operator to 2022-01-01T00:00:00+00:00, run_after=2022-01-01T00:00:00+00:00
[2023-12-08T02:50:33.871+0000] {logging_mixin.py:154} INFO - [2023-12-08T02:50:33.870+0000] {dag.py:3722} INFO - Setting next_dagrun for example_subdag_operator.section-1 to None, run_after=None
[2023-12-08T02:50:33.875+0000] {logging_mixin.py:154} INFO - [2023-12-08T02:50:33.874+0000] {dag.py:3722} INFO - Setting next_dagrun for example_subdag_operator.section-2 to None, run_after=None
[2023-12-08T02:50:33.953+0000] {logging_mixin.py:154} INFO - [2023-12-08T02:50:33.953+0000] {dag.py:2941} INFO - Sync 2 DAGs
[2023-12-08T02:50:33.998+0000] {logging_mixin.py:154} INFO - [2023-12-08T02:50:33.989+0000] {dag.py:3722} INFO - Setting next_dagrun for example_subdag_operator.section-1 to None, run_after=None
[2023-12-08T02:50:34.000+0000] {logging_mixin.py:154} INFO - [2023-12-08T02:50:33.999+0000] {dag.py:3722} INFO - Setting next_dagrun for example_subdag_operator.section-2 to None, run_after=None
[2023-12-08T02:50:34.765+0000] {processor.py:179} INFO - Processing /home/airflow/.local/lib/python3.8/site-packages/airflow/example_dags/example_subdag_operator.py took 1.536 seconds
[2023-12-08T02:51:05.009+0000] {processor.py:157} INFO - Started process (PID=1258) to work on /home/airflow/.local/lib/python3.8/site-packages/airflow/example_dags/example_subdag_operator.py
[2023-12-08T02:51:05.011+0000] {processor.py:829} INFO - Processing file /home/airflow/.local/lib/python3.8/site-packages/airflow/example_dags/example_subdag_operator.py for tasks to queue
[2023-12-08T02:51:05.015+0000] {logging_mixin.py:154} INFO - [2023-12-08T02:51:05.015+0000] {dagbag.py:536} INFO - Filling up the DagBag from /home/airflow/.local/lib/python3.8/site-packages/airflow/example_dags/example_subdag_operator.py
[2023-12-08T02:51:05.071+0000] {processor.py:839} INFO - DAG(s) dict_keys(['example_subdag_operator.section-1', 'example_subdag_operator.section-2', 'example_subdag_operator']) retrieved from /home/airflow/.local/lib/python3.8/site-packages/airflow/example_dags/example_subdag_operator.py
[2023-12-08T02:51:05.103+0000] {logging_mixin.py:154} INFO - [2023-12-08T02:51:05.102+0000] {dag.py:2941} INFO - Sync 3 DAGs
[2023-12-08T02:51:05.143+0000] {logging_mixin.py:154} INFO - [2023-12-08T02:51:05.143+0000] {dag.py:3722} INFO - Setting next_dagrun for example_subdag_operator to 2022-01-01T00:00:00+00:00, run_after=2022-01-01T00:00:00+00:00
[2023-12-08T02:51:05.148+0000] {logging_mixin.py:154} INFO - [2023-12-08T02:51:05.148+0000] {dag.py:3722} INFO - Setting next_dagrun for example_subdag_operator.section-1 to None, run_after=None
[2023-12-08T02:51:05.151+0000] {logging_mixin.py:154} INFO - [2023-12-08T02:51:05.150+0000] {dag.py:3722} INFO - Setting next_dagrun for example_subdag_operator.section-2 to None, run_after=None
[2023-12-08T02:51:05.171+0000] {logging_mixin.py:154} INFO - [2023-12-08T02:51:05.170+0000] {dag.py:2941} INFO - Sync 2 DAGs
[2023-12-08T02:51:05.187+0000] {logging_mixin.py:154} INFO - [2023-12-08T02:51:05.187+0000] {dag.py:3722} INFO - Setting next_dagrun for example_subdag_operator.section-1 to None, run_after=None
[2023-12-08T02:51:05.188+0000] {logging_mixin.py:154} INFO - [2023-12-08T02:51:05.188+0000] {dag.py:3722} INFO - Setting next_dagrun for example_subdag_operator.section-2 to None, run_after=None
[2023-12-08T02:51:05.228+0000] {processor.py:179} INFO - Processing /home/airflow/.local/lib/python3.8/site-packages/airflow/example_dags/example_subdag_operator.py took 0.225 seconds
[2023-12-08T02:51:36.342+0000] {processor.py:157} INFO - Started process (PID=1314) to work on /home/airflow/.local/lib/python3.8/site-packages/airflow/example_dags/example_subdag_operator.py
[2023-12-08T02:51:36.346+0000] {processor.py:829} INFO - Processing file /home/airflow/.local/lib/python3.8/site-packages/airflow/example_dags/example_subdag_operator.py for tasks to queue
[2023-12-08T02:51:36.350+0000] {logging_mixin.py:154} INFO - [2023-12-08T02:51:36.349+0000] {dagbag.py:536} INFO - Filling up the DagBag from /home/airflow/.local/lib/python3.8/site-packages/airflow/example_dags/example_subdag_operator.py
[2023-12-08T02:51:36.416+0000] {processor.py:839} INFO - DAG(s) dict_keys(['example_subdag_operator.section-1', 'example_subdag_operator.section-2', 'example_subdag_operator']) retrieved from /home/airflow/.local/lib/python3.8/site-packages/airflow/example_dags/example_subdag_operator.py
[2023-12-08T02:51:36.711+0000] {logging_mixin.py:154} INFO - [2023-12-08T02:51:36.711+0000] {dag.py:2941} INFO - Sync 3 DAGs
[2023-12-08T02:51:36.764+0000] {logging_mixin.py:154} INFO - [2023-12-08T02:51:36.764+0000] {dag.py:3722} INFO - Setting next_dagrun for example_subdag_operator to 2022-01-01T00:00:00+00:00, run_after=2022-01-01T00:00:00+00:00
[2023-12-08T02:51:36.772+0000] {logging_mixin.py:154} INFO - [2023-12-08T02:51:36.772+0000] {dag.py:3722} INFO - Setting next_dagrun for example_subdag_operator.section-1 to None, run_after=None
[2023-12-08T02:51:36.778+0000] {logging_mixin.py:154} INFO - [2023-12-08T02:51:36.777+0000] {dag.py:3722} INFO - Setting next_dagrun for example_subdag_operator.section-2 to None, run_after=None
[2023-12-08T02:51:36.798+0000] {logging_mixin.py:154} INFO - [2023-12-08T02:51:36.798+0000] {dag.py:2941} INFO - Sync 2 DAGs
[2023-12-08T02:51:36.809+0000] {logging_mixin.py:154} INFO - [2023-12-08T02:51:36.809+0000] {dag.py:3722} INFO - Setting next_dagrun for example_subdag_operator.section-1 to None, run_after=None
[2023-12-08T02:51:36.810+0000] {logging_mixin.py:154} INFO - [2023-12-08T02:51:36.810+0000] {dag.py:3722} INFO - Setting next_dagrun for example_subdag_operator.section-2 to None, run_after=None
[2023-12-08T02:51:36.835+0000] {processor.py:179} INFO - Processing /home/airflow/.local/lib/python3.8/site-packages/airflow/example_dags/example_subdag_operator.py took 0.503 seconds
[2023-12-08T02:52:07.111+0000] {processor.py:157} INFO - Started process (PID=1368) to work on /home/airflow/.local/lib/python3.8/site-packages/airflow/example_dags/example_subdag_operator.py
[2023-12-08T02:52:07.119+0000] {processor.py:829} INFO - Processing file /home/airflow/.local/lib/python3.8/site-packages/airflow/example_dags/example_subdag_operator.py for tasks to queue
[2023-12-08T02:52:07.128+0000] {logging_mixin.py:154} INFO - [2023-12-08T02:52:07.127+0000] {dagbag.py:536} INFO - Filling up the DagBag from /home/airflow/.local/lib/python3.8/site-packages/airflow/example_dags/example_subdag_operator.py
[2023-12-08T02:52:07.215+0000] {processor.py:839} INFO - DAG(s) dict_keys(['example_subdag_operator.section-1', 'example_subdag_operator.section-2', 'example_subdag_operator']) retrieved from /home/airflow/.local/lib/python3.8/site-packages/airflow/example_dags/example_subdag_operator.py
[2023-12-08T02:52:07.279+0000] {logging_mixin.py:154} INFO - [2023-12-08T02:52:07.279+0000] {dag.py:2941} INFO - Sync 3 DAGs
[2023-12-08T02:52:07.335+0000] {logging_mixin.py:154} INFO - [2023-12-08T02:52:07.335+0000] {dag.py:3722} INFO - Setting next_dagrun for example_subdag_operator to 2022-01-01T00:00:00+00:00, run_after=2022-01-01T00:00:00+00:00
[2023-12-08T02:52:07.345+0000] {logging_mixin.py:154} INFO - [2023-12-08T02:52:07.345+0000] {dag.py:3722} INFO - Setting next_dagrun for example_subdag_operator.section-1 to None, run_after=None
[2023-12-08T02:52:07.349+0000] {logging_mixin.py:154} INFO - [2023-12-08T02:52:07.349+0000] {dag.py:3722} INFO - Setting next_dagrun for example_subdag_operator.section-2 to None, run_after=None
[2023-12-08T02:52:07.373+0000] {logging_mixin.py:154} INFO - [2023-12-08T02:52:07.373+0000] {dag.py:2941} INFO - Sync 2 DAGs
[2023-12-08T02:52:07.389+0000] {logging_mixin.py:154} INFO - [2023-12-08T02:52:07.389+0000] {dag.py:3722} INFO - Setting next_dagrun for example_subdag_operator.section-1 to None, run_after=None
[2023-12-08T02:52:07.390+0000] {logging_mixin.py:154} INFO - [2023-12-08T02:52:07.390+0000] {dag.py:3722} INFO - Setting next_dagrun for example_subdag_operator.section-2 to None, run_after=None
[2023-12-08T02:52:07.423+0000] {processor.py:179} INFO - Processing /home/airflow/.local/lib/python3.8/site-packages/airflow/example_dags/example_subdag_operator.py took 0.322 seconds
[2023-12-08T02:52:37.560+0000] {processor.py:157} INFO - Started process (PID=1422) to work on /home/airflow/.local/lib/python3.8/site-packages/airflow/example_dags/example_subdag_operator.py
[2023-12-08T02:52:37.563+0000] {processor.py:829} INFO - Processing file /home/airflow/.local/lib/python3.8/site-packages/airflow/example_dags/example_subdag_operator.py for tasks to queue
[2023-12-08T02:52:37.569+0000] {logging_mixin.py:154} INFO - [2023-12-08T02:52:37.568+0000] {dagbag.py:536} INFO - Filling up the DagBag from /home/airflow/.local/lib/python3.8/site-packages/airflow/example_dags/example_subdag_operator.py
[2023-12-08T02:52:37.665+0000] {processor.py:839} INFO - DAG(s) dict_keys(['example_subdag_operator.section-1', 'example_subdag_operator.section-2', 'example_subdag_operator']) retrieved from /home/airflow/.local/lib/python3.8/site-packages/airflow/example_dags/example_subdag_operator.py
[2023-12-08T02:52:37.725+0000] {logging_mixin.py:154} INFO - [2023-12-08T02:52:37.724+0000] {dag.py:2941} INFO - Sync 3 DAGs
[2023-12-08T02:52:37.798+0000] {logging_mixin.py:154} INFO - [2023-12-08T02:52:37.798+0000] {dag.py:3722} INFO - Setting next_dagrun for example_subdag_operator to 2022-01-01T00:00:00+00:00, run_after=2022-01-01T00:00:00+00:00
[2023-12-08T02:52:37.812+0000] {logging_mixin.py:154} INFO - [2023-12-08T02:52:37.812+0000] {dag.py:3722} INFO - Setting next_dagrun for example_subdag_operator.section-1 to None, run_after=None
[2023-12-08T02:52:37.816+0000] {logging_mixin.py:154} INFO - [2023-12-08T02:52:37.816+0000] {dag.py:3722} INFO - Setting next_dagrun for example_subdag_operator.section-2 to None, run_after=None
[2023-12-08T02:52:37.838+0000] {logging_mixin.py:154} INFO - [2023-12-08T02:52:37.837+0000] {dag.py:2941} INFO - Sync 2 DAGs
[2023-12-08T02:52:37.859+0000] {logging_mixin.py:154} INFO - [2023-12-08T02:52:37.858+0000] {dag.py:3722} INFO - Setting next_dagrun for example_subdag_operator.section-1 to None, run_after=None
[2023-12-08T02:52:37.860+0000] {logging_mixin.py:154} INFO - [2023-12-08T02:52:37.859+0000] {dag.py:3722} INFO - Setting next_dagrun for example_subdag_operator.section-2 to None, run_after=None
[2023-12-08T02:52:37.889+0000] {processor.py:179} INFO - Processing /home/airflow/.local/lib/python3.8/site-packages/airflow/example_dags/example_subdag_operator.py took 0.339 seconds
[2023-12-08T02:53:08.069+0000] {processor.py:157} INFO - Started process (PID=1477) to work on /home/airflow/.local/lib/python3.8/site-packages/airflow/example_dags/example_subdag_operator.py
[2023-12-08T02:53:08.071+0000] {processor.py:829} INFO - Processing file /home/airflow/.local/lib/python3.8/site-packages/airflow/example_dags/example_subdag_operator.py for tasks to queue
[2023-12-08T02:53:08.075+0000] {logging_mixin.py:154} INFO - [2023-12-08T02:53:08.075+0000] {dagbag.py:536} INFO - Filling up the DagBag from /home/airflow/.local/lib/python3.8/site-packages/airflow/example_dags/example_subdag_operator.py
[2023-12-08T02:53:08.132+0000] {processor.py:839} INFO - DAG(s) dict_keys(['example_subdag_operator.section-1', 'example_subdag_operator.section-2', 'example_subdag_operator']) retrieved from /home/airflow/.local/lib/python3.8/site-packages/airflow/example_dags/example_subdag_operator.py
[2023-12-08T02:53:08.165+0000] {logging_mixin.py:154} INFO - [2023-12-08T02:53:08.165+0000] {dag.py:2941} INFO - Sync 3 DAGs
[2023-12-08T02:53:08.218+0000] {logging_mixin.py:154} INFO - [2023-12-08T02:53:08.217+0000] {dag.py:3722} INFO - Setting next_dagrun for example_subdag_operator to 2022-01-01T00:00:00+00:00, run_after=2022-01-01T00:00:00+00:00
[2023-12-08T02:53:08.223+0000] {logging_mixin.py:154} INFO - [2023-12-08T02:53:08.223+0000] {dag.py:3722} INFO - Setting next_dagrun for example_subdag_operator.section-1 to None, run_after=None
[2023-12-08T02:53:08.226+0000] {logging_mixin.py:154} INFO - [2023-12-08T02:53:08.225+0000] {dag.py:3722} INFO - Setting next_dagrun for example_subdag_operator.section-2 to None, run_after=None
[2023-12-08T02:53:08.239+0000] {logging_mixin.py:154} INFO - [2023-12-08T02:53:08.239+0000] {dag.py:2941} INFO - Sync 2 DAGs
[2023-12-08T02:53:08.250+0000] {logging_mixin.py:154} INFO - [2023-12-08T02:53:08.250+0000] {dag.py:3722} INFO - Setting next_dagrun for example_subdag_operator.section-1 to None, run_after=None
[2023-12-08T02:53:08.251+0000] {logging_mixin.py:154} INFO - [2023-12-08T02:53:08.251+0000] {dag.py:3722} INFO - Setting next_dagrun for example_subdag_operator.section-2 to None, run_after=None
[2023-12-08T02:53:08.272+0000] {processor.py:179} INFO - Processing /home/airflow/.local/lib/python3.8/site-packages/airflow/example_dags/example_subdag_operator.py took 0.209 seconds
[2023-12-08T02:53:38.771+0000] {processor.py:157} INFO - Started process (PID=1530) to work on /home/airflow/.local/lib/python3.8/site-packages/airflow/example_dags/example_subdag_operator.py
[2023-12-08T02:53:38.776+0000] {processor.py:829} INFO - Processing file /home/airflow/.local/lib/python3.8/site-packages/airflow/example_dags/example_subdag_operator.py for tasks to queue
[2023-12-08T02:53:38.784+0000] {logging_mixin.py:154} INFO - [2023-12-08T02:53:38.784+0000] {dagbag.py:536} INFO - Filling up the DagBag from /home/airflow/.local/lib/python3.8/site-packages/airflow/example_dags/example_subdag_operator.py
[2023-12-08T02:53:38.879+0000] {processor.py:839} INFO - DAG(s) dict_keys(['example_subdag_operator.section-1', 'example_subdag_operator.section-2', 'example_subdag_operator']) retrieved from /home/airflow/.local/lib/python3.8/site-packages/airflow/example_dags/example_subdag_operator.py
[2023-12-08T02:53:38.942+0000] {logging_mixin.py:154} INFO - [2023-12-08T02:53:38.942+0000] {dag.py:2941} INFO - Sync 3 DAGs
[2023-12-08T02:53:39.008+0000] {logging_mixin.py:154} INFO - [2023-12-08T02:53:39.008+0000] {dag.py:3722} INFO - Setting next_dagrun for example_subdag_operator to 2022-01-01T00:00:00+00:00, run_after=2022-01-01T00:00:00+00:00
[2023-12-08T02:53:39.017+0000] {logging_mixin.py:154} INFO - [2023-12-08T02:53:39.017+0000] {dag.py:3722} INFO - Setting next_dagrun for example_subdag_operator.section-1 to None, run_after=None
[2023-12-08T02:53:39.021+0000] {logging_mixin.py:154} INFO - [2023-12-08T02:53:39.020+0000] {dag.py:3722} INFO - Setting next_dagrun for example_subdag_operator.section-2 to None, run_after=None
[2023-12-08T02:53:39.035+0000] {logging_mixin.py:154} INFO - [2023-12-08T02:53:39.035+0000] {dag.py:2941} INFO - Sync 2 DAGs
[2023-12-08T02:53:39.044+0000] {logging_mixin.py:154} INFO - [2023-12-08T02:53:39.044+0000] {dag.py:3722} INFO - Setting next_dagrun for example_subdag_operator.section-1 to None, run_after=None
[2023-12-08T02:53:39.045+0000] {logging_mixin.py:154} INFO - [2023-12-08T02:53:39.045+0000] {dag.py:3722} INFO - Setting next_dagrun for example_subdag_operator.section-2 to None, run_after=None
[2023-12-08T02:53:39.076+0000] {processor.py:179} INFO - Processing /home/airflow/.local/lib/python3.8/site-packages/airflow/example_dags/example_subdag_operator.py took 0.316 seconds
[2023-12-08T02:54:10.178+0000] {processor.py:157} INFO - Started process (PID=1585) to work on /home/airflow/.local/lib/python3.8/site-packages/airflow/example_dags/example_subdag_operator.py
[2023-12-08T02:54:10.197+0000] {processor.py:829} INFO - Processing file /home/airflow/.local/lib/python3.8/site-packages/airflow/example_dags/example_subdag_operator.py for tasks to queue
[2023-12-08T02:54:10.205+0000] {logging_mixin.py:154} INFO - [2023-12-08T02:54:10.204+0000] {dagbag.py:536} INFO - Filling up the DagBag from /home/airflow/.local/lib/python3.8/site-packages/airflow/example_dags/example_subdag_operator.py
[2023-12-08T02:54:10.284+0000] {processor.py:839} INFO - DAG(s) dict_keys(['example_subdag_operator.section-1', 'example_subdag_operator.section-2', 'example_subdag_operator']) retrieved from /home/airflow/.local/lib/python3.8/site-packages/airflow/example_dags/example_subdag_operator.py
[2023-12-08T02:54:10.348+0000] {logging_mixin.py:154} INFO - [2023-12-08T02:54:10.348+0000] {dag.py:2941} INFO - Sync 3 DAGs
[2023-12-08T02:54:10.454+0000] {logging_mixin.py:154} INFO - [2023-12-08T02:54:10.454+0000] {dag.py:3722} INFO - Setting next_dagrun for example_subdag_operator to 2022-01-01T00:00:00+00:00, run_after=2022-01-01T00:00:00+00:00
[2023-12-08T02:54:10.467+0000] {logging_mixin.py:154} INFO - [2023-12-08T02:54:10.466+0000] {dag.py:3722} INFO - Setting next_dagrun for example_subdag_operator.section-1 to None, run_after=None
[2023-12-08T02:54:10.471+0000] {logging_mixin.py:154} INFO - [2023-12-08T02:54:10.470+0000] {dag.py:3722} INFO - Setting next_dagrun for example_subdag_operator.section-2 to None, run_after=None
[2023-12-08T02:54:10.505+0000] {logging_mixin.py:154} INFO - [2023-12-08T02:54:10.505+0000] {dag.py:2941} INFO - Sync 2 DAGs
[2023-12-08T02:54:10.519+0000] {logging_mixin.py:154} INFO - [2023-12-08T02:54:10.518+0000] {dag.py:3722} INFO - Setting next_dagrun for example_subdag_operator.section-1 to None, run_after=None
[2023-12-08T02:54:10.521+0000] {logging_mixin.py:154} INFO - [2023-12-08T02:54:10.521+0000] {dag.py:3722} INFO - Setting next_dagrun for example_subdag_operator.section-2 to None, run_after=None
[2023-12-08T02:54:10.553+0000] {processor.py:179} INFO - Processing /home/airflow/.local/lib/python3.8/site-packages/airflow/example_dags/example_subdag_operator.py took 0.388 seconds
[2023-12-08T02:54:40.798+0000] {processor.py:157} INFO - Started process (PID=1639) to work on /home/airflow/.local/lib/python3.8/site-packages/airflow/example_dags/example_subdag_operator.py
[2023-12-08T02:54:40.801+0000] {processor.py:829} INFO - Processing file /home/airflow/.local/lib/python3.8/site-packages/airflow/example_dags/example_subdag_operator.py for tasks to queue
[2023-12-08T02:54:40.807+0000] {logging_mixin.py:154} INFO - [2023-12-08T02:54:40.807+0000] {dagbag.py:536} INFO - Filling up the DagBag from /home/airflow/.local/lib/python3.8/site-packages/airflow/example_dags/example_subdag_operator.py
[2023-12-08T02:54:40.877+0000] {processor.py:839} INFO - DAG(s) dict_keys(['example_subdag_operator.section-1', 'example_subdag_operator.section-2', 'example_subdag_operator']) retrieved from /home/airflow/.local/lib/python3.8/site-packages/airflow/example_dags/example_subdag_operator.py
[2023-12-08T02:54:40.913+0000] {logging_mixin.py:154} INFO - [2023-12-08T02:54:40.913+0000] {dag.py:2941} INFO - Sync 3 DAGs
[2023-12-08T02:54:40.961+0000] {logging_mixin.py:154} INFO - [2023-12-08T02:54:40.961+0000] {dag.py:3722} INFO - Setting next_dagrun for example_subdag_operator to 2022-01-01T00:00:00+00:00, run_after=2022-01-01T00:00:00+00:00
[2023-12-08T02:54:40.967+0000] {logging_mixin.py:154} INFO - [2023-12-08T02:54:40.967+0000] {dag.py:3722} INFO - Setting next_dagrun for example_subdag_operator.section-1 to None, run_after=None
[2023-12-08T02:54:40.969+0000] {logging_mixin.py:154} INFO - [2023-12-08T02:54:40.969+0000] {dag.py:3722} INFO - Setting next_dagrun for example_subdag_operator.section-2 to None, run_after=None
[2023-12-08T02:54:40.982+0000] {logging_mixin.py:154} INFO - [2023-12-08T02:54:40.982+0000] {dag.py:2941} INFO - Sync 2 DAGs
[2023-12-08T02:54:40.992+0000] {logging_mixin.py:154} INFO - [2023-12-08T02:54:40.992+0000] {dag.py:3722} INFO - Setting next_dagrun for example_subdag_operator.section-1 to None, run_after=None
[2023-12-08T02:54:40.993+0000] {logging_mixin.py:154} INFO - [2023-12-08T02:54:40.993+0000] {dag.py:3722} INFO - Setting next_dagrun for example_subdag_operator.section-2 to None, run_after=None
[2023-12-08T02:54:41.015+0000] {processor.py:179} INFO - Processing /home/airflow/.local/lib/python3.8/site-packages/airflow/example_dags/example_subdag_operator.py took 0.224 seconds
[2023-12-08T02:55:11.241+0000] {processor.py:157} INFO - Started process (PID=1693) to work on /home/airflow/.local/lib/python3.8/site-packages/airflow/example_dags/example_subdag_operator.py
[2023-12-08T02:55:11.244+0000] {processor.py:829} INFO - Processing file /home/airflow/.local/lib/python3.8/site-packages/airflow/example_dags/example_subdag_operator.py for tasks to queue
[2023-12-08T02:55:11.250+0000] {logging_mixin.py:154} INFO - [2023-12-08T02:55:11.249+0000] {dagbag.py:536} INFO - Filling up the DagBag from /home/airflow/.local/lib/python3.8/site-packages/airflow/example_dags/example_subdag_operator.py
[2023-12-08T02:55:11.316+0000] {processor.py:839} INFO - DAG(s) dict_keys(['example_subdag_operator.section-1', 'example_subdag_operator.section-2', 'example_subdag_operator']) retrieved from /home/airflow/.local/lib/python3.8/site-packages/airflow/example_dags/example_subdag_operator.py
[2023-12-08T02:55:11.356+0000] {logging_mixin.py:154} INFO - [2023-12-08T02:55:11.356+0000] {dag.py:2941} INFO - Sync 3 DAGs
[2023-12-08T02:55:11.399+0000] {logging_mixin.py:154} INFO - [2023-12-08T02:55:11.399+0000] {dag.py:3722} INFO - Setting next_dagrun for example_subdag_operator to 2022-01-01T00:00:00+00:00, run_after=2022-01-01T00:00:00+00:00
[2023-12-08T02:55:11.406+0000] {logging_mixin.py:154} INFO - [2023-12-08T02:55:11.406+0000] {dag.py:3722} INFO - Setting next_dagrun for example_subdag_operator.section-1 to None, run_after=None
[2023-12-08T02:55:11.409+0000] {logging_mixin.py:154} INFO - [2023-12-08T02:55:11.408+0000] {dag.py:3722} INFO - Setting next_dagrun for example_subdag_operator.section-2 to None, run_after=None
[2023-12-08T02:55:11.422+0000] {logging_mixin.py:154} INFO - [2023-12-08T02:55:11.422+0000] {dag.py:2941} INFO - Sync 2 DAGs
[2023-12-08T02:55:11.432+0000] {logging_mixin.py:154} INFO - [2023-12-08T02:55:11.431+0000] {dag.py:3722} INFO - Setting next_dagrun for example_subdag_operator.section-1 to None, run_after=None
[2023-12-08T02:55:11.432+0000] {logging_mixin.py:154} INFO - [2023-12-08T02:55:11.432+0000] {dag.py:3722} INFO - Setting next_dagrun for example_subdag_operator.section-2 to None, run_after=None
[2023-12-08T02:55:11.452+0000] {processor.py:179} INFO - Processing /home/airflow/.local/lib/python3.8/site-packages/airflow/example_dags/example_subdag_operator.py took 0.222 seconds
[2023-12-08T02:55:41.917+0000] {processor.py:157} INFO - Started process (PID=1748) to work on /home/airflow/.local/lib/python3.8/site-packages/airflow/example_dags/example_subdag_operator.py
[2023-12-08T02:55:41.938+0000] {processor.py:829} INFO - Processing file /home/airflow/.local/lib/python3.8/site-packages/airflow/example_dags/example_subdag_operator.py for tasks to queue
[2023-12-08T02:55:41.944+0000] {logging_mixin.py:154} INFO - [2023-12-08T02:55:41.943+0000] {dagbag.py:536} INFO - Filling up the DagBag from /home/airflow/.local/lib/python3.8/site-packages/airflow/example_dags/example_subdag_operator.py
[2023-12-08T02:55:42.117+0000] {processor.py:839} INFO - DAG(s) dict_keys(['example_subdag_operator.section-1', 'example_subdag_operator.section-2', 'example_subdag_operator']) retrieved from /home/airflow/.local/lib/python3.8/site-packages/airflow/example_dags/example_subdag_operator.py
[2023-12-08T02:55:42.184+0000] {logging_mixin.py:154} INFO - [2023-12-08T02:55:42.184+0000] {dag.py:2941} INFO - Sync 3 DAGs
[2023-12-08T02:55:42.277+0000] {logging_mixin.py:154} INFO - [2023-12-08T02:55:42.276+0000] {dag.py:3722} INFO - Setting next_dagrun for example_subdag_operator to 2022-01-01T00:00:00+00:00, run_after=2022-01-01T00:00:00+00:00
[2023-12-08T02:55:42.285+0000] {logging_mixin.py:154} INFO - [2023-12-08T02:55:42.283+0000] {dag.py:3722} INFO - Setting next_dagrun for example_subdag_operator.section-1 to None, run_after=None
[2023-12-08T02:55:42.292+0000] {logging_mixin.py:154} INFO - [2023-12-08T02:55:42.290+0000] {dag.py:3722} INFO - Setting next_dagrun for example_subdag_operator.section-2 to None, run_after=None
[2023-12-08T02:55:42.324+0000] {logging_mixin.py:154} INFO - [2023-12-08T02:55:42.322+0000] {dag.py:2941} INFO - Sync 2 DAGs
[2023-12-08T02:55:42.341+0000] {logging_mixin.py:154} INFO - [2023-12-08T02:55:42.340+0000] {dag.py:3722} INFO - Setting next_dagrun for example_subdag_operator.section-1 to None, run_after=None
[2023-12-08T02:55:42.343+0000] {logging_mixin.py:154} INFO - [2023-12-08T02:55:42.343+0000] {dag.py:3722} INFO - Setting next_dagrun for example_subdag_operator.section-2 to None, run_after=None
[2023-12-08T02:55:42.389+0000] {processor.py:179} INFO - Processing /home/airflow/.local/lib/python3.8/site-packages/airflow/example_dags/example_subdag_operator.py took 0.495 seconds
[2023-12-08T02:56:12.691+0000] {processor.py:157} INFO - Started process (PID=1802) to work on /home/airflow/.local/lib/python3.8/site-packages/airflow/example_dags/example_subdag_operator.py
[2023-12-08T02:56:12.695+0000] {processor.py:829} INFO - Processing file /home/airflow/.local/lib/python3.8/site-packages/airflow/example_dags/example_subdag_operator.py for tasks to queue
[2023-12-08T02:56:12.701+0000] {logging_mixin.py:154} INFO - [2023-12-08T02:56:12.700+0000] {dagbag.py:536} INFO - Filling up the DagBag from /home/airflow/.local/lib/python3.8/site-packages/airflow/example_dags/example_subdag_operator.py
[2023-12-08T02:56:12.758+0000] {processor.py:839} INFO - DAG(s) dict_keys(['example_subdag_operator.section-1', 'example_subdag_operator.section-2', 'example_subdag_operator']) retrieved from /home/airflow/.local/lib/python3.8/site-packages/airflow/example_dags/example_subdag_operator.py
[2023-12-08T02:56:12.794+0000] {logging_mixin.py:154} INFO - [2023-12-08T02:56:12.793+0000] {dag.py:2941} INFO - Sync 3 DAGs
[2023-12-08T02:56:12.837+0000] {logging_mixin.py:154} INFO - [2023-12-08T02:56:12.837+0000] {dag.py:3722} INFO - Setting next_dagrun for example_subdag_operator to 2022-01-01T00:00:00+00:00, run_after=2022-01-01T00:00:00+00:00
[2023-12-08T02:56:12.845+0000] {logging_mixin.py:154} INFO - [2023-12-08T02:56:12.845+0000] {dag.py:3722} INFO - Setting next_dagrun for example_subdag_operator.section-1 to None, run_after=None
[2023-12-08T02:56:12.847+0000] {logging_mixin.py:154} INFO - [2023-12-08T02:56:12.847+0000] {dag.py:3722} INFO - Setting next_dagrun for example_subdag_operator.section-2 to None, run_after=None
[2023-12-08T02:56:12.862+0000] {logging_mixin.py:154} INFO - [2023-12-08T02:56:12.862+0000] {dag.py:2941} INFO - Sync 2 DAGs
[2023-12-08T02:56:12.871+0000] {logging_mixin.py:154} INFO - [2023-12-08T02:56:12.870+0000] {dag.py:3722} INFO - Setting next_dagrun for example_subdag_operator.section-1 to None, run_after=None
[2023-12-08T02:56:12.871+0000] {logging_mixin.py:154} INFO - [2023-12-08T02:56:12.871+0000] {dag.py:3722} INFO - Setting next_dagrun for example_subdag_operator.section-2 to None, run_after=None
[2023-12-08T02:56:12.896+0000] {processor.py:179} INFO - Processing /home/airflow/.local/lib/python3.8/site-packages/airflow/example_dags/example_subdag_operator.py took 0.216 seconds
[2023-12-08T02:56:43.066+0000] {processor.py:157} INFO - Started process (PID=1856) to work on /home/airflow/.local/lib/python3.8/site-packages/airflow/example_dags/example_subdag_operator.py
[2023-12-08T02:56:43.069+0000] {processor.py:829} INFO - Processing file /home/airflow/.local/lib/python3.8/site-packages/airflow/example_dags/example_subdag_operator.py for tasks to queue
[2023-12-08T02:56:43.076+0000] {logging_mixin.py:154} INFO - [2023-12-08T02:56:43.075+0000] {dagbag.py:536} INFO - Filling up the DagBag from /home/airflow/.local/lib/python3.8/site-packages/airflow/example_dags/example_subdag_operator.py
[2023-12-08T02:56:43.142+0000] {processor.py:839} INFO - DAG(s) dict_keys(['example_subdag_operator.section-1', 'example_subdag_operator.section-2', 'example_subdag_operator']) retrieved from /home/airflow/.local/lib/python3.8/site-packages/airflow/example_dags/example_subdag_operator.py
[2023-12-08T02:56:43.180+0000] {logging_mixin.py:154} INFO - [2023-12-08T02:56:43.180+0000] {dag.py:2941} INFO - Sync 3 DAGs
[2023-12-08T02:56:43.233+0000] {logging_mixin.py:154} INFO - [2023-12-08T02:56:43.233+0000] {dag.py:3722} INFO - Setting next_dagrun for example_subdag_operator to 2022-01-01T00:00:00+00:00, run_after=2022-01-01T00:00:00+00:00
[2023-12-08T02:56:43.239+0000] {logging_mixin.py:154} INFO - [2023-12-08T02:56:43.239+0000] {dag.py:3722} INFO - Setting next_dagrun for example_subdag_operator.section-1 to None, run_after=None
[2023-12-08T02:56:43.243+0000] {logging_mixin.py:154} INFO - [2023-12-08T02:56:43.242+0000] {dag.py:3722} INFO - Setting next_dagrun for example_subdag_operator.section-2 to None, run_after=None
[2023-12-08T02:56:43.260+0000] {logging_mixin.py:154} INFO - [2023-12-08T02:56:43.259+0000] {dag.py:2941} INFO - Sync 2 DAGs
[2023-12-08T02:56:43.275+0000] {logging_mixin.py:154} INFO - [2023-12-08T02:56:43.273+0000] {dag.py:3722} INFO - Setting next_dagrun for example_subdag_operator.section-1 to None, run_after=None
[2023-12-08T02:56:43.276+0000] {logging_mixin.py:154} INFO - [2023-12-08T02:56:43.275+0000] {dag.py:3722} INFO - Setting next_dagrun for example_subdag_operator.section-2 to None, run_after=None
[2023-12-08T02:56:43.298+0000] {processor.py:179} INFO - Processing /home/airflow/.local/lib/python3.8/site-packages/airflow/example_dags/example_subdag_operator.py took 0.244 seconds
