[2023-12-08T02:39:18.129+0000] {processor.py:157} INFO - Started process (PID=67) to work on /home/airflow/.local/lib/python3.8/site-packages/airflow/example_dags/example_branch_labels.py
[2023-12-08T02:39:18.132+0000] {processor.py:829} INFO - Processing file /home/airflow/.local/lib/python3.8/site-packages/airflow/example_dags/example_branch_labels.py for tasks to queue
[2023-12-08T02:39:18.138+0000] {logging_mixin.py:154} INFO - [2023-12-08T02:39:18.137+0000] {dagbag.py:536} INFO - Filling up the DagBag from /home/airflow/.local/lib/python3.8/site-packages/airflow/example_dags/example_branch_labels.py
[2023-12-08T02:39:18.185+0000] {processor.py:839} INFO - DAG(s) dict_keys(['example_branch_labels']) retrieved from /home/airflow/.local/lib/python3.8/site-packages/airflow/example_dags/example_branch_labels.py
[2023-12-08T02:39:18.297+0000] {logging_mixin.py:154} INFO - [2023-12-08T02:39:18.296+0000] {dag.py:2941} INFO - Sync 1 DAGs
[2023-12-08T02:39:18.370+0000] {logging_mixin.py:154} INFO - [2023-12-08T02:39:18.370+0000] {dag.py:3722} INFO - Setting next_dagrun for example_branch_labels to 2023-12-07T00:00:00+00:00, run_after=2023-12-08T00:00:00+00:00
[2023-12-08T02:39:18.497+0000] {processor.py:179} INFO - Processing /home/airflow/.local/lib/python3.8/site-packages/airflow/example_dags/example_branch_labels.py took 0.383 seconds
[2023-12-08T02:39:49.571+0000] {processor.py:157} INFO - Started process (PID=121) to work on /home/airflow/.local/lib/python3.8/site-packages/airflow/example_dags/example_branch_labels.py
[2023-12-08T02:39:49.585+0000] {processor.py:829} INFO - Processing file /home/airflow/.local/lib/python3.8/site-packages/airflow/example_dags/example_branch_labels.py for tasks to queue
[2023-12-08T02:39:49.614+0000] {logging_mixin.py:154} INFO - [2023-12-08T02:39:49.613+0000] {dagbag.py:536} INFO - Filling up the DagBag from /home/airflow/.local/lib/python3.8/site-packages/airflow/example_dags/example_branch_labels.py
[2023-12-08T02:39:49.795+0000] {processor.py:839} INFO - DAG(s) dict_keys(['example_branch_labels']) retrieved from /home/airflow/.local/lib/python3.8/site-packages/airflow/example_dags/example_branch_labels.py
[2023-12-08T02:39:50.077+0000] {logging_mixin.py:154} INFO - [2023-12-08T02:39:50.076+0000] {dag.py:2941} INFO - Sync 1 DAGs
[2023-12-08T02:39:50.697+0000] {logging_mixin.py:154} INFO - [2023-12-08T02:39:50.697+0000] {dag.py:3722} INFO - Setting next_dagrun for example_branch_labels to 2023-12-07T00:00:00+00:00, run_after=2023-12-08T00:00:00+00:00
[2023-12-08T02:39:50.776+0000] {processor.py:179} INFO - Processing /home/airflow/.local/lib/python3.8/site-packages/airflow/example_dags/example_branch_labels.py took 1.266 seconds
[2023-12-08T02:40:20.906+0000] {processor.py:157} INFO - Started process (PID=174) to work on /home/airflow/.local/lib/python3.8/site-packages/airflow/example_dags/example_branch_labels.py
[2023-12-08T02:40:20.909+0000] {processor.py:829} INFO - Processing file /home/airflow/.local/lib/python3.8/site-packages/airflow/example_dags/example_branch_labels.py for tasks to queue
[2023-12-08T02:40:20.920+0000] {logging_mixin.py:154} INFO - [2023-12-08T02:40:20.918+0000] {dagbag.py:536} INFO - Filling up the DagBag from /home/airflow/.local/lib/python3.8/site-packages/airflow/example_dags/example_branch_labels.py
[2023-12-08T02:40:20.964+0000] {processor.py:839} INFO - DAG(s) dict_keys(['example_branch_labels']) retrieved from /home/airflow/.local/lib/python3.8/site-packages/airflow/example_dags/example_branch_labels.py
[2023-12-08T02:40:21.187+0000] {logging_mixin.py:154} INFO - [2023-12-08T02:40:21.186+0000] {dag.py:2941} INFO - Sync 1 DAGs
[2023-12-08T02:40:21.400+0000] {logging_mixin.py:154} INFO - [2023-12-08T02:40:21.399+0000] {dag.py:3722} INFO - Setting next_dagrun for example_branch_labels to 2023-12-07T00:00:00+00:00, run_after=2023-12-08T00:00:00+00:00
[2023-12-08T02:40:21.579+0000] {processor.py:179} INFO - Processing /home/airflow/.local/lib/python3.8/site-packages/airflow/example_dags/example_branch_labels.py took 0.691 seconds
[2023-12-08T02:40:51.859+0000] {processor.py:157} INFO - Started process (PID=228) to work on /home/airflow/.local/lib/python3.8/site-packages/airflow/example_dags/example_branch_labels.py
[2023-12-08T02:40:51.861+0000] {processor.py:829} INFO - Processing file /home/airflow/.local/lib/python3.8/site-packages/airflow/example_dags/example_branch_labels.py for tasks to queue
[2023-12-08T02:40:51.865+0000] {logging_mixin.py:154} INFO - [2023-12-08T02:40:51.864+0000] {dagbag.py:536} INFO - Filling up the DagBag from /home/airflow/.local/lib/python3.8/site-packages/airflow/example_dags/example_branch_labels.py
[2023-12-08T02:40:51.877+0000] {processor.py:839} INFO - DAG(s) dict_keys(['example_branch_labels']) retrieved from /home/airflow/.local/lib/python3.8/site-packages/airflow/example_dags/example_branch_labels.py
[2023-12-08T02:40:51.930+0000] {logging_mixin.py:154} INFO - [2023-12-08T02:40:51.929+0000] {dag.py:2941} INFO - Sync 1 DAGs
[2023-12-08T02:40:52.016+0000] {logging_mixin.py:154} INFO - [2023-12-08T02:40:52.015+0000] {dag.py:3722} INFO - Setting next_dagrun for example_branch_labels to 2023-12-07T00:00:00+00:00, run_after=2023-12-08T00:00:00+00:00
[2023-12-08T02:40:52.063+0000] {processor.py:179} INFO - Processing /home/airflow/.local/lib/python3.8/site-packages/airflow/example_dags/example_branch_labels.py took 0.209 seconds
[2023-12-08T02:41:22.154+0000] {processor.py:157} INFO - Started process (PID=282) to work on /home/airflow/.local/lib/python3.8/site-packages/airflow/example_dags/example_branch_labels.py
[2023-12-08T02:41:22.164+0000] {processor.py:829} INFO - Processing file /home/airflow/.local/lib/python3.8/site-packages/airflow/example_dags/example_branch_labels.py for tasks to queue
[2023-12-08T02:41:22.168+0000] {logging_mixin.py:154} INFO - [2023-12-08T02:41:22.168+0000] {dagbag.py:536} INFO - Filling up the DagBag from /home/airflow/.local/lib/python3.8/site-packages/airflow/example_dags/example_branch_labels.py
[2023-12-08T02:41:22.182+0000] {processor.py:839} INFO - DAG(s) dict_keys(['example_branch_labels']) retrieved from /home/airflow/.local/lib/python3.8/site-packages/airflow/example_dags/example_branch_labels.py
[2023-12-08T02:41:22.216+0000] {logging_mixin.py:154} INFO - [2023-12-08T02:41:22.216+0000] {dag.py:2941} INFO - Sync 1 DAGs
[2023-12-08T02:41:22.257+0000] {logging_mixin.py:154} INFO - [2023-12-08T02:41:22.256+0000] {dag.py:3722} INFO - Setting next_dagrun for example_branch_labels to 2023-12-07T00:00:00+00:00, run_after=2023-12-08T00:00:00+00:00
[2023-12-08T02:41:22.289+0000] {processor.py:179} INFO - Processing /home/airflow/.local/lib/python3.8/site-packages/airflow/example_dags/example_branch_labels.py took 0.142 seconds
[2023-12-08T02:41:55.885+0000] {processor.py:157} INFO - Started process (PID=337) to work on /home/airflow/.local/lib/python3.8/site-packages/airflow/example_dags/example_branch_labels.py
[2023-12-08T02:41:55.945+0000] {processor.py:829} INFO - Processing file /home/airflow/.local/lib/python3.8/site-packages/airflow/example_dags/example_branch_labels.py for tasks to queue
[2023-12-08T02:41:55.962+0000] {logging_mixin.py:154} INFO - [2023-12-08T02:41:55.951+0000] {dagbag.py:536} INFO - Filling up the DagBag from /home/airflow/.local/lib/python3.8/site-packages/airflow/example_dags/example_branch_labels.py
[2023-12-08T02:41:56.043+0000] {processor.py:839} INFO - DAG(s) dict_keys(['example_branch_labels']) retrieved from /home/airflow/.local/lib/python3.8/site-packages/airflow/example_dags/example_branch_labels.py
[2023-12-08T02:41:56.209+0000] {logging_mixin.py:154} INFO - [2023-12-08T02:41:56.199+0000] {dag.py:2941} INFO - Sync 1 DAGs
[2023-12-08T02:41:56.404+0000] {logging_mixin.py:154} INFO - [2023-12-08T02:41:56.404+0000] {dag.py:3722} INFO - Setting next_dagrun for example_branch_labels to 2023-12-07T00:00:00+00:00, run_after=2023-12-08T00:00:00+00:00
[2023-12-08T02:41:56.565+0000] {processor.py:179} INFO - Processing /home/airflow/.local/lib/python3.8/site-packages/airflow/example_dags/example_branch_labels.py took 0.756 seconds
[2023-12-08T02:42:28.509+0000] {processor.py:157} INFO - Started process (PID=391) to work on /home/airflow/.local/lib/python3.8/site-packages/airflow/example_dags/example_branch_labels.py
[2023-12-08T02:42:28.601+0000] {processor.py:829} INFO - Processing file /home/airflow/.local/lib/python3.8/site-packages/airflow/example_dags/example_branch_labels.py for tasks to queue
[2023-12-08T02:42:28.617+0000] {logging_mixin.py:154} INFO - [2023-12-08T02:42:28.616+0000] {dagbag.py:536} INFO - Filling up the DagBag from /home/airflow/.local/lib/python3.8/site-packages/airflow/example_dags/example_branch_labels.py
[2023-12-08T02:42:28.683+0000] {processor.py:839} INFO - DAG(s) dict_keys(['example_branch_labels']) retrieved from /home/airflow/.local/lib/python3.8/site-packages/airflow/example_dags/example_branch_labels.py
[2023-12-08T02:42:28.873+0000] {logging_mixin.py:154} INFO - [2023-12-08T02:42:28.872+0000] {dag.py:2941} INFO - Sync 1 DAGs
[2023-12-08T02:42:29.161+0000] {logging_mixin.py:154} INFO - [2023-12-08T02:42:29.160+0000] {dag.py:3722} INFO - Setting next_dagrun for example_branch_labels to 2023-12-07T00:00:00+00:00, run_after=2023-12-08T00:00:00+00:00
[2023-12-08T02:42:29.396+0000] {processor.py:179} INFO - Processing /home/airflow/.local/lib/python3.8/site-packages/airflow/example_dags/example_branch_labels.py took 0.898 seconds
[2023-12-08T02:43:04.640+0000] {processor.py:157} INFO - Started process (PID=445) to work on /home/airflow/.local/lib/python3.8/site-packages/airflow/example_dags/example_branch_labels.py
[2023-12-08T02:43:04.685+0000] {processor.py:829} INFO - Processing file /home/airflow/.local/lib/python3.8/site-packages/airflow/example_dags/example_branch_labels.py for tasks to queue
[2023-12-08T02:43:04.705+0000] {logging_mixin.py:154} INFO - [2023-12-08T02:43:04.704+0000] {dagbag.py:536} INFO - Filling up the DagBag from /home/airflow/.local/lib/python3.8/site-packages/airflow/example_dags/example_branch_labels.py
[2023-12-08T02:43:04.815+0000] {processor.py:839} INFO - DAG(s) dict_keys(['example_branch_labels']) retrieved from /home/airflow/.local/lib/python3.8/site-packages/airflow/example_dags/example_branch_labels.py
[2023-12-08T02:43:05.011+0000] {logging_mixin.py:154} INFO - [2023-12-08T02:43:05.010+0000] {dag.py:2941} INFO - Sync 1 DAGs
[2023-12-08T02:43:05.162+0000] {logging_mixin.py:154} INFO - [2023-12-08T02:43:05.161+0000] {dag.py:3722} INFO - Setting next_dagrun for example_branch_labels to 2023-12-07T00:00:00+00:00, run_after=2023-12-08T00:00:00+00:00
[2023-12-08T02:43:05.267+0000] {processor.py:179} INFO - Processing /home/airflow/.local/lib/python3.8/site-packages/airflow/example_dags/example_branch_labels.py took 0.664 seconds
[2023-12-08T02:43:38.261+0000] {processor.py:157} INFO - Started process (PID=500) to work on /home/airflow/.local/lib/python3.8/site-packages/airflow/example_dags/example_branch_labels.py
[2023-12-08T02:43:38.274+0000] {processor.py:829} INFO - Processing file /home/airflow/.local/lib/python3.8/site-packages/airflow/example_dags/example_branch_labels.py for tasks to queue
[2023-12-08T02:43:38.293+0000] {logging_mixin.py:154} INFO - [2023-12-08T02:43:38.292+0000] {dagbag.py:536} INFO - Filling up the DagBag from /home/airflow/.local/lib/python3.8/site-packages/airflow/example_dags/example_branch_labels.py
[2023-12-08T02:43:38.389+0000] {processor.py:839} INFO - DAG(s) dict_keys(['example_branch_labels']) retrieved from /home/airflow/.local/lib/python3.8/site-packages/airflow/example_dags/example_branch_labels.py
[2023-12-08T02:43:38.704+0000] {logging_mixin.py:154} INFO - [2023-12-08T02:43:38.704+0000] {dag.py:2941} INFO - Sync 1 DAGs
[2023-12-08T02:43:39.036+0000] {logging_mixin.py:154} INFO - [2023-12-08T02:43:39.036+0000] {dag.py:3722} INFO - Setting next_dagrun for example_branch_labels to 2023-12-07T00:00:00+00:00, run_after=2023-12-08T00:00:00+00:00
[2023-12-08T02:43:39.318+0000] {processor.py:179} INFO - Processing /home/airflow/.local/lib/python3.8/site-packages/airflow/example_dags/example_branch_labels.py took 1.090 seconds
[2023-12-08T02:44:09.674+0000] {processor.py:157} INFO - Started process (PID=552) to work on /home/airflow/.local/lib/python3.8/site-packages/airflow/example_dags/example_branch_labels.py
[2023-12-08T02:44:09.687+0000] {processor.py:829} INFO - Processing file /home/airflow/.local/lib/python3.8/site-packages/airflow/example_dags/example_branch_labels.py for tasks to queue
[2023-12-08T02:44:09.691+0000] {logging_mixin.py:154} INFO - [2023-12-08T02:44:09.690+0000] {dagbag.py:536} INFO - Filling up the DagBag from /home/airflow/.local/lib/python3.8/site-packages/airflow/example_dags/example_branch_labels.py
[2023-12-08T02:44:09.704+0000] {processor.py:839} INFO - DAG(s) dict_keys(['example_branch_labels']) retrieved from /home/airflow/.local/lib/python3.8/site-packages/airflow/example_dags/example_branch_labels.py
[2023-12-08T02:44:09.752+0000] {logging_mixin.py:154} INFO - [2023-12-08T02:44:09.752+0000] {dag.py:2941} INFO - Sync 1 DAGs
[2023-12-08T02:44:09.800+0000] {logging_mixin.py:154} INFO - [2023-12-08T02:44:09.799+0000] {dag.py:3722} INFO - Setting next_dagrun for example_branch_labels to 2023-12-07T00:00:00+00:00, run_after=2023-12-08T00:00:00+00:00
[2023-12-08T02:44:09.835+0000] {processor.py:179} INFO - Processing /home/airflow/.local/lib/python3.8/site-packages/airflow/example_dags/example_branch_labels.py took 0.167 seconds
[2023-12-08T02:44:40.367+0000] {processor.py:157} INFO - Started process (PID=607) to work on /home/airflow/.local/lib/python3.8/site-packages/airflow/example_dags/example_branch_labels.py
[2023-12-08T02:44:40.369+0000] {processor.py:829} INFO - Processing file /home/airflow/.local/lib/python3.8/site-packages/airflow/example_dags/example_branch_labels.py for tasks to queue
[2023-12-08T02:44:40.376+0000] {logging_mixin.py:154} INFO - [2023-12-08T02:44:40.376+0000] {dagbag.py:536} INFO - Filling up the DagBag from /home/airflow/.local/lib/python3.8/site-packages/airflow/example_dags/example_branch_labels.py
[2023-12-08T02:44:40.395+0000] {processor.py:839} INFO - DAG(s) dict_keys(['example_branch_labels']) retrieved from /home/airflow/.local/lib/python3.8/site-packages/airflow/example_dags/example_branch_labels.py
[2023-12-08T02:44:40.439+0000] {logging_mixin.py:154} INFO - [2023-12-08T02:44:40.439+0000] {dag.py:2941} INFO - Sync 1 DAGs
[2023-12-08T02:44:40.490+0000] {logging_mixin.py:154} INFO - [2023-12-08T02:44:40.490+0000] {dag.py:3722} INFO - Setting next_dagrun for example_branch_labels to 2023-12-07T00:00:00+00:00, run_after=2023-12-08T00:00:00+00:00
[2023-12-08T02:44:40.536+0000] {processor.py:179} INFO - Processing /home/airflow/.local/lib/python3.8/site-packages/airflow/example_dags/example_branch_labels.py took 0.176 seconds
[2023-12-08T02:45:10.770+0000] {processor.py:157} INFO - Started process (PID=661) to work on /home/airflow/.local/lib/python3.8/site-packages/airflow/example_dags/example_branch_labels.py
[2023-12-08T02:45:10.781+0000] {processor.py:829} INFO - Processing file /home/airflow/.local/lib/python3.8/site-packages/airflow/example_dags/example_branch_labels.py for tasks to queue
[2023-12-08T02:45:10.787+0000] {logging_mixin.py:154} INFO - [2023-12-08T02:45:10.786+0000] {dagbag.py:536} INFO - Filling up the DagBag from /home/airflow/.local/lib/python3.8/site-packages/airflow/example_dags/example_branch_labels.py
[2023-12-08T02:45:10.802+0000] {processor.py:839} INFO - DAG(s) dict_keys(['example_branch_labels']) retrieved from /home/airflow/.local/lib/python3.8/site-packages/airflow/example_dags/example_branch_labels.py
[2023-12-08T02:45:10.841+0000] {logging_mixin.py:154} INFO - [2023-12-08T02:45:10.841+0000] {dag.py:2941} INFO - Sync 1 DAGs
[2023-12-08T02:45:10.888+0000] {logging_mixin.py:154} INFO - [2023-12-08T02:45:10.888+0000] {dag.py:3722} INFO - Setting next_dagrun for example_branch_labels to 2023-12-07T00:00:00+00:00, run_after=2023-12-08T00:00:00+00:00
[2023-12-08T02:45:10.922+0000] {processor.py:179} INFO - Processing /home/airflow/.local/lib/python3.8/site-packages/airflow/example_dags/example_branch_labels.py took 0.158 seconds
[2023-12-08T02:45:41.470+0000] {processor.py:157} INFO - Started process (PID=714) to work on /home/airflow/.local/lib/python3.8/site-packages/airflow/example_dags/example_branch_labels.py
[2023-12-08T02:45:41.472+0000] {processor.py:829} INFO - Processing file /home/airflow/.local/lib/python3.8/site-packages/airflow/example_dags/example_branch_labels.py for tasks to queue
[2023-12-08T02:45:41.501+0000] {logging_mixin.py:154} INFO - [2023-12-08T02:45:41.501+0000] {dagbag.py:536} INFO - Filling up the DagBag from /home/airflow/.local/lib/python3.8/site-packages/airflow/example_dags/example_branch_labels.py
[2023-12-08T02:45:41.540+0000] {processor.py:839} INFO - DAG(s) dict_keys(['example_branch_labels']) retrieved from /home/airflow/.local/lib/python3.8/site-packages/airflow/example_dags/example_branch_labels.py
[2023-12-08T02:45:41.643+0000] {logging_mixin.py:154} INFO - [2023-12-08T02:45:41.642+0000] {dag.py:2941} INFO - Sync 1 DAGs
[2023-12-08T02:45:41.810+0000] {logging_mixin.py:154} INFO - [2023-12-08T02:45:41.809+0000] {dag.py:3722} INFO - Setting next_dagrun for example_branch_labels to 2023-12-07T00:00:00+00:00, run_after=2023-12-08T00:00:00+00:00
[2023-12-08T02:45:41.949+0000] {processor.py:179} INFO - Processing /home/airflow/.local/lib/python3.8/site-packages/airflow/example_dags/example_branch_labels.py took 0.524 seconds
[2023-12-08T02:46:12.448+0000] {processor.py:157} INFO - Started process (PID=766) to work on /home/airflow/.local/lib/python3.8/site-packages/airflow/example_dags/example_branch_labels.py
[2023-12-08T02:46:12.461+0000] {processor.py:829} INFO - Processing file /home/airflow/.local/lib/python3.8/site-packages/airflow/example_dags/example_branch_labels.py for tasks to queue
[2023-12-08T02:46:12.482+0000] {logging_mixin.py:154} INFO - [2023-12-08T02:46:12.468+0000] {dagbag.py:536} INFO - Filling up the DagBag from /home/airflow/.local/lib/python3.8/site-packages/airflow/example_dags/example_branch_labels.py
[2023-12-08T02:46:12.564+0000] {processor.py:839} INFO - DAG(s) dict_keys(['example_branch_labels']) retrieved from /home/airflow/.local/lib/python3.8/site-packages/airflow/example_dags/example_branch_labels.py
[2023-12-08T02:46:12.785+0000] {logging_mixin.py:154} INFO - [2023-12-08T02:46:12.784+0000] {dag.py:2941} INFO - Sync 1 DAGs
[2023-12-08T02:46:12.981+0000] {logging_mixin.py:154} INFO - [2023-12-08T02:46:12.981+0000] {dag.py:3722} INFO - Setting next_dagrun for example_branch_labels to 2023-12-07T00:00:00+00:00, run_after=2023-12-08T00:00:00+00:00
[2023-12-08T02:46:13.177+0000] {processor.py:179} INFO - Processing /home/airflow/.local/lib/python3.8/site-packages/airflow/example_dags/example_branch_labels.py took 0.740 seconds
[2023-12-08T02:46:54.475+0000] {processor.py:157} INFO - Started process (PID=827) to work on /home/airflow/.local/lib/python3.8/site-packages/airflow/example_dags/example_branch_labels.py
[2023-12-08T02:46:54.548+0000] {processor.py:829} INFO - Processing file /home/airflow/.local/lib/python3.8/site-packages/airflow/example_dags/example_branch_labels.py for tasks to queue
[2023-12-08T02:46:54.599+0000] {logging_mixin.py:154} INFO - [2023-12-08T02:46:54.598+0000] {dagbag.py:536} INFO - Filling up the DagBag from /home/airflow/.local/lib/python3.8/site-packages/airflow/example_dags/example_branch_labels.py
[2023-12-08T02:46:54.838+0000] {processor.py:839} INFO - DAG(s) dict_keys(['example_branch_labels']) retrieved from /home/airflow/.local/lib/python3.8/site-packages/airflow/example_dags/example_branch_labels.py
[2023-12-08T02:46:55.126+0000] {logging_mixin.py:154} INFO - [2023-12-08T02:46:55.126+0000] {dag.py:2941} INFO - Sync 1 DAGs
[2023-12-08T02:46:55.430+0000] {logging_mixin.py:154} INFO - [2023-12-08T02:46:55.429+0000] {dag.py:3722} INFO - Setting next_dagrun for example_branch_labels to 2023-12-07T00:00:00+00:00, run_after=2023-12-08T00:00:00+00:00
[2023-12-08T02:46:55.691+0000] {processor.py:179} INFO - Processing /home/airflow/.local/lib/python3.8/site-packages/airflow/example_dags/example_branch_labels.py took 1.280 seconds
[2023-12-08T02:47:26.502+0000] {processor.py:157} INFO - Started process (PID=882) to work on /home/airflow/.local/lib/python3.8/site-packages/airflow/example_dags/example_branch_labels.py
[2023-12-08T02:47:26.507+0000] {processor.py:829} INFO - Processing file /home/airflow/.local/lib/python3.8/site-packages/airflow/example_dags/example_branch_labels.py for tasks to queue
[2023-12-08T02:47:26.511+0000] {logging_mixin.py:154} INFO - [2023-12-08T02:47:26.510+0000] {dagbag.py:536} INFO - Filling up the DagBag from /home/airflow/.local/lib/python3.8/site-packages/airflow/example_dags/example_branch_labels.py
[2023-12-08T02:47:26.528+0000] {processor.py:839} INFO - DAG(s) dict_keys(['example_branch_labels']) retrieved from /home/airflow/.local/lib/python3.8/site-packages/airflow/example_dags/example_branch_labels.py
[2023-12-08T02:47:26.569+0000] {logging_mixin.py:154} INFO - [2023-12-08T02:47:26.569+0000] {dag.py:2941} INFO - Sync 1 DAGs
[2023-12-08T02:47:26.615+0000] {logging_mixin.py:154} INFO - [2023-12-08T02:47:26.614+0000] {dag.py:3722} INFO - Setting next_dagrun for example_branch_labels to 2023-12-07T00:00:00+00:00, run_after=2023-12-08T00:00:00+00:00
[2023-12-08T02:47:26.653+0000] {processor.py:179} INFO - Processing /home/airflow/.local/lib/python3.8/site-packages/airflow/example_dags/example_branch_labels.py took 0.158 seconds
[2023-12-08T02:47:57.584+0000] {processor.py:157} INFO - Started process (PID=936) to work on /home/airflow/.local/lib/python3.8/site-packages/airflow/example_dags/example_branch_labels.py
[2023-12-08T02:47:57.701+0000] {processor.py:829} INFO - Processing file /home/airflow/.local/lib/python3.8/site-packages/airflow/example_dags/example_branch_labels.py for tasks to queue
[2023-12-08T02:47:57.707+0000] {logging_mixin.py:154} INFO - [2023-12-08T02:47:57.706+0000] {dagbag.py:536} INFO - Filling up the DagBag from /home/airflow/.local/lib/python3.8/site-packages/airflow/example_dags/example_branch_labels.py
[2023-12-08T02:47:57.791+0000] {processor.py:839} INFO - DAG(s) dict_keys(['example_branch_labels']) retrieved from /home/airflow/.local/lib/python3.8/site-packages/airflow/example_dags/example_branch_labels.py
[2023-12-08T02:47:57.970+0000] {logging_mixin.py:154} INFO - [2023-12-08T02:47:57.958+0000] {dag.py:2941} INFO - Sync 1 DAGs
[2023-12-08T02:47:58.231+0000] {logging_mixin.py:154} INFO - [2023-12-08T02:47:58.230+0000] {dag.py:3722} INFO - Setting next_dagrun for example_branch_labels to 2023-12-07T00:00:00+00:00, run_after=2023-12-08T00:00:00+00:00
[2023-12-08T02:47:59.594+0000] {processor.py:179} INFO - Processing /home/airflow/.local/lib/python3.8/site-packages/airflow/example_dags/example_branch_labels.py took 2.053 seconds
[2023-12-08T02:48:29.895+0000] {processor.py:157} INFO - Started process (PID=990) to work on /home/airflow/.local/lib/python3.8/site-packages/airflow/example_dags/example_branch_labels.py
[2023-12-08T02:48:29.896+0000] {processor.py:829} INFO - Processing file /home/airflow/.local/lib/python3.8/site-packages/airflow/example_dags/example_branch_labels.py for tasks to queue
[2023-12-08T02:48:29.904+0000] {logging_mixin.py:154} INFO - [2023-12-08T02:48:29.903+0000] {dagbag.py:536} INFO - Filling up the DagBag from /home/airflow/.local/lib/python3.8/site-packages/airflow/example_dags/example_branch_labels.py
[2023-12-08T02:48:29.929+0000] {processor.py:839} INFO - DAG(s) dict_keys(['example_branch_labels']) retrieved from /home/airflow/.local/lib/python3.8/site-packages/airflow/example_dags/example_branch_labels.py
[2023-12-08T02:48:29.984+0000] {logging_mixin.py:154} INFO - [2023-12-08T02:48:29.984+0000] {dag.py:2941} INFO - Sync 1 DAGs
[2023-12-08T02:48:30.044+0000] {logging_mixin.py:154} INFO - [2023-12-08T02:48:30.044+0000] {dag.py:3722} INFO - Setting next_dagrun for example_branch_labels to 2023-12-07T00:00:00+00:00, run_after=2023-12-08T00:00:00+00:00
[2023-12-08T02:48:30.092+0000] {processor.py:179} INFO - Processing /home/airflow/.local/lib/python3.8/site-packages/airflow/example_dags/example_branch_labels.py took 0.210 seconds
[2023-12-08T02:49:00.497+0000] {processor.py:157} INFO - Started process (PID=1042) to work on /home/airflow/.local/lib/python3.8/site-packages/airflow/example_dags/example_branch_labels.py
[2023-12-08T02:49:00.499+0000] {processor.py:829} INFO - Processing file /home/airflow/.local/lib/python3.8/site-packages/airflow/example_dags/example_branch_labels.py for tasks to queue
[2023-12-08T02:49:00.504+0000] {logging_mixin.py:154} INFO - [2023-12-08T02:49:00.503+0000] {dagbag.py:536} INFO - Filling up the DagBag from /home/airflow/.local/lib/python3.8/site-packages/airflow/example_dags/example_branch_labels.py
[2023-12-08T02:49:00.519+0000] {processor.py:839} INFO - DAG(s) dict_keys(['example_branch_labels']) retrieved from /home/airflow/.local/lib/python3.8/site-packages/airflow/example_dags/example_branch_labels.py
[2023-12-08T02:49:00.561+0000] {logging_mixin.py:154} INFO - [2023-12-08T02:49:00.561+0000] {dag.py:2941} INFO - Sync 1 DAGs
[2023-12-08T02:49:00.630+0000] {logging_mixin.py:154} INFO - [2023-12-08T02:49:00.629+0000] {dag.py:3722} INFO - Setting next_dagrun for example_branch_labels to 2023-12-07T00:00:00+00:00, run_after=2023-12-08T00:00:00+00:00
[2023-12-08T02:49:00.683+0000] {processor.py:179} INFO - Processing /home/airflow/.local/lib/python3.8/site-packages/airflow/example_dags/example_branch_labels.py took 0.192 seconds
[2023-12-08T02:49:31.457+0000] {processor.py:157} INFO - Started process (PID=1097) to work on /home/airflow/.local/lib/python3.8/site-packages/airflow/example_dags/example_branch_labels.py
[2023-12-08T02:49:31.469+0000] {processor.py:829} INFO - Processing file /home/airflow/.local/lib/python3.8/site-packages/airflow/example_dags/example_branch_labels.py for tasks to queue
[2023-12-08T02:49:31.476+0000] {logging_mixin.py:154} INFO - [2023-12-08T02:49:31.475+0000] {dagbag.py:536} INFO - Filling up the DagBag from /home/airflow/.local/lib/python3.8/site-packages/airflow/example_dags/example_branch_labels.py
[2023-12-08T02:49:31.514+0000] {processor.py:839} INFO - DAG(s) dict_keys(['example_branch_labels']) retrieved from /home/airflow/.local/lib/python3.8/site-packages/airflow/example_dags/example_branch_labels.py
[2023-12-08T02:49:31.593+0000] {logging_mixin.py:154} INFO - [2023-12-08T02:49:31.592+0000] {dag.py:2941} INFO - Sync 1 DAGs
[2023-12-08T02:49:31.677+0000] {logging_mixin.py:154} INFO - [2023-12-08T02:49:31.676+0000] {dag.py:3722} INFO - Setting next_dagrun for example_branch_labels to 2023-12-07T00:00:00+00:00, run_after=2023-12-08T00:00:00+00:00
[2023-12-08T02:49:31.735+0000] {processor.py:179} INFO - Processing /home/airflow/.local/lib/python3.8/site-packages/airflow/example_dags/example_branch_labels.py took 0.295 seconds
[2023-12-08T02:50:01.863+0000] {processor.py:157} INFO - Started process (PID=1151) to work on /home/airflow/.local/lib/python3.8/site-packages/airflow/example_dags/example_branch_labels.py
[2023-12-08T02:50:01.864+0000] {processor.py:829} INFO - Processing file /home/airflow/.local/lib/python3.8/site-packages/airflow/example_dags/example_branch_labels.py for tasks to queue
[2023-12-08T02:50:01.868+0000] {logging_mixin.py:154} INFO - [2023-12-08T02:50:01.867+0000] {dagbag.py:536} INFO - Filling up the DagBag from /home/airflow/.local/lib/python3.8/site-packages/airflow/example_dags/example_branch_labels.py
[2023-12-08T02:50:01.884+0000] {processor.py:839} INFO - DAG(s) dict_keys(['example_branch_labels']) retrieved from /home/airflow/.local/lib/python3.8/site-packages/airflow/example_dags/example_branch_labels.py
[2023-12-08T02:50:01.928+0000] {logging_mixin.py:154} INFO - [2023-12-08T02:50:01.927+0000] {dag.py:2941} INFO - Sync 1 DAGs
[2023-12-08T02:50:02.240+0000] {logging_mixin.py:154} INFO - [2023-12-08T02:50:02.239+0000] {dag.py:3722} INFO - Setting next_dagrun for example_branch_labels to 2023-12-07T00:00:00+00:00, run_after=2023-12-08T00:00:00+00:00
[2023-12-08T02:50:02.303+0000] {processor.py:179} INFO - Processing /home/airflow/.local/lib/python3.8/site-packages/airflow/example_dags/example_branch_labels.py took 0.449 seconds
[2023-12-08T02:50:32.520+0000] {processor.py:157} INFO - Started process (PID=1203) to work on /home/airflow/.local/lib/python3.8/site-packages/airflow/example_dags/example_branch_labels.py
[2023-12-08T02:50:32.597+0000] {processor.py:829} INFO - Processing file /home/airflow/.local/lib/python3.8/site-packages/airflow/example_dags/example_branch_labels.py for tasks to queue
[2023-12-08T02:50:32.608+0000] {logging_mixin.py:154} INFO - [2023-12-08T02:50:32.607+0000] {dagbag.py:536} INFO - Filling up the DagBag from /home/airflow/.local/lib/python3.8/site-packages/airflow/example_dags/example_branch_labels.py
[2023-12-08T02:50:32.703+0000] {processor.py:839} INFO - DAG(s) dict_keys(['example_branch_labels']) retrieved from /home/airflow/.local/lib/python3.8/site-packages/airflow/example_dags/example_branch_labels.py
[2023-12-08T02:50:32.992+0000] {logging_mixin.py:154} INFO - [2023-12-08T02:50:32.991+0000] {dag.py:2941} INFO - Sync 1 DAGs
[2023-12-08T02:50:33.219+0000] {logging_mixin.py:154} INFO - [2023-12-08T02:50:33.218+0000] {dag.py:3722} INFO - Setting next_dagrun for example_branch_labels to 2023-12-07T00:00:00+00:00, run_after=2023-12-08T00:00:00+00:00
[2023-12-08T02:50:33.392+0000] {processor.py:179} INFO - Processing /home/airflow/.local/lib/python3.8/site-packages/airflow/example_dags/example_branch_labels.py took 0.919 seconds
[2023-12-08T02:51:03.982+0000] {processor.py:157} INFO - Started process (PID=1257) to work on /home/airflow/.local/lib/python3.8/site-packages/airflow/example_dags/example_branch_labels.py
[2023-12-08T02:51:03.986+0000] {processor.py:829} INFO - Processing file /home/airflow/.local/lib/python3.8/site-packages/airflow/example_dags/example_branch_labels.py for tasks to queue
[2023-12-08T02:51:03.991+0000] {logging_mixin.py:154} INFO - [2023-12-08T02:51:03.989+0000] {dagbag.py:536} INFO - Filling up the DagBag from /home/airflow/.local/lib/python3.8/site-packages/airflow/example_dags/example_branch_labels.py
[2023-12-08T02:51:04.018+0000] {processor.py:839} INFO - DAG(s) dict_keys(['example_branch_labels']) retrieved from /home/airflow/.local/lib/python3.8/site-packages/airflow/example_dags/example_branch_labels.py
[2023-12-08T02:51:04.072+0000] {logging_mixin.py:154} INFO - [2023-12-08T02:51:04.071+0000] {dag.py:2941} INFO - Sync 1 DAGs
[2023-12-08T02:51:04.123+0000] {logging_mixin.py:154} INFO - [2023-12-08T02:51:04.122+0000] {dag.py:3722} INFO - Setting next_dagrun for example_branch_labels to 2023-12-07T00:00:00+00:00, run_after=2023-12-08T00:00:00+00:00
[2023-12-08T02:51:04.174+0000] {processor.py:179} INFO - Processing /home/airflow/.local/lib/python3.8/site-packages/airflow/example_dags/example_branch_labels.py took 0.205 seconds
[2023-12-08T02:51:34.444+0000] {processor.py:157} INFO - Started process (PID=1311) to work on /home/airflow/.local/lib/python3.8/site-packages/airflow/example_dags/example_branch_labels.py
[2023-12-08T02:51:34.446+0000] {processor.py:829} INFO - Processing file /home/airflow/.local/lib/python3.8/site-packages/airflow/example_dags/example_branch_labels.py for tasks to queue
[2023-12-08T02:51:34.452+0000] {logging_mixin.py:154} INFO - [2023-12-08T02:51:34.452+0000] {dagbag.py:536} INFO - Filling up the DagBag from /home/airflow/.local/lib/python3.8/site-packages/airflow/example_dags/example_branch_labels.py
[2023-12-08T02:51:34.479+0000] {processor.py:839} INFO - DAG(s) dict_keys(['example_branch_labels']) retrieved from /home/airflow/.local/lib/python3.8/site-packages/airflow/example_dags/example_branch_labels.py
[2023-12-08T02:51:34.542+0000] {logging_mixin.py:154} INFO - [2023-12-08T02:51:34.542+0000] {dag.py:2941} INFO - Sync 1 DAGs
[2023-12-08T02:51:34.838+0000] {logging_mixin.py:154} INFO - [2023-12-08T02:51:34.838+0000] {dag.py:3722} INFO - Setting next_dagrun for example_branch_labels to 2023-12-07T00:00:00+00:00, run_after=2023-12-08T00:00:00+00:00
[2023-12-08T02:51:34.872+0000] {processor.py:179} INFO - Processing /home/airflow/.local/lib/python3.8/site-packages/airflow/example_dags/example_branch_labels.py took 0.434 seconds
[2023-12-08T02:52:05.115+0000] {processor.py:157} INFO - Started process (PID=1364) to work on /home/airflow/.local/lib/python3.8/site-packages/airflow/example_dags/example_branch_labels.py
[2023-12-08T02:52:05.119+0000] {processor.py:829} INFO - Processing file /home/airflow/.local/lib/python3.8/site-packages/airflow/example_dags/example_branch_labels.py for tasks to queue
[2023-12-08T02:52:05.128+0000] {logging_mixin.py:154} INFO - [2023-12-08T02:52:05.127+0000] {dagbag.py:536} INFO - Filling up the DagBag from /home/airflow/.local/lib/python3.8/site-packages/airflow/example_dags/example_branch_labels.py
[2023-12-08T02:52:05.159+0000] {processor.py:839} INFO - DAG(s) dict_keys(['example_branch_labels']) retrieved from /home/airflow/.local/lib/python3.8/site-packages/airflow/example_dags/example_branch_labels.py
[2023-12-08T02:52:05.237+0000] {logging_mixin.py:154} INFO - [2023-12-08T02:52:05.237+0000] {dag.py:2941} INFO - Sync 1 DAGs
[2023-12-08T02:52:05.356+0000] {logging_mixin.py:154} INFO - [2023-12-08T02:52:05.355+0000] {dag.py:3722} INFO - Setting next_dagrun for example_branch_labels to 2023-12-07T00:00:00+00:00, run_after=2023-12-08T00:00:00+00:00
[2023-12-08T02:52:05.446+0000] {processor.py:179} INFO - Processing /home/airflow/.local/lib/python3.8/site-packages/airflow/example_dags/example_branch_labels.py took 0.340 seconds
[2023-12-08T02:52:35.896+0000] {processor.py:157} INFO - Started process (PID=1418) to work on /home/airflow/.local/lib/python3.8/site-packages/airflow/example_dags/example_branch_labels.py
[2023-12-08T02:52:35.899+0000] {processor.py:829} INFO - Processing file /home/airflow/.local/lib/python3.8/site-packages/airflow/example_dags/example_branch_labels.py for tasks to queue
[2023-12-08T02:52:35.909+0000] {logging_mixin.py:154} INFO - [2023-12-08T02:52:35.908+0000] {dagbag.py:536} INFO - Filling up the DagBag from /home/airflow/.local/lib/python3.8/site-packages/airflow/example_dags/example_branch_labels.py
[2023-12-08T02:52:35.938+0000] {processor.py:839} INFO - DAG(s) dict_keys(['example_branch_labels']) retrieved from /home/airflow/.local/lib/python3.8/site-packages/airflow/example_dags/example_branch_labels.py
[2023-12-08T02:52:35.996+0000] {logging_mixin.py:154} INFO - [2023-12-08T02:52:35.995+0000] {dag.py:2941} INFO - Sync 1 DAGs
[2023-12-08T02:52:36.078+0000] {logging_mixin.py:154} INFO - [2023-12-08T02:52:36.077+0000] {dag.py:3722} INFO - Setting next_dagrun for example_branch_labels to 2023-12-07T00:00:00+00:00, run_after=2023-12-08T00:00:00+00:00
[2023-12-08T02:52:36.144+0000] {processor.py:179} INFO - Processing /home/airflow/.local/lib/python3.8/site-packages/airflow/example_dags/example_branch_labels.py took 0.262 seconds
[2023-12-08T02:53:06.394+0000] {processor.py:157} INFO - Started process (PID=1473) to work on /home/airflow/.local/lib/python3.8/site-packages/airflow/example_dags/example_branch_labels.py
[2023-12-08T02:53:06.396+0000] {processor.py:829} INFO - Processing file /home/airflow/.local/lib/python3.8/site-packages/airflow/example_dags/example_branch_labels.py for tasks to queue
[2023-12-08T02:53:06.401+0000] {logging_mixin.py:154} INFO - [2023-12-08T02:53:06.401+0000] {dagbag.py:536} INFO - Filling up the DagBag from /home/airflow/.local/lib/python3.8/site-packages/airflow/example_dags/example_branch_labels.py
[2023-12-08T02:53:06.419+0000] {processor.py:839} INFO - DAG(s) dict_keys(['example_branch_labels']) retrieved from /home/airflow/.local/lib/python3.8/site-packages/airflow/example_dags/example_branch_labels.py
[2023-12-08T02:53:06.462+0000] {logging_mixin.py:154} INFO - [2023-12-08T02:53:06.462+0000] {dag.py:2941} INFO - Sync 1 DAGs
[2023-12-08T02:53:06.511+0000] {logging_mixin.py:154} INFO - [2023-12-08T02:53:06.510+0000] {dag.py:3722} INFO - Setting next_dagrun for example_branch_labels to 2023-12-07T00:00:00+00:00, run_after=2023-12-08T00:00:00+00:00
[2023-12-08T02:53:06.547+0000] {processor.py:179} INFO - Processing /home/airflow/.local/lib/python3.8/site-packages/airflow/example_dags/example_branch_labels.py took 0.160 seconds
[2023-12-08T02:53:37.082+0000] {processor.py:157} INFO - Started process (PID=1526) to work on /home/airflow/.local/lib/python3.8/site-packages/airflow/example_dags/example_branch_labels.py
[2023-12-08T02:53:37.084+0000] {processor.py:829} INFO - Processing file /home/airflow/.local/lib/python3.8/site-packages/airflow/example_dags/example_branch_labels.py for tasks to queue
[2023-12-08T02:53:37.097+0000] {logging_mixin.py:154} INFO - [2023-12-08T02:53:37.096+0000] {dagbag.py:536} INFO - Filling up the DagBag from /home/airflow/.local/lib/python3.8/site-packages/airflow/example_dags/example_branch_labels.py
[2023-12-08T02:53:37.124+0000] {processor.py:839} INFO - DAG(s) dict_keys(['example_branch_labels']) retrieved from /home/airflow/.local/lib/python3.8/site-packages/airflow/example_dags/example_branch_labels.py
[2023-12-08T02:53:37.207+0000] {logging_mixin.py:154} INFO - [2023-12-08T02:53:37.206+0000] {dag.py:2941} INFO - Sync 1 DAGs
[2023-12-08T02:53:37.283+0000] {logging_mixin.py:154} INFO - [2023-12-08T02:53:37.282+0000] {dag.py:3722} INFO - Setting next_dagrun for example_branch_labels to 2023-12-07T00:00:00+00:00, run_after=2023-12-08T00:00:00+00:00
[2023-12-08T02:53:37.328+0000] {processor.py:179} INFO - Processing /home/airflow/.local/lib/python3.8/site-packages/airflow/example_dags/example_branch_labels.py took 0.261 seconds
[2023-12-08T02:54:08.655+0000] {processor.py:157} INFO - Started process (PID=1580) to work on /home/airflow/.local/lib/python3.8/site-packages/airflow/example_dags/example_branch_labels.py
[2023-12-08T02:54:08.673+0000] {processor.py:829} INFO - Processing file /home/airflow/.local/lib/python3.8/site-packages/airflow/example_dags/example_branch_labels.py for tasks to queue
[2023-12-08T02:54:08.695+0000] {logging_mixin.py:154} INFO - [2023-12-08T02:54:08.693+0000] {dagbag.py:536} INFO - Filling up the DagBag from /home/airflow/.local/lib/python3.8/site-packages/airflow/example_dags/example_branch_labels.py
[2023-12-08T02:54:08.749+0000] {processor.py:839} INFO - DAG(s) dict_keys(['example_branch_labels']) retrieved from /home/airflow/.local/lib/python3.8/site-packages/airflow/example_dags/example_branch_labels.py
[2023-12-08T02:54:08.841+0000] {logging_mixin.py:154} INFO - [2023-12-08T02:54:08.840+0000] {dag.py:2941} INFO - Sync 1 DAGs
[2023-12-08T02:54:08.927+0000] {logging_mixin.py:154} INFO - [2023-12-08T02:54:08.926+0000] {dag.py:3722} INFO - Setting next_dagrun for example_branch_labels to 2023-12-07T00:00:00+00:00, run_after=2023-12-08T00:00:00+00:00
[2023-12-08T02:54:09.017+0000] {processor.py:179} INFO - Processing /home/airflow/.local/lib/python3.8/site-packages/airflow/example_dags/example_branch_labels.py took 0.376 seconds
[2023-12-08T02:54:39.878+0000] {processor.py:157} INFO - Started process (PID=1634) to work on /home/airflow/.local/lib/python3.8/site-packages/airflow/example_dags/example_branch_labels.py
[2023-12-08T02:54:39.879+0000] {processor.py:829} INFO - Processing file /home/airflow/.local/lib/python3.8/site-packages/airflow/example_dags/example_branch_labels.py for tasks to queue
[2023-12-08T02:54:39.886+0000] {logging_mixin.py:154} INFO - [2023-12-08T02:54:39.885+0000] {dagbag.py:536} INFO - Filling up the DagBag from /home/airflow/.local/lib/python3.8/site-packages/airflow/example_dags/example_branch_labels.py
[2023-12-08T02:54:39.905+0000] {processor.py:839} INFO - DAG(s) dict_keys(['example_branch_labels']) retrieved from /home/airflow/.local/lib/python3.8/site-packages/airflow/example_dags/example_branch_labels.py
[2023-12-08T02:54:39.956+0000] {logging_mixin.py:154} INFO - [2023-12-08T02:54:39.956+0000] {dag.py:2941} INFO - Sync 1 DAGs
[2023-12-08T02:54:40.087+0000] {logging_mixin.py:154} INFO - [2023-12-08T02:54:40.086+0000] {dag.py:3722} INFO - Setting next_dagrun for example_branch_labels to 2023-12-07T00:00:00+00:00, run_after=2023-12-08T00:00:00+00:00
[2023-12-08T02:54:40.139+0000] {processor.py:179} INFO - Processing /home/airflow/.local/lib/python3.8/site-packages/airflow/example_dags/example_branch_labels.py took 0.269 seconds
[2023-12-08T02:55:10.308+0000] {processor.py:157} INFO - Started process (PID=1688) to work on /home/airflow/.local/lib/python3.8/site-packages/airflow/example_dags/example_branch_labels.py
[2023-12-08T02:55:10.314+0000] {processor.py:829} INFO - Processing file /home/airflow/.local/lib/python3.8/site-packages/airflow/example_dags/example_branch_labels.py for tasks to queue
[2023-12-08T02:55:10.321+0000] {logging_mixin.py:154} INFO - [2023-12-08T02:55:10.321+0000] {dagbag.py:536} INFO - Filling up the DagBag from /home/airflow/.local/lib/python3.8/site-packages/airflow/example_dags/example_branch_labels.py
[2023-12-08T02:55:10.341+0000] {processor.py:839} INFO - DAG(s) dict_keys(['example_branch_labels']) retrieved from /home/airflow/.local/lib/python3.8/site-packages/airflow/example_dags/example_branch_labels.py
[2023-12-08T02:55:10.443+0000] {logging_mixin.py:154} INFO - [2023-12-08T02:55:10.442+0000] {dag.py:2941} INFO - Sync 1 DAGs
[2023-12-08T02:55:10.521+0000] {logging_mixin.py:154} INFO - [2023-12-08T02:55:10.521+0000] {dag.py:3722} INFO - Setting next_dagrun for example_branch_labels to 2023-12-07T00:00:00+00:00, run_after=2023-12-08T00:00:00+00:00
[2023-12-08T02:55:10.564+0000] {processor.py:179} INFO - Processing /home/airflow/.local/lib/python3.8/site-packages/airflow/example_dags/example_branch_labels.py took 0.262 seconds
[2023-12-08T02:55:40.800+0000] {processor.py:157} INFO - Started process (PID=1743) to work on /home/airflow/.local/lib/python3.8/site-packages/airflow/example_dags/example_branch_labels.py
[2023-12-08T02:55:40.802+0000] {processor.py:829} INFO - Processing file /home/airflow/.local/lib/python3.8/site-packages/airflow/example_dags/example_branch_labels.py for tasks to queue
[2023-12-08T02:55:40.816+0000] {logging_mixin.py:154} INFO - [2023-12-08T02:55:40.816+0000] {dagbag.py:536} INFO - Filling up the DagBag from /home/airflow/.local/lib/python3.8/site-packages/airflow/example_dags/example_branch_labels.py
[2023-12-08T02:55:40.837+0000] {processor.py:839} INFO - DAG(s) dict_keys(['example_branch_labels']) retrieved from /home/airflow/.local/lib/python3.8/site-packages/airflow/example_dags/example_branch_labels.py
[2023-12-08T02:55:40.903+0000] {logging_mixin.py:154} INFO - [2023-12-08T02:55:40.902+0000] {dag.py:2941} INFO - Sync 1 DAGs
[2023-12-08T02:55:40.961+0000] {logging_mixin.py:154} INFO - [2023-12-08T02:55:40.960+0000] {dag.py:3722} INFO - Setting next_dagrun for example_branch_labels to 2023-12-07T00:00:00+00:00, run_after=2023-12-08T00:00:00+00:00
[2023-12-08T02:55:41.038+0000] {processor.py:179} INFO - Processing /home/airflow/.local/lib/python3.8/site-packages/airflow/example_dags/example_branch_labels.py took 0.248 seconds
[2023-12-08T02:56:12.013+0000] {processor.py:157} INFO - Started process (PID=1797) to work on /home/airflow/.local/lib/python3.8/site-packages/airflow/example_dags/example_branch_labels.py
[2023-12-08T02:56:12.022+0000] {processor.py:829} INFO - Processing file /home/airflow/.local/lib/python3.8/site-packages/airflow/example_dags/example_branch_labels.py for tasks to queue
[2023-12-08T02:56:12.029+0000] {logging_mixin.py:154} INFO - [2023-12-08T02:56:12.028+0000] {dagbag.py:536} INFO - Filling up the DagBag from /home/airflow/.local/lib/python3.8/site-packages/airflow/example_dags/example_branch_labels.py
[2023-12-08T02:56:12.049+0000] {processor.py:839} INFO - DAG(s) dict_keys(['example_branch_labels']) retrieved from /home/airflow/.local/lib/python3.8/site-packages/airflow/example_dags/example_branch_labels.py
[2023-12-08T02:56:12.116+0000] {logging_mixin.py:154} INFO - [2023-12-08T02:56:12.116+0000] {dag.py:2941} INFO - Sync 1 DAGs
[2023-12-08T02:56:12.200+0000] {logging_mixin.py:154} INFO - [2023-12-08T02:56:12.199+0000] {dag.py:3722} INFO - Setting next_dagrun for example_branch_labels to 2023-12-07T00:00:00+00:00, run_after=2023-12-08T00:00:00+00:00
[2023-12-08T02:56:12.248+0000] {processor.py:179} INFO - Processing /home/airflow/.local/lib/python3.8/site-packages/airflow/example_dags/example_branch_labels.py took 0.245 seconds
[2023-12-08T02:56:42.425+0000] {processor.py:157} INFO - Started process (PID=1851) to work on /home/airflow/.local/lib/python3.8/site-packages/airflow/example_dags/example_branch_labels.py
[2023-12-08T02:56:42.427+0000] {processor.py:829} INFO - Processing file /home/airflow/.local/lib/python3.8/site-packages/airflow/example_dags/example_branch_labels.py for tasks to queue
[2023-12-08T02:56:42.433+0000] {logging_mixin.py:154} INFO - [2023-12-08T02:56:42.433+0000] {dagbag.py:536} INFO - Filling up the DagBag from /home/airflow/.local/lib/python3.8/site-packages/airflow/example_dags/example_branch_labels.py
[2023-12-08T02:56:42.459+0000] {processor.py:839} INFO - DAG(s) dict_keys(['example_branch_labels']) retrieved from /home/airflow/.local/lib/python3.8/site-packages/airflow/example_dags/example_branch_labels.py
[2023-12-08T02:56:42.513+0000] {logging_mixin.py:154} INFO - [2023-12-08T02:56:42.512+0000] {dag.py:2941} INFO - Sync 1 DAGs
[2023-12-08T02:56:42.586+0000] {logging_mixin.py:154} INFO - [2023-12-08T02:56:42.586+0000] {dag.py:3722} INFO - Setting next_dagrun for example_branch_labels to 2023-12-07T00:00:00+00:00, run_after=2023-12-08T00:00:00+00:00
[2023-12-08T02:56:42.651+0000] {processor.py:179} INFO - Processing /home/airflow/.local/lib/python3.8/site-packages/airflow/example_dags/example_branch_labels.py took 0.235 seconds
