[2023-12-08T02:39:14.331+0000] {processor.py:157} INFO - Started process (PID=59) to work on /home/airflow/.local/lib/python3.8/site-packages/airflow/example_dags/example_task_group_decorator.py
[2023-12-08T02:39:14.334+0000] {processor.py:829} INFO - Processing file /home/airflow/.local/lib/python3.8/site-packages/airflow/example_dags/example_task_group_decorator.py for tasks to queue
[2023-12-08T02:39:14.342+0000] {logging_mixin.py:154} INFO - [2023-12-08T02:39:14.340+0000] {dagbag.py:536} INFO - Filling up the DagBag from /home/airflow/.local/lib/python3.8/site-packages/airflow/example_dags/example_task_group_decorator.py
[2023-12-08T02:39:14.426+0000] {processor.py:839} INFO - DAG(s) dict_keys(['example_task_group_decorator']) retrieved from /home/airflow/.local/lib/python3.8/site-packages/airflow/example_dags/example_task_group_decorator.py
[2023-12-08T02:39:14.642+0000] {logging_mixin.py:154} INFO - [2023-12-08T02:39:14.640+0000] {dag.py:2941} INFO - Sync 1 DAGs
[2023-12-08T02:39:14.808+0000] {logging_mixin.py:154} INFO - [2023-12-08T02:39:14.807+0000] {dag.py:3722} INFO - Setting next_dagrun for example_task_group_decorator to 2023-12-07T02:39:14.806977+00:00, run_after=2023-12-08T02:39:14.806977+00:00
[2023-12-08T02:39:14.944+0000] {processor.py:179} INFO - Processing /home/airflow/.local/lib/python3.8/site-packages/airflow/example_dags/example_task_group_decorator.py took 0.625 seconds
[2023-12-08T02:39:46.661+0000] {processor.py:157} INFO - Started process (PID=113) to work on /home/airflow/.local/lib/python3.8/site-packages/airflow/example_dags/example_task_group_decorator.py
[2023-12-08T02:39:46.671+0000] {processor.py:829} INFO - Processing file /home/airflow/.local/lib/python3.8/site-packages/airflow/example_dags/example_task_group_decorator.py for tasks to queue
[2023-12-08T02:39:46.676+0000] {logging_mixin.py:154} INFO - [2023-12-08T02:39:46.675+0000] {dagbag.py:536} INFO - Filling up the DagBag from /home/airflow/.local/lib/python3.8/site-packages/airflow/example_dags/example_task_group_decorator.py
[2023-12-08T02:39:46.731+0000] {processor.py:839} INFO - DAG(s) dict_keys(['example_task_group_decorator']) retrieved from /home/airflow/.local/lib/python3.8/site-packages/airflow/example_dags/example_task_group_decorator.py
[2023-12-08T02:39:46.862+0000] {logging_mixin.py:154} INFO - [2023-12-08T02:39:46.862+0000] {dag.py:2941} INFO - Sync 1 DAGs
[2023-12-08T02:39:46.959+0000] {logging_mixin.py:154} INFO - [2023-12-08T02:39:46.959+0000] {dag.py:3722} INFO - Setting next_dagrun for example_task_group_decorator to 2023-12-07T02:39:46.958705+00:00, run_after=2023-12-08T02:39:46.958705+00:00
[2023-12-08T02:39:47.022+0000] {processor.py:179} INFO - Processing /home/airflow/.local/lib/python3.8/site-packages/airflow/example_dags/example_task_group_decorator.py took 0.388 seconds
[2023-12-08T02:40:17.600+0000] {processor.py:157} INFO - Started process (PID=167) to work on /home/airflow/.local/lib/python3.8/site-packages/airflow/example_dags/example_task_group_decorator.py
[2023-12-08T02:40:17.602+0000] {processor.py:829} INFO - Processing file /home/airflow/.local/lib/python3.8/site-packages/airflow/example_dags/example_task_group_decorator.py for tasks to queue
[2023-12-08T02:40:17.606+0000] {logging_mixin.py:154} INFO - [2023-12-08T02:40:17.606+0000] {dagbag.py:536} INFO - Filling up the DagBag from /home/airflow/.local/lib/python3.8/site-packages/airflow/example_dags/example_task_group_decorator.py
[2023-12-08T02:40:17.655+0000] {processor.py:839} INFO - DAG(s) dict_keys(['example_task_group_decorator']) retrieved from /home/airflow/.local/lib/python3.8/site-packages/airflow/example_dags/example_task_group_decorator.py
[2023-12-08T02:40:17.732+0000] {logging_mixin.py:154} INFO - [2023-12-08T02:40:17.732+0000] {dag.py:2941} INFO - Sync 1 DAGs
[2023-12-08T02:40:17.854+0000] {logging_mixin.py:154} INFO - [2023-12-08T02:40:17.854+0000] {dag.py:3722} INFO - Setting next_dagrun for example_task_group_decorator to 2023-12-07T02:40:17.853816+00:00, run_after=2023-12-08T02:40:17.853816+00:00
[2023-12-08T02:40:17.931+0000] {processor.py:179} INFO - Processing /home/airflow/.local/lib/python3.8/site-packages/airflow/example_dags/example_task_group_decorator.py took 0.346 seconds
[2023-12-08T02:40:48.177+0000] {processor.py:157} INFO - Started process (PID=221) to work on /home/airflow/.local/lib/python3.8/site-packages/airflow/example_dags/example_task_group_decorator.py
[2023-12-08T02:40:48.179+0000] {processor.py:829} INFO - Processing file /home/airflow/.local/lib/python3.8/site-packages/airflow/example_dags/example_task_group_decorator.py for tasks to queue
[2023-12-08T02:40:48.186+0000] {logging_mixin.py:154} INFO - [2023-12-08T02:40:48.185+0000] {dagbag.py:536} INFO - Filling up the DagBag from /home/airflow/.local/lib/python3.8/site-packages/airflow/example_dags/example_task_group_decorator.py
[2023-12-08T02:40:48.220+0000] {processor.py:839} INFO - DAG(s) dict_keys(['example_task_group_decorator']) retrieved from /home/airflow/.local/lib/python3.8/site-packages/airflow/example_dags/example_task_group_decorator.py
[2023-12-08T02:40:48.316+0000] {logging_mixin.py:154} INFO - [2023-12-08T02:40:48.316+0000] {dag.py:2941} INFO - Sync 1 DAGs
[2023-12-08T02:40:48.410+0000] {logging_mixin.py:154} INFO - [2023-12-08T02:40:48.409+0000] {dag.py:3722} INFO - Setting next_dagrun for example_task_group_decorator to 2023-12-07T02:40:48.409090+00:00, run_after=2023-12-08T02:40:48.409090+00:00
[2023-12-08T02:40:48.480+0000] {processor.py:179} INFO - Processing /home/airflow/.local/lib/python3.8/site-packages/airflow/example_dags/example_task_group_decorator.py took 0.314 seconds
[2023-12-08T02:41:20.071+0000] {processor.py:157} INFO - Started process (PID=275) to work on /home/airflow/.local/lib/python3.8/site-packages/airflow/example_dags/example_task_group_decorator.py
[2023-12-08T02:41:20.073+0000] {processor.py:829} INFO - Processing file /home/airflow/.local/lib/python3.8/site-packages/airflow/example_dags/example_task_group_decorator.py for tasks to queue
[2023-12-08T02:41:20.083+0000] {logging_mixin.py:154} INFO - [2023-12-08T02:41:20.081+0000] {dagbag.py:536} INFO - Filling up the DagBag from /home/airflow/.local/lib/python3.8/site-packages/airflow/example_dags/example_task_group_decorator.py
[2023-12-08T02:41:20.134+0000] {processor.py:839} INFO - DAG(s) dict_keys(['example_task_group_decorator']) retrieved from /home/airflow/.local/lib/python3.8/site-packages/airflow/example_dags/example_task_group_decorator.py
[2023-12-08T02:41:20.232+0000] {logging_mixin.py:154} INFO - [2023-12-08T02:41:20.230+0000] {dag.py:2941} INFO - Sync 1 DAGs
[2023-12-08T02:41:20.278+0000] {logging_mixin.py:154} INFO - [2023-12-08T02:41:20.277+0000] {dag.py:3722} INFO - Setting next_dagrun for example_task_group_decorator to 2023-12-07T02:41:20.277298+00:00, run_after=2023-12-08T02:41:20.277298+00:00
[2023-12-08T02:41:20.323+0000] {processor.py:179} INFO - Processing /home/airflow/.local/lib/python3.8/site-packages/airflow/example_dags/example_task_group_decorator.py took 0.262 seconds
[2023-12-08T02:41:51.365+0000] {processor.py:157} INFO - Started process (PID=330) to work on /home/airflow/.local/lib/python3.8/site-packages/airflow/example_dags/example_task_group_decorator.py
[2023-12-08T02:41:51.382+0000] {processor.py:829} INFO - Processing file /home/airflow/.local/lib/python3.8/site-packages/airflow/example_dags/example_task_group_decorator.py for tasks to queue
[2023-12-08T02:41:51.388+0000] {logging_mixin.py:154} INFO - [2023-12-08T02:41:51.387+0000] {dagbag.py:536} INFO - Filling up the DagBag from /home/airflow/.local/lib/python3.8/site-packages/airflow/example_dags/example_task_group_decorator.py
[2023-12-08T02:41:51.565+0000] {processor.py:839} INFO - DAG(s) dict_keys(['example_task_group_decorator']) retrieved from /home/airflow/.local/lib/python3.8/site-packages/airflow/example_dags/example_task_group_decorator.py
[2023-12-08T02:41:51.819+0000] {logging_mixin.py:154} INFO - [2023-12-08T02:41:51.819+0000] {dag.py:2941} INFO - Sync 1 DAGs
[2023-12-08T02:41:52.037+0000] {logging_mixin.py:154} INFO - [2023-12-08T02:41:52.037+0000] {dag.py:3722} INFO - Setting next_dagrun for example_task_group_decorator to 2023-12-07T02:41:52.036473+00:00, run_after=2023-12-08T02:41:52.036473+00:00
[2023-12-08T02:41:52.239+0000] {processor.py:179} INFO - Processing /home/airflow/.local/lib/python3.8/site-packages/airflow/example_dags/example_task_group_decorator.py took 0.919 seconds
[2023-12-08T02:42:23.551+0000] {processor.py:157} INFO - Started process (PID=382) to work on /home/airflow/.local/lib/python3.8/site-packages/airflow/example_dags/example_task_group_decorator.py
[2023-12-08T02:42:23.555+0000] {processor.py:829} INFO - Processing file /home/airflow/.local/lib/python3.8/site-packages/airflow/example_dags/example_task_group_decorator.py for tasks to queue
[2023-12-08T02:42:23.563+0000] {logging_mixin.py:154} INFO - [2023-12-08T02:42:23.562+0000] {dagbag.py:536} INFO - Filling up the DagBag from /home/airflow/.local/lib/python3.8/site-packages/airflow/example_dags/example_task_group_decorator.py
[2023-12-08T02:42:23.654+0000] {processor.py:839} INFO - DAG(s) dict_keys(['example_task_group_decorator']) retrieved from /home/airflow/.local/lib/python3.8/site-packages/airflow/example_dags/example_task_group_decorator.py
[2023-12-08T02:42:23.761+0000] {logging_mixin.py:154} INFO - [2023-12-08T02:42:23.760+0000] {dag.py:2941} INFO - Sync 1 DAGs
[2023-12-08T02:42:23.934+0000] {logging_mixin.py:154} INFO - [2023-12-08T02:42:23.933+0000] {dag.py:3722} INFO - Setting next_dagrun for example_task_group_decorator to 2023-12-07T02:42:23.932997+00:00, run_after=2023-12-08T02:42:23.932997+00:00
[2023-12-08T02:42:24.058+0000] {processor.py:179} INFO - Processing /home/airflow/.local/lib/python3.8/site-packages/airflow/example_dags/example_task_group_decorator.py took 0.518 seconds
[2023-12-08T02:42:55.247+0000] {processor.py:157} INFO - Started process (PID=436) to work on /home/airflow/.local/lib/python3.8/site-packages/airflow/example_dags/example_task_group_decorator.py
[2023-12-08T02:42:55.261+0000] {processor.py:829} INFO - Processing file /home/airflow/.local/lib/python3.8/site-packages/airflow/example_dags/example_task_group_decorator.py for tasks to queue
[2023-12-08T02:42:55.293+0000] {logging_mixin.py:154} INFO - [2023-12-08T02:42:55.292+0000] {dagbag.py:536} INFO - Filling up the DagBag from /home/airflow/.local/lib/python3.8/site-packages/airflow/example_dags/example_task_group_decorator.py
[2023-12-08T02:42:55.730+0000] {processor.py:839} INFO - DAG(s) dict_keys(['example_task_group_decorator']) retrieved from /home/airflow/.local/lib/python3.8/site-packages/airflow/example_dags/example_task_group_decorator.py
[2023-12-08T02:42:56.135+0000] {logging_mixin.py:154} INFO - [2023-12-08T02:42:56.135+0000] {dag.py:2941} INFO - Sync 1 DAGs
[2023-12-08T02:42:56.701+0000] {logging_mixin.py:154} INFO - [2023-12-08T02:42:56.701+0000] {dag.py:3722} INFO - Setting next_dagrun for example_task_group_decorator to 2023-12-07T02:42:56.700399+00:00, run_after=2023-12-08T02:42:56.700399+00:00
[2023-12-08T02:42:57.227+0000] {processor.py:179} INFO - Processing /home/airflow/.local/lib/python3.8/site-packages/airflow/example_dags/example_task_group_decorator.py took 2.029 seconds
[2023-12-08T02:43:30.129+0000] {processor.py:157} INFO - Started process (PID=491) to work on /home/airflow/.local/lib/python3.8/site-packages/airflow/example_dags/example_task_group_decorator.py
[2023-12-08T02:43:30.143+0000] {processor.py:829} INFO - Processing file /home/airflow/.local/lib/python3.8/site-packages/airflow/example_dags/example_task_group_decorator.py for tasks to queue
[2023-12-08T02:43:30.149+0000] {logging_mixin.py:154} INFO - [2023-12-08T02:43:30.148+0000] {dagbag.py:536} INFO - Filling up the DagBag from /home/airflow/.local/lib/python3.8/site-packages/airflow/example_dags/example_task_group_decorator.py
[2023-12-08T02:43:30.312+0000] {processor.py:839} INFO - DAG(s) dict_keys(['example_task_group_decorator']) retrieved from /home/airflow/.local/lib/python3.8/site-packages/airflow/example_dags/example_task_group_decorator.py
[2023-12-08T02:43:30.658+0000] {logging_mixin.py:154} INFO - [2023-12-08T02:43:30.658+0000] {dag.py:2941} INFO - Sync 1 DAGs
[2023-12-08T02:43:30.915+0000] {logging_mixin.py:154} INFO - [2023-12-08T02:43:30.914+0000] {dag.py:3722} INFO - Setting next_dagrun for example_task_group_decorator to 2023-12-07T02:43:30.903589+00:00, run_after=2023-12-08T02:43:30.903589+00:00
[2023-12-08T02:43:31.069+0000] {processor.py:179} INFO - Processing /home/airflow/.local/lib/python3.8/site-packages/airflow/example_dags/example_task_group_decorator.py took 1.157 seconds
[2023-12-08T02:44:01.356+0000] {processor.py:157} INFO - Started process (PID=545) to work on /home/airflow/.local/lib/python3.8/site-packages/airflow/example_dags/example_task_group_decorator.py
[2023-12-08T02:44:01.358+0000] {processor.py:829} INFO - Processing file /home/airflow/.local/lib/python3.8/site-packages/airflow/example_dags/example_task_group_decorator.py for tasks to queue
[2023-12-08T02:44:01.372+0000] {logging_mixin.py:154} INFO - [2023-12-08T02:44:01.371+0000] {dagbag.py:536} INFO - Filling up the DagBag from /home/airflow/.local/lib/python3.8/site-packages/airflow/example_dags/example_task_group_decorator.py
[2023-12-08T02:44:01.464+0000] {processor.py:839} INFO - DAG(s) dict_keys(['example_task_group_decorator']) retrieved from /home/airflow/.local/lib/python3.8/site-packages/airflow/example_dags/example_task_group_decorator.py
[2023-12-08T02:44:01.583+0000] {logging_mixin.py:154} INFO - [2023-12-08T02:44:01.583+0000] {dag.py:2941} INFO - Sync 1 DAGs
[2023-12-08T02:44:01.670+0000] {logging_mixin.py:154} INFO - [2023-12-08T02:44:01.669+0000] {dag.py:3722} INFO - Setting next_dagrun for example_task_group_decorator to 2023-12-07T02:44:01.669036+00:00, run_after=2023-12-08T02:44:01.669036+00:00
[2023-12-08T02:44:01.707+0000] {processor.py:179} INFO - Processing /home/airflow/.local/lib/python3.8/site-packages/airflow/example_dags/example_task_group_decorator.py took 0.367 seconds
[2023-12-08T02:44:32.536+0000] {processor.py:157} INFO - Started process (PID=600) to work on /home/airflow/.local/lib/python3.8/site-packages/airflow/example_dags/example_task_group_decorator.py
[2023-12-08T02:44:32.550+0000] {processor.py:829} INFO - Processing file /home/airflow/.local/lib/python3.8/site-packages/airflow/example_dags/example_task_group_decorator.py for tasks to queue
[2023-12-08T02:44:32.555+0000] {logging_mixin.py:154} INFO - [2023-12-08T02:44:32.554+0000] {dagbag.py:536} INFO - Filling up the DagBag from /home/airflow/.local/lib/python3.8/site-packages/airflow/example_dags/example_task_group_decorator.py
[2023-12-08T02:44:32.588+0000] {processor.py:839} INFO - DAG(s) dict_keys(['example_task_group_decorator']) retrieved from /home/airflow/.local/lib/python3.8/site-packages/airflow/example_dags/example_task_group_decorator.py
[2023-12-08T02:44:32.639+0000] {logging_mixin.py:154} INFO - [2023-12-08T02:44:32.639+0000] {dag.py:2941} INFO - Sync 1 DAGs
[2023-12-08T02:44:32.699+0000] {logging_mixin.py:154} INFO - [2023-12-08T02:44:32.699+0000] {dag.py:3722} INFO - Setting next_dagrun for example_task_group_decorator to 2023-12-07T02:44:32.698872+00:00, run_after=2023-12-08T02:44:32.698872+00:00
[2023-12-08T02:44:32.737+0000] {processor.py:179} INFO - Processing /home/airflow/.local/lib/python3.8/site-packages/airflow/example_dags/example_task_group_decorator.py took 0.212 seconds
[2023-12-08T02:45:03.311+0000] {processor.py:157} INFO - Started process (PID=654) to work on /home/airflow/.local/lib/python3.8/site-packages/airflow/example_dags/example_task_group_decorator.py
[2023-12-08T02:45:03.320+0000] {processor.py:829} INFO - Processing file /home/airflow/.local/lib/python3.8/site-packages/airflow/example_dags/example_task_group_decorator.py for tasks to queue
[2023-12-08T02:45:03.325+0000] {logging_mixin.py:154} INFO - [2023-12-08T02:45:03.325+0000] {dagbag.py:536} INFO - Filling up the DagBag from /home/airflow/.local/lib/python3.8/site-packages/airflow/example_dags/example_task_group_decorator.py
[2023-12-08T02:45:03.373+0000] {processor.py:839} INFO - DAG(s) dict_keys(['example_task_group_decorator']) retrieved from /home/airflow/.local/lib/python3.8/site-packages/airflow/example_dags/example_task_group_decorator.py
[2023-12-08T02:45:03.429+0000] {logging_mixin.py:154} INFO - [2023-12-08T02:45:03.428+0000] {dag.py:2941} INFO - Sync 1 DAGs
[2023-12-08T02:45:03.487+0000] {logging_mixin.py:154} INFO - [2023-12-08T02:45:03.487+0000] {dag.py:3722} INFO - Setting next_dagrun for example_task_group_decorator to 2023-12-07T02:45:03.486651+00:00, run_after=2023-12-08T02:45:03.486651+00:00
[2023-12-08T02:45:03.539+0000] {processor.py:179} INFO - Processing /home/airflow/.local/lib/python3.8/site-packages/airflow/example_dags/example_task_group_decorator.py took 0.241 seconds
[2023-12-08T02:45:33.958+0000] {processor.py:157} INFO - Started process (PID=707) to work on /home/airflow/.local/lib/python3.8/site-packages/airflow/example_dags/example_task_group_decorator.py
[2023-12-08T02:45:33.981+0000] {processor.py:829} INFO - Processing file /home/airflow/.local/lib/python3.8/site-packages/airflow/example_dags/example_task_group_decorator.py for tasks to queue
[2023-12-08T02:45:34.024+0000] {logging_mixin.py:154} INFO - [2023-12-08T02:45:33.996+0000] {dagbag.py:536} INFO - Filling up the DagBag from /home/airflow/.local/lib/python3.8/site-packages/airflow/example_dags/example_task_group_decorator.py
[2023-12-08T02:45:34.160+0000] {processor.py:839} INFO - DAG(s) dict_keys(['example_task_group_decorator']) retrieved from /home/airflow/.local/lib/python3.8/site-packages/airflow/example_dags/example_task_group_decorator.py
[2023-12-08T02:45:34.385+0000] {logging_mixin.py:154} INFO - [2023-12-08T02:45:34.384+0000] {dag.py:2941} INFO - Sync 1 DAGs
[2023-12-08T02:45:34.709+0000] {logging_mixin.py:154} INFO - [2023-12-08T02:45:34.708+0000] {dag.py:3722} INFO - Setting next_dagrun for example_task_group_decorator to 2023-12-07T02:45:34.707712+00:00, run_after=2023-12-08T02:45:34.707712+00:00
[2023-12-08T02:45:34.884+0000] {processor.py:179} INFO - Processing /home/airflow/.local/lib/python3.8/site-packages/airflow/example_dags/example_task_group_decorator.py took 0.985 seconds
[2023-12-08T02:46:06.039+0000] {processor.py:157} INFO - Started process (PID=760) to work on /home/airflow/.local/lib/python3.8/site-packages/airflow/example_dags/example_task_group_decorator.py
[2023-12-08T02:46:06.104+0000] {processor.py:829} INFO - Processing file /home/airflow/.local/lib/python3.8/site-packages/airflow/example_dags/example_task_group_decorator.py for tasks to queue
[2023-12-08T02:46:06.123+0000] {logging_mixin.py:154} INFO - [2023-12-08T02:46:06.122+0000] {dagbag.py:536} INFO - Filling up the DagBag from /home/airflow/.local/lib/python3.8/site-packages/airflow/example_dags/example_task_group_decorator.py
[2023-12-08T02:46:06.358+0000] {processor.py:839} INFO - DAG(s) dict_keys(['example_task_group_decorator']) retrieved from /home/airflow/.local/lib/python3.8/site-packages/airflow/example_dags/example_task_group_decorator.py
[2023-12-08T02:46:06.604+0000] {logging_mixin.py:154} INFO - [2023-12-08T02:46:06.603+0000] {dag.py:2941} INFO - Sync 1 DAGs
[2023-12-08T02:46:06.804+0000] {logging_mixin.py:154} INFO - [2023-12-08T02:46:06.803+0000] {dag.py:3722} INFO - Setting next_dagrun for example_task_group_decorator to 2023-12-07T02:46:06.803208+00:00, run_after=2023-12-08T02:46:06.803208+00:00
[2023-12-08T02:46:06.955+0000] {processor.py:179} INFO - Processing /home/airflow/.local/lib/python3.8/site-packages/airflow/example_dags/example_task_group_decorator.py took 0.981 seconds
[2023-12-08T02:46:43.134+0000] {processor.py:157} INFO - Started process (PID=798) to work on /home/airflow/.local/lib/python3.8/site-packages/airflow/example_dags/example_task_group_decorator.py
[2023-12-08T02:46:43.158+0000] {processor.py:829} INFO - Processing file /home/airflow/.local/lib/python3.8/site-packages/airflow/example_dags/example_task_group_decorator.py for tasks to queue
[2023-12-08T02:46:43.167+0000] {logging_mixin.py:154} INFO - [2023-12-08T02:46:43.166+0000] {dagbag.py:536} INFO - Filling up the DagBag from /home/airflow/.local/lib/python3.8/site-packages/airflow/example_dags/example_task_group_decorator.py
[2023-12-08T02:46:43.326+0000] {processor.py:839} INFO - DAG(s) dict_keys(['example_task_group_decorator']) retrieved from /home/airflow/.local/lib/python3.8/site-packages/airflow/example_dags/example_task_group_decorator.py
[2023-12-08T02:46:43.520+0000] {logging_mixin.py:154} INFO - [2023-12-08T02:46:43.519+0000] {dag.py:2941} INFO - Sync 1 DAGs
[2023-12-08T02:46:43.700+0000] {logging_mixin.py:154} INFO - [2023-12-08T02:46:43.699+0000] {dag.py:3722} INFO - Setting next_dagrun for example_task_group_decorator to 2023-12-07T02:46:43.699273+00:00, run_after=2023-12-08T02:46:43.699273+00:00
[2023-12-08T02:46:44.628+0000] {processor.py:179} INFO - Processing /home/airflow/.local/lib/python3.8/site-packages/airflow/example_dags/example_task_group_decorator.py took 1.532 seconds
[2023-12-08T02:47:14.875+0000] {processor.py:157} INFO - Started process (PID=852) to work on /home/airflow/.local/lib/python3.8/site-packages/airflow/example_dags/example_task_group_decorator.py
[2023-12-08T02:47:14.887+0000] {processor.py:829} INFO - Processing file /home/airflow/.local/lib/python3.8/site-packages/airflow/example_dags/example_task_group_decorator.py for tasks to queue
[2023-12-08T02:47:14.893+0000] {logging_mixin.py:154} INFO - [2023-12-08T02:47:14.892+0000] {dagbag.py:536} INFO - Filling up the DagBag from /home/airflow/.local/lib/python3.8/site-packages/airflow/example_dags/example_task_group_decorator.py
[2023-12-08T02:47:14.926+0000] {processor.py:839} INFO - DAG(s) dict_keys(['example_task_group_decorator']) retrieved from /home/airflow/.local/lib/python3.8/site-packages/airflow/example_dags/example_task_group_decorator.py
[2023-12-08T02:47:15.005+0000] {logging_mixin.py:154} INFO - [2023-12-08T02:47:15.005+0000] {dag.py:2941} INFO - Sync 1 DAGs
[2023-12-08T02:47:15.057+0000] {logging_mixin.py:154} INFO - [2023-12-08T02:47:15.057+0000] {dag.py:3722} INFO - Setting next_dagrun for example_task_group_decorator to 2023-12-07T02:47:15.057055+00:00, run_after=2023-12-08T02:47:15.057055+00:00
[2023-12-08T02:47:15.099+0000] {processor.py:179} INFO - Processing /home/airflow/.local/lib/python3.8/site-packages/airflow/example_dags/example_task_group_decorator.py took 0.240 seconds
[2023-12-08T02:47:45.535+0000] {processor.py:157} INFO - Started process (PID=906) to work on /home/airflow/.local/lib/python3.8/site-packages/airflow/example_dags/example_task_group_decorator.py
[2023-12-08T02:47:45.537+0000] {processor.py:829} INFO - Processing file /home/airflow/.local/lib/python3.8/site-packages/airflow/example_dags/example_task_group_decorator.py for tasks to queue
[2023-12-08T02:47:45.543+0000] {logging_mixin.py:154} INFO - [2023-12-08T02:47:45.542+0000] {dagbag.py:536} INFO - Filling up the DagBag from /home/airflow/.local/lib/python3.8/site-packages/airflow/example_dags/example_task_group_decorator.py
[2023-12-08T02:47:45.579+0000] {processor.py:839} INFO - DAG(s) dict_keys(['example_task_group_decorator']) retrieved from /home/airflow/.local/lib/python3.8/site-packages/airflow/example_dags/example_task_group_decorator.py
[2023-12-08T02:47:45.625+0000] {logging_mixin.py:154} INFO - [2023-12-08T02:47:45.625+0000] {dag.py:2941} INFO - Sync 1 DAGs
[2023-12-08T02:47:45.669+0000] {logging_mixin.py:154} INFO - [2023-12-08T02:47:45.668+0000] {dag.py:3722} INFO - Setting next_dagrun for example_task_group_decorator to 2023-12-07T02:47:45.668013+00:00, run_after=2023-12-08T02:47:45.668013+00:00
[2023-12-08T02:47:45.712+0000] {processor.py:179} INFO - Processing /home/airflow/.local/lib/python3.8/site-packages/airflow/example_dags/example_task_group_decorator.py took 0.184 seconds
[2023-12-08T02:48:15.787+0000] {processor.py:157} INFO - Started process (PID=960) to work on /home/airflow/.local/lib/python3.8/site-packages/airflow/example_dags/example_task_group_decorator.py
[2023-12-08T02:48:15.790+0000] {processor.py:829} INFO - Processing file /home/airflow/.local/lib/python3.8/site-packages/airflow/example_dags/example_task_group_decorator.py for tasks to queue
[2023-12-08T02:48:15.795+0000] {logging_mixin.py:154} INFO - [2023-12-08T02:48:15.794+0000] {dagbag.py:536} INFO - Filling up the DagBag from /home/airflow/.local/lib/python3.8/site-packages/airflow/example_dags/example_task_group_decorator.py
[2023-12-08T02:48:15.842+0000] {processor.py:839} INFO - DAG(s) dict_keys(['example_task_group_decorator']) retrieved from /home/airflow/.local/lib/python3.8/site-packages/airflow/example_dags/example_task_group_decorator.py
[2023-12-08T02:48:15.891+0000] {logging_mixin.py:154} INFO - [2023-12-08T02:48:15.890+0000] {dag.py:2941} INFO - Sync 1 DAGs
[2023-12-08T02:48:15.958+0000] {logging_mixin.py:154} INFO - [2023-12-08T02:48:15.958+0000] {dag.py:3722} INFO - Setting next_dagrun for example_task_group_decorator to 2023-12-07T02:48:15.957877+00:00, run_after=2023-12-08T02:48:15.957877+00:00
[2023-12-08T02:48:16.015+0000] {processor.py:179} INFO - Processing /home/airflow/.local/lib/python3.8/site-packages/airflow/example_dags/example_task_group_decorator.py took 0.239 seconds
[2023-12-08T02:48:46.239+0000] {processor.py:157} INFO - Started process (PID=1014) to work on /home/airflow/.local/lib/python3.8/site-packages/airflow/example_dags/example_task_group_decorator.py
[2023-12-08T02:48:46.241+0000] {processor.py:829} INFO - Processing file /home/airflow/.local/lib/python3.8/site-packages/airflow/example_dags/example_task_group_decorator.py for tasks to queue
[2023-12-08T02:48:46.245+0000] {logging_mixin.py:154} INFO - [2023-12-08T02:48:46.244+0000] {dagbag.py:536} INFO - Filling up the DagBag from /home/airflow/.local/lib/python3.8/site-packages/airflow/example_dags/example_task_group_decorator.py
[2023-12-08T02:48:46.279+0000] {processor.py:839} INFO - DAG(s) dict_keys(['example_task_group_decorator']) retrieved from /home/airflow/.local/lib/python3.8/site-packages/airflow/example_dags/example_task_group_decorator.py
[2023-12-08T02:48:46.346+0000] {logging_mixin.py:154} INFO - [2023-12-08T02:48:46.346+0000] {dag.py:2941} INFO - Sync 1 DAGs
[2023-12-08T02:48:46.396+0000] {logging_mixin.py:154} INFO - [2023-12-08T02:48:46.395+0000] {dag.py:3722} INFO - Setting next_dagrun for example_task_group_decorator to 2023-12-07T02:48:46.395197+00:00, run_after=2023-12-08T02:48:46.395197+00:00
[2023-12-08T02:48:46.443+0000] {processor.py:179} INFO - Processing /home/airflow/.local/lib/python3.8/site-packages/airflow/example_dags/example_task_group_decorator.py took 0.212 seconds
[2023-12-08T02:49:17.494+0000] {processor.py:157} INFO - Started process (PID=1067) to work on /home/airflow/.local/lib/python3.8/site-packages/airflow/example_dags/example_task_group_decorator.py
[2023-12-08T02:49:17.496+0000] {processor.py:829} INFO - Processing file /home/airflow/.local/lib/python3.8/site-packages/airflow/example_dags/example_task_group_decorator.py for tasks to queue
[2023-12-08T02:49:17.500+0000] {logging_mixin.py:154} INFO - [2023-12-08T02:49:17.499+0000] {dagbag.py:536} INFO - Filling up the DagBag from /home/airflow/.local/lib/python3.8/site-packages/airflow/example_dags/example_task_group_decorator.py
[2023-12-08T02:49:17.533+0000] {processor.py:839} INFO - DAG(s) dict_keys(['example_task_group_decorator']) retrieved from /home/airflow/.local/lib/python3.8/site-packages/airflow/example_dags/example_task_group_decorator.py
[2023-12-08T02:49:17.596+0000] {logging_mixin.py:154} INFO - [2023-12-08T02:49:17.595+0000] {dag.py:2941} INFO - Sync 1 DAGs
[2023-12-08T02:49:17.897+0000] {logging_mixin.py:154} INFO - [2023-12-08T02:49:17.897+0000] {dag.py:3722} INFO - Setting next_dagrun for example_task_group_decorator to 2023-12-07T02:49:17.896835+00:00, run_after=2023-12-08T02:49:17.896835+00:00
[2023-12-08T02:49:17.943+0000] {processor.py:179} INFO - Processing /home/airflow/.local/lib/python3.8/site-packages/airflow/example_dags/example_task_group_decorator.py took 0.461 seconds
[2023-12-08T02:49:48.957+0000] {processor.py:157} INFO - Started process (PID=1121) to work on /home/airflow/.local/lib/python3.8/site-packages/airflow/example_dags/example_task_group_decorator.py
[2023-12-08T02:49:48.964+0000] {processor.py:829} INFO - Processing file /home/airflow/.local/lib/python3.8/site-packages/airflow/example_dags/example_task_group_decorator.py for tasks to queue
[2023-12-08T02:49:48.970+0000] {logging_mixin.py:154} INFO - [2023-12-08T02:49:48.969+0000] {dagbag.py:536} INFO - Filling up the DagBag from /home/airflow/.local/lib/python3.8/site-packages/airflow/example_dags/example_task_group_decorator.py
[2023-12-08T02:49:49.007+0000] {processor.py:839} INFO - DAG(s) dict_keys(['example_task_group_decorator']) retrieved from /home/airflow/.local/lib/python3.8/site-packages/airflow/example_dags/example_task_group_decorator.py
[2023-12-08T02:49:49.068+0000] {logging_mixin.py:154} INFO - [2023-12-08T02:49:49.068+0000] {dag.py:2941} INFO - Sync 1 DAGs
[2023-12-08T02:49:49.119+0000] {logging_mixin.py:154} INFO - [2023-12-08T02:49:49.119+0000] {dag.py:3722} INFO - Setting next_dagrun for example_task_group_decorator to 2023-12-07T02:49:49.119055+00:00, run_after=2023-12-08T02:49:49.119055+00:00
[2023-12-08T02:49:49.421+0000] {processor.py:179} INFO - Processing /home/airflow/.local/lib/python3.8/site-packages/airflow/example_dags/example_task_group_decorator.py took 0.472 seconds
[2023-12-08T02:50:20.216+0000] {processor.py:157} INFO - Started process (PID=1176) to work on /home/airflow/.local/lib/python3.8/site-packages/airflow/example_dags/example_task_group_decorator.py
[2023-12-08T02:50:20.219+0000] {processor.py:829} INFO - Processing file /home/airflow/.local/lib/python3.8/site-packages/airflow/example_dags/example_task_group_decorator.py for tasks to queue
[2023-12-08T02:50:20.227+0000] {logging_mixin.py:154} INFO - [2023-12-08T02:50:20.226+0000] {dagbag.py:536} INFO - Filling up the DagBag from /home/airflow/.local/lib/python3.8/site-packages/airflow/example_dags/example_task_group_decorator.py
[2023-12-08T02:50:20.325+0000] {processor.py:839} INFO - DAG(s) dict_keys(['example_task_group_decorator']) retrieved from /home/airflow/.local/lib/python3.8/site-packages/airflow/example_dags/example_task_group_decorator.py
[2023-12-08T02:50:20.529+0000] {logging_mixin.py:154} INFO - [2023-12-08T02:50:20.528+0000] {dag.py:2941} INFO - Sync 1 DAGs
[2023-12-08T02:50:20.684+0000] {logging_mixin.py:154} INFO - [2023-12-08T02:50:20.683+0000] {dag.py:3722} INFO - Setting next_dagrun for example_task_group_decorator to 2023-12-07T02:50:20.672160+00:00, run_after=2023-12-08T02:50:20.672160+00:00
[2023-12-08T02:50:20.863+0000] {processor.py:179} INFO - Processing /home/airflow/.local/lib/python3.8/site-packages/airflow/example_dags/example_task_group_decorator.py took 0.690 seconds
[2023-12-08T02:50:51.409+0000] {processor.py:157} INFO - Started process (PID=1229) to work on /home/airflow/.local/lib/python3.8/site-packages/airflow/example_dags/example_task_group_decorator.py
[2023-12-08T02:50:51.412+0000] {processor.py:829} INFO - Processing file /home/airflow/.local/lib/python3.8/site-packages/airflow/example_dags/example_task_group_decorator.py for tasks to queue
[2023-12-08T02:50:51.417+0000] {logging_mixin.py:154} INFO - [2023-12-08T02:50:51.416+0000] {dagbag.py:536} INFO - Filling up the DagBag from /home/airflow/.local/lib/python3.8/site-packages/airflow/example_dags/example_task_group_decorator.py
[2023-12-08T02:50:51.464+0000] {processor.py:839} INFO - DAG(s) dict_keys(['example_task_group_decorator']) retrieved from /home/airflow/.local/lib/python3.8/site-packages/airflow/example_dags/example_task_group_decorator.py
[2023-12-08T02:50:51.872+0000] {logging_mixin.py:154} INFO - [2023-12-08T02:50:51.871+0000] {dag.py:2941} INFO - Sync 1 DAGs
[2023-12-08T02:50:51.933+0000] {logging_mixin.py:154} INFO - [2023-12-08T02:50:51.933+0000] {dag.py:3722} INFO - Setting next_dagrun for example_task_group_decorator to 2023-12-07T02:50:51.932693+00:00, run_after=2023-12-08T02:50:51.932693+00:00
[2023-12-08T02:50:51.982+0000] {processor.py:179} INFO - Processing /home/airflow/.local/lib/python3.8/site-packages/airflow/example_dags/example_task_group_decorator.py took 0.579 seconds
[2023-12-08T02:51:22.316+0000] {processor.py:157} INFO - Started process (PID=1282) to work on /home/airflow/.local/lib/python3.8/site-packages/airflow/example_dags/example_task_group_decorator.py
[2023-12-08T02:51:22.326+0000] {processor.py:829} INFO - Processing file /home/airflow/.local/lib/python3.8/site-packages/airflow/example_dags/example_task_group_decorator.py for tasks to queue
[2023-12-08T02:51:22.332+0000] {logging_mixin.py:154} INFO - [2023-12-08T02:51:22.331+0000] {dagbag.py:536} INFO - Filling up the DagBag from /home/airflow/.local/lib/python3.8/site-packages/airflow/example_dags/example_task_group_decorator.py
[2023-12-08T02:51:22.379+0000] {processor.py:839} INFO - DAG(s) dict_keys(['example_task_group_decorator']) retrieved from /home/airflow/.local/lib/python3.8/site-packages/airflow/example_dags/example_task_group_decorator.py
[2023-12-08T02:51:22.468+0000] {logging_mixin.py:154} INFO - [2023-12-08T02:51:22.467+0000] {dag.py:2941} INFO - Sync 1 DAGs
[2023-12-08T02:51:23.088+0000] {logging_mixin.py:154} INFO - [2023-12-08T02:51:23.088+0000] {dag.py:3722} INFO - Setting next_dagrun for example_task_group_decorator to 2023-12-07T02:51:23.087445+00:00, run_after=2023-12-08T02:51:23.087445+00:00
[2023-12-08T02:51:23.141+0000] {processor.py:179} INFO - Processing /home/airflow/.local/lib/python3.8/site-packages/airflow/example_dags/example_task_group_decorator.py took 0.835 seconds
[2023-12-08T02:51:53.479+0000] {processor.py:157} INFO - Started process (PID=1336) to work on /home/airflow/.local/lib/python3.8/site-packages/airflow/example_dags/example_task_group_decorator.py
[2023-12-08T02:51:53.481+0000] {processor.py:829} INFO - Processing file /home/airflow/.local/lib/python3.8/site-packages/airflow/example_dags/example_task_group_decorator.py for tasks to queue
[2023-12-08T02:51:53.485+0000] {logging_mixin.py:154} INFO - [2023-12-08T02:51:53.485+0000] {dagbag.py:536} INFO - Filling up the DagBag from /home/airflow/.local/lib/python3.8/site-packages/airflow/example_dags/example_task_group_decorator.py
[2023-12-08T02:51:53.528+0000] {processor.py:839} INFO - DAG(s) dict_keys(['example_task_group_decorator']) retrieved from /home/airflow/.local/lib/python3.8/site-packages/airflow/example_dags/example_task_group_decorator.py
[2023-12-08T02:51:53.590+0000] {logging_mixin.py:154} INFO - [2023-12-08T02:51:53.590+0000] {dag.py:2941} INFO - Sync 1 DAGs
[2023-12-08T02:51:53.643+0000] {logging_mixin.py:154} INFO - [2023-12-08T02:51:53.642+0000] {dag.py:3722} INFO - Setting next_dagrun for example_task_group_decorator to 2023-12-07T02:51:53.642042+00:00, run_after=2023-12-08T02:51:53.642042+00:00
[2023-12-08T02:51:53.697+0000] {processor.py:179} INFO - Processing /home/airflow/.local/lib/python3.8/site-packages/airflow/example_dags/example_task_group_decorator.py took 0.229 seconds
[2023-12-08T02:52:24.126+0000] {processor.py:157} INFO - Started process (PID=1389) to work on /home/airflow/.local/lib/python3.8/site-packages/airflow/example_dags/example_task_group_decorator.py
[2023-12-08T02:52:24.142+0000] {processor.py:829} INFO - Processing file /home/airflow/.local/lib/python3.8/site-packages/airflow/example_dags/example_task_group_decorator.py for tasks to queue
[2023-12-08T02:52:24.147+0000] {logging_mixin.py:154} INFO - [2023-12-08T02:52:24.147+0000] {dagbag.py:536} INFO - Filling up the DagBag from /home/airflow/.local/lib/python3.8/site-packages/airflow/example_dags/example_task_group_decorator.py
[2023-12-08T02:52:24.181+0000] {processor.py:839} INFO - DAG(s) dict_keys(['example_task_group_decorator']) retrieved from /home/airflow/.local/lib/python3.8/site-packages/airflow/example_dags/example_task_group_decorator.py
[2023-12-08T02:52:24.253+0000] {logging_mixin.py:154} INFO - [2023-12-08T02:52:24.252+0000] {dag.py:2941} INFO - Sync 1 DAGs
[2023-12-08T02:52:24.311+0000] {logging_mixin.py:154} INFO - [2023-12-08T02:52:24.310+0000] {dag.py:3722} INFO - Setting next_dagrun for example_task_group_decorator to 2023-12-07T02:52:24.309311+00:00, run_after=2023-12-08T02:52:24.309311+00:00
[2023-12-08T02:52:24.373+0000] {processor.py:179} INFO - Processing /home/airflow/.local/lib/python3.8/site-packages/airflow/example_dags/example_task_group_decorator.py took 0.254 seconds
[2023-12-08T02:52:54.991+0000] {processor.py:157} INFO - Started process (PID=1441) to work on /home/airflow/.local/lib/python3.8/site-packages/airflow/example_dags/example_task_group_decorator.py
[2023-12-08T02:52:54.994+0000] {processor.py:829} INFO - Processing file /home/airflow/.local/lib/python3.8/site-packages/airflow/example_dags/example_task_group_decorator.py for tasks to queue
[2023-12-08T02:52:55.000+0000] {logging_mixin.py:154} INFO - [2023-12-08T02:52:54.999+0000] {dagbag.py:536} INFO - Filling up the DagBag from /home/airflow/.local/lib/python3.8/site-packages/airflow/example_dags/example_task_group_decorator.py
[2023-12-08T02:52:55.038+0000] {processor.py:839} INFO - DAG(s) dict_keys(['example_task_group_decorator']) retrieved from /home/airflow/.local/lib/python3.8/site-packages/airflow/example_dags/example_task_group_decorator.py
[2023-12-08T02:52:55.097+0000] {logging_mixin.py:154} INFO - [2023-12-08T02:52:55.096+0000] {dag.py:2941} INFO - Sync 1 DAGs
[2023-12-08T02:52:55.156+0000] {logging_mixin.py:154} INFO - [2023-12-08T02:52:55.156+0000] {dag.py:3722} INFO - Setting next_dagrun for example_task_group_decorator to 2023-12-07T02:52:55.155373+00:00, run_after=2023-12-08T02:52:55.155373+00:00
[2023-12-08T02:52:55.199+0000] {processor.py:179} INFO - Processing /home/airflow/.local/lib/python3.8/site-packages/airflow/example_dags/example_task_group_decorator.py took 0.217 seconds
[2023-12-08T02:53:25.672+0000] {processor.py:157} INFO - Started process (PID=1496) to work on /home/airflow/.local/lib/python3.8/site-packages/airflow/example_dags/example_task_group_decorator.py
[2023-12-08T02:53:25.674+0000] {processor.py:829} INFO - Processing file /home/airflow/.local/lib/python3.8/site-packages/airflow/example_dags/example_task_group_decorator.py for tasks to queue
[2023-12-08T02:53:25.680+0000] {logging_mixin.py:154} INFO - [2023-12-08T02:53:25.679+0000] {dagbag.py:536} INFO - Filling up the DagBag from /home/airflow/.local/lib/python3.8/site-packages/airflow/example_dags/example_task_group_decorator.py
[2023-12-08T02:53:25.717+0000] {processor.py:839} INFO - DAG(s) dict_keys(['example_task_group_decorator']) retrieved from /home/airflow/.local/lib/python3.8/site-packages/airflow/example_dags/example_task_group_decorator.py
[2023-12-08T02:53:25.775+0000] {logging_mixin.py:154} INFO - [2023-12-08T02:53:25.774+0000] {dag.py:2941} INFO - Sync 1 DAGs
[2023-12-08T02:53:25.833+0000] {logging_mixin.py:154} INFO - [2023-12-08T02:53:25.831+0000] {dag.py:3722} INFO - Setting next_dagrun for example_task_group_decorator to 2023-12-07T02:53:25.829958+00:00, run_after=2023-12-08T02:53:25.829958+00:00
[2023-12-08T02:53:25.870+0000] {processor.py:179} INFO - Processing /home/airflow/.local/lib/python3.8/site-packages/airflow/example_dags/example_task_group_decorator.py took 0.207 seconds
[2023-12-08T02:53:56.157+0000] {processor.py:157} INFO - Started process (PID=1549) to work on /home/airflow/.local/lib/python3.8/site-packages/airflow/example_dags/example_task_group_decorator.py
[2023-12-08T02:53:56.160+0000] {processor.py:829} INFO - Processing file /home/airflow/.local/lib/python3.8/site-packages/airflow/example_dags/example_task_group_decorator.py for tasks to queue
[2023-12-08T02:53:56.168+0000] {logging_mixin.py:154} INFO - [2023-12-08T02:53:56.167+0000] {dagbag.py:536} INFO - Filling up the DagBag from /home/airflow/.local/lib/python3.8/site-packages/airflow/example_dags/example_task_group_decorator.py
[2023-12-08T02:53:56.222+0000] {processor.py:839} INFO - DAG(s) dict_keys(['example_task_group_decorator']) retrieved from /home/airflow/.local/lib/python3.8/site-packages/airflow/example_dags/example_task_group_decorator.py
[2023-12-08T02:53:56.291+0000] {logging_mixin.py:154} INFO - [2023-12-08T02:53:56.290+0000] {dag.py:2941} INFO - Sync 1 DAGs
[2023-12-08T02:53:56.339+0000] {logging_mixin.py:154} INFO - [2023-12-08T02:53:56.339+0000] {dag.py:3722} INFO - Setting next_dagrun for example_task_group_decorator to 2023-12-07T02:53:56.339112+00:00, run_after=2023-12-08T02:53:56.339112+00:00
[2023-12-08T02:53:56.375+0000] {processor.py:179} INFO - Processing /home/airflow/.local/lib/python3.8/site-packages/airflow/example_dags/example_task_group_decorator.py took 0.232 seconds
[2023-12-08T02:54:26.477+0000] {processor.py:157} INFO - Started process (PID=1604) to work on /home/airflow/.local/lib/python3.8/site-packages/airflow/example_dags/example_task_group_decorator.py
[2023-12-08T02:54:26.479+0000] {processor.py:829} INFO - Processing file /home/airflow/.local/lib/python3.8/site-packages/airflow/example_dags/example_task_group_decorator.py for tasks to queue
[2023-12-08T02:54:26.487+0000] {logging_mixin.py:154} INFO - [2023-12-08T02:54:26.486+0000] {dagbag.py:536} INFO - Filling up the DagBag from /home/airflow/.local/lib/python3.8/site-packages/airflow/example_dags/example_task_group_decorator.py
[2023-12-08T02:54:26.555+0000] {processor.py:839} INFO - DAG(s) dict_keys(['example_task_group_decorator']) retrieved from /home/airflow/.local/lib/python3.8/site-packages/airflow/example_dags/example_task_group_decorator.py
[2023-12-08T02:54:26.656+0000] {logging_mixin.py:154} INFO - [2023-12-08T02:54:26.655+0000] {dag.py:2941} INFO - Sync 1 DAGs
[2023-12-08T02:54:26.720+0000] {logging_mixin.py:154} INFO - [2023-12-08T02:54:26.719+0000] {dag.py:3722} INFO - Setting next_dagrun for example_task_group_decorator to 2023-12-07T02:54:26.718882+00:00, run_after=2023-12-08T02:54:26.718882+00:00
[2023-12-08T02:54:26.836+0000] {processor.py:179} INFO - Processing /home/airflow/.local/lib/python3.8/site-packages/airflow/example_dags/example_task_group_decorator.py took 0.371 seconds
[2023-12-08T02:54:57.318+0000] {processor.py:157} INFO - Started process (PID=1658) to work on /home/airflow/.local/lib/python3.8/site-packages/airflow/example_dags/example_task_group_decorator.py
[2023-12-08T02:54:57.322+0000] {processor.py:829} INFO - Processing file /home/airflow/.local/lib/python3.8/site-packages/airflow/example_dags/example_task_group_decorator.py for tasks to queue
[2023-12-08T02:54:57.327+0000] {logging_mixin.py:154} INFO - [2023-12-08T02:54:57.326+0000] {dagbag.py:536} INFO - Filling up the DagBag from /home/airflow/.local/lib/python3.8/site-packages/airflow/example_dags/example_task_group_decorator.py
[2023-12-08T02:54:57.374+0000] {processor.py:839} INFO - DAG(s) dict_keys(['example_task_group_decorator']) retrieved from /home/airflow/.local/lib/python3.8/site-packages/airflow/example_dags/example_task_group_decorator.py
[2023-12-08T02:54:57.448+0000] {logging_mixin.py:154} INFO - [2023-12-08T02:54:57.448+0000] {dag.py:2941} INFO - Sync 1 DAGs
[2023-12-08T02:54:57.509+0000] {logging_mixin.py:154} INFO - [2023-12-08T02:54:57.509+0000] {dag.py:3722} INFO - Setting next_dagrun for example_task_group_decorator to 2023-12-07T02:54:57.509225+00:00, run_after=2023-12-08T02:54:57.509225+00:00
[2023-12-08T02:54:57.560+0000] {processor.py:179} INFO - Processing /home/airflow/.local/lib/python3.8/site-packages/airflow/example_dags/example_task_group_decorator.py took 0.250 seconds
[2023-12-08T02:55:28.069+0000] {processor.py:157} INFO - Started process (PID=1712) to work on /home/airflow/.local/lib/python3.8/site-packages/airflow/example_dags/example_task_group_decorator.py
[2023-12-08T02:55:28.078+0000] {processor.py:829} INFO - Processing file /home/airflow/.local/lib/python3.8/site-packages/airflow/example_dags/example_task_group_decorator.py for tasks to queue
[2023-12-08T02:55:28.092+0000] {logging_mixin.py:154} INFO - [2023-12-08T02:55:28.085+0000] {dagbag.py:536} INFO - Filling up the DagBag from /home/airflow/.local/lib/python3.8/site-packages/airflow/example_dags/example_task_group_decorator.py
[2023-12-08T02:55:28.255+0000] {processor.py:839} INFO - DAG(s) dict_keys(['example_task_group_decorator']) retrieved from /home/airflow/.local/lib/python3.8/site-packages/airflow/example_dags/example_task_group_decorator.py
[2023-12-08T02:55:28.562+0000] {logging_mixin.py:154} INFO - [2023-12-08T02:55:28.550+0000] {dag.py:2941} INFO - Sync 1 DAGs
[2023-12-08T02:55:28.805+0000] {logging_mixin.py:154} INFO - [2023-12-08T02:55:28.805+0000] {dag.py:3722} INFO - Setting next_dagrun for example_task_group_decorator to 2023-12-07T02:55:28.804180+00:00, run_after=2023-12-08T02:55:28.804180+00:00
[2023-12-08T02:55:28.864+0000] {processor.py:179} INFO - Processing /home/airflow/.local/lib/python3.8/site-packages/airflow/example_dags/example_task_group_decorator.py took 0.804 seconds
[2023-12-08T02:55:59.723+0000] {processor.py:157} INFO - Started process (PID=1774) to work on /home/airflow/.local/lib/python3.8/site-packages/airflow/example_dags/example_task_group_decorator.py
[2023-12-08T02:55:59.732+0000] {processor.py:829} INFO - Processing file /home/airflow/.local/lib/python3.8/site-packages/airflow/example_dags/example_task_group_decorator.py for tasks to queue
[2023-12-08T02:55:59.737+0000] {logging_mixin.py:154} INFO - [2023-12-08T02:55:59.736+0000] {dagbag.py:536} INFO - Filling up the DagBag from /home/airflow/.local/lib/python3.8/site-packages/airflow/example_dags/example_task_group_decorator.py
[2023-12-08T02:55:59.787+0000] {processor.py:839} INFO - DAG(s) dict_keys(['example_task_group_decorator']) retrieved from /home/airflow/.local/lib/python3.8/site-packages/airflow/example_dags/example_task_group_decorator.py
[2023-12-08T02:55:59.887+0000] {logging_mixin.py:154} INFO - [2023-12-08T02:55:59.887+0000] {dag.py:2941} INFO - Sync 1 DAGs
[2023-12-08T02:55:59.950+0000] {logging_mixin.py:154} INFO - [2023-12-08T02:55:59.949+0000] {dag.py:3722} INFO - Setting next_dagrun for example_task_group_decorator to 2023-12-07T02:55:59.948563+00:00, run_after=2023-12-08T02:55:59.948563+00:00
[2023-12-08T02:56:00.033+0000] {processor.py:179} INFO - Processing /home/airflow/.local/lib/python3.8/site-packages/airflow/example_dags/example_task_group_decorator.py took 0.320 seconds
[2023-12-08T02:56:30.304+0000] {processor.py:157} INFO - Started process (PID=1828) to work on /home/airflow/.local/lib/python3.8/site-packages/airflow/example_dags/example_task_group_decorator.py
[2023-12-08T02:56:30.314+0000] {processor.py:829} INFO - Processing file /home/airflow/.local/lib/python3.8/site-packages/airflow/example_dags/example_task_group_decorator.py for tasks to queue
[2023-12-08T02:56:30.320+0000] {logging_mixin.py:154} INFO - [2023-12-08T02:56:30.319+0000] {dagbag.py:536} INFO - Filling up the DagBag from /home/airflow/.local/lib/python3.8/site-packages/airflow/example_dags/example_task_group_decorator.py
[2023-12-08T02:56:30.358+0000] {processor.py:839} INFO - DAG(s) dict_keys(['example_task_group_decorator']) retrieved from /home/airflow/.local/lib/python3.8/site-packages/airflow/example_dags/example_task_group_decorator.py
[2023-12-08T02:56:30.421+0000] {logging_mixin.py:154} INFO - [2023-12-08T02:56:30.420+0000] {dag.py:2941} INFO - Sync 1 DAGs
[2023-12-08T02:56:30.478+0000] {logging_mixin.py:154} INFO - [2023-12-08T02:56:30.478+0000] {dag.py:3722} INFO - Setting next_dagrun for example_task_group_decorator to 2023-12-07T02:56:30.477505+00:00, run_after=2023-12-08T02:56:30.477505+00:00
[2023-12-08T02:56:30.532+0000] {processor.py:179} INFO - Processing /home/airflow/.local/lib/python3.8/site-packages/airflow/example_dags/example_task_group_decorator.py took 0.236 seconds
[2023-12-08T02:57:00.741+0000] {processor.py:157} INFO - Started process (PID=1883) to work on /home/airflow/.local/lib/python3.8/site-packages/airflow/example_dags/example_task_group_decorator.py
[2023-12-08T02:57:00.743+0000] {processor.py:829} INFO - Processing file /home/airflow/.local/lib/python3.8/site-packages/airflow/example_dags/example_task_group_decorator.py for tasks to queue
[2023-12-08T02:57:00.749+0000] {logging_mixin.py:154} INFO - [2023-12-08T02:57:00.749+0000] {dagbag.py:536} INFO - Filling up the DagBag from /home/airflow/.local/lib/python3.8/site-packages/airflow/example_dags/example_task_group_decorator.py
[2023-12-08T02:57:00.804+0000] {processor.py:839} INFO - DAG(s) dict_keys(['example_task_group_decorator']) retrieved from /home/airflow/.local/lib/python3.8/site-packages/airflow/example_dags/example_task_group_decorator.py
[2023-12-08T02:57:00.872+0000] {logging_mixin.py:154} INFO - [2023-12-08T02:57:00.871+0000] {dag.py:2941} INFO - Sync 1 DAGs
[2023-12-08T02:57:00.924+0000] {logging_mixin.py:154} INFO - [2023-12-08T02:57:00.924+0000] {dag.py:3722} INFO - Setting next_dagrun for example_task_group_decorator to 2023-12-07T02:57:00.923700+00:00, run_after=2023-12-08T02:57:00.923700+00:00
[2023-12-08T02:57:00.972+0000] {processor.py:179} INFO - Processing /home/airflow/.local/lib/python3.8/site-packages/airflow/example_dags/example_task_group_decorator.py took 0.238 seconds
