[2023-12-08T02:39:13.096+0000] {processor.py:157} INFO - Started process (PID=48) to work on /home/airflow/.local/lib/python3.8/site-packages/airflow/example_dags/tutorial.py
[2023-12-08T02:39:13.098+0000] {processor.py:829} INFO - Processing file /home/airflow/.local/lib/python3.8/site-packages/airflow/example_dags/tutorial.py for tasks to queue
[2023-12-08T02:39:13.107+0000] {logging_mixin.py:154} INFO - [2023-12-08T02:39:13.107+0000] {dagbag.py:536} INFO - Filling up the DagBag from /home/airflow/.local/lib/python3.8/site-packages/airflow/example_dags/tutorial.py
[2023-12-08T02:39:13.131+0000] {processor.py:839} INFO - DAG(s) dict_keys(['tutorial']) retrieved from /home/airflow/.local/lib/python3.8/site-packages/airflow/example_dags/tutorial.py
[2023-12-08T02:39:13.241+0000] {logging_mixin.py:154} INFO - [2023-12-08T02:39:13.240+0000] {dag.py:2941} INFO - Sync 1 DAGs
[2023-12-08T02:39:13.359+0000] {logging_mixin.py:154} INFO - [2023-12-08T02:39:13.358+0000] {dag.py:3722} INFO - Setting next_dagrun for tutorial to 2023-12-07T02:39:13.344254+00:00, run_after=2023-12-08T02:39:13.344254+00:00
[2023-12-08T02:39:13.439+0000] {processor.py:179} INFO - Processing /home/airflow/.local/lib/python3.8/site-packages/airflow/example_dags/tutorial.py took 0.361 seconds
[2023-12-08T02:39:44.340+0000] {processor.py:157} INFO - Started process (PID=108) to work on /home/airflow/.local/lib/python3.8/site-packages/airflow/example_dags/tutorial.py
[2023-12-08T02:39:44.343+0000] {processor.py:829} INFO - Processing file /home/airflow/.local/lib/python3.8/site-packages/airflow/example_dags/tutorial.py for tasks to queue
[2023-12-08T02:39:44.382+0000] {logging_mixin.py:154} INFO - [2023-12-08T02:39:44.381+0000] {dagbag.py:536} INFO - Filling up the DagBag from /home/airflow/.local/lib/python3.8/site-packages/airflow/example_dags/tutorial.py
[2023-12-08T02:39:44.466+0000] {processor.py:839} INFO - DAG(s) dict_keys(['tutorial']) retrieved from /home/airflow/.local/lib/python3.8/site-packages/airflow/example_dags/tutorial.py
[2023-12-08T02:39:44.903+0000] {logging_mixin.py:154} INFO - [2023-12-08T02:39:44.903+0000] {dag.py:2941} INFO - Sync 1 DAGs
[2023-12-08T02:39:45.197+0000] {logging_mixin.py:154} INFO - [2023-12-08T02:39:45.197+0000] {dag.py:3722} INFO - Setting next_dagrun for tutorial to 2023-12-07T02:39:45.196832+00:00, run_after=2023-12-08T02:39:45.196832+00:00
[2023-12-08T02:39:45.380+0000] {processor.py:179} INFO - Processing /home/airflow/.local/lib/python3.8/site-packages/airflow/example_dags/tutorial.py took 1.101 seconds
[2023-12-08T02:40:15.665+0000] {processor.py:157} INFO - Started process (PID=162) to work on /home/airflow/.local/lib/python3.8/site-packages/airflow/example_dags/tutorial.py
[2023-12-08T02:40:15.669+0000] {processor.py:829} INFO - Processing file /home/airflow/.local/lib/python3.8/site-packages/airflow/example_dags/tutorial.py for tasks to queue
[2023-12-08T02:40:15.678+0000] {logging_mixin.py:154} INFO - [2023-12-08T02:40:15.677+0000] {dagbag.py:536} INFO - Filling up the DagBag from /home/airflow/.local/lib/python3.8/site-packages/airflow/example_dags/tutorial.py
[2023-12-08T02:40:15.700+0000] {processor.py:839} INFO - DAG(s) dict_keys(['tutorial']) retrieved from /home/airflow/.local/lib/python3.8/site-packages/airflow/example_dags/tutorial.py
[2023-12-08T02:40:15.789+0000] {logging_mixin.py:154} INFO - [2023-12-08T02:40:15.788+0000] {dag.py:2941} INFO - Sync 1 DAGs
[2023-12-08T02:40:15.838+0000] {logging_mixin.py:154} INFO - [2023-12-08T02:40:15.838+0000] {dag.py:3722} INFO - Setting next_dagrun for tutorial to 2023-12-07T02:40:15.837778+00:00, run_after=2023-12-08T02:40:15.837778+00:00
[2023-12-08T02:40:15.900+0000] {processor.py:179} INFO - Processing /home/airflow/.local/lib/python3.8/site-packages/airflow/example_dags/tutorial.py took 0.250 seconds
[2023-12-08T02:40:46.148+0000] {processor.py:157} INFO - Started process (PID=216) to work on /home/airflow/.local/lib/python3.8/site-packages/airflow/example_dags/tutorial.py
[2023-12-08T02:40:46.151+0000] {processor.py:829} INFO - Processing file /home/airflow/.local/lib/python3.8/site-packages/airflow/example_dags/tutorial.py for tasks to queue
[2023-12-08T02:40:46.156+0000] {logging_mixin.py:154} INFO - [2023-12-08T02:40:46.155+0000] {dagbag.py:536} INFO - Filling up the DagBag from /home/airflow/.local/lib/python3.8/site-packages/airflow/example_dags/tutorial.py
[2023-12-08T02:40:46.177+0000] {processor.py:839} INFO - DAG(s) dict_keys(['tutorial']) retrieved from /home/airflow/.local/lib/python3.8/site-packages/airflow/example_dags/tutorial.py
[2023-12-08T02:40:46.267+0000] {logging_mixin.py:154} INFO - [2023-12-08T02:40:46.265+0000] {dag.py:2941} INFO - Sync 1 DAGs
[2023-12-08T02:40:46.406+0000] {logging_mixin.py:154} INFO - [2023-12-08T02:40:46.405+0000] {dag.py:3722} INFO - Setting next_dagrun for tutorial to 2023-12-07T02:40:46.403547+00:00, run_after=2023-12-08T02:40:46.403547+00:00
[2023-12-08T02:40:46.463+0000] {processor.py:179} INFO - Processing /home/airflow/.local/lib/python3.8/site-packages/airflow/example_dags/tutorial.py took 0.327 seconds
[2023-12-08T02:41:17.891+0000] {processor.py:157} INFO - Started process (PID=270) to work on /home/airflow/.local/lib/python3.8/site-packages/airflow/example_dags/tutorial.py
[2023-12-08T02:41:17.905+0000] {processor.py:829} INFO - Processing file /home/airflow/.local/lib/python3.8/site-packages/airflow/example_dags/tutorial.py for tasks to queue
[2023-12-08T02:41:17.923+0000] {logging_mixin.py:154} INFO - [2023-12-08T02:41:17.923+0000] {dagbag.py:536} INFO - Filling up the DagBag from /home/airflow/.local/lib/python3.8/site-packages/airflow/example_dags/tutorial.py
[2023-12-08T02:41:17.963+0000] {processor.py:839} INFO - DAG(s) dict_keys(['tutorial']) retrieved from /home/airflow/.local/lib/python3.8/site-packages/airflow/example_dags/tutorial.py
[2023-12-08T02:41:18.089+0000] {logging_mixin.py:154} INFO - [2023-12-08T02:41:18.089+0000] {dag.py:2941} INFO - Sync 1 DAGs
[2023-12-08T02:41:18.264+0000] {logging_mixin.py:154} INFO - [2023-12-08T02:41:18.264+0000] {dag.py:3722} INFO - Setting next_dagrun for tutorial to 2023-12-07T02:41:18.263822+00:00, run_after=2023-12-08T02:41:18.263822+00:00
[2023-12-08T02:41:18.466+0000] {processor.py:179} INFO - Processing /home/airflow/.local/lib/python3.8/site-packages/airflow/example_dags/tutorial.py took 0.597 seconds
[2023-12-08T02:41:48.900+0000] {processor.py:157} INFO - Started process (PID=323) to work on /home/airflow/.local/lib/python3.8/site-packages/airflow/example_dags/tutorial.py
[2023-12-08T02:41:48.905+0000] {processor.py:829} INFO - Processing file /home/airflow/.local/lib/python3.8/site-packages/airflow/example_dags/tutorial.py for tasks to queue
[2023-12-08T02:41:48.933+0000] {logging_mixin.py:154} INFO - [2023-12-08T02:41:48.932+0000] {dagbag.py:536} INFO - Filling up the DagBag from /home/airflow/.local/lib/python3.8/site-packages/airflow/example_dags/tutorial.py
[2023-12-08T02:41:49.013+0000] {processor.py:839} INFO - DAG(s) dict_keys(['tutorial']) retrieved from /home/airflow/.local/lib/python3.8/site-packages/airflow/example_dags/tutorial.py
[2023-12-08T02:41:49.186+0000] {logging_mixin.py:154} INFO - [2023-12-08T02:41:49.185+0000] {dag.py:2941} INFO - Sync 1 DAGs
[2023-12-08T02:41:49.398+0000] {logging_mixin.py:154} INFO - [2023-12-08T02:41:49.398+0000] {dag.py:3722} INFO - Setting next_dagrun for tutorial to 2023-12-07T02:41:49.397265+00:00, run_after=2023-12-08T02:41:49.397265+00:00
[2023-12-08T02:41:49.532+0000] {processor.py:179} INFO - Processing /home/airflow/.local/lib/python3.8/site-packages/airflow/example_dags/tutorial.py took 0.664 seconds
[2023-12-08T02:42:19.940+0000] {processor.py:157} INFO - Started process (PID=377) to work on /home/airflow/.local/lib/python3.8/site-packages/airflow/example_dags/tutorial.py
[2023-12-08T02:42:19.955+0000] {processor.py:829} INFO - Processing file /home/airflow/.local/lib/python3.8/site-packages/airflow/example_dags/tutorial.py for tasks to queue
[2023-12-08T02:42:19.973+0000] {logging_mixin.py:154} INFO - [2023-12-08T02:42:19.972+0000] {dagbag.py:536} INFO - Filling up the DagBag from /home/airflow/.local/lib/python3.8/site-packages/airflow/example_dags/tutorial.py
[2023-12-08T02:42:20.037+0000] {processor.py:839} INFO - DAG(s) dict_keys(['tutorial']) retrieved from /home/airflow/.local/lib/python3.8/site-packages/airflow/example_dags/tutorial.py
[2023-12-08T02:42:20.297+0000] {logging_mixin.py:154} INFO - [2023-12-08T02:42:20.297+0000] {dag.py:2941} INFO - Sync 1 DAGs
[2023-12-08T02:42:20.570+0000] {logging_mixin.py:154} INFO - [2023-12-08T02:42:20.570+0000] {dag.py:3722} INFO - Setting next_dagrun for tutorial to 2023-12-07T02:42:20.568393+00:00, run_after=2023-12-08T02:42:20.568393+00:00
[2023-12-08T02:42:20.852+0000] {processor.py:179} INFO - Processing /home/airflow/.local/lib/python3.8/site-packages/airflow/example_dags/tutorial.py took 0.951 seconds
[2023-12-08T02:42:51.330+0000] {processor.py:157} INFO - Started process (PID=431) to work on /home/airflow/.local/lib/python3.8/site-packages/airflow/example_dags/tutorial.py
[2023-12-08T02:42:51.344+0000] {processor.py:829} INFO - Processing file /home/airflow/.local/lib/python3.8/site-packages/airflow/example_dags/tutorial.py for tasks to queue
[2023-12-08T02:42:51.349+0000] {logging_mixin.py:154} INFO - [2023-12-08T02:42:51.348+0000] {dagbag.py:536} INFO - Filling up the DagBag from /home/airflow/.local/lib/python3.8/site-packages/airflow/example_dags/tutorial.py
[2023-12-08T02:42:51.371+0000] {processor.py:839} INFO - DAG(s) dict_keys(['tutorial']) retrieved from /home/airflow/.local/lib/python3.8/site-packages/airflow/example_dags/tutorial.py
[2023-12-08T02:42:51.424+0000] {logging_mixin.py:154} INFO - [2023-12-08T02:42:51.424+0000] {dag.py:2941} INFO - Sync 1 DAGs
[2023-12-08T02:42:51.485+0000] {logging_mixin.py:154} INFO - [2023-12-08T02:42:51.484+0000] {dag.py:3722} INFO - Setting next_dagrun for tutorial to 2023-12-07T02:42:51.483760+00:00, run_after=2023-12-08T02:42:51.483760+00:00
[2023-12-08T02:42:51.602+0000] {processor.py:179} INFO - Processing /home/airflow/.local/lib/python3.8/site-packages/airflow/example_dags/tutorial.py took 0.286 seconds
[2023-12-08T02:43:22.341+0000] {processor.py:157} INFO - Started process (PID=486) to work on /home/airflow/.local/lib/python3.8/site-packages/airflow/example_dags/tutorial.py
[2023-12-08T02:43:22.344+0000] {processor.py:829} INFO - Processing file /home/airflow/.local/lib/python3.8/site-packages/airflow/example_dags/tutorial.py for tasks to queue
[2023-12-08T02:43:22.363+0000] {logging_mixin.py:154} INFO - [2023-12-08T02:43:22.362+0000] {dagbag.py:536} INFO - Filling up the DagBag from /home/airflow/.local/lib/python3.8/site-packages/airflow/example_dags/tutorial.py
[2023-12-08T02:43:22.417+0000] {processor.py:839} INFO - DAG(s) dict_keys(['tutorial']) retrieved from /home/airflow/.local/lib/python3.8/site-packages/airflow/example_dags/tutorial.py
[2023-12-08T02:43:22.564+0000] {logging_mixin.py:154} INFO - [2023-12-08T02:43:22.564+0000] {dag.py:2941} INFO - Sync 1 DAGs
[2023-12-08T02:43:22.665+0000] {logging_mixin.py:154} INFO - [2023-12-08T02:43:22.665+0000] {dag.py:3722} INFO - Setting next_dagrun for tutorial to 2023-12-07T02:43:22.664211+00:00, run_after=2023-12-08T02:43:22.664211+00:00
[2023-12-08T02:43:22.797+0000] {processor.py:179} INFO - Processing /home/airflow/.local/lib/python3.8/site-packages/airflow/example_dags/tutorial.py took 0.478 seconds
[2023-12-08T02:43:53.559+0000] {processor.py:157} INFO - Started process (PID=540) to work on /home/airflow/.local/lib/python3.8/site-packages/airflow/example_dags/tutorial.py
[2023-12-08T02:43:53.569+0000] {processor.py:829} INFO - Processing file /home/airflow/.local/lib/python3.8/site-packages/airflow/example_dags/tutorial.py for tasks to queue
[2023-12-08T02:43:53.577+0000] {logging_mixin.py:154} INFO - [2023-12-08T02:43:53.576+0000] {dagbag.py:536} INFO - Filling up the DagBag from /home/airflow/.local/lib/python3.8/site-packages/airflow/example_dags/tutorial.py
[2023-12-08T02:43:53.624+0000] {processor.py:839} INFO - DAG(s) dict_keys(['tutorial']) retrieved from /home/airflow/.local/lib/python3.8/site-packages/airflow/example_dags/tutorial.py
[2023-12-08T02:43:53.753+0000] {logging_mixin.py:154} INFO - [2023-12-08T02:43:53.752+0000] {dag.py:2941} INFO - Sync 1 DAGs
[2023-12-08T02:43:53.913+0000] {logging_mixin.py:154} INFO - [2023-12-08T02:43:53.912+0000] {dag.py:3722} INFO - Setting next_dagrun for tutorial to 2023-12-07T02:43:53.912107+00:00, run_after=2023-12-08T02:43:53.912107+00:00
[2023-12-08T02:43:54.055+0000] {processor.py:179} INFO - Processing /home/airflow/.local/lib/python3.8/site-packages/airflow/example_dags/tutorial.py took 0.511 seconds
[2023-12-08T02:44:24.796+0000] {processor.py:157} INFO - Started process (PID=595) to work on /home/airflow/.local/lib/python3.8/site-packages/airflow/example_dags/tutorial.py
[2023-12-08T02:44:24.799+0000] {processor.py:829} INFO - Processing file /home/airflow/.local/lib/python3.8/site-packages/airflow/example_dags/tutorial.py for tasks to queue
[2023-12-08T02:44:24.802+0000] {logging_mixin.py:154} INFO - [2023-12-08T02:44:24.802+0000] {dagbag.py:536} INFO - Filling up the DagBag from /home/airflow/.local/lib/python3.8/site-packages/airflow/example_dags/tutorial.py
[2023-12-08T02:44:24.812+0000] {processor.py:839} INFO - DAG(s) dict_keys(['tutorial']) retrieved from /home/airflow/.local/lib/python3.8/site-packages/airflow/example_dags/tutorial.py
[2023-12-08T02:44:24.846+0000] {logging_mixin.py:154} INFO - [2023-12-08T02:44:24.845+0000] {dag.py:2941} INFO - Sync 1 DAGs
[2023-12-08T02:44:24.882+0000] {logging_mixin.py:154} INFO - [2023-12-08T02:44:24.882+0000] {dag.py:3722} INFO - Setting next_dagrun for tutorial to 2023-12-07T02:44:24.881682+00:00, run_after=2023-12-08T02:44:24.881682+00:00
[2023-12-08T02:44:24.916+0000] {processor.py:179} INFO - Processing /home/airflow/.local/lib/python3.8/site-packages/airflow/example_dags/tutorial.py took 0.126 seconds
[2023-12-08T02:44:55.514+0000] {processor.py:157} INFO - Started process (PID=649) to work on /home/airflow/.local/lib/python3.8/site-packages/airflow/example_dags/tutorial.py
[2023-12-08T02:44:55.520+0000] {processor.py:829} INFO - Processing file /home/airflow/.local/lib/python3.8/site-packages/airflow/example_dags/tutorial.py for tasks to queue
[2023-12-08T02:44:55.532+0000] {logging_mixin.py:154} INFO - [2023-12-08T02:44:55.530+0000] {dagbag.py:536} INFO - Filling up the DagBag from /home/airflow/.local/lib/python3.8/site-packages/airflow/example_dags/tutorial.py
[2023-12-08T02:44:55.578+0000] {processor.py:839} INFO - DAG(s) dict_keys(['tutorial']) retrieved from /home/airflow/.local/lib/python3.8/site-packages/airflow/example_dags/tutorial.py
[2023-12-08T02:44:55.737+0000] {logging_mixin.py:154} INFO - [2023-12-08T02:44:55.737+0000] {dag.py:2941} INFO - Sync 1 DAGs
[2023-12-08T02:44:55.996+0000] {logging_mixin.py:154} INFO - [2023-12-08T02:44:55.996+0000] {dag.py:3722} INFO - Setting next_dagrun for tutorial to 2023-12-07T02:44:55.995457+00:00, run_after=2023-12-08T02:44:55.995457+00:00
[2023-12-08T02:44:56.210+0000] {processor.py:179} INFO - Processing /home/airflow/.local/lib/python3.8/site-packages/airflow/example_dags/tutorial.py took 0.711 seconds
[2023-12-08T02:45:26.507+0000] {processor.py:157} INFO - Started process (PID=702) to work on /home/airflow/.local/lib/python3.8/site-packages/airflow/example_dags/tutorial.py
[2023-12-08T02:45:26.510+0000] {processor.py:829} INFO - Processing file /home/airflow/.local/lib/python3.8/site-packages/airflow/example_dags/tutorial.py for tasks to queue
[2023-12-08T02:45:26.517+0000] {logging_mixin.py:154} INFO - [2023-12-08T02:45:26.516+0000] {dagbag.py:536} INFO - Filling up the DagBag from /home/airflow/.local/lib/python3.8/site-packages/airflow/example_dags/tutorial.py
[2023-12-08T02:45:26.535+0000] {processor.py:839} INFO - DAG(s) dict_keys(['tutorial']) retrieved from /home/airflow/.local/lib/python3.8/site-packages/airflow/example_dags/tutorial.py
[2023-12-08T02:45:26.642+0000] {logging_mixin.py:154} INFO - [2023-12-08T02:45:26.641+0000] {dag.py:2941} INFO - Sync 1 DAGs
[2023-12-08T02:45:26.722+0000] {logging_mixin.py:154} INFO - [2023-12-08T02:45:26.722+0000] {dag.py:3722} INFO - Setting next_dagrun for tutorial to 2023-12-07T02:45:26.721838+00:00, run_after=2023-12-08T02:45:26.721838+00:00
[2023-12-08T02:45:26.762+0000] {processor.py:179} INFO - Processing /home/airflow/.local/lib/python3.8/site-packages/airflow/example_dags/tutorial.py took 0.265 seconds
[2023-12-08T02:46:03.356+0000] {processor.py:157} INFO - Started process (PID=755) to work on /home/airflow/.local/lib/python3.8/site-packages/airflow/example_dags/tutorial.py
[2023-12-08T02:46:03.370+0000] {processor.py:829} INFO - Processing file /home/airflow/.local/lib/python3.8/site-packages/airflow/example_dags/tutorial.py for tasks to queue
[2023-12-08T02:46:03.386+0000] {logging_mixin.py:154} INFO - [2023-12-08T02:46:03.386+0000] {dagbag.py:536} INFO - Filling up the DagBag from /home/airflow/.local/lib/python3.8/site-packages/airflow/example_dags/tutorial.py
[2023-12-08T02:46:03.427+0000] {processor.py:839} INFO - DAG(s) dict_keys(['tutorial']) retrieved from /home/airflow/.local/lib/python3.8/site-packages/airflow/example_dags/tutorial.py
[2023-12-08T02:46:03.648+0000] {logging_mixin.py:154} INFO - [2023-12-08T02:46:03.648+0000] {dag.py:2941} INFO - Sync 1 DAGs
[2023-12-08T02:46:03.959+0000] {logging_mixin.py:154} INFO - [2023-12-08T02:46:03.948+0000] {dag.py:3722} INFO - Setting next_dagrun for tutorial to 2023-12-07T02:46:03.947753+00:00, run_after=2023-12-08T02:46:03.947753+00:00
[2023-12-08T02:46:04.111+0000] {processor.py:179} INFO - Processing /home/airflow/.local/lib/python3.8/site-packages/airflow/example_dags/tutorial.py took 0.801 seconds
[2023-12-08T02:46:40.483+0000] {processor.py:157} INFO - Started process (PID=793) to work on /home/airflow/.local/lib/python3.8/site-packages/airflow/example_dags/tutorial.py
[2023-12-08T02:46:40.549+0000] {processor.py:829} INFO - Processing file /home/airflow/.local/lib/python3.8/site-packages/airflow/example_dags/tutorial.py for tasks to queue
[2023-12-08T02:46:40.557+0000] {logging_mixin.py:154} INFO - [2023-12-08T02:46:40.556+0000] {dagbag.py:536} INFO - Filling up the DagBag from /home/airflow/.local/lib/python3.8/site-packages/airflow/example_dags/tutorial.py
[2023-12-08T02:46:40.665+0000] {processor.py:839} INFO - DAG(s) dict_keys(['tutorial']) retrieved from /home/airflow/.local/lib/python3.8/site-packages/airflow/example_dags/tutorial.py
[2023-12-08T02:46:40.871+0000] {logging_mixin.py:154} INFO - [2023-12-08T02:46:40.871+0000] {dag.py:2941} INFO - Sync 1 DAGs
[2023-12-08T02:46:41.110+0000] {logging_mixin.py:154} INFO - [2023-12-08T02:46:41.109+0000] {dag.py:3722} INFO - Setting next_dagrun for tutorial to 2023-12-07T02:46:41.109092+00:00, run_after=2023-12-08T02:46:41.109092+00:00
[2023-12-08T02:46:41.294+0000] {processor.py:179} INFO - Processing /home/airflow/.local/lib/python3.8/site-packages/airflow/example_dags/tutorial.py took 0.844 seconds
[2023-12-08T02:47:11.552+0000] {processor.py:157} INFO - Started process (PID=847) to work on /home/airflow/.local/lib/python3.8/site-packages/airflow/example_dags/tutorial.py
[2023-12-08T02:47:11.555+0000] {processor.py:829} INFO - Processing file /home/airflow/.local/lib/python3.8/site-packages/airflow/example_dags/tutorial.py for tasks to queue
[2023-12-08T02:47:11.560+0000] {logging_mixin.py:154} INFO - [2023-12-08T02:47:11.559+0000] {dagbag.py:536} INFO - Filling up the DagBag from /home/airflow/.local/lib/python3.8/site-packages/airflow/example_dags/tutorial.py
[2023-12-08T02:47:11.574+0000] {processor.py:839} INFO - DAG(s) dict_keys(['tutorial']) retrieved from /home/airflow/.local/lib/python3.8/site-packages/airflow/example_dags/tutorial.py
[2023-12-08T02:47:11.622+0000] {logging_mixin.py:154} INFO - [2023-12-08T02:47:11.621+0000] {dag.py:2941} INFO - Sync 1 DAGs
[2023-12-08T02:47:11.674+0000] {logging_mixin.py:154} INFO - [2023-12-08T02:47:11.673+0000] {dag.py:3722} INFO - Setting next_dagrun for tutorial to 2023-12-07T02:47:11.673577+00:00, run_after=2023-12-08T02:47:11.673577+00:00
[2023-12-08T02:47:11.728+0000] {processor.py:179} INFO - Processing /home/airflow/.local/lib/python3.8/site-packages/airflow/example_dags/tutorial.py took 0.185 seconds
[2023-12-08T02:47:41.954+0000] {processor.py:157} INFO - Started process (PID=901) to work on /home/airflow/.local/lib/python3.8/site-packages/airflow/example_dags/tutorial.py
[2023-12-08T02:47:41.962+0000] {processor.py:829} INFO - Processing file /home/airflow/.local/lib/python3.8/site-packages/airflow/example_dags/tutorial.py for tasks to queue
[2023-12-08T02:47:41.969+0000] {logging_mixin.py:154} INFO - [2023-12-08T02:47:41.968+0000] {dagbag.py:536} INFO - Filling up the DagBag from /home/airflow/.local/lib/python3.8/site-packages/airflow/example_dags/tutorial.py
[2023-12-08T02:47:41.990+0000] {processor.py:839} INFO - DAG(s) dict_keys(['tutorial']) retrieved from /home/airflow/.local/lib/python3.8/site-packages/airflow/example_dags/tutorial.py
[2023-12-08T02:47:42.061+0000] {logging_mixin.py:154} INFO - [2023-12-08T02:47:42.061+0000] {dag.py:2941} INFO - Sync 1 DAGs
[2023-12-08T02:47:42.102+0000] {logging_mixin.py:154} INFO - [2023-12-08T02:47:42.102+0000] {dag.py:3722} INFO - Setting next_dagrun for tutorial to 2023-12-07T02:47:42.101732+00:00, run_after=2023-12-08T02:47:42.101732+00:00
[2023-12-08T02:47:42.132+0000] {processor.py:179} INFO - Processing /home/airflow/.local/lib/python3.8/site-packages/airflow/example_dags/tutorial.py took 0.188 seconds
[2023-12-08T02:48:14.539+0000] {processor.py:157} INFO - Started process (PID=955) to work on /home/airflow/.local/lib/python3.8/site-packages/airflow/example_dags/tutorial.py
[2023-12-08T02:48:14.548+0000] {processor.py:829} INFO - Processing file /home/airflow/.local/lib/python3.8/site-packages/airflow/example_dags/tutorial.py for tasks to queue
[2023-12-08T02:48:14.567+0000] {logging_mixin.py:154} INFO - [2023-12-08T02:48:14.565+0000] {dagbag.py:536} INFO - Filling up the DagBag from /home/airflow/.local/lib/python3.8/site-packages/airflow/example_dags/tutorial.py
[2023-12-08T02:48:14.610+0000] {processor.py:839} INFO - DAG(s) dict_keys(['tutorial']) retrieved from /home/airflow/.local/lib/python3.8/site-packages/airflow/example_dags/tutorial.py
[2023-12-08T02:48:14.743+0000] {logging_mixin.py:154} INFO - [2023-12-08T02:48:14.743+0000] {dag.py:2941} INFO - Sync 1 DAGs
[2023-12-08T02:48:14.821+0000] {logging_mixin.py:154} INFO - [2023-12-08T02:48:14.820+0000] {dag.py:3722} INFO - Setting next_dagrun for tutorial to 2023-12-07T02:48:14.819979+00:00, run_after=2023-12-08T02:48:14.819979+00:00
[2023-12-08T02:48:14.874+0000] {processor.py:179} INFO - Processing /home/airflow/.local/lib/python3.8/site-packages/airflow/example_dags/tutorial.py took 0.356 seconds
[2023-12-08T02:48:45.736+0000] {processor.py:157} INFO - Started process (PID=1009) to work on /home/airflow/.local/lib/python3.8/site-packages/airflow/example_dags/tutorial.py
[2023-12-08T02:48:45.737+0000] {processor.py:829} INFO - Processing file /home/airflow/.local/lib/python3.8/site-packages/airflow/example_dags/tutorial.py for tasks to queue
[2023-12-08T02:48:45.741+0000] {logging_mixin.py:154} INFO - [2023-12-08T02:48:45.741+0000] {dagbag.py:536} INFO - Filling up the DagBag from /home/airflow/.local/lib/python3.8/site-packages/airflow/example_dags/tutorial.py
[2023-12-08T02:48:45.758+0000] {processor.py:839} INFO - DAG(s) dict_keys(['tutorial']) retrieved from /home/airflow/.local/lib/python3.8/site-packages/airflow/example_dags/tutorial.py
[2023-12-08T02:48:45.812+0000] {logging_mixin.py:154} INFO - [2023-12-08T02:48:45.812+0000] {dag.py:2941} INFO - Sync 1 DAGs
[2023-12-08T02:48:45.874+0000] {logging_mixin.py:154} INFO - [2023-12-08T02:48:45.874+0000] {dag.py:3722} INFO - Setting next_dagrun for tutorial to 2023-12-07T02:48:45.873697+00:00, run_after=2023-12-08T02:48:45.873697+00:00
[2023-12-08T02:48:45.917+0000] {processor.py:179} INFO - Processing /home/airflow/.local/lib/python3.8/site-packages/airflow/example_dags/tutorial.py took 0.191 seconds
[2023-12-08T02:49:16.130+0000] {processor.py:157} INFO - Started process (PID=1062) to work on /home/airflow/.local/lib/python3.8/site-packages/airflow/example_dags/tutorial.py
[2023-12-08T02:49:16.134+0000] {processor.py:829} INFO - Processing file /home/airflow/.local/lib/python3.8/site-packages/airflow/example_dags/tutorial.py for tasks to queue
[2023-12-08T02:49:16.139+0000] {logging_mixin.py:154} INFO - [2023-12-08T02:49:16.138+0000] {dagbag.py:536} INFO - Filling up the DagBag from /home/airflow/.local/lib/python3.8/site-packages/airflow/example_dags/tutorial.py
[2023-12-08T02:49:16.155+0000] {processor.py:839} INFO - DAG(s) dict_keys(['tutorial']) retrieved from /home/airflow/.local/lib/python3.8/site-packages/airflow/example_dags/tutorial.py
[2023-12-08T02:49:16.206+0000] {logging_mixin.py:154} INFO - [2023-12-08T02:49:16.205+0000] {dag.py:2941} INFO - Sync 1 DAGs
[2023-12-08T02:49:16.522+0000] {logging_mixin.py:154} INFO - [2023-12-08T02:49:16.521+0000] {dag.py:3722} INFO - Setting next_dagrun for tutorial to 2023-12-07T02:49:16.521308+00:00, run_after=2023-12-08T02:49:16.521308+00:00
[2023-12-08T02:49:16.562+0000] {processor.py:179} INFO - Processing /home/airflow/.local/lib/python3.8/site-packages/airflow/example_dags/tutorial.py took 0.440 seconds
[2023-12-08T02:49:46.980+0000] {processor.py:157} INFO - Started process (PID=1115) to work on /home/airflow/.local/lib/python3.8/site-packages/airflow/example_dags/tutorial.py
[2023-12-08T02:49:46.985+0000] {processor.py:829} INFO - Processing file /home/airflow/.local/lib/python3.8/site-packages/airflow/example_dags/tutorial.py for tasks to queue
[2023-12-08T02:49:46.991+0000] {logging_mixin.py:154} INFO - [2023-12-08T02:49:46.991+0000] {dagbag.py:536} INFO - Filling up the DagBag from /home/airflow/.local/lib/python3.8/site-packages/airflow/example_dags/tutorial.py
[2023-12-08T02:49:47.006+0000] {processor.py:839} INFO - DAG(s) dict_keys(['tutorial']) retrieved from /home/airflow/.local/lib/python3.8/site-packages/airflow/example_dags/tutorial.py
[2023-12-08T02:49:47.061+0000] {logging_mixin.py:154} INFO - [2023-12-08T02:49:47.060+0000] {dag.py:2941} INFO - Sync 1 DAGs
[2023-12-08T02:49:47.129+0000] {logging_mixin.py:154} INFO - [2023-12-08T02:49:47.129+0000] {dag.py:3722} INFO - Setting next_dagrun for tutorial to 2023-12-07T02:49:47.128608+00:00, run_after=2023-12-08T02:49:47.128608+00:00
[2023-12-08T02:49:47.187+0000] {processor.py:179} INFO - Processing /home/airflow/.local/lib/python3.8/site-packages/airflow/example_dags/tutorial.py took 0.215 seconds
[2023-12-08T02:50:17.696+0000] {processor.py:157} INFO - Started process (PID=1170) to work on /home/airflow/.local/lib/python3.8/site-packages/airflow/example_dags/tutorial.py
[2023-12-08T02:50:17.708+0000] {processor.py:829} INFO - Processing file /home/airflow/.local/lib/python3.8/site-packages/airflow/example_dags/tutorial.py for tasks to queue
[2023-12-08T02:50:17.726+0000] {logging_mixin.py:154} INFO - [2023-12-08T02:50:17.725+0000] {dagbag.py:536} INFO - Filling up the DagBag from /home/airflow/.local/lib/python3.8/site-packages/airflow/example_dags/tutorial.py
[2023-12-08T02:50:17.748+0000] {processor.py:839} INFO - DAG(s) dict_keys(['tutorial']) retrieved from /home/airflow/.local/lib/python3.8/site-packages/airflow/example_dags/tutorial.py
[2023-12-08T02:50:17.835+0000] {logging_mixin.py:154} INFO - [2023-12-08T02:50:17.835+0000] {dag.py:2941} INFO - Sync 1 DAGs
[2023-12-08T02:50:17.960+0000] {logging_mixin.py:154} INFO - [2023-12-08T02:50:17.960+0000] {dag.py:3722} INFO - Setting next_dagrun for tutorial to 2023-12-07T02:50:17.959789+00:00, run_after=2023-12-08T02:50:17.959789+00:00
[2023-12-08T02:50:18.044+0000] {processor.py:179} INFO - Processing /home/airflow/.local/lib/python3.8/site-packages/airflow/example_dags/tutorial.py took 0.361 seconds
[2023-12-08T02:50:48.469+0000] {processor.py:157} INFO - Started process (PID=1221) to work on /home/airflow/.local/lib/python3.8/site-packages/airflow/example_dags/tutorial.py
[2023-12-08T02:50:48.473+0000] {processor.py:829} INFO - Processing file /home/airflow/.local/lib/python3.8/site-packages/airflow/example_dags/tutorial.py for tasks to queue
[2023-12-08T02:50:48.477+0000] {logging_mixin.py:154} INFO - [2023-12-08T02:50:48.477+0000] {dagbag.py:536} INFO - Filling up the DagBag from /home/airflow/.local/lib/python3.8/site-packages/airflow/example_dags/tutorial.py
[2023-12-08T02:50:48.496+0000] {processor.py:839} INFO - DAG(s) dict_keys(['tutorial']) retrieved from /home/airflow/.local/lib/python3.8/site-packages/airflow/example_dags/tutorial.py
[2023-12-08T02:50:48.559+0000] {logging_mixin.py:154} INFO - [2023-12-08T02:50:48.558+0000] {dag.py:2941} INFO - Sync 1 DAGs
[2023-12-08T02:50:48.927+0000] {logging_mixin.py:154} INFO - [2023-12-08T02:50:48.926+0000] {dag.py:3722} INFO - Setting next_dagrun for tutorial to 2023-12-07T02:50:48.926399+00:00, run_after=2023-12-08T02:50:48.926399+00:00
[2023-12-08T02:50:49.004+0000] {processor.py:179} INFO - Processing /home/airflow/.local/lib/python3.8/site-packages/airflow/example_dags/tutorial.py took 0.544 seconds
[2023-12-08T02:51:20.021+0000] {processor.py:157} INFO - Started process (PID=1275) to work on /home/airflow/.local/lib/python3.8/site-packages/airflow/example_dags/tutorial.py
[2023-12-08T02:51:20.036+0000] {processor.py:829} INFO - Processing file /home/airflow/.local/lib/python3.8/site-packages/airflow/example_dags/tutorial.py for tasks to queue
[2023-12-08T02:51:20.042+0000] {logging_mixin.py:154} INFO - [2023-12-08T02:51:20.042+0000] {dagbag.py:536} INFO - Filling up the DagBag from /home/airflow/.local/lib/python3.8/site-packages/airflow/example_dags/tutorial.py
[2023-12-08T02:51:20.054+0000] {processor.py:839} INFO - DAG(s) dict_keys(['tutorial']) retrieved from /home/airflow/.local/lib/python3.8/site-packages/airflow/example_dags/tutorial.py
[2023-12-08T02:51:20.121+0000] {logging_mixin.py:154} INFO - [2023-12-08T02:51:20.120+0000] {dag.py:2941} INFO - Sync 1 DAGs
[2023-12-08T02:51:20.199+0000] {logging_mixin.py:154} INFO - [2023-12-08T02:51:20.199+0000] {dag.py:3722} INFO - Setting next_dagrun for tutorial to 2023-12-07T02:51:20.199109+00:00, run_after=2023-12-08T02:51:20.199109+00:00
[2023-12-08T02:51:20.533+0000] {processor.py:179} INFO - Processing /home/airflow/.local/lib/python3.8/site-packages/airflow/example_dags/tutorial.py took 0.520 seconds
[2023-12-08T02:51:50.885+0000] {processor.py:157} INFO - Started process (PID=1329) to work on /home/airflow/.local/lib/python3.8/site-packages/airflow/example_dags/tutorial.py
[2023-12-08T02:51:50.888+0000] {processor.py:829} INFO - Processing file /home/airflow/.local/lib/python3.8/site-packages/airflow/example_dags/tutorial.py for tasks to queue
[2023-12-08T02:51:50.917+0000] {logging_mixin.py:154} INFO - [2023-12-08T02:51:50.916+0000] {dagbag.py:536} INFO - Filling up the DagBag from /home/airflow/.local/lib/python3.8/site-packages/airflow/example_dags/tutorial.py
[2023-12-08T02:51:50.956+0000] {processor.py:839} INFO - DAG(s) dict_keys(['tutorial']) retrieved from /home/airflow/.local/lib/python3.8/site-packages/airflow/example_dags/tutorial.py
[2023-12-08T02:51:51.123+0000] {logging_mixin.py:154} INFO - [2023-12-08T02:51:51.110+0000] {dag.py:2941} INFO - Sync 1 DAGs
[2023-12-08T02:51:51.312+0000] {logging_mixin.py:154} INFO - [2023-12-08T02:51:51.312+0000] {dag.py:3722} INFO - Setting next_dagrun for tutorial to 2023-12-07T02:51:51.311310+00:00, run_after=2023-12-08T02:51:51.311310+00:00
[2023-12-08T02:51:51.449+0000] {processor.py:179} INFO - Processing /home/airflow/.local/lib/python3.8/site-packages/airflow/example_dags/tutorial.py took 0.595 seconds
[2023-12-08T02:52:21.876+0000] {processor.py:157} INFO - Started process (PID=1382) to work on /home/airflow/.local/lib/python3.8/site-packages/airflow/example_dags/tutorial.py
[2023-12-08T02:52:21.899+0000] {processor.py:829} INFO - Processing file /home/airflow/.local/lib/python3.8/site-packages/airflow/example_dags/tutorial.py for tasks to queue
[2023-12-08T02:52:21.907+0000] {logging_mixin.py:154} INFO - [2023-12-08T02:52:21.907+0000] {dagbag.py:536} INFO - Filling up the DagBag from /home/airflow/.local/lib/python3.8/site-packages/airflow/example_dags/tutorial.py
[2023-12-08T02:52:21.921+0000] {processor.py:839} INFO - DAG(s) dict_keys(['tutorial']) retrieved from /home/airflow/.local/lib/python3.8/site-packages/airflow/example_dags/tutorial.py
[2023-12-08T02:52:22.000+0000] {logging_mixin.py:154} INFO - [2023-12-08T02:52:21.999+0000] {dag.py:2941} INFO - Sync 1 DAGs
[2023-12-08T02:52:22.104+0000] {logging_mixin.py:154} INFO - [2023-12-08T02:52:22.103+0000] {dag.py:3722} INFO - Setting next_dagrun for tutorial to 2023-12-07T02:52:22.102746+00:00, run_after=2023-12-08T02:52:22.102746+00:00
[2023-12-08T02:52:22.170+0000] {processor.py:179} INFO - Processing /home/airflow/.local/lib/python3.8/site-packages/airflow/example_dags/tutorial.py took 0.303 seconds
[2023-12-08T02:52:52.444+0000] {processor.py:157} INFO - Started process (PID=1436) to work on /home/airflow/.local/lib/python3.8/site-packages/airflow/example_dags/tutorial.py
[2023-12-08T02:52:52.445+0000] {processor.py:829} INFO - Processing file /home/airflow/.local/lib/python3.8/site-packages/airflow/example_dags/tutorial.py for tasks to queue
[2023-12-08T02:52:52.454+0000] {logging_mixin.py:154} INFO - [2023-12-08T02:52:52.453+0000] {dagbag.py:536} INFO - Filling up the DagBag from /home/airflow/.local/lib/python3.8/site-packages/airflow/example_dags/tutorial.py
[2023-12-08T02:52:52.466+0000] {processor.py:839} INFO - DAG(s) dict_keys(['tutorial']) retrieved from /home/airflow/.local/lib/python3.8/site-packages/airflow/example_dags/tutorial.py
[2023-12-08T02:52:52.524+0000] {logging_mixin.py:154} INFO - [2023-12-08T02:52:52.524+0000] {dag.py:2941} INFO - Sync 1 DAGs
[2023-12-08T02:52:52.585+0000] {logging_mixin.py:154} INFO - [2023-12-08T02:52:52.585+0000] {dag.py:3722} INFO - Setting next_dagrun for tutorial to 2023-12-07T02:52:52.584703+00:00, run_after=2023-12-08T02:52:52.584703+00:00
[2023-12-08T02:52:52.632+0000] {processor.py:179} INFO - Processing /home/airflow/.local/lib/python3.8/site-packages/airflow/example_dags/tutorial.py took 0.194 seconds
[2023-12-08T02:53:23.156+0000] {processor.py:157} INFO - Started process (PID=1491) to work on /home/airflow/.local/lib/python3.8/site-packages/airflow/example_dags/tutorial.py
[2023-12-08T02:53:23.171+0000] {processor.py:829} INFO - Processing file /home/airflow/.local/lib/python3.8/site-packages/airflow/example_dags/tutorial.py for tasks to queue
[2023-12-08T02:53:23.177+0000] {logging_mixin.py:154} INFO - [2023-12-08T02:53:23.176+0000] {dagbag.py:536} INFO - Filling up the DagBag from /home/airflow/.local/lib/python3.8/site-packages/airflow/example_dags/tutorial.py
[2023-12-08T02:53:23.189+0000] {processor.py:839} INFO - DAG(s) dict_keys(['tutorial']) retrieved from /home/airflow/.local/lib/python3.8/site-packages/airflow/example_dags/tutorial.py
[2023-12-08T02:53:23.236+0000] {logging_mixin.py:154} INFO - [2023-12-08T02:53:23.236+0000] {dag.py:2941} INFO - Sync 1 DAGs
[2023-12-08T02:53:23.300+0000] {logging_mixin.py:154} INFO - [2023-12-08T02:53:23.300+0000] {dag.py:3722} INFO - Setting next_dagrun for tutorial to 2023-12-07T02:53:23.299873+00:00, run_after=2023-12-08T02:53:23.299873+00:00
[2023-12-08T02:53:23.344+0000] {processor.py:179} INFO - Processing /home/airflow/.local/lib/python3.8/site-packages/airflow/example_dags/tutorial.py took 0.197 seconds
[2023-12-08T02:53:53.623+0000] {processor.py:157} INFO - Started process (PID=1544) to work on /home/airflow/.local/lib/python3.8/site-packages/airflow/example_dags/tutorial.py
[2023-12-08T02:53:53.634+0000] {processor.py:829} INFO - Processing file /home/airflow/.local/lib/python3.8/site-packages/airflow/example_dags/tutorial.py for tasks to queue
[2023-12-08T02:53:53.640+0000] {logging_mixin.py:154} INFO - [2023-12-08T02:53:53.639+0000] {dagbag.py:536} INFO - Filling up the DagBag from /home/airflow/.local/lib/python3.8/site-packages/airflow/example_dags/tutorial.py
[2023-12-08T02:53:53.655+0000] {processor.py:839} INFO - DAG(s) dict_keys(['tutorial']) retrieved from /home/airflow/.local/lib/python3.8/site-packages/airflow/example_dags/tutorial.py
[2023-12-08T02:53:53.707+0000] {logging_mixin.py:154} INFO - [2023-12-08T02:53:53.707+0000] {dag.py:2941} INFO - Sync 1 DAGs
[2023-12-08T02:53:53.863+0000] {logging_mixin.py:154} INFO - [2023-12-08T02:53:53.862+0000] {dag.py:3722} INFO - Setting next_dagrun for tutorial to 2023-12-07T02:53:53.862310+00:00, run_after=2023-12-08T02:53:53.862310+00:00
[2023-12-08T02:53:53.925+0000] {processor.py:179} INFO - Processing /home/airflow/.local/lib/python3.8/site-packages/airflow/example_dags/tutorial.py took 0.311 seconds
[2023-12-08T02:54:24.207+0000] {processor.py:157} INFO - Started process (PID=1599) to work on /home/airflow/.local/lib/python3.8/site-packages/airflow/example_dags/tutorial.py
[2023-12-08T02:54:24.209+0000] {processor.py:829} INFO - Processing file /home/airflow/.local/lib/python3.8/site-packages/airflow/example_dags/tutorial.py for tasks to queue
[2023-12-08T02:54:24.217+0000] {logging_mixin.py:154} INFO - [2023-12-08T02:54:24.216+0000] {dagbag.py:536} INFO - Filling up the DagBag from /home/airflow/.local/lib/python3.8/site-packages/airflow/example_dags/tutorial.py
[2023-12-08T02:54:24.241+0000] {processor.py:839} INFO - DAG(s) dict_keys(['tutorial']) retrieved from /home/airflow/.local/lib/python3.8/site-packages/airflow/example_dags/tutorial.py
[2023-12-08T02:54:24.331+0000] {logging_mixin.py:154} INFO - [2023-12-08T02:54:24.330+0000] {dag.py:2941} INFO - Sync 1 DAGs
[2023-12-08T02:54:24.427+0000] {logging_mixin.py:154} INFO - [2023-12-08T02:54:24.426+0000] {dag.py:3722} INFO - Setting next_dagrun for tutorial to 2023-12-07T02:54:24.426193+00:00, run_after=2023-12-08T02:54:24.426193+00:00
[2023-12-08T02:54:24.481+0000] {processor.py:179} INFO - Processing /home/airflow/.local/lib/python3.8/site-packages/airflow/example_dags/tutorial.py took 0.289 seconds
[2023-12-08T02:54:54.652+0000] {processor.py:157} INFO - Started process (PID=1653) to work on /home/airflow/.local/lib/python3.8/site-packages/airflow/example_dags/tutorial.py
[2023-12-08T02:54:54.658+0000] {processor.py:829} INFO - Processing file /home/airflow/.local/lib/python3.8/site-packages/airflow/example_dags/tutorial.py for tasks to queue
[2023-12-08T02:54:54.664+0000] {logging_mixin.py:154} INFO - [2023-12-08T02:54:54.664+0000] {dagbag.py:536} INFO - Filling up the DagBag from /home/airflow/.local/lib/python3.8/site-packages/airflow/example_dags/tutorial.py
[2023-12-08T02:54:54.681+0000] {processor.py:839} INFO - DAG(s) dict_keys(['tutorial']) retrieved from /home/airflow/.local/lib/python3.8/site-packages/airflow/example_dags/tutorial.py
[2023-12-08T02:54:54.736+0000] {logging_mixin.py:154} INFO - [2023-12-08T02:54:54.735+0000] {dag.py:2941} INFO - Sync 1 DAGs
[2023-12-08T02:54:54.808+0000] {logging_mixin.py:154} INFO - [2023-12-08T02:54:54.807+0000] {dag.py:3722} INFO - Setting next_dagrun for tutorial to 2023-12-07T02:54:54.807062+00:00, run_after=2023-12-08T02:54:54.807062+00:00
[2023-12-08T02:54:54.858+0000] {processor.py:179} INFO - Processing /home/airflow/.local/lib/python3.8/site-packages/airflow/example_dags/tutorial.py took 0.215 seconds
[2023-12-08T02:55:24.919+0000] {processor.py:157} INFO - Started process (PID=1706) to work on /home/airflow/.local/lib/python3.8/site-packages/airflow/example_dags/tutorial.py
[2023-12-08T02:55:24.924+0000] {processor.py:829} INFO - Processing file /home/airflow/.local/lib/python3.8/site-packages/airflow/example_dags/tutorial.py for tasks to queue
[2023-12-08T02:55:24.930+0000] {logging_mixin.py:154} INFO - [2023-12-08T02:55:24.929+0000] {dagbag.py:536} INFO - Filling up the DagBag from /home/airflow/.local/lib/python3.8/site-packages/airflow/example_dags/tutorial.py
[2023-12-08T02:55:24.947+0000] {processor.py:839} INFO - DAG(s) dict_keys(['tutorial']) retrieved from /home/airflow/.local/lib/python3.8/site-packages/airflow/example_dags/tutorial.py
[2023-12-08T02:55:24.995+0000] {logging_mixin.py:154} INFO - [2023-12-08T02:55:24.995+0000] {dag.py:2941} INFO - Sync 1 DAGs
[2023-12-08T02:55:25.049+0000] {logging_mixin.py:154} INFO - [2023-12-08T02:55:25.048+0000] {dag.py:3722} INFO - Setting next_dagrun for tutorial to 2023-12-07T02:55:25.048395+00:00, run_after=2023-12-08T02:55:25.048395+00:00
[2023-12-08T02:55:25.092+0000] {processor.py:179} INFO - Processing /home/airflow/.local/lib/python3.8/site-packages/airflow/example_dags/tutorial.py took 0.179 seconds
[2023-12-08T02:55:56.085+0000] {processor.py:157} INFO - Started process (PID=1761) to work on /home/airflow/.local/lib/python3.8/site-packages/airflow/example_dags/tutorial.py
[2023-12-08T02:55:56.094+0000] {processor.py:829} INFO - Processing file /home/airflow/.local/lib/python3.8/site-packages/airflow/example_dags/tutorial.py for tasks to queue
[2023-12-08T02:55:56.101+0000] {logging_mixin.py:154} INFO - [2023-12-08T02:55:56.100+0000] {dagbag.py:536} INFO - Filling up the DagBag from /home/airflow/.local/lib/python3.8/site-packages/airflow/example_dags/tutorial.py
[2023-12-08T02:55:56.116+0000] {processor.py:839} INFO - DAG(s) dict_keys(['tutorial']) retrieved from /home/airflow/.local/lib/python3.8/site-packages/airflow/example_dags/tutorial.py
[2023-12-08T02:55:56.196+0000] {logging_mixin.py:154} INFO - [2023-12-08T02:55:56.195+0000] {dag.py:2941} INFO - Sync 1 DAGs
[2023-12-08T02:55:56.308+0000] {logging_mixin.py:154} INFO - [2023-12-08T02:55:56.308+0000] {dag.py:3722} INFO - Setting next_dagrun for tutorial to 2023-12-07T02:55:56.307307+00:00, run_after=2023-12-08T02:55:56.307307+00:00
[2023-12-08T02:55:56.396+0000] {processor.py:179} INFO - Processing /home/airflow/.local/lib/python3.8/site-packages/airflow/example_dags/tutorial.py took 0.320 seconds
[2023-12-08T02:56:26.671+0000] {processor.py:157} INFO - Started process (PID=1815) to work on /home/airflow/.local/lib/python3.8/site-packages/airflow/example_dags/tutorial.py
[2023-12-08T02:56:26.675+0000] {processor.py:829} INFO - Processing file /home/airflow/.local/lib/python3.8/site-packages/airflow/example_dags/tutorial.py for tasks to queue
[2023-12-08T02:56:26.683+0000] {logging_mixin.py:154} INFO - [2023-12-08T02:56:26.682+0000] {dagbag.py:536} INFO - Filling up the DagBag from /home/airflow/.local/lib/python3.8/site-packages/airflow/example_dags/tutorial.py
[2023-12-08T02:56:26.698+0000] {processor.py:839} INFO - DAG(s) dict_keys(['tutorial']) retrieved from /home/airflow/.local/lib/python3.8/site-packages/airflow/example_dags/tutorial.py
[2023-12-08T02:56:26.747+0000] {logging_mixin.py:154} INFO - [2023-12-08T02:56:26.746+0000] {dag.py:2941} INFO - Sync 1 DAGs
[2023-12-08T02:56:26.800+0000] {logging_mixin.py:154} INFO - [2023-12-08T02:56:26.800+0000] {dag.py:3722} INFO - Setting next_dagrun for tutorial to 2023-12-07T02:56:26.799518+00:00, run_after=2023-12-08T02:56:26.799518+00:00
[2023-12-08T02:56:26.853+0000] {processor.py:179} INFO - Processing /home/airflow/.local/lib/python3.8/site-packages/airflow/example_dags/tutorial.py took 0.188 seconds
[2023-12-08T02:56:57.671+0000] {processor.py:157} INFO - Started process (PID=1869) to work on /home/airflow/.local/lib/python3.8/site-packages/airflow/example_dags/tutorial.py
[2023-12-08T02:56:57.678+0000] {processor.py:829} INFO - Processing file /home/airflow/.local/lib/python3.8/site-packages/airflow/example_dags/tutorial.py for tasks to queue
[2023-12-08T02:56:57.688+0000] {logging_mixin.py:154} INFO - [2023-12-08T02:56:57.688+0000] {dagbag.py:536} INFO - Filling up the DagBag from /home/airflow/.local/lib/python3.8/site-packages/airflow/example_dags/tutorial.py
[2023-12-08T02:56:57.708+0000] {processor.py:839} INFO - DAG(s) dict_keys(['tutorial']) retrieved from /home/airflow/.local/lib/python3.8/site-packages/airflow/example_dags/tutorial.py
[2023-12-08T02:56:57.764+0000] {logging_mixin.py:154} INFO - [2023-12-08T02:56:57.762+0000] {dag.py:2941} INFO - Sync 1 DAGs
[2023-12-08T02:56:57.821+0000] {logging_mixin.py:154} INFO - [2023-12-08T02:56:57.821+0000] {dag.py:3722} INFO - Setting next_dagrun for tutorial to 2023-12-07T02:56:57.821185+00:00, run_after=2023-12-08T02:56:57.821185+00:00
[2023-12-08T02:56:57.861+0000] {processor.py:179} INFO - Processing /home/airflow/.local/lib/python3.8/site-packages/airflow/example_dags/tutorial.py took 0.203 seconds
