[2023-12-08T02:39:24.122+0000] {processor.py:157} INFO - Started process (PID=84) to work on /home/airflow/.local/lib/python3.8/site-packages/airflow/example_dags/tutorial_dag.py
[2023-12-08T02:39:24.124+0000] {processor.py:829} INFO - Processing file /home/airflow/.local/lib/python3.8/site-packages/airflow/example_dags/tutorial_dag.py for tasks to queue
[2023-12-08T02:39:24.143+0000] {logging_mixin.py:154} INFO - [2023-12-08T02:39:24.143+0000] {dagbag.py:536} INFO - Filling up the DagBag from /home/airflow/.local/lib/python3.8/site-packages/airflow/example_dags/tutorial_dag.py
[2023-12-08T02:39:24.198+0000] {processor.py:839} INFO - DAG(s) dict_keys(['tutorial_dag']) retrieved from /home/airflow/.local/lib/python3.8/site-packages/airflow/example_dags/tutorial_dag.py
[2023-12-08T02:39:24.321+0000] {logging_mixin.py:154} INFO - [2023-12-08T02:39:24.320+0000] {dag.py:2941} INFO - Sync 1 DAGs
[2023-12-08T02:39:24.364+0000] {logging_mixin.py:154} INFO - [2023-12-08T02:39:24.364+0000] {dag.py:3722} INFO - Setting next_dagrun for tutorial_dag to None, run_after=None
[2023-12-08T02:39:24.460+0000] {processor.py:179} INFO - Processing /home/airflow/.local/lib/python3.8/site-packages/airflow/example_dags/tutorial_dag.py took 0.367 seconds
[2023-12-08T02:39:55.592+0000] {processor.py:157} INFO - Started process (PID=138) to work on /home/airflow/.local/lib/python3.8/site-packages/airflow/example_dags/tutorial_dag.py
[2023-12-08T02:39:55.595+0000] {processor.py:829} INFO - Processing file /home/airflow/.local/lib/python3.8/site-packages/airflow/example_dags/tutorial_dag.py for tasks to queue
[2023-12-08T02:39:55.624+0000] {logging_mixin.py:154} INFO - [2023-12-08T02:39:55.612+0000] {dagbag.py:536} INFO - Filling up the DagBag from /home/airflow/.local/lib/python3.8/site-packages/airflow/example_dags/tutorial_dag.py
[2023-12-08T02:39:55.676+0000] {processor.py:839} INFO - DAG(s) dict_keys(['tutorial_dag']) retrieved from /home/airflow/.local/lib/python3.8/site-packages/airflow/example_dags/tutorial_dag.py
[2023-12-08T02:39:55.816+0000] {logging_mixin.py:154} INFO - [2023-12-08T02:39:55.815+0000] {dag.py:2941} INFO - Sync 1 DAGs
[2023-12-08T02:39:55.887+0000] {logging_mixin.py:154} INFO - [2023-12-08T02:39:55.883+0000] {dag.py:3722} INFO - Setting next_dagrun for tutorial_dag to None, run_after=None
[2023-12-08T02:39:56.027+0000] {processor.py:179} INFO - Processing /home/airflow/.local/lib/python3.8/site-packages/airflow/example_dags/tutorial_dag.py took 0.480 seconds
[2023-12-08T02:40:26.662+0000] {processor.py:157} INFO - Started process (PID=192) to work on /home/airflow/.local/lib/python3.8/site-packages/airflow/example_dags/tutorial_dag.py
[2023-12-08T02:40:26.665+0000] {processor.py:829} INFO - Processing file /home/airflow/.local/lib/python3.8/site-packages/airflow/example_dags/tutorial_dag.py for tasks to queue
[2023-12-08T02:40:26.670+0000] {logging_mixin.py:154} INFO - [2023-12-08T02:40:26.669+0000] {dagbag.py:536} INFO - Filling up the DagBag from /home/airflow/.local/lib/python3.8/site-packages/airflow/example_dags/tutorial_dag.py
[2023-12-08T02:40:26.685+0000] {processor.py:839} INFO - DAG(s) dict_keys(['tutorial_dag']) retrieved from /home/airflow/.local/lib/python3.8/site-packages/airflow/example_dags/tutorial_dag.py
[2023-12-08T02:40:26.739+0000] {logging_mixin.py:154} INFO - [2023-12-08T02:40:26.739+0000] {dag.py:2941} INFO - Sync 1 DAGs
[2023-12-08T02:40:26.777+0000] {logging_mixin.py:154} INFO - [2023-12-08T02:40:26.776+0000] {dag.py:3722} INFO - Setting next_dagrun for tutorial_dag to None, run_after=None
[2023-12-08T02:40:26.877+0000] {processor.py:179} INFO - Processing /home/airflow/.local/lib/python3.8/site-packages/airflow/example_dags/tutorial_dag.py took 0.226 seconds
[2023-12-08T02:40:59.663+0000] {processor.py:157} INFO - Started process (PID=246) to work on /home/airflow/.local/lib/python3.8/site-packages/airflow/example_dags/tutorial_dag.py
[2023-12-08T02:40:59.681+0000] {processor.py:829} INFO - Processing file /home/airflow/.local/lib/python3.8/site-packages/airflow/example_dags/tutorial_dag.py for tasks to queue
[2023-12-08T02:40:59.688+0000] {logging_mixin.py:154} INFO - [2023-12-08T02:40:59.687+0000] {dagbag.py:536} INFO - Filling up the DagBag from /home/airflow/.local/lib/python3.8/site-packages/airflow/example_dags/tutorial_dag.py
[2023-12-08T02:40:59.738+0000] {processor.py:839} INFO - DAG(s) dict_keys(['tutorial_dag']) retrieved from /home/airflow/.local/lib/python3.8/site-packages/airflow/example_dags/tutorial_dag.py
[2023-12-08T02:40:59.881+0000] {logging_mixin.py:154} INFO - [2023-12-08T02:40:59.881+0000] {dag.py:2941} INFO - Sync 1 DAGs
[2023-12-08T02:40:59.970+0000] {logging_mixin.py:154} INFO - [2023-12-08T02:40:59.967+0000] {dag.py:3722} INFO - Setting next_dagrun for tutorial_dag to None, run_after=None
[2023-12-08T02:41:00.207+0000] {processor.py:179} INFO - Processing /home/airflow/.local/lib/python3.8/site-packages/airflow/example_dags/tutorial_dag.py took 0.566 seconds
[2023-12-08T02:41:31.668+0000] {processor.py:157} INFO - Started process (PID=300) to work on /home/airflow/.local/lib/python3.8/site-packages/airflow/example_dags/tutorial_dag.py
[2023-12-08T02:41:31.682+0000] {processor.py:829} INFO - Processing file /home/airflow/.local/lib/python3.8/site-packages/airflow/example_dags/tutorial_dag.py for tasks to queue
[2023-12-08T02:41:31.701+0000] {logging_mixin.py:154} INFO - [2023-12-08T02:41:31.699+0000] {dagbag.py:536} INFO - Filling up the DagBag from /home/airflow/.local/lib/python3.8/site-packages/airflow/example_dags/tutorial_dag.py
[2023-12-08T02:41:31.750+0000] {processor.py:839} INFO - DAG(s) dict_keys(['tutorial_dag']) retrieved from /home/airflow/.local/lib/python3.8/site-packages/airflow/example_dags/tutorial_dag.py
[2023-12-08T02:41:31.930+0000] {logging_mixin.py:154} INFO - [2023-12-08T02:41:31.930+0000] {dag.py:2941} INFO - Sync 1 DAGs
[2023-12-08T02:41:32.060+0000] {logging_mixin.py:154} INFO - [2023-12-08T02:41:32.060+0000] {dag.py:3722} INFO - Setting next_dagrun for tutorial_dag to None, run_after=None
[2023-12-08T02:41:32.253+0000] {processor.py:179} INFO - Processing /home/airflow/.local/lib/python3.8/site-packages/airflow/example_dags/tutorial_dag.py took 0.619 seconds
[2023-12-08T02:42:02.785+0000] {processor.py:157} INFO - Started process (PID=355) to work on /home/airflow/.local/lib/python3.8/site-packages/airflow/example_dags/tutorial_dag.py
[2023-12-08T02:42:02.798+0000] {processor.py:829} INFO - Processing file /home/airflow/.local/lib/python3.8/site-packages/airflow/example_dags/tutorial_dag.py for tasks to queue
[2023-12-08T02:42:02.816+0000] {logging_mixin.py:154} INFO - [2023-12-08T02:42:02.814+0000] {dagbag.py:536} INFO - Filling up the DagBag from /home/airflow/.local/lib/python3.8/site-packages/airflow/example_dags/tutorial_dag.py
[2023-12-08T02:42:02.865+0000] {processor.py:839} INFO - DAG(s) dict_keys(['tutorial_dag']) retrieved from /home/airflow/.local/lib/python3.8/site-packages/airflow/example_dags/tutorial_dag.py
[2023-12-08T02:42:03.085+0000] {logging_mixin.py:154} INFO - [2023-12-08T02:42:03.084+0000] {dag.py:2941} INFO - Sync 1 DAGs
[2023-12-08T02:42:03.196+0000] {logging_mixin.py:154} INFO - [2023-12-08T02:42:03.196+0000] {dag.py:3722} INFO - Setting next_dagrun for tutorial_dag to None, run_after=None
[2023-12-08T02:42:03.395+0000] {processor.py:179} INFO - Processing /home/airflow/.local/lib/python3.8/site-packages/airflow/example_dags/tutorial_dag.py took 0.645 seconds
[2023-12-08T02:42:42.883+0000] {processor.py:157} INFO - Started process (PID=409) to work on /home/airflow/.local/lib/python3.8/site-packages/airflow/example_dags/tutorial_dag.py
[2023-12-08T02:42:42.905+0000] {processor.py:829} INFO - Processing file /home/airflow/.local/lib/python3.8/site-packages/airflow/example_dags/tutorial_dag.py for tasks to queue
[2023-12-08T02:42:42.922+0000] {logging_mixin.py:154} INFO - [2023-12-08T02:42:42.922+0000] {dagbag.py:536} INFO - Filling up the DagBag from /home/airflow/.local/lib/python3.8/site-packages/airflow/example_dags/tutorial_dag.py
[2023-12-08T02:42:42.974+0000] {processor.py:839} INFO - DAG(s) dict_keys(['tutorial_dag']) retrieved from /home/airflow/.local/lib/python3.8/site-packages/airflow/example_dags/tutorial_dag.py
[2023-12-08T02:42:43.146+0000] {logging_mixin.py:154} INFO - [2023-12-08T02:42:43.145+0000] {dag.py:2941} INFO - Sync 1 DAGs
[2023-12-08T02:42:43.290+0000] {logging_mixin.py:154} INFO - [2023-12-08T02:42:43.289+0000] {dag.py:3722} INFO - Setting next_dagrun for tutorial_dag to None, run_after=None
[2023-12-08T02:42:43.453+0000] {processor.py:179} INFO - Processing /home/airflow/.local/lib/python3.8/site-packages/airflow/example_dags/tutorial_dag.py took 0.616 seconds
[2023-12-08T02:43:15.574+0000] {processor.py:157} INFO - Started process (PID=463) to work on /home/airflow/.local/lib/python3.8/site-packages/airflow/example_dags/tutorial_dag.py
[2023-12-08T02:43:15.587+0000] {processor.py:829} INFO - Processing file /home/airflow/.local/lib/python3.8/site-packages/airflow/example_dags/tutorial_dag.py for tasks to queue
[2023-12-08T02:43:15.604+0000] {logging_mixin.py:154} INFO - [2023-12-08T02:43:15.603+0000] {dagbag.py:536} INFO - Filling up the DagBag from /home/airflow/.local/lib/python3.8/site-packages/airflow/example_dags/tutorial_dag.py
[2023-12-08T02:43:15.656+0000] {processor.py:839} INFO - DAG(s) dict_keys(['tutorial_dag']) retrieved from /home/airflow/.local/lib/python3.8/site-packages/airflow/example_dags/tutorial_dag.py
[2023-12-08T02:43:15.815+0000] {logging_mixin.py:154} INFO - [2023-12-08T02:43:15.815+0000] {dag.py:2941} INFO - Sync 1 DAGs
[2023-12-08T02:43:15.960+0000] {logging_mixin.py:154} INFO - [2023-12-08T02:43:15.959+0000] {dag.py:3722} INFO - Setting next_dagrun for tutorial_dag to None, run_after=None
[2023-12-08T02:43:16.125+0000] {processor.py:179} INFO - Processing /home/airflow/.local/lib/python3.8/site-packages/airflow/example_dags/tutorial_dag.py took 0.664 seconds
[2023-12-08T02:43:47.297+0000] {processor.py:157} INFO - Started process (PID=518) to work on /home/airflow/.local/lib/python3.8/site-packages/airflow/example_dags/tutorial_dag.py
[2023-12-08T02:43:47.301+0000] {processor.py:829} INFO - Processing file /home/airflow/.local/lib/python3.8/site-packages/airflow/example_dags/tutorial_dag.py for tasks to queue
[2023-12-08T02:43:47.308+0000] {logging_mixin.py:154} INFO - [2023-12-08T02:43:47.307+0000] {dagbag.py:536} INFO - Filling up the DagBag from /home/airflow/.local/lib/python3.8/site-packages/airflow/example_dags/tutorial_dag.py
[2023-12-08T02:43:47.324+0000] {processor.py:839} INFO - DAG(s) dict_keys(['tutorial_dag']) retrieved from /home/airflow/.local/lib/python3.8/site-packages/airflow/example_dags/tutorial_dag.py
[2023-12-08T02:43:47.391+0000] {logging_mixin.py:154} INFO - [2023-12-08T02:43:47.390+0000] {dag.py:2941} INFO - Sync 1 DAGs
[2023-12-08T02:43:47.447+0000] {logging_mixin.py:154} INFO - [2023-12-08T02:43:47.446+0000] {dag.py:3722} INFO - Setting next_dagrun for tutorial_dag to None, run_after=None
[2023-12-08T02:43:47.517+0000] {processor.py:179} INFO - Processing /home/airflow/.local/lib/python3.8/site-packages/airflow/example_dags/tutorial_dag.py took 0.243 seconds
[2023-12-08T02:44:17.657+0000] {processor.py:157} INFO - Started process (PID=571) to work on /home/airflow/.local/lib/python3.8/site-packages/airflow/example_dags/tutorial_dag.py
[2023-12-08T02:44:17.660+0000] {processor.py:829} INFO - Processing file /home/airflow/.local/lib/python3.8/site-packages/airflow/example_dags/tutorial_dag.py for tasks to queue
[2023-12-08T02:44:17.664+0000] {logging_mixin.py:154} INFO - [2023-12-08T02:44:17.663+0000] {dagbag.py:536} INFO - Filling up the DagBag from /home/airflow/.local/lib/python3.8/site-packages/airflow/example_dags/tutorial_dag.py
[2023-12-08T02:44:17.681+0000] {processor.py:839} INFO - DAG(s) dict_keys(['tutorial_dag']) retrieved from /home/airflow/.local/lib/python3.8/site-packages/airflow/example_dags/tutorial_dag.py
[2023-12-08T02:44:17.743+0000] {logging_mixin.py:154} INFO - [2023-12-08T02:44:17.742+0000] {dag.py:2941} INFO - Sync 1 DAGs
[2023-12-08T02:44:17.781+0000] {logging_mixin.py:154} INFO - [2023-12-08T02:44:17.780+0000] {dag.py:3722} INFO - Setting next_dagrun for tutorial_dag to None, run_after=None
[2023-12-08T02:44:17.837+0000] {processor.py:179} INFO - Processing /home/airflow/.local/lib/python3.8/site-packages/airflow/example_dags/tutorial_dag.py took 0.188 seconds
[2023-12-08T02:44:48.153+0000] {processor.py:157} INFO - Started process (PID=626) to work on /home/airflow/.local/lib/python3.8/site-packages/airflow/example_dags/tutorial_dag.py
[2023-12-08T02:44:48.156+0000] {processor.py:829} INFO - Processing file /home/airflow/.local/lib/python3.8/site-packages/airflow/example_dags/tutorial_dag.py for tasks to queue
[2023-12-08T02:44:48.163+0000] {logging_mixin.py:154} INFO - [2023-12-08T02:44:48.162+0000] {dagbag.py:536} INFO - Filling up the DagBag from /home/airflow/.local/lib/python3.8/site-packages/airflow/example_dags/tutorial_dag.py
[2023-12-08T02:44:48.178+0000] {processor.py:839} INFO - DAG(s) dict_keys(['tutorial_dag']) retrieved from /home/airflow/.local/lib/python3.8/site-packages/airflow/example_dags/tutorial_dag.py
[2023-12-08T02:44:48.238+0000] {logging_mixin.py:154} INFO - [2023-12-08T02:44:48.237+0000] {dag.py:2941} INFO - Sync 1 DAGs
[2023-12-08T02:44:48.293+0000] {logging_mixin.py:154} INFO - [2023-12-08T02:44:48.293+0000] {dag.py:3722} INFO - Setting next_dagrun for tutorial_dag to None, run_after=None
[2023-12-08T02:44:48.362+0000] {processor.py:179} INFO - Processing /home/airflow/.local/lib/python3.8/site-packages/airflow/example_dags/tutorial_dag.py took 0.218 seconds
[2023-12-08T02:45:18.629+0000] {processor.py:157} INFO - Started process (PID=680) to work on /home/airflow/.local/lib/python3.8/site-packages/airflow/example_dags/tutorial_dag.py
[2023-12-08T02:45:18.630+0000] {processor.py:829} INFO - Processing file /home/airflow/.local/lib/python3.8/site-packages/airflow/example_dags/tutorial_dag.py for tasks to queue
[2023-12-08T02:45:18.634+0000] {logging_mixin.py:154} INFO - [2023-12-08T02:45:18.634+0000] {dagbag.py:536} INFO - Filling up the DagBag from /home/airflow/.local/lib/python3.8/site-packages/airflow/example_dags/tutorial_dag.py
[2023-12-08T02:45:18.645+0000] {processor.py:839} INFO - DAG(s) dict_keys(['tutorial_dag']) retrieved from /home/airflow/.local/lib/python3.8/site-packages/airflow/example_dags/tutorial_dag.py
[2023-12-08T02:45:18.685+0000] {logging_mixin.py:154} INFO - [2023-12-08T02:45:18.685+0000] {dag.py:2941} INFO - Sync 1 DAGs
[2023-12-08T02:45:18.714+0000] {logging_mixin.py:154} INFO - [2023-12-08T02:45:18.714+0000] {dag.py:3722} INFO - Setting next_dagrun for tutorial_dag to None, run_after=None
[2023-12-08T02:45:18.758+0000] {processor.py:179} INFO - Processing /home/airflow/.local/lib/python3.8/site-packages/airflow/example_dags/tutorial_dag.py took 0.136 seconds
[2023-12-08T02:45:55.029+0000] {processor.py:157} INFO - Started process (PID=740) to work on /home/airflow/.local/lib/python3.8/site-packages/airflow/example_dags/tutorial_dag.py
[2023-12-08T02:45:55.055+0000] {processor.py:829} INFO - Processing file /home/airflow/.local/lib/python3.8/site-packages/airflow/example_dags/tutorial_dag.py for tasks to queue
[2023-12-08T02:45:55.072+0000] {logging_mixin.py:154} INFO - [2023-12-08T02:45:55.072+0000] {dagbag.py:536} INFO - Filling up the DagBag from /home/airflow/.local/lib/python3.8/site-packages/airflow/example_dags/tutorial_dag.py
[2023-12-08T02:45:55.134+0000] {processor.py:839} INFO - DAG(s) dict_keys(['tutorial_dag']) retrieved from /home/airflow/.local/lib/python3.8/site-packages/airflow/example_dags/tutorial_dag.py
[2023-12-08T02:45:55.353+0000] {logging_mixin.py:154} INFO - [2023-12-08T02:45:55.352+0000] {dag.py:2941} INFO - Sync 1 DAGs
[2023-12-08T02:45:55.510+0000] {logging_mixin.py:154} INFO - [2023-12-08T02:45:55.497+0000] {dag.py:3722} INFO - Setting next_dagrun for tutorial_dag to None, run_after=None
[2023-12-08T02:45:56.056+0000] {processor.py:179} INFO - Processing /home/airflow/.local/lib/python3.8/site-packages/airflow/example_dags/tutorial_dag.py took 1.059 seconds
[2023-12-08T02:46:46.976+0000] {processor.py:157} INFO - Started process (PID=804) to work on /home/airflow/.local/lib/python3.8/site-packages/airflow/example_dags/tutorial_dag.py
[2023-12-08T02:46:46.989+0000] {processor.py:829} INFO - Processing file /home/airflow/.local/lib/python3.8/site-packages/airflow/example_dags/tutorial_dag.py for tasks to queue
[2023-12-08T02:46:47.009+0000] {logging_mixin.py:154} INFO - [2023-12-08T02:46:47.008+0000] {dagbag.py:536} INFO - Filling up the DagBag from /home/airflow/.local/lib/python3.8/site-packages/airflow/example_dags/tutorial_dag.py
[2023-12-08T02:46:47.061+0000] {processor.py:839} INFO - DAG(s) dict_keys(['tutorial_dag']) retrieved from /home/airflow/.local/lib/python3.8/site-packages/airflow/example_dags/tutorial_dag.py
[2023-12-08T02:46:47.273+0000] {logging_mixin.py:154} INFO - [2023-12-08T02:46:47.272+0000] {dag.py:2941} INFO - Sync 1 DAGs
[2023-12-08T02:46:47.388+0000] {logging_mixin.py:154} INFO - [2023-12-08T02:46:47.387+0000] {dag.py:3722} INFO - Setting next_dagrun for tutorial_dag to None, run_after=None
[2023-12-08T02:46:47.720+0000] {processor.py:179} INFO - Processing /home/airflow/.local/lib/python3.8/site-packages/airflow/example_dags/tutorial_dag.py took 0.790 seconds
[2023-12-08T02:47:18.538+0000] {processor.py:157} INFO - Started process (PID=858) to work on /home/airflow/.local/lib/python3.8/site-packages/airflow/example_dags/tutorial_dag.py
[2023-12-08T02:47:18.545+0000] {processor.py:829} INFO - Processing file /home/airflow/.local/lib/python3.8/site-packages/airflow/example_dags/tutorial_dag.py for tasks to queue
[2023-12-08T02:47:18.556+0000] {logging_mixin.py:154} INFO - [2023-12-08T02:47:18.555+0000] {dagbag.py:536} INFO - Filling up the DagBag from /home/airflow/.local/lib/python3.8/site-packages/airflow/example_dags/tutorial_dag.py
[2023-12-08T02:47:18.585+0000] {processor.py:839} INFO - DAG(s) dict_keys(['tutorial_dag']) retrieved from /home/airflow/.local/lib/python3.8/site-packages/airflow/example_dags/tutorial_dag.py
[2023-12-08T02:47:18.655+0000] {logging_mixin.py:154} INFO - [2023-12-08T02:47:18.654+0000] {dag.py:2941} INFO - Sync 1 DAGs
[2023-12-08T02:47:18.689+0000] {logging_mixin.py:154} INFO - [2023-12-08T02:47:18.689+0000] {dag.py:3722} INFO - Setting next_dagrun for tutorial_dag to None, run_after=None
[2023-12-08T02:47:18.739+0000] {processor.py:179} INFO - Processing /home/airflow/.local/lib/python3.8/site-packages/airflow/example_dags/tutorial_dag.py took 0.213 seconds
[2023-12-08T02:47:49.148+0000] {processor.py:157} INFO - Started process (PID=912) to work on /home/airflow/.local/lib/python3.8/site-packages/airflow/example_dags/tutorial_dag.py
[2023-12-08T02:47:49.152+0000] {processor.py:829} INFO - Processing file /home/airflow/.local/lib/python3.8/site-packages/airflow/example_dags/tutorial_dag.py for tasks to queue
[2023-12-08T02:47:49.158+0000] {logging_mixin.py:154} INFO - [2023-12-08T02:47:49.157+0000] {dagbag.py:536} INFO - Filling up the DagBag from /home/airflow/.local/lib/python3.8/site-packages/airflow/example_dags/tutorial_dag.py
[2023-12-08T02:47:49.180+0000] {processor.py:839} INFO - DAG(s) dict_keys(['tutorial_dag']) retrieved from /home/airflow/.local/lib/python3.8/site-packages/airflow/example_dags/tutorial_dag.py
[2023-12-08T02:47:49.315+0000] {logging_mixin.py:154} INFO - [2023-12-08T02:47:49.315+0000] {dag.py:2941} INFO - Sync 1 DAGs
[2023-12-08T02:47:49.413+0000] {logging_mixin.py:154} INFO - [2023-12-08T02:47:49.412+0000] {dag.py:3722} INFO - Setting next_dagrun for tutorial_dag to None, run_after=None
[2023-12-08T02:47:49.504+0000] {processor.py:179} INFO - Processing /home/airflow/.local/lib/python3.8/site-packages/airflow/example_dags/tutorial_dag.py took 0.365 seconds
[2023-12-08T02:48:20.118+0000] {processor.py:157} INFO - Started process (PID=966) to work on /home/airflow/.local/lib/python3.8/site-packages/airflow/example_dags/tutorial_dag.py
[2023-12-08T02:48:20.121+0000] {processor.py:829} INFO - Processing file /home/airflow/.local/lib/python3.8/site-packages/airflow/example_dags/tutorial_dag.py for tasks to queue
[2023-12-08T02:48:20.126+0000] {logging_mixin.py:154} INFO - [2023-12-08T02:48:20.126+0000] {dagbag.py:536} INFO - Filling up the DagBag from /home/airflow/.local/lib/python3.8/site-packages/airflow/example_dags/tutorial_dag.py
[2023-12-08T02:48:20.142+0000] {processor.py:839} INFO - DAG(s) dict_keys(['tutorial_dag']) retrieved from /home/airflow/.local/lib/python3.8/site-packages/airflow/example_dags/tutorial_dag.py
[2023-12-08T02:48:20.215+0000] {logging_mixin.py:154} INFO - [2023-12-08T02:48:20.215+0000] {dag.py:2941} INFO - Sync 1 DAGs
[2023-12-08T02:48:20.269+0000] {logging_mixin.py:154} INFO - [2023-12-08T02:48:20.269+0000] {dag.py:3722} INFO - Setting next_dagrun for tutorial_dag to None, run_after=None
[2023-12-08T02:48:20.385+0000] {processor.py:179} INFO - Processing /home/airflow/.local/lib/python3.8/site-packages/airflow/example_dags/tutorial_dag.py took 0.276 seconds
[2023-12-08T02:48:51.122+0000] {processor.py:157} INFO - Started process (PID=1020) to work on /home/airflow/.local/lib/python3.8/site-packages/airflow/example_dags/tutorial_dag.py
[2023-12-08T02:48:51.133+0000] {processor.py:829} INFO - Processing file /home/airflow/.local/lib/python3.8/site-packages/airflow/example_dags/tutorial_dag.py for tasks to queue
[2023-12-08T02:48:51.140+0000] {logging_mixin.py:154} INFO - [2023-12-08T02:48:51.139+0000] {dagbag.py:536} INFO - Filling up the DagBag from /home/airflow/.local/lib/python3.8/site-packages/airflow/example_dags/tutorial_dag.py
[2023-12-08T02:48:51.169+0000] {processor.py:839} INFO - DAG(s) dict_keys(['tutorial_dag']) retrieved from /home/airflow/.local/lib/python3.8/site-packages/airflow/example_dags/tutorial_dag.py
[2023-12-08T02:48:51.239+0000] {logging_mixin.py:154} INFO - [2023-12-08T02:48:51.238+0000] {dag.py:2941} INFO - Sync 1 DAGs
[2023-12-08T02:48:51.287+0000] {logging_mixin.py:154} INFO - [2023-12-08T02:48:51.286+0000] {dag.py:3722} INFO - Setting next_dagrun for tutorial_dag to None, run_after=None
[2023-12-08T02:48:51.355+0000] {processor.py:179} INFO - Processing /home/airflow/.local/lib/python3.8/site-packages/airflow/example_dags/tutorial_dag.py took 0.251 seconds
[2023-12-08T02:49:21.562+0000] {processor.py:157} INFO - Started process (PID=1073) to work on /home/airflow/.local/lib/python3.8/site-packages/airflow/example_dags/tutorial_dag.py
[2023-12-08T02:49:21.564+0000] {processor.py:829} INFO - Processing file /home/airflow/.local/lib/python3.8/site-packages/airflow/example_dags/tutorial_dag.py for tasks to queue
[2023-12-08T02:49:21.568+0000] {logging_mixin.py:154} INFO - [2023-12-08T02:49:21.568+0000] {dagbag.py:536} INFO - Filling up the DagBag from /home/airflow/.local/lib/python3.8/site-packages/airflow/example_dags/tutorial_dag.py
[2023-12-08T02:49:21.582+0000] {processor.py:839} INFO - DAG(s) dict_keys(['tutorial_dag']) retrieved from /home/airflow/.local/lib/python3.8/site-packages/airflow/example_dags/tutorial_dag.py
[2023-12-08T02:49:21.638+0000] {logging_mixin.py:154} INFO - [2023-12-08T02:49:21.637+0000] {dag.py:2941} INFO - Sync 1 DAGs
[2023-12-08T02:49:21.910+0000] {logging_mixin.py:154} INFO - [2023-12-08T02:49:21.909+0000] {dag.py:3722} INFO - Setting next_dagrun for tutorial_dag to None, run_after=None
[2023-12-08T02:49:21.950+0000] {processor.py:179} INFO - Processing /home/airflow/.local/lib/python3.8/site-packages/airflow/example_dags/tutorial_dag.py took 0.398 seconds
[2023-12-08T02:49:52.278+0000] {processor.py:157} INFO - Started process (PID=1127) to work on /home/airflow/.local/lib/python3.8/site-packages/airflow/example_dags/tutorial_dag.py
[2023-12-08T02:49:52.280+0000] {processor.py:829} INFO - Processing file /home/airflow/.local/lib/python3.8/site-packages/airflow/example_dags/tutorial_dag.py for tasks to queue
[2023-12-08T02:49:52.301+0000] {logging_mixin.py:154} INFO - [2023-12-08T02:49:52.295+0000] {dagbag.py:536} INFO - Filling up the DagBag from /home/airflow/.local/lib/python3.8/site-packages/airflow/example_dags/tutorial_dag.py
[2023-12-08T02:49:52.335+0000] {processor.py:839} INFO - DAG(s) dict_keys(['tutorial_dag']) retrieved from /home/airflow/.local/lib/python3.8/site-packages/airflow/example_dags/tutorial_dag.py
[2023-12-08T02:49:52.432+0000] {logging_mixin.py:154} INFO - [2023-12-08T02:49:52.431+0000] {dag.py:2941} INFO - Sync 1 DAGs
[2023-12-08T02:49:52.506+0000] {logging_mixin.py:154} INFO - [2023-12-08T02:49:52.505+0000] {dag.py:3722} INFO - Setting next_dagrun for tutorial_dag to None, run_after=None
[2023-12-08T02:49:52.612+0000] {processor.py:179} INFO - Processing /home/airflow/.local/lib/python3.8/site-packages/airflow/example_dags/tutorial_dag.py took 0.364 seconds
[2023-12-08T02:50:22.776+0000] {processor.py:157} INFO - Started process (PID=1182) to work on /home/airflow/.local/lib/python3.8/site-packages/airflow/example_dags/tutorial_dag.py
[2023-12-08T02:50:22.781+0000] {processor.py:829} INFO - Processing file /home/airflow/.local/lib/python3.8/site-packages/airflow/example_dags/tutorial_dag.py for tasks to queue
[2023-12-08T02:50:22.786+0000] {logging_mixin.py:154} INFO - [2023-12-08T02:50:22.785+0000] {dagbag.py:536} INFO - Filling up the DagBag from /home/airflow/.local/lib/python3.8/site-packages/airflow/example_dags/tutorial_dag.py
[2023-12-08T02:50:22.806+0000] {processor.py:839} INFO - DAG(s) dict_keys(['tutorial_dag']) retrieved from /home/airflow/.local/lib/python3.8/site-packages/airflow/example_dags/tutorial_dag.py
[2023-12-08T02:50:22.885+0000] {logging_mixin.py:154} INFO - [2023-12-08T02:50:22.885+0000] {dag.py:2941} INFO - Sync 1 DAGs
[2023-12-08T02:50:23.001+0000] {logging_mixin.py:154} INFO - [2023-12-08T02:50:23.001+0000] {dag.py:3722} INFO - Setting next_dagrun for tutorial_dag to None, run_after=None
[2023-12-08T02:50:23.168+0000] {processor.py:179} INFO - Processing /home/airflow/.local/lib/python3.8/site-packages/airflow/example_dags/tutorial_dag.py took 0.405 seconds
[2023-12-08T02:50:53.432+0000] {processor.py:157} INFO - Started process (PID=1235) to work on /home/airflow/.local/lib/python3.8/site-packages/airflow/example_dags/tutorial_dag.py
[2023-12-08T02:50:53.435+0000] {processor.py:829} INFO - Processing file /home/airflow/.local/lib/python3.8/site-packages/airflow/example_dags/tutorial_dag.py for tasks to queue
[2023-12-08T02:50:53.442+0000] {logging_mixin.py:154} INFO - [2023-12-08T02:50:53.441+0000] {dagbag.py:536} INFO - Filling up the DagBag from /home/airflow/.local/lib/python3.8/site-packages/airflow/example_dags/tutorial_dag.py
[2023-12-08T02:50:53.458+0000] {processor.py:839} INFO - DAG(s) dict_keys(['tutorial_dag']) retrieved from /home/airflow/.local/lib/python3.8/site-packages/airflow/example_dags/tutorial_dag.py
[2023-12-08T02:50:53.741+0000] {logging_mixin.py:154} INFO - [2023-12-08T02:50:53.740+0000] {dag.py:2941} INFO - Sync 1 DAGs
[2023-12-08T02:50:53.760+0000] {logging_mixin.py:154} INFO - [2023-12-08T02:50:53.760+0000] {dag.py:3722} INFO - Setting next_dagrun for tutorial_dag to None, run_after=None
[2023-12-08T02:50:53.794+0000] {processor.py:179} INFO - Processing /home/airflow/.local/lib/python3.8/site-packages/airflow/example_dags/tutorial_dag.py took 0.377 seconds
[2023-12-08T02:51:25.500+0000] {processor.py:157} INFO - Started process (PID=1289) to work on /home/airflow/.local/lib/python3.8/site-packages/airflow/example_dags/tutorial_dag.py
[2023-12-08T02:51:25.506+0000] {processor.py:829} INFO - Processing file /home/airflow/.local/lib/python3.8/site-packages/airflow/example_dags/tutorial_dag.py for tasks to queue
[2023-12-08T02:51:25.512+0000] {logging_mixin.py:154} INFO - [2023-12-08T02:51:25.511+0000] {dagbag.py:536} INFO - Filling up the DagBag from /home/airflow/.local/lib/python3.8/site-packages/airflow/example_dags/tutorial_dag.py
[2023-12-08T02:51:25.531+0000] {processor.py:839} INFO - DAG(s) dict_keys(['tutorial_dag']) retrieved from /home/airflow/.local/lib/python3.8/site-packages/airflow/example_dags/tutorial_dag.py
[2023-12-08T02:51:25.629+0000] {logging_mixin.py:154} INFO - [2023-12-08T02:51:25.629+0000] {dag.py:2941} INFO - Sync 1 DAGs
[2023-12-08T02:51:26.243+0000] {logging_mixin.py:154} INFO - [2023-12-08T02:51:26.243+0000] {dag.py:3722} INFO - Setting next_dagrun for tutorial_dag to None, run_after=None
[2023-12-08T02:51:26.302+0000] {processor.py:179} INFO - Processing /home/airflow/.local/lib/python3.8/site-packages/airflow/example_dags/tutorial_dag.py took 0.814 seconds
[2023-12-08T02:51:56.429+0000] {processor.py:157} INFO - Started process (PID=1343) to work on /home/airflow/.local/lib/python3.8/site-packages/airflow/example_dags/tutorial_dag.py
[2023-12-08T02:51:56.431+0000] {processor.py:829} INFO - Processing file /home/airflow/.local/lib/python3.8/site-packages/airflow/example_dags/tutorial_dag.py for tasks to queue
[2023-12-08T02:51:56.437+0000] {logging_mixin.py:154} INFO - [2023-12-08T02:51:56.436+0000] {dagbag.py:536} INFO - Filling up the DagBag from /home/airflow/.local/lib/python3.8/site-packages/airflow/example_dags/tutorial_dag.py
[2023-12-08T02:51:56.454+0000] {processor.py:839} INFO - DAG(s) dict_keys(['tutorial_dag']) retrieved from /home/airflow/.local/lib/python3.8/site-packages/airflow/example_dags/tutorial_dag.py
[2023-12-08T02:51:56.497+0000] {logging_mixin.py:154} INFO - [2023-12-08T02:51:56.497+0000] {dag.py:2941} INFO - Sync 1 DAGs
[2023-12-08T02:51:56.519+0000] {logging_mixin.py:154} INFO - [2023-12-08T02:51:56.518+0000] {dag.py:3722} INFO - Setting next_dagrun for tutorial_dag to None, run_after=None
[2023-12-08T02:51:56.551+0000] {processor.py:179} INFO - Processing /home/airflow/.local/lib/python3.8/site-packages/airflow/example_dags/tutorial_dag.py took 0.130 seconds
[2023-12-08T02:52:27.017+0000] {processor.py:157} INFO - Started process (PID=1396) to work on /home/airflow/.local/lib/python3.8/site-packages/airflow/example_dags/tutorial_dag.py
[2023-12-08T02:52:27.019+0000] {processor.py:829} INFO - Processing file /home/airflow/.local/lib/python3.8/site-packages/airflow/example_dags/tutorial_dag.py for tasks to queue
[2023-12-08T02:52:27.024+0000] {logging_mixin.py:154} INFO - [2023-12-08T02:52:27.023+0000] {dagbag.py:536} INFO - Filling up the DagBag from /home/airflow/.local/lib/python3.8/site-packages/airflow/example_dags/tutorial_dag.py
[2023-12-08T02:52:27.039+0000] {processor.py:839} INFO - DAG(s) dict_keys(['tutorial_dag']) retrieved from /home/airflow/.local/lib/python3.8/site-packages/airflow/example_dags/tutorial_dag.py
[2023-12-08T02:52:27.088+0000] {logging_mixin.py:154} INFO - [2023-12-08T02:52:27.088+0000] {dag.py:2941} INFO - Sync 1 DAGs
[2023-12-08T02:52:27.118+0000] {logging_mixin.py:154} INFO - [2023-12-08T02:52:27.117+0000] {dag.py:3722} INFO - Setting next_dagrun for tutorial_dag to None, run_after=None
[2023-12-08T02:52:27.165+0000] {processor.py:179} INFO - Processing /home/airflow/.local/lib/python3.8/site-packages/airflow/example_dags/tutorial_dag.py took 0.157 seconds
[2023-12-08T02:52:57.462+0000] {processor.py:157} INFO - Started process (PID=1450) to work on /home/airflow/.local/lib/python3.8/site-packages/airflow/example_dags/tutorial_dag.py
[2023-12-08T02:52:57.464+0000] {processor.py:829} INFO - Processing file /home/airflow/.local/lib/python3.8/site-packages/airflow/example_dags/tutorial_dag.py for tasks to queue
[2023-12-08T02:52:57.469+0000] {logging_mixin.py:154} INFO - [2023-12-08T02:52:57.468+0000] {dagbag.py:536} INFO - Filling up the DagBag from /home/airflow/.local/lib/python3.8/site-packages/airflow/example_dags/tutorial_dag.py
[2023-12-08T02:52:57.482+0000] {processor.py:839} INFO - DAG(s) dict_keys(['tutorial_dag']) retrieved from /home/airflow/.local/lib/python3.8/site-packages/airflow/example_dags/tutorial_dag.py
[2023-12-08T02:52:57.529+0000] {logging_mixin.py:154} INFO - [2023-12-08T02:52:57.529+0000] {dag.py:2941} INFO - Sync 1 DAGs
[2023-12-08T02:52:57.567+0000] {logging_mixin.py:154} INFO - [2023-12-08T02:52:57.566+0000] {dag.py:3722} INFO - Setting next_dagrun for tutorial_dag to None, run_after=None
[2023-12-08T02:52:57.616+0000] {processor.py:179} INFO - Processing /home/airflow/.local/lib/python3.8/site-packages/airflow/example_dags/tutorial_dag.py took 0.165 seconds
[2023-12-08T02:53:28.206+0000] {processor.py:157} INFO - Started process (PID=1505) to work on /home/airflow/.local/lib/python3.8/site-packages/airflow/example_dags/tutorial_dag.py
[2023-12-08T02:53:28.208+0000] {processor.py:829} INFO - Processing file /home/airflow/.local/lib/python3.8/site-packages/airflow/example_dags/tutorial_dag.py for tasks to queue
[2023-12-08T02:53:28.215+0000] {logging_mixin.py:154} INFO - [2023-12-08T02:53:28.215+0000] {dagbag.py:536} INFO - Filling up the DagBag from /home/airflow/.local/lib/python3.8/site-packages/airflow/example_dags/tutorial_dag.py
[2023-12-08T02:53:28.228+0000] {processor.py:839} INFO - DAG(s) dict_keys(['tutorial_dag']) retrieved from /home/airflow/.local/lib/python3.8/site-packages/airflow/example_dags/tutorial_dag.py
[2023-12-08T02:53:28.272+0000] {logging_mixin.py:154} INFO - [2023-12-08T02:53:28.272+0000] {dag.py:2941} INFO - Sync 1 DAGs
[2023-12-08T02:53:28.309+0000] {logging_mixin.py:154} INFO - [2023-12-08T02:53:28.308+0000] {dag.py:3722} INFO - Setting next_dagrun for tutorial_dag to None, run_after=None
[2023-12-08T02:53:28.372+0000] {processor.py:179} INFO - Processing /home/airflow/.local/lib/python3.8/site-packages/airflow/example_dags/tutorial_dag.py took 0.172 seconds
[2023-12-08T02:53:58.716+0000] {processor.py:157} INFO - Started process (PID=1566) to work on /home/airflow/.local/lib/python3.8/site-packages/airflow/example_dags/tutorial_dag.py
[2023-12-08T02:53:58.719+0000] {processor.py:829} INFO - Processing file /home/airflow/.local/lib/python3.8/site-packages/airflow/example_dags/tutorial_dag.py for tasks to queue
[2023-12-08T02:53:58.725+0000] {logging_mixin.py:154} INFO - [2023-12-08T02:53:58.724+0000] {dagbag.py:536} INFO - Filling up the DagBag from /home/airflow/.local/lib/python3.8/site-packages/airflow/example_dags/tutorial_dag.py
[2023-12-08T02:53:58.736+0000] {processor.py:839} INFO - DAG(s) dict_keys(['tutorial_dag']) retrieved from /home/airflow/.local/lib/python3.8/site-packages/airflow/example_dags/tutorial_dag.py
[2023-12-08T02:53:58.787+0000] {logging_mixin.py:154} INFO - [2023-12-08T02:53:58.787+0000] {dag.py:2941} INFO - Sync 1 DAGs
[2023-12-08T02:53:58.822+0000] {logging_mixin.py:154} INFO - [2023-12-08T02:53:58.822+0000] {dag.py:3722} INFO - Setting next_dagrun for tutorial_dag to None, run_after=None
[2023-12-08T02:53:58.855+0000] {processor.py:179} INFO - Processing /home/airflow/.local/lib/python3.8/site-packages/airflow/example_dags/tutorial_dag.py took 0.148 seconds
[2023-12-08T02:54:30.542+0000] {processor.py:157} INFO - Started process (PID=1618) to work on /home/airflow/.local/lib/python3.8/site-packages/airflow/example_dags/tutorial_dag.py
[2023-12-08T02:54:30.545+0000] {processor.py:829} INFO - Processing file /home/airflow/.local/lib/python3.8/site-packages/airflow/example_dags/tutorial_dag.py for tasks to queue
[2023-12-08T02:54:30.570+0000] {logging_mixin.py:154} INFO - [2023-12-08T02:54:30.569+0000] {dagbag.py:536} INFO - Filling up the DagBag from /home/airflow/.local/lib/python3.8/site-packages/airflow/example_dags/tutorial_dag.py
[2023-12-08T02:54:30.633+0000] {processor.py:839} INFO - DAG(s) dict_keys(['tutorial_dag']) retrieved from /home/airflow/.local/lib/python3.8/site-packages/airflow/example_dags/tutorial_dag.py
[2023-12-08T02:54:30.808+0000] {logging_mixin.py:154} INFO - [2023-12-08T02:54:30.807+0000] {dag.py:2941} INFO - Sync 1 DAGs
[2023-12-08T02:54:30.879+0000] {logging_mixin.py:154} INFO - [2023-12-08T02:54:30.878+0000] {dag.py:3722} INFO - Setting next_dagrun for tutorial_dag to None, run_after=None
[2023-12-08T02:54:30.936+0000] {processor.py:179} INFO - Processing /home/airflow/.local/lib/python3.8/site-packages/airflow/example_dags/tutorial_dag.py took 0.406 seconds
[2023-12-08T02:55:01.171+0000] {processor.py:157} INFO - Started process (PID=1672) to work on /home/airflow/.local/lib/python3.8/site-packages/airflow/example_dags/tutorial_dag.py
[2023-12-08T02:55:01.175+0000] {processor.py:829} INFO - Processing file /home/airflow/.local/lib/python3.8/site-packages/airflow/example_dags/tutorial_dag.py for tasks to queue
[2023-12-08T02:55:01.179+0000] {logging_mixin.py:154} INFO - [2023-12-08T02:55:01.179+0000] {dagbag.py:536} INFO - Filling up the DagBag from /home/airflow/.local/lib/python3.8/site-packages/airflow/example_dags/tutorial_dag.py
[2023-12-08T02:55:01.195+0000] {processor.py:839} INFO - DAG(s) dict_keys(['tutorial_dag']) retrieved from /home/airflow/.local/lib/python3.8/site-packages/airflow/example_dags/tutorial_dag.py
[2023-12-08T02:55:01.244+0000] {logging_mixin.py:154} INFO - [2023-12-08T02:55:01.244+0000] {dag.py:2941} INFO - Sync 1 DAGs
[2023-12-08T02:55:01.278+0000] {logging_mixin.py:154} INFO - [2023-12-08T02:55:01.278+0000] {dag.py:3722} INFO - Setting next_dagrun for tutorial_dag to None, run_after=None
[2023-12-08T02:55:01.320+0000] {processor.py:179} INFO - Processing /home/airflow/.local/lib/python3.8/site-packages/airflow/example_dags/tutorial_dag.py took 0.158 seconds
[2023-12-08T02:55:32.492+0000] {processor.py:157} INFO - Started process (PID=1727) to work on /home/airflow/.local/lib/python3.8/site-packages/airflow/example_dags/tutorial_dag.py
[2023-12-08T02:55:32.520+0000] {processor.py:829} INFO - Processing file /home/airflow/.local/lib/python3.8/site-packages/airflow/example_dags/tutorial_dag.py for tasks to queue
[2023-12-08T02:55:32.540+0000] {logging_mixin.py:154} INFO - [2023-12-08T02:55:32.528+0000] {dagbag.py:536} INFO - Filling up the DagBag from /home/airflow/.local/lib/python3.8/site-packages/airflow/example_dags/tutorial_dag.py
[2023-12-08T02:55:32.593+0000] {processor.py:839} INFO - DAG(s) dict_keys(['tutorial_dag']) retrieved from /home/airflow/.local/lib/python3.8/site-packages/airflow/example_dags/tutorial_dag.py
[2023-12-08T02:55:32.786+0000] {logging_mixin.py:154} INFO - [2023-12-08T02:55:32.785+0000] {dag.py:2941} INFO - Sync 1 DAGs
[2023-12-08T02:55:32.930+0000] {logging_mixin.py:154} INFO - [2023-12-08T02:55:32.917+0000] {dag.py:3722} INFO - Setting next_dagrun for tutorial_dag to None, run_after=None
[2023-12-08T02:55:33.106+0000] {processor.py:179} INFO - Processing /home/airflow/.local/lib/python3.8/site-packages/airflow/example_dags/tutorial_dag.py took 0.647 seconds
[2023-12-08T02:56:03.643+0000] {processor.py:157} INFO - Started process (PID=1781) to work on /home/airflow/.local/lib/python3.8/site-packages/airflow/example_dags/tutorial_dag.py
[2023-12-08T02:56:03.655+0000] {processor.py:829} INFO - Processing file /home/airflow/.local/lib/python3.8/site-packages/airflow/example_dags/tutorial_dag.py for tasks to queue
[2023-12-08T02:56:03.659+0000] {logging_mixin.py:154} INFO - [2023-12-08T02:56:03.659+0000] {dagbag.py:536} INFO - Filling up the DagBag from /home/airflow/.local/lib/python3.8/site-packages/airflow/example_dags/tutorial_dag.py
[2023-12-08T02:56:03.671+0000] {processor.py:839} INFO - DAG(s) dict_keys(['tutorial_dag']) retrieved from /home/airflow/.local/lib/python3.8/site-packages/airflow/example_dags/tutorial_dag.py
[2023-12-08T02:56:03.716+0000] {logging_mixin.py:154} INFO - [2023-12-08T02:56:03.716+0000] {dag.py:2941} INFO - Sync 1 DAGs
[2023-12-08T02:56:03.751+0000] {logging_mixin.py:154} INFO - [2023-12-08T02:56:03.750+0000] {dag.py:3722} INFO - Setting next_dagrun for tutorial_dag to None, run_after=None
[2023-12-08T02:56:03.800+0000] {processor.py:179} INFO - Processing /home/airflow/.local/lib/python3.8/site-packages/airflow/example_dags/tutorial_dag.py took 0.165 seconds
[2023-12-08T02:56:34.160+0000] {processor.py:157} INFO - Started process (PID=1835) to work on /home/airflow/.local/lib/python3.8/site-packages/airflow/example_dags/tutorial_dag.py
[2023-12-08T02:56:34.167+0000] {processor.py:829} INFO - Processing file /home/airflow/.local/lib/python3.8/site-packages/airflow/example_dags/tutorial_dag.py for tasks to queue
[2023-12-08T02:56:34.173+0000] {logging_mixin.py:154} INFO - [2023-12-08T02:56:34.172+0000] {dagbag.py:536} INFO - Filling up the DagBag from /home/airflow/.local/lib/python3.8/site-packages/airflow/example_dags/tutorial_dag.py
[2023-12-08T02:56:34.193+0000] {processor.py:839} INFO - DAG(s) dict_keys(['tutorial_dag']) retrieved from /home/airflow/.local/lib/python3.8/site-packages/airflow/example_dags/tutorial_dag.py
[2023-12-08T02:56:34.241+0000] {logging_mixin.py:154} INFO - [2023-12-08T02:56:34.240+0000] {dag.py:2941} INFO - Sync 1 DAGs
[2023-12-08T02:56:34.272+0000] {logging_mixin.py:154} INFO - [2023-12-08T02:56:34.271+0000] {dag.py:3722} INFO - Setting next_dagrun for tutorial_dag to None, run_after=None
[2023-12-08T02:56:34.324+0000] {processor.py:179} INFO - Processing /home/airflow/.local/lib/python3.8/site-packages/airflow/example_dags/tutorial_dag.py took 0.178 seconds
[2023-12-08T02:57:04.880+0000] {processor.py:157} INFO - Started process (PID=1890) to work on /home/airflow/.local/lib/python3.8/site-packages/airflow/example_dags/tutorial_dag.py
[2023-12-08T02:57:04.882+0000] {processor.py:829} INFO - Processing file /home/airflow/.local/lib/python3.8/site-packages/airflow/example_dags/tutorial_dag.py for tasks to queue
[2023-12-08T02:57:04.897+0000] {logging_mixin.py:154} INFO - [2023-12-08T02:57:04.896+0000] {dagbag.py:536} INFO - Filling up the DagBag from /home/airflow/.local/lib/python3.8/site-packages/airflow/example_dags/tutorial_dag.py
[2023-12-08T02:57:04.936+0000] {processor.py:839} INFO - DAG(s) dict_keys(['tutorial_dag']) retrieved from /home/airflow/.local/lib/python3.8/site-packages/airflow/example_dags/tutorial_dag.py
[2023-12-08T02:57:05.088+0000] {logging_mixin.py:154} INFO - [2023-12-08T02:57:05.087+0000] {dag.py:2941} INFO - Sync 1 DAGs
[2023-12-08T02:57:05.155+0000] {logging_mixin.py:154} INFO - [2023-12-08T02:57:05.155+0000] {dag.py:3722} INFO - Setting next_dagrun for tutorial_dag to None, run_after=None
[2023-12-08T02:57:05.273+0000] {processor.py:179} INFO - Processing /home/airflow/.local/lib/python3.8/site-packages/airflow/example_dags/tutorial_dag.py took 0.404 seconds
